[2024-01-29T19:54:51.460+0100] {processor.py:161} INFO - Started process (PID=7895) to work on /home/ubuntu/.local/lib/python3.10/site-packages/airflow/example_dags/example_sensor_decorator.py
[2024-01-29T19:54:51.461+0100] {processor.py:830} INFO - Processing file /home/ubuntu/.local/lib/python3.10/site-packages/airflow/example_dags/example_sensor_decorator.py for tasks to queue
[2024-01-29T19:54:51.462+0100] {logging_mixin.py:188} INFO - [2024-01-29T19:54:51.462+0100] {dagbag.py:538} INFO - Filling up the DagBag from /home/ubuntu/.local/lib/python3.10/site-packages/airflow/example_dags/example_sensor_decorator.py
[2024-01-29T19:54:51.470+0100] {processor.py:840} INFO - DAG(s) 'example_sensor_decorator' retrieved from /home/ubuntu/.local/lib/python3.10/site-packages/airflow/example_dags/example_sensor_decorator.py
[2024-01-29T19:54:51.594+0100] {logging_mixin.py:188} INFO - [2024-01-29T19:54:51.593+0100] {dag.py:3033} INFO - Sync 1 DAGs
[2024-01-29T19:54:51.608+0100] {logging_mixin.py:188} INFO - [2024-01-29T19:54:51.608+0100] {dag.py:3820} INFO - Setting next_dagrun for example_sensor_decorator to None, run_after=None
[2024-01-29T19:54:51.656+0100] {processor.py:183} INFO - Processing /home/ubuntu/.local/lib/python3.10/site-packages/airflow/example_dags/example_sensor_decorator.py took 0.200 seconds
[2024-01-29T19:56:03.305+0100] {processor.py:161} INFO - Started process (PID=7966) to work on /home/ubuntu/.local/lib/python3.10/site-packages/airflow/example_dags/example_sensor_decorator.py
[2024-01-29T19:56:03.312+0100] {processor.py:830} INFO - Processing file /home/ubuntu/.local/lib/python3.10/site-packages/airflow/example_dags/example_sensor_decorator.py for tasks to queue
[2024-01-29T19:56:03.314+0100] {logging_mixin.py:188} INFO - [2024-01-29T19:56:03.313+0100] {dagbag.py:538} INFO - Filling up the DagBag from /home/ubuntu/.local/lib/python3.10/site-packages/airflow/example_dags/example_sensor_decorator.py
[2024-01-29T19:56:03.361+0100] {processor.py:840} INFO - DAG(s) 'example_sensor_decorator' retrieved from /home/ubuntu/.local/lib/python3.10/site-packages/airflow/example_dags/example_sensor_decorator.py
[2024-01-29T19:56:03.471+0100] {logging_mixin.py:188} INFO - [2024-01-29T19:56:03.471+0100] {dag.py:3033} INFO - Sync 1 DAGs
[2024-01-29T19:56:03.493+0100] {logging_mixin.py:188} INFO - [2024-01-29T19:56:03.493+0100] {dag.py:3820} INFO - Setting next_dagrun for example_sensor_decorator to None, run_after=None
[2024-01-29T19:56:03.537+0100] {processor.py:183} INFO - Processing /home/ubuntu/.local/lib/python3.10/site-packages/airflow/example_dags/example_sensor_decorator.py took 0.238 seconds
[2024-01-29T19:57:14.450+0100] {processor.py:161} INFO - Started process (PID=8034) to work on /home/ubuntu/.local/lib/python3.10/site-packages/airflow/example_dags/example_sensor_decorator.py
[2024-01-29T19:57:14.452+0100] {processor.py:830} INFO - Processing file /home/ubuntu/.local/lib/python3.10/site-packages/airflow/example_dags/example_sensor_decorator.py for tasks to queue
[2024-01-29T19:57:14.454+0100] {logging_mixin.py:188} INFO - [2024-01-29T19:57:14.453+0100] {dagbag.py:538} INFO - Filling up the DagBag from /home/ubuntu/.local/lib/python3.10/site-packages/airflow/example_dags/example_sensor_decorator.py
[2024-01-29T19:57:14.468+0100] {processor.py:840} INFO - DAG(s) 'example_sensor_decorator' retrieved from /home/ubuntu/.local/lib/python3.10/site-packages/airflow/example_dags/example_sensor_decorator.py
[2024-01-29T19:57:14.532+0100] {logging_mixin.py:188} INFO - [2024-01-29T19:57:14.531+0100] {dag.py:3033} INFO - Sync 1 DAGs
[2024-01-29T19:57:14.750+0100] {logging_mixin.py:188} INFO - [2024-01-29T19:57:14.750+0100] {dag.py:3820} INFO - Setting next_dagrun for example_sensor_decorator to None, run_after=None
[2024-01-29T19:57:14.953+0100] {processor.py:183} INFO - Processing /home/ubuntu/.local/lib/python3.10/site-packages/airflow/example_dags/example_sensor_decorator.py took 0.508 seconds
[2024-01-29T19:58:22.418+0100] {processor.py:161} INFO - Started process (PID=8108) to work on /home/ubuntu/.local/lib/python3.10/site-packages/airflow/example_dags/example_sensor_decorator.py
[2024-01-29T19:58:22.420+0100] {processor.py:830} INFO - Processing file /home/ubuntu/.local/lib/python3.10/site-packages/airflow/example_dags/example_sensor_decorator.py for tasks to queue
[2024-01-29T19:58:22.421+0100] {logging_mixin.py:188} INFO - [2024-01-29T19:58:22.420+0100] {dagbag.py:538} INFO - Filling up the DagBag from /home/ubuntu/.local/lib/python3.10/site-packages/airflow/example_dags/example_sensor_decorator.py
[2024-01-29T19:58:22.427+0100] {processor.py:840} INFO - DAG(s) 'example_sensor_decorator' retrieved from /home/ubuntu/.local/lib/python3.10/site-packages/airflow/example_dags/example_sensor_decorator.py
[2024-01-29T19:58:22.445+0100] {logging_mixin.py:188} INFO - [2024-01-29T19:58:22.445+0100] {dag.py:3033} INFO - Sync 1 DAGs
[2024-01-29T19:58:22.457+0100] {logging_mixin.py:188} INFO - [2024-01-29T19:58:22.456+0100] {dag.py:3820} INFO - Setting next_dagrun for example_sensor_decorator to None, run_after=None
[2024-01-29T19:58:22.500+0100] {processor.py:183} INFO - Processing /home/ubuntu/.local/lib/python3.10/site-packages/airflow/example_dags/example_sensor_decorator.py took 0.087 seconds
[2024-01-29T19:59:12.011+0100] {processor.py:161} INFO - Started process (PID=8165) to work on /home/ubuntu/.local/lib/python3.10/site-packages/airflow/example_dags/example_sensor_decorator.py
[2024-01-29T19:59:12.013+0100] {processor.py:830} INFO - Processing file /home/ubuntu/.local/lib/python3.10/site-packages/airflow/example_dags/example_sensor_decorator.py for tasks to queue
[2024-01-29T19:59:12.014+0100] {logging_mixin.py:188} INFO - [2024-01-29T19:59:12.014+0100] {dagbag.py:538} INFO - Filling up the DagBag from /home/ubuntu/.local/lib/python3.10/site-packages/airflow/example_dags/example_sensor_decorator.py
[2024-01-29T19:59:12.022+0100] {processor.py:840} INFO - DAG(s) 'example_sensor_decorator' retrieved from /home/ubuntu/.local/lib/python3.10/site-packages/airflow/example_dags/example_sensor_decorator.py
[2024-01-29T19:59:12.041+0100] {logging_mixin.py:188} INFO - [2024-01-29T19:59:12.041+0100] {dag.py:3033} INFO - Sync 1 DAGs
[2024-01-29T19:59:12.053+0100] {logging_mixin.py:188} INFO - [2024-01-29T19:59:12.053+0100] {dag.py:3820} INFO - Setting next_dagrun for example_sensor_decorator to None, run_after=None
[2024-01-29T19:59:12.088+0100] {processor.py:183} INFO - Processing /home/ubuntu/.local/lib/python3.10/site-packages/airflow/example_dags/example_sensor_decorator.py took 0.082 seconds
[2024-01-29T20:00:51.694+0100] {processor.py:161} INFO - Started process (PID=8269) to work on /home/ubuntu/.local/lib/python3.10/site-packages/airflow/example_dags/example_sensor_decorator.py
[2024-01-29T20:00:51.696+0100] {processor.py:830} INFO - Processing file /home/ubuntu/.local/lib/python3.10/site-packages/airflow/example_dags/example_sensor_decorator.py for tasks to queue
[2024-01-29T20:00:51.697+0100] {logging_mixin.py:188} INFO - [2024-01-29T20:00:51.697+0100] {dagbag.py:538} INFO - Filling up the DagBag from /home/ubuntu/.local/lib/python3.10/site-packages/airflow/example_dags/example_sensor_decorator.py
[2024-01-29T20:00:51.710+0100] {processor.py:840} INFO - DAG(s) 'example_sensor_decorator' retrieved from /home/ubuntu/.local/lib/python3.10/site-packages/airflow/example_dags/example_sensor_decorator.py
[2024-01-29T20:00:51.730+0100] {logging_mixin.py:188} INFO - [2024-01-29T20:00:51.730+0100] {dag.py:3033} INFO - Sync 1 DAGs
[2024-01-29T20:00:51.746+0100] {logging_mixin.py:188} INFO - [2024-01-29T20:00:51.746+0100] {dag.py:3820} INFO - Setting next_dagrun for example_sensor_decorator to None, run_after=None
[2024-01-29T20:00:51.775+0100] {processor.py:183} INFO - Processing /home/ubuntu/.local/lib/python3.10/site-packages/airflow/example_dags/example_sensor_decorator.py took 0.086 seconds
[2024-01-29T20:01:43.713+0100] {processor.py:161} INFO - Started process (PID=8328) to work on /home/ubuntu/.local/lib/python3.10/site-packages/airflow/example_dags/example_sensor_decorator.py
[2024-01-29T20:01:43.715+0100] {processor.py:830} INFO - Processing file /home/ubuntu/.local/lib/python3.10/site-packages/airflow/example_dags/example_sensor_decorator.py for tasks to queue
[2024-01-29T20:01:43.717+0100] {logging_mixin.py:188} INFO - [2024-01-29T20:01:43.717+0100] {dagbag.py:538} INFO - Filling up the DagBag from /home/ubuntu/.local/lib/python3.10/site-packages/airflow/example_dags/example_sensor_decorator.py
[2024-01-29T20:01:43.728+0100] {processor.py:840} INFO - DAG(s) 'example_sensor_decorator' retrieved from /home/ubuntu/.local/lib/python3.10/site-packages/airflow/example_dags/example_sensor_decorator.py
[2024-01-29T20:01:43.758+0100] {logging_mixin.py:188} INFO - [2024-01-29T20:01:43.758+0100] {dag.py:3033} INFO - Sync 1 DAGs
[2024-01-29T20:01:43.777+0100] {logging_mixin.py:188} INFO - [2024-01-29T20:01:43.776+0100] {dag.py:3820} INFO - Setting next_dagrun for example_sensor_decorator to None, run_after=None
[2024-01-29T20:01:43.812+0100] {processor.py:183} INFO - Processing /home/ubuntu/.local/lib/python3.10/site-packages/airflow/example_dags/example_sensor_decorator.py took 0.106 seconds
[2024-01-29T20:03:04.285+0100] {processor.py:161} INFO - Started process (PID=8448) to work on /home/ubuntu/.local/lib/python3.10/site-packages/airflow/example_dags/example_sensor_decorator.py
[2024-01-29T20:03:04.287+0100] {processor.py:830} INFO - Processing file /home/ubuntu/.local/lib/python3.10/site-packages/airflow/example_dags/example_sensor_decorator.py for tasks to queue
[2024-01-29T20:03:04.288+0100] {logging_mixin.py:188} INFO - [2024-01-29T20:03:04.288+0100] {dagbag.py:538} INFO - Filling up the DagBag from /home/ubuntu/.local/lib/python3.10/site-packages/airflow/example_dags/example_sensor_decorator.py
[2024-01-29T20:03:04.294+0100] {processor.py:840} INFO - DAG(s) 'example_sensor_decorator' retrieved from /home/ubuntu/.local/lib/python3.10/site-packages/airflow/example_dags/example_sensor_decorator.py
[2024-01-29T20:03:04.310+0100] {logging_mixin.py:188} INFO - [2024-01-29T20:03:04.309+0100] {dag.py:3033} INFO - Sync 1 DAGs
[2024-01-29T20:03:04.320+0100] {logging_mixin.py:188} INFO - [2024-01-29T20:03:04.320+0100] {dag.py:3820} INFO - Setting next_dagrun for example_sensor_decorator to None, run_after=None
[2024-01-29T20:03:04.357+0100] {processor.py:183} INFO - Processing /home/ubuntu/.local/lib/python3.10/site-packages/airflow/example_dags/example_sensor_decorator.py took 0.075 seconds
[2024-01-29T20:03:55.124+0100] {processor.py:161} INFO - Started process (PID=8510) to work on /home/ubuntu/.local/lib/python3.10/site-packages/airflow/example_dags/example_sensor_decorator.py
[2024-01-29T20:03:55.127+0100] {processor.py:830} INFO - Processing file /home/ubuntu/.local/lib/python3.10/site-packages/airflow/example_dags/example_sensor_decorator.py for tasks to queue
[2024-01-29T20:03:55.128+0100] {logging_mixin.py:188} INFO - [2024-01-29T20:03:55.128+0100] {dagbag.py:538} INFO - Filling up the DagBag from /home/ubuntu/.local/lib/python3.10/site-packages/airflow/example_dags/example_sensor_decorator.py
[2024-01-29T20:03:55.137+0100] {processor.py:840} INFO - DAG(s) 'example_sensor_decorator' retrieved from /home/ubuntu/.local/lib/python3.10/site-packages/airflow/example_dags/example_sensor_decorator.py
[2024-01-29T20:03:55.156+0100] {logging_mixin.py:188} INFO - [2024-01-29T20:03:55.156+0100] {dag.py:3033} INFO - Sync 1 DAGs
[2024-01-29T20:03:55.176+0100] {logging_mixin.py:188} INFO - [2024-01-29T20:03:55.176+0100] {dag.py:3820} INFO - Setting next_dagrun for example_sensor_decorator to None, run_after=None
[2024-01-29T20:03:55.226+0100] {processor.py:183} INFO - Processing /home/ubuntu/.local/lib/python3.10/site-packages/airflow/example_dags/example_sensor_decorator.py took 0.106 seconds
[2024-01-29T20:05:14.327+0100] {processor.py:161} INFO - Started process (PID=8600) to work on /home/ubuntu/.local/lib/python3.10/site-packages/airflow/example_dags/example_sensor_decorator.py
[2024-01-29T20:05:14.332+0100] {processor.py:830} INFO - Processing file /home/ubuntu/.local/lib/python3.10/site-packages/airflow/example_dags/example_sensor_decorator.py for tasks to queue
[2024-01-29T20:05:14.341+0100] {logging_mixin.py:188} INFO - [2024-01-29T20:05:14.341+0100] {dagbag.py:538} INFO - Filling up the DagBag from /home/ubuntu/.local/lib/python3.10/site-packages/airflow/example_dags/example_sensor_decorator.py
[2024-01-29T20:05:14.371+0100] {processor.py:840} INFO - DAG(s) 'example_sensor_decorator' retrieved from /home/ubuntu/.local/lib/python3.10/site-packages/airflow/example_dags/example_sensor_decorator.py
[2024-01-29T20:05:14.475+0100] {logging_mixin.py:188} INFO - [2024-01-29T20:05:14.475+0100] {dag.py:3033} INFO - Sync 1 DAGs
[2024-01-29T20:05:14.519+0100] {logging_mixin.py:188} INFO - [2024-01-29T20:05:14.519+0100] {dag.py:3820} INFO - Setting next_dagrun for example_sensor_decorator to None, run_after=None
[2024-01-29T20:05:14.724+0100] {processor.py:183} INFO - Processing /home/ubuntu/.local/lib/python3.10/site-packages/airflow/example_dags/example_sensor_decorator.py took 0.403 seconds
[2024-01-29T20:06:34.143+0100] {processor.py:161} INFO - Started process (PID=8676) to work on /home/ubuntu/.local/lib/python3.10/site-packages/airflow/example_dags/example_sensor_decorator.py
[2024-01-29T20:06:34.168+0100] {processor.py:830} INFO - Processing file /home/ubuntu/.local/lib/python3.10/site-packages/airflow/example_dags/example_sensor_decorator.py for tasks to queue
[2024-01-29T20:06:34.170+0100] {logging_mixin.py:188} INFO - [2024-01-29T20:06:34.169+0100] {dagbag.py:538} INFO - Filling up the DagBag from /home/ubuntu/.local/lib/python3.10/site-packages/airflow/example_dags/example_sensor_decorator.py
[2024-01-29T20:06:34.225+0100] {processor.py:840} INFO - DAG(s) 'example_sensor_decorator' retrieved from /home/ubuntu/.local/lib/python3.10/site-packages/airflow/example_dags/example_sensor_decorator.py
[2024-01-29T20:06:34.294+0100] {logging_mixin.py:188} INFO - [2024-01-29T20:06:34.289+0100] {dag.py:3033} INFO - Sync 1 DAGs
[2024-01-29T20:06:34.352+0100] {logging_mixin.py:188} INFO - [2024-01-29T20:06:34.351+0100] {dag.py:3820} INFO - Setting next_dagrun for example_sensor_decorator to None, run_after=None
[2024-01-29T20:06:34.721+0100] {processor.py:183} INFO - Processing /home/ubuntu/.local/lib/python3.10/site-packages/airflow/example_dags/example_sensor_decorator.py took 0.594 seconds
[2024-01-29T20:07:44.729+0100] {processor.py:161} INFO - Started process (PID=8755) to work on /home/ubuntu/.local/lib/python3.10/site-packages/airflow/example_dags/example_sensor_decorator.py
[2024-01-29T20:07:44.755+0100] {processor.py:830} INFO - Processing file /home/ubuntu/.local/lib/python3.10/site-packages/airflow/example_dags/example_sensor_decorator.py for tasks to queue
[2024-01-29T20:07:44.793+0100] {logging_mixin.py:188} INFO - [2024-01-29T20:07:44.793+0100] {dagbag.py:538} INFO - Filling up the DagBag from /home/ubuntu/.local/lib/python3.10/site-packages/airflow/example_dags/example_sensor_decorator.py
[2024-01-29T20:07:44.815+0100] {processor.py:840} INFO - DAG(s) 'example_sensor_decorator' retrieved from /home/ubuntu/.local/lib/python3.10/site-packages/airflow/example_dags/example_sensor_decorator.py
[2024-01-29T20:07:44.948+0100] {logging_mixin.py:188} INFO - [2024-01-29T20:07:44.948+0100] {dag.py:3033} INFO - Sync 1 DAGs
[2024-01-29T20:07:44.980+0100] {logging_mixin.py:188} INFO - [2024-01-29T20:07:44.979+0100] {dag.py:3820} INFO - Setting next_dagrun for example_sensor_decorator to None, run_after=None
[2024-01-29T20:07:45.100+0100] {processor.py:183} INFO - Processing /home/ubuntu/.local/lib/python3.10/site-packages/airflow/example_dags/example_sensor_decorator.py took 0.394 seconds
[2024-01-29T20:08:37.792+0100] {processor.py:161} INFO - Started process (PID=8812) to work on /home/ubuntu/.local/lib/python3.10/site-packages/airflow/example_dags/example_sensor_decorator.py
[2024-01-29T20:08:37.794+0100] {processor.py:830} INFO - Processing file /home/ubuntu/.local/lib/python3.10/site-packages/airflow/example_dags/example_sensor_decorator.py for tasks to queue
[2024-01-29T20:08:37.795+0100] {logging_mixin.py:188} INFO - [2024-01-29T20:08:37.795+0100] {dagbag.py:538} INFO - Filling up the DagBag from /home/ubuntu/.local/lib/python3.10/site-packages/airflow/example_dags/example_sensor_decorator.py
[2024-01-29T20:08:37.803+0100] {processor.py:840} INFO - DAG(s) 'example_sensor_decorator' retrieved from /home/ubuntu/.local/lib/python3.10/site-packages/airflow/example_dags/example_sensor_decorator.py
[2024-01-29T20:08:37.820+0100] {logging_mixin.py:188} INFO - [2024-01-29T20:08:37.820+0100] {dag.py:3033} INFO - Sync 1 DAGs
[2024-01-29T20:08:37.831+0100] {logging_mixin.py:188} INFO - [2024-01-29T20:08:37.831+0100] {dag.py:3820} INFO - Setting next_dagrun for example_sensor_decorator to None, run_after=None
[2024-01-29T20:08:37.881+0100] {processor.py:183} INFO - Processing /home/ubuntu/.local/lib/python3.10/site-packages/airflow/example_dags/example_sensor_decorator.py took 0.092 seconds
[2024-01-29T20:09:25.421+0100] {processor.py:161} INFO - Started process (PID=8868) to work on /home/ubuntu/.local/lib/python3.10/site-packages/airflow/example_dags/example_sensor_decorator.py
[2024-01-29T20:09:25.424+0100] {processor.py:830} INFO - Processing file /home/ubuntu/.local/lib/python3.10/site-packages/airflow/example_dags/example_sensor_decorator.py for tasks to queue
[2024-01-29T20:09:25.426+0100] {logging_mixin.py:188} INFO - [2024-01-29T20:09:25.425+0100] {dagbag.py:538} INFO - Filling up the DagBag from /home/ubuntu/.local/lib/python3.10/site-packages/airflow/example_dags/example_sensor_decorator.py
[2024-01-29T20:09:25.437+0100] {processor.py:840} INFO - DAG(s) 'example_sensor_decorator' retrieved from /home/ubuntu/.local/lib/python3.10/site-packages/airflow/example_dags/example_sensor_decorator.py
[2024-01-29T20:09:25.464+0100] {logging_mixin.py:188} INFO - [2024-01-29T20:09:25.464+0100] {dag.py:3033} INFO - Sync 1 DAGs
[2024-01-29T20:09:25.482+0100] {logging_mixin.py:188} INFO - [2024-01-29T20:09:25.481+0100] {dag.py:3820} INFO - Setting next_dagrun for example_sensor_decorator to None, run_after=None
[2024-01-29T20:09:25.517+0100] {processor.py:183} INFO - Processing /home/ubuntu/.local/lib/python3.10/site-packages/airflow/example_dags/example_sensor_decorator.py took 0.100 seconds
[2024-01-29T20:10:35.174+0100] {processor.py:161} INFO - Started process (PID=8957) to work on /home/ubuntu/.local/lib/python3.10/site-packages/airflow/example_dags/example_sensor_decorator.py
[2024-01-29T20:10:35.176+0100] {processor.py:830} INFO - Processing file /home/ubuntu/.local/lib/python3.10/site-packages/airflow/example_dags/example_sensor_decorator.py for tasks to queue
[2024-01-29T20:10:35.177+0100] {logging_mixin.py:188} INFO - [2024-01-29T20:10:35.177+0100] {dagbag.py:538} INFO - Filling up the DagBag from /home/ubuntu/.local/lib/python3.10/site-packages/airflow/example_dags/example_sensor_decorator.py
[2024-01-29T20:10:35.186+0100] {processor.py:840} INFO - DAG(s) 'example_sensor_decorator' retrieved from /home/ubuntu/.local/lib/python3.10/site-packages/airflow/example_dags/example_sensor_decorator.py
[2024-01-29T20:10:35.219+0100] {logging_mixin.py:188} INFO - [2024-01-29T20:10:35.219+0100] {dag.py:3033} INFO - Sync 1 DAGs
[2024-01-29T20:10:35.233+0100] {logging_mixin.py:188} INFO - [2024-01-29T20:10:35.233+0100] {dag.py:3820} INFO - Setting next_dagrun for example_sensor_decorator to None, run_after=None
[2024-01-29T20:10:35.298+0100] {processor.py:183} INFO - Processing /home/ubuntu/.local/lib/python3.10/site-packages/airflow/example_dags/example_sensor_decorator.py took 0.128 seconds
[2024-01-29T20:11:28.715+0100] {processor.py:161} INFO - Started process (PID=9021) to work on /home/ubuntu/.local/lib/python3.10/site-packages/airflow/example_dags/example_sensor_decorator.py
[2024-01-29T20:11:28.717+0100] {processor.py:830} INFO - Processing file /home/ubuntu/.local/lib/python3.10/site-packages/airflow/example_dags/example_sensor_decorator.py for tasks to queue
[2024-01-29T20:11:28.719+0100] {logging_mixin.py:188} INFO - [2024-01-29T20:11:28.718+0100] {dagbag.py:538} INFO - Filling up the DagBag from /home/ubuntu/.local/lib/python3.10/site-packages/airflow/example_dags/example_sensor_decorator.py
[2024-01-29T20:11:28.729+0100] {processor.py:840} INFO - DAG(s) 'example_sensor_decorator' retrieved from /home/ubuntu/.local/lib/python3.10/site-packages/airflow/example_dags/example_sensor_decorator.py
[2024-01-29T20:11:28.757+0100] {logging_mixin.py:188} INFO - [2024-01-29T20:11:28.757+0100] {dag.py:3033} INFO - Sync 1 DAGs
[2024-01-29T20:11:28.777+0100] {logging_mixin.py:188} INFO - [2024-01-29T20:11:28.776+0100] {dag.py:3820} INFO - Setting next_dagrun for example_sensor_decorator to None, run_after=None
[2024-01-29T20:11:28.817+0100] {processor.py:183} INFO - Processing /home/ubuntu/.local/lib/python3.10/site-packages/airflow/example_dags/example_sensor_decorator.py took 0.108 seconds
[2024-01-29T20:12:25.401+0100] {processor.py:161} INFO - Started process (PID=9095) to work on /home/ubuntu/.local/lib/python3.10/site-packages/airflow/example_dags/example_sensor_decorator.py
[2024-01-29T20:12:25.407+0100] {processor.py:830} INFO - Processing file /home/ubuntu/.local/lib/python3.10/site-packages/airflow/example_dags/example_sensor_decorator.py for tasks to queue
[2024-01-29T20:12:25.409+0100] {logging_mixin.py:188} INFO - [2024-01-29T20:12:25.408+0100] {dagbag.py:538} INFO - Filling up the DagBag from /home/ubuntu/.local/lib/python3.10/site-packages/airflow/example_dags/example_sensor_decorator.py
[2024-01-29T20:12:25.454+0100] {processor.py:840} INFO - DAG(s) 'example_sensor_decorator' retrieved from /home/ubuntu/.local/lib/python3.10/site-packages/airflow/example_dags/example_sensor_decorator.py
[2024-01-29T20:12:25.580+0100] {logging_mixin.py:188} INFO - [2024-01-29T20:12:25.579+0100] {dag.py:3033} INFO - Sync 1 DAGs
[2024-01-29T20:12:25.621+0100] {logging_mixin.py:188} INFO - [2024-01-29T20:12:25.621+0100] {dag.py:3820} INFO - Setting next_dagrun for example_sensor_decorator to None, run_after=None
[2024-01-29T20:12:25.796+0100] {processor.py:183} INFO - Processing /home/ubuntu/.local/lib/python3.10/site-packages/airflow/example_dags/example_sensor_decorator.py took 0.420 seconds
[2024-01-29T20:13:55.017+0100] {processor.py:161} INFO - Started process (PID=9224) to work on /home/ubuntu/.local/lib/python3.10/site-packages/airflow/example_dags/example_sensor_decorator.py
[2024-01-29T20:13:55.019+0100] {processor.py:830} INFO - Processing file /home/ubuntu/.local/lib/python3.10/site-packages/airflow/example_dags/example_sensor_decorator.py for tasks to queue
[2024-01-29T20:13:55.020+0100] {logging_mixin.py:188} INFO - [2024-01-29T20:13:55.020+0100] {dagbag.py:538} INFO - Filling up the DagBag from /home/ubuntu/.local/lib/python3.10/site-packages/airflow/example_dags/example_sensor_decorator.py
[2024-01-29T20:13:55.028+0100] {processor.py:840} INFO - DAG(s) 'example_sensor_decorator' retrieved from /home/ubuntu/.local/lib/python3.10/site-packages/airflow/example_dags/example_sensor_decorator.py
[2024-01-29T20:13:55.047+0100] {logging_mixin.py:188} INFO - [2024-01-29T20:13:55.047+0100] {dag.py:3033} INFO - Sync 1 DAGs
[2024-01-29T20:13:55.058+0100] {logging_mixin.py:188} INFO - [2024-01-29T20:13:55.058+0100] {dag.py:3820} INFO - Setting next_dagrun for example_sensor_decorator to None, run_after=None
[2024-01-29T20:13:55.092+0100] {processor.py:183} INFO - Processing /home/ubuntu/.local/lib/python3.10/site-packages/airflow/example_dags/example_sensor_decorator.py took 0.079 seconds
[2024-01-29T20:14:52.488+0100] {processor.py:161} INFO - Started process (PID=9289) to work on /home/ubuntu/.local/lib/python3.10/site-packages/airflow/example_dags/example_sensor_decorator.py
[2024-01-29T20:14:52.490+0100] {processor.py:830} INFO - Processing file /home/ubuntu/.local/lib/python3.10/site-packages/airflow/example_dags/example_sensor_decorator.py for tasks to queue
[2024-01-29T20:14:52.491+0100] {logging_mixin.py:188} INFO - [2024-01-29T20:14:52.491+0100] {dagbag.py:538} INFO - Filling up the DagBag from /home/ubuntu/.local/lib/python3.10/site-packages/airflow/example_dags/example_sensor_decorator.py
[2024-01-29T20:14:52.501+0100] {processor.py:840} INFO - DAG(s) 'example_sensor_decorator' retrieved from /home/ubuntu/.local/lib/python3.10/site-packages/airflow/example_dags/example_sensor_decorator.py
[2024-01-29T20:14:52.522+0100] {logging_mixin.py:188} INFO - [2024-01-29T20:14:52.522+0100] {dag.py:3033} INFO - Sync 1 DAGs
[2024-01-29T20:14:52.534+0100] {logging_mixin.py:188} INFO - [2024-01-29T20:14:52.534+0100] {dag.py:3820} INFO - Setting next_dagrun for example_sensor_decorator to None, run_after=None
[2024-01-29T20:14:52.564+0100] {processor.py:183} INFO - Processing /home/ubuntu/.local/lib/python3.10/site-packages/airflow/example_dags/example_sensor_decorator.py took 0.081 seconds
[2024-01-29T20:15:37.689+0100] {processor.py:161} INFO - Started process (PID=9338) to work on /home/ubuntu/.local/lib/python3.10/site-packages/airflow/example_dags/example_sensor_decorator.py
[2024-01-29T20:15:37.691+0100] {processor.py:830} INFO - Processing file /home/ubuntu/.local/lib/python3.10/site-packages/airflow/example_dags/example_sensor_decorator.py for tasks to queue
[2024-01-29T20:15:37.692+0100] {logging_mixin.py:188} INFO - [2024-01-29T20:15:37.692+0100] {dagbag.py:538} INFO - Filling up the DagBag from /home/ubuntu/.local/lib/python3.10/site-packages/airflow/example_dags/example_sensor_decorator.py
[2024-01-29T20:15:37.700+0100] {processor.py:840} INFO - DAG(s) 'example_sensor_decorator' retrieved from /home/ubuntu/.local/lib/python3.10/site-packages/airflow/example_dags/example_sensor_decorator.py
[2024-01-29T20:15:37.718+0100] {logging_mixin.py:188} INFO - [2024-01-29T20:15:37.718+0100] {dag.py:3033} INFO - Sync 1 DAGs
[2024-01-29T20:15:37.733+0100] {logging_mixin.py:188} INFO - [2024-01-29T20:15:37.733+0100] {dag.py:3820} INFO - Setting next_dagrun for example_sensor_decorator to None, run_after=None
[2024-01-29T20:15:37.774+0100] {processor.py:183} INFO - Processing /home/ubuntu/.local/lib/python3.10/site-packages/airflow/example_dags/example_sensor_decorator.py took 0.089 seconds
[2024-01-29T20:16:28.638+0100] {processor.py:161} INFO - Started process (PID=9392) to work on /home/ubuntu/.local/lib/python3.10/site-packages/airflow/example_dags/example_sensor_decorator.py
[2024-01-29T20:16:28.640+0100] {processor.py:830} INFO - Processing file /home/ubuntu/.local/lib/python3.10/site-packages/airflow/example_dags/example_sensor_decorator.py for tasks to queue
[2024-01-29T20:16:28.641+0100] {logging_mixin.py:188} INFO - [2024-01-29T20:16:28.640+0100] {dagbag.py:538} INFO - Filling up the DagBag from /home/ubuntu/.local/lib/python3.10/site-packages/airflow/example_dags/example_sensor_decorator.py
[2024-01-29T20:16:28.648+0100] {processor.py:840} INFO - DAG(s) 'example_sensor_decorator' retrieved from /home/ubuntu/.local/lib/python3.10/site-packages/airflow/example_dags/example_sensor_decorator.py
[2024-01-29T20:16:28.668+0100] {logging_mixin.py:188} INFO - [2024-01-29T20:16:28.667+0100] {dag.py:3033} INFO - Sync 1 DAGs
[2024-01-29T20:16:28.678+0100] {logging_mixin.py:188} INFO - [2024-01-29T20:16:28.678+0100] {dag.py:3820} INFO - Setting next_dagrun for example_sensor_decorator to None, run_after=None
[2024-01-29T20:16:28.715+0100] {processor.py:183} INFO - Processing /home/ubuntu/.local/lib/python3.10/site-packages/airflow/example_dags/example_sensor_decorator.py took 0.081 seconds
[2024-01-29T20:17:38.898+0100] {processor.py:161} INFO - Started process (PID=9471) to work on /home/ubuntu/.local/lib/python3.10/site-packages/airflow/example_dags/example_sensor_decorator.py
[2024-01-29T20:17:38.901+0100] {processor.py:830} INFO - Processing file /home/ubuntu/.local/lib/python3.10/site-packages/airflow/example_dags/example_sensor_decorator.py for tasks to queue
[2024-01-29T20:17:38.902+0100] {logging_mixin.py:188} INFO - [2024-01-29T20:17:38.901+0100] {dagbag.py:538} INFO - Filling up the DagBag from /home/ubuntu/.local/lib/python3.10/site-packages/airflow/example_dags/example_sensor_decorator.py
[2024-01-29T20:17:38.916+0100] {processor.py:840} INFO - DAG(s) 'example_sensor_decorator' retrieved from /home/ubuntu/.local/lib/python3.10/site-packages/airflow/example_dags/example_sensor_decorator.py
[2024-01-29T20:17:38.997+0100] {logging_mixin.py:188} INFO - [2024-01-29T20:17:38.996+0100] {dag.py:3033} INFO - Sync 1 DAGs
[2024-01-29T20:17:39.066+0100] {logging_mixin.py:188} INFO - [2024-01-29T20:17:39.066+0100] {dag.py:3820} INFO - Setting next_dagrun for example_sensor_decorator to None, run_after=None
[2024-01-29T20:17:39.095+0100] {processor.py:183} INFO - Processing /home/ubuntu/.local/lib/python3.10/site-packages/airflow/example_dags/example_sensor_decorator.py took 0.200 seconds
[2024-01-29T20:18:43.976+0100] {processor.py:161} INFO - Started process (PID=9548) to work on /home/ubuntu/.local/lib/python3.10/site-packages/airflow/example_dags/example_sensor_decorator.py
[2024-01-29T20:18:43.977+0100] {processor.py:830} INFO - Processing file /home/ubuntu/.local/lib/python3.10/site-packages/airflow/example_dags/example_sensor_decorator.py for tasks to queue
[2024-01-29T20:18:43.979+0100] {logging_mixin.py:188} INFO - [2024-01-29T20:18:43.978+0100] {dagbag.py:538} INFO - Filling up the DagBag from /home/ubuntu/.local/lib/python3.10/site-packages/airflow/example_dags/example_sensor_decorator.py
[2024-01-29T20:18:43.985+0100] {processor.py:840} INFO - DAG(s) 'example_sensor_decorator' retrieved from /home/ubuntu/.local/lib/python3.10/site-packages/airflow/example_dags/example_sensor_decorator.py
[2024-01-29T20:18:44.003+0100] {logging_mixin.py:188} INFO - [2024-01-29T20:18:44.003+0100] {dag.py:3033} INFO - Sync 1 DAGs
[2024-01-29T20:18:44.017+0100] {logging_mixin.py:188} INFO - [2024-01-29T20:18:44.017+0100] {dag.py:3820} INFO - Setting next_dagrun for example_sensor_decorator to None, run_after=None
[2024-01-29T20:18:44.050+0100] {processor.py:183} INFO - Processing /home/ubuntu/.local/lib/python3.10/site-packages/airflow/example_dags/example_sensor_decorator.py took 0.078 seconds
[2024-01-29T20:19:51.546+0100] {processor.py:161} INFO - Started process (PID=9640) to work on /home/ubuntu/.local/lib/python3.10/site-packages/airflow/example_dags/example_sensor_decorator.py
[2024-01-29T20:19:51.548+0100] {processor.py:830} INFO - Processing file /home/ubuntu/.local/lib/python3.10/site-packages/airflow/example_dags/example_sensor_decorator.py for tasks to queue
[2024-01-29T20:19:51.548+0100] {logging_mixin.py:188} INFO - [2024-01-29T20:19:51.548+0100] {dagbag.py:538} INFO - Filling up the DagBag from /home/ubuntu/.local/lib/python3.10/site-packages/airflow/example_dags/example_sensor_decorator.py
[2024-01-29T20:19:51.556+0100] {processor.py:840} INFO - DAG(s) 'example_sensor_decorator' retrieved from /home/ubuntu/.local/lib/python3.10/site-packages/airflow/example_dags/example_sensor_decorator.py
[2024-01-29T20:19:51.573+0100] {logging_mixin.py:188} INFO - [2024-01-29T20:19:51.573+0100] {dag.py:3033} INFO - Sync 1 DAGs
[2024-01-29T20:19:51.588+0100] {logging_mixin.py:188} INFO - [2024-01-29T20:19:51.588+0100] {dag.py:3820} INFO - Setting next_dagrun for example_sensor_decorator to None, run_after=None
[2024-01-29T20:19:51.618+0100] {processor.py:183} INFO - Processing /home/ubuntu/.local/lib/python3.10/site-packages/airflow/example_dags/example_sensor_decorator.py took 0.076 seconds
[2024-01-29T20:20:53.713+0100] {processor.py:161} INFO - Started process (PID=9713) to work on /home/ubuntu/.local/lib/python3.10/site-packages/airflow/example_dags/example_sensor_decorator.py
[2024-01-29T20:20:53.716+0100] {processor.py:830} INFO - Processing file /home/ubuntu/.local/lib/python3.10/site-packages/airflow/example_dags/example_sensor_decorator.py for tasks to queue
[2024-01-29T20:20:53.717+0100] {logging_mixin.py:188} INFO - [2024-01-29T20:20:53.717+0100] {dagbag.py:538} INFO - Filling up the DagBag from /home/ubuntu/.local/lib/python3.10/site-packages/airflow/example_dags/example_sensor_decorator.py
[2024-01-29T20:20:53.728+0100] {processor.py:840} INFO - DAG(s) 'example_sensor_decorator' retrieved from /home/ubuntu/.local/lib/python3.10/site-packages/airflow/example_dags/example_sensor_decorator.py
[2024-01-29T20:20:53.769+0100] {logging_mixin.py:188} INFO - [2024-01-29T20:20:53.769+0100] {dag.py:3033} INFO - Sync 1 DAGs
[2024-01-29T20:20:53.795+0100] {logging_mixin.py:188} INFO - [2024-01-29T20:20:53.795+0100] {dag.py:3820} INFO - Setting next_dagrun for example_sensor_decorator to None, run_after=None
[2024-01-29T20:20:53.857+0100] {processor.py:183} INFO - Processing /home/ubuntu/.local/lib/python3.10/site-packages/airflow/example_dags/example_sensor_decorator.py took 0.149 seconds
