[2024-01-29T19:54:12.847+0100] {processor.py:161} INFO - Started process (PID=7829) to work on /home/ubuntu/.local/lib/python3.10/site-packages/airflow/example_dags/example_branch_operator.py
[2024-01-29T19:54:12.849+0100] {processor.py:830} INFO - Processing file /home/ubuntu/.local/lib/python3.10/site-packages/airflow/example_dags/example_branch_operator.py for tasks to queue
[2024-01-29T19:54:12.850+0100] {logging_mixin.py:188} INFO - [2024-01-29T19:54:12.850+0100] {dagbag.py:538} INFO - Filling up the DagBag from /home/ubuntu/.local/lib/python3.10/site-packages/airflow/example_dags/example_branch_operator.py
[2024-01-29T19:54:12.960+0100] {processor.py:840} INFO - DAG(s) 'example_branch_operator' retrieved from /home/ubuntu/.local/lib/python3.10/site-packages/airflow/example_dags/example_branch_operator.py
[2024-01-29T19:54:13.434+0100] {logging_mixin.py:188} INFO - [2024-01-29T19:54:13.434+0100] {dag.py:3033} INFO - Sync 1 DAGs
[2024-01-29T19:54:13.477+0100] {logging_mixin.py:188} INFO - [2024-01-29T19:54:13.476+0100] {dag.py:3820} INFO - Setting next_dagrun for example_branch_operator to 2024-01-28T00:00:00+00:00, run_after=2024-01-29T00:00:00+00:00
[2024-01-29T19:54:13.571+0100] {processor.py:183} INFO - Processing /home/ubuntu/.local/lib/python3.10/site-packages/airflow/example_dags/example_branch_operator.py took 0.728 seconds
[2024-01-29T19:55:34.850+0100] {processor.py:161} INFO - Started process (PID=7943) to work on /home/ubuntu/.local/lib/python3.10/site-packages/airflow/example_dags/example_branch_operator.py
[2024-01-29T19:55:34.852+0100] {processor.py:830} INFO - Processing file /home/ubuntu/.local/lib/python3.10/site-packages/airflow/example_dags/example_branch_operator.py for tasks to queue
[2024-01-29T19:55:34.854+0100] {logging_mixin.py:188} INFO - [2024-01-29T19:55:34.853+0100] {dagbag.py:538} INFO - Filling up the DagBag from /home/ubuntu/.local/lib/python3.10/site-packages/airflow/example_dags/example_branch_operator.py
[2024-01-29T19:55:34.881+0100] {processor.py:840} INFO - DAG(s) 'example_branch_operator' retrieved from /home/ubuntu/.local/lib/python3.10/site-packages/airflow/example_dags/example_branch_operator.py
[2024-01-29T19:55:34.909+0100] {logging_mixin.py:188} INFO - [2024-01-29T19:55:34.909+0100] {dag.py:3033} INFO - Sync 1 DAGs
[2024-01-29T19:55:34.936+0100] {logging_mixin.py:188} INFO - [2024-01-29T19:55:34.936+0100] {dag.py:3820} INFO - Setting next_dagrun for example_branch_operator to 2024-01-28T00:00:00+00:00, run_after=2024-01-29T00:00:00+00:00
[2024-01-29T19:55:34.973+0100] {processor.py:183} INFO - Processing /home/ubuntu/.local/lib/python3.10/site-packages/airflow/example_dags/example_branch_operator.py took 0.126 seconds
[2024-01-29T19:56:55.452+0100] {processor.py:161} INFO - Started process (PID=8020) to work on /home/ubuntu/.local/lib/python3.10/site-packages/airflow/example_dags/example_branch_operator.py
[2024-01-29T19:56:55.454+0100] {processor.py:830} INFO - Processing file /home/ubuntu/.local/lib/python3.10/site-packages/airflow/example_dags/example_branch_operator.py for tasks to queue
[2024-01-29T19:56:55.455+0100] {logging_mixin.py:188} INFO - [2024-01-29T19:56:55.455+0100] {dagbag.py:538} INFO - Filling up the DagBag from /home/ubuntu/.local/lib/python3.10/site-packages/airflow/example_dags/example_branch_operator.py
[2024-01-29T19:56:55.477+0100] {processor.py:840} INFO - DAG(s) 'example_branch_operator' retrieved from /home/ubuntu/.local/lib/python3.10/site-packages/airflow/example_dags/example_branch_operator.py
[2024-01-29T19:56:55.506+0100] {logging_mixin.py:188} INFO - [2024-01-29T19:56:55.506+0100] {dag.py:3033} INFO - Sync 1 DAGs
[2024-01-29T19:56:55.528+0100] {logging_mixin.py:188} INFO - [2024-01-29T19:56:55.528+0100] {dag.py:3820} INFO - Setting next_dagrun for example_branch_operator to 2024-01-28T00:00:00+00:00, run_after=2024-01-29T00:00:00+00:00
[2024-01-29T19:56:55.559+0100] {processor.py:183} INFO - Processing /home/ubuntu/.local/lib/python3.10/site-packages/airflow/example_dags/example_branch_operator.py took 0.112 seconds
[2024-01-29T19:57:52.267+0100] {processor.py:161} INFO - Started process (PID=8078) to work on /home/ubuntu/.local/lib/python3.10/site-packages/airflow/example_dags/example_branch_operator.py
[2024-01-29T19:57:52.289+0100] {processor.py:830} INFO - Processing file /home/ubuntu/.local/lib/python3.10/site-packages/airflow/example_dags/example_branch_operator.py for tasks to queue
[2024-01-29T19:57:52.294+0100] {logging_mixin.py:188} INFO - [2024-01-29T19:57:52.289+0100] {dagbag.py:538} INFO - Filling up the DagBag from /home/ubuntu/.local/lib/python3.10/site-packages/airflow/example_dags/example_branch_operator.py
[2024-01-29T19:57:52.377+0100] {processor.py:840} INFO - DAG(s) 'example_branch_operator' retrieved from /home/ubuntu/.local/lib/python3.10/site-packages/airflow/example_dags/example_branch_operator.py
[2024-01-29T19:57:52.532+0100] {logging_mixin.py:188} INFO - [2024-01-29T19:57:52.532+0100] {dag.py:3033} INFO - Sync 1 DAGs
[2024-01-29T19:57:52.602+0100] {logging_mixin.py:188} INFO - [2024-01-29T19:57:52.601+0100] {dag.py:3820} INFO - Setting next_dagrun for example_branch_operator to 2024-01-28T00:00:00+00:00, run_after=2024-01-29T00:00:00+00:00
[2024-01-29T19:57:52.878+0100] {processor.py:183} INFO - Processing /home/ubuntu/.local/lib/python3.10/site-packages/airflow/example_dags/example_branch_operator.py took 0.628 seconds
[2024-01-29T19:58:41.419+0100] {processor.py:161} INFO - Started process (PID=8134) to work on /home/ubuntu/.local/lib/python3.10/site-packages/airflow/example_dags/example_branch_operator.py
[2024-01-29T19:58:41.421+0100] {processor.py:830} INFO - Processing file /home/ubuntu/.local/lib/python3.10/site-packages/airflow/example_dags/example_branch_operator.py for tasks to queue
[2024-01-29T19:58:41.423+0100] {logging_mixin.py:188} INFO - [2024-01-29T19:58:41.422+0100] {dagbag.py:538} INFO - Filling up the DagBag from /home/ubuntu/.local/lib/python3.10/site-packages/airflow/example_dags/example_branch_operator.py
[2024-01-29T19:58:41.443+0100] {processor.py:840} INFO - DAG(s) 'example_branch_operator' retrieved from /home/ubuntu/.local/lib/python3.10/site-packages/airflow/example_dags/example_branch_operator.py
[2024-01-29T19:58:41.467+0100] {logging_mixin.py:188} INFO - [2024-01-29T19:58:41.467+0100] {dag.py:3033} INFO - Sync 1 DAGs
[2024-01-29T19:58:41.508+0100] {logging_mixin.py:188} INFO - [2024-01-29T19:58:41.508+0100] {dag.py:3820} INFO - Setting next_dagrun for example_branch_operator to 2024-01-28T00:00:00+00:00, run_after=2024-01-29T00:00:00+00:00
[2024-01-29T19:58:41.538+0100] {processor.py:183} INFO - Processing /home/ubuntu/.local/lib/python3.10/site-packages/airflow/example_dags/example_branch_operator.py took 0.123 seconds
[2024-01-29T19:59:23.623+0100] {processor.py:161} INFO - Started process (PID=8184) to work on /home/ubuntu/.local/lib/python3.10/site-packages/airflow/example_dags/example_branch_operator.py
[2024-01-29T19:59:23.627+0100] {processor.py:830} INFO - Processing file /home/ubuntu/.local/lib/python3.10/site-packages/airflow/example_dags/example_branch_operator.py for tasks to queue
[2024-01-29T19:59:23.628+0100] {logging_mixin.py:188} INFO - [2024-01-29T19:59:23.627+0100] {dagbag.py:538} INFO - Filling up the DagBag from /home/ubuntu/.local/lib/python3.10/site-packages/airflow/example_dags/example_branch_operator.py
[2024-01-29T19:59:23.645+0100] {processor.py:840} INFO - DAG(s) 'example_branch_operator' retrieved from /home/ubuntu/.local/lib/python3.10/site-packages/airflow/example_dags/example_branch_operator.py
[2024-01-29T19:59:23.665+0100] {logging_mixin.py:188} INFO - [2024-01-29T19:59:23.665+0100] {dag.py:3033} INFO - Sync 1 DAGs
[2024-01-29T19:59:23.685+0100] {logging_mixin.py:188} INFO - [2024-01-29T19:59:23.685+0100] {dag.py:3820} INFO - Setting next_dagrun for example_branch_operator to 2024-01-28T00:00:00+00:00, run_after=2024-01-29T00:00:00+00:00
[2024-01-29T19:59:23.726+0100] {processor.py:183} INFO - Processing /home/ubuntu/.local/lib/python3.10/site-packages/airflow/example_dags/example_branch_operator.py took 0.106 seconds
[2024-01-29T20:00:43.170+0100] {processor.py:161} INFO - Started process (PID=8261) to work on /home/ubuntu/.local/lib/python3.10/site-packages/airflow/example_dags/example_branch_operator.py
[2024-01-29T20:00:43.173+0100] {processor.py:830} INFO - Processing file /home/ubuntu/.local/lib/python3.10/site-packages/airflow/example_dags/example_branch_operator.py for tasks to queue
[2024-01-29T20:00:43.174+0100] {logging_mixin.py:188} INFO - [2024-01-29T20:00:43.174+0100] {dagbag.py:538} INFO - Filling up the DagBag from /home/ubuntu/.local/lib/python3.10/site-packages/airflow/example_dags/example_branch_operator.py
[2024-01-29T20:00:43.207+0100] {processor.py:840} INFO - DAG(s) 'example_branch_operator' retrieved from /home/ubuntu/.local/lib/python3.10/site-packages/airflow/example_dags/example_branch_operator.py
[2024-01-29T20:00:43.233+0100] {logging_mixin.py:188} INFO - [2024-01-29T20:00:43.232+0100] {dag.py:3033} INFO - Sync 1 DAGs
[2024-01-29T20:00:43.264+0100] {logging_mixin.py:188} INFO - [2024-01-29T20:00:43.264+0100] {dag.py:3820} INFO - Setting next_dagrun for example_branch_operator to 2024-01-28T00:00:00+00:00, run_after=2024-01-29T00:00:00+00:00
[2024-01-29T20:00:43.306+0100] {processor.py:183} INFO - Processing /home/ubuntu/.local/lib/python3.10/site-packages/airflow/example_dags/example_branch_operator.py took 0.140 seconds
[2024-01-29T20:01:35.487+0100] {processor.py:161} INFO - Started process (PID=8318) to work on /home/ubuntu/.local/lib/python3.10/site-packages/airflow/example_dags/example_branch_operator.py
[2024-01-29T20:01:35.489+0100] {processor.py:830} INFO - Processing file /home/ubuntu/.local/lib/python3.10/site-packages/airflow/example_dags/example_branch_operator.py for tasks to queue
[2024-01-29T20:01:35.490+0100] {logging_mixin.py:188} INFO - [2024-01-29T20:01:35.490+0100] {dagbag.py:538} INFO - Filling up the DagBag from /home/ubuntu/.local/lib/python3.10/site-packages/airflow/example_dags/example_branch_operator.py
[2024-01-29T20:01:35.509+0100] {processor.py:840} INFO - DAG(s) 'example_branch_operator' retrieved from /home/ubuntu/.local/lib/python3.10/site-packages/airflow/example_dags/example_branch_operator.py
[2024-01-29T20:01:35.531+0100] {logging_mixin.py:188} INFO - [2024-01-29T20:01:35.530+0100] {dag.py:3033} INFO - Sync 1 DAGs
[2024-01-29T20:01:35.552+0100] {logging_mixin.py:188} INFO - [2024-01-29T20:01:35.552+0100] {dag.py:3820} INFO - Setting next_dagrun for example_branch_operator to 2024-01-28T00:00:00+00:00, run_after=2024-01-29T00:00:00+00:00
[2024-01-29T20:01:35.582+0100] {processor.py:183} INFO - Processing /home/ubuntu/.local/lib/python3.10/site-packages/airflow/example_dags/example_branch_operator.py took 0.098 seconds
[2024-01-29T20:02:20.574+0100] {processor.py:161} INFO - Started process (PID=8369) to work on /home/ubuntu/.local/lib/python3.10/site-packages/airflow/example_dags/example_branch_operator.py
[2024-01-29T20:02:20.579+0100] {processor.py:830} INFO - Processing file /home/ubuntu/.local/lib/python3.10/site-packages/airflow/example_dags/example_branch_operator.py for tasks to queue
[2024-01-29T20:02:20.585+0100] {logging_mixin.py:188} INFO - [2024-01-29T20:02:20.581+0100] {dagbag.py:538} INFO - Filling up the DagBag from /home/ubuntu/.local/lib/python3.10/site-packages/airflow/example_dags/example_branch_operator.py
[2024-01-29T20:02:20.658+0100] {processor.py:840} INFO - DAG(s) 'example_branch_operator' retrieved from /home/ubuntu/.local/lib/python3.10/site-packages/airflow/example_dags/example_branch_operator.py
[2024-01-29T20:02:20.706+0100] {logging_mixin.py:188} INFO - [2024-01-29T20:02:20.705+0100] {dag.py:3033} INFO - Sync 1 DAGs
[2024-01-29T20:02:20.758+0100] {logging_mixin.py:188} INFO - [2024-01-29T20:02:20.758+0100] {dag.py:3820} INFO - Setting next_dagrun for example_branch_operator to 2024-01-28T00:00:00+00:00, run_after=2024-01-29T00:00:00+00:00
[2024-01-29T20:02:21.001+0100] {processor.py:183} INFO - Processing /home/ubuntu/.local/lib/python3.10/site-packages/airflow/example_dags/example_branch_operator.py took 0.433 seconds
[2024-01-29T20:03:26.875+0100] {processor.py:161} INFO - Started process (PID=8475) to work on /home/ubuntu/.local/lib/python3.10/site-packages/airflow/example_dags/example_branch_operator.py
[2024-01-29T20:03:26.879+0100] {processor.py:830} INFO - Processing file /home/ubuntu/.local/lib/python3.10/site-packages/airflow/example_dags/example_branch_operator.py for tasks to queue
[2024-01-29T20:03:26.881+0100] {logging_mixin.py:188} INFO - [2024-01-29T20:03:26.880+0100] {dagbag.py:538} INFO - Filling up the DagBag from /home/ubuntu/.local/lib/python3.10/site-packages/airflow/example_dags/example_branch_operator.py
[2024-01-29T20:03:26.901+0100] {processor.py:840} INFO - DAG(s) 'example_branch_operator' retrieved from /home/ubuntu/.local/lib/python3.10/site-packages/airflow/example_dags/example_branch_operator.py
[2024-01-29T20:03:26.925+0100] {logging_mixin.py:188} INFO - [2024-01-29T20:03:26.925+0100] {dag.py:3033} INFO - Sync 1 DAGs
[2024-01-29T20:03:26.945+0100] {logging_mixin.py:188} INFO - [2024-01-29T20:03:26.945+0100] {dag.py:3820} INFO - Setting next_dagrun for example_branch_operator to 2024-01-28T00:00:00+00:00, run_after=2024-01-29T00:00:00+00:00
[2024-01-29T20:03:26.973+0100] {processor.py:183} INFO - Processing /home/ubuntu/.local/lib/python3.10/site-packages/airflow/example_dags/example_branch_operator.py took 0.106 seconds
[2024-01-29T20:04:11.664+0100] {processor.py:161} INFO - Started process (PID=8532) to work on /home/ubuntu/.local/lib/python3.10/site-packages/airflow/example_dags/example_branch_operator.py
[2024-01-29T20:04:11.666+0100] {processor.py:830} INFO - Processing file /home/ubuntu/.local/lib/python3.10/site-packages/airflow/example_dags/example_branch_operator.py for tasks to queue
[2024-01-29T20:04:11.667+0100] {logging_mixin.py:188} INFO - [2024-01-29T20:04:11.667+0100] {dagbag.py:538} INFO - Filling up the DagBag from /home/ubuntu/.local/lib/python3.10/site-packages/airflow/example_dags/example_branch_operator.py
[2024-01-29T20:04:11.690+0100] {processor.py:840} INFO - DAG(s) 'example_branch_operator' retrieved from /home/ubuntu/.local/lib/python3.10/site-packages/airflow/example_dags/example_branch_operator.py
[2024-01-29T20:04:11.717+0100] {logging_mixin.py:188} INFO - [2024-01-29T20:04:11.716+0100] {dag.py:3033} INFO - Sync 1 DAGs
[2024-01-29T20:04:11.740+0100] {logging_mixin.py:188} INFO - [2024-01-29T20:04:11.740+0100] {dag.py:3820} INFO - Setting next_dagrun for example_branch_operator to 2024-01-28T00:00:00+00:00, run_after=2024-01-29T00:00:00+00:00
[2024-01-29T20:04:11.773+0100] {processor.py:183} INFO - Processing /home/ubuntu/.local/lib/python3.10/site-packages/airflow/example_dags/example_branch_operator.py took 0.113 seconds
[2024-01-29T20:05:07.495+0100] {processor.py:161} INFO - Started process (PID=8593) to work on /home/ubuntu/.local/lib/python3.10/site-packages/airflow/example_dags/example_branch_operator.py
[2024-01-29T20:05:07.497+0100] {processor.py:830} INFO - Processing file /home/ubuntu/.local/lib/python3.10/site-packages/airflow/example_dags/example_branch_operator.py for tasks to queue
[2024-01-29T20:05:07.499+0100] {logging_mixin.py:188} INFO - [2024-01-29T20:05:07.498+0100] {dagbag.py:538} INFO - Filling up the DagBag from /home/ubuntu/.local/lib/python3.10/site-packages/airflow/example_dags/example_branch_operator.py
[2024-01-29T20:05:07.600+0100] {processor.py:840} INFO - DAG(s) 'example_branch_operator' retrieved from /home/ubuntu/.local/lib/python3.10/site-packages/airflow/example_dags/example_branch_operator.py
[2024-01-29T20:05:07.736+0100] {logging_mixin.py:188} INFO - [2024-01-29T20:05:07.735+0100] {dag.py:3033} INFO - Sync 1 DAGs
[2024-01-29T20:05:07.853+0100] {logging_mixin.py:188} INFO - [2024-01-29T20:05:07.852+0100] {dag.py:3820} INFO - Setting next_dagrun for example_branch_operator to 2024-01-28T00:00:00+00:00, run_after=2024-01-29T00:00:00+00:00
[2024-01-29T20:05:07.910+0100] {processor.py:183} INFO - Processing /home/ubuntu/.local/lib/python3.10/site-packages/airflow/example_dags/example_branch_operator.py took 0.421 seconds
[2024-01-29T20:06:21.085+0100] {processor.py:161} INFO - Started process (PID=8669) to work on /home/ubuntu/.local/lib/python3.10/site-packages/airflow/example_dags/example_branch_operator.py
[2024-01-29T20:06:21.117+0100] {processor.py:830} INFO - Processing file /home/ubuntu/.local/lib/python3.10/site-packages/airflow/example_dags/example_branch_operator.py for tasks to queue
[2024-01-29T20:06:21.133+0100] {logging_mixin.py:188} INFO - [2024-01-29T20:06:21.132+0100] {dagbag.py:538} INFO - Filling up the DagBag from /home/ubuntu/.local/lib/python3.10/site-packages/airflow/example_dags/example_branch_operator.py
[2024-01-29T20:06:21.288+0100] {processor.py:840} INFO - DAG(s) 'example_branch_operator' retrieved from /home/ubuntu/.local/lib/python3.10/site-packages/airflow/example_dags/example_branch_operator.py
[2024-01-29T20:06:21.560+0100] {logging_mixin.py:188} INFO - [2024-01-29T20:06:21.559+0100] {dag.py:3033} INFO - Sync 1 DAGs
[2024-01-29T20:06:21.669+0100] {logging_mixin.py:188} INFO - [2024-01-29T20:06:21.669+0100] {dag.py:3820} INFO - Setting next_dagrun for example_branch_operator to 2024-01-28T00:00:00+00:00, run_after=2024-01-29T00:00:00+00:00
[2024-01-29T20:06:22.013+0100] {processor.py:183} INFO - Processing /home/ubuntu/.local/lib/python3.10/site-packages/airflow/example_dags/example_branch_operator.py took 0.961 seconds
[2024-01-29T20:07:36.765+0100] {processor.py:161} INFO - Started process (PID=8744) to work on /home/ubuntu/.local/lib/python3.10/site-packages/airflow/example_dags/example_branch_operator.py
[2024-01-29T20:07:36.769+0100] {processor.py:830} INFO - Processing file /home/ubuntu/.local/lib/python3.10/site-packages/airflow/example_dags/example_branch_operator.py for tasks to queue
[2024-01-29T20:07:36.771+0100] {logging_mixin.py:188} INFO - [2024-01-29T20:07:36.770+0100] {dagbag.py:538} INFO - Filling up the DagBag from /home/ubuntu/.local/lib/python3.10/site-packages/airflow/example_dags/example_branch_operator.py
[2024-01-29T20:07:36.852+0100] {processor.py:840} INFO - DAG(s) 'example_branch_operator' retrieved from /home/ubuntu/.local/lib/python3.10/site-packages/airflow/example_dags/example_branch_operator.py
[2024-01-29T20:07:36.977+0100] {logging_mixin.py:188} INFO - [2024-01-29T20:07:36.977+0100] {dag.py:3033} INFO - Sync 1 DAGs
[2024-01-29T20:07:37.097+0100] {logging_mixin.py:188} INFO - [2024-01-29T20:07:37.097+0100] {dag.py:3820} INFO - Setting next_dagrun for example_branch_operator to 2024-01-28T00:00:00+00:00, run_after=2024-01-29T00:00:00+00:00
[2024-01-29T20:07:37.212+0100] {processor.py:183} INFO - Processing /home/ubuntu/.local/lib/python3.10/site-packages/airflow/example_dags/example_branch_operator.py took 0.456 seconds
[2024-01-29T20:08:31.376+0100] {processor.py:161} INFO - Started process (PID=8804) to work on /home/ubuntu/.local/lib/python3.10/site-packages/airflow/example_dags/example_branch_operator.py
[2024-01-29T20:08:31.379+0100] {processor.py:830} INFO - Processing file /home/ubuntu/.local/lib/python3.10/site-packages/airflow/example_dags/example_branch_operator.py for tasks to queue
[2024-01-29T20:08:31.380+0100] {logging_mixin.py:188} INFO - [2024-01-29T20:08:31.379+0100] {dagbag.py:538} INFO - Filling up the DagBag from /home/ubuntu/.local/lib/python3.10/site-packages/airflow/example_dags/example_branch_operator.py
[2024-01-29T20:08:31.399+0100] {processor.py:840} INFO - DAG(s) 'example_branch_operator' retrieved from /home/ubuntu/.local/lib/python3.10/site-packages/airflow/example_dags/example_branch_operator.py
[2024-01-29T20:08:31.421+0100] {logging_mixin.py:188} INFO - [2024-01-29T20:08:31.421+0100] {dag.py:3033} INFO - Sync 1 DAGs
[2024-01-29T20:08:31.445+0100] {logging_mixin.py:188} INFO - [2024-01-29T20:08:31.445+0100] {dag.py:3820} INFO - Setting next_dagrun for example_branch_operator to 2024-01-28T00:00:00+00:00, run_after=2024-01-29T00:00:00+00:00
[2024-01-29T20:08:31.481+0100] {processor.py:183} INFO - Processing /home/ubuntu/.local/lib/python3.10/site-packages/airflow/example_dags/example_branch_operator.py took 0.108 seconds
[2024-01-29T20:09:13.558+0100] {processor.py:161} INFO - Started process (PID=8858) to work on /home/ubuntu/.local/lib/python3.10/site-packages/airflow/example_dags/example_branch_operator.py
[2024-01-29T20:09:13.568+0100] {processor.py:830} INFO - Processing file /home/ubuntu/.local/lib/python3.10/site-packages/airflow/example_dags/example_branch_operator.py for tasks to queue
[2024-01-29T20:09:13.569+0100] {logging_mixin.py:188} INFO - [2024-01-29T20:09:13.569+0100] {dagbag.py:538} INFO - Filling up the DagBag from /home/ubuntu/.local/lib/python3.10/site-packages/airflow/example_dags/example_branch_operator.py
[2024-01-29T20:09:13.586+0100] {processor.py:840} INFO - DAG(s) 'example_branch_operator' retrieved from /home/ubuntu/.local/lib/python3.10/site-packages/airflow/example_dags/example_branch_operator.py
[2024-01-29T20:09:13.606+0100] {logging_mixin.py:188} INFO - [2024-01-29T20:09:13.605+0100] {dag.py:3033} INFO - Sync 1 DAGs
[2024-01-29T20:09:13.624+0100] {logging_mixin.py:188} INFO - [2024-01-29T20:09:13.624+0100] {dag.py:3820} INFO - Setting next_dagrun for example_branch_operator to 2024-01-28T00:00:00+00:00, run_after=2024-01-29T00:00:00+00:00
[2024-01-29T20:09:13.656+0100] {processor.py:183} INFO - Processing /home/ubuntu/.local/lib/python3.10/site-packages/airflow/example_dags/example_branch_operator.py took 0.101 seconds
[2024-01-29T20:10:03.940+0100] {processor.py:161} INFO - Started process (PID=8920) to work on /home/ubuntu/.local/lib/python3.10/site-packages/airflow/example_dags/example_branch_operator.py
[2024-01-29T20:10:03.942+0100] {processor.py:830} INFO - Processing file /home/ubuntu/.local/lib/python3.10/site-packages/airflow/example_dags/example_branch_operator.py for tasks to queue
[2024-01-29T20:10:03.943+0100] {logging_mixin.py:188} INFO - [2024-01-29T20:10:03.943+0100] {dagbag.py:538} INFO - Filling up the DagBag from /home/ubuntu/.local/lib/python3.10/site-packages/airflow/example_dags/example_branch_operator.py
[2024-01-29T20:10:03.962+0100] {processor.py:840} INFO - DAG(s) 'example_branch_operator' retrieved from /home/ubuntu/.local/lib/python3.10/site-packages/airflow/example_dags/example_branch_operator.py
[2024-01-29T20:10:03.986+0100] {logging_mixin.py:188} INFO - [2024-01-29T20:10:03.986+0100] {dag.py:3033} INFO - Sync 1 DAGs
[2024-01-29T20:10:04.007+0100] {logging_mixin.py:188} INFO - [2024-01-29T20:10:04.007+0100] {dag.py:3820} INFO - Setting next_dagrun for example_branch_operator to 2024-01-28T00:00:00+00:00, run_after=2024-01-29T00:00:00+00:00
[2024-01-29T20:10:04.038+0100] {processor.py:183} INFO - Processing /home/ubuntu/.local/lib/python3.10/site-packages/airflow/example_dags/example_branch_operator.py took 0.103 seconds
[2024-01-29T20:10:51.680+0100] {processor.py:161} INFO - Started process (PID=8975) to work on /home/ubuntu/.local/lib/python3.10/site-packages/airflow/example_dags/example_branch_operator.py
[2024-01-29T20:10:51.683+0100] {processor.py:830} INFO - Processing file /home/ubuntu/.local/lib/python3.10/site-packages/airflow/example_dags/example_branch_operator.py for tasks to queue
[2024-01-29T20:10:51.684+0100] {logging_mixin.py:188} INFO - [2024-01-29T20:10:51.683+0100] {dagbag.py:538} INFO - Filling up the DagBag from /home/ubuntu/.local/lib/python3.10/site-packages/airflow/example_dags/example_branch_operator.py
[2024-01-29T20:10:51.704+0100] {processor.py:840} INFO - DAG(s) 'example_branch_operator' retrieved from /home/ubuntu/.local/lib/python3.10/site-packages/airflow/example_dags/example_branch_operator.py
[2024-01-29T20:10:51.729+0100] {logging_mixin.py:188} INFO - [2024-01-29T20:10:51.729+0100] {dag.py:3033} INFO - Sync 1 DAGs
[2024-01-29T20:10:51.757+0100] {logging_mixin.py:188} INFO - [2024-01-29T20:10:51.756+0100] {dag.py:3820} INFO - Setting next_dagrun for example_branch_operator to 2024-01-28T00:00:00+00:00, run_after=2024-01-29T00:00:00+00:00
[2024-01-29T20:10:51.830+0100] {processor.py:183} INFO - Processing /home/ubuntu/.local/lib/python3.10/site-packages/airflow/example_dags/example_branch_operator.py took 0.153 seconds
[2024-01-29T20:11:44.048+0100] {processor.py:161} INFO - Started process (PID=9037) to work on /home/ubuntu/.local/lib/python3.10/site-packages/airflow/example_dags/example_branch_operator.py
[2024-01-29T20:11:44.058+0100] {processor.py:830} INFO - Processing file /home/ubuntu/.local/lib/python3.10/site-packages/airflow/example_dags/example_branch_operator.py for tasks to queue
[2024-01-29T20:11:44.070+0100] {logging_mixin.py:188} INFO - [2024-01-29T20:11:44.070+0100] {dagbag.py:538} INFO - Filling up the DagBag from /home/ubuntu/.local/lib/python3.10/site-packages/airflow/example_dags/example_branch_operator.py
[2024-01-29T20:11:44.161+0100] {processor.py:840} INFO - DAG(s) 'example_branch_operator' retrieved from /home/ubuntu/.local/lib/python3.10/site-packages/airflow/example_dags/example_branch_operator.py
[2024-01-29T20:11:44.279+0100] {logging_mixin.py:188} INFO - [2024-01-29T20:11:44.279+0100] {dag.py:3033} INFO - Sync 1 DAGs
[2024-01-29T20:11:44.347+0100] {logging_mixin.py:188} INFO - [2024-01-29T20:11:44.347+0100] {dag.py:3820} INFO - Setting next_dagrun for example_branch_operator to 2024-01-28T00:00:00+00:00, run_after=2024-01-29T00:00:00+00:00
[2024-01-29T20:11:44.429+0100] {processor.py:183} INFO - Processing /home/ubuntu/.local/lib/python3.10/site-packages/airflow/example_dags/example_branch_operator.py took 0.390 seconds
[2024-01-29T20:12:41.689+0100] {processor.py:161} INFO - Started process (PID=9115) to work on /home/ubuntu/.local/lib/python3.10/site-packages/airflow/example_dags/example_branch_operator.py
[2024-01-29T20:12:41.708+0100] {processor.py:830} INFO - Processing file /home/ubuntu/.local/lib/python3.10/site-packages/airflow/example_dags/example_branch_operator.py for tasks to queue
[2024-01-29T20:12:41.710+0100] {logging_mixin.py:188} INFO - [2024-01-29T20:12:41.710+0100] {dagbag.py:538} INFO - Filling up the DagBag from /home/ubuntu/.local/lib/python3.10/site-packages/airflow/example_dags/example_branch_operator.py
[2024-01-29T20:12:41.865+0100] {processor.py:840} INFO - DAG(s) 'example_branch_operator' retrieved from /home/ubuntu/.local/lib/python3.10/site-packages/airflow/example_dags/example_branch_operator.py
[2024-01-29T20:12:42.044+0100] {logging_mixin.py:188} INFO - [2024-01-29T20:12:42.035+0100] {dag.py:3033} INFO - Sync 1 DAGs
[2024-01-29T20:12:42.142+0100] {logging_mixin.py:188} INFO - [2024-01-29T20:12:42.141+0100] {dag.py:3820} INFO - Setting next_dagrun for example_branch_operator to 2024-01-28T00:00:00+00:00, run_after=2024-01-29T00:00:00+00:00
[2024-01-29T20:12:42.307+0100] {processor.py:183} INFO - Processing /home/ubuntu/.local/lib/python3.10/site-packages/airflow/example_dags/example_branch_operator.py took 0.626 seconds
[2024-01-29T20:13:47.638+0100] {processor.py:161} INFO - Started process (PID=9219) to work on /home/ubuntu/.local/lib/python3.10/site-packages/airflow/example_dags/example_branch_operator.py
[2024-01-29T20:13:47.678+0100] {processor.py:830} INFO - Processing file /home/ubuntu/.local/lib/python3.10/site-packages/airflow/example_dags/example_branch_operator.py for tasks to queue
[2024-01-29T20:13:47.681+0100] {logging_mixin.py:188} INFO - [2024-01-29T20:13:47.680+0100] {dagbag.py:538} INFO - Filling up the DagBag from /home/ubuntu/.local/lib/python3.10/site-packages/airflow/example_dags/example_branch_operator.py
[2024-01-29T20:13:48.444+0100] {processor.py:840} INFO - DAG(s) 'example_branch_operator' retrieved from /home/ubuntu/.local/lib/python3.10/site-packages/airflow/example_dags/example_branch_operator.py
[2024-01-29T20:13:49.027+0100] {logging_mixin.py:188} INFO - [2024-01-29T20:13:49.026+0100] {dag.py:3033} INFO - Sync 1 DAGs
[2024-01-29T20:13:49.256+0100] {logging_mixin.py:188} INFO - [2024-01-29T20:13:49.256+0100] {dag.py:3820} INFO - Setting next_dagrun for example_branch_operator to 2024-01-28T00:00:00+00:00, run_after=2024-01-29T00:00:00+00:00
[2024-01-29T20:13:49.585+0100] {processor.py:183} INFO - Processing /home/ubuntu/.local/lib/python3.10/site-packages/airflow/example_dags/example_branch_operator.py took 1.956 seconds
[2024-01-29T20:14:47.610+0100] {processor.py:161} INFO - Started process (PID=9284) to work on /home/ubuntu/.local/lib/python3.10/site-packages/airflow/example_dags/example_branch_operator.py
[2024-01-29T20:14:47.613+0100] {processor.py:830} INFO - Processing file /home/ubuntu/.local/lib/python3.10/site-packages/airflow/example_dags/example_branch_operator.py for tasks to queue
[2024-01-29T20:14:47.614+0100] {logging_mixin.py:188} INFO - [2024-01-29T20:14:47.613+0100] {dagbag.py:538} INFO - Filling up the DagBag from /home/ubuntu/.local/lib/python3.10/site-packages/airflow/example_dags/example_branch_operator.py
[2024-01-29T20:14:47.632+0100] {processor.py:840} INFO - DAG(s) 'example_branch_operator' retrieved from /home/ubuntu/.local/lib/python3.10/site-packages/airflow/example_dags/example_branch_operator.py
[2024-01-29T20:14:47.674+0100] {logging_mixin.py:188} INFO - [2024-01-29T20:14:47.674+0100] {dag.py:3033} INFO - Sync 1 DAGs
[2024-01-29T20:14:47.696+0100] {logging_mixin.py:188} INFO - [2024-01-29T20:14:47.696+0100] {dag.py:3820} INFO - Setting next_dagrun for example_branch_operator to 2024-01-28T00:00:00+00:00, run_after=2024-01-29T00:00:00+00:00
[2024-01-29T20:14:47.728+0100] {processor.py:183} INFO - Processing /home/ubuntu/.local/lib/python3.10/site-packages/airflow/example_dags/example_branch_operator.py took 0.121 seconds
[2024-01-29T20:15:32.405+0100] {processor.py:161} INFO - Started process (PID=9331) to work on /home/ubuntu/.local/lib/python3.10/site-packages/airflow/example_dags/example_branch_operator.py
[2024-01-29T20:15:32.407+0100] {processor.py:830} INFO - Processing file /home/ubuntu/.local/lib/python3.10/site-packages/airflow/example_dags/example_branch_operator.py for tasks to queue
[2024-01-29T20:15:32.411+0100] {logging_mixin.py:188} INFO - [2024-01-29T20:15:32.410+0100] {dagbag.py:538} INFO - Filling up the DagBag from /home/ubuntu/.local/lib/python3.10/site-packages/airflow/example_dags/example_branch_operator.py
[2024-01-29T20:15:32.442+0100] {processor.py:840} INFO - DAG(s) 'example_branch_operator' retrieved from /home/ubuntu/.local/lib/python3.10/site-packages/airflow/example_dags/example_branch_operator.py
[2024-01-29T20:15:32.480+0100] {logging_mixin.py:188} INFO - [2024-01-29T20:15:32.480+0100] {dag.py:3033} INFO - Sync 1 DAGs
[2024-01-29T20:15:32.504+0100] {logging_mixin.py:188} INFO - [2024-01-29T20:15:32.504+0100] {dag.py:3820} INFO - Setting next_dagrun for example_branch_operator to 2024-01-28T00:00:00+00:00, run_after=2024-01-29T00:00:00+00:00
[2024-01-29T20:15:32.535+0100] {processor.py:183} INFO - Processing /home/ubuntu/.local/lib/python3.10/site-packages/airflow/example_dags/example_branch_operator.py took 0.134 seconds
[2024-01-29T20:16:18.386+0100] {processor.py:161} INFO - Started process (PID=9383) to work on /home/ubuntu/.local/lib/python3.10/site-packages/airflow/example_dags/example_branch_operator.py
[2024-01-29T20:16:18.388+0100] {processor.py:830} INFO - Processing file /home/ubuntu/.local/lib/python3.10/site-packages/airflow/example_dags/example_branch_operator.py for tasks to queue
[2024-01-29T20:16:18.389+0100] {logging_mixin.py:188} INFO - [2024-01-29T20:16:18.389+0100] {dagbag.py:538} INFO - Filling up the DagBag from /home/ubuntu/.local/lib/python3.10/site-packages/airflow/example_dags/example_branch_operator.py
[2024-01-29T20:16:18.411+0100] {processor.py:840} INFO - DAG(s) 'example_branch_operator' retrieved from /home/ubuntu/.local/lib/python3.10/site-packages/airflow/example_dags/example_branch_operator.py
[2024-01-29T20:16:18.446+0100] {logging_mixin.py:188} INFO - [2024-01-29T20:16:18.445+0100] {dag.py:3033} INFO - Sync 1 DAGs
[2024-01-29T20:16:18.473+0100] {logging_mixin.py:188} INFO - [2024-01-29T20:16:18.473+0100] {dag.py:3820} INFO - Setting next_dagrun for example_branch_operator to 2024-01-28T00:00:00+00:00, run_after=2024-01-29T00:00:00+00:00
[2024-01-29T20:16:18.501+0100] {processor.py:183} INFO - Processing /home/ubuntu/.local/lib/python3.10/site-packages/airflow/example_dags/example_branch_operator.py took 0.119 seconds
[2024-01-29T20:17:06.707+0100] {processor.py:161} INFO - Started process (PID=9438) to work on /home/ubuntu/.local/lib/python3.10/site-packages/airflow/example_dags/example_branch_operator.py
[2024-01-29T20:17:06.709+0100] {processor.py:830} INFO - Processing file /home/ubuntu/.local/lib/python3.10/site-packages/airflow/example_dags/example_branch_operator.py for tasks to queue
[2024-01-29T20:17:06.710+0100] {logging_mixin.py:188} INFO - [2024-01-29T20:17:06.710+0100] {dagbag.py:538} INFO - Filling up the DagBag from /home/ubuntu/.local/lib/python3.10/site-packages/airflow/example_dags/example_branch_operator.py
[2024-01-29T20:17:06.730+0100] {processor.py:840} INFO - DAG(s) 'example_branch_operator' retrieved from /home/ubuntu/.local/lib/python3.10/site-packages/airflow/example_dags/example_branch_operator.py
[2024-01-29T20:17:06.756+0100] {logging_mixin.py:188} INFO - [2024-01-29T20:17:06.755+0100] {dag.py:3033} INFO - Sync 1 DAGs
[2024-01-29T20:17:06.780+0100] {logging_mixin.py:188} INFO - [2024-01-29T20:17:06.779+0100] {dag.py:3820} INFO - Setting next_dagrun for example_branch_operator to 2024-01-28T00:00:00+00:00, run_after=2024-01-29T00:00:00+00:00
[2024-01-29T20:17:06.823+0100] {processor.py:183} INFO - Processing /home/ubuntu/.local/lib/python3.10/site-packages/airflow/example_dags/example_branch_operator.py took 0.120 seconds
[2024-01-29T20:17:54.185+0100] {processor.py:161} INFO - Started process (PID=9492) to work on /home/ubuntu/.local/lib/python3.10/site-packages/airflow/example_dags/example_branch_operator.py
[2024-01-29T20:17:54.187+0100] {processor.py:830} INFO - Processing file /home/ubuntu/.local/lib/python3.10/site-packages/airflow/example_dags/example_branch_operator.py for tasks to queue
[2024-01-29T20:17:54.188+0100] {logging_mixin.py:188} INFO - [2024-01-29T20:17:54.188+0100] {dagbag.py:538} INFO - Filling up the DagBag from /home/ubuntu/.local/lib/python3.10/site-packages/airflow/example_dags/example_branch_operator.py
[2024-01-29T20:17:54.214+0100] {processor.py:840} INFO - DAG(s) 'example_branch_operator' retrieved from /home/ubuntu/.local/lib/python3.10/site-packages/airflow/example_dags/example_branch_operator.py
[2024-01-29T20:17:54.241+0100] {logging_mixin.py:188} INFO - [2024-01-29T20:17:54.241+0100] {dag.py:3033} INFO - Sync 1 DAGs
[2024-01-29T20:17:54.258+0100] {logging_mixin.py:188} INFO - [2024-01-29T20:17:54.258+0100] {dag.py:3820} INFO - Setting next_dagrun for example_branch_operator to 2024-01-28T00:00:00+00:00, run_after=2024-01-29T00:00:00+00:00
[2024-01-29T20:17:54.301+0100] {processor.py:183} INFO - Processing /home/ubuntu/.local/lib/python3.10/site-packages/airflow/example_dags/example_branch_operator.py took 0.120 seconds
[2024-01-29T20:18:40.052+0100] {processor.py:161} INFO - Started process (PID=9542) to work on /home/ubuntu/.local/lib/python3.10/site-packages/airflow/example_dags/example_branch_operator.py
[2024-01-29T20:18:40.054+0100] {processor.py:830} INFO - Processing file /home/ubuntu/.local/lib/python3.10/site-packages/airflow/example_dags/example_branch_operator.py for tasks to queue
[2024-01-29T20:18:40.055+0100] {logging_mixin.py:188} INFO - [2024-01-29T20:18:40.054+0100] {dagbag.py:538} INFO - Filling up the DagBag from /home/ubuntu/.local/lib/python3.10/site-packages/airflow/example_dags/example_branch_operator.py
[2024-01-29T20:18:40.075+0100] {processor.py:840} INFO - DAG(s) 'example_branch_operator' retrieved from /home/ubuntu/.local/lib/python3.10/site-packages/airflow/example_dags/example_branch_operator.py
[2024-01-29T20:18:40.098+0100] {logging_mixin.py:188} INFO - [2024-01-29T20:18:40.098+0100] {dag.py:3033} INFO - Sync 1 DAGs
[2024-01-29T20:18:40.118+0100] {logging_mixin.py:188} INFO - [2024-01-29T20:18:40.118+0100] {dag.py:3820} INFO - Setting next_dagrun for example_branch_operator to 2024-01-28T00:00:00+00:00, run_after=2024-01-29T00:00:00+00:00
[2024-01-29T20:18:40.149+0100] {processor.py:183} INFO - Processing /home/ubuntu/.local/lib/python3.10/site-packages/airflow/example_dags/example_branch_operator.py took 0.100 seconds
[2024-01-29T20:19:23.545+0100] {processor.py:161} INFO - Started process (PID=9610) to work on /home/ubuntu/.local/lib/python3.10/site-packages/airflow/example_dags/example_branch_operator.py
[2024-01-29T20:19:23.547+0100] {processor.py:830} INFO - Processing file /home/ubuntu/.local/lib/python3.10/site-packages/airflow/example_dags/example_branch_operator.py for tasks to queue
[2024-01-29T20:19:23.548+0100] {logging_mixin.py:188} INFO - [2024-01-29T20:19:23.548+0100] {dagbag.py:538} INFO - Filling up the DagBag from /home/ubuntu/.local/lib/python3.10/site-packages/airflow/example_dags/example_branch_operator.py
[2024-01-29T20:19:23.574+0100] {processor.py:840} INFO - DAG(s) 'example_branch_operator' retrieved from /home/ubuntu/.local/lib/python3.10/site-packages/airflow/example_dags/example_branch_operator.py
[2024-01-29T20:19:23.607+0100] {logging_mixin.py:188} INFO - [2024-01-29T20:19:23.607+0100] {dag.py:3033} INFO - Sync 1 DAGs
[2024-01-29T20:19:23.631+0100] {logging_mixin.py:188} INFO - [2024-01-29T20:19:23.631+0100] {dag.py:3820} INFO - Setting next_dagrun for example_branch_operator to 2024-01-28T00:00:00+00:00, run_after=2024-01-29T00:00:00+00:00
[2024-01-29T20:19:23.662+0100] {processor.py:183} INFO - Processing /home/ubuntu/.local/lib/python3.10/site-packages/airflow/example_dags/example_branch_operator.py took 0.122 seconds
[2024-01-29T20:20:06.852+0100] {processor.py:161} INFO - Started process (PID=9661) to work on /home/ubuntu/.local/lib/python3.10/site-packages/airflow/example_dags/example_branch_operator.py
[2024-01-29T20:20:06.854+0100] {processor.py:830} INFO - Processing file /home/ubuntu/.local/lib/python3.10/site-packages/airflow/example_dags/example_branch_operator.py for tasks to queue
[2024-01-29T20:20:06.855+0100] {logging_mixin.py:188} INFO - [2024-01-29T20:20:06.855+0100] {dagbag.py:538} INFO - Filling up the DagBag from /home/ubuntu/.local/lib/python3.10/site-packages/airflow/example_dags/example_branch_operator.py
[2024-01-29T20:20:06.876+0100] {processor.py:840} INFO - DAG(s) 'example_branch_operator' retrieved from /home/ubuntu/.local/lib/python3.10/site-packages/airflow/example_dags/example_branch_operator.py
[2024-01-29T20:20:06.898+0100] {logging_mixin.py:188} INFO - [2024-01-29T20:20:06.898+0100] {dag.py:3033} INFO - Sync 1 DAGs
[2024-01-29T20:20:06.920+0100] {logging_mixin.py:188} INFO - [2024-01-29T20:20:06.920+0100] {dag.py:3820} INFO - Setting next_dagrun for example_branch_operator to 2024-01-28T00:00:00+00:00, run_after=2024-01-29T00:00:00+00:00
[2024-01-29T20:20:06.953+0100] {processor.py:183} INFO - Processing /home/ubuntu/.local/lib/python3.10/site-packages/airflow/example_dags/example_branch_operator.py took 0.104 seconds
[2024-01-29T20:20:48.844+0100] {processor.py:161} INFO - Started process (PID=9708) to work on /home/ubuntu/.local/lib/python3.10/site-packages/airflow/example_dags/example_branch_operator.py
[2024-01-29T20:20:48.847+0100] {processor.py:830} INFO - Processing file /home/ubuntu/.local/lib/python3.10/site-packages/airflow/example_dags/example_branch_operator.py for tasks to queue
[2024-01-29T20:20:48.849+0100] {logging_mixin.py:188} INFO - [2024-01-29T20:20:48.848+0100] {dagbag.py:538} INFO - Filling up the DagBag from /home/ubuntu/.local/lib/python3.10/site-packages/airflow/example_dags/example_branch_operator.py
[2024-01-29T20:20:48.879+0100] {processor.py:840} INFO - DAG(s) 'example_branch_operator' retrieved from /home/ubuntu/.local/lib/python3.10/site-packages/airflow/example_dags/example_branch_operator.py
[2024-01-29T20:20:48.922+0100] {logging_mixin.py:188} INFO - [2024-01-29T20:20:48.922+0100] {dag.py:3033} INFO - Sync 1 DAGs
[2024-01-29T20:20:48.955+0100] {logging_mixin.py:188} INFO - [2024-01-29T20:20:48.955+0100] {dag.py:3820} INFO - Setting next_dagrun for example_branch_operator to 2024-01-28T00:00:00+00:00, run_after=2024-01-29T00:00:00+00:00
[2024-01-29T20:20:48.997+0100] {processor.py:183} INFO - Processing /home/ubuntu/.local/lib/python3.10/site-packages/airflow/example_dags/example_branch_operator.py took 0.165 seconds
