[2024-01-29T19:53:44.245+0100] {processor.py:161} INFO - Started process (PID=7791) to work on /home/ubuntu/.local/lib/python3.10/site-packages/airflow/example_dags/example_xcomargs.py
[2024-01-29T19:53:44.247+0100] {processor.py:830} INFO - Processing file /home/ubuntu/.local/lib/python3.10/site-packages/airflow/example_dags/example_xcomargs.py for tasks to queue
[2024-01-29T19:53:44.249+0100] {logging_mixin.py:188} INFO - [2024-01-29T19:53:44.248+0100] {dagbag.py:538} INFO - Filling up the DagBag from /home/ubuntu/.local/lib/python3.10/site-packages/airflow/example_dags/example_xcomargs.py
[2024-01-29T19:53:44.276+0100] {processor.py:840} INFO - DAG(s) 'example_xcom_args', 'example_xcom_args_with_operators' retrieved from /home/ubuntu/.local/lib/python3.10/site-packages/airflow/example_dags/example_xcomargs.py
[2024-01-29T19:53:44.323+0100] {logging_mixin.py:188} INFO - [2024-01-29T19:53:44.323+0100] {dag.py:3033} INFO - Sync 2 DAGs
[2024-01-29T19:53:44.390+0100] {logging_mixin.py:188} INFO - [2024-01-29T19:53:44.390+0100] {dag.py:3820} INFO - Setting next_dagrun for example_xcom_args to None, run_after=None
[2024-01-29T19:53:44.398+0100] {logging_mixin.py:188} INFO - [2024-01-29T19:53:44.398+0100] {dag.py:3820} INFO - Setting next_dagrun for example_xcom_args_with_operators to None, run_after=None
[2024-01-29T19:53:44.513+0100] {processor.py:183} INFO - Processing /home/ubuntu/.local/lib/python3.10/site-packages/airflow/example_dags/example_xcomargs.py took 0.275 seconds
[2024-01-29T19:55:12.036+0100] {processor.py:161} INFO - Started process (PID=7915) to work on /home/ubuntu/.local/lib/python3.10/site-packages/airflow/example_dags/example_xcomargs.py
[2024-01-29T19:55:12.039+0100] {processor.py:830} INFO - Processing file /home/ubuntu/.local/lib/python3.10/site-packages/airflow/example_dags/example_xcomargs.py for tasks to queue
[2024-01-29T19:55:12.040+0100] {logging_mixin.py:188} INFO - [2024-01-29T19:55:12.040+0100] {dagbag.py:538} INFO - Filling up the DagBag from /home/ubuntu/.local/lib/python3.10/site-packages/airflow/example_dags/example_xcomargs.py
[2024-01-29T19:55:12.054+0100] {processor.py:840} INFO - DAG(s) 'example_xcom_args', 'example_xcom_args_with_operators' retrieved from /home/ubuntu/.local/lib/python3.10/site-packages/airflow/example_dags/example_xcomargs.py
[2024-01-29T19:55:12.186+0100] {logging_mixin.py:188} INFO - [2024-01-29T19:55:12.186+0100] {dag.py:3033} INFO - Sync 2 DAGs
[2024-01-29T19:55:12.197+0100] {logging_mixin.py:188} INFO - [2024-01-29T19:55:12.197+0100] {dag.py:3820} INFO - Setting next_dagrun for example_xcom_args to None, run_after=None
[2024-01-29T19:55:12.200+0100] {logging_mixin.py:188} INFO - [2024-01-29T19:55:12.200+0100] {dag.py:3820} INFO - Setting next_dagrun for example_xcom_args_with_operators to None, run_after=None
[2024-01-29T19:55:12.246+0100] {processor.py:183} INFO - Processing /home/ubuntu/.local/lib/python3.10/site-packages/airflow/example_dags/example_xcomargs.py took 0.217 seconds
[2024-01-29T19:55:49.313+0100] {processor.py:161} INFO - Started process (PID=7956) to work on /home/ubuntu/.local/lib/python3.10/site-packages/airflow/example_dags/example_xcomargs.py
[2024-01-29T19:55:49.317+0100] {processor.py:830} INFO - Processing file /home/ubuntu/.local/lib/python3.10/site-packages/airflow/example_dags/example_xcomargs.py for tasks to queue
[2024-01-29T19:55:49.320+0100] {logging_mixin.py:188} INFO - [2024-01-29T19:55:49.318+0100] {dagbag.py:538} INFO - Filling up the DagBag from /home/ubuntu/.local/lib/python3.10/site-packages/airflow/example_dags/example_xcomargs.py
[2024-01-29T19:55:49.372+0100] {processor.py:840} INFO - DAG(s) 'example_xcom_args', 'example_xcom_args_with_operators' retrieved from /home/ubuntu/.local/lib/python3.10/site-packages/airflow/example_dags/example_xcomargs.py
[2024-01-29T19:55:49.478+0100] {logging_mixin.py:188} INFO - [2024-01-29T19:55:49.477+0100] {dag.py:3033} INFO - Sync 2 DAGs
[2024-01-29T19:55:49.546+0100] {logging_mixin.py:188} INFO - [2024-01-29T19:55:49.546+0100] {dag.py:3820} INFO - Setting next_dagrun for example_xcom_args to None, run_after=None
[2024-01-29T19:55:49.568+0100] {logging_mixin.py:188} INFO - [2024-01-29T19:55:49.567+0100] {dag.py:3820} INFO - Setting next_dagrun for example_xcom_args_with_operators to None, run_after=None
[2024-01-29T19:55:49.703+0100] {processor.py:183} INFO - Processing /home/ubuntu/.local/lib/python3.10/site-packages/airflow/example_dags/example_xcomargs.py took 0.411 seconds
[2024-01-29T19:56:34.920+0100] {processor.py:161} INFO - Started process (PID=7992) to work on /home/ubuntu/.local/lib/python3.10/site-packages/airflow/example_dags/example_xcomargs.py
[2024-01-29T19:56:34.926+0100] {processor.py:830} INFO - Processing file /home/ubuntu/.local/lib/python3.10/site-packages/airflow/example_dags/example_xcomargs.py for tasks to queue
[2024-01-29T19:56:34.928+0100] {logging_mixin.py:188} INFO - [2024-01-29T19:56:34.927+0100] {dagbag.py:538} INFO - Filling up the DagBag from /home/ubuntu/.local/lib/python3.10/site-packages/airflow/example_dags/example_xcomargs.py
[2024-01-29T19:56:34.945+0100] {processor.py:840} INFO - DAG(s) 'example_xcom_args_with_operators', 'example_xcom_args' retrieved from /home/ubuntu/.local/lib/python3.10/site-packages/airflow/example_dags/example_xcomargs.py
[2024-01-29T19:56:34.978+0100] {logging_mixin.py:188} INFO - [2024-01-29T19:56:34.978+0100] {dag.py:3033} INFO - Sync 2 DAGs
[2024-01-29T19:56:34.994+0100] {logging_mixin.py:188} INFO - [2024-01-29T19:56:34.994+0100] {dag.py:3820} INFO - Setting next_dagrun for example_xcom_args to None, run_after=None
[2024-01-29T19:56:34.999+0100] {logging_mixin.py:188} INFO - [2024-01-29T19:56:34.999+0100] {dag.py:3820} INFO - Setting next_dagrun for example_xcom_args_with_operators to None, run_after=None
[2024-01-29T19:56:35.047+0100] {processor.py:183} INFO - Processing /home/ubuntu/.local/lib/python3.10/site-packages/airflow/example_dags/example_xcomargs.py took 0.132 seconds
[2024-01-29T19:57:16.971+0100] {processor.py:161} INFO - Started process (PID=8036) to work on /home/ubuntu/.local/lib/python3.10/site-packages/airflow/example_dags/example_xcomargs.py
[2024-01-29T19:57:16.973+0100] {processor.py:830} INFO - Processing file /home/ubuntu/.local/lib/python3.10/site-packages/airflow/example_dags/example_xcomargs.py for tasks to queue
[2024-01-29T19:57:16.974+0100] {logging_mixin.py:188} INFO - [2024-01-29T19:57:16.973+0100] {dagbag.py:538} INFO - Filling up the DagBag from /home/ubuntu/.local/lib/python3.10/site-packages/airflow/example_dags/example_xcomargs.py
[2024-01-29T19:57:16.990+0100] {processor.py:840} INFO - DAG(s) 'example_xcom_args_with_operators', 'example_xcom_args' retrieved from /home/ubuntu/.local/lib/python3.10/site-packages/airflow/example_dags/example_xcomargs.py
[2024-01-29T19:57:17.019+0100] {logging_mixin.py:188} INFO - [2024-01-29T19:57:17.018+0100] {dag.py:3033} INFO - Sync 2 DAGs
[2024-01-29T19:57:17.037+0100] {logging_mixin.py:188} INFO - [2024-01-29T19:57:17.037+0100] {dag.py:3820} INFO - Setting next_dagrun for example_xcom_args to None, run_after=None
[2024-01-29T19:57:17.044+0100] {logging_mixin.py:188} INFO - [2024-01-29T19:57:17.043+0100] {dag.py:3820} INFO - Setting next_dagrun for example_xcom_args_with_operators to None, run_after=None
[2024-01-29T19:57:17.101+0100] {processor.py:183} INFO - Processing /home/ubuntu/.local/lib/python3.10/site-packages/airflow/example_dags/example_xcomargs.py took 0.133 seconds
[2024-01-29T19:58:09.757+0100] {processor.py:161} INFO - Started process (PID=8096) to work on /home/ubuntu/.local/lib/python3.10/site-packages/airflow/example_dags/example_xcomargs.py
[2024-01-29T19:58:09.759+0100] {processor.py:830} INFO - Processing file /home/ubuntu/.local/lib/python3.10/site-packages/airflow/example_dags/example_xcomargs.py for tasks to queue
[2024-01-29T19:58:09.760+0100] {logging_mixin.py:188} INFO - [2024-01-29T19:58:09.759+0100] {dagbag.py:538} INFO - Filling up the DagBag from /home/ubuntu/.local/lib/python3.10/site-packages/airflow/example_dags/example_xcomargs.py
[2024-01-29T19:58:09.772+0100] {processor.py:840} INFO - DAG(s) 'example_xcom_args', 'example_xcom_args_with_operators' retrieved from /home/ubuntu/.local/lib/python3.10/site-packages/airflow/example_dags/example_xcomargs.py
[2024-01-29T19:58:09.794+0100] {logging_mixin.py:188} INFO - [2024-01-29T19:58:09.794+0100] {dag.py:3033} INFO - Sync 2 DAGs
[2024-01-29T19:58:09.809+0100] {logging_mixin.py:188} INFO - [2024-01-29T19:58:09.808+0100] {dag.py:3820} INFO - Setting next_dagrun for example_xcom_args to None, run_after=None
[2024-01-29T19:58:09.812+0100] {logging_mixin.py:188} INFO - [2024-01-29T19:58:09.812+0100] {dag.py:3820} INFO - Setting next_dagrun for example_xcom_args_with_operators to None, run_after=None
[2024-01-29T19:58:09.844+0100] {processor.py:183} INFO - Processing /home/ubuntu/.local/lib/python3.10/site-packages/airflow/example_dags/example_xcomargs.py took 0.091 seconds
[2024-01-29T19:58:56.281+0100] {processor.py:161} INFO - Started process (PID=8149) to work on /home/ubuntu/.local/lib/python3.10/site-packages/airflow/example_dags/example_xcomargs.py
[2024-01-29T19:58:56.283+0100] {processor.py:830} INFO - Processing file /home/ubuntu/.local/lib/python3.10/site-packages/airflow/example_dags/example_xcomargs.py for tasks to queue
[2024-01-29T19:58:56.284+0100] {logging_mixin.py:188} INFO - [2024-01-29T19:58:56.284+0100] {dagbag.py:538} INFO - Filling up the DagBag from /home/ubuntu/.local/lib/python3.10/site-packages/airflow/example_dags/example_xcomargs.py
[2024-01-29T19:58:56.294+0100] {processor.py:840} INFO - DAG(s) 'example_xcom_args_with_operators', 'example_xcom_args' retrieved from /home/ubuntu/.local/lib/python3.10/site-packages/airflow/example_dags/example_xcomargs.py
[2024-01-29T19:58:56.312+0100] {logging_mixin.py:188} INFO - [2024-01-29T19:58:56.312+0100] {dag.py:3033} INFO - Sync 2 DAGs
[2024-01-29T19:58:56.322+0100] {logging_mixin.py:188} INFO - [2024-01-29T19:58:56.322+0100] {dag.py:3820} INFO - Setting next_dagrun for example_xcom_args to None, run_after=None
[2024-01-29T19:58:56.325+0100] {logging_mixin.py:188} INFO - [2024-01-29T19:58:56.325+0100] {dag.py:3820} INFO - Setting next_dagrun for example_xcom_args_with_operators to None, run_after=None
[2024-01-29T19:58:56.353+0100] {processor.py:183} INFO - Processing /home/ubuntu/.local/lib/python3.10/site-packages/airflow/example_dags/example_xcomargs.py took 0.075 seconds
[2024-01-29T19:59:39.253+0100] {processor.py:161} INFO - Started process (PID=8204) to work on /home/ubuntu/.local/lib/python3.10/site-packages/airflow/example_dags/example_xcomargs.py
[2024-01-29T19:59:39.273+0100] {processor.py:830} INFO - Processing file /home/ubuntu/.local/lib/python3.10/site-packages/airflow/example_dags/example_xcomargs.py for tasks to queue
[2024-01-29T19:59:39.274+0100] {logging_mixin.py:188} INFO - [2024-01-29T19:59:39.274+0100] {dagbag.py:538} INFO - Filling up the DagBag from /home/ubuntu/.local/lib/python3.10/site-packages/airflow/example_dags/example_xcomargs.py
[2024-01-29T19:59:39.314+0100] {processor.py:840} INFO - DAG(s) 'example_xcom_args', 'example_xcom_args_with_operators' retrieved from /home/ubuntu/.local/lib/python3.10/site-packages/airflow/example_dags/example_xcomargs.py
[2024-01-29T19:59:39.365+0100] {logging_mixin.py:188} INFO - [2024-01-29T19:59:39.365+0100] {dag.py:3033} INFO - Sync 2 DAGs
[2024-01-29T19:59:39.382+0100] {logging_mixin.py:188} INFO - [2024-01-29T19:59:39.382+0100] {dag.py:3820} INFO - Setting next_dagrun for example_xcom_args to None, run_after=None
[2024-01-29T19:59:39.386+0100] {logging_mixin.py:188} INFO - [2024-01-29T19:59:39.385+0100] {dag.py:3820} INFO - Setting next_dagrun for example_xcom_args_with_operators to None, run_after=None
[2024-01-29T19:59:39.414+0100] {processor.py:183} INFO - Processing /home/ubuntu/.local/lib/python3.10/site-packages/airflow/example_dags/example_xcomargs.py took 0.176 seconds
[2024-01-29T20:00:20.845+0100] {processor.py:161} INFO - Started process (PID=8238) to work on /home/ubuntu/.local/lib/python3.10/site-packages/airflow/example_dags/example_xcomargs.py
[2024-01-29T20:00:20.877+0100] {processor.py:830} INFO - Processing file /home/ubuntu/.local/lib/python3.10/site-packages/airflow/example_dags/example_xcomargs.py for tasks to queue
[2024-01-29T20:00:20.882+0100] {logging_mixin.py:188} INFO - [2024-01-29T20:00:20.882+0100] {dagbag.py:538} INFO - Filling up the DagBag from /home/ubuntu/.local/lib/python3.10/site-packages/airflow/example_dags/example_xcomargs.py
[2024-01-29T20:00:20.936+0100] {processor.py:840} INFO - DAG(s) 'example_xcom_args_with_operators', 'example_xcom_args' retrieved from /home/ubuntu/.local/lib/python3.10/site-packages/airflow/example_dags/example_xcomargs.py
[2024-01-29T20:00:21.015+0100] {logging_mixin.py:188} INFO - [2024-01-29T20:00:21.015+0100] {dag.py:3033} INFO - Sync 2 DAGs
[2024-01-29T20:00:21.073+0100] {logging_mixin.py:188} INFO - [2024-01-29T20:00:21.064+0100] {dag.py:3820} INFO - Setting next_dagrun for example_xcom_args to None, run_after=None
[2024-01-29T20:00:21.082+0100] {logging_mixin.py:188} INFO - [2024-01-29T20:00:21.081+0100] {dag.py:3820} INFO - Setting next_dagrun for example_xcom_args_with_operators to None, run_after=None
[2024-01-29T20:00:21.331+0100] {processor.py:183} INFO - Processing /home/ubuntu/.local/lib/python3.10/site-packages/airflow/example_dags/example_xcomargs.py took 0.514 seconds
[2024-01-29T20:01:03.522+0100] {processor.py:161} INFO - Started process (PID=8281) to work on /home/ubuntu/.local/lib/python3.10/site-packages/airflow/example_dags/example_xcomargs.py
[2024-01-29T20:01:03.525+0100] {processor.py:830} INFO - Processing file /home/ubuntu/.local/lib/python3.10/site-packages/airflow/example_dags/example_xcomargs.py for tasks to queue
[2024-01-29T20:01:03.528+0100] {logging_mixin.py:188} INFO - [2024-01-29T20:01:03.528+0100] {dagbag.py:538} INFO - Filling up the DagBag from /home/ubuntu/.local/lib/python3.10/site-packages/airflow/example_dags/example_xcomargs.py
[2024-01-29T20:01:03.540+0100] {processor.py:840} INFO - DAG(s) 'example_xcom_args', 'example_xcom_args_with_operators' retrieved from /home/ubuntu/.local/lib/python3.10/site-packages/airflow/example_dags/example_xcomargs.py
[2024-01-29T20:01:03.566+0100] {logging_mixin.py:188} INFO - [2024-01-29T20:01:03.566+0100] {dag.py:3033} INFO - Sync 2 DAGs
[2024-01-29T20:01:03.581+0100] {logging_mixin.py:188} INFO - [2024-01-29T20:01:03.581+0100] {dag.py:3820} INFO - Setting next_dagrun for example_xcom_args to None, run_after=None
[2024-01-29T20:01:03.585+0100] {logging_mixin.py:188} INFO - [2024-01-29T20:01:03.585+0100] {dag.py:3820} INFO - Setting next_dagrun for example_xcom_args_with_operators to None, run_after=None
[2024-01-29T20:01:03.649+0100] {processor.py:183} INFO - Processing /home/ubuntu/.local/lib/python3.10/site-packages/airflow/example_dags/example_xcomargs.py took 0.131 seconds
[2024-01-29T20:01:51.281+0100] {processor.py:161} INFO - Started process (PID=8336) to work on /home/ubuntu/.local/lib/python3.10/site-packages/airflow/example_dags/example_xcomargs.py
[2024-01-29T20:01:51.284+0100] {processor.py:830} INFO - Processing file /home/ubuntu/.local/lib/python3.10/site-packages/airflow/example_dags/example_xcomargs.py for tasks to queue
[2024-01-29T20:01:51.286+0100] {logging_mixin.py:188} INFO - [2024-01-29T20:01:51.285+0100] {dagbag.py:538} INFO - Filling up the DagBag from /home/ubuntu/.local/lib/python3.10/site-packages/airflow/example_dags/example_xcomargs.py
[2024-01-29T20:01:51.300+0100] {processor.py:840} INFO - DAG(s) 'example_xcom_args_with_operators', 'example_xcom_args' retrieved from /home/ubuntu/.local/lib/python3.10/site-packages/airflow/example_dags/example_xcomargs.py
[2024-01-29T20:01:51.329+0100] {logging_mixin.py:188} INFO - [2024-01-29T20:01:51.329+0100] {dag.py:3033} INFO - Sync 2 DAGs
[2024-01-29T20:01:51.348+0100] {logging_mixin.py:188} INFO - [2024-01-29T20:01:51.348+0100] {dag.py:3820} INFO - Setting next_dagrun for example_xcom_args to None, run_after=None
[2024-01-29T20:01:51.367+0100] {logging_mixin.py:188} INFO - [2024-01-29T20:01:51.366+0100] {dag.py:3820} INFO - Setting next_dagrun for example_xcom_args_with_operators to None, run_after=None
[2024-01-29T20:01:51.410+0100] {processor.py:183} INFO - Processing /home/ubuntu/.local/lib/python3.10/site-packages/airflow/example_dags/example_xcomargs.py took 0.134 seconds
[2024-01-29T20:02:42.920+0100] {processor.py:161} INFO - Started process (PID=8426) to work on /home/ubuntu/.local/lib/python3.10/site-packages/airflow/example_dags/example_xcomargs.py
[2024-01-29T20:02:42.923+0100] {processor.py:830} INFO - Processing file /home/ubuntu/.local/lib/python3.10/site-packages/airflow/example_dags/example_xcomargs.py for tasks to queue
[2024-01-29T20:02:42.925+0100] {logging_mixin.py:188} INFO - [2024-01-29T20:02:42.924+0100] {dagbag.py:538} INFO - Filling up the DagBag from /home/ubuntu/.local/lib/python3.10/site-packages/airflow/example_dags/example_xcomargs.py
[2024-01-29T20:02:42.946+0100] {processor.py:840} INFO - DAG(s) 'example_xcom_args', 'example_xcom_args_with_operators' retrieved from /home/ubuntu/.local/lib/python3.10/site-packages/airflow/example_dags/example_xcomargs.py
[2024-01-29T20:02:43.113+0100] {logging_mixin.py:188} INFO - [2024-01-29T20:02:43.113+0100] {dag.py:3033} INFO - Sync 2 DAGs
[2024-01-29T20:02:43.162+0100] {logging_mixin.py:188} INFO - [2024-01-29T20:02:43.161+0100] {dag.py:3820} INFO - Setting next_dagrun for example_xcom_args to None, run_after=None
[2024-01-29T20:02:43.197+0100] {logging_mixin.py:188} INFO - [2024-01-29T20:02:43.196+0100] {dag.py:3820} INFO - Setting next_dagrun for example_xcom_args_with_operators to None, run_after=None
[2024-01-29T20:02:43.691+0100] {processor.py:183} INFO - Processing /home/ubuntu/.local/lib/python3.10/site-packages/airflow/example_dags/example_xcomargs.py took 0.781 seconds
[2024-01-29T20:03:16.348+0100] {processor.py:161} INFO - Started process (PID=8460) to work on /home/ubuntu/.local/lib/python3.10/site-packages/airflow/example_dags/example_xcomargs.py
[2024-01-29T20:03:16.350+0100] {processor.py:830} INFO - Processing file /home/ubuntu/.local/lib/python3.10/site-packages/airflow/example_dags/example_xcomargs.py for tasks to queue
[2024-01-29T20:03:16.351+0100] {logging_mixin.py:188} INFO - [2024-01-29T20:03:16.351+0100] {dagbag.py:538} INFO - Filling up the DagBag from /home/ubuntu/.local/lib/python3.10/site-packages/airflow/example_dags/example_xcomargs.py
[2024-01-29T20:03:16.360+0100] {processor.py:840} INFO - DAG(s) 'example_xcom_args', 'example_xcom_args_with_operators' retrieved from /home/ubuntu/.local/lib/python3.10/site-packages/airflow/example_dags/example_xcomargs.py
[2024-01-29T20:03:16.377+0100] {logging_mixin.py:188} INFO - [2024-01-29T20:03:16.377+0100] {dag.py:3033} INFO - Sync 2 DAGs
[2024-01-29T20:03:16.388+0100] {logging_mixin.py:188} INFO - [2024-01-29T20:03:16.388+0100] {dag.py:3820} INFO - Setting next_dagrun for example_xcom_args to None, run_after=None
[2024-01-29T20:03:16.391+0100] {logging_mixin.py:188} INFO - [2024-01-29T20:03:16.391+0100] {dag.py:3820} INFO - Setting next_dagrun for example_xcom_args_with_operators to None, run_after=None
[2024-01-29T20:03:16.417+0100] {processor.py:183} INFO - Processing /home/ubuntu/.local/lib/python3.10/site-packages/airflow/example_dags/example_xcomargs.py took 0.072 seconds
[2024-01-29T20:04:01.997+0100] {processor.py:161} INFO - Started process (PID=8517) to work on /home/ubuntu/.local/lib/python3.10/site-packages/airflow/example_dags/example_xcomargs.py
[2024-01-29T20:04:01.999+0100] {processor.py:830} INFO - Processing file /home/ubuntu/.local/lib/python3.10/site-packages/airflow/example_dags/example_xcomargs.py for tasks to queue
[2024-01-29T20:04:02.000+0100] {logging_mixin.py:188} INFO - [2024-01-29T20:04:02.000+0100] {dagbag.py:538} INFO - Filling up the DagBag from /home/ubuntu/.local/lib/python3.10/site-packages/airflow/example_dags/example_xcomargs.py
[2024-01-29T20:04:02.010+0100] {processor.py:840} INFO - DAG(s) 'example_xcom_args_with_operators', 'example_xcom_args' retrieved from /home/ubuntu/.local/lib/python3.10/site-packages/airflow/example_dags/example_xcomargs.py
[2024-01-29T20:04:02.032+0100] {logging_mixin.py:188} INFO - [2024-01-29T20:04:02.032+0100] {dag.py:3033} INFO - Sync 2 DAGs
[2024-01-29T20:04:02.043+0100] {logging_mixin.py:188} INFO - [2024-01-29T20:04:02.043+0100] {dag.py:3820} INFO - Setting next_dagrun for example_xcom_args to None, run_after=None
[2024-01-29T20:04:02.048+0100] {logging_mixin.py:188} INFO - [2024-01-29T20:04:02.047+0100] {dag.py:3820} INFO - Setting next_dagrun for example_xcom_args_with_operators to None, run_after=None
[2024-01-29T20:04:02.077+0100] {processor.py:183} INFO - Processing /home/ubuntu/.local/lib/python3.10/site-packages/airflow/example_dags/example_xcomargs.py took 0.085 seconds
[2024-01-29T20:04:53.985+0100] {processor.py:161} INFO - Started process (PID=8578) to work on /home/ubuntu/.local/lib/python3.10/site-packages/airflow/example_dags/example_xcomargs.py
[2024-01-29T20:04:53.996+0100] {processor.py:830} INFO - Processing file /home/ubuntu/.local/lib/python3.10/site-packages/airflow/example_dags/example_xcomargs.py for tasks to queue
[2024-01-29T20:04:53.998+0100] {logging_mixin.py:188} INFO - [2024-01-29T20:04:53.997+0100] {dagbag.py:538} INFO - Filling up the DagBag from /home/ubuntu/.local/lib/python3.10/site-packages/airflow/example_dags/example_xcomargs.py
[2024-01-29T20:04:54.024+0100] {processor.py:840} INFO - DAG(s) 'example_xcom_args_with_operators', 'example_xcom_args' retrieved from /home/ubuntu/.local/lib/python3.10/site-packages/airflow/example_dags/example_xcomargs.py
[2024-01-29T20:04:54.119+0100] {logging_mixin.py:188} INFO - [2024-01-29T20:04:54.115+0100] {dag.py:3033} INFO - Sync 2 DAGs
[2024-01-29T20:04:54.179+0100] {logging_mixin.py:188} INFO - [2024-01-29T20:04:54.179+0100] {dag.py:3820} INFO - Setting next_dagrun for example_xcom_args to None, run_after=None
[2024-01-29T20:04:54.224+0100] {logging_mixin.py:188} INFO - [2024-01-29T20:04:54.223+0100] {dag.py:3820} INFO - Setting next_dagrun for example_xcom_args_with_operators to None, run_after=None
[2024-01-29T20:04:54.396+0100] {processor.py:183} INFO - Processing /home/ubuntu/.local/lib/python3.10/site-packages/airflow/example_dags/example_xcomargs.py took 0.431 seconds
[2024-01-29T20:05:32.428+0100] {processor.py:161} INFO - Started process (PID=8613) to work on /home/ubuntu/.local/lib/python3.10/site-packages/airflow/example_dags/example_xcomargs.py
[2024-01-29T20:05:32.432+0100] {processor.py:830} INFO - Processing file /home/ubuntu/.local/lib/python3.10/site-packages/airflow/example_dags/example_xcomargs.py for tasks to queue
[2024-01-29T20:05:32.434+0100] {logging_mixin.py:188} INFO - [2024-01-29T20:05:32.433+0100] {dagbag.py:538} INFO - Filling up the DagBag from /home/ubuntu/.local/lib/python3.10/site-packages/airflow/example_dags/example_xcomargs.py
[2024-01-29T20:05:32.488+0100] {processor.py:840} INFO - DAG(s) 'example_xcom_args_with_operators', 'example_xcom_args' retrieved from /home/ubuntu/.local/lib/python3.10/site-packages/airflow/example_dags/example_xcomargs.py
[2024-01-29T20:05:32.559+0100] {logging_mixin.py:188} INFO - [2024-01-29T20:05:32.559+0100] {dag.py:3033} INFO - Sync 2 DAGs
[2024-01-29T20:05:32.598+0100] {logging_mixin.py:188} INFO - [2024-01-29T20:05:32.597+0100] {dag.py:3820} INFO - Setting next_dagrun for example_xcom_args to None, run_after=None
[2024-01-29T20:05:32.601+0100] {logging_mixin.py:188} INFO - [2024-01-29T20:05:32.601+0100] {dag.py:3820} INFO - Setting next_dagrun for example_xcom_args_with_operators to None, run_after=None
[2024-01-29T20:05:32.725+0100] {processor.py:183} INFO - Processing /home/ubuntu/.local/lib/python3.10/site-packages/airflow/example_dags/example_xcomargs.py took 0.304 seconds
[2024-01-29T20:06:06.387+0100] {processor.py:161} INFO - Started process (PID=8655) to work on /home/ubuntu/.local/lib/python3.10/site-packages/airflow/example_dags/example_xcomargs.py
[2024-01-29T20:06:06.389+0100] {processor.py:830} INFO - Processing file /home/ubuntu/.local/lib/python3.10/site-packages/airflow/example_dags/example_xcomargs.py for tasks to queue
[2024-01-29T20:06:06.392+0100] {logging_mixin.py:188} INFO - [2024-01-29T20:06:06.391+0100] {dagbag.py:538} INFO - Filling up the DagBag from /home/ubuntu/.local/lib/python3.10/site-packages/airflow/example_dags/example_xcomargs.py
[2024-01-29T20:06:06.477+0100] {processor.py:840} INFO - DAG(s) 'example_xcom_args', 'example_xcom_args_with_operators' retrieved from /home/ubuntu/.local/lib/python3.10/site-packages/airflow/example_dags/example_xcomargs.py
[2024-01-29T20:06:06.577+0100] {logging_mixin.py:188} INFO - [2024-01-29T20:06:06.577+0100] {dag.py:3033} INFO - Sync 2 DAGs
[2024-01-29T20:06:06.661+0100] {logging_mixin.py:188} INFO - [2024-01-29T20:06:06.661+0100] {dag.py:3820} INFO - Setting next_dagrun for example_xcom_args to None, run_after=None
[2024-01-29T20:06:06.683+0100] {logging_mixin.py:188} INFO - [2024-01-29T20:06:06.683+0100] {dag.py:3820} INFO - Setting next_dagrun for example_xcom_args_with_operators to None, run_after=None
[2024-01-29T20:06:07.139+0100] {processor.py:183} INFO - Processing /home/ubuntu/.local/lib/python3.10/site-packages/airflow/example_dags/example_xcomargs.py took 0.764 seconds
[2024-01-29T20:06:51.001+0100] {processor.py:161} INFO - Started process (PID=8690) to work on /home/ubuntu/.local/lib/python3.10/site-packages/airflow/example_dags/example_xcomargs.py
[2024-01-29T20:06:51.004+0100] {processor.py:830} INFO - Processing file /home/ubuntu/.local/lib/python3.10/site-packages/airflow/example_dags/example_xcomargs.py for tasks to queue
[2024-01-29T20:06:51.005+0100] {logging_mixin.py:188} INFO - [2024-01-29T20:06:51.005+0100] {dagbag.py:538} INFO - Filling up the DagBag from /home/ubuntu/.local/lib/python3.10/site-packages/airflow/example_dags/example_xcomargs.py
[2024-01-29T20:06:51.016+0100] {processor.py:840} INFO - DAG(s) 'example_xcom_args_with_operators', 'example_xcom_args' retrieved from /home/ubuntu/.local/lib/python3.10/site-packages/airflow/example_dags/example_xcomargs.py
[2024-01-29T20:06:51.042+0100] {logging_mixin.py:188} INFO - [2024-01-29T20:06:51.042+0100] {dag.py:3033} INFO - Sync 2 DAGs
[2024-01-29T20:06:51.054+0100] {logging_mixin.py:188} INFO - [2024-01-29T20:06:51.054+0100] {dag.py:3820} INFO - Setting next_dagrun for example_xcom_args to None, run_after=None
[2024-01-29T20:06:51.058+0100] {logging_mixin.py:188} INFO - [2024-01-29T20:06:51.058+0100] {dag.py:3820} INFO - Setting next_dagrun for example_xcom_args_with_operators to None, run_after=None
[2024-01-29T20:06:51.088+0100] {processor.py:183} INFO - Processing /home/ubuntu/.local/lib/python3.10/site-packages/airflow/example_dags/example_xcomargs.py took 0.092 seconds
[2024-01-29T20:07:28.440+0100] {processor.py:161} INFO - Started process (PID=8736) to work on /home/ubuntu/.local/lib/python3.10/site-packages/airflow/example_dags/example_xcomargs.py
[2024-01-29T20:07:28.445+0100] {processor.py:830} INFO - Processing file /home/ubuntu/.local/lib/python3.10/site-packages/airflow/example_dags/example_xcomargs.py for tasks to queue
[2024-01-29T20:07:28.446+0100] {logging_mixin.py:188} INFO - [2024-01-29T20:07:28.445+0100] {dagbag.py:538} INFO - Filling up the DagBag from /home/ubuntu/.local/lib/python3.10/site-packages/airflow/example_dags/example_xcomargs.py
[2024-01-29T20:07:28.466+0100] {processor.py:840} INFO - DAG(s) 'example_xcom_args_with_operators', 'example_xcom_args' retrieved from /home/ubuntu/.local/lib/python3.10/site-packages/airflow/example_dags/example_xcomargs.py
[2024-01-29T20:07:28.572+0100] {logging_mixin.py:188} INFO - [2024-01-29T20:07:28.571+0100] {dag.py:3033} INFO - Sync 2 DAGs
[2024-01-29T20:07:28.609+0100] {logging_mixin.py:188} INFO - [2024-01-29T20:07:28.608+0100] {dag.py:3820} INFO - Setting next_dagrun for example_xcom_args to None, run_after=None
[2024-01-29T20:07:28.618+0100] {logging_mixin.py:188} INFO - [2024-01-29T20:07:28.617+0100] {dag.py:3820} INFO - Setting next_dagrun for example_xcom_args_with_operators to None, run_after=None
[2024-01-29T20:07:28.897+0100] {processor.py:183} INFO - Processing /home/ubuntu/.local/lib/python3.10/site-packages/airflow/example_dags/example_xcomargs.py took 0.464 seconds
[2024-01-29T20:08:26.221+0100] {processor.py:161} INFO - Started process (PID=8798) to work on /home/ubuntu/.local/lib/python3.10/site-packages/airflow/example_dags/example_xcomargs.py
[2024-01-29T20:08:26.223+0100] {processor.py:830} INFO - Processing file /home/ubuntu/.local/lib/python3.10/site-packages/airflow/example_dags/example_xcomargs.py for tasks to queue
[2024-01-29T20:08:26.224+0100] {logging_mixin.py:188} INFO - [2024-01-29T20:08:26.224+0100] {dagbag.py:538} INFO - Filling up the DagBag from /home/ubuntu/.local/lib/python3.10/site-packages/airflow/example_dags/example_xcomargs.py
[2024-01-29T20:08:26.233+0100] {processor.py:840} INFO - DAG(s) 'example_xcom_args_with_operators', 'example_xcom_args' retrieved from /home/ubuntu/.local/lib/python3.10/site-packages/airflow/example_dags/example_xcomargs.py
[2024-01-29T20:08:26.254+0100] {logging_mixin.py:188} INFO - [2024-01-29T20:08:26.254+0100] {dag.py:3033} INFO - Sync 2 DAGs
[2024-01-29T20:08:26.268+0100] {logging_mixin.py:188} INFO - [2024-01-29T20:08:26.268+0100] {dag.py:3820} INFO - Setting next_dagrun for example_xcom_args to None, run_after=None
[2024-01-29T20:08:26.272+0100] {logging_mixin.py:188} INFO - [2024-01-29T20:08:26.271+0100] {dag.py:3820} INFO - Setting next_dagrun for example_xcom_args_with_operators to None, run_after=None
[2024-01-29T20:08:26.298+0100] {processor.py:183} INFO - Processing /home/ubuntu/.local/lib/python3.10/site-packages/airflow/example_dags/example_xcomargs.py took 0.080 seconds
[2024-01-29T20:09:08.264+0100] {processor.py:161} INFO - Started process (PID=8852) to work on /home/ubuntu/.local/lib/python3.10/site-packages/airflow/example_dags/example_xcomargs.py
[2024-01-29T20:09:08.267+0100] {processor.py:830} INFO - Processing file /home/ubuntu/.local/lib/python3.10/site-packages/airflow/example_dags/example_xcomargs.py for tasks to queue
[2024-01-29T20:09:08.268+0100] {logging_mixin.py:188} INFO - [2024-01-29T20:09:08.268+0100] {dagbag.py:538} INFO - Filling up the DagBag from /home/ubuntu/.local/lib/python3.10/site-packages/airflow/example_dags/example_xcomargs.py
[2024-01-29T20:09:08.284+0100] {processor.py:840} INFO - DAG(s) 'example_xcom_args_with_operators', 'example_xcom_args' retrieved from /home/ubuntu/.local/lib/python3.10/site-packages/airflow/example_dags/example_xcomargs.py
[2024-01-29T20:09:08.322+0100] {logging_mixin.py:188} INFO - [2024-01-29T20:09:08.322+0100] {dag.py:3033} INFO - Sync 2 DAGs
[2024-01-29T20:09:08.342+0100] {logging_mixin.py:188} INFO - [2024-01-29T20:09:08.342+0100] {dag.py:3820} INFO - Setting next_dagrun for example_xcom_args to None, run_after=None
[2024-01-29T20:09:08.348+0100] {logging_mixin.py:188} INFO - [2024-01-29T20:09:08.348+0100] {dag.py:3820} INFO - Setting next_dagrun for example_xcom_args_with_operators to None, run_after=None
[2024-01-29T20:09:08.395+0100] {processor.py:183} INFO - Processing /home/ubuntu/.local/lib/python3.10/site-packages/airflow/example_dags/example_xcomargs.py took 0.135 seconds
[2024-01-29T20:09:54.698+0100] {processor.py:161} INFO - Started process (PID=8912) to work on /home/ubuntu/.local/lib/python3.10/site-packages/airflow/example_dags/example_xcomargs.py
[2024-01-29T20:09:54.702+0100] {processor.py:830} INFO - Processing file /home/ubuntu/.local/lib/python3.10/site-packages/airflow/example_dags/example_xcomargs.py for tasks to queue
[2024-01-29T20:09:54.703+0100] {logging_mixin.py:188} INFO - [2024-01-29T20:09:54.702+0100] {dagbag.py:538} INFO - Filling up the DagBag from /home/ubuntu/.local/lib/python3.10/site-packages/airflow/example_dags/example_xcomargs.py
[2024-01-29T20:09:54.773+0100] {processor.py:840} INFO - DAG(s) 'example_xcom_args_with_operators', 'example_xcom_args' retrieved from /home/ubuntu/.local/lib/python3.10/site-packages/airflow/example_dags/example_xcomargs.py
[2024-01-29T20:09:54.820+0100] {logging_mixin.py:188} INFO - [2024-01-29T20:09:54.819+0100] {dag.py:3033} INFO - Sync 2 DAGs
[2024-01-29T20:09:54.840+0100] {logging_mixin.py:188} INFO - [2024-01-29T20:09:54.839+0100] {dag.py:3820} INFO - Setting next_dagrun for example_xcom_args to None, run_after=None
[2024-01-29T20:09:54.846+0100] {logging_mixin.py:188} INFO - [2024-01-29T20:09:54.845+0100] {dag.py:3820} INFO - Setting next_dagrun for example_xcom_args_with_operators to None, run_after=None
[2024-01-29T20:09:54.876+0100] {processor.py:183} INFO - Processing /home/ubuntu/.local/lib/python3.10/site-packages/airflow/example_dags/example_xcomargs.py took 0.186 seconds
[2024-01-29T20:10:44.177+0100] {processor.py:161} INFO - Started process (PID=8968) to work on /home/ubuntu/.local/lib/python3.10/site-packages/airflow/example_dags/example_xcomargs.py
[2024-01-29T20:10:44.179+0100] {processor.py:830} INFO - Processing file /home/ubuntu/.local/lib/python3.10/site-packages/airflow/example_dags/example_xcomargs.py for tasks to queue
[2024-01-29T20:10:44.180+0100] {logging_mixin.py:188} INFO - [2024-01-29T20:10:44.180+0100] {dagbag.py:538} INFO - Filling up the DagBag from /home/ubuntu/.local/lib/python3.10/site-packages/airflow/example_dags/example_xcomargs.py
[2024-01-29T20:10:44.190+0100] {processor.py:840} INFO - DAG(s) 'example_xcom_args_with_operators', 'example_xcom_args' retrieved from /home/ubuntu/.local/lib/python3.10/site-packages/airflow/example_dags/example_xcomargs.py
[2024-01-29T20:10:44.217+0100] {logging_mixin.py:188} INFO - [2024-01-29T20:10:44.217+0100] {dag.py:3033} INFO - Sync 2 DAGs
[2024-01-29T20:10:44.234+0100] {logging_mixin.py:188} INFO - [2024-01-29T20:10:44.233+0100] {dag.py:3820} INFO - Setting next_dagrun for example_xcom_args to None, run_after=None
[2024-01-29T20:10:44.240+0100] {logging_mixin.py:188} INFO - [2024-01-29T20:10:44.240+0100] {dag.py:3820} INFO - Setting next_dagrun for example_xcom_args_with_operators to None, run_after=None
[2024-01-29T20:10:44.286+0100] {processor.py:183} INFO - Processing /home/ubuntu/.local/lib/python3.10/site-packages/airflow/example_dags/example_xcomargs.py took 0.113 seconds
[2024-01-29T20:11:36.403+0100] {processor.py:161} INFO - Started process (PID=9028) to work on /home/ubuntu/.local/lib/python3.10/site-packages/airflow/example_dags/example_xcomargs.py
[2024-01-29T20:11:36.421+0100] {processor.py:830} INFO - Processing file /home/ubuntu/.local/lib/python3.10/site-packages/airflow/example_dags/example_xcomargs.py for tasks to queue
[2024-01-29T20:11:36.422+0100] {logging_mixin.py:188} INFO - [2024-01-29T20:11:36.422+0100] {dagbag.py:538} INFO - Filling up the DagBag from /home/ubuntu/.local/lib/python3.10/site-packages/airflow/example_dags/example_xcomargs.py
[2024-01-29T20:11:36.436+0100] {processor.py:840} INFO - DAG(s) 'example_xcom_args', 'example_xcom_args_with_operators' retrieved from /home/ubuntu/.local/lib/python3.10/site-packages/airflow/example_dags/example_xcomargs.py
[2024-01-29T20:11:36.457+0100] {logging_mixin.py:188} INFO - [2024-01-29T20:11:36.457+0100] {dag.py:3033} INFO - Sync 2 DAGs
[2024-01-29T20:11:36.471+0100] {logging_mixin.py:188} INFO - [2024-01-29T20:11:36.471+0100] {dag.py:3820} INFO - Setting next_dagrun for example_xcom_args to None, run_after=None
[2024-01-29T20:11:36.474+0100] {logging_mixin.py:188} INFO - [2024-01-29T20:11:36.474+0100] {dag.py:3820} INFO - Setting next_dagrun for example_xcom_args_with_operators to None, run_after=None
[2024-01-29T20:11:36.500+0100] {processor.py:183} INFO - Processing /home/ubuntu/.local/lib/python3.10/site-packages/airflow/example_dags/example_xcomargs.py took 0.100 seconds
[2024-01-29T20:12:33.438+0100] {processor.py:161} INFO - Started process (PID=9104) to work on /home/ubuntu/.local/lib/python3.10/site-packages/airflow/example_dags/example_xcomargs.py
[2024-01-29T20:12:33.440+0100] {processor.py:830} INFO - Processing file /home/ubuntu/.local/lib/python3.10/site-packages/airflow/example_dags/example_xcomargs.py for tasks to queue
[2024-01-29T20:12:33.441+0100] {logging_mixin.py:188} INFO - [2024-01-29T20:12:33.441+0100] {dagbag.py:538} INFO - Filling up the DagBag from /home/ubuntu/.local/lib/python3.10/site-packages/airflow/example_dags/example_xcomargs.py
[2024-01-29T20:12:33.451+0100] {processor.py:840} INFO - DAG(s) 'example_xcom_args_with_operators', 'example_xcom_args' retrieved from /home/ubuntu/.local/lib/python3.10/site-packages/airflow/example_dags/example_xcomargs.py
[2024-01-29T20:12:33.502+0100] {logging_mixin.py:188} INFO - [2024-01-29T20:12:33.502+0100] {dag.py:3033} INFO - Sync 2 DAGs
[2024-01-29T20:12:33.530+0100] {logging_mixin.py:188} INFO - [2024-01-29T20:12:33.530+0100] {dag.py:3820} INFO - Setting next_dagrun for example_xcom_args to None, run_after=None
[2024-01-29T20:12:33.536+0100] {logging_mixin.py:188} INFO - [2024-01-29T20:12:33.536+0100] {dag.py:3820} INFO - Setting next_dagrun for example_xcom_args_with_operators to None, run_after=None
[2024-01-29T20:12:33.583+0100] {processor.py:183} INFO - Processing /home/ubuntu/.local/lib/python3.10/site-packages/airflow/example_dags/example_xcomargs.py took 0.149 seconds
[2024-01-29T20:13:14.899+0100] {processor.py:161} INFO - Started process (PID=9183) to work on /home/ubuntu/.local/lib/python3.10/site-packages/airflow/example_dags/example_xcomargs.py
[2024-01-29T20:13:14.912+0100] {processor.py:830} INFO - Processing file /home/ubuntu/.local/lib/python3.10/site-packages/airflow/example_dags/example_xcomargs.py for tasks to queue
[2024-01-29T20:13:14.913+0100] {logging_mixin.py:188} INFO - [2024-01-29T20:13:14.913+0100] {dagbag.py:538} INFO - Filling up the DagBag from /home/ubuntu/.local/lib/python3.10/site-packages/airflow/example_dags/example_xcomargs.py
[2024-01-29T20:13:14.968+0100] {processor.py:840} INFO - DAG(s) 'example_xcom_args', 'example_xcom_args_with_operators' retrieved from /home/ubuntu/.local/lib/python3.10/site-packages/airflow/example_dags/example_xcomargs.py
[2024-01-29T20:13:15.145+0100] {logging_mixin.py:188} INFO - [2024-01-29T20:13:15.143+0100] {dag.py:3033} INFO - Sync 2 DAGs
[2024-01-29T20:13:15.214+0100] {logging_mixin.py:188} INFO - [2024-01-29T20:13:15.214+0100] {dag.py:3820} INFO - Setting next_dagrun for example_xcom_args to None, run_after=None
[2024-01-29T20:13:15.247+0100] {logging_mixin.py:188} INFO - [2024-01-29T20:13:15.240+0100] {dag.py:3820} INFO - Setting next_dagrun for example_xcom_args_with_operators to None, run_after=None
[2024-01-29T20:13:15.374+0100] {processor.py:183} INFO - Processing /home/ubuntu/.local/lib/python3.10/site-packages/airflow/example_dags/example_xcomargs.py took 0.515 seconds
[2024-01-29T20:14:06.113+0100] {processor.py:161} INFO - Started process (PID=9235) to work on /home/ubuntu/.local/lib/python3.10/site-packages/airflow/example_dags/example_xcomargs.py
[2024-01-29T20:14:06.115+0100] {processor.py:830} INFO - Processing file /home/ubuntu/.local/lib/python3.10/site-packages/airflow/example_dags/example_xcomargs.py for tasks to queue
[2024-01-29T20:14:06.116+0100] {logging_mixin.py:188} INFO - [2024-01-29T20:14:06.116+0100] {dagbag.py:538} INFO - Filling up the DagBag from /home/ubuntu/.local/lib/python3.10/site-packages/airflow/example_dags/example_xcomargs.py
[2024-01-29T20:14:06.125+0100] {processor.py:840} INFO - DAG(s) 'example_xcom_args', 'example_xcom_args_with_operators' retrieved from /home/ubuntu/.local/lib/python3.10/site-packages/airflow/example_dags/example_xcomargs.py
[2024-01-29T20:14:06.142+0100] {logging_mixin.py:188} INFO - [2024-01-29T20:14:06.142+0100] {dag.py:3033} INFO - Sync 2 DAGs
[2024-01-29T20:14:06.154+0100] {logging_mixin.py:188} INFO - [2024-01-29T20:14:06.154+0100] {dag.py:3820} INFO - Setting next_dagrun for example_xcom_args to None, run_after=None
[2024-01-29T20:14:06.156+0100] {logging_mixin.py:188} INFO - [2024-01-29T20:14:06.156+0100] {dag.py:3820} INFO - Setting next_dagrun for example_xcom_args_with_operators to None, run_after=None
[2024-01-29T20:14:06.195+0100] {processor.py:183} INFO - Processing /home/ubuntu/.local/lib/python3.10/site-packages/airflow/example_dags/example_xcomargs.py took 0.085 seconds
[2024-01-29T20:14:39.205+0100] {processor.py:161} INFO - Started process (PID=9270) to work on /home/ubuntu/.local/lib/python3.10/site-packages/airflow/example_dags/example_xcomargs.py
[2024-01-29T20:14:39.208+0100] {processor.py:830} INFO - Processing file /home/ubuntu/.local/lib/python3.10/site-packages/airflow/example_dags/example_xcomargs.py for tasks to queue
[2024-01-29T20:14:39.210+0100] {logging_mixin.py:188} INFO - [2024-01-29T20:14:39.209+0100] {dagbag.py:538} INFO - Filling up the DagBag from /home/ubuntu/.local/lib/python3.10/site-packages/airflow/example_dags/example_xcomargs.py
[2024-01-29T20:14:39.226+0100] {processor.py:840} INFO - DAG(s) 'example_xcom_args', 'example_xcom_args_with_operators' retrieved from /home/ubuntu/.local/lib/python3.10/site-packages/airflow/example_dags/example_xcomargs.py
[2024-01-29T20:14:39.252+0100] {logging_mixin.py:188} INFO - [2024-01-29T20:14:39.251+0100] {dag.py:3033} INFO - Sync 2 DAGs
[2024-01-29T20:14:39.264+0100] {logging_mixin.py:188} INFO - [2024-01-29T20:14:39.264+0100] {dag.py:3820} INFO - Setting next_dagrun for example_xcom_args to None, run_after=None
[2024-01-29T20:14:39.270+0100] {logging_mixin.py:188} INFO - [2024-01-29T20:14:39.269+0100] {dag.py:3820} INFO - Setting next_dagrun for example_xcom_args_with_operators to None, run_after=None
[2024-01-29T20:14:39.297+0100] {processor.py:183} INFO - Processing /home/ubuntu/.local/lib/python3.10/site-packages/airflow/example_dags/example_xcomargs.py took 0.100 seconds
[2024-01-29T20:15:24.295+0100] {processor.py:161} INFO - Started process (PID=9317) to work on /home/ubuntu/.local/lib/python3.10/site-packages/airflow/example_dags/example_xcomargs.py
[2024-01-29T20:15:24.298+0100] {processor.py:830} INFO - Processing file /home/ubuntu/.local/lib/python3.10/site-packages/airflow/example_dags/example_xcomargs.py for tasks to queue
[2024-01-29T20:15:24.299+0100] {logging_mixin.py:188} INFO - [2024-01-29T20:15:24.298+0100] {dagbag.py:538} INFO - Filling up the DagBag from /home/ubuntu/.local/lib/python3.10/site-packages/airflow/example_dags/example_xcomargs.py
[2024-01-29T20:15:24.309+0100] {processor.py:840} INFO - DAG(s) 'example_xcom_args_with_operators', 'example_xcom_args' retrieved from /home/ubuntu/.local/lib/python3.10/site-packages/airflow/example_dags/example_xcomargs.py
[2024-01-29T20:15:24.328+0100] {logging_mixin.py:188} INFO - [2024-01-29T20:15:24.328+0100] {dag.py:3033} INFO - Sync 2 DAGs
[2024-01-29T20:15:24.341+0100] {logging_mixin.py:188} INFO - [2024-01-29T20:15:24.341+0100] {dag.py:3820} INFO - Setting next_dagrun for example_xcom_args to None, run_after=None
[2024-01-29T20:15:24.345+0100] {logging_mixin.py:188} INFO - [2024-01-29T20:15:24.344+0100] {dag.py:3820} INFO - Setting next_dagrun for example_xcom_args_with_operators to None, run_after=None
[2024-01-29T20:15:24.376+0100] {processor.py:183} INFO - Processing /home/ubuntu/.local/lib/python3.10/site-packages/airflow/example_dags/example_xcomargs.py took 0.085 seconds
[2024-01-29T20:16:09.449+0100] {processor.py:161} INFO - Started process (PID=9369) to work on /home/ubuntu/.local/lib/python3.10/site-packages/airflow/example_dags/example_xcomargs.py
[2024-01-29T20:16:09.464+0100] {processor.py:830} INFO - Processing file /home/ubuntu/.local/lib/python3.10/site-packages/airflow/example_dags/example_xcomargs.py for tasks to queue
[2024-01-29T20:16:09.473+0100] {logging_mixin.py:188} INFO - [2024-01-29T20:16:09.465+0100] {dagbag.py:538} INFO - Filling up the DagBag from /home/ubuntu/.local/lib/python3.10/site-packages/airflow/example_dags/example_xcomargs.py
[2024-01-29T20:16:09.491+0100] {processor.py:840} INFO - DAG(s) 'example_xcom_args_with_operators', 'example_xcom_args' retrieved from /home/ubuntu/.local/lib/python3.10/site-packages/airflow/example_dags/example_xcomargs.py
[2024-01-29T20:16:09.525+0100] {logging_mixin.py:188} INFO - [2024-01-29T20:16:09.525+0100] {dag.py:3033} INFO - Sync 2 DAGs
[2024-01-29T20:16:09.543+0100] {logging_mixin.py:188} INFO - [2024-01-29T20:16:09.543+0100] {dag.py:3820} INFO - Setting next_dagrun for example_xcom_args to None, run_after=None
[2024-01-29T20:16:09.548+0100] {logging_mixin.py:188} INFO - [2024-01-29T20:16:09.548+0100] {dag.py:3820} INFO - Setting next_dagrun for example_xcom_args_with_operators to None, run_after=None
[2024-01-29T20:16:09.585+0100] {processor.py:183} INFO - Processing /home/ubuntu/.local/lib/python3.10/site-packages/airflow/example_dags/example_xcomargs.py took 0.148 seconds
[2024-01-29T20:16:57.219+0100] {processor.py:161} INFO - Started process (PID=9421) to work on /home/ubuntu/.local/lib/python3.10/site-packages/airflow/example_dags/example_xcomargs.py
[2024-01-29T20:16:57.222+0100] {processor.py:830} INFO - Processing file /home/ubuntu/.local/lib/python3.10/site-packages/airflow/example_dags/example_xcomargs.py for tasks to queue
[2024-01-29T20:16:57.224+0100] {logging_mixin.py:188} INFO - [2024-01-29T20:16:57.223+0100] {dagbag.py:538} INFO - Filling up the DagBag from /home/ubuntu/.local/lib/python3.10/site-packages/airflow/example_dags/example_xcomargs.py
[2024-01-29T20:16:57.239+0100] {processor.py:840} INFO - DAG(s) 'example_xcom_args', 'example_xcom_args_with_operators' retrieved from /home/ubuntu/.local/lib/python3.10/site-packages/airflow/example_dags/example_xcomargs.py
[2024-01-29T20:16:57.261+0100] {logging_mixin.py:188} INFO - [2024-01-29T20:16:57.261+0100] {dag.py:3033} INFO - Sync 2 DAGs
[2024-01-29T20:16:57.275+0100] {logging_mixin.py:188} INFO - [2024-01-29T20:16:57.275+0100] {dag.py:3820} INFO - Setting next_dagrun for example_xcom_args to None, run_after=None
[2024-01-29T20:16:57.278+0100] {logging_mixin.py:188} INFO - [2024-01-29T20:16:57.278+0100] {dag.py:3820} INFO - Setting next_dagrun for example_xcom_args_with_operators to None, run_after=None
[2024-01-29T20:16:57.304+0100] {processor.py:183} INFO - Processing /home/ubuntu/.local/lib/python3.10/site-packages/airflow/example_dags/example_xcomargs.py took 0.091 seconds
[2024-01-29T20:17:46.787+0100] {processor.py:161} INFO - Started process (PID=9478) to work on /home/ubuntu/.local/lib/python3.10/site-packages/airflow/example_dags/example_xcomargs.py
[2024-01-29T20:17:46.789+0100] {processor.py:830} INFO - Processing file /home/ubuntu/.local/lib/python3.10/site-packages/airflow/example_dags/example_xcomargs.py for tasks to queue
[2024-01-29T20:17:46.790+0100] {logging_mixin.py:188} INFO - [2024-01-29T20:17:46.790+0100] {dagbag.py:538} INFO - Filling up the DagBag from /home/ubuntu/.local/lib/python3.10/site-packages/airflow/example_dags/example_xcomargs.py
[2024-01-29T20:17:46.799+0100] {processor.py:840} INFO - DAG(s) 'example_xcom_args', 'example_xcom_args_with_operators' retrieved from /home/ubuntu/.local/lib/python3.10/site-packages/airflow/example_dags/example_xcomargs.py
[2024-01-29T20:17:46.825+0100] {logging_mixin.py:188} INFO - [2024-01-29T20:17:46.824+0100] {dag.py:3033} INFO - Sync 2 DAGs
[2024-01-29T20:17:46.837+0100] {logging_mixin.py:188} INFO - [2024-01-29T20:17:46.836+0100] {dag.py:3820} INFO - Setting next_dagrun for example_xcom_args to None, run_after=None
[2024-01-29T20:17:46.840+0100] {logging_mixin.py:188} INFO - [2024-01-29T20:17:46.840+0100] {dag.py:3820} INFO - Setting next_dagrun for example_xcom_args_with_operators to None, run_after=None
[2024-01-29T20:17:46.868+0100] {processor.py:183} INFO - Processing /home/ubuntu/.local/lib/python3.10/site-packages/airflow/example_dags/example_xcomargs.py took 0.085 seconds
[2024-01-29T20:18:30.248+0100] {processor.py:161} INFO - Started process (PID=9526) to work on /home/ubuntu/.local/lib/python3.10/site-packages/airflow/example_dags/example_xcomargs.py
[2024-01-29T20:18:30.250+0100] {processor.py:830} INFO - Processing file /home/ubuntu/.local/lib/python3.10/site-packages/airflow/example_dags/example_xcomargs.py for tasks to queue
[2024-01-29T20:18:30.252+0100] {logging_mixin.py:188} INFO - [2024-01-29T20:18:30.251+0100] {dagbag.py:538} INFO - Filling up the DagBag from /home/ubuntu/.local/lib/python3.10/site-packages/airflow/example_dags/example_xcomargs.py
[2024-01-29T20:18:30.262+0100] {processor.py:840} INFO - DAG(s) 'example_xcom_args_with_operators', 'example_xcom_args' retrieved from /home/ubuntu/.local/lib/python3.10/site-packages/airflow/example_dags/example_xcomargs.py
[2024-01-29T20:18:30.283+0100] {logging_mixin.py:188} INFO - [2024-01-29T20:18:30.283+0100] {dag.py:3033} INFO - Sync 2 DAGs
[2024-01-29T20:18:30.297+0100] {logging_mixin.py:188} INFO - [2024-01-29T20:18:30.297+0100] {dag.py:3820} INFO - Setting next_dagrun for example_xcom_args to None, run_after=None
[2024-01-29T20:18:30.300+0100] {logging_mixin.py:188} INFO - [2024-01-29T20:18:30.300+0100] {dag.py:3820} INFO - Setting next_dagrun for example_xcom_args_with_operators to None, run_after=None
[2024-01-29T20:18:30.327+0100] {processor.py:183} INFO - Processing /home/ubuntu/.local/lib/python3.10/site-packages/airflow/example_dags/example_xcomargs.py took 0.082 seconds
[2024-01-29T20:19:14.165+0100] {processor.py:161} INFO - Started process (PID=9593) to work on /home/ubuntu/.local/lib/python3.10/site-packages/airflow/example_dags/example_xcomargs.py
[2024-01-29T20:19:14.168+0100] {processor.py:830} INFO - Processing file /home/ubuntu/.local/lib/python3.10/site-packages/airflow/example_dags/example_xcomargs.py for tasks to queue
[2024-01-29T20:19:14.169+0100] {logging_mixin.py:188} INFO - [2024-01-29T20:19:14.169+0100] {dagbag.py:538} INFO - Filling up the DagBag from /home/ubuntu/.local/lib/python3.10/site-packages/airflow/example_dags/example_xcomargs.py
[2024-01-29T20:19:14.181+0100] {processor.py:840} INFO - DAG(s) 'example_xcom_args', 'example_xcom_args_with_operators' retrieved from /home/ubuntu/.local/lib/python3.10/site-packages/airflow/example_dags/example_xcomargs.py
[2024-01-29T20:19:14.200+0100] {logging_mixin.py:188} INFO - [2024-01-29T20:19:14.200+0100] {dag.py:3033} INFO - Sync 2 DAGs
[2024-01-29T20:19:14.210+0100] {logging_mixin.py:188} INFO - [2024-01-29T20:19:14.210+0100] {dag.py:3820} INFO - Setting next_dagrun for example_xcom_args to None, run_after=None
[2024-01-29T20:19:14.213+0100] {logging_mixin.py:188} INFO - [2024-01-29T20:19:14.212+0100] {dag.py:3820} INFO - Setting next_dagrun for example_xcom_args_with_operators to None, run_after=None
[2024-01-29T20:19:14.248+0100] {processor.py:183} INFO - Processing /home/ubuntu/.local/lib/python3.10/site-packages/airflow/example_dags/example_xcomargs.py took 0.087 seconds
[2024-01-29T20:19:58.915+0100] {processor.py:161} INFO - Started process (PID=9647) to work on /home/ubuntu/.local/lib/python3.10/site-packages/airflow/example_dags/example_xcomargs.py
[2024-01-29T20:19:58.917+0100] {processor.py:830} INFO - Processing file /home/ubuntu/.local/lib/python3.10/site-packages/airflow/example_dags/example_xcomargs.py for tasks to queue
[2024-01-29T20:19:58.919+0100] {logging_mixin.py:188} INFO - [2024-01-29T20:19:58.919+0100] {dagbag.py:538} INFO - Filling up the DagBag from /home/ubuntu/.local/lib/python3.10/site-packages/airflow/example_dags/example_xcomargs.py
[2024-01-29T20:19:58.931+0100] {processor.py:840} INFO - DAG(s) 'example_xcom_args', 'example_xcom_args_with_operators' retrieved from /home/ubuntu/.local/lib/python3.10/site-packages/airflow/example_dags/example_xcomargs.py
[2024-01-29T20:19:58.961+0100] {logging_mixin.py:188} INFO - [2024-01-29T20:19:58.961+0100] {dag.py:3033} INFO - Sync 2 DAGs
[2024-01-29T20:19:58.979+0100] {logging_mixin.py:188} INFO - [2024-01-29T20:19:58.979+0100] {dag.py:3820} INFO - Setting next_dagrun for example_xcom_args to None, run_after=None
[2024-01-29T20:19:58.984+0100] {logging_mixin.py:188} INFO - [2024-01-29T20:19:58.983+0100] {dag.py:3820} INFO - Setting next_dagrun for example_xcom_args_with_operators to None, run_after=None
[2024-01-29T20:19:59.031+0100] {processor.py:183} INFO - Processing /home/ubuntu/.local/lib/python3.10/site-packages/airflow/example_dags/example_xcomargs.py took 0.120 seconds
[2024-01-29T20:20:39.336+0100] {processor.py:161} INFO - Started process (PID=9694) to work on /home/ubuntu/.local/lib/python3.10/site-packages/airflow/example_dags/example_xcomargs.py
[2024-01-29T20:20:39.338+0100] {processor.py:830} INFO - Processing file /home/ubuntu/.local/lib/python3.10/site-packages/airflow/example_dags/example_xcomargs.py for tasks to queue
[2024-01-29T20:20:39.339+0100] {logging_mixin.py:188} INFO - [2024-01-29T20:20:39.339+0100] {dagbag.py:538} INFO - Filling up the DagBag from /home/ubuntu/.local/lib/python3.10/site-packages/airflow/example_dags/example_xcomargs.py
[2024-01-29T20:20:39.348+0100] {processor.py:840} INFO - DAG(s) 'example_xcom_args_with_operators', 'example_xcom_args' retrieved from /home/ubuntu/.local/lib/python3.10/site-packages/airflow/example_dags/example_xcomargs.py
[2024-01-29T20:20:39.369+0100] {logging_mixin.py:188} INFO - [2024-01-29T20:20:39.369+0100] {dag.py:3033} INFO - Sync 2 DAGs
[2024-01-29T20:20:39.380+0100] {logging_mixin.py:188} INFO - [2024-01-29T20:20:39.380+0100] {dag.py:3820} INFO - Setting next_dagrun for example_xcom_args to None, run_after=None
[2024-01-29T20:20:39.383+0100] {logging_mixin.py:188} INFO - [2024-01-29T20:20:39.383+0100] {dag.py:3820} INFO - Setting next_dagrun for example_xcom_args_with_operators to None, run_after=None
[2024-01-29T20:20:39.414+0100] {processor.py:183} INFO - Processing /home/ubuntu/.local/lib/python3.10/site-packages/airflow/example_dags/example_xcomargs.py took 0.081 seconds
