[2024-01-29T19:54:50.073+0100] {processor.py:161} INFO - Started process (PID=7894) to work on /home/ubuntu/.local/lib/python3.10/site-packages/airflow/example_dags/example_skip_dag.py
[2024-01-29T19:54:50.074+0100] {processor.py:830} INFO - Processing file /home/ubuntu/.local/lib/python3.10/site-packages/airflow/example_dags/example_skip_dag.py for tasks to queue
[2024-01-29T19:54:50.076+0100] {logging_mixin.py:188} INFO - [2024-01-29T19:54:50.075+0100] {dagbag.py:538} INFO - Filling up the DagBag from /home/ubuntu/.local/lib/python3.10/site-packages/airflow/example_dags/example_skip_dag.py
[2024-01-29T19:54:50.088+0100] {processor.py:840} INFO - DAG(s) 'example_skip_dag' retrieved from /home/ubuntu/.local/lib/python3.10/site-packages/airflow/example_dags/example_skip_dag.py
[2024-01-29T19:54:50.220+0100] {logging_mixin.py:188} INFO - [2024-01-29T19:54:50.220+0100] {dag.py:3033} INFO - Sync 1 DAGs
[2024-01-29T19:54:50.236+0100] {logging_mixin.py:188} INFO - [2024-01-29T19:54:50.236+0100] {dag.py:3820} INFO - Setting next_dagrun for example_skip_dag to 2024-01-28T00:00:00+00:00, run_after=2024-01-29T00:00:00+00:00
[2024-01-29T19:54:50.299+0100] {processor.py:183} INFO - Processing /home/ubuntu/.local/lib/python3.10/site-packages/airflow/example_dags/example_skip_dag.py took 0.233 seconds
[2024-01-29T19:56:02.767+0100] {processor.py:161} INFO - Started process (PID=7965) to work on /home/ubuntu/.local/lib/python3.10/site-packages/airflow/example_dags/example_skip_dag.py
[2024-01-29T19:56:02.774+0100] {processor.py:830} INFO - Processing file /home/ubuntu/.local/lib/python3.10/site-packages/airflow/example_dags/example_skip_dag.py for tasks to queue
[2024-01-29T19:56:02.782+0100] {logging_mixin.py:188} INFO - [2024-01-29T19:56:02.781+0100] {dagbag.py:538} INFO - Filling up the DagBag from /home/ubuntu/.local/lib/python3.10/site-packages/airflow/example_dags/example_skip_dag.py
[2024-01-29T19:56:02.802+0100] {processor.py:840} INFO - DAG(s) 'example_skip_dag' retrieved from /home/ubuntu/.local/lib/python3.10/site-packages/airflow/example_dags/example_skip_dag.py
[2024-01-29T19:56:02.856+0100] {logging_mixin.py:188} INFO - [2024-01-29T19:56:02.856+0100] {dag.py:3033} INFO - Sync 1 DAGs
[2024-01-29T19:56:02.942+0100] {logging_mixin.py:188} INFO - [2024-01-29T19:56:02.941+0100] {dag.py:3820} INFO - Setting next_dagrun for example_skip_dag to 2024-01-28T00:00:00+00:00, run_after=2024-01-29T00:00:00+00:00
[2024-01-29T19:56:02.996+0100] {processor.py:183} INFO - Processing /home/ubuntu/.local/lib/python3.10/site-packages/airflow/example_dags/example_skip_dag.py took 0.237 seconds
[2024-01-29T19:57:13.035+0100] {processor.py:161} INFO - Started process (PID=8033) to work on /home/ubuntu/.local/lib/python3.10/site-packages/airflow/example_dags/example_skip_dag.py
[2024-01-29T19:57:13.038+0100] {processor.py:830} INFO - Processing file /home/ubuntu/.local/lib/python3.10/site-packages/airflow/example_dags/example_skip_dag.py for tasks to queue
[2024-01-29T19:57:13.040+0100] {logging_mixin.py:188} INFO - [2024-01-29T19:57:13.039+0100] {dagbag.py:538} INFO - Filling up the DagBag from /home/ubuntu/.local/lib/python3.10/site-packages/airflow/example_dags/example_skip_dag.py
[2024-01-29T19:57:13.051+0100] {processor.py:840} INFO - DAG(s) 'example_skip_dag' retrieved from /home/ubuntu/.local/lib/python3.10/site-packages/airflow/example_dags/example_skip_dag.py
[2024-01-29T19:57:13.070+0100] {logging_mixin.py:188} INFO - [2024-01-29T19:57:13.070+0100] {dag.py:3033} INFO - Sync 1 DAGs
[2024-01-29T19:57:13.093+0100] {logging_mixin.py:188} INFO - [2024-01-29T19:57:13.093+0100] {dag.py:3820} INFO - Setting next_dagrun for example_skip_dag to 2024-01-28T00:00:00+00:00, run_after=2024-01-29T00:00:00+00:00
[2024-01-29T19:57:13.129+0100] {processor.py:183} INFO - Processing /home/ubuntu/.local/lib/python3.10/site-packages/airflow/example_dags/example_skip_dag.py took 0.100 seconds
[2024-01-29T19:58:08.386+0100] {processor.py:161} INFO - Started process (PID=8094) to work on /home/ubuntu/.local/lib/python3.10/site-packages/airflow/example_dags/example_skip_dag.py
[2024-01-29T19:58:08.389+0100] {processor.py:830} INFO - Processing file /home/ubuntu/.local/lib/python3.10/site-packages/airflow/example_dags/example_skip_dag.py for tasks to queue
[2024-01-29T19:58:08.390+0100] {logging_mixin.py:188} INFO - [2024-01-29T19:58:08.389+0100] {dagbag.py:538} INFO - Filling up the DagBag from /home/ubuntu/.local/lib/python3.10/site-packages/airflow/example_dags/example_skip_dag.py
[2024-01-29T19:58:08.402+0100] {processor.py:840} INFO - DAG(s) 'example_skip_dag' retrieved from /home/ubuntu/.local/lib/python3.10/site-packages/airflow/example_dags/example_skip_dag.py
[2024-01-29T19:58:08.423+0100] {logging_mixin.py:188} INFO - [2024-01-29T19:58:08.423+0100] {dag.py:3033} INFO - Sync 1 DAGs
[2024-01-29T19:58:08.447+0100] {logging_mixin.py:188} INFO - [2024-01-29T19:58:08.447+0100] {dag.py:3820} INFO - Setting next_dagrun for example_skip_dag to 2024-01-28T00:00:00+00:00, run_after=2024-01-29T00:00:00+00:00
[2024-01-29T19:58:08.475+0100] {processor.py:183} INFO - Processing /home/ubuntu/.local/lib/python3.10/site-packages/airflow/example_dags/example_skip_dag.py took 0.094 seconds
[2024-01-29T19:59:11.216+0100] {processor.py:161} INFO - Started process (PID=8164) to work on /home/ubuntu/.local/lib/python3.10/site-packages/airflow/example_dags/example_skip_dag.py
[2024-01-29T19:59:11.218+0100] {processor.py:830} INFO - Processing file /home/ubuntu/.local/lib/python3.10/site-packages/airflow/example_dags/example_skip_dag.py for tasks to queue
[2024-01-29T19:59:11.219+0100] {logging_mixin.py:188} INFO - [2024-01-29T19:59:11.219+0100] {dagbag.py:538} INFO - Filling up the DagBag from /home/ubuntu/.local/lib/python3.10/site-packages/airflow/example_dags/example_skip_dag.py
[2024-01-29T19:59:11.228+0100] {processor.py:840} INFO - DAG(s) 'example_skip_dag' retrieved from /home/ubuntu/.local/lib/python3.10/site-packages/airflow/example_dags/example_skip_dag.py
[2024-01-29T19:59:11.247+0100] {logging_mixin.py:188} INFO - [2024-01-29T19:59:11.246+0100] {dag.py:3033} INFO - Sync 1 DAGs
[2024-01-29T19:59:11.267+0100] {logging_mixin.py:188} INFO - [2024-01-29T19:59:11.266+0100] {dag.py:3820} INFO - Setting next_dagrun for example_skip_dag to 2024-01-28T00:00:00+00:00, run_after=2024-01-29T00:00:00+00:00
[2024-01-29T19:59:11.305+0100] {processor.py:183} INFO - Processing /home/ubuntu/.local/lib/python3.10/site-packages/airflow/example_dags/example_skip_dag.py took 0.094 seconds
[2024-01-29T20:00:50.540+0100] {processor.py:161} INFO - Started process (PID=8268) to work on /home/ubuntu/.local/lib/python3.10/site-packages/airflow/example_dags/example_skip_dag.py
[2024-01-29T20:00:50.547+0100] {processor.py:830} INFO - Processing file /home/ubuntu/.local/lib/python3.10/site-packages/airflow/example_dags/example_skip_dag.py for tasks to queue
[2024-01-29T20:00:50.548+0100] {logging_mixin.py:188} INFO - [2024-01-29T20:00:50.548+0100] {dagbag.py:538} INFO - Filling up the DagBag from /home/ubuntu/.local/lib/python3.10/site-packages/airflow/example_dags/example_skip_dag.py
[2024-01-29T20:00:50.557+0100] {processor.py:840} INFO - DAG(s) 'example_skip_dag' retrieved from /home/ubuntu/.local/lib/python3.10/site-packages/airflow/example_dags/example_skip_dag.py
[2024-01-29T20:00:50.575+0100] {logging_mixin.py:188} INFO - [2024-01-29T20:00:50.575+0100] {dag.py:3033} INFO - Sync 1 DAGs
[2024-01-29T20:00:50.596+0100] {logging_mixin.py:188} INFO - [2024-01-29T20:00:50.596+0100] {dag.py:3820} INFO - Setting next_dagrun for example_skip_dag to 2024-01-28T00:00:00+00:00, run_after=2024-01-29T00:00:00+00:00
[2024-01-29T20:00:50.625+0100] {processor.py:183} INFO - Processing /home/ubuntu/.local/lib/python3.10/site-packages/airflow/example_dags/example_skip_dag.py took 0.087 seconds
[2024-01-29T20:01:42.882+0100] {processor.py:161} INFO - Started process (PID=8327) to work on /home/ubuntu/.local/lib/python3.10/site-packages/airflow/example_dags/example_skip_dag.py
[2024-01-29T20:01:42.892+0100] {processor.py:830} INFO - Processing file /home/ubuntu/.local/lib/python3.10/site-packages/airflow/example_dags/example_skip_dag.py for tasks to queue
[2024-01-29T20:01:42.893+0100] {logging_mixin.py:188} INFO - [2024-01-29T20:01:42.893+0100] {dagbag.py:538} INFO - Filling up the DagBag from /home/ubuntu/.local/lib/python3.10/site-packages/airflow/example_dags/example_skip_dag.py
[2024-01-29T20:01:42.903+0100] {processor.py:840} INFO - DAG(s) 'example_skip_dag' retrieved from /home/ubuntu/.local/lib/python3.10/site-packages/airflow/example_dags/example_skip_dag.py
[2024-01-29T20:01:42.925+0100] {logging_mixin.py:188} INFO - [2024-01-29T20:01:42.922+0100] {dag.py:3033} INFO - Sync 1 DAGs
[2024-01-29T20:01:42.948+0100] {logging_mixin.py:188} INFO - [2024-01-29T20:01:42.948+0100] {dag.py:3820} INFO - Setting next_dagrun for example_skip_dag to 2024-01-28T00:00:00+00:00, run_after=2024-01-29T00:00:00+00:00
[2024-01-29T20:01:42.976+0100] {processor.py:183} INFO - Processing /home/ubuntu/.local/lib/python3.10/site-packages/airflow/example_dags/example_skip_dag.py took 0.104 seconds
[2024-01-29T20:03:03.040+0100] {processor.py:161} INFO - Started process (PID=8447) to work on /home/ubuntu/.local/lib/python3.10/site-packages/airflow/example_dags/example_skip_dag.py
[2024-01-29T20:03:03.043+0100] {processor.py:830} INFO - Processing file /home/ubuntu/.local/lib/python3.10/site-packages/airflow/example_dags/example_skip_dag.py for tasks to queue
[2024-01-29T20:03:03.044+0100] {logging_mixin.py:188} INFO - [2024-01-29T20:03:03.043+0100] {dagbag.py:538} INFO - Filling up the DagBag from /home/ubuntu/.local/lib/python3.10/site-packages/airflow/example_dags/example_skip_dag.py
[2024-01-29T20:03:03.051+0100] {processor.py:840} INFO - DAG(s) 'example_skip_dag' retrieved from /home/ubuntu/.local/lib/python3.10/site-packages/airflow/example_dags/example_skip_dag.py
[2024-01-29T20:03:03.067+0100] {logging_mixin.py:188} INFO - [2024-01-29T20:03:03.066+0100] {dag.py:3033} INFO - Sync 1 DAGs
[2024-01-29T20:03:03.086+0100] {logging_mixin.py:188} INFO - [2024-01-29T20:03:03.086+0100] {dag.py:3820} INFO - Setting next_dagrun for example_skip_dag to 2024-01-28T00:00:00+00:00, run_after=2024-01-29T00:00:00+00:00
[2024-01-29T20:03:03.138+0100] {processor.py:183} INFO - Processing /home/ubuntu/.local/lib/python3.10/site-packages/airflow/example_dags/example_skip_dag.py took 0.101 seconds
[2024-01-29T20:03:53.977+0100] {processor.py:161} INFO - Started process (PID=8509) to work on /home/ubuntu/.local/lib/python3.10/site-packages/airflow/example_dags/example_skip_dag.py
[2024-01-29T20:03:53.979+0100] {processor.py:830} INFO - Processing file /home/ubuntu/.local/lib/python3.10/site-packages/airflow/example_dags/example_skip_dag.py for tasks to queue
[2024-01-29T20:03:53.980+0100] {logging_mixin.py:188} INFO - [2024-01-29T20:03:53.980+0100] {dagbag.py:538} INFO - Filling up the DagBag from /home/ubuntu/.local/lib/python3.10/site-packages/airflow/example_dags/example_skip_dag.py
[2024-01-29T20:03:53.989+0100] {processor.py:840} INFO - DAG(s) 'example_skip_dag' retrieved from /home/ubuntu/.local/lib/python3.10/site-packages/airflow/example_dags/example_skip_dag.py
[2024-01-29T20:03:54.006+0100] {logging_mixin.py:188} INFO - [2024-01-29T20:03:54.005+0100] {dag.py:3033} INFO - Sync 1 DAGs
[2024-01-29T20:03:54.025+0100] {logging_mixin.py:188} INFO - [2024-01-29T20:03:54.025+0100] {dag.py:3820} INFO - Setting next_dagrun for example_skip_dag to 2024-01-28T00:00:00+00:00, run_after=2024-01-29T00:00:00+00:00
[2024-01-29T20:03:54.059+0100] {processor.py:183} INFO - Processing /home/ubuntu/.local/lib/python3.10/site-packages/airflow/example_dags/example_skip_dag.py took 0.085 seconds
[2024-01-29T20:05:12.983+0100] {processor.py:161} INFO - Started process (PID=8599) to work on /home/ubuntu/.local/lib/python3.10/site-packages/airflow/example_dags/example_skip_dag.py
[2024-01-29T20:05:12.987+0100] {processor.py:830} INFO - Processing file /home/ubuntu/.local/lib/python3.10/site-packages/airflow/example_dags/example_skip_dag.py for tasks to queue
[2024-01-29T20:05:12.989+0100] {logging_mixin.py:188} INFO - [2024-01-29T20:05:12.988+0100] {dagbag.py:538} INFO - Filling up the DagBag from /home/ubuntu/.local/lib/python3.10/site-packages/airflow/example_dags/example_skip_dag.py
[2024-01-29T20:05:13.017+0100] {processor.py:840} INFO - DAG(s) 'example_skip_dag' retrieved from /home/ubuntu/.local/lib/python3.10/site-packages/airflow/example_dags/example_skip_dag.py
[2024-01-29T20:05:13.085+0100] {logging_mixin.py:188} INFO - [2024-01-29T20:05:13.084+0100] {dag.py:3033} INFO - Sync 1 DAGs
[2024-01-29T20:05:13.108+0100] {logging_mixin.py:188} INFO - [2024-01-29T20:05:13.108+0100] {dag.py:3820} INFO - Setting next_dagrun for example_skip_dag to 2024-01-28T00:00:00+00:00, run_after=2024-01-29T00:00:00+00:00
[2024-01-29T20:05:13.145+0100] {processor.py:183} INFO - Processing /home/ubuntu/.local/lib/python3.10/site-packages/airflow/example_dags/example_skip_dag.py took 0.167 seconds
[2024-01-29T20:06:32.400+0100] {processor.py:161} INFO - Started process (PID=8675) to work on /home/ubuntu/.local/lib/python3.10/site-packages/airflow/example_dags/example_skip_dag.py
[2024-01-29T20:06:32.418+0100] {processor.py:830} INFO - Processing file /home/ubuntu/.local/lib/python3.10/site-packages/airflow/example_dags/example_skip_dag.py for tasks to queue
[2024-01-29T20:06:32.427+0100] {logging_mixin.py:188} INFO - [2024-01-29T20:06:32.418+0100] {dagbag.py:538} INFO - Filling up the DagBag from /home/ubuntu/.local/lib/python3.10/site-packages/airflow/example_dags/example_skip_dag.py
[2024-01-29T20:06:32.456+0100] {processor.py:840} INFO - DAG(s) 'example_skip_dag' retrieved from /home/ubuntu/.local/lib/python3.10/site-packages/airflow/example_dags/example_skip_dag.py
[2024-01-29T20:06:32.558+0100] {logging_mixin.py:188} INFO - [2024-01-29T20:06:32.558+0100] {dag.py:3033} INFO - Sync 1 DAGs
[2024-01-29T20:06:32.806+0100] {logging_mixin.py:188} INFO - [2024-01-29T20:06:32.805+0100] {dag.py:3820} INFO - Setting next_dagrun for example_skip_dag to 2024-01-28T00:00:00+00:00, run_after=2024-01-29T00:00:00+00:00
[2024-01-29T20:06:33.518+0100] {processor.py:183} INFO - Processing /home/ubuntu/.local/lib/python3.10/site-packages/airflow/example_dags/example_skip_dag.py took 1.152 seconds
[2024-01-29T20:07:43.209+0100] {processor.py:161} INFO - Started process (PID=8753) to work on /home/ubuntu/.local/lib/python3.10/site-packages/airflow/example_dags/example_skip_dag.py
[2024-01-29T20:07:43.247+0100] {processor.py:830} INFO - Processing file /home/ubuntu/.local/lib/python3.10/site-packages/airflow/example_dags/example_skip_dag.py for tasks to queue
[2024-01-29T20:07:43.248+0100] {logging_mixin.py:188} INFO - [2024-01-29T20:07:43.248+0100] {dagbag.py:538} INFO - Filling up the DagBag from /home/ubuntu/.local/lib/python3.10/site-packages/airflow/example_dags/example_skip_dag.py
[2024-01-29T20:07:43.303+0100] {processor.py:840} INFO - DAG(s) 'example_skip_dag' retrieved from /home/ubuntu/.local/lib/python3.10/site-packages/airflow/example_dags/example_skip_dag.py
[2024-01-29T20:07:43.398+0100] {logging_mixin.py:188} INFO - [2024-01-29T20:07:43.398+0100] {dag.py:3033} INFO - Sync 1 DAGs
[2024-01-29T20:07:43.443+0100] {logging_mixin.py:188} INFO - [2024-01-29T20:07:43.442+0100] {dag.py:3820} INFO - Setting next_dagrun for example_skip_dag to 2024-01-28T00:00:00+00:00, run_after=2024-01-29T00:00:00+00:00
[2024-01-29T20:07:43.512+0100] {processor.py:183} INFO - Processing /home/ubuntu/.local/lib/python3.10/site-packages/airflow/example_dags/example_skip_dag.py took 0.363 seconds
[2024-01-29T20:08:36.632+0100] {processor.py:161} INFO - Started process (PID=8809) to work on /home/ubuntu/.local/lib/python3.10/site-packages/airflow/example_dags/example_skip_dag.py
[2024-01-29T20:08:36.634+0100] {processor.py:830} INFO - Processing file /home/ubuntu/.local/lib/python3.10/site-packages/airflow/example_dags/example_skip_dag.py for tasks to queue
[2024-01-29T20:08:36.635+0100] {logging_mixin.py:188} INFO - [2024-01-29T20:08:36.635+0100] {dagbag.py:538} INFO - Filling up the DagBag from /home/ubuntu/.local/lib/python3.10/site-packages/airflow/example_dags/example_skip_dag.py
[2024-01-29T20:08:36.645+0100] {processor.py:840} INFO - DAG(s) 'example_skip_dag' retrieved from /home/ubuntu/.local/lib/python3.10/site-packages/airflow/example_dags/example_skip_dag.py
[2024-01-29T20:08:36.663+0100] {logging_mixin.py:188} INFO - [2024-01-29T20:08:36.662+0100] {dag.py:3033} INFO - Sync 1 DAGs
[2024-01-29T20:08:36.682+0100] {logging_mixin.py:188} INFO - [2024-01-29T20:08:36.682+0100] {dag.py:3820} INFO - Setting next_dagrun for example_skip_dag to 2024-01-28T00:00:00+00:00, run_after=2024-01-29T00:00:00+00:00
[2024-01-29T20:08:36.712+0100] {processor.py:183} INFO - Processing /home/ubuntu/.local/lib/python3.10/site-packages/airflow/example_dags/example_skip_dag.py took 0.083 seconds
[2024-01-29T20:09:24.057+0100] {processor.py:161} INFO - Started process (PID=8867) to work on /home/ubuntu/.local/lib/python3.10/site-packages/airflow/example_dags/example_skip_dag.py
[2024-01-29T20:09:24.059+0100] {processor.py:830} INFO - Processing file /home/ubuntu/.local/lib/python3.10/site-packages/airflow/example_dags/example_skip_dag.py for tasks to queue
[2024-01-29T20:09:24.060+0100] {logging_mixin.py:188} INFO - [2024-01-29T20:09:24.060+0100] {dagbag.py:538} INFO - Filling up the DagBag from /home/ubuntu/.local/lib/python3.10/site-packages/airflow/example_dags/example_skip_dag.py
[2024-01-29T20:09:24.069+0100] {processor.py:840} INFO - DAG(s) 'example_skip_dag' retrieved from /home/ubuntu/.local/lib/python3.10/site-packages/airflow/example_dags/example_skip_dag.py
[2024-01-29T20:09:24.087+0100] {logging_mixin.py:188} INFO - [2024-01-29T20:09:24.087+0100] {dag.py:3033} INFO - Sync 1 DAGs
[2024-01-29T20:09:24.111+0100] {logging_mixin.py:188} INFO - [2024-01-29T20:09:24.111+0100] {dag.py:3820} INFO - Setting next_dagrun for example_skip_dag to 2024-01-28T00:00:00+00:00, run_after=2024-01-29T00:00:00+00:00
[2024-01-29T20:09:24.147+0100] {processor.py:183} INFO - Processing /home/ubuntu/.local/lib/python3.10/site-packages/airflow/example_dags/example_skip_dag.py took 0.095 seconds
[2024-01-29T20:10:17.501+0100] {processor.py:161} INFO - Started process (PID=8936) to work on /home/ubuntu/.local/lib/python3.10/site-packages/airflow/example_dags/example_skip_dag.py
[2024-01-29T20:10:17.504+0100] {processor.py:830} INFO - Processing file /home/ubuntu/.local/lib/python3.10/site-packages/airflow/example_dags/example_skip_dag.py for tasks to queue
[2024-01-29T20:10:17.505+0100] {logging_mixin.py:188} INFO - [2024-01-29T20:10:17.504+0100] {dagbag.py:538} INFO - Filling up the DagBag from /home/ubuntu/.local/lib/python3.10/site-packages/airflow/example_dags/example_skip_dag.py
[2024-01-29T20:10:17.513+0100] {processor.py:840} INFO - DAG(s) 'example_skip_dag' retrieved from /home/ubuntu/.local/lib/python3.10/site-packages/airflow/example_dags/example_skip_dag.py
[2024-01-29T20:10:17.530+0100] {logging_mixin.py:188} INFO - [2024-01-29T20:10:17.530+0100] {dag.py:3033} INFO - Sync 1 DAGs
[2024-01-29T20:10:17.551+0100] {logging_mixin.py:188} INFO - [2024-01-29T20:10:17.550+0100] {dag.py:3820} INFO - Setting next_dagrun for example_skip_dag to 2024-01-28T00:00:00+00:00, run_after=2024-01-29T00:00:00+00:00
[2024-01-29T20:10:17.581+0100] {processor.py:183} INFO - Processing /home/ubuntu/.local/lib/python3.10/site-packages/airflow/example_dags/example_skip_dag.py took 0.084 seconds
[2024-01-29T20:11:27.562+0100] {processor.py:161} INFO - Started process (PID=9020) to work on /home/ubuntu/.local/lib/python3.10/site-packages/airflow/example_dags/example_skip_dag.py
[2024-01-29T20:11:27.564+0100] {processor.py:830} INFO - Processing file /home/ubuntu/.local/lib/python3.10/site-packages/airflow/example_dags/example_skip_dag.py for tasks to queue
[2024-01-29T20:11:27.565+0100] {logging_mixin.py:188} INFO - [2024-01-29T20:11:27.565+0100] {dagbag.py:538} INFO - Filling up the DagBag from /home/ubuntu/.local/lib/python3.10/site-packages/airflow/example_dags/example_skip_dag.py
[2024-01-29T20:11:27.576+0100] {processor.py:840} INFO - DAG(s) 'example_skip_dag' retrieved from /home/ubuntu/.local/lib/python3.10/site-packages/airflow/example_dags/example_skip_dag.py
[2024-01-29T20:11:27.596+0100] {logging_mixin.py:188} INFO - [2024-01-29T20:11:27.595+0100] {dag.py:3033} INFO - Sync 1 DAGs
[2024-01-29T20:11:27.618+0100] {logging_mixin.py:188} INFO - [2024-01-29T20:11:27.617+0100] {dag.py:3820} INFO - Setting next_dagrun for example_skip_dag to 2024-01-28T00:00:00+00:00, run_after=2024-01-29T00:00:00+00:00
[2024-01-29T20:11:27.656+0100] {processor.py:183} INFO - Processing /home/ubuntu/.local/lib/python3.10/site-packages/airflow/example_dags/example_skip_dag.py took 0.097 seconds
[2024-01-29T20:12:23.887+0100] {processor.py:161} INFO - Started process (PID=9094) to work on /home/ubuntu/.local/lib/python3.10/site-packages/airflow/example_dags/example_skip_dag.py
[2024-01-29T20:12:23.914+0100] {processor.py:830} INFO - Processing file /home/ubuntu/.local/lib/python3.10/site-packages/airflow/example_dags/example_skip_dag.py for tasks to queue
[2024-01-29T20:12:23.921+0100] {logging_mixin.py:188} INFO - [2024-01-29T20:12:23.915+0100] {dagbag.py:538} INFO - Filling up the DagBag from /home/ubuntu/.local/lib/python3.10/site-packages/airflow/example_dags/example_skip_dag.py
[2024-01-29T20:12:23.977+0100] {processor.py:840} INFO - DAG(s) 'example_skip_dag' retrieved from /home/ubuntu/.local/lib/python3.10/site-packages/airflow/example_dags/example_skip_dag.py
[2024-01-29T20:12:24.026+0100] {logging_mixin.py:188} INFO - [2024-01-29T20:12:24.026+0100] {dag.py:3033} INFO - Sync 1 DAGs
[2024-01-29T20:12:24.165+0100] {logging_mixin.py:188} INFO - [2024-01-29T20:12:24.165+0100] {dag.py:3820} INFO - Setting next_dagrun for example_skip_dag to 2024-01-28T00:00:00+00:00, run_after=2024-01-29T00:00:00+00:00
[2024-01-29T20:12:24.474+0100] {processor.py:183} INFO - Processing /home/ubuntu/.local/lib/python3.10/site-packages/airflow/example_dags/example_skip_dag.py took 0.605 seconds
[2024-01-29T20:13:53.859+0100] {processor.py:161} INFO - Started process (PID=9223) to work on /home/ubuntu/.local/lib/python3.10/site-packages/airflow/example_dags/example_skip_dag.py
[2024-01-29T20:13:53.863+0100] {processor.py:830} INFO - Processing file /home/ubuntu/.local/lib/python3.10/site-packages/airflow/example_dags/example_skip_dag.py for tasks to queue
[2024-01-29T20:13:53.864+0100] {logging_mixin.py:188} INFO - [2024-01-29T20:13:53.863+0100] {dagbag.py:538} INFO - Filling up the DagBag from /home/ubuntu/.local/lib/python3.10/site-packages/airflow/example_dags/example_skip_dag.py
[2024-01-29T20:13:53.878+0100] {processor.py:840} INFO - DAG(s) 'example_skip_dag' retrieved from /home/ubuntu/.local/lib/python3.10/site-packages/airflow/example_dags/example_skip_dag.py
[2024-01-29T20:13:53.897+0100] {logging_mixin.py:188} INFO - [2024-01-29T20:13:53.897+0100] {dag.py:3033} INFO - Sync 1 DAGs
[2024-01-29T20:13:53.919+0100] {logging_mixin.py:188} INFO - [2024-01-29T20:13:53.919+0100] {dag.py:3820} INFO - Setting next_dagrun for example_skip_dag to 2024-01-28T00:00:00+00:00, run_after=2024-01-29T00:00:00+00:00
[2024-01-29T20:13:53.951+0100] {processor.py:183} INFO - Processing /home/ubuntu/.local/lib/python3.10/site-packages/airflow/example_dags/example_skip_dag.py took 0.099 seconds
[2024-01-29T20:14:51.217+0100] {processor.py:161} INFO - Started process (PID=9288) to work on /home/ubuntu/.local/lib/python3.10/site-packages/airflow/example_dags/example_skip_dag.py
[2024-01-29T20:14:51.221+0100] {processor.py:830} INFO - Processing file /home/ubuntu/.local/lib/python3.10/site-packages/airflow/example_dags/example_skip_dag.py for tasks to queue
[2024-01-29T20:14:51.222+0100] {logging_mixin.py:188} INFO - [2024-01-29T20:14:51.222+0100] {dagbag.py:538} INFO - Filling up the DagBag from /home/ubuntu/.local/lib/python3.10/site-packages/airflow/example_dags/example_skip_dag.py
[2024-01-29T20:14:51.230+0100] {processor.py:840} INFO - DAG(s) 'example_skip_dag' retrieved from /home/ubuntu/.local/lib/python3.10/site-packages/airflow/example_dags/example_skip_dag.py
[2024-01-29T20:14:51.247+0100] {logging_mixin.py:188} INFO - [2024-01-29T20:14:51.247+0100] {dag.py:3033} INFO - Sync 1 DAGs
[2024-01-29T20:14:51.266+0100] {logging_mixin.py:188} INFO - [2024-01-29T20:14:51.265+0100] {dag.py:3820} INFO - Setting next_dagrun for example_skip_dag to 2024-01-28T00:00:00+00:00, run_after=2024-01-29T00:00:00+00:00
[2024-01-29T20:14:51.335+0100] {processor.py:183} INFO - Processing /home/ubuntu/.local/lib/python3.10/site-packages/airflow/example_dags/example_skip_dag.py took 0.123 seconds
[2024-01-29T20:15:36.421+0100] {processor.py:161} INFO - Started process (PID=9335) to work on /home/ubuntu/.local/lib/python3.10/site-packages/airflow/example_dags/example_skip_dag.py
[2024-01-29T20:15:36.424+0100] {processor.py:830} INFO - Processing file /home/ubuntu/.local/lib/python3.10/site-packages/airflow/example_dags/example_skip_dag.py for tasks to queue
[2024-01-29T20:15:36.425+0100] {logging_mixin.py:188} INFO - [2024-01-29T20:15:36.425+0100] {dagbag.py:538} INFO - Filling up the DagBag from /home/ubuntu/.local/lib/python3.10/site-packages/airflow/example_dags/example_skip_dag.py
[2024-01-29T20:15:36.436+0100] {processor.py:840} INFO - DAG(s) 'example_skip_dag' retrieved from /home/ubuntu/.local/lib/python3.10/site-packages/airflow/example_dags/example_skip_dag.py
[2024-01-29T20:15:36.478+0100] {logging_mixin.py:188} INFO - [2024-01-29T20:15:36.477+0100] {dag.py:3033} INFO - Sync 1 DAGs
[2024-01-29T20:15:36.503+0100] {logging_mixin.py:188} INFO - [2024-01-29T20:15:36.503+0100] {dag.py:3820} INFO - Setting next_dagrun for example_skip_dag to 2024-01-28T00:00:00+00:00, run_after=2024-01-29T00:00:00+00:00
[2024-01-29T20:15:36.534+0100] {processor.py:183} INFO - Processing /home/ubuntu/.local/lib/python3.10/site-packages/airflow/example_dags/example_skip_dag.py took 0.121 seconds
[2024-01-29T20:16:27.387+0100] {processor.py:161} INFO - Started process (PID=9391) to work on /home/ubuntu/.local/lib/python3.10/site-packages/airflow/example_dags/example_skip_dag.py
[2024-01-29T20:16:27.389+0100] {processor.py:830} INFO - Processing file /home/ubuntu/.local/lib/python3.10/site-packages/airflow/example_dags/example_skip_dag.py for tasks to queue
[2024-01-29T20:16:27.390+0100] {logging_mixin.py:188} INFO - [2024-01-29T20:16:27.389+0100] {dagbag.py:538} INFO - Filling up the DagBag from /home/ubuntu/.local/lib/python3.10/site-packages/airflow/example_dags/example_skip_dag.py
[2024-01-29T20:16:27.398+0100] {processor.py:840} INFO - DAG(s) 'example_skip_dag' retrieved from /home/ubuntu/.local/lib/python3.10/site-packages/airflow/example_dags/example_skip_dag.py
[2024-01-29T20:16:27.421+0100] {logging_mixin.py:188} INFO - [2024-01-29T20:16:27.421+0100] {dag.py:3033} INFO - Sync 1 DAGs
[2024-01-29T20:16:27.462+0100] {logging_mixin.py:188} INFO - [2024-01-29T20:16:27.462+0100] {dag.py:3820} INFO - Setting next_dagrun for example_skip_dag to 2024-01-28T00:00:00+00:00, run_after=2024-01-29T00:00:00+00:00
[2024-01-29T20:16:27.494+0100] {processor.py:183} INFO - Processing /home/ubuntu/.local/lib/python3.10/site-packages/airflow/example_dags/example_skip_dag.py took 0.111 seconds
[2024-01-29T20:17:38.450+0100] {processor.py:161} INFO - Started process (PID=9470) to work on /home/ubuntu/.local/lib/python3.10/site-packages/airflow/example_dags/example_skip_dag.py
[2024-01-29T20:17:38.451+0100] {processor.py:830} INFO - Processing file /home/ubuntu/.local/lib/python3.10/site-packages/airflow/example_dags/example_skip_dag.py for tasks to queue
[2024-01-29T20:17:38.452+0100] {logging_mixin.py:188} INFO - [2024-01-29T20:17:38.452+0100] {dagbag.py:538} INFO - Filling up the DagBag from /home/ubuntu/.local/lib/python3.10/site-packages/airflow/example_dags/example_skip_dag.py
[2024-01-29T20:17:38.460+0100] {processor.py:840} INFO - DAG(s) 'example_skip_dag' retrieved from /home/ubuntu/.local/lib/python3.10/site-packages/airflow/example_dags/example_skip_dag.py
[2024-01-29T20:17:38.476+0100] {logging_mixin.py:188} INFO - [2024-01-29T20:17:38.476+0100] {dag.py:3033} INFO - Sync 1 DAGs
[2024-01-29T20:17:38.500+0100] {logging_mixin.py:188} INFO - [2024-01-29T20:17:38.500+0100] {dag.py:3820} INFO - Setting next_dagrun for example_skip_dag to 2024-01-28T00:00:00+00:00, run_after=2024-01-29T00:00:00+00:00
[2024-01-29T20:17:38.555+0100] {processor.py:183} INFO - Processing /home/ubuntu/.local/lib/python3.10/site-packages/airflow/example_dags/example_skip_dag.py took 0.108 seconds
[2024-01-29T20:18:42.779+0100] {processor.py:161} INFO - Started process (PID=9547) to work on /home/ubuntu/.local/lib/python3.10/site-packages/airflow/example_dags/example_skip_dag.py
[2024-01-29T20:18:42.782+0100] {processor.py:830} INFO - Processing file /home/ubuntu/.local/lib/python3.10/site-packages/airflow/example_dags/example_skip_dag.py for tasks to queue
[2024-01-29T20:18:42.784+0100] {logging_mixin.py:188} INFO - [2024-01-29T20:18:42.783+0100] {dagbag.py:538} INFO - Filling up the DagBag from /home/ubuntu/.local/lib/python3.10/site-packages/airflow/example_dags/example_skip_dag.py
[2024-01-29T20:18:42.797+0100] {processor.py:840} INFO - DAG(s) 'example_skip_dag' retrieved from /home/ubuntu/.local/lib/python3.10/site-packages/airflow/example_dags/example_skip_dag.py
[2024-01-29T20:18:42.816+0100] {logging_mixin.py:188} INFO - [2024-01-29T20:18:42.816+0100] {dag.py:3033} INFO - Sync 1 DAGs
[2024-01-29T20:18:42.835+0100] {logging_mixin.py:188} INFO - [2024-01-29T20:18:42.834+0100] {dag.py:3820} INFO - Setting next_dagrun for example_skip_dag to 2024-01-28T00:00:00+00:00, run_after=2024-01-29T00:00:00+00:00
[2024-01-29T20:18:42.868+0100] {processor.py:183} INFO - Processing /home/ubuntu/.local/lib/python3.10/site-packages/airflow/example_dags/example_skip_dag.py took 0.095 seconds
[2024-01-29T20:19:31.076+0100] {processor.py:161} INFO - Started process (PID=9617) to work on /home/ubuntu/.local/lib/python3.10/site-packages/airflow/example_dags/example_skip_dag.py
[2024-01-29T20:19:31.078+0100] {processor.py:830} INFO - Processing file /home/ubuntu/.local/lib/python3.10/site-packages/airflow/example_dags/example_skip_dag.py for tasks to queue
[2024-01-29T20:19:31.079+0100] {logging_mixin.py:188} INFO - [2024-01-29T20:19:31.078+0100] {dagbag.py:538} INFO - Filling up the DagBag from /home/ubuntu/.local/lib/python3.10/site-packages/airflow/example_dags/example_skip_dag.py
[2024-01-29T20:19:31.088+0100] {processor.py:840} INFO - DAG(s) 'example_skip_dag' retrieved from /home/ubuntu/.local/lib/python3.10/site-packages/airflow/example_dags/example_skip_dag.py
[2024-01-29T20:19:31.106+0100] {logging_mixin.py:188} INFO - [2024-01-29T20:19:31.106+0100] {dag.py:3033} INFO - Sync 1 DAGs
[2024-01-29T20:19:31.126+0100] {logging_mixin.py:188} INFO - [2024-01-29T20:19:31.125+0100] {dag.py:3820} INFO - Setting next_dagrun for example_skip_dag to 2024-01-28T00:00:00+00:00, run_after=2024-01-29T00:00:00+00:00
[2024-01-29T20:19:31.157+0100] {processor.py:183} INFO - Processing /home/ubuntu/.local/lib/python3.10/site-packages/airflow/example_dags/example_skip_dag.py took 0.084 seconds
[2024-01-29T20:20:31.442+0100] {processor.py:161} INFO - Started process (PID=9685) to work on /home/ubuntu/.local/lib/python3.10/site-packages/airflow/example_dags/example_skip_dag.py
[2024-01-29T20:20:31.453+0100] {processor.py:830} INFO - Processing file /home/ubuntu/.local/lib/python3.10/site-packages/airflow/example_dags/example_skip_dag.py for tasks to queue
[2024-01-29T20:20:31.454+0100] {logging_mixin.py:188} INFO - [2024-01-29T20:20:31.453+0100] {dagbag.py:538} INFO - Filling up the DagBag from /home/ubuntu/.local/lib/python3.10/site-packages/airflow/example_dags/example_skip_dag.py
[2024-01-29T20:20:31.462+0100] {processor.py:840} INFO - DAG(s) 'example_skip_dag' retrieved from /home/ubuntu/.local/lib/python3.10/site-packages/airflow/example_dags/example_skip_dag.py
[2024-01-29T20:20:31.481+0100] {logging_mixin.py:188} INFO - [2024-01-29T20:20:31.480+0100] {dag.py:3033} INFO - Sync 1 DAGs
[2024-01-29T20:20:31.503+0100] {logging_mixin.py:188} INFO - [2024-01-29T20:20:31.503+0100] {dag.py:3820} INFO - Setting next_dagrun for example_skip_dag to 2024-01-28T00:00:00+00:00, run_after=2024-01-29T00:00:00+00:00
[2024-01-29T20:20:31.547+0100] {processor.py:183} INFO - Processing /home/ubuntu/.local/lib/python3.10/site-packages/airflow/example_dags/example_skip_dag.py took 0.111 seconds
