[2024-01-29T19:55:04.837+0100] {processor.py:161} INFO - Started process (PID=7906) to work on /home/ubuntu/.local/lib/python3.10/site-packages/airflow/example_dags/example_complex.py
[2024-01-29T19:55:04.839+0100] {processor.py:830} INFO - Processing file /home/ubuntu/.local/lib/python3.10/site-packages/airflow/example_dags/example_complex.py for tasks to queue
[2024-01-29T19:55:04.840+0100] {logging_mixin.py:188} INFO - [2024-01-29T19:55:04.839+0100] {dagbag.py:538} INFO - Filling up the DagBag from /home/ubuntu/.local/lib/python3.10/site-packages/airflow/example_dags/example_complex.py
[2024-01-29T19:55:04.851+0100] {processor.py:840} INFO - DAG(s) 'example_complex' retrieved from /home/ubuntu/.local/lib/python3.10/site-packages/airflow/example_dags/example_complex.py
[2024-01-29T19:55:04.971+0100] {logging_mixin.py:188} INFO - [2024-01-29T19:55:04.970+0100] {dag.py:3033} INFO - Sync 1 DAGs
[2024-01-29T19:55:04.985+0100] {logging_mixin.py:188} INFO - [2024-01-29T19:55:04.985+0100] {dag.py:3820} INFO - Setting next_dagrun for example_complex to None, run_after=None
[2024-01-29T19:55:05.019+0100] {processor.py:183} INFO - Processing /home/ubuntu/.local/lib/python3.10/site-packages/airflow/example_dags/example_complex.py took 0.189 seconds
[2024-01-29T19:56:29.958+0100] {processor.py:161} INFO - Started process (PID=7987) to work on /home/ubuntu/.local/lib/python3.10/site-packages/airflow/example_dags/example_complex.py
[2024-01-29T19:56:29.963+0100] {processor.py:830} INFO - Processing file /home/ubuntu/.local/lib/python3.10/site-packages/airflow/example_dags/example_complex.py for tasks to queue
[2024-01-29T19:56:29.965+0100] {logging_mixin.py:188} INFO - [2024-01-29T19:56:29.964+0100] {dagbag.py:538} INFO - Filling up the DagBag from /home/ubuntu/.local/lib/python3.10/site-packages/airflow/example_dags/example_complex.py
[2024-01-29T19:56:29.985+0100] {processor.py:840} INFO - DAG(s) 'example_complex' retrieved from /home/ubuntu/.local/lib/python3.10/site-packages/airflow/example_dags/example_complex.py
[2024-01-29T19:56:30.034+0100] {logging_mixin.py:188} INFO - [2024-01-29T19:56:30.033+0100] {dag.py:3033} INFO - Sync 1 DAGs
[2024-01-29T19:56:30.052+0100] {logging_mixin.py:188} INFO - [2024-01-29T19:56:30.052+0100] {dag.py:3820} INFO - Setting next_dagrun for example_complex to None, run_after=None
[2024-01-29T19:56:30.103+0100] {processor.py:183} INFO - Processing /home/ubuntu/.local/lib/python3.10/site-packages/airflow/example_dags/example_complex.py took 0.154 seconds
[2024-01-29T19:57:39.896+0100] {processor.py:161} INFO - Started process (PID=8060) to work on /home/ubuntu/.local/lib/python3.10/site-packages/airflow/example_dags/example_complex.py
[2024-01-29T19:57:39.900+0100] {processor.py:830} INFO - Processing file /home/ubuntu/.local/lib/python3.10/site-packages/airflow/example_dags/example_complex.py for tasks to queue
[2024-01-29T19:57:39.901+0100] {logging_mixin.py:188} INFO - [2024-01-29T19:57:39.900+0100] {dagbag.py:538} INFO - Filling up the DagBag from /home/ubuntu/.local/lib/python3.10/site-packages/airflow/example_dags/example_complex.py
[2024-01-29T19:57:39.921+0100] {processor.py:840} INFO - DAG(s) 'example_complex' retrieved from /home/ubuntu/.local/lib/python3.10/site-packages/airflow/example_dags/example_complex.py
[2024-01-29T19:57:39.960+0100] {logging_mixin.py:188} INFO - [2024-01-29T19:57:39.960+0100] {dag.py:3033} INFO - Sync 1 DAGs
[2024-01-29T19:57:39.978+0100] {logging_mixin.py:188} INFO - [2024-01-29T19:57:39.977+0100] {dag.py:3820} INFO - Setting next_dagrun for example_complex to None, run_after=None
[2024-01-29T19:57:40.009+0100] {processor.py:183} INFO - Processing /home/ubuntu/.local/lib/python3.10/site-packages/airflow/example_dags/example_complex.py took 0.119 seconds
[2024-01-29T19:58:51.292+0100] {processor.py:161} INFO - Started process (PID=8144) to work on /home/ubuntu/.local/lib/python3.10/site-packages/airflow/example_dags/example_complex.py
[2024-01-29T19:58:51.294+0100] {processor.py:830} INFO - Processing file /home/ubuntu/.local/lib/python3.10/site-packages/airflow/example_dags/example_complex.py for tasks to queue
[2024-01-29T19:58:51.295+0100] {logging_mixin.py:188} INFO - [2024-01-29T19:58:51.295+0100] {dagbag.py:538} INFO - Filling up the DagBag from /home/ubuntu/.local/lib/python3.10/site-packages/airflow/example_dags/example_complex.py
[2024-01-29T19:58:51.306+0100] {processor.py:840} INFO - DAG(s) 'example_complex' retrieved from /home/ubuntu/.local/lib/python3.10/site-packages/airflow/example_dags/example_complex.py
[2024-01-29T19:58:51.334+0100] {logging_mixin.py:188} INFO - [2024-01-29T19:58:51.334+0100] {dag.py:3033} INFO - Sync 1 DAGs
[2024-01-29T19:58:51.345+0100] {logging_mixin.py:188} INFO - [2024-01-29T19:58:51.345+0100] {dag.py:3820} INFO - Setting next_dagrun for example_complex to None, run_after=None
[2024-01-29T19:58:51.380+0100] {processor.py:183} INFO - Processing /home/ubuntu/.local/lib/python3.10/site-packages/airflow/example_dags/example_complex.py took 0.091 seconds
[2024-01-29T20:00:11.225+0100] {processor.py:161} INFO - Started process (PID=8233) to work on /home/ubuntu/.local/lib/python3.10/site-packages/airflow/example_dags/example_complex.py
[2024-01-29T20:00:11.232+0100] {processor.py:830} INFO - Processing file /home/ubuntu/.local/lib/python3.10/site-packages/airflow/example_dags/example_complex.py for tasks to queue
[2024-01-29T20:00:11.235+0100] {logging_mixin.py:188} INFO - [2024-01-29T20:00:11.234+0100] {dagbag.py:538} INFO - Filling up the DagBag from /home/ubuntu/.local/lib/python3.10/site-packages/airflow/example_dags/example_complex.py
[2024-01-29T20:00:11.295+0100] {processor.py:840} INFO - DAG(s) 'example_complex' retrieved from /home/ubuntu/.local/lib/python3.10/site-packages/airflow/example_dags/example_complex.py
[2024-01-29T20:00:11.442+0100] {logging_mixin.py:188} INFO - [2024-01-29T20:00:11.441+0100] {dag.py:3033} INFO - Sync 1 DAGs
[2024-01-29T20:00:11.514+0100] {logging_mixin.py:188} INFO - [2024-01-29T20:00:11.514+0100] {dag.py:3820} INFO - Setting next_dagrun for example_complex to None, run_after=None
[2024-01-29T20:00:11.833+0100] {processor.py:183} INFO - Processing /home/ubuntu/.local/lib/python3.10/site-packages/airflow/example_dags/example_complex.py took 0.629 seconds
[2024-01-29T20:01:22.830+0100] {processor.py:161} INFO - Started process (PID=8300) to work on /home/ubuntu/.local/lib/python3.10/site-packages/airflow/example_dags/example_complex.py
[2024-01-29T20:01:22.832+0100] {processor.py:830} INFO - Processing file /home/ubuntu/.local/lib/python3.10/site-packages/airflow/example_dags/example_complex.py for tasks to queue
[2024-01-29T20:01:22.836+0100] {logging_mixin.py:188} INFO - [2024-01-29T20:01:22.835+0100] {dagbag.py:538} INFO - Filling up the DagBag from /home/ubuntu/.local/lib/python3.10/site-packages/airflow/example_dags/example_complex.py
[2024-01-29T20:01:22.847+0100] {processor.py:840} INFO - DAG(s) 'example_complex' retrieved from /home/ubuntu/.local/lib/python3.10/site-packages/airflow/example_dags/example_complex.py
[2024-01-29T20:01:22.881+0100] {logging_mixin.py:188} INFO - [2024-01-29T20:01:22.881+0100] {dag.py:3033} INFO - Sync 1 DAGs
[2024-01-29T20:01:22.897+0100] {logging_mixin.py:188} INFO - [2024-01-29T20:01:22.897+0100] {dag.py:3820} INFO - Setting next_dagrun for example_complex to None, run_after=None
[2024-01-29T20:01:22.939+0100] {processor.py:183} INFO - Processing /home/ubuntu/.local/lib/python3.10/site-packages/airflow/example_dags/example_complex.py took 0.112 seconds
[2024-01-29T20:02:35.437+0100] {processor.py:161} INFO - Started process (PID=8387) to work on /home/ubuntu/.local/lib/python3.10/site-packages/airflow/example_dags/example_complex.py
[2024-01-29T20:02:35.440+0100] {processor.py:830} INFO - Processing file /home/ubuntu/.local/lib/python3.10/site-packages/airflow/example_dags/example_complex.py for tasks to queue
[2024-01-29T20:02:35.441+0100] {logging_mixin.py:188} INFO - [2024-01-29T20:02:35.440+0100] {dagbag.py:538} INFO - Filling up the DagBag from /home/ubuntu/.local/lib/python3.10/site-packages/airflow/example_dags/example_complex.py
[2024-01-29T20:02:35.451+0100] {processor.py:840} INFO - DAG(s) 'example_complex' retrieved from /home/ubuntu/.local/lib/python3.10/site-packages/airflow/example_dags/example_complex.py
[2024-01-29T20:02:35.487+0100] {logging_mixin.py:188} INFO - [2024-01-29T20:02:35.487+0100] {dag.py:3033} INFO - Sync 1 DAGs
[2024-01-29T20:02:35.502+0100] {logging_mixin.py:188} INFO - [2024-01-29T20:02:35.502+0100] {dag.py:3820} INFO - Setting next_dagrun for example_complex to None, run_after=None
[2024-01-29T20:02:35.543+0100] {processor.py:183} INFO - Processing /home/ubuntu/.local/lib/python3.10/site-packages/airflow/example_dags/example_complex.py took 0.109 seconds
[2024-01-29T20:03:35.922+0100] {processor.py:161} INFO - Started process (PID=8483) to work on /home/ubuntu/.local/lib/python3.10/site-packages/airflow/example_dags/example_complex.py
[2024-01-29T20:03:35.924+0100] {processor.py:830} INFO - Processing file /home/ubuntu/.local/lib/python3.10/site-packages/airflow/example_dags/example_complex.py for tasks to queue
[2024-01-29T20:03:35.925+0100] {logging_mixin.py:188} INFO - [2024-01-29T20:03:35.925+0100] {dagbag.py:538} INFO - Filling up the DagBag from /home/ubuntu/.local/lib/python3.10/site-packages/airflow/example_dags/example_complex.py
[2024-01-29T20:03:35.935+0100] {processor.py:840} INFO - DAG(s) 'example_complex' retrieved from /home/ubuntu/.local/lib/python3.10/site-packages/airflow/example_dags/example_complex.py
[2024-01-29T20:03:35.961+0100] {logging_mixin.py:188} INFO - [2024-01-29T20:03:35.961+0100] {dag.py:3033} INFO - Sync 1 DAGs
[2024-01-29T20:03:35.973+0100] {logging_mixin.py:188} INFO - [2024-01-29T20:03:35.973+0100] {dag.py:3820} INFO - Setting next_dagrun for example_complex to None, run_after=None
[2024-01-29T20:03:36.002+0100] {processor.py:183} INFO - Processing /home/ubuntu/.local/lib/python3.10/site-packages/airflow/example_dags/example_complex.py took 0.083 seconds
[2024-01-29T20:04:46.473+0100] {processor.py:161} INFO - Started process (PID=8573) to work on /home/ubuntu/.local/lib/python3.10/site-packages/airflow/example_dags/example_complex.py
[2024-01-29T20:04:46.475+0100] {processor.py:830} INFO - Processing file /home/ubuntu/.local/lib/python3.10/site-packages/airflow/example_dags/example_complex.py for tasks to queue
[2024-01-29T20:04:46.476+0100] {logging_mixin.py:188} INFO - [2024-01-29T20:04:46.475+0100] {dagbag.py:538} INFO - Filling up the DagBag from /home/ubuntu/.local/lib/python3.10/site-packages/airflow/example_dags/example_complex.py
[2024-01-29T20:04:46.487+0100] {processor.py:840} INFO - DAG(s) 'example_complex' retrieved from /home/ubuntu/.local/lib/python3.10/site-packages/airflow/example_dags/example_complex.py
[2024-01-29T20:04:46.527+0100] {logging_mixin.py:188} INFO - [2024-01-29T20:04:46.527+0100] {dag.py:3033} INFO - Sync 1 DAGs
[2024-01-29T20:04:46.546+0100] {logging_mixin.py:188} INFO - [2024-01-29T20:04:46.546+0100] {dag.py:3820} INFO - Setting next_dagrun for example_complex to None, run_after=None
[2024-01-29T20:04:46.588+0100] {processor.py:183} INFO - Processing /home/ubuntu/.local/lib/python3.10/site-packages/airflow/example_dags/example_complex.py took 0.119 seconds
[2024-01-29T20:06:01.061+0100] {processor.py:161} INFO - Started process (PID=8641) to work on /home/ubuntu/.local/lib/python3.10/site-packages/airflow/example_dags/example_complex.py
[2024-01-29T20:06:01.102+0100] {processor.py:830} INFO - Processing file /home/ubuntu/.local/lib/python3.10/site-packages/airflow/example_dags/example_complex.py for tasks to queue
[2024-01-29T20:06:01.108+0100] {logging_mixin.py:188} INFO - [2024-01-29T20:06:01.108+0100] {dagbag.py:538} INFO - Filling up the DagBag from /home/ubuntu/.local/lib/python3.10/site-packages/airflow/example_dags/example_complex.py
[2024-01-29T20:06:01.185+0100] {processor.py:840} INFO - DAG(s) 'example_complex' retrieved from /home/ubuntu/.local/lib/python3.10/site-packages/airflow/example_dags/example_complex.py
[2024-01-29T20:06:01.327+0100] {logging_mixin.py:188} INFO - [2024-01-29T20:06:01.327+0100] {dag.py:3033} INFO - Sync 1 DAGs
[2024-01-29T20:06:01.380+0100] {logging_mixin.py:188} INFO - [2024-01-29T20:06:01.376+0100] {dag.py:3820} INFO - Setting next_dagrun for example_complex to None, run_after=None
[2024-01-29T20:06:01.541+0100] {processor.py:183} INFO - Processing /home/ubuntu/.local/lib/python3.10/site-packages/airflow/example_dags/example_complex.py took 0.517 seconds
[2024-01-29T20:07:21.119+0100] {processor.py:161} INFO - Started process (PID=8725) to work on /home/ubuntu/.local/lib/python3.10/site-packages/airflow/example_dags/example_complex.py
[2024-01-29T20:07:21.123+0100] {processor.py:830} INFO - Processing file /home/ubuntu/.local/lib/python3.10/site-packages/airflow/example_dags/example_complex.py for tasks to queue
[2024-01-29T20:07:21.125+0100] {logging_mixin.py:188} INFO - [2024-01-29T20:07:21.125+0100] {dagbag.py:538} INFO - Filling up the DagBag from /home/ubuntu/.local/lib/python3.10/site-packages/airflow/example_dags/example_complex.py
[2024-01-29T20:07:21.142+0100] {processor.py:840} INFO - DAG(s) 'example_complex' retrieved from /home/ubuntu/.local/lib/python3.10/site-packages/airflow/example_dags/example_complex.py
[2024-01-29T20:07:21.363+0100] {logging_mixin.py:188} INFO - [2024-01-29T20:07:21.363+0100] {dag.py:3033} INFO - Sync 1 DAGs
[2024-01-29T20:07:21.384+0100] {logging_mixin.py:188} INFO - [2024-01-29T20:07:21.383+0100] {dag.py:3820} INFO - Setting next_dagrun for example_complex to None, run_after=None
[2024-01-29T20:07:21.497+0100] {processor.py:183} INFO - Processing /home/ubuntu/.local/lib/python3.10/site-packages/airflow/example_dags/example_complex.py took 0.384 seconds
[2024-01-29T20:08:22.234+0100] {processor.py:161} INFO - Started process (PID=8794) to work on /home/ubuntu/.local/lib/python3.10/site-packages/airflow/example_dags/example_complex.py
[2024-01-29T20:08:22.236+0100] {processor.py:830} INFO - Processing file /home/ubuntu/.local/lib/python3.10/site-packages/airflow/example_dags/example_complex.py for tasks to queue
[2024-01-29T20:08:22.237+0100] {logging_mixin.py:188} INFO - [2024-01-29T20:08:22.237+0100] {dagbag.py:538} INFO - Filling up the DagBag from /home/ubuntu/.local/lib/python3.10/site-packages/airflow/example_dags/example_complex.py
[2024-01-29T20:08:22.249+0100] {processor.py:840} INFO - DAG(s) 'example_complex' retrieved from /home/ubuntu/.local/lib/python3.10/site-packages/airflow/example_dags/example_complex.py
[2024-01-29T20:08:22.276+0100] {logging_mixin.py:188} INFO - [2024-01-29T20:08:22.276+0100] {dag.py:3033} INFO - Sync 1 DAGs
[2024-01-29T20:08:22.288+0100] {logging_mixin.py:188} INFO - [2024-01-29T20:08:22.288+0100] {dag.py:3820} INFO - Setting next_dagrun for example_complex to None, run_after=None
[2024-01-29T20:08:22.320+0100] {processor.py:183} INFO - Processing /home/ubuntu/.local/lib/python3.10/site-packages/airflow/example_dags/example_complex.py took 0.091 seconds
[2024-01-29T20:09:26.659+0100] {processor.py:161} INFO - Started process (PID=8869) to work on /home/ubuntu/.local/lib/python3.10/site-packages/airflow/example_dags/example_complex.py
[2024-01-29T20:09:26.661+0100] {processor.py:830} INFO - Processing file /home/ubuntu/.local/lib/python3.10/site-packages/airflow/example_dags/example_complex.py for tasks to queue
[2024-01-29T20:09:26.662+0100] {logging_mixin.py:188} INFO - [2024-01-29T20:09:26.662+0100] {dagbag.py:538} INFO - Filling up the DagBag from /home/ubuntu/.local/lib/python3.10/site-packages/airflow/example_dags/example_complex.py
[2024-01-29T20:09:26.673+0100] {processor.py:840} INFO - DAG(s) 'example_complex' retrieved from /home/ubuntu/.local/lib/python3.10/site-packages/airflow/example_dags/example_complex.py
[2024-01-29T20:09:26.701+0100] {logging_mixin.py:188} INFO - [2024-01-29T20:09:26.701+0100] {dag.py:3033} INFO - Sync 1 DAGs
[2024-01-29T20:09:26.714+0100] {logging_mixin.py:188} INFO - [2024-01-29T20:09:26.714+0100] {dag.py:3820} INFO - Setting next_dagrun for example_complex to None, run_after=None
[2024-01-29T20:09:26.746+0100] {processor.py:183} INFO - Processing /home/ubuntu/.local/lib/python3.10/site-packages/airflow/example_dags/example_complex.py took 0.091 seconds
[2024-01-29T20:10:40.310+0100] {processor.py:161} INFO - Started process (PID=8964) to work on /home/ubuntu/.local/lib/python3.10/site-packages/airflow/example_dags/example_complex.py
[2024-01-29T20:10:40.312+0100] {processor.py:830} INFO - Processing file /home/ubuntu/.local/lib/python3.10/site-packages/airflow/example_dags/example_complex.py for tasks to queue
[2024-01-29T20:10:40.313+0100] {logging_mixin.py:188} INFO - [2024-01-29T20:10:40.313+0100] {dagbag.py:538} INFO - Filling up the DagBag from /home/ubuntu/.local/lib/python3.10/site-packages/airflow/example_dags/example_complex.py
[2024-01-29T20:10:40.327+0100] {processor.py:840} INFO - DAG(s) 'example_complex' retrieved from /home/ubuntu/.local/lib/python3.10/site-packages/airflow/example_dags/example_complex.py
[2024-01-29T20:10:40.359+0100] {logging_mixin.py:188} INFO - [2024-01-29T20:10:40.358+0100] {dag.py:3033} INFO - Sync 1 DAGs
[2024-01-29T20:10:40.370+0100] {logging_mixin.py:188} INFO - [2024-01-29T20:10:40.370+0100] {dag.py:3820} INFO - Setting next_dagrun for example_complex to None, run_after=None
[2024-01-29T20:10:40.400+0100] {processor.py:183} INFO - Processing /home/ubuntu/.local/lib/python3.10/site-packages/airflow/example_dags/example_complex.py took 0.095 seconds
[2024-01-29T20:11:57.730+0100] {processor.py:161} INFO - Started process (PID=9055) to work on /home/ubuntu/.local/lib/python3.10/site-packages/airflow/example_dags/example_complex.py
[2024-01-29T20:11:57.733+0100] {processor.py:830} INFO - Processing file /home/ubuntu/.local/lib/python3.10/site-packages/airflow/example_dags/example_complex.py for tasks to queue
[2024-01-29T20:11:57.734+0100] {logging_mixin.py:188} INFO - [2024-01-29T20:11:57.733+0100] {dagbag.py:538} INFO - Filling up the DagBag from /home/ubuntu/.local/lib/python3.10/site-packages/airflow/example_dags/example_complex.py
[2024-01-29T20:11:57.745+0100] {processor.py:840} INFO - DAG(s) 'example_complex' retrieved from /home/ubuntu/.local/lib/python3.10/site-packages/airflow/example_dags/example_complex.py
[2024-01-29T20:11:57.766+0100] {logging_mixin.py:188} INFO - [2024-01-29T20:11:57.766+0100] {dag.py:3033} INFO - Sync 1 DAGs
[2024-01-29T20:11:57.776+0100] {logging_mixin.py:188} INFO - [2024-01-29T20:11:57.776+0100] {dag.py:3820} INFO - Setting next_dagrun for example_complex to None, run_after=None
[2024-01-29T20:11:57.819+0100] {processor.py:183} INFO - Processing /home/ubuntu/.local/lib/python3.10/site-packages/airflow/example_dags/example_complex.py took 0.092 seconds
[2024-01-29T20:13:07.715+0100] {processor.py:161} INFO - Started process (PID=9176) to work on /home/ubuntu/.local/lib/python3.10/site-packages/airflow/example_dags/example_complex.py
[2024-01-29T20:13:07.735+0100] {processor.py:830} INFO - Processing file /home/ubuntu/.local/lib/python3.10/site-packages/airflow/example_dags/example_complex.py for tasks to queue
[2024-01-29T20:13:07.739+0100] {logging_mixin.py:188} INFO - [2024-01-29T20:13:07.738+0100] {dagbag.py:538} INFO - Filling up the DagBag from /home/ubuntu/.local/lib/python3.10/site-packages/airflow/example_dags/example_complex.py
[2024-01-29T20:13:07.800+0100] {processor.py:840} INFO - DAG(s) 'example_complex' retrieved from /home/ubuntu/.local/lib/python3.10/site-packages/airflow/example_dags/example_complex.py
[2024-01-29T20:13:07.908+0100] {logging_mixin.py:188} INFO - [2024-01-29T20:13:07.908+0100] {dag.py:3033} INFO - Sync 1 DAGs
[2024-01-29T20:13:08.002+0100] {logging_mixin.py:188} INFO - [2024-01-29T20:13:08.001+0100] {dag.py:3820} INFO - Setting next_dagrun for example_complex to None, run_after=None
[2024-01-29T20:13:08.352+0100] {processor.py:183} INFO - Processing /home/ubuntu/.local/lib/python3.10/site-packages/airflow/example_dags/example_complex.py took 0.665 seconds
[2024-01-29T20:14:34.030+0100] {processor.py:161} INFO - Started process (PID=9263) to work on /home/ubuntu/.local/lib/python3.10/site-packages/airflow/example_dags/example_complex.py
[2024-01-29T20:14:34.032+0100] {processor.py:830} INFO - Processing file /home/ubuntu/.local/lib/python3.10/site-packages/airflow/example_dags/example_complex.py for tasks to queue
[2024-01-29T20:14:34.033+0100] {logging_mixin.py:188} INFO - [2024-01-29T20:14:34.032+0100] {dagbag.py:538} INFO - Filling up the DagBag from /home/ubuntu/.local/lib/python3.10/site-packages/airflow/example_dags/example_complex.py
[2024-01-29T20:14:34.044+0100] {processor.py:840} INFO - DAG(s) 'example_complex' retrieved from /home/ubuntu/.local/lib/python3.10/site-packages/airflow/example_dags/example_complex.py
[2024-01-29T20:14:34.069+0100] {logging_mixin.py:188} INFO - [2024-01-29T20:14:34.069+0100] {dag.py:3033} INFO - Sync 1 DAGs
[2024-01-29T20:14:34.081+0100] {logging_mixin.py:188} INFO - [2024-01-29T20:14:34.081+0100] {dag.py:3820} INFO - Setting next_dagrun for example_complex to None, run_after=None
[2024-01-29T20:14:34.124+0100] {processor.py:183} INFO - Processing /home/ubuntu/.local/lib/python3.10/site-packages/airflow/example_dags/example_complex.py took 0.098 seconds
[2024-01-29T20:15:43.338+0100] {processor.py:161} INFO - Started process (PID=9343) to work on /home/ubuntu/.local/lib/python3.10/site-packages/airflow/example_dags/example_complex.py
[2024-01-29T20:15:43.342+0100] {processor.py:830} INFO - Processing file /home/ubuntu/.local/lib/python3.10/site-packages/airflow/example_dags/example_complex.py for tasks to queue
[2024-01-29T20:15:43.343+0100] {logging_mixin.py:188} INFO - [2024-01-29T20:15:43.343+0100] {dagbag.py:538} INFO - Filling up the DagBag from /home/ubuntu/.local/lib/python3.10/site-packages/airflow/example_dags/example_complex.py
[2024-01-29T20:15:43.356+0100] {processor.py:840} INFO - DAG(s) 'example_complex' retrieved from /home/ubuntu/.local/lib/python3.10/site-packages/airflow/example_dags/example_complex.py
[2024-01-29T20:15:43.388+0100] {logging_mixin.py:188} INFO - [2024-01-29T20:15:43.388+0100] {dag.py:3033} INFO - Sync 1 DAGs
[2024-01-29T20:15:43.402+0100] {logging_mixin.py:188} INFO - [2024-01-29T20:15:43.402+0100] {dag.py:3820} INFO - Setting next_dagrun for example_complex to None, run_after=None
[2024-01-29T20:15:43.480+0100] {processor.py:183} INFO - Processing /home/ubuntu/.local/lib/python3.10/site-packages/airflow/example_dags/example_complex.py took 0.146 seconds
[2024-01-29T20:16:51.639+0100] {processor.py:161} INFO - Started process (PID=9415) to work on /home/ubuntu/.local/lib/python3.10/site-packages/airflow/example_dags/example_complex.py
[2024-01-29T20:16:51.656+0100] {processor.py:830} INFO - Processing file /home/ubuntu/.local/lib/python3.10/site-packages/airflow/example_dags/example_complex.py for tasks to queue
[2024-01-29T20:16:51.657+0100] {logging_mixin.py:188} INFO - [2024-01-29T20:16:51.656+0100] {dagbag.py:538} INFO - Filling up the DagBag from /home/ubuntu/.local/lib/python3.10/site-packages/airflow/example_dags/example_complex.py
[2024-01-29T20:16:51.669+0100] {processor.py:840} INFO - DAG(s) 'example_complex' retrieved from /home/ubuntu/.local/lib/python3.10/site-packages/airflow/example_dags/example_complex.py
[2024-01-29T20:16:51.696+0100] {logging_mixin.py:188} INFO - [2024-01-29T20:16:51.695+0100] {dag.py:3033} INFO - Sync 1 DAGs
[2024-01-29T20:16:51.708+0100] {logging_mixin.py:188} INFO - [2024-01-29T20:16:51.708+0100] {dag.py:3820} INFO - Setting next_dagrun for example_complex to None, run_after=None
[2024-01-29T20:16:51.774+0100] {processor.py:183} INFO - Processing /home/ubuntu/.local/lib/python3.10/site-packages/airflow/example_dags/example_complex.py took 0.138 seconds
[2024-01-29T20:18:04.255+0100] {processor.py:161} INFO - Started process (PID=9500) to work on /home/ubuntu/.local/lib/python3.10/site-packages/airflow/example_dags/example_complex.py
[2024-01-29T20:18:04.259+0100] {processor.py:830} INFO - Processing file /home/ubuntu/.local/lib/python3.10/site-packages/airflow/example_dags/example_complex.py for tasks to queue
[2024-01-29T20:18:04.260+0100] {logging_mixin.py:188} INFO - [2024-01-29T20:18:04.260+0100] {dagbag.py:538} INFO - Filling up the DagBag from /home/ubuntu/.local/lib/python3.10/site-packages/airflow/example_dags/example_complex.py
[2024-01-29T20:18:04.285+0100] {processor.py:840} INFO - DAG(s) 'example_complex' retrieved from /home/ubuntu/.local/lib/python3.10/site-packages/airflow/example_dags/example_complex.py
[2024-01-29T20:18:04.360+0100] {logging_mixin.py:188} INFO - [2024-01-29T20:18:04.360+0100] {dag.py:3033} INFO - Sync 1 DAGs
[2024-01-29T20:18:04.380+0100] {logging_mixin.py:188} INFO - [2024-01-29T20:18:04.380+0100] {dag.py:3820} INFO - Setting next_dagrun for example_complex to None, run_after=None
[2024-01-29T20:18:04.437+0100] {processor.py:183} INFO - Processing /home/ubuntu/.local/lib/python3.10/site-packages/airflow/example_dags/example_complex.py took 0.190 seconds
[2024-01-29T20:19:08.841+0100] {processor.py:161} INFO - Started process (PID=9588) to work on /home/ubuntu/.local/lib/python3.10/site-packages/airflow/example_dags/example_complex.py
[2024-01-29T20:19:08.843+0100] {processor.py:830} INFO - Processing file /home/ubuntu/.local/lib/python3.10/site-packages/airflow/example_dags/example_complex.py for tasks to queue
[2024-01-29T20:19:08.844+0100] {logging_mixin.py:188} INFO - [2024-01-29T20:19:08.843+0100] {dagbag.py:538} INFO - Filling up the DagBag from /home/ubuntu/.local/lib/python3.10/site-packages/airflow/example_dags/example_complex.py
[2024-01-29T20:19:08.855+0100] {processor.py:840} INFO - DAG(s) 'example_complex' retrieved from /home/ubuntu/.local/lib/python3.10/site-packages/airflow/example_dags/example_complex.py
[2024-01-29T20:19:08.881+0100] {logging_mixin.py:188} INFO - [2024-01-29T20:19:08.881+0100] {dag.py:3033} INFO - Sync 1 DAGs
[2024-01-29T20:19:08.893+0100] {logging_mixin.py:188} INFO - [2024-01-29T20:19:08.893+0100] {dag.py:3820} INFO - Setting next_dagrun for example_complex to None, run_after=None
[2024-01-29T20:19:08.924+0100] {processor.py:183} INFO - Processing /home/ubuntu/.local/lib/python3.10/site-packages/airflow/example_dags/example_complex.py took 0.086 seconds
[2024-01-29T20:20:13.408+0100] {processor.py:161} INFO - Started process (PID=9667) to work on /home/ubuntu/.local/lib/python3.10/site-packages/airflow/example_dags/example_complex.py
[2024-01-29T20:20:13.410+0100] {processor.py:830} INFO - Processing file /home/ubuntu/.local/lib/python3.10/site-packages/airflow/example_dags/example_complex.py for tasks to queue
[2024-01-29T20:20:13.411+0100] {logging_mixin.py:188} INFO - [2024-01-29T20:20:13.410+0100] {dagbag.py:538} INFO - Filling up the DagBag from /home/ubuntu/.local/lib/python3.10/site-packages/airflow/example_dags/example_complex.py
[2024-01-29T20:20:13.422+0100] {processor.py:840} INFO - DAG(s) 'example_complex' retrieved from /home/ubuntu/.local/lib/python3.10/site-packages/airflow/example_dags/example_complex.py
[2024-01-29T20:20:13.449+0100] {logging_mixin.py:188} INFO - [2024-01-29T20:20:13.449+0100] {dag.py:3033} INFO - Sync 1 DAGs
[2024-01-29T20:20:13.460+0100] {logging_mixin.py:188} INFO - [2024-01-29T20:20:13.459+0100] {dag.py:3820} INFO - Setting next_dagrun for example_complex to None, run_after=None
[2024-01-29T20:20:13.512+0100] {processor.py:183} INFO - Processing /home/ubuntu/.local/lib/python3.10/site-packages/airflow/example_dags/example_complex.py took 0.108 seconds
