[2024-01-29T19:54:37.560+0100] {processor.py:161} INFO - Started process (PID=7883) to work on /home/ubuntu/.local/lib/python3.10/site-packages/airflow/example_dags/example_dynamic_task_mapping.py
[2024-01-29T19:54:37.561+0100] {processor.py:830} INFO - Processing file /home/ubuntu/.local/lib/python3.10/site-packages/airflow/example_dags/example_dynamic_task_mapping.py for tasks to queue
[2024-01-29T19:54:37.563+0100] {logging_mixin.py:188} INFO - [2024-01-29T19:54:37.562+0100] {dagbag.py:538} INFO - Filling up the DagBag from /home/ubuntu/.local/lib/python3.10/site-packages/airflow/example_dags/example_dynamic_task_mapping.py
[2024-01-29T19:54:37.581+0100] {processor.py:840} INFO - DAG(s) 'example_dynamic_task_mapping' retrieved from /home/ubuntu/.local/lib/python3.10/site-packages/airflow/example_dags/example_dynamic_task_mapping.py
[2024-01-29T19:54:37.973+0100] {logging_mixin.py:188} INFO - [2024-01-29T19:54:37.973+0100] {dag.py:3033} INFO - Sync 1 DAGs
[2024-01-29T19:54:38.142+0100] {logging_mixin.py:188} INFO - [2024-01-29T19:54:38.135+0100] {dag.py:3820} INFO - Setting next_dagrun for example_dynamic_task_mapping to 2022-03-04T00:00:00+00:00, run_after=2022-03-05T00:00:00+00:00
[2024-01-29T19:54:38.523+0100] {processor.py:183} INFO - Processing /home/ubuntu/.local/lib/python3.10/site-packages/airflow/example_dags/example_dynamic_task_mapping.py took 0.972 seconds
[2024-01-29T19:55:45.201+0100] {processor.py:161} INFO - Started process (PID=7954) to work on /home/ubuntu/.local/lib/python3.10/site-packages/airflow/example_dags/example_dynamic_task_mapping.py
[2024-01-29T19:55:45.237+0100] {processor.py:830} INFO - Processing file /home/ubuntu/.local/lib/python3.10/site-packages/airflow/example_dags/example_dynamic_task_mapping.py for tasks to queue
[2024-01-29T19:55:45.240+0100] {logging_mixin.py:188} INFO - [2024-01-29T19:55:45.239+0100] {dagbag.py:538} INFO - Filling up the DagBag from /home/ubuntu/.local/lib/python3.10/site-packages/airflow/example_dags/example_dynamic_task_mapping.py
[2024-01-29T19:55:45.286+0100] {processor.py:840} INFO - DAG(s) 'example_dynamic_task_mapping' retrieved from /home/ubuntu/.local/lib/python3.10/site-packages/airflow/example_dags/example_dynamic_task_mapping.py
[2024-01-29T19:55:45.397+0100] {logging_mixin.py:188} INFO - [2024-01-29T19:55:45.396+0100] {dag.py:3033} INFO - Sync 1 DAGs
[2024-01-29T19:55:45.483+0100] {logging_mixin.py:188} INFO - [2024-01-29T19:55:45.479+0100] {dag.py:3820} INFO - Setting next_dagrun for example_dynamic_task_mapping to 2022-03-04T00:00:00+00:00, run_after=2022-03-05T00:00:00+00:00
[2024-01-29T19:55:45.856+0100] {processor.py:183} INFO - Processing /home/ubuntu/.local/lib/python3.10/site-packages/airflow/example_dags/example_dynamic_task_mapping.py took 0.683 seconds
[2024-01-29T19:57:03.639+0100] {processor.py:161} INFO - Started process (PID=8027) to work on /home/ubuntu/.local/lib/python3.10/site-packages/airflow/example_dags/example_dynamic_task_mapping.py
[2024-01-29T19:57:03.641+0100] {processor.py:830} INFO - Processing file /home/ubuntu/.local/lib/python3.10/site-packages/airflow/example_dags/example_dynamic_task_mapping.py for tasks to queue
[2024-01-29T19:57:03.643+0100] {logging_mixin.py:188} INFO - [2024-01-29T19:57:03.642+0100] {dagbag.py:538} INFO - Filling up the DagBag from /home/ubuntu/.local/lib/python3.10/site-packages/airflow/example_dags/example_dynamic_task_mapping.py
[2024-01-29T19:57:03.653+0100] {processor.py:840} INFO - DAG(s) 'example_dynamic_task_mapping' retrieved from /home/ubuntu/.local/lib/python3.10/site-packages/airflow/example_dags/example_dynamic_task_mapping.py
[2024-01-29T19:57:03.670+0100] {logging_mixin.py:188} INFO - [2024-01-29T19:57:03.670+0100] {dag.py:3033} INFO - Sync 1 DAGs
[2024-01-29T19:57:03.691+0100] {logging_mixin.py:188} INFO - [2024-01-29T19:57:03.690+0100] {dag.py:3820} INFO - Setting next_dagrun for example_dynamic_task_mapping to 2022-03-04T00:00:00+00:00, run_after=2022-03-05T00:00:00+00:00
[2024-01-29T19:57:03.720+0100] {processor.py:183} INFO - Processing /home/ubuntu/.local/lib/python3.10/site-packages/airflow/example_dags/example_dynamic_task_mapping.py took 0.084 seconds
[2024-01-29T19:58:01.889+0100] {processor.py:161} INFO - Started process (PID=8088) to work on /home/ubuntu/.local/lib/python3.10/site-packages/airflow/example_dags/example_dynamic_task_mapping.py
[2024-01-29T19:58:01.892+0100] {processor.py:830} INFO - Processing file /home/ubuntu/.local/lib/python3.10/site-packages/airflow/example_dags/example_dynamic_task_mapping.py for tasks to queue
[2024-01-29T19:58:01.893+0100] {logging_mixin.py:188} INFO - [2024-01-29T19:58:01.892+0100] {dagbag.py:538} INFO - Filling up the DagBag from /home/ubuntu/.local/lib/python3.10/site-packages/airflow/example_dags/example_dynamic_task_mapping.py
[2024-01-29T19:58:01.907+0100] {processor.py:840} INFO - DAG(s) 'example_dynamic_task_mapping' retrieved from /home/ubuntu/.local/lib/python3.10/site-packages/airflow/example_dags/example_dynamic_task_mapping.py
[2024-01-29T19:58:01.928+0100] {logging_mixin.py:188} INFO - [2024-01-29T19:58:01.928+0100] {dag.py:3033} INFO - Sync 1 DAGs
[2024-01-29T19:58:01.954+0100] {logging_mixin.py:188} INFO - [2024-01-29T19:58:01.953+0100] {dag.py:3820} INFO - Setting next_dagrun for example_dynamic_task_mapping to 2022-03-04T00:00:00+00:00, run_after=2022-03-05T00:00:00+00:00
[2024-01-29T19:58:01.985+0100] {processor.py:183} INFO - Processing /home/ubuntu/.local/lib/python3.10/site-packages/airflow/example_dags/example_dynamic_task_mapping.py took 0.101 seconds
[2024-01-29T19:58:48.438+0100] {processor.py:161} INFO - Started process (PID=8141) to work on /home/ubuntu/.local/lib/python3.10/site-packages/airflow/example_dags/example_dynamic_task_mapping.py
[2024-01-29T19:58:48.441+0100] {processor.py:830} INFO - Processing file /home/ubuntu/.local/lib/python3.10/site-packages/airflow/example_dags/example_dynamic_task_mapping.py for tasks to queue
[2024-01-29T19:58:48.442+0100] {logging_mixin.py:188} INFO - [2024-01-29T19:58:48.441+0100] {dagbag.py:538} INFO - Filling up the DagBag from /home/ubuntu/.local/lib/python3.10/site-packages/airflow/example_dags/example_dynamic_task_mapping.py
[2024-01-29T19:58:48.451+0100] {processor.py:840} INFO - DAG(s) 'example_dynamic_task_mapping' retrieved from /home/ubuntu/.local/lib/python3.10/site-packages/airflow/example_dags/example_dynamic_task_mapping.py
[2024-01-29T19:58:48.469+0100] {logging_mixin.py:188} INFO - [2024-01-29T19:58:48.468+0100] {dag.py:3033} INFO - Sync 1 DAGs
[2024-01-29T19:58:48.491+0100] {logging_mixin.py:188} INFO - [2024-01-29T19:58:48.490+0100] {dag.py:3820} INFO - Setting next_dagrun for example_dynamic_task_mapping to 2022-03-04T00:00:00+00:00, run_after=2022-03-05T00:00:00+00:00
[2024-01-29T19:58:48.526+0100] {processor.py:183} INFO - Processing /home/ubuntu/.local/lib/python3.10/site-packages/airflow/example_dags/example_dynamic_task_mapping.py took 0.091 seconds
[2024-01-29T20:00:04.818+0100] {processor.py:161} INFO - Started process (PID=8229) to work on /home/ubuntu/.local/lib/python3.10/site-packages/airflow/example_dags/example_dynamic_task_mapping.py
[2024-01-29T20:00:04.846+0100] {processor.py:830} INFO - Processing file /home/ubuntu/.local/lib/python3.10/site-packages/airflow/example_dags/example_dynamic_task_mapping.py for tasks to queue
[2024-01-29T20:00:04.853+0100] {logging_mixin.py:188} INFO - [2024-01-29T20:00:04.852+0100] {dagbag.py:538} INFO - Filling up the DagBag from /home/ubuntu/.local/lib/python3.10/site-packages/airflow/example_dags/example_dynamic_task_mapping.py
[2024-01-29T20:00:04.997+0100] {processor.py:840} INFO - DAG(s) 'example_dynamic_task_mapping' retrieved from /home/ubuntu/.local/lib/python3.10/site-packages/airflow/example_dags/example_dynamic_task_mapping.py
[2024-01-29T20:00:05.128+0100] {logging_mixin.py:188} INFO - [2024-01-29T20:00:05.128+0100] {dag.py:3033} INFO - Sync 1 DAGs
[2024-01-29T20:00:05.233+0100] {logging_mixin.py:188} INFO - [2024-01-29T20:00:05.217+0100] {dag.py:3820} INFO - Setting next_dagrun for example_dynamic_task_mapping to 2022-03-04T00:00:00+00:00, run_after=2022-03-05T00:00:00+00:00
[2024-01-29T20:00:05.477+0100] {processor.py:183} INFO - Processing /home/ubuntu/.local/lib/python3.10/site-packages/airflow/example_dags/example_dynamic_task_mapping.py took 0.702 seconds
[2024-01-29T20:01:18.970+0100] {processor.py:161} INFO - Started process (PID=8297) to work on /home/ubuntu/.local/lib/python3.10/site-packages/airflow/example_dags/example_dynamic_task_mapping.py
[2024-01-29T20:01:18.972+0100] {processor.py:830} INFO - Processing file /home/ubuntu/.local/lib/python3.10/site-packages/airflow/example_dags/example_dynamic_task_mapping.py for tasks to queue
[2024-01-29T20:01:18.974+0100] {logging_mixin.py:188} INFO - [2024-01-29T20:01:18.973+0100] {dagbag.py:538} INFO - Filling up the DagBag from /home/ubuntu/.local/lib/python3.10/site-packages/airflow/example_dags/example_dynamic_task_mapping.py
[2024-01-29T20:01:18.983+0100] {processor.py:840} INFO - DAG(s) 'example_dynamic_task_mapping' retrieved from /home/ubuntu/.local/lib/python3.10/site-packages/airflow/example_dags/example_dynamic_task_mapping.py
[2024-01-29T20:01:18.999+0100] {logging_mixin.py:188} INFO - [2024-01-29T20:01:18.999+0100] {dag.py:3033} INFO - Sync 1 DAGs
[2024-01-29T20:01:19.019+0100] {logging_mixin.py:188} INFO - [2024-01-29T20:01:19.019+0100] {dag.py:3820} INFO - Setting next_dagrun for example_dynamic_task_mapping to 2022-03-04T00:00:00+00:00, run_after=2022-03-05T00:00:00+00:00
[2024-01-29T20:01:19.048+0100] {processor.py:183} INFO - Processing /home/ubuntu/.local/lib/python3.10/site-packages/airflow/example_dags/example_dynamic_task_mapping.py took 0.080 seconds
[2024-01-29T20:02:04.943+0100] {processor.py:161} INFO - Started process (PID=8350) to work on /home/ubuntu/.local/lib/python3.10/site-packages/airflow/example_dags/example_dynamic_task_mapping.py
[2024-01-29T20:02:04.945+0100] {processor.py:830} INFO - Processing file /home/ubuntu/.local/lib/python3.10/site-packages/airflow/example_dags/example_dynamic_task_mapping.py for tasks to queue
[2024-01-29T20:02:04.946+0100] {logging_mixin.py:188} INFO - [2024-01-29T20:02:04.945+0100] {dagbag.py:538} INFO - Filling up the DagBag from /home/ubuntu/.local/lib/python3.10/site-packages/airflow/example_dags/example_dynamic_task_mapping.py
[2024-01-29T20:02:04.955+0100] {processor.py:840} INFO - DAG(s) 'example_dynamic_task_mapping' retrieved from /home/ubuntu/.local/lib/python3.10/site-packages/airflow/example_dags/example_dynamic_task_mapping.py
[2024-01-29T20:02:04.971+0100] {logging_mixin.py:188} INFO - [2024-01-29T20:02:04.971+0100] {dag.py:3033} INFO - Sync 1 DAGs
[2024-01-29T20:02:04.990+0100] {logging_mixin.py:188} INFO - [2024-01-29T20:02:04.990+0100] {dag.py:3820} INFO - Setting next_dagrun for example_dynamic_task_mapping to 2022-03-04T00:00:00+00:00, run_after=2022-03-05T00:00:00+00:00
[2024-01-29T20:02:05.020+0100] {processor.py:183} INFO - Processing /home/ubuntu/.local/lib/python3.10/site-packages/airflow/example_dags/example_dynamic_task_mapping.py took 0.080 seconds
[2024-01-29T20:03:00.750+0100] {processor.py:161} INFO - Started process (PID=8445) to work on /home/ubuntu/.local/lib/python3.10/site-packages/airflow/example_dags/example_dynamic_task_mapping.py
[2024-01-29T20:03:00.752+0100] {processor.py:830} INFO - Processing file /home/ubuntu/.local/lib/python3.10/site-packages/airflow/example_dags/example_dynamic_task_mapping.py for tasks to queue
[2024-01-29T20:03:00.753+0100] {logging_mixin.py:188} INFO - [2024-01-29T20:03:00.752+0100] {dagbag.py:538} INFO - Filling up the DagBag from /home/ubuntu/.local/lib/python3.10/site-packages/airflow/example_dags/example_dynamic_task_mapping.py
[2024-01-29T20:03:00.762+0100] {processor.py:840} INFO - DAG(s) 'example_dynamic_task_mapping' retrieved from /home/ubuntu/.local/lib/python3.10/site-packages/airflow/example_dags/example_dynamic_task_mapping.py
[2024-01-29T20:03:00.776+0100] {logging_mixin.py:188} INFO - [2024-01-29T20:03:00.776+0100] {dag.py:3033} INFO - Sync 1 DAGs
[2024-01-29T20:03:00.797+0100] {logging_mixin.py:188} INFO - [2024-01-29T20:03:00.797+0100] {dag.py:3820} INFO - Setting next_dagrun for example_dynamic_task_mapping to 2022-03-04T00:00:00+00:00, run_after=2022-03-05T00:00:00+00:00
[2024-01-29T20:03:00.828+0100] {processor.py:183} INFO - Processing /home/ubuntu/.local/lib/python3.10/site-packages/airflow/example_dags/example_dynamic_task_mapping.py took 0.082 seconds
[2024-01-29T20:03:51.674+0100] {processor.py:161} INFO - Started process (PID=8506) to work on /home/ubuntu/.local/lib/python3.10/site-packages/airflow/example_dags/example_dynamic_task_mapping.py
[2024-01-29T20:03:51.676+0100] {processor.py:830} INFO - Processing file /home/ubuntu/.local/lib/python3.10/site-packages/airflow/example_dags/example_dynamic_task_mapping.py for tasks to queue
[2024-01-29T20:03:51.677+0100] {logging_mixin.py:188} INFO - [2024-01-29T20:03:51.676+0100] {dagbag.py:538} INFO - Filling up the DagBag from /home/ubuntu/.local/lib/python3.10/site-packages/airflow/example_dags/example_dynamic_task_mapping.py
[2024-01-29T20:03:51.686+0100] {processor.py:840} INFO - DAG(s) 'example_dynamic_task_mapping' retrieved from /home/ubuntu/.local/lib/python3.10/site-packages/airflow/example_dags/example_dynamic_task_mapping.py
[2024-01-29T20:03:51.703+0100] {logging_mixin.py:188} INFO - [2024-01-29T20:03:51.703+0100] {dag.py:3033} INFO - Sync 1 DAGs
[2024-01-29T20:03:51.722+0100] {logging_mixin.py:188} INFO - [2024-01-29T20:03:51.722+0100] {dag.py:3820} INFO - Setting next_dagrun for example_dynamic_task_mapping to 2022-03-04T00:00:00+00:00, run_after=2022-03-05T00:00:00+00:00
[2024-01-29T20:03:51.752+0100] {processor.py:183} INFO - Processing /home/ubuntu/.local/lib/python3.10/site-packages/airflow/example_dags/example_dynamic_task_mapping.py took 0.081 seconds
[2024-01-29T20:04:39.643+0100] {processor.py:161} INFO - Started process (PID=8562) to work on /home/ubuntu/.local/lib/python3.10/site-packages/airflow/example_dags/example_dynamic_task_mapping.py
[2024-01-29T20:04:39.645+0100] {processor.py:830} INFO - Processing file /home/ubuntu/.local/lib/python3.10/site-packages/airflow/example_dags/example_dynamic_task_mapping.py for tasks to queue
[2024-01-29T20:04:39.646+0100] {logging_mixin.py:188} INFO - [2024-01-29T20:04:39.646+0100] {dagbag.py:538} INFO - Filling up the DagBag from /home/ubuntu/.local/lib/python3.10/site-packages/airflow/example_dags/example_dynamic_task_mapping.py
[2024-01-29T20:04:39.661+0100] {processor.py:840} INFO - DAG(s) 'example_dynamic_task_mapping' retrieved from /home/ubuntu/.local/lib/python3.10/site-packages/airflow/example_dags/example_dynamic_task_mapping.py
[2024-01-29T20:04:39.690+0100] {logging_mixin.py:188} INFO - [2024-01-29T20:04:39.689+0100] {dag.py:3033} INFO - Sync 1 DAGs
[2024-01-29T20:04:39.731+0100] {logging_mixin.py:188} INFO - [2024-01-29T20:04:39.729+0100] {dag.py:3820} INFO - Setting next_dagrun for example_dynamic_task_mapping to 2022-03-04T00:00:00+00:00, run_after=2022-03-05T00:00:00+00:00
[2024-01-29T20:04:39.780+0100] {processor.py:183} INFO - Processing /home/ubuntu/.local/lib/python3.10/site-packages/airflow/example_dags/example_dynamic_task_mapping.py took 0.144 seconds
[2024-01-29T20:05:54.646+0100] {processor.py:161} INFO - Started process (PID=8636) to work on /home/ubuntu/.local/lib/python3.10/site-packages/airflow/example_dags/example_dynamic_task_mapping.py
[2024-01-29T20:05:54.648+0100] {processor.py:830} INFO - Processing file /home/ubuntu/.local/lib/python3.10/site-packages/airflow/example_dags/example_dynamic_task_mapping.py for tasks to queue
[2024-01-29T20:05:54.650+0100] {logging_mixin.py:188} INFO - [2024-01-29T20:05:54.649+0100] {dagbag.py:538} INFO - Filling up the DagBag from /home/ubuntu/.local/lib/python3.10/site-packages/airflow/example_dags/example_dynamic_task_mapping.py
[2024-01-29T20:05:54.660+0100] {processor.py:840} INFO - DAG(s) 'example_dynamic_task_mapping' retrieved from /home/ubuntu/.local/lib/python3.10/site-packages/airflow/example_dags/example_dynamic_task_mapping.py
[2024-01-29T20:05:54.680+0100] {logging_mixin.py:188} INFO - [2024-01-29T20:05:54.680+0100] {dag.py:3033} INFO - Sync 1 DAGs
[2024-01-29T20:05:54.700+0100] {logging_mixin.py:188} INFO - [2024-01-29T20:05:54.700+0100] {dag.py:3820} INFO - Setting next_dagrun for example_dynamic_task_mapping to 2022-03-04T00:00:00+00:00, run_after=2022-03-05T00:00:00+00:00
[2024-01-29T20:05:54.734+0100] {processor.py:183} INFO - Processing /home/ubuntu/.local/lib/python3.10/site-packages/airflow/example_dags/example_dynamic_task_mapping.py took 0.091 seconds
[2024-01-29T20:07:14.537+0100] {processor.py:161} INFO - Started process (PID=8718) to work on /home/ubuntu/.local/lib/python3.10/site-packages/airflow/example_dags/example_dynamic_task_mapping.py
[2024-01-29T20:07:14.539+0100] {processor.py:830} INFO - Processing file /home/ubuntu/.local/lib/python3.10/site-packages/airflow/example_dags/example_dynamic_task_mapping.py for tasks to queue
[2024-01-29T20:07:14.541+0100] {logging_mixin.py:188} INFO - [2024-01-29T20:07:14.540+0100] {dagbag.py:538} INFO - Filling up the DagBag from /home/ubuntu/.local/lib/python3.10/site-packages/airflow/example_dags/example_dynamic_task_mapping.py
[2024-01-29T20:07:14.556+0100] {processor.py:840} INFO - DAG(s) 'example_dynamic_task_mapping' retrieved from /home/ubuntu/.local/lib/python3.10/site-packages/airflow/example_dags/example_dynamic_task_mapping.py
[2024-01-29T20:07:14.586+0100] {logging_mixin.py:188} INFO - [2024-01-29T20:07:14.585+0100] {dag.py:3033} INFO - Sync 1 DAGs
[2024-01-29T20:07:14.612+0100] {logging_mixin.py:188} INFO - [2024-01-29T20:07:14.612+0100] {dag.py:3820} INFO - Setting next_dagrun for example_dynamic_task_mapping to 2022-03-04T00:00:00+00:00, run_after=2022-03-05T00:00:00+00:00
[2024-01-29T20:07:14.643+0100] {processor.py:183} INFO - Processing /home/ubuntu/.local/lib/python3.10/site-packages/airflow/example_dags/example_dynamic_task_mapping.py took 0.112 seconds
[2024-01-29T20:08:16.934+0100] {processor.py:161} INFO - Started process (PID=8789) to work on /home/ubuntu/.local/lib/python3.10/site-packages/airflow/example_dags/example_dynamic_task_mapping.py
[2024-01-29T20:08:16.936+0100] {processor.py:830} INFO - Processing file /home/ubuntu/.local/lib/python3.10/site-packages/airflow/example_dags/example_dynamic_task_mapping.py for tasks to queue
[2024-01-29T20:08:16.937+0100] {logging_mixin.py:188} INFO - [2024-01-29T20:08:16.937+0100] {dagbag.py:538} INFO - Filling up the DagBag from /home/ubuntu/.local/lib/python3.10/site-packages/airflow/example_dags/example_dynamic_task_mapping.py
[2024-01-29T20:08:16.947+0100] {processor.py:840} INFO - DAG(s) 'example_dynamic_task_mapping' retrieved from /home/ubuntu/.local/lib/python3.10/site-packages/airflow/example_dags/example_dynamic_task_mapping.py
[2024-01-29T20:08:16.962+0100] {logging_mixin.py:188} INFO - [2024-01-29T20:08:16.962+0100] {dag.py:3033} INFO - Sync 1 DAGs
[2024-01-29T20:08:16.985+0100] {logging_mixin.py:188} INFO - [2024-01-29T20:08:16.985+0100] {dag.py:3820} INFO - Setting next_dagrun for example_dynamic_task_mapping to 2022-03-04T00:00:00+00:00, run_after=2022-03-05T00:00:00+00:00
[2024-01-29T20:08:17.013+0100] {processor.py:183} INFO - Processing /home/ubuntu/.local/lib/python3.10/site-packages/airflow/example_dags/example_dynamic_task_mapping.py took 0.082 seconds
[2024-01-29T20:09:05.413+0100] {processor.py:161} INFO - Started process (PID=8847) to work on /home/ubuntu/.local/lib/python3.10/site-packages/airflow/example_dags/example_dynamic_task_mapping.py
[2024-01-29T20:09:05.416+0100] {processor.py:830} INFO - Processing file /home/ubuntu/.local/lib/python3.10/site-packages/airflow/example_dags/example_dynamic_task_mapping.py for tasks to queue
[2024-01-29T20:09:05.417+0100] {logging_mixin.py:188} INFO - [2024-01-29T20:09:05.417+0100] {dagbag.py:538} INFO - Filling up the DagBag from /home/ubuntu/.local/lib/python3.10/site-packages/airflow/example_dags/example_dynamic_task_mapping.py
[2024-01-29T20:09:05.426+0100] {processor.py:840} INFO - DAG(s) 'example_dynamic_task_mapping' retrieved from /home/ubuntu/.local/lib/python3.10/site-packages/airflow/example_dags/example_dynamic_task_mapping.py
[2024-01-29T20:09:05.442+0100] {logging_mixin.py:188} INFO - [2024-01-29T20:09:05.442+0100] {dag.py:3033} INFO - Sync 1 DAGs
[2024-01-29T20:09:05.461+0100] {logging_mixin.py:188} INFO - [2024-01-29T20:09:05.461+0100] {dag.py:3820} INFO - Setting next_dagrun for example_dynamic_task_mapping to 2022-03-04T00:00:00+00:00, run_after=2022-03-05T00:00:00+00:00
[2024-01-29T20:09:05.502+0100] {processor.py:183} INFO - Processing /home/ubuntu/.local/lib/python3.10/site-packages/airflow/example_dags/example_dynamic_task_mapping.py took 0.092 seconds
[2024-01-29T20:10:11.105+0100] {processor.py:161} INFO - Started process (PID=8927) to work on /home/ubuntu/.local/lib/python3.10/site-packages/airflow/example_dags/example_dynamic_task_mapping.py
[2024-01-29T20:10:11.107+0100] {processor.py:830} INFO - Processing file /home/ubuntu/.local/lib/python3.10/site-packages/airflow/example_dags/example_dynamic_task_mapping.py for tasks to queue
[2024-01-29T20:10:11.108+0100] {logging_mixin.py:188} INFO - [2024-01-29T20:10:11.108+0100] {dagbag.py:538} INFO - Filling up the DagBag from /home/ubuntu/.local/lib/python3.10/site-packages/airflow/example_dags/example_dynamic_task_mapping.py
[2024-01-29T20:10:11.118+0100] {processor.py:840} INFO - DAG(s) 'example_dynamic_task_mapping' retrieved from /home/ubuntu/.local/lib/python3.10/site-packages/airflow/example_dags/example_dynamic_task_mapping.py
[2024-01-29T20:10:11.135+0100] {logging_mixin.py:188} INFO - [2024-01-29T20:10:11.135+0100] {dag.py:3033} INFO - Sync 1 DAGs
[2024-01-29T20:10:11.156+0100] {logging_mixin.py:188} INFO - [2024-01-29T20:10:11.156+0100] {dag.py:3820} INFO - Setting next_dagrun for example_dynamic_task_mapping to 2022-03-04T00:00:00+00:00, run_after=2022-03-05T00:00:00+00:00
[2024-01-29T20:10:11.192+0100] {processor.py:183} INFO - Processing /home/ubuntu/.local/lib/python3.10/site-packages/airflow/example_dags/example_dynamic_task_mapping.py took 0.093 seconds
[2024-01-29T20:10:59.025+0100] {processor.py:161} INFO - Started process (PID=8982) to work on /home/ubuntu/.local/lib/python3.10/site-packages/airflow/example_dags/example_dynamic_task_mapping.py
[2024-01-29T20:10:59.027+0100] {processor.py:830} INFO - Processing file /home/ubuntu/.local/lib/python3.10/site-packages/airflow/example_dags/example_dynamic_task_mapping.py for tasks to queue
[2024-01-29T20:10:59.028+0100] {logging_mixin.py:188} INFO - [2024-01-29T20:10:59.028+0100] {dagbag.py:538} INFO - Filling up the DagBag from /home/ubuntu/.local/lib/python3.10/site-packages/airflow/example_dags/example_dynamic_task_mapping.py
[2024-01-29T20:10:59.037+0100] {processor.py:840} INFO - DAG(s) 'example_dynamic_task_mapping' retrieved from /home/ubuntu/.local/lib/python3.10/site-packages/airflow/example_dags/example_dynamic_task_mapping.py
[2024-01-29T20:10:59.055+0100] {logging_mixin.py:188} INFO - [2024-01-29T20:10:59.055+0100] {dag.py:3033} INFO - Sync 1 DAGs
[2024-01-29T20:10:59.109+0100] {logging_mixin.py:188} INFO - [2024-01-29T20:10:59.109+0100] {dag.py:3820} INFO - Setting next_dagrun for example_dynamic_task_mapping to 2022-03-04T00:00:00+00:00, run_after=2022-03-05T00:00:00+00:00
[2024-01-29T20:10:59.140+0100] {processor.py:183} INFO - Processing /home/ubuntu/.local/lib/python3.10/site-packages/airflow/example_dags/example_dynamic_task_mapping.py took 0.119 seconds
[2024-01-29T20:11:52.033+0100] {processor.py:161} INFO - Started process (PID=9048) to work on /home/ubuntu/.local/lib/python3.10/site-packages/airflow/example_dags/example_dynamic_task_mapping.py
[2024-01-29T20:11:52.043+0100] {processor.py:830} INFO - Processing file /home/ubuntu/.local/lib/python3.10/site-packages/airflow/example_dags/example_dynamic_task_mapping.py for tasks to queue
[2024-01-29T20:11:52.045+0100] {logging_mixin.py:188} INFO - [2024-01-29T20:11:52.044+0100] {dagbag.py:538} INFO - Filling up the DagBag from /home/ubuntu/.local/lib/python3.10/site-packages/airflow/example_dags/example_dynamic_task_mapping.py
[2024-01-29T20:11:52.063+0100] {processor.py:840} INFO - DAG(s) 'example_dynamic_task_mapping' retrieved from /home/ubuntu/.local/lib/python3.10/site-packages/airflow/example_dags/example_dynamic_task_mapping.py
[2024-01-29T20:11:52.107+0100] {logging_mixin.py:188} INFO - [2024-01-29T20:11:52.107+0100] {dag.py:3033} INFO - Sync 1 DAGs
[2024-01-29T20:11:52.174+0100] {logging_mixin.py:188} INFO - [2024-01-29T20:11:52.173+0100] {dag.py:3820} INFO - Setting next_dagrun for example_dynamic_task_mapping to 2022-03-04T00:00:00+00:00, run_after=2022-03-05T00:00:00+00:00
[2024-01-29T20:11:52.398+0100] {processor.py:183} INFO - Processing /home/ubuntu/.local/lib/python3.10/site-packages/airflow/example_dags/example_dynamic_task_mapping.py took 0.377 seconds
[2024-01-29T20:12:51.659+0100] {processor.py:161} INFO - Started process (PID=9127) to work on /home/ubuntu/.local/lib/python3.10/site-packages/airflow/example_dags/example_dynamic_task_mapping.py
[2024-01-29T20:12:51.729+0100] {processor.py:830} INFO - Processing file /home/ubuntu/.local/lib/python3.10/site-packages/airflow/example_dags/example_dynamic_task_mapping.py for tasks to queue
[2024-01-29T20:12:51.734+0100] {logging_mixin.py:188} INFO - [2024-01-29T20:12:51.734+0100] {dagbag.py:538} INFO - Filling up the DagBag from /home/ubuntu/.local/lib/python3.10/site-packages/airflow/example_dags/example_dynamic_task_mapping.py
[2024-01-29T20:12:51.830+0100] {processor.py:840} INFO - DAG(s) 'example_dynamic_task_mapping' retrieved from /home/ubuntu/.local/lib/python3.10/site-packages/airflow/example_dags/example_dynamic_task_mapping.py
[2024-01-29T20:12:51.894+0100] {logging_mixin.py:188} INFO - [2024-01-29T20:12:51.894+0100] {dag.py:3033} INFO - Sync 1 DAGs
[2024-01-29T20:12:51.999+0100] {logging_mixin.py:188} INFO - [2024-01-29T20:12:51.998+0100] {dag.py:3820} INFO - Setting next_dagrun for example_dynamic_task_mapping to 2022-03-04T00:00:00+00:00, run_after=2022-03-05T00:00:00+00:00
[2024-01-29T20:12:52.239+0100] {processor.py:183} INFO - Processing /home/ubuntu/.local/lib/python3.10/site-packages/airflow/example_dags/example_dynamic_task_mapping.py took 0.587 seconds
[2024-01-29T20:14:24.629+0100] {processor.py:161} INFO - Started process (PID=9255) to work on /home/ubuntu/.local/lib/python3.10/site-packages/airflow/example_dags/example_dynamic_task_mapping.py
[2024-01-29T20:14:24.631+0100] {processor.py:830} INFO - Processing file /home/ubuntu/.local/lib/python3.10/site-packages/airflow/example_dags/example_dynamic_task_mapping.py for tasks to queue
[2024-01-29T20:14:24.632+0100] {logging_mixin.py:188} INFO - [2024-01-29T20:14:24.631+0100] {dagbag.py:538} INFO - Filling up the DagBag from /home/ubuntu/.local/lib/python3.10/site-packages/airflow/example_dags/example_dynamic_task_mapping.py
[2024-01-29T20:14:24.642+0100] {processor.py:840} INFO - DAG(s) 'example_dynamic_task_mapping' retrieved from /home/ubuntu/.local/lib/python3.10/site-packages/airflow/example_dags/example_dynamic_task_mapping.py
[2024-01-29T20:14:24.658+0100] {logging_mixin.py:188} INFO - [2024-01-29T20:14:24.658+0100] {dag.py:3033} INFO - Sync 1 DAGs
[2024-01-29T20:14:24.679+0100] {logging_mixin.py:188} INFO - [2024-01-29T20:14:24.679+0100] {dag.py:3820} INFO - Setting next_dagrun for example_dynamic_task_mapping to 2022-03-04T00:00:00+00:00, run_after=2022-03-05T00:00:00+00:00
[2024-01-29T20:14:24.709+0100] {processor.py:183} INFO - Processing /home/ubuntu/.local/lib/python3.10/site-packages/airflow/example_dags/example_dynamic_task_mapping.py took 0.083 seconds
[2024-01-29T20:15:17.998+0100] {processor.py:161} INFO - Started process (PID=9312) to work on /home/ubuntu/.local/lib/python3.10/site-packages/airflow/example_dags/example_dynamic_task_mapping.py
[2024-01-29T20:15:18.000+0100] {processor.py:830} INFO - Processing file /home/ubuntu/.local/lib/python3.10/site-packages/airflow/example_dags/example_dynamic_task_mapping.py for tasks to queue
[2024-01-29T20:15:18.001+0100] {logging_mixin.py:188} INFO - [2024-01-29T20:15:18.001+0100] {dagbag.py:538} INFO - Filling up the DagBag from /home/ubuntu/.local/lib/python3.10/site-packages/airflow/example_dags/example_dynamic_task_mapping.py
[2024-01-29T20:15:18.010+0100] {processor.py:840} INFO - DAG(s) 'example_dynamic_task_mapping' retrieved from /home/ubuntu/.local/lib/python3.10/site-packages/airflow/example_dags/example_dynamic_task_mapping.py
[2024-01-29T20:15:18.027+0100] {logging_mixin.py:188} INFO - [2024-01-29T20:15:18.027+0100] {dag.py:3033} INFO - Sync 1 DAGs
[2024-01-29T20:15:18.049+0100] {logging_mixin.py:188} INFO - [2024-01-29T20:15:18.049+0100] {dag.py:3820} INFO - Setting next_dagrun for example_dynamic_task_mapping to 2022-03-04T00:00:00+00:00, run_after=2022-03-05T00:00:00+00:00
[2024-01-29T20:15:18.082+0100] {processor.py:183} INFO - Processing /home/ubuntu/.local/lib/python3.10/site-packages/airflow/example_dags/example_dynamic_task_mapping.py took 0.087 seconds
[2024-01-29T20:16:20.568+0100] {processor.py:161} INFO - Started process (PID=9385) to work on /home/ubuntu/.local/lib/python3.10/site-packages/airflow/example_dags/example_dynamic_task_mapping.py
[2024-01-29T20:16:20.570+0100] {processor.py:830} INFO - Processing file /home/ubuntu/.local/lib/python3.10/site-packages/airflow/example_dags/example_dynamic_task_mapping.py for tasks to queue
[2024-01-29T20:16:20.572+0100] {logging_mixin.py:188} INFO - [2024-01-29T20:16:20.572+0100] {dagbag.py:538} INFO - Filling up the DagBag from /home/ubuntu/.local/lib/python3.10/site-packages/airflow/example_dags/example_dynamic_task_mapping.py
[2024-01-29T20:16:20.589+0100] {processor.py:840} INFO - DAG(s) 'example_dynamic_task_mapping' retrieved from /home/ubuntu/.local/lib/python3.10/site-packages/airflow/example_dags/example_dynamic_task_mapping.py
[2024-01-29T20:16:20.608+0100] {logging_mixin.py:188} INFO - [2024-01-29T20:16:20.608+0100] {dag.py:3033} INFO - Sync 1 DAGs
[2024-01-29T20:16:20.630+0100] {logging_mixin.py:188} INFO - [2024-01-29T20:16:20.629+0100] {dag.py:3820} INFO - Setting next_dagrun for example_dynamic_task_mapping to 2022-03-04T00:00:00+00:00, run_after=2022-03-05T00:00:00+00:00
[2024-01-29T20:16:20.658+0100] {processor.py:183} INFO - Processing /home/ubuntu/.local/lib/python3.10/site-packages/airflow/example_dags/example_dynamic_task_mapping.py took 0.095 seconds
[2024-01-29T20:17:09.615+0100] {processor.py:161} INFO - Started process (PID=9441) to work on /home/ubuntu/.local/lib/python3.10/site-packages/airflow/example_dags/example_dynamic_task_mapping.py
[2024-01-29T20:17:09.616+0100] {processor.py:830} INFO - Processing file /home/ubuntu/.local/lib/python3.10/site-packages/airflow/example_dags/example_dynamic_task_mapping.py for tasks to queue
[2024-01-29T20:17:09.617+0100] {logging_mixin.py:188} INFO - [2024-01-29T20:17:09.617+0100] {dagbag.py:538} INFO - Filling up the DagBag from /home/ubuntu/.local/lib/python3.10/site-packages/airflow/example_dags/example_dynamic_task_mapping.py
[2024-01-29T20:17:09.627+0100] {processor.py:840} INFO - DAG(s) 'example_dynamic_task_mapping' retrieved from /home/ubuntu/.local/lib/python3.10/site-packages/airflow/example_dags/example_dynamic_task_mapping.py
[2024-01-29T20:17:09.647+0100] {logging_mixin.py:188} INFO - [2024-01-29T20:17:09.646+0100] {dag.py:3033} INFO - Sync 1 DAGs
[2024-01-29T20:17:09.675+0100] {logging_mixin.py:188} INFO - [2024-01-29T20:17:09.675+0100] {dag.py:3820} INFO - Setting next_dagrun for example_dynamic_task_mapping to 2022-03-04T00:00:00+00:00, run_after=2022-03-05T00:00:00+00:00
[2024-01-29T20:17:09.721+0100] {processor.py:183} INFO - Processing /home/ubuntu/.local/lib/python3.10/site-packages/airflow/example_dags/example_dynamic_task_mapping.py took 0.109 seconds
[2024-01-29T20:17:57.882+0100] {processor.py:161} INFO - Started process (PID=9495) to work on /home/ubuntu/.local/lib/python3.10/site-packages/airflow/example_dags/example_dynamic_task_mapping.py
[2024-01-29T20:17:57.885+0100] {processor.py:830} INFO - Processing file /home/ubuntu/.local/lib/python3.10/site-packages/airflow/example_dags/example_dynamic_task_mapping.py for tasks to queue
[2024-01-29T20:17:57.886+0100] {logging_mixin.py:188} INFO - [2024-01-29T20:17:57.886+0100] {dagbag.py:538} INFO - Filling up the DagBag from /home/ubuntu/.local/lib/python3.10/site-packages/airflow/example_dags/example_dynamic_task_mapping.py
[2024-01-29T20:17:57.900+0100] {processor.py:840} INFO - DAG(s) 'example_dynamic_task_mapping' retrieved from /home/ubuntu/.local/lib/python3.10/site-packages/airflow/example_dags/example_dynamic_task_mapping.py
[2024-01-29T20:17:57.929+0100] {logging_mixin.py:188} INFO - [2024-01-29T20:17:57.929+0100] {dag.py:3033} INFO - Sync 1 DAGs
[2024-01-29T20:17:58.036+0100] {logging_mixin.py:188} INFO - [2024-01-29T20:17:58.036+0100] {dag.py:3820} INFO - Setting next_dagrun for example_dynamic_task_mapping to 2022-03-04T00:00:00+00:00, run_after=2022-03-05T00:00:00+00:00
[2024-01-29T20:17:58.086+0100] {processor.py:183} INFO - Processing /home/ubuntu/.local/lib/python3.10/site-packages/airflow/example_dags/example_dynamic_task_mapping.py took 0.211 seconds
[2024-01-29T20:18:42.537+0100] {processor.py:161} INFO - Started process (PID=9546) to work on /home/ubuntu/.local/lib/python3.10/site-packages/airflow/example_dags/example_dynamic_task_mapping.py
[2024-01-29T20:18:42.539+0100] {processor.py:830} INFO - Processing file /home/ubuntu/.local/lib/python3.10/site-packages/airflow/example_dags/example_dynamic_task_mapping.py for tasks to queue
[2024-01-29T20:18:42.540+0100] {logging_mixin.py:188} INFO - [2024-01-29T20:18:42.539+0100] {dagbag.py:538} INFO - Filling up the DagBag from /home/ubuntu/.local/lib/python3.10/site-packages/airflow/example_dags/example_dynamic_task_mapping.py
[2024-01-29T20:18:42.550+0100] {processor.py:840} INFO - DAG(s) 'example_dynamic_task_mapping' retrieved from /home/ubuntu/.local/lib/python3.10/site-packages/airflow/example_dags/example_dynamic_task_mapping.py
[2024-01-29T20:18:42.566+0100] {logging_mixin.py:188} INFO - [2024-01-29T20:18:42.565+0100] {dag.py:3033} INFO - Sync 1 DAGs
[2024-01-29T20:18:42.589+0100] {logging_mixin.py:188} INFO - [2024-01-29T20:18:42.589+0100] {dag.py:3820} INFO - Setting next_dagrun for example_dynamic_task_mapping to 2022-03-04T00:00:00+00:00, run_after=2022-03-05T00:00:00+00:00
[2024-01-29T20:18:42.617+0100] {processor.py:183} INFO - Processing /home/ubuntu/.local/lib/python3.10/site-packages/airflow/example_dags/example_dynamic_task_mapping.py took 0.084 seconds
[2024-01-29T20:19:29.546+0100] {processor.py:161} INFO - Started process (PID=9615) to work on /home/ubuntu/.local/lib/python3.10/site-packages/airflow/example_dags/example_dynamic_task_mapping.py
[2024-01-29T20:19:29.549+0100] {processor.py:830} INFO - Processing file /home/ubuntu/.local/lib/python3.10/site-packages/airflow/example_dags/example_dynamic_task_mapping.py for tasks to queue
[2024-01-29T20:19:29.550+0100] {logging_mixin.py:188} INFO - [2024-01-29T20:19:29.550+0100] {dagbag.py:538} INFO - Filling up the DagBag from /home/ubuntu/.local/lib/python3.10/site-packages/airflow/example_dags/example_dynamic_task_mapping.py
[2024-01-29T20:19:29.559+0100] {processor.py:840} INFO - DAG(s) 'example_dynamic_task_mapping' retrieved from /home/ubuntu/.local/lib/python3.10/site-packages/airflow/example_dags/example_dynamic_task_mapping.py
[2024-01-29T20:19:29.580+0100] {logging_mixin.py:188} INFO - [2024-01-29T20:19:29.580+0100] {dag.py:3033} INFO - Sync 1 DAGs
[2024-01-29T20:19:29.611+0100] {logging_mixin.py:188} INFO - [2024-01-29T20:19:29.611+0100] {dag.py:3820} INFO - Setting next_dagrun for example_dynamic_task_mapping to 2022-03-04T00:00:00+00:00, run_after=2022-03-05T00:00:00+00:00
[2024-01-29T20:19:29.652+0100] {processor.py:183} INFO - Processing /home/ubuntu/.local/lib/python3.10/site-packages/airflow/example_dags/example_dynamic_task_mapping.py took 0.109 seconds
[2024-01-29T20:20:29.069+0100] {processor.py:161} INFO - Started process (PID=9683) to work on /home/ubuntu/.local/lib/python3.10/site-packages/airflow/example_dags/example_dynamic_task_mapping.py
[2024-01-29T20:20:29.072+0100] {processor.py:830} INFO - Processing file /home/ubuntu/.local/lib/python3.10/site-packages/airflow/example_dags/example_dynamic_task_mapping.py for tasks to queue
[2024-01-29T20:20:29.073+0100] {logging_mixin.py:188} INFO - [2024-01-29T20:20:29.072+0100] {dagbag.py:538} INFO - Filling up the DagBag from /home/ubuntu/.local/lib/python3.10/site-packages/airflow/example_dags/example_dynamic_task_mapping.py
[2024-01-29T20:20:29.085+0100] {processor.py:840} INFO - DAG(s) 'example_dynamic_task_mapping' retrieved from /home/ubuntu/.local/lib/python3.10/site-packages/airflow/example_dags/example_dynamic_task_mapping.py
[2024-01-29T20:20:29.103+0100] {logging_mixin.py:188} INFO - [2024-01-29T20:20:29.102+0100] {dag.py:3033} INFO - Sync 1 DAGs
[2024-01-29T20:20:29.123+0100] {logging_mixin.py:188} INFO - [2024-01-29T20:20:29.123+0100] {dag.py:3820} INFO - Setting next_dagrun for example_dynamic_task_mapping to 2022-03-04T00:00:00+00:00, run_after=2022-03-05T00:00:00+00:00
[2024-01-29T20:20:29.164+0100] {processor.py:183} INFO - Processing /home/ubuntu/.local/lib/python3.10/site-packages/airflow/example_dags/example_dynamic_task_mapping.py took 0.101 seconds
