[2024-01-29T19:54:55.456+0100] {processor.py:161} INFO - Started process (PID=7899) to work on /home/ubuntu/.local/lib/python3.10/site-packages/airflow/example_dags/example_datasets.py
[2024-01-29T19:54:55.457+0100] {processor.py:830} INFO - Processing file /home/ubuntu/.local/lib/python3.10/site-packages/airflow/example_dags/example_datasets.py for tasks to queue
[2024-01-29T19:54:55.458+0100] {logging_mixin.py:188} INFO - [2024-01-29T19:54:55.457+0100] {dagbag.py:538} INFO - Filling up the DagBag from /home/ubuntu/.local/lib/python3.10/site-packages/airflow/example_dags/example_datasets.py
[2024-01-29T19:54:55.469+0100] {processor.py:840} INFO - DAG(s) 'dataset_produces_1', 'dataset_consumes_1_and_2', 'dataset_consumes_1', 'dataset_consumes_1_never_scheduled', 'dataset_produces_2', 'dataset_consumes_unknown_never_scheduled' retrieved from /home/ubuntu/.local/lib/python3.10/site-packages/airflow/example_dags/example_datasets.py
[2024-01-29T19:54:55.620+0100] {logging_mixin.py:188} INFO - [2024-01-29T19:54:55.620+0100] {dag.py:3033} INFO - Sync 6 DAGs
[2024-01-29T19:54:55.642+0100] {logging_mixin.py:188} INFO - [2024-01-29T19:54:55.642+0100] {dag.py:3820} INFO - Setting next_dagrun for dataset_consumes_1 to None, run_after=None
[2024-01-29T19:54:55.647+0100] {logging_mixin.py:188} INFO - [2024-01-29T19:54:55.646+0100] {dag.py:3820} INFO - Setting next_dagrun for dataset_consumes_1_and_2 to None, run_after=None
[2024-01-29T19:54:55.648+0100] {logging_mixin.py:188} INFO - [2024-01-29T19:54:55.648+0100] {dag.py:3820} INFO - Setting next_dagrun for dataset_consumes_1_never_scheduled to None, run_after=None
[2024-01-29T19:54:55.650+0100] {logging_mixin.py:188} INFO - [2024-01-29T19:54:55.650+0100] {dag.py:3820} INFO - Setting next_dagrun for dataset_consumes_unknown_never_scheduled to None, run_after=None
[2024-01-29T19:54:55.654+0100] {logging_mixin.py:188} INFO - [2024-01-29T19:54:55.654+0100] {dag.py:3820} INFO - Setting next_dagrun for dataset_produces_1 to 2024-01-28T00:00:00+00:00, run_after=2024-01-29T00:00:00+00:00
[2024-01-29T19:54:55.656+0100] {logging_mixin.py:188} INFO - [2024-01-29T19:54:55.655+0100] {dag.py:3820} INFO - Setting next_dagrun for dataset_produces_2 to None, run_after=None
[2024-01-29T19:54:55.710+0100] {processor.py:183} INFO - Processing /home/ubuntu/.local/lib/python3.10/site-packages/airflow/example_dags/example_datasets.py took 0.258 seconds
[2024-01-29T19:56:14.509+0100] {processor.py:161} INFO - Started process (PID=7973) to work on /home/ubuntu/.local/lib/python3.10/site-packages/airflow/example_dags/example_datasets.py
[2024-01-29T19:56:14.517+0100] {processor.py:830} INFO - Processing file /home/ubuntu/.local/lib/python3.10/site-packages/airflow/example_dags/example_datasets.py for tasks to queue
[2024-01-29T19:56:14.519+0100] {logging_mixin.py:188} INFO - [2024-01-29T19:56:14.518+0100] {dagbag.py:538} INFO - Filling up the DagBag from /home/ubuntu/.local/lib/python3.10/site-packages/airflow/example_dags/example_datasets.py
[2024-01-29T19:56:14.544+0100] {processor.py:840} INFO - DAG(s) 'dataset_consumes_unknown_never_scheduled', 'dataset_consumes_1_never_scheduled', 'dataset_consumes_1', 'dataset_produces_1', 'dataset_produces_2', 'dataset_consumes_1_and_2' retrieved from /home/ubuntu/.local/lib/python3.10/site-packages/airflow/example_dags/example_datasets.py
[2024-01-29T19:56:14.620+0100] {logging_mixin.py:188} INFO - [2024-01-29T19:56:14.620+0100] {dag.py:3033} INFO - Sync 6 DAGs
[2024-01-29T19:56:14.680+0100] {logging_mixin.py:188} INFO - [2024-01-29T19:56:14.680+0100] {dag.py:3820} INFO - Setting next_dagrun for dataset_consumes_1 to None, run_after=None
[2024-01-29T19:56:14.697+0100] {logging_mixin.py:188} INFO - [2024-01-29T19:56:14.697+0100] {dag.py:3820} INFO - Setting next_dagrun for dataset_consumes_1_and_2 to None, run_after=None
[2024-01-29T19:56:14.703+0100] {logging_mixin.py:188} INFO - [2024-01-29T19:56:14.703+0100] {dag.py:3820} INFO - Setting next_dagrun for dataset_consumes_1_never_scheduled to None, run_after=None
[2024-01-29T19:56:14.708+0100] {logging_mixin.py:188} INFO - [2024-01-29T19:56:14.708+0100] {dag.py:3820} INFO - Setting next_dagrun for dataset_consumes_unknown_never_scheduled to None, run_after=None
[2024-01-29T19:56:14.715+0100] {logging_mixin.py:188} INFO - [2024-01-29T19:56:14.715+0100] {dag.py:3820} INFO - Setting next_dagrun for dataset_produces_1 to 2024-01-28T00:00:00+00:00, run_after=2024-01-29T00:00:00+00:00
[2024-01-29T19:56:14.717+0100] {logging_mixin.py:188} INFO - [2024-01-29T19:56:14.716+0100] {dag.py:3820} INFO - Setting next_dagrun for dataset_produces_2 to None, run_after=None
[2024-01-29T19:56:14.791+0100] {processor.py:183} INFO - Processing /home/ubuntu/.local/lib/python3.10/site-packages/airflow/example_dags/example_datasets.py took 0.289 seconds
[2024-01-29T19:57:32.453+0100] {processor.py:161} INFO - Started process (PID=8051) to work on /home/ubuntu/.local/lib/python3.10/site-packages/airflow/example_dags/example_datasets.py
[2024-01-29T19:57:32.455+0100] {processor.py:830} INFO - Processing file /home/ubuntu/.local/lib/python3.10/site-packages/airflow/example_dags/example_datasets.py for tasks to queue
[2024-01-29T19:57:32.456+0100] {logging_mixin.py:188} INFO - [2024-01-29T19:57:32.456+0100] {dagbag.py:538} INFO - Filling up the DagBag from /home/ubuntu/.local/lib/python3.10/site-packages/airflow/example_dags/example_datasets.py
[2024-01-29T19:57:32.471+0100] {processor.py:840} INFO - DAG(s) 'dataset_produces_2', 'dataset_consumes_1_and_2', 'dataset_consumes_1', 'dataset_consumes_1_never_scheduled', 'dataset_produces_1', 'dataset_consumes_unknown_never_scheduled' retrieved from /home/ubuntu/.local/lib/python3.10/site-packages/airflow/example_dags/example_datasets.py
[2024-01-29T19:57:32.501+0100] {logging_mixin.py:188} INFO - [2024-01-29T19:57:32.501+0100] {dag.py:3033} INFO - Sync 6 DAGs
[2024-01-29T19:57:32.523+0100] {logging_mixin.py:188} INFO - [2024-01-29T19:57:32.522+0100] {dag.py:3820} INFO - Setting next_dagrun for dataset_consumes_1 to None, run_after=None
[2024-01-29T19:57:32.526+0100] {logging_mixin.py:188} INFO - [2024-01-29T19:57:32.526+0100] {dag.py:3820} INFO - Setting next_dagrun for dataset_consumes_1_and_2 to None, run_after=None
[2024-01-29T19:57:32.527+0100] {logging_mixin.py:188} INFO - [2024-01-29T19:57:32.526+0100] {dag.py:3820} INFO - Setting next_dagrun for dataset_consumes_1_never_scheduled to None, run_after=None
[2024-01-29T19:57:32.527+0100] {logging_mixin.py:188} INFO - [2024-01-29T19:57:32.527+0100] {dag.py:3820} INFO - Setting next_dagrun for dataset_consumes_unknown_never_scheduled to None, run_after=None
[2024-01-29T19:57:32.529+0100] {logging_mixin.py:188} INFO - [2024-01-29T19:57:32.529+0100] {dag.py:3820} INFO - Setting next_dagrun for dataset_produces_1 to 2024-01-28T00:00:00+00:00, run_after=2024-01-29T00:00:00+00:00
[2024-01-29T19:57:32.529+0100] {logging_mixin.py:188} INFO - [2024-01-29T19:57:32.529+0100] {dag.py:3820} INFO - Setting next_dagrun for dataset_produces_2 to None, run_after=None
[2024-01-29T19:57:32.568+0100] {processor.py:183} INFO - Processing /home/ubuntu/.local/lib/python3.10/site-packages/airflow/example_dags/example_datasets.py took 0.119 seconds
[2024-01-29T19:58:26.575+0100] {processor.py:161} INFO - Started process (PID=8112) to work on /home/ubuntu/.local/lib/python3.10/site-packages/airflow/example_dags/example_datasets.py
[2024-01-29T19:58:26.577+0100] {processor.py:830} INFO - Processing file /home/ubuntu/.local/lib/python3.10/site-packages/airflow/example_dags/example_datasets.py for tasks to queue
[2024-01-29T19:58:26.578+0100] {logging_mixin.py:188} INFO - [2024-01-29T19:58:26.578+0100] {dagbag.py:538} INFO - Filling up the DagBag from /home/ubuntu/.local/lib/python3.10/site-packages/airflow/example_dags/example_datasets.py
[2024-01-29T19:58:26.589+0100] {processor.py:840} INFO - DAG(s) 'dataset_produces_1', 'dataset_consumes_1_never_scheduled', 'dataset_consumes_1_and_2', 'dataset_produces_2', 'dataset_consumes_1', 'dataset_consumes_unknown_never_scheduled' retrieved from /home/ubuntu/.local/lib/python3.10/site-packages/airflow/example_dags/example_datasets.py
[2024-01-29T19:58:26.627+0100] {logging_mixin.py:188} INFO - [2024-01-29T19:58:26.627+0100] {dag.py:3033} INFO - Sync 6 DAGs
[2024-01-29T19:58:26.651+0100] {logging_mixin.py:188} INFO - [2024-01-29T19:58:26.651+0100] {dag.py:3820} INFO - Setting next_dagrun for dataset_consumes_1 to None, run_after=None
[2024-01-29T19:58:26.653+0100] {logging_mixin.py:188} INFO - [2024-01-29T19:58:26.653+0100] {dag.py:3820} INFO - Setting next_dagrun for dataset_consumes_1_and_2 to None, run_after=None
[2024-01-29T19:58:26.654+0100] {logging_mixin.py:188} INFO - [2024-01-29T19:58:26.654+0100] {dag.py:3820} INFO - Setting next_dagrun for dataset_consumes_1_never_scheduled to None, run_after=None
[2024-01-29T19:58:26.655+0100] {logging_mixin.py:188} INFO - [2024-01-29T19:58:26.655+0100] {dag.py:3820} INFO - Setting next_dagrun for dataset_consumes_unknown_never_scheduled to None, run_after=None
[2024-01-29T19:58:26.657+0100] {logging_mixin.py:188} INFO - [2024-01-29T19:58:26.657+0100] {dag.py:3820} INFO - Setting next_dagrun for dataset_produces_1 to 2024-01-28T00:00:00+00:00, run_after=2024-01-29T00:00:00+00:00
[2024-01-29T19:58:26.658+0100] {logging_mixin.py:188} INFO - [2024-01-29T19:58:26.658+0100] {dag.py:3820} INFO - Setting next_dagrun for dataset_produces_2 to None, run_after=None
[2024-01-29T19:58:26.697+0100] {processor.py:183} INFO - Processing /home/ubuntu/.local/lib/python3.10/site-packages/airflow/example_dags/example_datasets.py took 0.125 seconds
[2024-01-29T19:59:28.802+0100] {processor.py:161} INFO - Started process (PID=8189) to work on /home/ubuntu/.local/lib/python3.10/site-packages/airflow/example_dags/example_datasets.py
[2024-01-29T19:59:28.805+0100] {processor.py:830} INFO - Processing file /home/ubuntu/.local/lib/python3.10/site-packages/airflow/example_dags/example_datasets.py for tasks to queue
[2024-01-29T19:59:28.807+0100] {logging_mixin.py:188} INFO - [2024-01-29T19:59:28.806+0100] {dagbag.py:538} INFO - Filling up the DagBag from /home/ubuntu/.local/lib/python3.10/site-packages/airflow/example_dags/example_datasets.py
[2024-01-29T19:59:28.821+0100] {processor.py:840} INFO - DAG(s) 'dataset_produces_1', 'dataset_consumes_1_and_2', 'dataset_produces_2', 'dataset_consumes_1_never_scheduled', 'dataset_consumes_unknown_never_scheduled', 'dataset_consumes_1' retrieved from /home/ubuntu/.local/lib/python3.10/site-packages/airflow/example_dags/example_datasets.py
[2024-01-29T19:59:28.865+0100] {logging_mixin.py:188} INFO - [2024-01-29T19:59:28.865+0100] {dag.py:3033} INFO - Sync 6 DAGs
[2024-01-29T19:59:28.886+0100] {logging_mixin.py:188} INFO - [2024-01-29T19:59:28.886+0100] {dag.py:3820} INFO - Setting next_dagrun for dataset_consumes_1 to None, run_after=None
[2024-01-29T19:59:28.889+0100] {logging_mixin.py:188} INFO - [2024-01-29T19:59:28.889+0100] {dag.py:3820} INFO - Setting next_dagrun for dataset_consumes_1_and_2 to None, run_after=None
[2024-01-29T19:59:28.890+0100] {logging_mixin.py:188} INFO - [2024-01-29T19:59:28.890+0100] {dag.py:3820} INFO - Setting next_dagrun for dataset_consumes_1_never_scheduled to None, run_after=None
[2024-01-29T19:59:28.890+0100] {logging_mixin.py:188} INFO - [2024-01-29T19:59:28.890+0100] {dag.py:3820} INFO - Setting next_dagrun for dataset_consumes_unknown_never_scheduled to None, run_after=None
[2024-01-29T19:59:28.892+0100] {logging_mixin.py:188} INFO - [2024-01-29T19:59:28.892+0100] {dag.py:3820} INFO - Setting next_dagrun for dataset_produces_1 to 2024-01-28T00:00:00+00:00, run_after=2024-01-29T00:00:00+00:00
[2024-01-29T19:59:28.893+0100] {logging_mixin.py:188} INFO - [2024-01-29T19:59:28.893+0100] {dag.py:3820} INFO - Setting next_dagrun for dataset_produces_2 to None, run_after=None
[2024-01-29T19:59:28.953+0100] {processor.py:183} INFO - Processing /home/ubuntu/.local/lib/python3.10/site-packages/airflow/example_dags/example_datasets.py took 0.155 seconds
[2024-01-29T20:00:54.613+0100] {processor.py:161} INFO - Started process (PID=8273) to work on /home/ubuntu/.local/lib/python3.10/site-packages/airflow/example_dags/example_datasets.py
[2024-01-29T20:00:54.615+0100] {processor.py:830} INFO - Processing file /home/ubuntu/.local/lib/python3.10/site-packages/airflow/example_dags/example_datasets.py for tasks to queue
[2024-01-29T20:00:54.616+0100] {logging_mixin.py:188} INFO - [2024-01-29T20:00:54.616+0100] {dagbag.py:538} INFO - Filling up the DagBag from /home/ubuntu/.local/lib/python3.10/site-packages/airflow/example_dags/example_datasets.py
[2024-01-29T20:00:54.625+0100] {processor.py:840} INFO - DAG(s) 'dataset_consumes_unknown_never_scheduled', 'dataset_consumes_1_and_2', 'dataset_produces_1', 'dataset_consumes_1_never_scheduled', 'dataset_produces_2', 'dataset_consumes_1' retrieved from /home/ubuntu/.local/lib/python3.10/site-packages/airflow/example_dags/example_datasets.py
[2024-01-29T20:00:54.649+0100] {logging_mixin.py:188} INFO - [2024-01-29T20:00:54.649+0100] {dag.py:3033} INFO - Sync 6 DAGs
[2024-01-29T20:00:54.665+0100] {logging_mixin.py:188} INFO - [2024-01-29T20:00:54.665+0100] {dag.py:3820} INFO - Setting next_dagrun for dataset_consumes_1 to None, run_after=None
[2024-01-29T20:00:54.668+0100] {logging_mixin.py:188} INFO - [2024-01-29T20:00:54.668+0100] {dag.py:3820} INFO - Setting next_dagrun for dataset_consumes_1_and_2 to None, run_after=None
[2024-01-29T20:00:54.669+0100] {logging_mixin.py:188} INFO - [2024-01-29T20:00:54.669+0100] {dag.py:3820} INFO - Setting next_dagrun for dataset_consumes_1_never_scheduled to None, run_after=None
[2024-01-29T20:00:54.670+0100] {logging_mixin.py:188} INFO - [2024-01-29T20:00:54.670+0100] {dag.py:3820} INFO - Setting next_dagrun for dataset_consumes_unknown_never_scheduled to None, run_after=None
[2024-01-29T20:00:54.672+0100] {logging_mixin.py:188} INFO - [2024-01-29T20:00:54.672+0100] {dag.py:3820} INFO - Setting next_dagrun for dataset_produces_1 to 2024-01-28T00:00:00+00:00, run_after=2024-01-29T00:00:00+00:00
[2024-01-29T20:00:54.672+0100] {logging_mixin.py:188} INFO - [2024-01-29T20:00:54.672+0100] {dag.py:3820} INFO - Setting next_dagrun for dataset_produces_2 to None, run_after=None
[2024-01-29T20:00:54.722+0100] {processor.py:183} INFO - Processing /home/ubuntu/.local/lib/python3.10/site-packages/airflow/example_dags/example_datasets.py took 0.113 seconds
[2024-01-29T20:01:47.343+0100] {processor.py:161} INFO - Started process (PID=8332) to work on /home/ubuntu/.local/lib/python3.10/site-packages/airflow/example_dags/example_datasets.py
[2024-01-29T20:01:47.345+0100] {processor.py:830} INFO - Processing file /home/ubuntu/.local/lib/python3.10/site-packages/airflow/example_dags/example_datasets.py for tasks to queue
[2024-01-29T20:01:47.347+0100] {logging_mixin.py:188} INFO - [2024-01-29T20:01:47.346+0100] {dagbag.py:538} INFO - Filling up the DagBag from /home/ubuntu/.local/lib/python3.10/site-packages/airflow/example_dags/example_datasets.py
[2024-01-29T20:01:47.380+0100] {processor.py:840} INFO - DAG(s) 'dataset_produces_2', 'dataset_consumes_1_never_scheduled', 'dataset_consumes_1', 'dataset_consumes_1_and_2', 'dataset_consumes_unknown_never_scheduled', 'dataset_produces_1' retrieved from /home/ubuntu/.local/lib/python3.10/site-packages/airflow/example_dags/example_datasets.py
[2024-01-29T20:01:47.411+0100] {logging_mixin.py:188} INFO - [2024-01-29T20:01:47.410+0100] {dag.py:3033} INFO - Sync 6 DAGs
[2024-01-29T20:01:47.428+0100] {logging_mixin.py:188} INFO - [2024-01-29T20:01:47.428+0100] {dag.py:3820} INFO - Setting next_dagrun for dataset_consumes_1 to None, run_after=None
[2024-01-29T20:01:47.431+0100] {logging_mixin.py:188} INFO - [2024-01-29T20:01:47.431+0100] {dag.py:3820} INFO - Setting next_dagrun for dataset_consumes_1_and_2 to None, run_after=None
[2024-01-29T20:01:47.431+0100] {logging_mixin.py:188} INFO - [2024-01-29T20:01:47.431+0100] {dag.py:3820} INFO - Setting next_dagrun for dataset_consumes_1_never_scheduled to None, run_after=None
[2024-01-29T20:01:47.432+0100] {logging_mixin.py:188} INFO - [2024-01-29T20:01:47.432+0100] {dag.py:3820} INFO - Setting next_dagrun for dataset_consumes_unknown_never_scheduled to None, run_after=None
[2024-01-29T20:01:47.434+0100] {logging_mixin.py:188} INFO - [2024-01-29T20:01:47.434+0100] {dag.py:3820} INFO - Setting next_dagrun for dataset_produces_1 to 2024-01-28T00:00:00+00:00, run_after=2024-01-29T00:00:00+00:00
[2024-01-29T20:01:47.435+0100] {logging_mixin.py:188} INFO - [2024-01-29T20:01:47.434+0100] {dag.py:3820} INFO - Setting next_dagrun for dataset_produces_2 to None, run_after=None
[2024-01-29T20:01:47.477+0100] {processor.py:183} INFO - Processing /home/ubuntu/.local/lib/python3.10/site-packages/airflow/example_dags/example_datasets.py took 0.138 seconds
[2024-01-29T20:03:08.058+0100] {processor.py:161} INFO - Started process (PID=8452) to work on /home/ubuntu/.local/lib/python3.10/site-packages/airflow/example_dags/example_datasets.py
[2024-01-29T20:03:08.061+0100] {processor.py:830} INFO - Processing file /home/ubuntu/.local/lib/python3.10/site-packages/airflow/example_dags/example_datasets.py for tasks to queue
[2024-01-29T20:03:08.061+0100] {logging_mixin.py:188} INFO - [2024-01-29T20:03:08.061+0100] {dagbag.py:538} INFO - Filling up the DagBag from /home/ubuntu/.local/lib/python3.10/site-packages/airflow/example_dags/example_datasets.py
[2024-01-29T20:03:08.071+0100] {processor.py:840} INFO - DAG(s) 'dataset_produces_2', 'dataset_consumes_1_never_scheduled', 'dataset_consumes_unknown_never_scheduled', 'dataset_produces_1', 'dataset_consumes_1', 'dataset_consumes_1_and_2' retrieved from /home/ubuntu/.local/lib/python3.10/site-packages/airflow/example_dags/example_datasets.py
[2024-01-29T20:03:08.095+0100] {logging_mixin.py:188} INFO - [2024-01-29T20:03:08.095+0100] {dag.py:3033} INFO - Sync 6 DAGs
[2024-01-29T20:03:08.113+0100] {logging_mixin.py:188} INFO - [2024-01-29T20:03:08.113+0100] {dag.py:3820} INFO - Setting next_dagrun for dataset_consumes_1 to None, run_after=None
[2024-01-29T20:03:08.116+0100] {logging_mixin.py:188} INFO - [2024-01-29T20:03:08.115+0100] {dag.py:3820} INFO - Setting next_dagrun for dataset_consumes_1_and_2 to None, run_after=None
[2024-01-29T20:03:08.116+0100] {logging_mixin.py:188} INFO - [2024-01-29T20:03:08.116+0100] {dag.py:3820} INFO - Setting next_dagrun for dataset_consumes_1_never_scheduled to None, run_after=None
[2024-01-29T20:03:08.117+0100] {logging_mixin.py:188} INFO - [2024-01-29T20:03:08.117+0100] {dag.py:3820} INFO - Setting next_dagrun for dataset_consumes_unknown_never_scheduled to None, run_after=None
[2024-01-29T20:03:08.119+0100] {logging_mixin.py:188} INFO - [2024-01-29T20:03:08.119+0100] {dag.py:3820} INFO - Setting next_dagrun for dataset_produces_1 to 2024-01-28T00:00:00+00:00, run_after=2024-01-29T00:00:00+00:00
[2024-01-29T20:03:08.119+0100] {logging_mixin.py:188} INFO - [2024-01-29T20:03:08.119+0100] {dag.py:3820} INFO - Setting next_dagrun for dataset_produces_2 to None, run_after=None
[2024-01-29T20:03:08.199+0100] {processor.py:183} INFO - Processing /home/ubuntu/.local/lib/python3.10/site-packages/airflow/example_dags/example_datasets.py took 0.144 seconds
[2024-01-29T20:03:59.096+0100] {processor.py:161} INFO - Started process (PID=8514) to work on /home/ubuntu/.local/lib/python3.10/site-packages/airflow/example_dags/example_datasets.py
[2024-01-29T20:03:59.100+0100] {processor.py:830} INFO - Processing file /home/ubuntu/.local/lib/python3.10/site-packages/airflow/example_dags/example_datasets.py for tasks to queue
[2024-01-29T20:03:59.102+0100] {logging_mixin.py:188} INFO - [2024-01-29T20:03:59.101+0100] {dagbag.py:538} INFO - Filling up the DagBag from /home/ubuntu/.local/lib/python3.10/site-packages/airflow/example_dags/example_datasets.py
[2024-01-29T20:03:59.134+0100] {processor.py:840} INFO - DAG(s) 'dataset_consumes_1', 'dataset_consumes_1_and_2', 'dataset_consumes_unknown_never_scheduled', 'dataset_consumes_1_never_scheduled', 'dataset_produces_2', 'dataset_produces_1' retrieved from /home/ubuntu/.local/lib/python3.10/site-packages/airflow/example_dags/example_datasets.py
[2024-01-29T20:03:59.201+0100] {logging_mixin.py:188} INFO - [2024-01-29T20:03:59.200+0100] {dag.py:3033} INFO - Sync 6 DAGs
[2024-01-29T20:03:59.229+0100] {logging_mixin.py:188} INFO - [2024-01-29T20:03:59.229+0100] {dag.py:3820} INFO - Setting next_dagrun for dataset_consumes_1 to None, run_after=None
[2024-01-29T20:03:59.233+0100] {logging_mixin.py:188} INFO - [2024-01-29T20:03:59.233+0100] {dag.py:3820} INFO - Setting next_dagrun for dataset_consumes_1_and_2 to None, run_after=None
[2024-01-29T20:03:59.235+0100] {logging_mixin.py:188} INFO - [2024-01-29T20:03:59.235+0100] {dag.py:3820} INFO - Setting next_dagrun for dataset_consumes_1_never_scheduled to None, run_after=None
[2024-01-29T20:03:59.236+0100] {logging_mixin.py:188} INFO - [2024-01-29T20:03:59.236+0100] {dag.py:3820} INFO - Setting next_dagrun for dataset_consumes_unknown_never_scheduled to None, run_after=None
[2024-01-29T20:03:59.239+0100] {logging_mixin.py:188} INFO - [2024-01-29T20:03:59.239+0100] {dag.py:3820} INFO - Setting next_dagrun for dataset_produces_1 to 2024-01-28T00:00:00+00:00, run_after=2024-01-29T00:00:00+00:00
[2024-01-29T20:03:59.240+0100] {logging_mixin.py:188} INFO - [2024-01-29T20:03:59.240+0100] {dag.py:3820} INFO - Setting next_dagrun for dataset_produces_2 to None, run_after=None
[2024-01-29T20:03:59.276+0100] {processor.py:183} INFO - Processing /home/ubuntu/.local/lib/python3.10/site-packages/airflow/example_dags/example_datasets.py took 0.189 seconds
[2024-01-29T20:05:20.219+0100] {processor.py:161} INFO - Started process (PID=8604) to work on /home/ubuntu/.local/lib/python3.10/site-packages/airflow/example_dags/example_datasets.py
[2024-01-29T20:05:20.224+0100] {processor.py:830} INFO - Processing file /home/ubuntu/.local/lib/python3.10/site-packages/airflow/example_dags/example_datasets.py for tasks to queue
[2024-01-29T20:05:20.229+0100] {logging_mixin.py:188} INFO - [2024-01-29T20:05:20.227+0100] {dagbag.py:538} INFO - Filling up the DagBag from /home/ubuntu/.local/lib/python3.10/site-packages/airflow/example_dags/example_datasets.py
[2024-01-29T20:05:20.299+0100] {processor.py:840} INFO - DAG(s) 'dataset_consumes_unknown_never_scheduled', 'dataset_consumes_1_and_2', 'dataset_consumes_1', 'dataset_produces_2', 'dataset_produces_1', 'dataset_consumes_1_never_scheduled' retrieved from /home/ubuntu/.local/lib/python3.10/site-packages/airflow/example_dags/example_datasets.py
[2024-01-29T20:05:20.424+0100] {logging_mixin.py:188} INFO - [2024-01-29T20:05:20.423+0100] {dag.py:3033} INFO - Sync 6 DAGs
[2024-01-29T20:05:20.512+0100] {logging_mixin.py:188} INFO - [2024-01-29T20:05:20.512+0100] {dag.py:3820} INFO - Setting next_dagrun for dataset_consumes_1 to None, run_after=None
[2024-01-29T20:05:20.523+0100] {logging_mixin.py:188} INFO - [2024-01-29T20:05:20.523+0100] {dag.py:3820} INFO - Setting next_dagrun for dataset_consumes_1_and_2 to None, run_after=None
[2024-01-29T20:05:20.526+0100] {logging_mixin.py:188} INFO - [2024-01-29T20:05:20.526+0100] {dag.py:3820} INFO - Setting next_dagrun for dataset_consumes_1_never_scheduled to None, run_after=None
[2024-01-29T20:05:20.528+0100] {logging_mixin.py:188} INFO - [2024-01-29T20:05:20.527+0100] {dag.py:3820} INFO - Setting next_dagrun for dataset_consumes_unknown_never_scheduled to None, run_after=None
[2024-01-29T20:05:20.531+0100] {logging_mixin.py:188} INFO - [2024-01-29T20:05:20.531+0100] {dag.py:3820} INFO - Setting next_dagrun for dataset_produces_1 to 2024-01-28T00:00:00+00:00, run_after=2024-01-29T00:00:00+00:00
[2024-01-29T20:05:20.533+0100] {logging_mixin.py:188} INFO - [2024-01-29T20:05:20.533+0100] {dag.py:3820} INFO - Setting next_dagrun for dataset_produces_2 to None, run_after=None
[2024-01-29T20:05:20.664+0100] {processor.py:183} INFO - Processing /home/ubuntu/.local/lib/python3.10/site-packages/airflow/example_dags/example_datasets.py took 0.455 seconds
[2024-01-29T20:06:41.445+0100] {processor.py:161} INFO - Started process (PID=8682) to work on /home/ubuntu/.local/lib/python3.10/site-packages/airflow/example_dags/example_datasets.py
[2024-01-29T20:06:41.451+0100] {processor.py:830} INFO - Processing file /home/ubuntu/.local/lib/python3.10/site-packages/airflow/example_dags/example_datasets.py for tasks to queue
[2024-01-29T20:06:41.453+0100] {logging_mixin.py:188} INFO - [2024-01-29T20:06:41.452+0100] {dagbag.py:538} INFO - Filling up the DagBag from /home/ubuntu/.local/lib/python3.10/site-packages/airflow/example_dags/example_datasets.py
[2024-01-29T20:06:41.479+0100] {processor.py:840} INFO - DAG(s) 'dataset_consumes_unknown_never_scheduled', 'dataset_produces_1', 'dataset_produces_2', 'dataset_consumes_1', 'dataset_consumes_1_and_2', 'dataset_consumes_1_never_scheduled' retrieved from /home/ubuntu/.local/lib/python3.10/site-packages/airflow/example_dags/example_datasets.py
[2024-01-29T20:06:41.733+0100] {logging_mixin.py:188} INFO - [2024-01-29T20:06:41.732+0100] {dag.py:3033} INFO - Sync 6 DAGs
[2024-01-29T20:06:41.835+0100] {logging_mixin.py:188} INFO - [2024-01-29T20:06:41.834+0100] {dag.py:3820} INFO - Setting next_dagrun for dataset_consumes_1 to None, run_after=None
[2024-01-29T20:06:41.845+0100] {logging_mixin.py:188} INFO - [2024-01-29T20:06:41.844+0100] {dag.py:3820} INFO - Setting next_dagrun for dataset_consumes_1_and_2 to None, run_after=None
[2024-01-29T20:06:41.848+0100] {logging_mixin.py:188} INFO - [2024-01-29T20:06:41.847+0100] {dag.py:3820} INFO - Setting next_dagrun for dataset_consumes_1_never_scheduled to None, run_after=None
[2024-01-29T20:06:41.849+0100] {logging_mixin.py:188} INFO - [2024-01-29T20:06:41.849+0100] {dag.py:3820} INFO - Setting next_dagrun for dataset_consumes_unknown_never_scheduled to None, run_after=None
[2024-01-29T20:06:41.866+0100] {logging_mixin.py:188} INFO - [2024-01-29T20:06:41.865+0100] {dag.py:3820} INFO - Setting next_dagrun for dataset_produces_1 to 2024-01-28T00:00:00+00:00, run_after=2024-01-29T00:00:00+00:00
[2024-01-29T20:06:41.867+0100] {logging_mixin.py:188} INFO - [2024-01-29T20:06:41.867+0100] {dag.py:3820} INFO - Setting next_dagrun for dataset_produces_2 to None, run_after=None
[2024-01-29T20:06:42.144+0100] {processor.py:183} INFO - Processing /home/ubuntu/.local/lib/python3.10/site-packages/airflow/example_dags/example_datasets.py took 0.770 seconds
[2024-01-29T20:07:49.019+0100] {processor.py:161} INFO - Started process (PID=8759) to work on /home/ubuntu/.local/lib/python3.10/site-packages/airflow/example_dags/example_datasets.py
[2024-01-29T20:07:49.022+0100] {processor.py:830} INFO - Processing file /home/ubuntu/.local/lib/python3.10/site-packages/airflow/example_dags/example_datasets.py for tasks to queue
[2024-01-29T20:07:49.024+0100] {logging_mixin.py:188} INFO - [2024-01-29T20:07:49.023+0100] {dagbag.py:538} INFO - Filling up the DagBag from /home/ubuntu/.local/lib/python3.10/site-packages/airflow/example_dags/example_datasets.py
[2024-01-29T20:07:49.035+0100] {processor.py:840} INFO - DAG(s) 'dataset_consumes_1_never_scheduled', 'dataset_consumes_1_and_2', 'dataset_consumes_1', 'dataset_produces_1', 'dataset_produces_2', 'dataset_consumes_unknown_never_scheduled' retrieved from /home/ubuntu/.local/lib/python3.10/site-packages/airflow/example_dags/example_datasets.py
[2024-01-29T20:07:49.064+0100] {logging_mixin.py:188} INFO - [2024-01-29T20:07:49.064+0100] {dag.py:3033} INFO - Sync 6 DAGs
[2024-01-29T20:07:49.083+0100] {logging_mixin.py:188} INFO - [2024-01-29T20:07:49.083+0100] {dag.py:3820} INFO - Setting next_dagrun for dataset_consumes_1 to None, run_after=None
[2024-01-29T20:07:49.086+0100] {logging_mixin.py:188} INFO - [2024-01-29T20:07:49.086+0100] {dag.py:3820} INFO - Setting next_dagrun for dataset_consumes_1_and_2 to None, run_after=None
[2024-01-29T20:07:49.087+0100] {logging_mixin.py:188} INFO - [2024-01-29T20:07:49.087+0100] {dag.py:3820} INFO - Setting next_dagrun for dataset_consumes_1_never_scheduled to None, run_after=None
[2024-01-29T20:07:49.088+0100] {logging_mixin.py:188} INFO - [2024-01-29T20:07:49.088+0100] {dag.py:3820} INFO - Setting next_dagrun for dataset_consumes_unknown_never_scheduled to None, run_after=None
[2024-01-29T20:07:49.090+0100] {logging_mixin.py:188} INFO - [2024-01-29T20:07:49.090+0100] {dag.py:3820} INFO - Setting next_dagrun for dataset_produces_1 to 2024-01-28T00:00:00+00:00, run_after=2024-01-29T00:00:00+00:00
[2024-01-29T20:07:49.091+0100] {logging_mixin.py:188} INFO - [2024-01-29T20:07:49.091+0100] {dag.py:3820} INFO - Setting next_dagrun for dataset_produces_2 to None, run_after=None
[2024-01-29T20:07:49.166+0100] {processor.py:183} INFO - Processing /home/ubuntu/.local/lib/python3.10/site-packages/airflow/example_dags/example_datasets.py took 0.151 seconds
[2024-01-29T20:08:41.371+0100] {processor.py:161} INFO - Started process (PID=8816) to work on /home/ubuntu/.local/lib/python3.10/site-packages/airflow/example_dags/example_datasets.py
[2024-01-29T20:08:41.374+0100] {processor.py:830} INFO - Processing file /home/ubuntu/.local/lib/python3.10/site-packages/airflow/example_dags/example_datasets.py for tasks to queue
[2024-01-29T20:08:41.375+0100] {logging_mixin.py:188} INFO - [2024-01-29T20:08:41.374+0100] {dagbag.py:538} INFO - Filling up the DagBag from /home/ubuntu/.local/lib/python3.10/site-packages/airflow/example_dags/example_datasets.py
[2024-01-29T20:08:41.390+0100] {processor.py:840} INFO - DAG(s) 'dataset_consumes_1', 'dataset_consumes_1_and_2', 'dataset_consumes_unknown_never_scheduled', 'dataset_consumes_1_never_scheduled', 'dataset_produces_1', 'dataset_produces_2' retrieved from /home/ubuntu/.local/lib/python3.10/site-packages/airflow/example_dags/example_datasets.py
[2024-01-29T20:08:41.432+0100] {logging_mixin.py:188} INFO - [2024-01-29T20:08:41.432+0100] {dag.py:3033} INFO - Sync 6 DAGs
[2024-01-29T20:08:41.467+0100] {logging_mixin.py:188} INFO - [2024-01-29T20:08:41.467+0100] {dag.py:3820} INFO - Setting next_dagrun for dataset_consumes_1 to None, run_after=None
[2024-01-29T20:08:41.470+0100] {logging_mixin.py:188} INFO - [2024-01-29T20:08:41.470+0100] {dag.py:3820} INFO - Setting next_dagrun for dataset_consumes_1_and_2 to None, run_after=None
[2024-01-29T20:08:41.472+0100] {logging_mixin.py:188} INFO - [2024-01-29T20:08:41.472+0100] {dag.py:3820} INFO - Setting next_dagrun for dataset_consumes_1_never_scheduled to None, run_after=None
[2024-01-29T20:08:41.473+0100] {logging_mixin.py:188} INFO - [2024-01-29T20:08:41.473+0100] {dag.py:3820} INFO - Setting next_dagrun for dataset_consumes_unknown_never_scheduled to None, run_after=None
[2024-01-29T20:08:41.475+0100] {logging_mixin.py:188} INFO - [2024-01-29T20:08:41.475+0100] {dag.py:3820} INFO - Setting next_dagrun for dataset_produces_1 to 2024-01-28T00:00:00+00:00, run_after=2024-01-29T00:00:00+00:00
[2024-01-29T20:08:41.476+0100] {logging_mixin.py:188} INFO - [2024-01-29T20:08:41.476+0100] {dag.py:3820} INFO - Setting next_dagrun for dataset_produces_2 to None, run_after=None
[2024-01-29T20:08:41.516+0100] {processor.py:183} INFO - Processing /home/ubuntu/.local/lib/python3.10/site-packages/airflow/example_dags/example_datasets.py took 0.152 seconds
[2024-01-29T20:09:48.908+0100] {processor.py:161} INFO - Started process (PID=8906) to work on /home/ubuntu/.local/lib/python3.10/site-packages/airflow/example_dags/example_datasets.py
[2024-01-29T20:09:48.911+0100] {processor.py:830} INFO - Processing file /home/ubuntu/.local/lib/python3.10/site-packages/airflow/example_dags/example_datasets.py for tasks to queue
[2024-01-29T20:09:48.912+0100] {logging_mixin.py:188} INFO - [2024-01-29T20:09:48.912+0100] {dagbag.py:538} INFO - Filling up the DagBag from /home/ubuntu/.local/lib/python3.10/site-packages/airflow/example_dags/example_datasets.py
[2024-01-29T20:09:48.926+0100] {processor.py:840} INFO - DAG(s) 'dataset_produces_1', 'dataset_consumes_1_never_scheduled', 'dataset_consumes_1', 'dataset_consumes_unknown_never_scheduled', 'dataset_produces_2', 'dataset_consumes_1_and_2' retrieved from /home/ubuntu/.local/lib/python3.10/site-packages/airflow/example_dags/example_datasets.py
[2024-01-29T20:09:48.957+0100] {logging_mixin.py:188} INFO - [2024-01-29T20:09:48.957+0100] {dag.py:3033} INFO - Sync 6 DAGs
[2024-01-29T20:09:48.979+0100] {logging_mixin.py:188} INFO - [2024-01-29T20:09:48.979+0100] {dag.py:3820} INFO - Setting next_dagrun for dataset_consumes_1 to None, run_after=None
[2024-01-29T20:09:48.985+0100] {logging_mixin.py:188} INFO - [2024-01-29T20:09:48.984+0100] {dag.py:3820} INFO - Setting next_dagrun for dataset_consumes_1_and_2 to None, run_after=None
[2024-01-29T20:09:48.986+0100] {logging_mixin.py:188} INFO - [2024-01-29T20:09:48.986+0100] {dag.py:3820} INFO - Setting next_dagrun for dataset_consumes_1_never_scheduled to None, run_after=None
[2024-01-29T20:09:48.988+0100] {logging_mixin.py:188} INFO - [2024-01-29T20:09:48.987+0100] {dag.py:3820} INFO - Setting next_dagrun for dataset_consumes_unknown_never_scheduled to None, run_after=None
[2024-01-29T20:09:48.992+0100] {logging_mixin.py:188} INFO - [2024-01-29T20:09:48.992+0100] {dag.py:3820} INFO - Setting next_dagrun for dataset_produces_1 to 2024-01-28T00:00:00+00:00, run_after=2024-01-29T00:00:00+00:00
[2024-01-29T20:09:48.993+0100] {logging_mixin.py:188} INFO - [2024-01-29T20:09:48.993+0100] {dag.py:3820} INFO - Setting next_dagrun for dataset_produces_2 to None, run_after=None
[2024-01-29T20:09:49.035+0100] {processor.py:183} INFO - Processing /home/ubuntu/.local/lib/python3.10/site-packages/airflow/example_dags/example_datasets.py took 0.134 seconds
[2024-01-29T20:10:39.310+0100] {processor.py:161} INFO - Started process (PID=8963) to work on /home/ubuntu/.local/lib/python3.10/site-packages/airflow/example_dags/example_datasets.py
[2024-01-29T20:10:39.312+0100] {processor.py:830} INFO - Processing file /home/ubuntu/.local/lib/python3.10/site-packages/airflow/example_dags/example_datasets.py for tasks to queue
[2024-01-29T20:10:39.314+0100] {logging_mixin.py:188} INFO - [2024-01-29T20:10:39.313+0100] {dagbag.py:538} INFO - Filling up the DagBag from /home/ubuntu/.local/lib/python3.10/site-packages/airflow/example_dags/example_datasets.py
[2024-01-29T20:10:39.325+0100] {processor.py:840} INFO - DAG(s) 'dataset_produces_1', 'dataset_consumes_unknown_never_scheduled', 'dataset_produces_2', 'dataset_consumes_1', 'dataset_consumes_1_and_2', 'dataset_consumes_1_never_scheduled' retrieved from /home/ubuntu/.local/lib/python3.10/site-packages/airflow/example_dags/example_datasets.py
[2024-01-29T20:10:39.358+0100] {logging_mixin.py:188} INFO - [2024-01-29T20:10:39.358+0100] {dag.py:3033} INFO - Sync 6 DAGs
[2024-01-29T20:10:39.379+0100] {logging_mixin.py:188} INFO - [2024-01-29T20:10:39.379+0100] {dag.py:3820} INFO - Setting next_dagrun for dataset_consumes_1 to None, run_after=None
[2024-01-29T20:10:39.382+0100] {logging_mixin.py:188} INFO - [2024-01-29T20:10:39.382+0100] {dag.py:3820} INFO - Setting next_dagrun for dataset_consumes_1_and_2 to None, run_after=None
[2024-01-29T20:10:39.382+0100] {logging_mixin.py:188} INFO - [2024-01-29T20:10:39.382+0100] {dag.py:3820} INFO - Setting next_dagrun for dataset_consumes_1_never_scheduled to None, run_after=None
[2024-01-29T20:10:39.383+0100] {logging_mixin.py:188} INFO - [2024-01-29T20:10:39.383+0100] {dag.py:3820} INFO - Setting next_dagrun for dataset_consumes_unknown_never_scheduled to None, run_after=None
[2024-01-29T20:10:39.385+0100] {logging_mixin.py:188} INFO - [2024-01-29T20:10:39.385+0100] {dag.py:3820} INFO - Setting next_dagrun for dataset_produces_1 to 2024-01-28T00:00:00+00:00, run_after=2024-01-29T00:00:00+00:00
[2024-01-29T20:10:39.386+0100] {logging_mixin.py:188} INFO - [2024-01-29T20:10:39.386+0100] {dag.py:3820} INFO - Setting next_dagrun for dataset_produces_2 to None, run_after=None
[2024-01-29T20:10:39.423+0100] {processor.py:183} INFO - Processing /home/ubuntu/.local/lib/python3.10/site-packages/airflow/example_dags/example_datasets.py took 0.117 seconds
[2024-01-29T20:11:33.712+0100] {processor.py:161} INFO - Started process (PID=9026) to work on /home/ubuntu/.local/lib/python3.10/site-packages/airflow/example_dags/example_datasets.py
[2024-01-29T20:11:33.714+0100] {processor.py:830} INFO - Processing file /home/ubuntu/.local/lib/python3.10/site-packages/airflow/example_dags/example_datasets.py for tasks to queue
[2024-01-29T20:11:33.715+0100] {logging_mixin.py:188} INFO - [2024-01-29T20:11:33.715+0100] {dagbag.py:538} INFO - Filling up the DagBag from /home/ubuntu/.local/lib/python3.10/site-packages/airflow/example_dags/example_datasets.py
[2024-01-29T20:11:33.726+0100] {processor.py:840} INFO - DAG(s) 'dataset_consumes_1', 'dataset_produces_2', 'dataset_consumes_unknown_never_scheduled', 'dataset_consumes_1_never_scheduled', 'dataset_produces_1', 'dataset_consumes_1_and_2' retrieved from /home/ubuntu/.local/lib/python3.10/site-packages/airflow/example_dags/example_datasets.py
[2024-01-29T20:11:33.755+0100] {logging_mixin.py:188} INFO - [2024-01-29T20:11:33.755+0100] {dag.py:3033} INFO - Sync 6 DAGs
[2024-01-29T20:11:33.777+0100] {logging_mixin.py:188} INFO - [2024-01-29T20:11:33.777+0100] {dag.py:3820} INFO - Setting next_dagrun for dataset_consumes_1 to None, run_after=None
[2024-01-29T20:11:33.780+0100] {logging_mixin.py:188} INFO - [2024-01-29T20:11:33.780+0100] {dag.py:3820} INFO - Setting next_dagrun for dataset_consumes_1_and_2 to None, run_after=None
[2024-01-29T20:11:33.781+0100] {logging_mixin.py:188} INFO - [2024-01-29T20:11:33.781+0100] {dag.py:3820} INFO - Setting next_dagrun for dataset_consumes_1_never_scheduled to None, run_after=None
[2024-01-29T20:11:33.783+0100] {logging_mixin.py:188} INFO - [2024-01-29T20:11:33.782+0100] {dag.py:3820} INFO - Setting next_dagrun for dataset_consumes_unknown_never_scheduled to None, run_after=None
[2024-01-29T20:11:33.785+0100] {logging_mixin.py:188} INFO - [2024-01-29T20:11:33.785+0100] {dag.py:3820} INFO - Setting next_dagrun for dataset_produces_1 to 2024-01-28T00:00:00+00:00, run_after=2024-01-29T00:00:00+00:00
[2024-01-29T20:11:33.786+0100] {logging_mixin.py:188} INFO - [2024-01-29T20:11:33.786+0100] {dag.py:3820} INFO - Setting next_dagrun for dataset_produces_2 to None, run_after=None
[2024-01-29T20:11:33.825+0100] {processor.py:183} INFO - Processing /home/ubuntu/.local/lib/python3.10/site-packages/airflow/example_dags/example_datasets.py took 0.118 seconds
[2024-01-29T20:12:57.725+0100] {processor.py:161} INFO - Started process (PID=9134) to work on /home/ubuntu/.local/lib/python3.10/site-packages/airflow/example_dags/example_datasets.py
[2024-01-29T20:12:57.755+0100] {processor.py:830} INFO - Processing file /home/ubuntu/.local/lib/python3.10/site-packages/airflow/example_dags/example_datasets.py for tasks to queue
[2024-01-29T20:12:57.757+0100] {logging_mixin.py:188} INFO - [2024-01-29T20:12:57.757+0100] {dagbag.py:538} INFO - Filling up the DagBag from /home/ubuntu/.local/lib/python3.10/site-packages/airflow/example_dags/example_datasets.py
[2024-01-29T20:12:57.780+0100] {processor.py:840} INFO - DAG(s) 'dataset_produces_1', 'dataset_consumes_1_never_scheduled', 'dataset_consumes_1', 'dataset_consumes_1_and_2', 'dataset_produces_2', 'dataset_consumes_unknown_never_scheduled' retrieved from /home/ubuntu/.local/lib/python3.10/site-packages/airflow/example_dags/example_datasets.py
[2024-01-29T20:12:57.828+0100] {logging_mixin.py:188} INFO - [2024-01-29T20:12:57.828+0100] {dag.py:3033} INFO - Sync 6 DAGs
[2024-01-29T20:12:57.862+0100] {logging_mixin.py:188} INFO - [2024-01-29T20:12:57.862+0100] {dag.py:3820} INFO - Setting next_dagrun for dataset_consumes_1 to None, run_after=None
[2024-01-29T20:12:57.867+0100] {logging_mixin.py:188} INFO - [2024-01-29T20:12:57.866+0100] {dag.py:3820} INFO - Setting next_dagrun for dataset_consumes_1_and_2 to None, run_after=None
[2024-01-29T20:12:57.869+0100] {logging_mixin.py:188} INFO - [2024-01-29T20:12:57.869+0100] {dag.py:3820} INFO - Setting next_dagrun for dataset_consumes_1_never_scheduled to None, run_after=None
[2024-01-29T20:12:57.871+0100] {logging_mixin.py:188} INFO - [2024-01-29T20:12:57.870+0100] {dag.py:3820} INFO - Setting next_dagrun for dataset_consumes_unknown_never_scheduled to None, run_after=None
[2024-01-29T20:12:57.877+0100] {logging_mixin.py:188} INFO - [2024-01-29T20:12:57.876+0100] {dag.py:3820} INFO - Setting next_dagrun for dataset_produces_1 to 2024-01-28T00:00:00+00:00, run_after=2024-01-29T00:00:00+00:00
[2024-01-29T20:12:57.879+0100] {logging_mixin.py:188} INFO - [2024-01-29T20:12:57.879+0100] {dag.py:3820} INFO - Setting next_dagrun for dataset_produces_2 to None, run_after=None
[2024-01-29T20:12:58.009+0100] {processor.py:183} INFO - Processing /home/ubuntu/.local/lib/python3.10/site-packages/airflow/example_dags/example_datasets.py took 0.298 seconds
[2024-01-29T20:14:28.279+0100] {processor.py:161} INFO - Started process (PID=9258) to work on /home/ubuntu/.local/lib/python3.10/site-packages/airflow/example_dags/example_datasets.py
[2024-01-29T20:14:28.281+0100] {processor.py:830} INFO - Processing file /home/ubuntu/.local/lib/python3.10/site-packages/airflow/example_dags/example_datasets.py for tasks to queue
[2024-01-29T20:14:28.282+0100] {logging_mixin.py:188} INFO - [2024-01-29T20:14:28.282+0100] {dagbag.py:538} INFO - Filling up the DagBag from /home/ubuntu/.local/lib/python3.10/site-packages/airflow/example_dags/example_datasets.py
[2024-01-29T20:14:28.292+0100] {processor.py:840} INFO - DAG(s) 'dataset_consumes_1_and_2', 'dataset_consumes_1_never_scheduled', 'dataset_consumes_1', 'dataset_consumes_unknown_never_scheduled', 'dataset_produces_2', 'dataset_produces_1' retrieved from /home/ubuntu/.local/lib/python3.10/site-packages/airflow/example_dags/example_datasets.py
[2024-01-29T20:14:28.321+0100] {logging_mixin.py:188} INFO - [2024-01-29T20:14:28.321+0100] {dag.py:3033} INFO - Sync 6 DAGs
[2024-01-29T20:14:28.348+0100] {logging_mixin.py:188} INFO - [2024-01-29T20:14:28.347+0100] {dag.py:3820} INFO - Setting next_dagrun for dataset_consumes_1 to None, run_after=None
[2024-01-29T20:14:28.352+0100] {logging_mixin.py:188} INFO - [2024-01-29T20:14:28.352+0100] {dag.py:3820} INFO - Setting next_dagrun for dataset_consumes_1_and_2 to None, run_after=None
[2024-01-29T20:14:28.353+0100] {logging_mixin.py:188} INFO - [2024-01-29T20:14:28.353+0100] {dag.py:3820} INFO - Setting next_dagrun for dataset_consumes_1_never_scheduled to None, run_after=None
[2024-01-29T20:14:28.355+0100] {logging_mixin.py:188} INFO - [2024-01-29T20:14:28.354+0100] {dag.py:3820} INFO - Setting next_dagrun for dataset_consumes_unknown_never_scheduled to None, run_after=None
[2024-01-29T20:14:28.357+0100] {logging_mixin.py:188} INFO - [2024-01-29T20:14:28.356+0100] {dag.py:3820} INFO - Setting next_dagrun for dataset_produces_1 to 2024-01-28T00:00:00+00:00, run_after=2024-01-29T00:00:00+00:00
[2024-01-29T20:14:28.357+0100] {logging_mixin.py:188} INFO - [2024-01-29T20:14:28.357+0100] {dag.py:3820} INFO - Setting next_dagrun for dataset_produces_2 to None, run_after=None
[2024-01-29T20:14:28.415+0100] {processor.py:183} INFO - Processing /home/ubuntu/.local/lib/python3.10/site-packages/airflow/example_dags/example_datasets.py took 0.139 seconds
[2024-01-29T20:15:21.873+0100] {processor.py:161} INFO - Started process (PID=9315) to work on /home/ubuntu/.local/lib/python3.10/site-packages/airflow/example_dags/example_datasets.py
[2024-01-29T20:15:21.875+0100] {processor.py:830} INFO - Processing file /home/ubuntu/.local/lib/python3.10/site-packages/airflow/example_dags/example_datasets.py for tasks to queue
[2024-01-29T20:15:21.876+0100] {logging_mixin.py:188} INFO - [2024-01-29T20:15:21.876+0100] {dagbag.py:538} INFO - Filling up the DagBag from /home/ubuntu/.local/lib/python3.10/site-packages/airflow/example_dags/example_datasets.py
[2024-01-29T20:15:21.886+0100] {processor.py:840} INFO - DAG(s) 'dataset_produces_1', 'dataset_consumes_1_and_2', 'dataset_consumes_1', 'dataset_consumes_1_never_scheduled', 'dataset_produces_2', 'dataset_consumes_unknown_never_scheduled' retrieved from /home/ubuntu/.local/lib/python3.10/site-packages/airflow/example_dags/example_datasets.py
[2024-01-29T20:15:21.910+0100] {logging_mixin.py:188} INFO - [2024-01-29T20:15:21.910+0100] {dag.py:3033} INFO - Sync 6 DAGs
[2024-01-29T20:15:21.928+0100] {logging_mixin.py:188} INFO - [2024-01-29T20:15:21.928+0100] {dag.py:3820} INFO - Setting next_dagrun for dataset_consumes_1 to None, run_after=None
[2024-01-29T20:15:21.931+0100] {logging_mixin.py:188} INFO - [2024-01-29T20:15:21.930+0100] {dag.py:3820} INFO - Setting next_dagrun for dataset_consumes_1_and_2 to None, run_after=None
[2024-01-29T20:15:21.931+0100] {logging_mixin.py:188} INFO - [2024-01-29T20:15:21.931+0100] {dag.py:3820} INFO - Setting next_dagrun for dataset_consumes_1_never_scheduled to None, run_after=None
[2024-01-29T20:15:21.932+0100] {logging_mixin.py:188} INFO - [2024-01-29T20:15:21.932+0100] {dag.py:3820} INFO - Setting next_dagrun for dataset_consumes_unknown_never_scheduled to None, run_after=None
[2024-01-29T20:15:21.934+0100] {logging_mixin.py:188} INFO - [2024-01-29T20:15:21.934+0100] {dag.py:3820} INFO - Setting next_dagrun for dataset_produces_1 to 2024-01-28T00:00:00+00:00, run_after=2024-01-29T00:00:00+00:00
[2024-01-29T20:15:21.934+0100] {logging_mixin.py:188} INFO - [2024-01-29T20:15:21.934+0100] {dag.py:3820} INFO - Setting next_dagrun for dataset_produces_2 to None, run_after=None
[2024-01-29T20:15:22.038+0100] {processor.py:183} INFO - Processing /home/ubuntu/.local/lib/python3.10/site-packages/airflow/example_dags/example_datasets.py took 0.169 seconds
[2024-01-29T20:16:29.693+0100] {processor.py:161} INFO - Started process (PID=9393) to work on /home/ubuntu/.local/lib/python3.10/site-packages/airflow/example_dags/example_datasets.py
[2024-01-29T20:16:29.695+0100] {processor.py:830} INFO - Processing file /home/ubuntu/.local/lib/python3.10/site-packages/airflow/example_dags/example_datasets.py for tasks to queue
[2024-01-29T20:16:29.696+0100] {logging_mixin.py:188} INFO - [2024-01-29T20:16:29.695+0100] {dagbag.py:538} INFO - Filling up the DagBag from /home/ubuntu/.local/lib/python3.10/site-packages/airflow/example_dags/example_datasets.py
[2024-01-29T20:16:29.707+0100] {processor.py:840} INFO - DAG(s) 'dataset_consumes_1_never_scheduled', 'dataset_produces_1', 'dataset_consumes_unknown_never_scheduled', 'dataset_consumes_1', 'dataset_consumes_1_and_2', 'dataset_produces_2' retrieved from /home/ubuntu/.local/lib/python3.10/site-packages/airflow/example_dags/example_datasets.py
[2024-01-29T20:16:29.739+0100] {logging_mixin.py:188} INFO - [2024-01-29T20:16:29.738+0100] {dag.py:3033} INFO - Sync 6 DAGs
[2024-01-29T20:16:29.766+0100] {logging_mixin.py:188} INFO - [2024-01-29T20:16:29.765+0100] {dag.py:3820} INFO - Setting next_dagrun for dataset_consumes_1 to None, run_after=None
[2024-01-29T20:16:29.769+0100] {logging_mixin.py:188} INFO - [2024-01-29T20:16:29.769+0100] {dag.py:3820} INFO - Setting next_dagrun for dataset_consumes_1_and_2 to None, run_after=None
[2024-01-29T20:16:29.770+0100] {logging_mixin.py:188} INFO - [2024-01-29T20:16:29.770+0100] {dag.py:3820} INFO - Setting next_dagrun for dataset_consumes_1_never_scheduled to None, run_after=None
[2024-01-29T20:16:29.770+0100] {logging_mixin.py:188} INFO - [2024-01-29T20:16:29.770+0100] {dag.py:3820} INFO - Setting next_dagrun for dataset_consumes_unknown_never_scheduled to None, run_after=None
[2024-01-29T20:16:29.772+0100] {logging_mixin.py:188} INFO - [2024-01-29T20:16:29.772+0100] {dag.py:3820} INFO - Setting next_dagrun for dataset_produces_1 to 2024-01-28T00:00:00+00:00, run_after=2024-01-29T00:00:00+00:00
[2024-01-29T20:16:29.773+0100] {logging_mixin.py:188} INFO - [2024-01-29T20:16:29.773+0100] {dag.py:3820} INFO - Setting next_dagrun for dataset_produces_2 to None, run_after=None
[2024-01-29T20:16:29.824+0100] {processor.py:183} INFO - Processing /home/ubuntu/.local/lib/python3.10/site-packages/airflow/example_dags/example_datasets.py took 0.134 seconds
[2024-01-29T20:17:40.169+0100] {processor.py:161} INFO - Started process (PID=9472) to work on /home/ubuntu/.local/lib/python3.10/site-packages/airflow/example_dags/example_datasets.py
[2024-01-29T20:17:40.172+0100] {processor.py:830} INFO - Processing file /home/ubuntu/.local/lib/python3.10/site-packages/airflow/example_dags/example_datasets.py for tasks to queue
[2024-01-29T20:17:40.173+0100] {logging_mixin.py:188} INFO - [2024-01-29T20:17:40.173+0100] {dagbag.py:538} INFO - Filling up the DagBag from /home/ubuntu/.local/lib/python3.10/site-packages/airflow/example_dags/example_datasets.py
[2024-01-29T20:17:40.188+0100] {processor.py:840} INFO - DAG(s) 'dataset_produces_1', 'dataset_consumes_1_never_scheduled', 'dataset_consumes_unknown_never_scheduled', 'dataset_produces_2', 'dataset_consumes_1_and_2', 'dataset_consumes_1' retrieved from /home/ubuntu/.local/lib/python3.10/site-packages/airflow/example_dags/example_datasets.py
[2024-01-29T20:17:40.245+0100] {logging_mixin.py:188} INFO - [2024-01-29T20:17:40.244+0100] {dag.py:3033} INFO - Sync 6 DAGs
[2024-01-29T20:17:40.291+0100] {logging_mixin.py:188} INFO - [2024-01-29T20:17:40.291+0100] {dag.py:3820} INFO - Setting next_dagrun for dataset_consumes_1 to None, run_after=None
[2024-01-29T20:17:40.298+0100] {logging_mixin.py:188} INFO - [2024-01-29T20:17:40.297+0100] {dag.py:3820} INFO - Setting next_dagrun for dataset_consumes_1_and_2 to None, run_after=None
[2024-01-29T20:17:40.300+0100] {logging_mixin.py:188} INFO - [2024-01-29T20:17:40.299+0100] {dag.py:3820} INFO - Setting next_dagrun for dataset_consumes_1_never_scheduled to None, run_after=None
[2024-01-29T20:17:40.302+0100] {logging_mixin.py:188} INFO - [2024-01-29T20:17:40.301+0100] {dag.py:3820} INFO - Setting next_dagrun for dataset_consumes_unknown_never_scheduled to None, run_after=None
[2024-01-29T20:17:40.307+0100] {logging_mixin.py:188} INFO - [2024-01-29T20:17:40.307+0100] {dag.py:3820} INFO - Setting next_dagrun for dataset_produces_1 to 2024-01-28T00:00:00+00:00, run_after=2024-01-29T00:00:00+00:00
[2024-01-29T20:17:40.309+0100] {logging_mixin.py:188} INFO - [2024-01-29T20:17:40.309+0100] {dag.py:3820} INFO - Setting next_dagrun for dataset_produces_2 to None, run_after=None
[2024-01-29T20:17:40.377+0100] {processor.py:183} INFO - Processing /home/ubuntu/.local/lib/python3.10/site-packages/airflow/example_dags/example_datasets.py took 0.213 seconds
[2024-01-29T20:18:45.138+0100] {processor.py:161} INFO - Started process (PID=9549) to work on /home/ubuntu/.local/lib/python3.10/site-packages/airflow/example_dags/example_datasets.py
[2024-01-29T20:18:45.141+0100] {processor.py:830} INFO - Processing file /home/ubuntu/.local/lib/python3.10/site-packages/airflow/example_dags/example_datasets.py for tasks to queue
[2024-01-29T20:18:45.143+0100] {logging_mixin.py:188} INFO - [2024-01-29T20:18:45.142+0100] {dagbag.py:538} INFO - Filling up the DagBag from /home/ubuntu/.local/lib/python3.10/site-packages/airflow/example_dags/example_datasets.py
[2024-01-29T20:18:45.165+0100] {processor.py:840} INFO - DAG(s) 'dataset_produces_2', 'dataset_consumes_1_never_scheduled', 'dataset_consumes_unknown_never_scheduled', 'dataset_consumes_1_and_2', 'dataset_produces_1', 'dataset_consumes_1' retrieved from /home/ubuntu/.local/lib/python3.10/site-packages/airflow/example_dags/example_datasets.py
[2024-01-29T20:18:45.230+0100] {logging_mixin.py:188} INFO - [2024-01-29T20:18:45.230+0100] {dag.py:3033} INFO - Sync 6 DAGs
[2024-01-29T20:18:45.276+0100] {logging_mixin.py:188} INFO - [2024-01-29T20:18:45.276+0100] {dag.py:3820} INFO - Setting next_dagrun for dataset_consumes_1 to None, run_after=None
[2024-01-29T20:18:45.280+0100] {logging_mixin.py:188} INFO - [2024-01-29T20:18:45.279+0100] {dag.py:3820} INFO - Setting next_dagrun for dataset_consumes_1_and_2 to None, run_after=None
[2024-01-29T20:18:45.281+0100] {logging_mixin.py:188} INFO - [2024-01-29T20:18:45.280+0100] {dag.py:3820} INFO - Setting next_dagrun for dataset_consumes_1_never_scheduled to None, run_after=None
[2024-01-29T20:18:45.281+0100] {logging_mixin.py:188} INFO - [2024-01-29T20:18:45.281+0100] {dag.py:3820} INFO - Setting next_dagrun for dataset_consumes_unknown_never_scheduled to None, run_after=None
[2024-01-29T20:18:45.285+0100] {logging_mixin.py:188} INFO - [2024-01-29T20:18:45.285+0100] {dag.py:3820} INFO - Setting next_dagrun for dataset_produces_1 to 2024-01-28T00:00:00+00:00, run_after=2024-01-29T00:00:00+00:00
[2024-01-29T20:18:45.286+0100] {logging_mixin.py:188} INFO - [2024-01-29T20:18:45.286+0100] {dag.py:3820} INFO - Setting next_dagrun for dataset_produces_2 to None, run_after=None
[2024-01-29T20:18:45.334+0100] {processor.py:183} INFO - Processing /home/ubuntu/.local/lib/python3.10/site-packages/airflow/example_dags/example_datasets.py took 0.207 seconds
[2024-01-29T20:19:52.207+0100] {processor.py:161} INFO - Started process (PID=9641) to work on /home/ubuntu/.local/lib/python3.10/site-packages/airflow/example_dags/example_datasets.py
[2024-01-29T20:19:52.210+0100] {processor.py:830} INFO - Processing file /home/ubuntu/.local/lib/python3.10/site-packages/airflow/example_dags/example_datasets.py for tasks to queue
[2024-01-29T20:19:52.211+0100] {logging_mixin.py:188} INFO - [2024-01-29T20:19:52.211+0100] {dagbag.py:538} INFO - Filling up the DagBag from /home/ubuntu/.local/lib/python3.10/site-packages/airflow/example_dags/example_datasets.py
[2024-01-29T20:19:52.233+0100] {processor.py:840} INFO - DAG(s) 'dataset_produces_1', 'dataset_consumes_unknown_never_scheduled', 'dataset_produces_2', 'dataset_consumes_1', 'dataset_consumes_1_never_scheduled', 'dataset_consumes_1_and_2' retrieved from /home/ubuntu/.local/lib/python3.10/site-packages/airflow/example_dags/example_datasets.py
[2024-01-29T20:19:52.265+0100] {logging_mixin.py:188} INFO - [2024-01-29T20:19:52.265+0100] {dag.py:3033} INFO - Sync 6 DAGs
[2024-01-29T20:19:52.289+0100] {logging_mixin.py:188} INFO - [2024-01-29T20:19:52.288+0100] {dag.py:3820} INFO - Setting next_dagrun for dataset_consumes_1 to None, run_after=None
[2024-01-29T20:19:52.292+0100] {logging_mixin.py:188} INFO - [2024-01-29T20:19:52.292+0100] {dag.py:3820} INFO - Setting next_dagrun for dataset_consumes_1_and_2 to None, run_after=None
[2024-01-29T20:19:52.293+0100] {logging_mixin.py:188} INFO - [2024-01-29T20:19:52.293+0100] {dag.py:3820} INFO - Setting next_dagrun for dataset_consumes_1_never_scheduled to None, run_after=None
[2024-01-29T20:19:52.294+0100] {logging_mixin.py:188} INFO - [2024-01-29T20:19:52.294+0100] {dag.py:3820} INFO - Setting next_dagrun for dataset_consumes_unknown_never_scheduled to None, run_after=None
[2024-01-29T20:19:52.296+0100] {logging_mixin.py:188} INFO - [2024-01-29T20:19:52.296+0100] {dag.py:3820} INFO - Setting next_dagrun for dataset_produces_1 to 2024-01-28T00:00:00+00:00, run_after=2024-01-29T00:00:00+00:00
[2024-01-29T20:19:52.297+0100] {logging_mixin.py:188} INFO - [2024-01-29T20:19:52.297+0100] {dag.py:3820} INFO - Setting next_dagrun for dataset_produces_2 to None, run_after=None
[2024-01-29T20:19:52.335+0100] {processor.py:183} INFO - Processing /home/ubuntu/.local/lib/python3.10/site-packages/airflow/example_dags/example_datasets.py took 0.132 seconds
[2024-01-29T20:20:54.539+0100] {processor.py:161} INFO - Started process (PID=9714) to work on /home/ubuntu/.local/lib/python3.10/site-packages/airflow/example_dags/example_datasets.py
[2024-01-29T20:20:54.542+0100] {processor.py:830} INFO - Processing file /home/ubuntu/.local/lib/python3.10/site-packages/airflow/example_dags/example_datasets.py for tasks to queue
[2024-01-29T20:20:54.544+0100] {logging_mixin.py:188} INFO - [2024-01-29T20:20:54.544+0100] {dagbag.py:538} INFO - Filling up the DagBag from /home/ubuntu/.local/lib/python3.10/site-packages/airflow/example_dags/example_datasets.py
[2024-01-29T20:20:54.559+0100] {processor.py:840} INFO - DAG(s) 'dataset_consumes_1_never_scheduled', 'dataset_consumes_1', 'dataset_consumes_unknown_never_scheduled', 'dataset_consumes_1_and_2', 'dataset_produces_1', 'dataset_produces_2' retrieved from /home/ubuntu/.local/lib/python3.10/site-packages/airflow/example_dags/example_datasets.py
[2024-01-29T20:20:54.595+0100] {logging_mixin.py:188} INFO - [2024-01-29T20:20:54.595+0100] {dag.py:3033} INFO - Sync 6 DAGs
[2024-01-29T20:20:54.621+0100] {logging_mixin.py:188} INFO - [2024-01-29T20:20:54.621+0100] {dag.py:3820} INFO - Setting next_dagrun for dataset_consumes_1 to None, run_after=None
[2024-01-29T20:20:54.635+0100] {logging_mixin.py:188} INFO - [2024-01-29T20:20:54.635+0100] {dag.py:3820} INFO - Setting next_dagrun for dataset_consumes_1_and_2 to None, run_after=None
[2024-01-29T20:20:54.639+0100] {logging_mixin.py:188} INFO - [2024-01-29T20:20:54.638+0100] {dag.py:3820} INFO - Setting next_dagrun for dataset_consumes_1_never_scheduled to None, run_after=None
[2024-01-29T20:20:54.642+0100] {logging_mixin.py:188} INFO - [2024-01-29T20:20:54.642+0100] {dag.py:3820} INFO - Setting next_dagrun for dataset_consumes_unknown_never_scheduled to None, run_after=None
[2024-01-29T20:20:54.652+0100] {logging_mixin.py:188} INFO - [2024-01-29T20:20:54.651+0100] {dag.py:3820} INFO - Setting next_dagrun for dataset_produces_1 to 2024-01-28T00:00:00+00:00, run_after=2024-01-29T00:00:00+00:00
[2024-01-29T20:20:54.655+0100] {logging_mixin.py:188} INFO - [2024-01-29T20:20:54.655+0100] {dag.py:3820} INFO - Setting next_dagrun for dataset_produces_2 to None, run_after=None
[2024-01-29T20:20:54.768+0100] {processor.py:183} INFO - Processing /home/ubuntu/.local/lib/python3.10/site-packages/airflow/example_dags/example_datasets.py took 0.235 seconds
