[2024-01-29T19:54:11.724+0100] {processor.py:161} INFO - Started process (PID=7828) to work on /home/ubuntu/.local/lib/python3.10/site-packages/airflow/example_dags/example_short_circuit_operator.py
[2024-01-29T19:54:11.726+0100] {processor.py:830} INFO - Processing file /home/ubuntu/.local/lib/python3.10/site-packages/airflow/example_dags/example_short_circuit_operator.py for tasks to queue
[2024-01-29T19:54:11.728+0100] {logging_mixin.py:188} INFO - [2024-01-29T19:54:11.728+0100] {dagbag.py:538} INFO - Filling up the DagBag from /home/ubuntu/.local/lib/python3.10/site-packages/airflow/example_dags/example_short_circuit_operator.py
[2024-01-29T19:54:11.743+0100] {processor.py:840} INFO - DAG(s) 'example_short_circuit_operator' retrieved from /home/ubuntu/.local/lib/python3.10/site-packages/airflow/example_dags/example_short_circuit_operator.py
[2024-01-29T19:54:12.081+0100] {logging_mixin.py:188} INFO - [2024-01-29T19:54:12.081+0100] {dag.py:3033} INFO - Sync 1 DAGs
[2024-01-29T19:54:12.102+0100] {logging_mixin.py:188} INFO - [2024-01-29T19:54:12.102+0100] {dag.py:3820} INFO - Setting next_dagrun for example_short_circuit_operator to 2024-01-28T00:00:00+00:00, run_after=2024-01-29T00:00:00+00:00
[2024-01-29T19:54:12.138+0100] {processor.py:183} INFO - Processing /home/ubuntu/.local/lib/python3.10/site-packages/airflow/example_dags/example_short_circuit_operator.py took 0.419 seconds
[2024-01-29T19:55:34.158+0100] {processor.py:161} INFO - Started process (PID=7942) to work on /home/ubuntu/.local/lib/python3.10/site-packages/airflow/example_dags/example_short_circuit_operator.py
[2024-01-29T19:55:34.161+0100] {processor.py:830} INFO - Processing file /home/ubuntu/.local/lib/python3.10/site-packages/airflow/example_dags/example_short_circuit_operator.py for tasks to queue
[2024-01-29T19:55:34.165+0100] {logging_mixin.py:188} INFO - [2024-01-29T19:55:34.162+0100] {dagbag.py:538} INFO - Filling up the DagBag from /home/ubuntu/.local/lib/python3.10/site-packages/airflow/example_dags/example_short_circuit_operator.py
[2024-01-29T19:55:34.193+0100] {processor.py:840} INFO - DAG(s) 'example_short_circuit_operator' retrieved from /home/ubuntu/.local/lib/python3.10/site-packages/airflow/example_dags/example_short_circuit_operator.py
[2024-01-29T19:55:34.215+0100] {logging_mixin.py:188} INFO - [2024-01-29T19:55:34.215+0100] {dag.py:3033} INFO - Sync 1 DAGs
[2024-01-29T19:55:34.236+0100] {logging_mixin.py:188} INFO - [2024-01-29T19:55:34.236+0100] {dag.py:3820} INFO - Setting next_dagrun for example_short_circuit_operator to 2024-01-28T00:00:00+00:00, run_after=2024-01-29T00:00:00+00:00
[2024-01-29T19:55:34.266+0100] {processor.py:183} INFO - Processing /home/ubuntu/.local/lib/python3.10/site-packages/airflow/example_dags/example_short_circuit_operator.py took 0.114 seconds
[2024-01-29T19:56:54.472+0100] {processor.py:161} INFO - Started process (PID=8019) to work on /home/ubuntu/.local/lib/python3.10/site-packages/airflow/example_dags/example_short_circuit_operator.py
[2024-01-29T19:56:54.474+0100] {processor.py:830} INFO - Processing file /home/ubuntu/.local/lib/python3.10/site-packages/airflow/example_dags/example_short_circuit_operator.py for tasks to queue
[2024-01-29T19:56:54.475+0100] {logging_mixin.py:188} INFO - [2024-01-29T19:56:54.475+0100] {dagbag.py:538} INFO - Filling up the DagBag from /home/ubuntu/.local/lib/python3.10/site-packages/airflow/example_dags/example_short_circuit_operator.py
[2024-01-29T19:56:54.486+0100] {processor.py:840} INFO - DAG(s) 'example_short_circuit_operator' retrieved from /home/ubuntu/.local/lib/python3.10/site-packages/airflow/example_dags/example_short_circuit_operator.py
[2024-01-29T19:56:54.511+0100] {logging_mixin.py:188} INFO - [2024-01-29T19:56:54.510+0100] {dag.py:3033} INFO - Sync 1 DAGs
[2024-01-29T19:56:54.531+0100] {logging_mixin.py:188} INFO - [2024-01-29T19:56:54.531+0100] {dag.py:3820} INFO - Setting next_dagrun for example_short_circuit_operator to 2024-01-28T00:00:00+00:00, run_after=2024-01-29T00:00:00+00:00
[2024-01-29T19:56:54.562+0100] {processor.py:183} INFO - Processing /home/ubuntu/.local/lib/python3.10/site-packages/airflow/example_dags/example_short_circuit_operator.py took 0.096 seconds
[2024-01-29T19:57:50.325+0100] {processor.py:161} INFO - Started process (PID=8076) to work on /home/ubuntu/.local/lib/python3.10/site-packages/airflow/example_dags/example_short_circuit_operator.py
[2024-01-29T19:57:50.328+0100] {processor.py:830} INFO - Processing file /home/ubuntu/.local/lib/python3.10/site-packages/airflow/example_dags/example_short_circuit_operator.py for tasks to queue
[2024-01-29T19:57:50.329+0100] {logging_mixin.py:188} INFO - [2024-01-29T19:57:50.328+0100] {dagbag.py:538} INFO - Filling up the DagBag from /home/ubuntu/.local/lib/python3.10/site-packages/airflow/example_dags/example_short_circuit_operator.py
[2024-01-29T19:57:50.347+0100] {processor.py:840} INFO - DAG(s) 'example_short_circuit_operator' retrieved from /home/ubuntu/.local/lib/python3.10/site-packages/airflow/example_dags/example_short_circuit_operator.py
[2024-01-29T19:57:50.451+0100] {logging_mixin.py:188} INFO - [2024-01-29T19:57:50.451+0100] {dag.py:3033} INFO - Sync 1 DAGs
[2024-01-29T19:57:50.534+0100] {logging_mixin.py:188} INFO - [2024-01-29T19:57:50.531+0100] {dag.py:3820} INFO - Setting next_dagrun for example_short_circuit_operator to 2024-01-28T00:00:00+00:00, run_after=2024-01-29T00:00:00+00:00
[2024-01-29T19:57:50.932+0100] {processor.py:183} INFO - Processing /home/ubuntu/.local/lib/python3.10/site-packages/airflow/example_dags/example_short_circuit_operator.py took 0.615 seconds
[2024-01-29T19:58:40.933+0100] {processor.py:161} INFO - Started process (PID=8133) to work on /home/ubuntu/.local/lib/python3.10/site-packages/airflow/example_dags/example_short_circuit_operator.py
[2024-01-29T19:58:40.934+0100] {processor.py:830} INFO - Processing file /home/ubuntu/.local/lib/python3.10/site-packages/airflow/example_dags/example_short_circuit_operator.py for tasks to queue
[2024-01-29T19:58:40.935+0100] {logging_mixin.py:188} INFO - [2024-01-29T19:58:40.935+0100] {dagbag.py:538} INFO - Filling up the DagBag from /home/ubuntu/.local/lib/python3.10/site-packages/airflow/example_dags/example_short_circuit_operator.py
[2024-01-29T19:58:40.945+0100] {processor.py:840} INFO - DAG(s) 'example_short_circuit_operator' retrieved from /home/ubuntu/.local/lib/python3.10/site-packages/airflow/example_dags/example_short_circuit_operator.py
[2024-01-29T19:58:40.964+0100] {logging_mixin.py:188} INFO - [2024-01-29T19:58:40.963+0100] {dag.py:3033} INFO - Sync 1 DAGs
[2024-01-29T19:58:40.985+0100] {logging_mixin.py:188} INFO - [2024-01-29T19:58:40.985+0100] {dag.py:3820} INFO - Setting next_dagrun for example_short_circuit_operator to 2024-01-28T00:00:00+00:00, run_after=2024-01-29T00:00:00+00:00
[2024-01-29T19:58:41.022+0100] {processor.py:183} INFO - Processing /home/ubuntu/.local/lib/python3.10/site-packages/airflow/example_dags/example_short_circuit_operator.py took 0.093 seconds
[2024-01-29T19:59:22.338+0100] {processor.py:161} INFO - Started process (PID=8183) to work on /home/ubuntu/.local/lib/python3.10/site-packages/airflow/example_dags/example_short_circuit_operator.py
[2024-01-29T19:59:22.341+0100] {processor.py:830} INFO - Processing file /home/ubuntu/.local/lib/python3.10/site-packages/airflow/example_dags/example_short_circuit_operator.py for tasks to queue
[2024-01-29T19:59:22.343+0100] {logging_mixin.py:188} INFO - [2024-01-29T19:59:22.342+0100] {dagbag.py:538} INFO - Filling up the DagBag from /home/ubuntu/.local/lib/python3.10/site-packages/airflow/example_dags/example_short_circuit_operator.py
[2024-01-29T19:59:22.352+0100] {processor.py:840} INFO - DAG(s) 'example_short_circuit_operator' retrieved from /home/ubuntu/.local/lib/python3.10/site-packages/airflow/example_dags/example_short_circuit_operator.py
[2024-01-29T19:59:22.369+0100] {logging_mixin.py:188} INFO - [2024-01-29T19:59:22.368+0100] {dag.py:3033} INFO - Sync 1 DAGs
[2024-01-29T19:59:22.389+0100] {logging_mixin.py:188} INFO - [2024-01-29T19:59:22.389+0100] {dag.py:3820} INFO - Setting next_dagrun for example_short_circuit_operator to 2024-01-28T00:00:00+00:00, run_after=2024-01-29T00:00:00+00:00
[2024-01-29T19:59:22.458+0100] {processor.py:183} INFO - Processing /home/ubuntu/.local/lib/python3.10/site-packages/airflow/example_dags/example_short_circuit_operator.py took 0.124 seconds
[2024-01-29T20:00:42.146+0100] {processor.py:161} INFO - Started process (PID=8260) to work on /home/ubuntu/.local/lib/python3.10/site-packages/airflow/example_dags/example_short_circuit_operator.py
[2024-01-29T20:00:42.149+0100] {processor.py:830} INFO - Processing file /home/ubuntu/.local/lib/python3.10/site-packages/airflow/example_dags/example_short_circuit_operator.py for tasks to queue
[2024-01-29T20:00:42.150+0100] {logging_mixin.py:188} INFO - [2024-01-29T20:00:42.149+0100] {dagbag.py:538} INFO - Filling up the DagBag from /home/ubuntu/.local/lib/python3.10/site-packages/airflow/example_dags/example_short_circuit_operator.py
[2024-01-29T20:00:42.160+0100] {processor.py:840} INFO - DAG(s) 'example_short_circuit_operator' retrieved from /home/ubuntu/.local/lib/python3.10/site-packages/airflow/example_dags/example_short_circuit_operator.py
[2024-01-29T20:00:42.176+0100] {logging_mixin.py:188} INFO - [2024-01-29T20:00:42.176+0100] {dag.py:3033} INFO - Sync 1 DAGs
[2024-01-29T20:00:42.201+0100] {logging_mixin.py:188} INFO - [2024-01-29T20:00:42.201+0100] {dag.py:3820} INFO - Setting next_dagrun for example_short_circuit_operator to 2024-01-28T00:00:00+00:00, run_after=2024-01-29T00:00:00+00:00
[2024-01-29T20:00:42.248+0100] {processor.py:183} INFO - Processing /home/ubuntu/.local/lib/python3.10/site-packages/airflow/example_dags/example_short_circuit_operator.py took 0.106 seconds
[2024-01-29T20:01:34.232+0100] {processor.py:161} INFO - Started process (PID=8317) to work on /home/ubuntu/.local/lib/python3.10/site-packages/airflow/example_dags/example_short_circuit_operator.py
[2024-01-29T20:01:34.235+0100] {processor.py:830} INFO - Processing file /home/ubuntu/.local/lib/python3.10/site-packages/airflow/example_dags/example_short_circuit_operator.py for tasks to queue
[2024-01-29T20:01:34.237+0100] {logging_mixin.py:188} INFO - [2024-01-29T20:01:34.236+0100] {dagbag.py:538} INFO - Filling up the DagBag from /home/ubuntu/.local/lib/python3.10/site-packages/airflow/example_dags/example_short_circuit_operator.py
[2024-01-29T20:01:34.249+0100] {processor.py:840} INFO - DAG(s) 'example_short_circuit_operator' retrieved from /home/ubuntu/.local/lib/python3.10/site-packages/airflow/example_dags/example_short_circuit_operator.py
[2024-01-29T20:01:34.272+0100] {logging_mixin.py:188} INFO - [2024-01-29T20:01:34.272+0100] {dag.py:3033} INFO - Sync 1 DAGs
[2024-01-29T20:01:34.299+0100] {logging_mixin.py:188} INFO - [2024-01-29T20:01:34.299+0100] {dag.py:3820} INFO - Setting next_dagrun for example_short_circuit_operator to 2024-01-28T00:00:00+00:00, run_after=2024-01-29T00:00:00+00:00
[2024-01-29T20:01:34.386+0100] {processor.py:183} INFO - Processing /home/ubuntu/.local/lib/python3.10/site-packages/airflow/example_dags/example_short_circuit_operator.py took 0.159 seconds
[2024-01-29T20:02:19.264+0100] {processor.py:161} INFO - Started process (PID=8368) to work on /home/ubuntu/.local/lib/python3.10/site-packages/airflow/example_dags/example_short_circuit_operator.py
[2024-01-29T20:02:19.267+0100] {processor.py:830} INFO - Processing file /home/ubuntu/.local/lib/python3.10/site-packages/airflow/example_dags/example_short_circuit_operator.py for tasks to queue
[2024-01-29T20:02:19.269+0100] {logging_mixin.py:188} INFO - [2024-01-29T20:02:19.268+0100] {dagbag.py:538} INFO - Filling up the DagBag from /home/ubuntu/.local/lib/python3.10/site-packages/airflow/example_dags/example_short_circuit_operator.py
[2024-01-29T20:02:19.284+0100] {processor.py:840} INFO - DAG(s) 'example_short_circuit_operator' retrieved from /home/ubuntu/.local/lib/python3.10/site-packages/airflow/example_dags/example_short_circuit_operator.py
[2024-01-29T20:02:19.309+0100] {logging_mixin.py:188} INFO - [2024-01-29T20:02:19.308+0100] {dag.py:3033} INFO - Sync 1 DAGs
[2024-01-29T20:02:19.342+0100] {logging_mixin.py:188} INFO - [2024-01-29T20:02:19.342+0100] {dag.py:3820} INFO - Setting next_dagrun for example_short_circuit_operator to 2024-01-28T00:00:00+00:00, run_after=2024-01-29T00:00:00+00:00
[2024-01-29T20:02:19.466+0100] {processor.py:183} INFO - Processing /home/ubuntu/.local/lib/python3.10/site-packages/airflow/example_dags/example_short_circuit_operator.py took 0.209 seconds
[2024-01-29T20:03:25.517+0100] {processor.py:161} INFO - Started process (PID=8474) to work on /home/ubuntu/.local/lib/python3.10/site-packages/airflow/example_dags/example_short_circuit_operator.py
[2024-01-29T20:03:25.520+0100] {processor.py:830} INFO - Processing file /home/ubuntu/.local/lib/python3.10/site-packages/airflow/example_dags/example_short_circuit_operator.py for tasks to queue
[2024-01-29T20:03:25.521+0100] {logging_mixin.py:188} INFO - [2024-01-29T20:03:25.521+0100] {dagbag.py:538} INFO - Filling up the DagBag from /home/ubuntu/.local/lib/python3.10/site-packages/airflow/example_dags/example_short_circuit_operator.py
[2024-01-29T20:03:25.533+0100] {processor.py:840} INFO - DAG(s) 'example_short_circuit_operator' retrieved from /home/ubuntu/.local/lib/python3.10/site-packages/airflow/example_dags/example_short_circuit_operator.py
[2024-01-29T20:03:25.561+0100] {logging_mixin.py:188} INFO - [2024-01-29T20:03:25.561+0100] {dag.py:3033} INFO - Sync 1 DAGs
[2024-01-29T20:03:25.583+0100] {logging_mixin.py:188} INFO - [2024-01-29T20:03:25.583+0100] {dag.py:3820} INFO - Setting next_dagrun for example_short_circuit_operator to 2024-01-28T00:00:00+00:00, run_after=2024-01-29T00:00:00+00:00
[2024-01-29T20:03:25.621+0100] {processor.py:183} INFO - Processing /home/ubuntu/.local/lib/python3.10/site-packages/airflow/example_dags/example_short_circuit_operator.py took 0.107 seconds
[2024-01-29T20:04:10.500+0100] {processor.py:161} INFO - Started process (PID=8531) to work on /home/ubuntu/.local/lib/python3.10/site-packages/airflow/example_dags/example_short_circuit_operator.py
[2024-01-29T20:04:10.503+0100] {processor.py:830} INFO - Processing file /home/ubuntu/.local/lib/python3.10/site-packages/airflow/example_dags/example_short_circuit_operator.py for tasks to queue
[2024-01-29T20:04:10.504+0100] {logging_mixin.py:188} INFO - [2024-01-29T20:04:10.504+0100] {dagbag.py:538} INFO - Filling up the DagBag from /home/ubuntu/.local/lib/python3.10/site-packages/airflow/example_dags/example_short_circuit_operator.py
[2024-01-29T20:04:10.514+0100] {processor.py:840} INFO - DAG(s) 'example_short_circuit_operator' retrieved from /home/ubuntu/.local/lib/python3.10/site-packages/airflow/example_dags/example_short_circuit_operator.py
[2024-01-29T20:04:10.535+0100] {logging_mixin.py:188} INFO - [2024-01-29T20:04:10.535+0100] {dag.py:3033} INFO - Sync 1 DAGs
[2024-01-29T20:04:10.556+0100] {logging_mixin.py:188} INFO - [2024-01-29T20:04:10.556+0100] {dag.py:3820} INFO - Setting next_dagrun for example_short_circuit_operator to 2024-01-28T00:00:00+00:00, run_after=2024-01-29T00:00:00+00:00
[2024-01-29T20:04:10.589+0100] {processor.py:183} INFO - Processing /home/ubuntu/.local/lib/python3.10/site-packages/airflow/example_dags/example_short_circuit_operator.py took 0.093 seconds
[2024-01-29T20:05:06.303+0100] {processor.py:161} INFO - Started process (PID=8592) to work on /home/ubuntu/.local/lib/python3.10/site-packages/airflow/example_dags/example_short_circuit_operator.py
[2024-01-29T20:05:06.331+0100] {processor.py:830} INFO - Processing file /home/ubuntu/.local/lib/python3.10/site-packages/airflow/example_dags/example_short_circuit_operator.py for tasks to queue
[2024-01-29T20:05:06.349+0100] {logging_mixin.py:188} INFO - [2024-01-29T20:05:06.338+0100] {dagbag.py:538} INFO - Filling up the DagBag from /home/ubuntu/.local/lib/python3.10/site-packages/airflow/example_dags/example_short_circuit_operator.py
[2024-01-29T20:05:06.377+0100] {processor.py:840} INFO - DAG(s) 'example_short_circuit_operator' retrieved from /home/ubuntu/.local/lib/python3.10/site-packages/airflow/example_dags/example_short_circuit_operator.py
[2024-01-29T20:05:06.546+0100] {logging_mixin.py:188} INFO - [2024-01-29T20:05:06.546+0100] {dag.py:3033} INFO - Sync 1 DAGs
[2024-01-29T20:05:06.753+0100] {logging_mixin.py:188} INFO - [2024-01-29T20:05:06.753+0100] {dag.py:3820} INFO - Setting next_dagrun for example_short_circuit_operator to 2024-01-28T00:00:00+00:00, run_after=2024-01-29T00:00:00+00:00
[2024-01-29T20:05:06.912+0100] {processor.py:183} INFO - Processing /home/ubuntu/.local/lib/python3.10/site-packages/airflow/example_dags/example_short_circuit_operator.py took 0.641 seconds
[2024-01-29T20:06:19.430+0100] {processor.py:161} INFO - Started process (PID=8668) to work on /home/ubuntu/.local/lib/python3.10/site-packages/airflow/example_dags/example_short_circuit_operator.py
[2024-01-29T20:06:19.439+0100] {processor.py:830} INFO - Processing file /home/ubuntu/.local/lib/python3.10/site-packages/airflow/example_dags/example_short_circuit_operator.py for tasks to queue
[2024-01-29T20:06:19.440+0100] {logging_mixin.py:188} INFO - [2024-01-29T20:06:19.440+0100] {dagbag.py:538} INFO - Filling up the DagBag from /home/ubuntu/.local/lib/python3.10/site-packages/airflow/example_dags/example_short_circuit_operator.py
[2024-01-29T20:06:19.492+0100] {processor.py:840} INFO - DAG(s) 'example_short_circuit_operator' retrieved from /home/ubuntu/.local/lib/python3.10/site-packages/airflow/example_dags/example_short_circuit_operator.py
[2024-01-29T20:06:19.596+0100] {logging_mixin.py:188} INFO - [2024-01-29T20:06:19.592+0100] {dag.py:3033} INFO - Sync 1 DAGs
[2024-01-29T20:06:19.698+0100] {logging_mixin.py:188} INFO - [2024-01-29T20:06:19.698+0100] {dag.py:3820} INFO - Setting next_dagrun for example_short_circuit_operator to 2024-01-28T00:00:00+00:00, run_after=2024-01-29T00:00:00+00:00
[2024-01-29T20:06:19.860+0100] {processor.py:183} INFO - Processing /home/ubuntu/.local/lib/python3.10/site-packages/airflow/example_dags/example_short_circuit_operator.py took 0.438 seconds
[2024-01-29T20:07:09.677+0100] {processor.py:161} INFO - Started process (PID=8714) to work on /home/ubuntu/.local/lib/python3.10/site-packages/airflow/example_dags/example_short_circuit_operator.py
[2024-01-29T20:07:09.680+0100] {processor.py:830} INFO - Processing file /home/ubuntu/.local/lib/python3.10/site-packages/airflow/example_dags/example_short_circuit_operator.py for tasks to queue
[2024-01-29T20:07:09.681+0100] {logging_mixin.py:188} INFO - [2024-01-29T20:07:09.680+0100] {dagbag.py:538} INFO - Filling up the DagBag from /home/ubuntu/.local/lib/python3.10/site-packages/airflow/example_dags/example_short_circuit_operator.py
[2024-01-29T20:07:09.705+0100] {processor.py:840} INFO - DAG(s) 'example_short_circuit_operator' retrieved from /home/ubuntu/.local/lib/python3.10/site-packages/airflow/example_dags/example_short_circuit_operator.py
[2024-01-29T20:07:09.749+0100] {logging_mixin.py:188} INFO - [2024-01-29T20:07:09.748+0100] {dag.py:3033} INFO - Sync 1 DAGs
[2024-01-29T20:07:09.772+0100] {logging_mixin.py:188} INFO - [2024-01-29T20:07:09.771+0100] {dag.py:3820} INFO - Setting next_dagrun for example_short_circuit_operator to 2024-01-28T00:00:00+00:00, run_after=2024-01-29T00:00:00+00:00
[2024-01-29T20:07:09.829+0100] {processor.py:183} INFO - Processing /home/ubuntu/.local/lib/python3.10/site-packages/airflow/example_dags/example_short_circuit_operator.py took 0.157 seconds
[2024-01-29T20:08:12.142+0100] {processor.py:161} INFO - Started process (PID=8785) to work on /home/ubuntu/.local/lib/python3.10/site-packages/airflow/example_dags/example_short_circuit_operator.py
[2024-01-29T20:08:12.145+0100] {processor.py:830} INFO - Processing file /home/ubuntu/.local/lib/python3.10/site-packages/airflow/example_dags/example_short_circuit_operator.py for tasks to queue
[2024-01-29T20:08:12.146+0100] {logging_mixin.py:188} INFO - [2024-01-29T20:08:12.146+0100] {dagbag.py:538} INFO - Filling up the DagBag from /home/ubuntu/.local/lib/python3.10/site-packages/airflow/example_dags/example_short_circuit_operator.py
[2024-01-29T20:08:12.155+0100] {processor.py:840} INFO - DAG(s) 'example_short_circuit_operator' retrieved from /home/ubuntu/.local/lib/python3.10/site-packages/airflow/example_dags/example_short_circuit_operator.py
[2024-01-29T20:08:12.174+0100] {logging_mixin.py:188} INFO - [2024-01-29T20:08:12.173+0100] {dag.py:3033} INFO - Sync 1 DAGs
[2024-01-29T20:08:12.191+0100] {logging_mixin.py:188} INFO - [2024-01-29T20:08:12.191+0100] {dag.py:3820} INFO - Setting next_dagrun for example_short_circuit_operator to 2024-01-28T00:00:00+00:00, run_after=2024-01-29T00:00:00+00:00
[2024-01-29T20:08:12.227+0100] {processor.py:183} INFO - Processing /home/ubuntu/.local/lib/python3.10/site-packages/airflow/example_dags/example_short_circuit_operator.py took 0.089 seconds
[2024-01-29T20:09:01.315+0100] {processor.py:161} INFO - Started process (PID=8843) to work on /home/ubuntu/.local/lib/python3.10/site-packages/airflow/example_dags/example_short_circuit_operator.py
[2024-01-29T20:09:01.317+0100] {processor.py:830} INFO - Processing file /home/ubuntu/.local/lib/python3.10/site-packages/airflow/example_dags/example_short_circuit_operator.py for tasks to queue
[2024-01-29T20:09:01.324+0100] {logging_mixin.py:188} INFO - [2024-01-29T20:09:01.323+0100] {dagbag.py:538} INFO - Filling up the DagBag from /home/ubuntu/.local/lib/python3.10/site-packages/airflow/example_dags/example_short_circuit_operator.py
[2024-01-29T20:09:01.332+0100] {processor.py:840} INFO - DAG(s) 'example_short_circuit_operator' retrieved from /home/ubuntu/.local/lib/python3.10/site-packages/airflow/example_dags/example_short_circuit_operator.py
[2024-01-29T20:09:01.349+0100] {logging_mixin.py:188} INFO - [2024-01-29T20:09:01.348+0100] {dag.py:3033} INFO - Sync 1 DAGs
[2024-01-29T20:09:01.366+0100] {logging_mixin.py:188} INFO - [2024-01-29T20:09:01.366+0100] {dag.py:3820} INFO - Setting next_dagrun for example_short_circuit_operator to 2024-01-28T00:00:00+00:00, run_after=2024-01-29T00:00:00+00:00
[2024-01-29T20:09:01.398+0100] {processor.py:183} INFO - Processing /home/ubuntu/.local/lib/python3.10/site-packages/airflow/example_dags/example_short_circuit_operator.py took 0.087 seconds
[2024-01-29T20:10:02.793+0100] {processor.py:161} INFO - Started process (PID=8919) to work on /home/ubuntu/.local/lib/python3.10/site-packages/airflow/example_dags/example_short_circuit_operator.py
[2024-01-29T20:10:02.795+0100] {processor.py:830} INFO - Processing file /home/ubuntu/.local/lib/python3.10/site-packages/airflow/example_dags/example_short_circuit_operator.py for tasks to queue
[2024-01-29T20:10:02.796+0100] {logging_mixin.py:188} INFO - [2024-01-29T20:10:02.796+0100] {dagbag.py:538} INFO - Filling up the DagBag from /home/ubuntu/.local/lib/python3.10/site-packages/airflow/example_dags/example_short_circuit_operator.py
[2024-01-29T20:10:02.805+0100] {processor.py:840} INFO - DAG(s) 'example_short_circuit_operator' retrieved from /home/ubuntu/.local/lib/python3.10/site-packages/airflow/example_dags/example_short_circuit_operator.py
[2024-01-29T20:10:02.826+0100] {logging_mixin.py:188} INFO - [2024-01-29T20:10:02.826+0100] {dag.py:3033} INFO - Sync 1 DAGs
[2024-01-29T20:10:02.847+0100] {logging_mixin.py:188} INFO - [2024-01-29T20:10:02.847+0100] {dag.py:3820} INFO - Setting next_dagrun for example_short_circuit_operator to 2024-01-28T00:00:00+00:00, run_after=2024-01-29T00:00:00+00:00
[2024-01-29T20:10:02.877+0100] {processor.py:183} INFO - Processing /home/ubuntu/.local/lib/python3.10/site-packages/airflow/example_dags/example_short_circuit_operator.py took 0.088 seconds
[2024-01-29T20:10:50.542+0100] {processor.py:161} INFO - Started process (PID=8974) to work on /home/ubuntu/.local/lib/python3.10/site-packages/airflow/example_dags/example_short_circuit_operator.py
[2024-01-29T20:10:50.543+0100] {processor.py:830} INFO - Processing file /home/ubuntu/.local/lib/python3.10/site-packages/airflow/example_dags/example_short_circuit_operator.py for tasks to queue
[2024-01-29T20:10:50.544+0100] {logging_mixin.py:188} INFO - [2024-01-29T20:10:50.544+0100] {dagbag.py:538} INFO - Filling up the DagBag from /home/ubuntu/.local/lib/python3.10/site-packages/airflow/example_dags/example_short_circuit_operator.py
[2024-01-29T20:10:50.554+0100] {processor.py:840} INFO - DAG(s) 'example_short_circuit_operator' retrieved from /home/ubuntu/.local/lib/python3.10/site-packages/airflow/example_dags/example_short_circuit_operator.py
[2024-01-29T20:10:50.574+0100] {logging_mixin.py:188} INFO - [2024-01-29T20:10:50.574+0100] {dag.py:3033} INFO - Sync 1 DAGs
[2024-01-29T20:10:50.595+0100] {logging_mixin.py:188} INFO - [2024-01-29T20:10:50.595+0100] {dag.py:3820} INFO - Setting next_dagrun for example_short_circuit_operator to 2024-01-28T00:00:00+00:00, run_after=2024-01-29T00:00:00+00:00
[2024-01-29T20:10:50.628+0100] {processor.py:183} INFO - Processing /home/ubuntu/.local/lib/python3.10/site-packages/airflow/example_dags/example_short_circuit_operator.py took 0.090 seconds
[2024-01-29T20:11:42.741+0100] {processor.py:161} INFO - Started process (PID=9036) to work on /home/ubuntu/.local/lib/python3.10/site-packages/airflow/example_dags/example_short_circuit_operator.py
[2024-01-29T20:11:42.744+0100] {processor.py:830} INFO - Processing file /home/ubuntu/.local/lib/python3.10/site-packages/airflow/example_dags/example_short_circuit_operator.py for tasks to queue
[2024-01-29T20:11:42.745+0100] {logging_mixin.py:188} INFO - [2024-01-29T20:11:42.744+0100] {dagbag.py:538} INFO - Filling up the DagBag from /home/ubuntu/.local/lib/python3.10/site-packages/airflow/example_dags/example_short_circuit_operator.py
[2024-01-29T20:11:42.754+0100] {processor.py:840} INFO - DAG(s) 'example_short_circuit_operator' retrieved from /home/ubuntu/.local/lib/python3.10/site-packages/airflow/example_dags/example_short_circuit_operator.py
[2024-01-29T20:11:42.791+0100] {logging_mixin.py:188} INFO - [2024-01-29T20:11:42.791+0100] {dag.py:3033} INFO - Sync 1 DAGs
[2024-01-29T20:11:42.832+0100] {logging_mixin.py:188} INFO - [2024-01-29T20:11:42.832+0100] {dag.py:3820} INFO - Setting next_dagrun for example_short_circuit_operator to 2024-01-28T00:00:00+00:00, run_after=2024-01-29T00:00:00+00:00
[2024-01-29T20:11:42.881+0100] {processor.py:183} INFO - Processing /home/ubuntu/.local/lib/python3.10/site-packages/airflow/example_dags/example_short_circuit_operator.py took 0.144 seconds
[2024-01-29T20:12:40.833+0100] {processor.py:161} INFO - Started process (PID=9113) to work on /home/ubuntu/.local/lib/python3.10/site-packages/airflow/example_dags/example_short_circuit_operator.py
[2024-01-29T20:12:40.849+0100] {processor.py:830} INFO - Processing file /home/ubuntu/.local/lib/python3.10/site-packages/airflow/example_dags/example_short_circuit_operator.py for tasks to queue
[2024-01-29T20:12:40.852+0100] {logging_mixin.py:188} INFO - [2024-01-29T20:12:40.851+0100] {dagbag.py:538} INFO - Filling up the DagBag from /home/ubuntu/.local/lib/python3.10/site-packages/airflow/example_dags/example_short_circuit_operator.py
[2024-01-29T20:12:40.882+0100] {processor.py:840} INFO - DAG(s) 'example_short_circuit_operator' retrieved from /home/ubuntu/.local/lib/python3.10/site-packages/airflow/example_dags/example_short_circuit_operator.py
[2024-01-29T20:12:40.994+0100] {logging_mixin.py:188} INFO - [2024-01-29T20:12:40.991+0100] {dag.py:3033} INFO - Sync 1 DAGs
[2024-01-29T20:12:41.078+0100] {logging_mixin.py:188} INFO - [2024-01-29T20:12:41.077+0100] {dag.py:3820} INFO - Setting next_dagrun for example_short_circuit_operator to 2024-01-28T00:00:00+00:00, run_after=2024-01-29T00:00:00+00:00
[2024-01-29T20:12:41.141+0100] {processor.py:183} INFO - Processing /home/ubuntu/.local/lib/python3.10/site-packages/airflow/example_dags/example_short_circuit_operator.py took 0.375 seconds
[2024-01-29T20:13:46.189+0100] {processor.py:161} INFO - Started process (PID=9218) to work on /home/ubuntu/.local/lib/python3.10/site-packages/airflow/example_dags/example_short_circuit_operator.py
[2024-01-29T20:13:46.191+0100] {processor.py:830} INFO - Processing file /home/ubuntu/.local/lib/python3.10/site-packages/airflow/example_dags/example_short_circuit_operator.py for tasks to queue
[2024-01-29T20:13:46.193+0100] {logging_mixin.py:188} INFO - [2024-01-29T20:13:46.192+0100] {dagbag.py:538} INFO - Filling up the DagBag from /home/ubuntu/.local/lib/python3.10/site-packages/airflow/example_dags/example_short_circuit_operator.py
[2024-01-29T20:13:46.209+0100] {processor.py:840} INFO - DAG(s) 'example_short_circuit_operator' retrieved from /home/ubuntu/.local/lib/python3.10/site-packages/airflow/example_dags/example_short_circuit_operator.py
[2024-01-29T20:13:46.312+0100] {logging_mixin.py:188} INFO - [2024-01-29T20:13:46.312+0100] {dag.py:3033} INFO - Sync 1 DAGs
[2024-01-29T20:13:46.484+0100] {logging_mixin.py:188} INFO - [2024-01-29T20:13:46.483+0100] {dag.py:3820} INFO - Setting next_dagrun for example_short_circuit_operator to 2024-01-28T00:00:00+00:00, run_after=2024-01-29T00:00:00+00:00
[2024-01-29T20:13:46.536+0100] {processor.py:183} INFO - Processing /home/ubuntu/.local/lib/python3.10/site-packages/airflow/example_dags/example_short_circuit_operator.py took 0.355 seconds
[2024-01-29T20:14:46.464+0100] {processor.py:161} INFO - Started process (PID=9283) to work on /home/ubuntu/.local/lib/python3.10/site-packages/airflow/example_dags/example_short_circuit_operator.py
[2024-01-29T20:14:46.466+0100] {processor.py:830} INFO - Processing file /home/ubuntu/.local/lib/python3.10/site-packages/airflow/example_dags/example_short_circuit_operator.py for tasks to queue
[2024-01-29T20:14:46.467+0100] {logging_mixin.py:188} INFO - [2024-01-29T20:14:46.467+0100] {dagbag.py:538} INFO - Filling up the DagBag from /home/ubuntu/.local/lib/python3.10/site-packages/airflow/example_dags/example_short_circuit_operator.py
[2024-01-29T20:14:46.477+0100] {processor.py:840} INFO - DAG(s) 'example_short_circuit_operator' retrieved from /home/ubuntu/.local/lib/python3.10/site-packages/airflow/example_dags/example_short_circuit_operator.py
[2024-01-29T20:14:46.498+0100] {logging_mixin.py:188} INFO - [2024-01-29T20:14:46.497+0100] {dag.py:3033} INFO - Sync 1 DAGs
[2024-01-29T20:14:46.521+0100] {logging_mixin.py:188} INFO - [2024-01-29T20:14:46.520+0100] {dag.py:3820} INFO - Setting next_dagrun for example_short_circuit_operator to 2024-01-28T00:00:00+00:00, run_after=2024-01-29T00:00:00+00:00
[2024-01-29T20:14:46.554+0100] {processor.py:183} INFO - Processing /home/ubuntu/.local/lib/python3.10/site-packages/airflow/example_dags/example_short_circuit_operator.py took 0.094 seconds
[2024-01-29T20:15:31.167+0100] {processor.py:161} INFO - Started process (PID=9330) to work on /home/ubuntu/.local/lib/python3.10/site-packages/airflow/example_dags/example_short_circuit_operator.py
[2024-01-29T20:15:31.169+0100] {processor.py:830} INFO - Processing file /home/ubuntu/.local/lib/python3.10/site-packages/airflow/example_dags/example_short_circuit_operator.py for tasks to queue
[2024-01-29T20:15:31.170+0100] {logging_mixin.py:188} INFO - [2024-01-29T20:15:31.170+0100] {dagbag.py:538} INFO - Filling up the DagBag from /home/ubuntu/.local/lib/python3.10/site-packages/airflow/example_dags/example_short_circuit_operator.py
[2024-01-29T20:15:31.188+0100] {processor.py:840} INFO - DAG(s) 'example_short_circuit_operator' retrieved from /home/ubuntu/.local/lib/python3.10/site-packages/airflow/example_dags/example_short_circuit_operator.py
[2024-01-29T20:15:31.237+0100] {logging_mixin.py:188} INFO - [2024-01-29T20:15:31.236+0100] {dag.py:3033} INFO - Sync 1 DAGs
[2024-01-29T20:15:31.265+0100] {logging_mixin.py:188} INFO - [2024-01-29T20:15:31.265+0100] {dag.py:3820} INFO - Setting next_dagrun for example_short_circuit_operator to 2024-01-28T00:00:00+00:00, run_after=2024-01-29T00:00:00+00:00
[2024-01-29T20:15:31.297+0100] {processor.py:183} INFO - Processing /home/ubuntu/.local/lib/python3.10/site-packages/airflow/example_dags/example_short_circuit_operator.py took 0.137 seconds
[2024-01-29T20:16:17.239+0100] {processor.py:161} INFO - Started process (PID=9382) to work on /home/ubuntu/.local/lib/python3.10/site-packages/airflow/example_dags/example_short_circuit_operator.py
[2024-01-29T20:16:17.242+0100] {processor.py:830} INFO - Processing file /home/ubuntu/.local/lib/python3.10/site-packages/airflow/example_dags/example_short_circuit_operator.py for tasks to queue
[2024-01-29T20:16:17.243+0100] {logging_mixin.py:188} INFO - [2024-01-29T20:16:17.242+0100] {dagbag.py:538} INFO - Filling up the DagBag from /home/ubuntu/.local/lib/python3.10/site-packages/airflow/example_dags/example_short_circuit_operator.py
[2024-01-29T20:16:17.251+0100] {processor.py:840} INFO - DAG(s) 'example_short_circuit_operator' retrieved from /home/ubuntu/.local/lib/python3.10/site-packages/airflow/example_dags/example_short_circuit_operator.py
[2024-01-29T20:16:17.267+0100] {logging_mixin.py:188} INFO - [2024-01-29T20:16:17.267+0100] {dag.py:3033} INFO - Sync 1 DAGs
[2024-01-29T20:16:17.285+0100] {logging_mixin.py:188} INFO - [2024-01-29T20:16:17.285+0100] {dag.py:3820} INFO - Setting next_dagrun for example_short_circuit_operator to 2024-01-28T00:00:00+00:00, run_after=2024-01-29T00:00:00+00:00
[2024-01-29T20:16:17.320+0100] {processor.py:183} INFO - Processing /home/ubuntu/.local/lib/python3.10/site-packages/airflow/example_dags/example_short_circuit_operator.py took 0.084 seconds
[2024-01-29T20:17:05.552+0100] {processor.py:161} INFO - Started process (PID=9437) to work on /home/ubuntu/.local/lib/python3.10/site-packages/airflow/example_dags/example_short_circuit_operator.py
[2024-01-29T20:17:05.555+0100] {processor.py:830} INFO - Processing file /home/ubuntu/.local/lib/python3.10/site-packages/airflow/example_dags/example_short_circuit_operator.py for tasks to queue
[2024-01-29T20:17:05.556+0100] {logging_mixin.py:188} INFO - [2024-01-29T20:17:05.555+0100] {dagbag.py:538} INFO - Filling up the DagBag from /home/ubuntu/.local/lib/python3.10/site-packages/airflow/example_dags/example_short_circuit_operator.py
[2024-01-29T20:17:05.566+0100] {processor.py:840} INFO - DAG(s) 'example_short_circuit_operator' retrieved from /home/ubuntu/.local/lib/python3.10/site-packages/airflow/example_dags/example_short_circuit_operator.py
[2024-01-29T20:17:05.587+0100] {logging_mixin.py:188} INFO - [2024-01-29T20:17:05.587+0100] {dag.py:3033} INFO - Sync 1 DAGs
[2024-01-29T20:17:05.608+0100] {logging_mixin.py:188} INFO - [2024-01-29T20:17:05.607+0100] {dag.py:3820} INFO - Setting next_dagrun for example_short_circuit_operator to 2024-01-28T00:00:00+00:00, run_after=2024-01-29T00:00:00+00:00
[2024-01-29T20:17:05.636+0100] {processor.py:183} INFO - Processing /home/ubuntu/.local/lib/python3.10/site-packages/airflow/example_dags/example_short_circuit_operator.py took 0.086 seconds
[2024-01-29T20:17:53.040+0100] {processor.py:161} INFO - Started process (PID=9491) to work on /home/ubuntu/.local/lib/python3.10/site-packages/airflow/example_dags/example_short_circuit_operator.py
[2024-01-29T20:17:53.043+0100] {processor.py:830} INFO - Processing file /home/ubuntu/.local/lib/python3.10/site-packages/airflow/example_dags/example_short_circuit_operator.py for tasks to queue
[2024-01-29T20:17:53.044+0100] {logging_mixin.py:188} INFO - [2024-01-29T20:17:53.043+0100] {dagbag.py:538} INFO - Filling up the DagBag from /home/ubuntu/.local/lib/python3.10/site-packages/airflow/example_dags/example_short_circuit_operator.py
[2024-01-29T20:17:53.053+0100] {processor.py:840} INFO - DAG(s) 'example_short_circuit_operator' retrieved from /home/ubuntu/.local/lib/python3.10/site-packages/airflow/example_dags/example_short_circuit_operator.py
[2024-01-29T20:17:53.069+0100] {logging_mixin.py:188} INFO - [2024-01-29T20:17:53.069+0100] {dag.py:3033} INFO - Sync 1 DAGs
[2024-01-29T20:17:53.086+0100] {logging_mixin.py:188} INFO - [2024-01-29T20:17:53.085+0100] {dag.py:3820} INFO - Setting next_dagrun for example_short_circuit_operator to 2024-01-28T00:00:00+00:00, run_after=2024-01-29T00:00:00+00:00
[2024-01-29T20:17:53.118+0100] {processor.py:183} INFO - Processing /home/ubuntu/.local/lib/python3.10/site-packages/airflow/example_dags/example_short_circuit_operator.py took 0.081 seconds
[2024-01-29T20:18:38.804+0100] {processor.py:161} INFO - Started process (PID=9541) to work on /home/ubuntu/.local/lib/python3.10/site-packages/airflow/example_dags/example_short_circuit_operator.py
[2024-01-29T20:18:38.806+0100] {processor.py:830} INFO - Processing file /home/ubuntu/.local/lib/python3.10/site-packages/airflow/example_dags/example_short_circuit_operator.py for tasks to queue
[2024-01-29T20:18:38.808+0100] {logging_mixin.py:188} INFO - [2024-01-29T20:18:38.807+0100] {dagbag.py:538} INFO - Filling up the DagBag from /home/ubuntu/.local/lib/python3.10/site-packages/airflow/example_dags/example_short_circuit_operator.py
[2024-01-29T20:18:38.820+0100] {processor.py:840} INFO - DAG(s) 'example_short_circuit_operator' retrieved from /home/ubuntu/.local/lib/python3.10/site-packages/airflow/example_dags/example_short_circuit_operator.py
[2024-01-29T20:18:38.846+0100] {logging_mixin.py:188} INFO - [2024-01-29T20:18:38.846+0100] {dag.py:3033} INFO - Sync 1 DAGs
[2024-01-29T20:18:38.865+0100] {logging_mixin.py:188} INFO - [2024-01-29T20:18:38.865+0100] {dag.py:3820} INFO - Setting next_dagrun for example_short_circuit_operator to 2024-01-28T00:00:00+00:00, run_after=2024-01-29T00:00:00+00:00
[2024-01-29T20:18:38.897+0100] {processor.py:183} INFO - Processing /home/ubuntu/.local/lib/python3.10/site-packages/airflow/example_dags/example_short_circuit_operator.py took 0.098 seconds
[2024-01-29T20:19:22.297+0100] {processor.py:161} INFO - Started process (PID=9609) to work on /home/ubuntu/.local/lib/python3.10/site-packages/airflow/example_dags/example_short_circuit_operator.py
[2024-01-29T20:19:22.299+0100] {processor.py:830} INFO - Processing file /home/ubuntu/.local/lib/python3.10/site-packages/airflow/example_dags/example_short_circuit_operator.py for tasks to queue
[2024-01-29T20:19:22.301+0100] {logging_mixin.py:188} INFO - [2024-01-29T20:19:22.300+0100] {dagbag.py:538} INFO - Filling up the DagBag from /home/ubuntu/.local/lib/python3.10/site-packages/airflow/example_dags/example_short_circuit_operator.py
[2024-01-29T20:19:22.312+0100] {processor.py:840} INFO - DAG(s) 'example_short_circuit_operator' retrieved from /home/ubuntu/.local/lib/python3.10/site-packages/airflow/example_dags/example_short_circuit_operator.py
[2024-01-29T20:19:22.338+0100] {logging_mixin.py:188} INFO - [2024-01-29T20:19:22.338+0100] {dag.py:3033} INFO - Sync 1 DAGs
[2024-01-29T20:19:22.363+0100] {logging_mixin.py:188} INFO - [2024-01-29T20:19:22.363+0100] {dag.py:3820} INFO - Setting next_dagrun for example_short_circuit_operator to 2024-01-28T00:00:00+00:00, run_after=2024-01-29T00:00:00+00:00
[2024-01-29T20:19:22.400+0100] {processor.py:183} INFO - Processing /home/ubuntu/.local/lib/python3.10/site-packages/airflow/example_dags/example_short_circuit_operator.py took 0.111 seconds
[2024-01-29T20:20:06.546+0100] {processor.py:161} INFO - Started process (PID=9660) to work on /home/ubuntu/.local/lib/python3.10/site-packages/airflow/example_dags/example_short_circuit_operator.py
[2024-01-29T20:20:06.551+0100] {processor.py:830} INFO - Processing file /home/ubuntu/.local/lib/python3.10/site-packages/airflow/example_dags/example_short_circuit_operator.py for tasks to queue
[2024-01-29T20:20:06.552+0100] {logging_mixin.py:188} INFO - [2024-01-29T20:20:06.552+0100] {dagbag.py:538} INFO - Filling up the DagBag from /home/ubuntu/.local/lib/python3.10/site-packages/airflow/example_dags/example_short_circuit_operator.py
[2024-01-29T20:20:06.563+0100] {processor.py:840} INFO - DAG(s) 'example_short_circuit_operator' retrieved from /home/ubuntu/.local/lib/python3.10/site-packages/airflow/example_dags/example_short_circuit_operator.py
[2024-01-29T20:20:06.587+0100] {logging_mixin.py:188} INFO - [2024-01-29T20:20:06.587+0100] {dag.py:3033} INFO - Sync 1 DAGs
[2024-01-29T20:20:06.610+0100] {logging_mixin.py:188} INFO - [2024-01-29T20:20:06.610+0100] {dag.py:3820} INFO - Setting next_dagrun for example_short_circuit_operator to 2024-01-28T00:00:00+00:00, run_after=2024-01-29T00:00:00+00:00
[2024-01-29T20:20:06.643+0100] {processor.py:183} INFO - Processing /home/ubuntu/.local/lib/python3.10/site-packages/airflow/example_dags/example_short_circuit_operator.py took 0.101 seconds
[2024-01-29T20:20:47.555+0100] {processor.py:161} INFO - Started process (PID=9707) to work on /home/ubuntu/.local/lib/python3.10/site-packages/airflow/example_dags/example_short_circuit_operator.py
[2024-01-29T20:20:47.557+0100] {processor.py:830} INFO - Processing file /home/ubuntu/.local/lib/python3.10/site-packages/airflow/example_dags/example_short_circuit_operator.py for tasks to queue
[2024-01-29T20:20:47.558+0100] {logging_mixin.py:188} INFO - [2024-01-29T20:20:47.557+0100] {dagbag.py:538} INFO - Filling up the DagBag from /home/ubuntu/.local/lib/python3.10/site-packages/airflow/example_dags/example_short_circuit_operator.py
[2024-01-29T20:20:47.566+0100] {processor.py:840} INFO - DAG(s) 'example_short_circuit_operator' retrieved from /home/ubuntu/.local/lib/python3.10/site-packages/airflow/example_dags/example_short_circuit_operator.py
[2024-01-29T20:20:47.582+0100] {logging_mixin.py:188} INFO - [2024-01-29T20:20:47.582+0100] {dag.py:3033} INFO - Sync 1 DAGs
[2024-01-29T20:20:47.599+0100] {logging_mixin.py:188} INFO - [2024-01-29T20:20:47.598+0100] {dag.py:3820} INFO - Setting next_dagrun for example_short_circuit_operator to 2024-01-28T00:00:00+00:00, run_after=2024-01-29T00:00:00+00:00
[2024-01-29T20:20:47.765+0100] {processor.py:183} INFO - Processing /home/ubuntu/.local/lib/python3.10/site-packages/airflow/example_dags/example_short_circuit_operator.py took 0.213 seconds
