[2024-01-29T19:54:45.461+0100] {processor.py:161} INFO - Started process (PID=7891) to work on /home/ubuntu/.local/lib/python3.10/site-packages/airflow/example_dags/example_branch_operator_decorator.py
[2024-01-29T19:54:45.464+0100] {processor.py:830} INFO - Processing file /home/ubuntu/.local/lib/python3.10/site-packages/airflow/example_dags/example_branch_operator_decorator.py for tasks to queue
[2024-01-29T19:54:45.468+0100] {logging_mixin.py:188} INFO - [2024-01-29T19:54:45.467+0100] {dagbag.py:538} INFO - Filling up the DagBag from /home/ubuntu/.local/lib/python3.10/site-packages/airflow/example_dags/example_branch_operator_decorator.py
[2024-01-29T19:54:45.576+0100] {processor.py:840} INFO - DAG(s) 'example_branch_python_operator_decorator' retrieved from /home/ubuntu/.local/lib/python3.10/site-packages/airflow/example_dags/example_branch_operator_decorator.py
[2024-01-29T19:54:45.871+0100] {logging_mixin.py:188} INFO - [2024-01-29T19:54:45.869+0100] {dag.py:3033} INFO - Sync 1 DAGs
[2024-01-29T19:54:45.933+0100] {logging_mixin.py:188} INFO - [2024-01-29T19:54:45.932+0100] {dag.py:3820} INFO - Setting next_dagrun for example_branch_python_operator_decorator to 2024-01-28T00:00:00+00:00, run_after=2024-01-29T00:00:00+00:00
[2024-01-29T19:54:46.118+0100] {processor.py:183} INFO - Processing /home/ubuntu/.local/lib/python3.10/site-packages/airflow/example_dags/example_branch_operator_decorator.py took 0.665 seconds
[2024-01-29T19:55:58.580+0100] {processor.py:161} INFO - Started process (PID=7962) to work on /home/ubuntu/.local/lib/python3.10/site-packages/airflow/example_dags/example_branch_operator_decorator.py
[2024-01-29T19:55:58.583+0100] {processor.py:830} INFO - Processing file /home/ubuntu/.local/lib/python3.10/site-packages/airflow/example_dags/example_branch_operator_decorator.py for tasks to queue
[2024-01-29T19:55:58.585+0100] {logging_mixin.py:188} INFO - [2024-01-29T19:55:58.584+0100] {dagbag.py:538} INFO - Filling up the DagBag from /home/ubuntu/.local/lib/python3.10/site-packages/airflow/example_dags/example_branch_operator_decorator.py
[2024-01-29T19:55:58.605+0100] {processor.py:840} INFO - DAG(s) 'example_branch_python_operator_decorator' retrieved from /home/ubuntu/.local/lib/python3.10/site-packages/airflow/example_dags/example_branch_operator_decorator.py
[2024-01-29T19:55:58.627+0100] {logging_mixin.py:188} INFO - [2024-01-29T19:55:58.627+0100] {dag.py:3033} INFO - Sync 1 DAGs
[2024-01-29T19:55:58.645+0100] {logging_mixin.py:188} INFO - [2024-01-29T19:55:58.645+0100] {dag.py:3820} INFO - Setting next_dagrun for example_branch_python_operator_decorator to 2024-01-28T00:00:00+00:00, run_after=2024-01-29T00:00:00+00:00
[2024-01-29T19:55:58.686+0100] {processor.py:183} INFO - Processing /home/ubuntu/.local/lib/python3.10/site-packages/airflow/example_dags/example_branch_operator_decorator.py took 0.109 seconds
[2024-01-29T19:57:09.274+0100] {processor.py:161} INFO - Started process (PID=8030) to work on /home/ubuntu/.local/lib/python3.10/site-packages/airflow/example_dags/example_branch_operator_decorator.py
[2024-01-29T19:57:09.295+0100] {processor.py:830} INFO - Processing file /home/ubuntu/.local/lib/python3.10/site-packages/airflow/example_dags/example_branch_operator_decorator.py for tasks to queue
[2024-01-29T19:57:09.302+0100] {logging_mixin.py:188} INFO - [2024-01-29T19:57:09.301+0100] {dagbag.py:538} INFO - Filling up the DagBag from /home/ubuntu/.local/lib/python3.10/site-packages/airflow/example_dags/example_branch_operator_decorator.py
[2024-01-29T19:57:09.333+0100] {processor.py:840} INFO - DAG(s) 'example_branch_python_operator_decorator' retrieved from /home/ubuntu/.local/lib/python3.10/site-packages/airflow/example_dags/example_branch_operator_decorator.py
[2024-01-29T19:57:09.369+0100] {logging_mixin.py:188} INFO - [2024-01-29T19:57:09.369+0100] {dag.py:3033} INFO - Sync 1 DAGs
[2024-01-29T19:57:09.401+0100] {logging_mixin.py:188} INFO - [2024-01-29T19:57:09.401+0100] {dag.py:3820} INFO - Setting next_dagrun for example_branch_python_operator_decorator to 2024-01-28T00:00:00+00:00, run_after=2024-01-29T00:00:00+00:00
[2024-01-29T19:57:09.446+0100] {processor.py:183} INFO - Processing /home/ubuntu/.local/lib/python3.10/site-packages/airflow/example_dags/example_branch_operator_decorator.py took 0.193 seconds
[2024-01-29T19:58:05.749+0100] {processor.py:161} INFO - Started process (PID=8091) to work on /home/ubuntu/.local/lib/python3.10/site-packages/airflow/example_dags/example_branch_operator_decorator.py
[2024-01-29T19:58:05.752+0100] {processor.py:830} INFO - Processing file /home/ubuntu/.local/lib/python3.10/site-packages/airflow/example_dags/example_branch_operator_decorator.py for tasks to queue
[2024-01-29T19:58:05.753+0100] {logging_mixin.py:188} INFO - [2024-01-29T19:58:05.753+0100] {dagbag.py:538} INFO - Filling up the DagBag from /home/ubuntu/.local/lib/python3.10/site-packages/airflow/example_dags/example_branch_operator_decorator.py
[2024-01-29T19:58:05.786+0100] {processor.py:840} INFO - DAG(s) 'example_branch_python_operator_decorator' retrieved from /home/ubuntu/.local/lib/python3.10/site-packages/airflow/example_dags/example_branch_operator_decorator.py
[2024-01-29T19:58:05.810+0100] {logging_mixin.py:188} INFO - [2024-01-29T19:58:05.810+0100] {dag.py:3033} INFO - Sync 1 DAGs
[2024-01-29T19:58:05.830+0100] {logging_mixin.py:188} INFO - [2024-01-29T19:58:05.830+0100] {dag.py:3820} INFO - Setting next_dagrun for example_branch_python_operator_decorator to 2024-01-28T00:00:00+00:00, run_after=2024-01-29T00:00:00+00:00
[2024-01-29T19:58:05.865+0100] {processor.py:183} INFO - Processing /home/ubuntu/.local/lib/python3.10/site-packages/airflow/example_dags/example_branch_operator_decorator.py took 0.118 seconds
[2024-01-29T19:59:08.018+0100] {processor.py:161} INFO - Started process (PID=8161) to work on /home/ubuntu/.local/lib/python3.10/site-packages/airflow/example_dags/example_branch_operator_decorator.py
[2024-01-29T19:59:08.021+0100] {processor.py:830} INFO - Processing file /home/ubuntu/.local/lib/python3.10/site-packages/airflow/example_dags/example_branch_operator_decorator.py for tasks to queue
[2024-01-29T19:59:08.022+0100] {logging_mixin.py:188} INFO - [2024-01-29T19:59:08.022+0100] {dagbag.py:538} INFO - Filling up the DagBag from /home/ubuntu/.local/lib/python3.10/site-packages/airflow/example_dags/example_branch_operator_decorator.py
[2024-01-29T19:59:08.050+0100] {processor.py:840} INFO - DAG(s) 'example_branch_python_operator_decorator' retrieved from /home/ubuntu/.local/lib/python3.10/site-packages/airflow/example_dags/example_branch_operator_decorator.py
[2024-01-29T19:59:08.084+0100] {logging_mixin.py:188} INFO - [2024-01-29T19:59:08.084+0100] {dag.py:3033} INFO - Sync 1 DAGs
[2024-01-29T19:59:08.111+0100] {logging_mixin.py:188} INFO - [2024-01-29T19:59:08.111+0100] {dag.py:3820} INFO - Setting next_dagrun for example_branch_python_operator_decorator to 2024-01-28T00:00:00+00:00, run_after=2024-01-29T00:00:00+00:00
[2024-01-29T19:59:08.143+0100] {processor.py:183} INFO - Processing /home/ubuntu/.local/lib/python3.10/site-packages/airflow/example_dags/example_branch_operator_decorator.py took 0.129 seconds
[2024-01-29T20:00:46.775+0100] {processor.py:161} INFO - Started process (PID=8265) to work on /home/ubuntu/.local/lib/python3.10/site-packages/airflow/example_dags/example_branch_operator_decorator.py
[2024-01-29T20:00:46.777+0100] {processor.py:830} INFO - Processing file /home/ubuntu/.local/lib/python3.10/site-packages/airflow/example_dags/example_branch_operator_decorator.py for tasks to queue
[2024-01-29T20:00:46.778+0100] {logging_mixin.py:188} INFO - [2024-01-29T20:00:46.778+0100] {dagbag.py:538} INFO - Filling up the DagBag from /home/ubuntu/.local/lib/python3.10/site-packages/airflow/example_dags/example_branch_operator_decorator.py
[2024-01-29T20:00:46.810+0100] {processor.py:840} INFO - DAG(s) 'example_branch_python_operator_decorator' retrieved from /home/ubuntu/.local/lib/python3.10/site-packages/airflow/example_dags/example_branch_operator_decorator.py
[2024-01-29T20:00:46.870+0100] {logging_mixin.py:188} INFO - [2024-01-29T20:00:46.870+0100] {dag.py:3033} INFO - Sync 1 DAGs
[2024-01-29T20:00:46.916+0100] {logging_mixin.py:188} INFO - [2024-01-29T20:00:46.916+0100] {dag.py:3820} INFO - Setting next_dagrun for example_branch_python_operator_decorator to 2024-01-28T00:00:00+00:00, run_after=2024-01-29T00:00:00+00:00
[2024-01-29T20:00:46.949+0100] {processor.py:183} INFO - Processing /home/ubuntu/.local/lib/python3.10/site-packages/airflow/example_dags/example_branch_operator_decorator.py took 0.179 seconds
[2024-01-29T20:01:39.707+0100] {processor.py:161} INFO - Started process (PID=8324) to work on /home/ubuntu/.local/lib/python3.10/site-packages/airflow/example_dags/example_branch_operator_decorator.py
[2024-01-29T20:01:39.709+0100] {processor.py:830} INFO - Processing file /home/ubuntu/.local/lib/python3.10/site-packages/airflow/example_dags/example_branch_operator_decorator.py for tasks to queue
[2024-01-29T20:01:39.710+0100] {logging_mixin.py:188} INFO - [2024-01-29T20:01:39.710+0100] {dagbag.py:538} INFO - Filling up the DagBag from /home/ubuntu/.local/lib/python3.10/site-packages/airflow/example_dags/example_branch_operator_decorator.py
[2024-01-29T20:01:39.728+0100] {processor.py:840} INFO - DAG(s) 'example_branch_python_operator_decorator' retrieved from /home/ubuntu/.local/lib/python3.10/site-packages/airflow/example_dags/example_branch_operator_decorator.py
[2024-01-29T20:01:39.751+0100] {logging_mixin.py:188} INFO - [2024-01-29T20:01:39.751+0100] {dag.py:3033} INFO - Sync 1 DAGs
[2024-01-29T20:01:39.780+0100] {logging_mixin.py:188} INFO - [2024-01-29T20:01:39.780+0100] {dag.py:3820} INFO - Setting next_dagrun for example_branch_python_operator_decorator to 2024-01-28T00:00:00+00:00, run_after=2024-01-29T00:00:00+00:00
[2024-01-29T20:01:39.809+0100] {processor.py:183} INFO - Processing /home/ubuntu/.local/lib/python3.10/site-packages/airflow/example_dags/example_branch_operator_decorator.py took 0.105 seconds
[2024-01-29T20:02:31.508+0100] {processor.py:161} INFO - Started process (PID=8381) to work on /home/ubuntu/.local/lib/python3.10/site-packages/airflow/example_dags/example_branch_operator_decorator.py
[2024-01-29T20:02:31.532+0100] {processor.py:830} INFO - Processing file /home/ubuntu/.local/lib/python3.10/site-packages/airflow/example_dags/example_branch_operator_decorator.py for tasks to queue
[2024-01-29T20:02:31.563+0100] {logging_mixin.py:188} INFO - [2024-01-29T20:02:31.562+0100] {dagbag.py:538} INFO - Filling up the DagBag from /home/ubuntu/.local/lib/python3.10/site-packages/airflow/example_dags/example_branch_operator_decorator.py
[2024-01-29T20:02:31.758+0100] {processor.py:840} INFO - DAG(s) 'example_branch_python_operator_decorator' retrieved from /home/ubuntu/.local/lib/python3.10/site-packages/airflow/example_dags/example_branch_operator_decorator.py
[2024-01-29T20:02:31.869+0100] {logging_mixin.py:188} INFO - [2024-01-29T20:02:31.869+0100] {dag.py:3033} INFO - Sync 1 DAGs
[2024-01-29T20:02:31.949+0100] {logging_mixin.py:188} INFO - [2024-01-29T20:02:31.949+0100] {dag.py:3820} INFO - Setting next_dagrun for example_branch_python_operator_decorator to 2024-01-28T00:00:00+00:00, run_after=2024-01-29T00:00:00+00:00
[2024-01-29T20:02:32.158+0100] {processor.py:183} INFO - Processing /home/ubuntu/.local/lib/python3.10/site-packages/airflow/example_dags/example_branch_operator_decorator.py took 0.677 seconds
[2024-01-29T20:03:33.484+0100] {processor.py:161} INFO - Started process (PID=8481) to work on /home/ubuntu/.local/lib/python3.10/site-packages/airflow/example_dags/example_branch_operator_decorator.py
[2024-01-29T20:03:33.487+0100] {processor.py:830} INFO - Processing file /home/ubuntu/.local/lib/python3.10/site-packages/airflow/example_dags/example_branch_operator_decorator.py for tasks to queue
[2024-01-29T20:03:33.488+0100] {logging_mixin.py:188} INFO - [2024-01-29T20:03:33.487+0100] {dagbag.py:538} INFO - Filling up the DagBag from /home/ubuntu/.local/lib/python3.10/site-packages/airflow/example_dags/example_branch_operator_decorator.py
[2024-01-29T20:03:33.510+0100] {processor.py:840} INFO - DAG(s) 'example_branch_python_operator_decorator' retrieved from /home/ubuntu/.local/lib/python3.10/site-packages/airflow/example_dags/example_branch_operator_decorator.py
[2024-01-29T20:03:33.533+0100] {logging_mixin.py:188} INFO - [2024-01-29T20:03:33.533+0100] {dag.py:3033} INFO - Sync 1 DAGs
[2024-01-29T20:03:33.556+0100] {logging_mixin.py:188} INFO - [2024-01-29T20:03:33.556+0100] {dag.py:3820} INFO - Setting next_dagrun for example_branch_python_operator_decorator to 2024-01-28T00:00:00+00:00, run_after=2024-01-29T00:00:00+00:00
[2024-01-29T20:03:33.589+0100] {processor.py:183} INFO - Processing /home/ubuntu/.local/lib/python3.10/site-packages/airflow/example_dags/example_branch_operator_decorator.py took 0.109 seconds
[2024-01-29T20:04:41.891+0100] {processor.py:161} INFO - Started process (PID=8565) to work on /home/ubuntu/.local/lib/python3.10/site-packages/airflow/example_dags/example_branch_operator_decorator.py
[2024-01-29T20:04:41.940+0100] {processor.py:830} INFO - Processing file /home/ubuntu/.local/lib/python3.10/site-packages/airflow/example_dags/example_branch_operator_decorator.py for tasks to queue
[2024-01-29T20:04:41.941+0100] {logging_mixin.py:188} INFO - [2024-01-29T20:04:41.940+0100] {dagbag.py:538} INFO - Filling up the DagBag from /home/ubuntu/.local/lib/python3.10/site-packages/airflow/example_dags/example_branch_operator_decorator.py
[2024-01-29T20:04:42.130+0100] {processor.py:840} INFO - DAG(s) 'example_branch_python_operator_decorator' retrieved from /home/ubuntu/.local/lib/python3.10/site-packages/airflow/example_dags/example_branch_operator_decorator.py
[2024-01-29T20:04:42.241+0100] {logging_mixin.py:188} INFO - [2024-01-29T20:04:42.241+0100] {dag.py:3033} INFO - Sync 1 DAGs
[2024-01-29T20:04:42.345+0100] {logging_mixin.py:188} INFO - [2024-01-29T20:04:42.344+0100] {dag.py:3820} INFO - Setting next_dagrun for example_branch_python_operator_decorator to 2024-01-28T00:00:00+00:00, run_after=2024-01-29T00:00:00+00:00
[2024-01-29T20:04:42.425+0100] {processor.py:183} INFO - Processing /home/ubuntu/.local/lib/python3.10/site-packages/airflow/example_dags/example_branch_operator_decorator.py took 0.545 seconds
[2024-01-29T20:05:56.590+0100] {processor.py:161} INFO - Started process (PID=8638) to work on /home/ubuntu/.local/lib/python3.10/site-packages/airflow/example_dags/example_branch_operator_decorator.py
[2024-01-29T20:05:56.592+0100] {processor.py:830} INFO - Processing file /home/ubuntu/.local/lib/python3.10/site-packages/airflow/example_dags/example_branch_operator_decorator.py for tasks to queue
[2024-01-29T20:05:56.594+0100] {logging_mixin.py:188} INFO - [2024-01-29T20:05:56.593+0100] {dagbag.py:538} INFO - Filling up the DagBag from /home/ubuntu/.local/lib/python3.10/site-packages/airflow/example_dags/example_branch_operator_decorator.py
[2024-01-29T20:05:56.641+0100] {processor.py:840} INFO - DAG(s) 'example_branch_python_operator_decorator' retrieved from /home/ubuntu/.local/lib/python3.10/site-packages/airflow/example_dags/example_branch_operator_decorator.py
[2024-01-29T20:05:56.698+0100] {logging_mixin.py:188} INFO - [2024-01-29T20:05:56.698+0100] {dag.py:3033} INFO - Sync 1 DAGs
[2024-01-29T20:05:56.743+0100] {logging_mixin.py:188} INFO - [2024-01-29T20:05:56.743+0100] {dag.py:3820} INFO - Setting next_dagrun for example_branch_python_operator_decorator to 2024-01-28T00:00:00+00:00, run_after=2024-01-29T00:00:00+00:00
[2024-01-29T20:05:56.773+0100] {processor.py:183} INFO - Processing /home/ubuntu/.local/lib/python3.10/site-packages/airflow/example_dags/example_branch_operator_decorator.py took 0.189 seconds
[2024-01-29T20:07:17.299+0100] {processor.py:161} INFO - Started process (PID=8722) to work on /home/ubuntu/.local/lib/python3.10/site-packages/airflow/example_dags/example_branch_operator_decorator.py
[2024-01-29T20:07:17.301+0100] {processor.py:830} INFO - Processing file /home/ubuntu/.local/lib/python3.10/site-packages/airflow/example_dags/example_branch_operator_decorator.py for tasks to queue
[2024-01-29T20:07:17.302+0100] {logging_mixin.py:188} INFO - [2024-01-29T20:07:17.301+0100] {dagbag.py:538} INFO - Filling up the DagBag from /home/ubuntu/.local/lib/python3.10/site-packages/airflow/example_dags/example_branch_operator_decorator.py
[2024-01-29T20:07:17.327+0100] {processor.py:840} INFO - DAG(s) 'example_branch_python_operator_decorator' retrieved from /home/ubuntu/.local/lib/python3.10/site-packages/airflow/example_dags/example_branch_operator_decorator.py
[2024-01-29T20:07:17.357+0100] {logging_mixin.py:188} INFO - [2024-01-29T20:07:17.357+0100] {dag.py:3033} INFO - Sync 1 DAGs
[2024-01-29T20:07:17.385+0100] {logging_mixin.py:188} INFO - [2024-01-29T20:07:17.385+0100] {dag.py:3820} INFO - Setting next_dagrun for example_branch_python_operator_decorator to 2024-01-28T00:00:00+00:00, run_after=2024-01-29T00:00:00+00:00
[2024-01-29T20:07:17.422+0100] {processor.py:183} INFO - Processing /home/ubuntu/.local/lib/python3.10/site-packages/airflow/example_dags/example_branch_operator_decorator.py took 0.127 seconds
[2024-01-29T20:08:19.337+0100] {processor.py:161} INFO - Started process (PID=8791) to work on /home/ubuntu/.local/lib/python3.10/site-packages/airflow/example_dags/example_branch_operator_decorator.py
[2024-01-29T20:08:19.347+0100] {processor.py:830} INFO - Processing file /home/ubuntu/.local/lib/python3.10/site-packages/airflow/example_dags/example_branch_operator_decorator.py for tasks to queue
[2024-01-29T20:08:19.348+0100] {logging_mixin.py:188} INFO - [2024-01-29T20:08:19.347+0100] {dagbag.py:538} INFO - Filling up the DagBag from /home/ubuntu/.local/lib/python3.10/site-packages/airflow/example_dags/example_branch_operator_decorator.py
[2024-01-29T20:08:19.369+0100] {processor.py:840} INFO - DAG(s) 'example_branch_python_operator_decorator' retrieved from /home/ubuntu/.local/lib/python3.10/site-packages/airflow/example_dags/example_branch_operator_decorator.py
[2024-01-29T20:08:19.392+0100] {logging_mixin.py:188} INFO - [2024-01-29T20:08:19.392+0100] {dag.py:3033} INFO - Sync 1 DAGs
[2024-01-29T20:08:19.411+0100] {logging_mixin.py:188} INFO - [2024-01-29T20:08:19.411+0100] {dag.py:3820} INFO - Setting next_dagrun for example_branch_python_operator_decorator to 2024-01-28T00:00:00+00:00, run_after=2024-01-29T00:00:00+00:00
[2024-01-29T20:08:19.442+0100] {processor.py:183} INFO - Processing /home/ubuntu/.local/lib/python3.10/site-packages/airflow/example_dags/example_branch_operator_decorator.py took 0.108 seconds
[2024-01-29T20:09:21.434+0100] {processor.py:161} INFO - Started process (PID=8864) to work on /home/ubuntu/.local/lib/python3.10/site-packages/airflow/example_dags/example_branch_operator_decorator.py
[2024-01-29T20:09:21.441+0100] {processor.py:830} INFO - Processing file /home/ubuntu/.local/lib/python3.10/site-packages/airflow/example_dags/example_branch_operator_decorator.py for tasks to queue
[2024-01-29T20:09:21.442+0100] {logging_mixin.py:188} INFO - [2024-01-29T20:09:21.442+0100] {dagbag.py:538} INFO - Filling up the DagBag from /home/ubuntu/.local/lib/python3.10/site-packages/airflow/example_dags/example_branch_operator_decorator.py
[2024-01-29T20:09:21.524+0100] {processor.py:840} INFO - DAG(s) 'example_branch_python_operator_decorator' retrieved from /home/ubuntu/.local/lib/python3.10/site-packages/airflow/example_dags/example_branch_operator_decorator.py
[2024-01-29T20:09:21.575+0100] {logging_mixin.py:188} INFO - [2024-01-29T20:09:21.575+0100] {dag.py:3033} INFO - Sync 1 DAGs
[2024-01-29T20:09:21.600+0100] {logging_mixin.py:188} INFO - [2024-01-29T20:09:21.600+0100] {dag.py:3820} INFO - Setting next_dagrun for example_branch_python_operator_decorator to 2024-01-28T00:00:00+00:00, run_after=2024-01-29T00:00:00+00:00
[2024-01-29T20:09:21.640+0100] {processor.py:183} INFO - Processing /home/ubuntu/.local/lib/python3.10/site-packages/airflow/example_dags/example_branch_operator_decorator.py took 0.220 seconds
[2024-01-29T20:10:14.806+0100] {processor.py:161} INFO - Started process (PID=8933) to work on /home/ubuntu/.local/lib/python3.10/site-packages/airflow/example_dags/example_branch_operator_decorator.py
[2024-01-29T20:10:14.808+0100] {processor.py:830} INFO - Processing file /home/ubuntu/.local/lib/python3.10/site-packages/airflow/example_dags/example_branch_operator_decorator.py for tasks to queue
[2024-01-29T20:10:14.810+0100] {logging_mixin.py:188} INFO - [2024-01-29T20:10:14.809+0100] {dagbag.py:538} INFO - Filling up the DagBag from /home/ubuntu/.local/lib/python3.10/site-packages/airflow/example_dags/example_branch_operator_decorator.py
[2024-01-29T20:10:14.831+0100] {processor.py:840} INFO - DAG(s) 'example_branch_python_operator_decorator' retrieved from /home/ubuntu/.local/lib/python3.10/site-packages/airflow/example_dags/example_branch_operator_decorator.py
[2024-01-29T20:10:14.859+0100] {logging_mixin.py:188} INFO - [2024-01-29T20:10:14.858+0100] {dag.py:3033} INFO - Sync 1 DAGs
[2024-01-29T20:10:14.893+0100] {logging_mixin.py:188} INFO - [2024-01-29T20:10:14.892+0100] {dag.py:3820} INFO - Setting next_dagrun for example_branch_python_operator_decorator to 2024-01-28T00:00:00+00:00, run_after=2024-01-29T00:00:00+00:00
[2024-01-29T20:10:14.934+0100] {processor.py:183} INFO - Processing /home/ubuntu/.local/lib/python3.10/site-packages/airflow/example_dags/example_branch_operator_decorator.py took 0.131 seconds
[2024-01-29T20:11:24.745+0100] {processor.py:161} INFO - Started process (PID=9017) to work on /home/ubuntu/.local/lib/python3.10/site-packages/airflow/example_dags/example_branch_operator_decorator.py
[2024-01-29T20:11:24.747+0100] {processor.py:830} INFO - Processing file /home/ubuntu/.local/lib/python3.10/site-packages/airflow/example_dags/example_branch_operator_decorator.py for tasks to queue
[2024-01-29T20:11:24.748+0100] {logging_mixin.py:188} INFO - [2024-01-29T20:11:24.748+0100] {dagbag.py:538} INFO - Filling up the DagBag from /home/ubuntu/.local/lib/python3.10/site-packages/airflow/example_dags/example_branch_operator_decorator.py
[2024-01-29T20:11:24.768+0100] {processor.py:840} INFO - DAG(s) 'example_branch_python_operator_decorator' retrieved from /home/ubuntu/.local/lib/python3.10/site-packages/airflow/example_dags/example_branch_operator_decorator.py
[2024-01-29T20:11:24.806+0100] {logging_mixin.py:188} INFO - [2024-01-29T20:11:24.806+0100] {dag.py:3033} INFO - Sync 1 DAGs
[2024-01-29T20:11:24.828+0100] {logging_mixin.py:188} INFO - [2024-01-29T20:11:24.828+0100] {dag.py:3820} INFO - Setting next_dagrun for example_branch_python_operator_decorator to 2024-01-28T00:00:00+00:00, run_after=2024-01-29T00:00:00+00:00
[2024-01-29T20:11:24.859+0100] {processor.py:183} INFO - Processing /home/ubuntu/.local/lib/python3.10/site-packages/airflow/example_dags/example_branch_operator_decorator.py took 0.120 seconds
[2024-01-29T20:12:20.039+0100] {processor.py:161} INFO - Started process (PID=9091) to work on /home/ubuntu/.local/lib/python3.10/site-packages/airflow/example_dags/example_branch_operator_decorator.py
[2024-01-29T20:12:20.041+0100] {processor.py:830} INFO - Processing file /home/ubuntu/.local/lib/python3.10/site-packages/airflow/example_dags/example_branch_operator_decorator.py for tasks to queue
[2024-01-29T20:12:20.042+0100] {logging_mixin.py:188} INFO - [2024-01-29T20:12:20.042+0100] {dagbag.py:538} INFO - Filling up the DagBag from /home/ubuntu/.local/lib/python3.10/site-packages/airflow/example_dags/example_branch_operator_decorator.py
[2024-01-29T20:12:20.062+0100] {processor.py:840} INFO - DAG(s) 'example_branch_python_operator_decorator' retrieved from /home/ubuntu/.local/lib/python3.10/site-packages/airflow/example_dags/example_branch_operator_decorator.py
[2024-01-29T20:12:20.096+0100] {logging_mixin.py:188} INFO - [2024-01-29T20:12:20.096+0100] {dag.py:3033} INFO - Sync 1 DAGs
[2024-01-29T20:12:20.119+0100] {logging_mixin.py:188} INFO - [2024-01-29T20:12:20.119+0100] {dag.py:3820} INFO - Setting next_dagrun for example_branch_python_operator_decorator to 2024-01-28T00:00:00+00:00, run_after=2024-01-29T00:00:00+00:00
[2024-01-29T20:12:20.150+0100] {processor.py:183} INFO - Processing /home/ubuntu/.local/lib/python3.10/site-packages/airflow/example_dags/example_branch_operator_decorator.py took 0.114 seconds
[2024-01-29T20:13:50.653+0100] {processor.py:161} INFO - Started process (PID=9220) to work on /home/ubuntu/.local/lib/python3.10/site-packages/airflow/example_dags/example_branch_operator_decorator.py
[2024-01-29T20:13:50.659+0100] {processor.py:830} INFO - Processing file /home/ubuntu/.local/lib/python3.10/site-packages/airflow/example_dags/example_branch_operator_decorator.py for tasks to queue
[2024-01-29T20:13:50.662+0100] {logging_mixin.py:188} INFO - [2024-01-29T20:13:50.662+0100] {dagbag.py:538} INFO - Filling up the DagBag from /home/ubuntu/.local/lib/python3.10/site-packages/airflow/example_dags/example_branch_operator_decorator.py
[2024-01-29T20:13:50.776+0100] {processor.py:840} INFO - DAG(s) 'example_branch_python_operator_decorator' retrieved from /home/ubuntu/.local/lib/python3.10/site-packages/airflow/example_dags/example_branch_operator_decorator.py
[2024-01-29T20:13:50.900+0100] {logging_mixin.py:188} INFO - [2024-01-29T20:13:50.900+0100] {dag.py:3033} INFO - Sync 1 DAGs
[2024-01-29T20:13:50.932+0100] {logging_mixin.py:188} INFO - [2024-01-29T20:13:50.932+0100] {dag.py:3820} INFO - Setting next_dagrun for example_branch_python_operator_decorator to 2024-01-28T00:00:00+00:00, run_after=2024-01-29T00:00:00+00:00
[2024-01-29T20:13:51.011+0100] {processor.py:183} INFO - Processing /home/ubuntu/.local/lib/python3.10/site-packages/airflow/example_dags/example_branch_operator_decorator.py took 0.365 seconds
[2024-01-29T20:14:48.870+0100] {processor.py:161} INFO - Started process (PID=9285) to work on /home/ubuntu/.local/lib/python3.10/site-packages/airflow/example_dags/example_branch_operator_decorator.py
[2024-01-29T20:14:48.873+0100] {processor.py:830} INFO - Processing file /home/ubuntu/.local/lib/python3.10/site-packages/airflow/example_dags/example_branch_operator_decorator.py for tasks to queue
[2024-01-29T20:14:48.874+0100] {logging_mixin.py:188} INFO - [2024-01-29T20:14:48.873+0100] {dagbag.py:538} INFO - Filling up the DagBag from /home/ubuntu/.local/lib/python3.10/site-packages/airflow/example_dags/example_branch_operator_decorator.py
[2024-01-29T20:14:48.892+0100] {processor.py:840} INFO - DAG(s) 'example_branch_python_operator_decorator' retrieved from /home/ubuntu/.local/lib/python3.10/site-packages/airflow/example_dags/example_branch_operator_decorator.py
[2024-01-29T20:14:48.921+0100] {logging_mixin.py:188} INFO - [2024-01-29T20:14:48.921+0100] {dag.py:3033} INFO - Sync 1 DAGs
[2024-01-29T20:14:48.994+0100] {logging_mixin.py:188} INFO - [2024-01-29T20:14:48.993+0100] {dag.py:3820} INFO - Setting next_dagrun for example_branch_python_operator_decorator to 2024-01-28T00:00:00+00:00, run_after=2024-01-29T00:00:00+00:00
[2024-01-29T20:14:49.022+0100] {processor.py:183} INFO - Processing /home/ubuntu/.local/lib/python3.10/site-packages/airflow/example_dags/example_branch_operator_decorator.py took 0.157 seconds
[2024-01-29T20:15:33.653+0100] {processor.py:161} INFO - Started process (PID=9332) to work on /home/ubuntu/.local/lib/python3.10/site-packages/airflow/example_dags/example_branch_operator_decorator.py
[2024-01-29T20:15:33.655+0100] {processor.py:830} INFO - Processing file /home/ubuntu/.local/lib/python3.10/site-packages/airflow/example_dags/example_branch_operator_decorator.py for tasks to queue
[2024-01-29T20:15:33.656+0100] {logging_mixin.py:188} INFO - [2024-01-29T20:15:33.656+0100] {dagbag.py:538} INFO - Filling up the DagBag from /home/ubuntu/.local/lib/python3.10/site-packages/airflow/example_dags/example_branch_operator_decorator.py
[2024-01-29T20:15:33.676+0100] {processor.py:840} INFO - DAG(s) 'example_branch_python_operator_decorator' retrieved from /home/ubuntu/.local/lib/python3.10/site-packages/airflow/example_dags/example_branch_operator_decorator.py
[2024-01-29T20:15:33.705+0100] {logging_mixin.py:188} INFO - [2024-01-29T20:15:33.704+0100] {dag.py:3033} INFO - Sync 1 DAGs
[2024-01-29T20:15:33.730+0100] {logging_mixin.py:188} INFO - [2024-01-29T20:15:33.729+0100] {dag.py:3820} INFO - Setting next_dagrun for example_branch_python_operator_decorator to 2024-01-28T00:00:00+00:00, run_after=2024-01-29T00:00:00+00:00
[2024-01-29T20:15:33.770+0100] {processor.py:183} INFO - Processing /home/ubuntu/.local/lib/python3.10/site-packages/airflow/example_dags/example_branch_operator_decorator.py took 0.122 seconds
[2024-01-29T20:16:24.425+0100] {processor.py:161} INFO - Started process (PID=9388) to work on /home/ubuntu/.local/lib/python3.10/site-packages/airflow/example_dags/example_branch_operator_decorator.py
[2024-01-29T20:16:24.432+0100] {processor.py:830} INFO - Processing file /home/ubuntu/.local/lib/python3.10/site-packages/airflow/example_dags/example_branch_operator_decorator.py for tasks to queue
[2024-01-29T20:16:24.433+0100] {logging_mixin.py:188} INFO - [2024-01-29T20:16:24.433+0100] {dagbag.py:538} INFO - Filling up the DagBag from /home/ubuntu/.local/lib/python3.10/site-packages/airflow/example_dags/example_branch_operator_decorator.py
[2024-01-29T20:16:24.475+0100] {processor.py:840} INFO - DAG(s) 'example_branch_python_operator_decorator' retrieved from /home/ubuntu/.local/lib/python3.10/site-packages/airflow/example_dags/example_branch_operator_decorator.py
[2024-01-29T20:16:24.509+0100] {logging_mixin.py:188} INFO - [2024-01-29T20:16:24.509+0100] {dag.py:3033} INFO - Sync 1 DAGs
[2024-01-29T20:16:24.531+0100] {logging_mixin.py:188} INFO - [2024-01-29T20:16:24.531+0100] {dag.py:3820} INFO - Setting next_dagrun for example_branch_python_operator_decorator to 2024-01-28T00:00:00+00:00, run_after=2024-01-29T00:00:00+00:00
[2024-01-29T20:16:24.576+0100] {processor.py:183} INFO - Processing /home/ubuntu/.local/lib/python3.10/site-packages/airflow/example_dags/example_branch_operator_decorator.py took 0.155 seconds
[2024-01-29T20:17:13.761+0100] {processor.py:161} INFO - Started process (PID=9444) to work on /home/ubuntu/.local/lib/python3.10/site-packages/airflow/example_dags/example_branch_operator_decorator.py
[2024-01-29T20:17:13.763+0100] {processor.py:830} INFO - Processing file /home/ubuntu/.local/lib/python3.10/site-packages/airflow/example_dags/example_branch_operator_decorator.py for tasks to queue
[2024-01-29T20:17:13.764+0100] {logging_mixin.py:188} INFO - [2024-01-29T20:17:13.764+0100] {dagbag.py:538} INFO - Filling up the DagBag from /home/ubuntu/.local/lib/python3.10/site-packages/airflow/example_dags/example_branch_operator_decorator.py
[2024-01-29T20:17:13.785+0100] {processor.py:840} INFO - DAG(s) 'example_branch_python_operator_decorator' retrieved from /home/ubuntu/.local/lib/python3.10/site-packages/airflow/example_dags/example_branch_operator_decorator.py
[2024-01-29T20:17:13.807+0100] {logging_mixin.py:188} INFO - [2024-01-29T20:17:13.807+0100] {dag.py:3033} INFO - Sync 1 DAGs
[2024-01-29T20:17:13.828+0100] {logging_mixin.py:188} INFO - [2024-01-29T20:17:13.828+0100] {dag.py:3820} INFO - Setting next_dagrun for example_branch_python_operator_decorator to 2024-01-28T00:00:00+00:00, run_after=2024-01-29T00:00:00+00:00
[2024-01-29T20:17:13.856+0100] {processor.py:183} INFO - Processing /home/ubuntu/.local/lib/python3.10/site-packages/airflow/example_dags/example_branch_operator_decorator.py took 0.100 seconds
[2024-01-29T20:18:02.151+0100] {processor.py:161} INFO - Started process (PID=9498) to work on /home/ubuntu/.local/lib/python3.10/site-packages/airflow/example_dags/example_branch_operator_decorator.py
[2024-01-29T20:18:02.153+0100] {processor.py:830} INFO - Processing file /home/ubuntu/.local/lib/python3.10/site-packages/airflow/example_dags/example_branch_operator_decorator.py for tasks to queue
[2024-01-29T20:18:02.154+0100] {logging_mixin.py:188} INFO - [2024-01-29T20:18:02.154+0100] {dagbag.py:538} INFO - Filling up the DagBag from /home/ubuntu/.local/lib/python3.10/site-packages/airflow/example_dags/example_branch_operator_decorator.py
[2024-01-29T20:18:02.179+0100] {processor.py:840} INFO - DAG(s) 'example_branch_python_operator_decorator' retrieved from /home/ubuntu/.local/lib/python3.10/site-packages/airflow/example_dags/example_branch_operator_decorator.py
[2024-01-29T20:18:02.229+0100] {logging_mixin.py:188} INFO - [2024-01-29T20:18:02.229+0100] {dag.py:3033} INFO - Sync 1 DAGs
[2024-01-29T20:18:02.288+0100] {logging_mixin.py:188} INFO - [2024-01-29T20:18:02.287+0100] {dag.py:3820} INFO - Setting next_dagrun for example_branch_python_operator_decorator to 2024-01-28T00:00:00+00:00, run_after=2024-01-29T00:00:00+00:00
[2024-01-29T20:18:02.347+0100] {processor.py:183} INFO - Processing /home/ubuntu/.local/lib/python3.10/site-packages/airflow/example_dags/example_branch_operator_decorator.py took 0.201 seconds
[2024-01-29T20:19:06.810+0100] {processor.py:161} INFO - Started process (PID=9586) to work on /home/ubuntu/.local/lib/python3.10/site-packages/airflow/example_dags/example_branch_operator_decorator.py
[2024-01-29T20:19:06.818+0100] {processor.py:830} INFO - Processing file /home/ubuntu/.local/lib/python3.10/site-packages/airflow/example_dags/example_branch_operator_decorator.py for tasks to queue
[2024-01-29T20:19:06.819+0100] {logging_mixin.py:188} INFO - [2024-01-29T20:19:06.819+0100] {dagbag.py:538} INFO - Filling up the DagBag from /home/ubuntu/.local/lib/python3.10/site-packages/airflow/example_dags/example_branch_operator_decorator.py
[2024-01-29T20:19:06.838+0100] {processor.py:840} INFO - DAG(s) 'example_branch_python_operator_decorator' retrieved from /home/ubuntu/.local/lib/python3.10/site-packages/airflow/example_dags/example_branch_operator_decorator.py
[2024-01-29T20:19:06.858+0100] {logging_mixin.py:188} INFO - [2024-01-29T20:19:06.857+0100] {dag.py:3033} INFO - Sync 1 DAGs
[2024-01-29T20:19:06.875+0100] {logging_mixin.py:188} INFO - [2024-01-29T20:19:06.875+0100] {dag.py:3820} INFO - Setting next_dagrun for example_branch_python_operator_decorator to 2024-01-28T00:00:00+00:00, run_after=2024-01-29T00:00:00+00:00
[2024-01-29T20:19:06.910+0100] {processor.py:183} INFO - Processing /home/ubuntu/.local/lib/python3.10/site-packages/airflow/example_dags/example_branch_operator_decorator.py took 0.103 seconds
[2024-01-29T20:20:11.789+0100] {processor.py:161} INFO - Started process (PID=9665) to work on /home/ubuntu/.local/lib/python3.10/site-packages/airflow/example_dags/example_branch_operator_decorator.py
[2024-01-29T20:20:11.791+0100] {processor.py:830} INFO - Processing file /home/ubuntu/.local/lib/python3.10/site-packages/airflow/example_dags/example_branch_operator_decorator.py for tasks to queue
[2024-01-29T20:20:11.791+0100] {logging_mixin.py:188} INFO - [2024-01-29T20:20:11.791+0100] {dagbag.py:538} INFO - Filling up the DagBag from /home/ubuntu/.local/lib/python3.10/site-packages/airflow/example_dags/example_branch_operator_decorator.py
[2024-01-29T20:20:11.813+0100] {processor.py:840} INFO - DAG(s) 'example_branch_python_operator_decorator' retrieved from /home/ubuntu/.local/lib/python3.10/site-packages/airflow/example_dags/example_branch_operator_decorator.py
[2024-01-29T20:20:11.833+0100] {logging_mixin.py:188} INFO - [2024-01-29T20:20:11.833+0100] {dag.py:3033} INFO - Sync 1 DAGs
[2024-01-29T20:20:11.851+0100] {logging_mixin.py:188} INFO - [2024-01-29T20:20:11.851+0100] {dag.py:3820} INFO - Setting next_dagrun for example_branch_python_operator_decorator to 2024-01-28T00:00:00+00:00, run_after=2024-01-29T00:00:00+00:00
[2024-01-29T20:20:11.916+0100] {processor.py:183} INFO - Processing /home/ubuntu/.local/lib/python3.10/site-packages/airflow/example_dags/example_branch_operator_decorator.py took 0.130 seconds
