[2024-01-29T19:54:17.843+0100] {processor.py:161} INFO - Started process (PID=7838) to work on /home/ubuntu/.local/lib/python3.10/site-packages/airflow/example_dags/example_branch_python_dop_operator_3.py
[2024-01-29T19:54:17.849+0100] {processor.py:830} INFO - Processing file /home/ubuntu/.local/lib/python3.10/site-packages/airflow/example_dags/example_branch_python_dop_operator_3.py for tasks to queue
[2024-01-29T19:54:17.855+0100] {logging_mixin.py:188} INFO - [2024-01-29T19:54:17.854+0100] {dagbag.py:538} INFO - Filling up the DagBag from /home/ubuntu/.local/lib/python3.10/site-packages/airflow/example_dags/example_branch_python_dop_operator_3.py
[2024-01-29T19:54:17.947+0100] {processor.py:840} INFO - DAG(s) 'example_branch_dop_operator_v3' retrieved from /home/ubuntu/.local/lib/python3.10/site-packages/airflow/example_dags/example_branch_python_dop_operator_3.py
[2024-01-29T19:54:18.601+0100] {logging_mixin.py:188} INFO - [2024-01-29T19:54:18.594+0100] {dag.py:3033} INFO - Sync 1 DAGs
[2024-01-29T19:54:18.764+0100] {logging_mixin.py:188} INFO - [2024-01-29T19:54:18.764+0100] {dag.py:3820} INFO - Setting next_dagrun for example_branch_dop_operator_v3 to 2024-01-29T18:53:00+00:00, run_after=2024-01-29T18:54:00+00:00
[2024-01-29T19:54:18.971+0100] {processor.py:183} INFO - Processing /home/ubuntu/.local/lib/python3.10/site-packages/airflow/example_dags/example_branch_python_dop_operator_3.py took 1.164 seconds
[2024-01-29T19:55:39.031+0100] {processor.py:161} INFO - Started process (PID=7949) to work on /home/ubuntu/.local/lib/python3.10/site-packages/airflow/example_dags/example_branch_python_dop_operator_3.py
[2024-01-29T19:55:39.035+0100] {processor.py:830} INFO - Processing file /home/ubuntu/.local/lib/python3.10/site-packages/airflow/example_dags/example_branch_python_dop_operator_3.py for tasks to queue
[2024-01-29T19:55:39.037+0100] {logging_mixin.py:188} INFO - [2024-01-29T19:55:39.036+0100] {dagbag.py:538} INFO - Filling up the DagBag from /home/ubuntu/.local/lib/python3.10/site-packages/airflow/example_dags/example_branch_python_dop_operator_3.py
[2024-01-29T19:55:39.057+0100] {processor.py:840} INFO - DAG(s) 'example_branch_dop_operator_v3' retrieved from /home/ubuntu/.local/lib/python3.10/site-packages/airflow/example_dags/example_branch_python_dop_operator_3.py
[2024-01-29T19:55:39.093+0100] {logging_mixin.py:188} INFO - [2024-01-29T19:55:39.092+0100] {dag.py:3033} INFO - Sync 1 DAGs
[2024-01-29T19:55:39.222+0100] {logging_mixin.py:188} INFO - [2024-01-29T19:55:39.221+0100] {dag.py:3820} INFO - Setting next_dagrun for example_branch_dop_operator_v3 to 2024-01-29T18:54:00+00:00, run_after=2024-01-29T18:55:00+00:00
[2024-01-29T19:55:39.340+0100] {processor.py:183} INFO - Processing /home/ubuntu/.local/lib/python3.10/site-packages/airflow/example_dags/example_branch_python_dop_operator_3.py took 0.316 seconds
[2024-01-29T19:56:58.713+0100] {processor.py:161} INFO - Started process (PID=8023) to work on /home/ubuntu/.local/lib/python3.10/site-packages/airflow/example_dags/example_branch_python_dop_operator_3.py
[2024-01-29T19:56:58.715+0100] {processor.py:830} INFO - Processing file /home/ubuntu/.local/lib/python3.10/site-packages/airflow/example_dags/example_branch_python_dop_operator_3.py for tasks to queue
[2024-01-29T19:56:58.716+0100] {logging_mixin.py:188} INFO - [2024-01-29T19:56:58.716+0100] {dagbag.py:538} INFO - Filling up the DagBag from /home/ubuntu/.local/lib/python3.10/site-packages/airflow/example_dags/example_branch_python_dop_operator_3.py
[2024-01-29T19:56:58.734+0100] {processor.py:840} INFO - DAG(s) 'example_branch_dop_operator_v3' retrieved from /home/ubuntu/.local/lib/python3.10/site-packages/airflow/example_dags/example_branch_python_dop_operator_3.py
[2024-01-29T19:56:58.766+0100] {logging_mixin.py:188} INFO - [2024-01-29T19:56:58.765+0100] {dag.py:3033} INFO - Sync 1 DAGs
[2024-01-29T19:56:58.829+0100] {logging_mixin.py:188} INFO - [2024-01-29T19:56:58.828+0100] {dag.py:3820} INFO - Setting next_dagrun for example_branch_dop_operator_v3 to 2024-01-29T18:55:00+00:00, run_after=2024-01-29T18:56:00+00:00
[2024-01-29T19:56:58.862+0100] {processor.py:183} INFO - Processing /home/ubuntu/.local/lib/python3.10/site-packages/airflow/example_dags/example_branch_python_dop_operator_3.py took 0.155 seconds
[2024-01-29T19:57:56.972+0100] {processor.py:161} INFO - Started process (PID=8084) to work on /home/ubuntu/.local/lib/python3.10/site-packages/airflow/example_dags/example_branch_python_dop_operator_3.py
[2024-01-29T19:57:56.975+0100] {processor.py:830} INFO - Processing file /home/ubuntu/.local/lib/python3.10/site-packages/airflow/example_dags/example_branch_python_dop_operator_3.py for tasks to queue
[2024-01-29T19:57:56.976+0100] {logging_mixin.py:188} INFO - [2024-01-29T19:57:56.975+0100] {dagbag.py:538} INFO - Filling up the DagBag from /home/ubuntu/.local/lib/python3.10/site-packages/airflow/example_dags/example_branch_python_dop_operator_3.py
[2024-01-29T19:57:56.987+0100] {processor.py:840} INFO - DAG(s) 'example_branch_dop_operator_v3' retrieved from /home/ubuntu/.local/lib/python3.10/site-packages/airflow/example_dags/example_branch_python_dop_operator_3.py
[2024-01-29T19:57:57.005+0100] {logging_mixin.py:188} INFO - [2024-01-29T19:57:57.005+0100] {dag.py:3033} INFO - Sync 1 DAGs
[2024-01-29T19:57:57.027+0100] {logging_mixin.py:188} INFO - [2024-01-29T19:57:57.027+0100] {dag.py:3820} INFO - Setting next_dagrun for example_branch_dop_operator_v3 to 2024-01-29T18:56:00+00:00, run_after=2024-01-29T18:57:00+00:00
[2024-01-29T19:57:57.116+0100] {processor.py:183} INFO - Processing /home/ubuntu/.local/lib/python3.10/site-packages/airflow/example_dags/example_branch_python_dop_operator_3.py took 0.147 seconds
[2024-01-29T19:58:44.610+0100] {processor.py:161} INFO - Started process (PID=8137) to work on /home/ubuntu/.local/lib/python3.10/site-packages/airflow/example_dags/example_branch_python_dop_operator_3.py
[2024-01-29T19:58:44.612+0100] {processor.py:830} INFO - Processing file /home/ubuntu/.local/lib/python3.10/site-packages/airflow/example_dags/example_branch_python_dop_operator_3.py for tasks to queue
[2024-01-29T19:58:44.613+0100] {logging_mixin.py:188} INFO - [2024-01-29T19:58:44.613+0100] {dagbag.py:538} INFO - Filling up the DagBag from /home/ubuntu/.local/lib/python3.10/site-packages/airflow/example_dags/example_branch_python_dop_operator_3.py
[2024-01-29T19:58:44.628+0100] {processor.py:840} INFO - DAG(s) 'example_branch_dop_operator_v3' retrieved from /home/ubuntu/.local/lib/python3.10/site-packages/airflow/example_dags/example_branch_python_dop_operator_3.py
[2024-01-29T19:58:44.648+0100] {logging_mixin.py:188} INFO - [2024-01-29T19:58:44.648+0100] {dag.py:3033} INFO - Sync 1 DAGs
[2024-01-29T19:58:44.673+0100] {logging_mixin.py:188} INFO - [2024-01-29T19:58:44.673+0100] {dag.py:3820} INFO - Setting next_dagrun for example_branch_dop_operator_v3 to 2024-01-29T18:57:00+00:00, run_after=2024-01-29T18:58:00+00:00
[2024-01-29T19:58:44.702+0100] {processor.py:183} INFO - Processing /home/ubuntu/.local/lib/python3.10/site-packages/airflow/example_dags/example_branch_python_dop_operator_3.py took 0.096 seconds
[2024-01-29T19:59:26.810+0100] {processor.py:161} INFO - Started process (PID=8187) to work on /home/ubuntu/.local/lib/python3.10/site-packages/airflow/example_dags/example_branch_python_dop_operator_3.py
[2024-01-29T19:59:26.812+0100] {processor.py:830} INFO - Processing file /home/ubuntu/.local/lib/python3.10/site-packages/airflow/example_dags/example_branch_python_dop_operator_3.py for tasks to queue
[2024-01-29T19:59:26.812+0100] {logging_mixin.py:188} INFO - [2024-01-29T19:59:26.812+0100] {dagbag.py:538} INFO - Filling up the DagBag from /home/ubuntu/.local/lib/python3.10/site-packages/airflow/example_dags/example_branch_python_dop_operator_3.py
[2024-01-29T19:59:26.822+0100] {processor.py:840} INFO - DAG(s) 'example_branch_dop_operator_v3' retrieved from /home/ubuntu/.local/lib/python3.10/site-packages/airflow/example_dags/example_branch_python_dop_operator_3.py
[2024-01-29T19:59:26.839+0100] {logging_mixin.py:188} INFO - [2024-01-29T19:59:26.839+0100] {dag.py:3033} INFO - Sync 1 DAGs
[2024-01-29T19:59:26.865+0100] {logging_mixin.py:188} INFO - [2024-01-29T19:59:26.865+0100] {dag.py:3820} INFO - Setting next_dagrun for example_branch_dop_operator_v3 to 2024-01-29T18:58:00+00:00, run_after=2024-01-29T18:59:00+00:00
[2024-01-29T19:59:26.899+0100] {processor.py:183} INFO - Processing /home/ubuntu/.local/lib/python3.10/site-packages/airflow/example_dags/example_branch_python_dop_operator_3.py took 0.093 seconds
[2024-01-29T20:00:45.934+0100] {processor.py:161} INFO - Started process (PID=8264) to work on /home/ubuntu/.local/lib/python3.10/site-packages/airflow/example_dags/example_branch_python_dop_operator_3.py
[2024-01-29T20:00:45.936+0100] {processor.py:830} INFO - Processing file /home/ubuntu/.local/lib/python3.10/site-packages/airflow/example_dags/example_branch_python_dop_operator_3.py for tasks to queue
[2024-01-29T20:00:45.937+0100] {logging_mixin.py:188} INFO - [2024-01-29T20:00:45.936+0100] {dagbag.py:538} INFO - Filling up the DagBag from /home/ubuntu/.local/lib/python3.10/site-packages/airflow/example_dags/example_branch_python_dop_operator_3.py
[2024-01-29T20:00:45.946+0100] {processor.py:840} INFO - DAG(s) 'example_branch_dop_operator_v3' retrieved from /home/ubuntu/.local/lib/python3.10/site-packages/airflow/example_dags/example_branch_python_dop_operator_3.py
[2024-01-29T20:00:45.967+0100] {logging_mixin.py:188} INFO - [2024-01-29T20:00:45.967+0100] {dag.py:3033} INFO - Sync 1 DAGs
[2024-01-29T20:00:45.991+0100] {logging_mixin.py:188} INFO - [2024-01-29T20:00:45.991+0100] {dag.py:3820} INFO - Setting next_dagrun for example_branch_dop_operator_v3 to 2024-01-29T18:59:00+00:00, run_after=2024-01-29T19:00:00+00:00
[2024-01-29T20:00:46.031+0100] {processor.py:183} INFO - Processing /home/ubuntu/.local/lib/python3.10/site-packages/airflow/example_dags/example_branch_python_dop_operator_3.py took 0.102 seconds
[2024-01-29T20:01:38.446+0100] {processor.py:161} INFO - Started process (PID=8323) to work on /home/ubuntu/.local/lib/python3.10/site-packages/airflow/example_dags/example_branch_python_dop_operator_3.py
[2024-01-29T20:01:38.449+0100] {processor.py:830} INFO - Processing file /home/ubuntu/.local/lib/python3.10/site-packages/airflow/example_dags/example_branch_python_dop_operator_3.py for tasks to queue
[2024-01-29T20:01:38.450+0100] {logging_mixin.py:188} INFO - [2024-01-29T20:01:38.449+0100] {dagbag.py:538} INFO - Filling up the DagBag from /home/ubuntu/.local/lib/python3.10/site-packages/airflow/example_dags/example_branch_python_dop_operator_3.py
[2024-01-29T20:01:38.466+0100] {processor.py:840} INFO - DAG(s) 'example_branch_dop_operator_v3' retrieved from /home/ubuntu/.local/lib/python3.10/site-packages/airflow/example_dags/example_branch_python_dop_operator_3.py
[2024-01-29T20:01:38.494+0100] {logging_mixin.py:188} INFO - [2024-01-29T20:01:38.494+0100] {dag.py:3033} INFO - Sync 1 DAGs
[2024-01-29T20:01:38.534+0100] {logging_mixin.py:188} INFO - [2024-01-29T20:01:38.534+0100] {dag.py:3820} INFO - Setting next_dagrun for example_branch_dop_operator_v3 to 2024-01-29T19:00:00+00:00, run_after=2024-01-29T19:01:00+00:00
[2024-01-29T20:01:38.579+0100] {processor.py:183} INFO - Processing /home/ubuntu/.local/lib/python3.10/site-packages/airflow/example_dags/example_branch_python_dop_operator_3.py took 0.137 seconds
[2024-01-29T20:02:25.594+0100] {processor.py:161} INFO - Started process (PID=8372) to work on /home/ubuntu/.local/lib/python3.10/site-packages/airflow/example_dags/example_branch_python_dop_operator_3.py
[2024-01-29T20:02:25.600+0100] {processor.py:830} INFO - Processing file /home/ubuntu/.local/lib/python3.10/site-packages/airflow/example_dags/example_branch_python_dop_operator_3.py for tasks to queue
[2024-01-29T20:02:25.604+0100] {logging_mixin.py:188} INFO - [2024-01-29T20:02:25.603+0100] {dagbag.py:538} INFO - Filling up the DagBag from /home/ubuntu/.local/lib/python3.10/site-packages/airflow/example_dags/example_branch_python_dop_operator_3.py
[2024-01-29T20:02:25.731+0100] {processor.py:840} INFO - DAG(s) 'example_branch_dop_operator_v3' retrieved from /home/ubuntu/.local/lib/python3.10/site-packages/airflow/example_dags/example_branch_python_dop_operator_3.py
[2024-01-29T20:02:25.866+0100] {logging_mixin.py:188} INFO - [2024-01-29T20:02:25.866+0100] {dag.py:3033} INFO - Sync 1 DAGs
[2024-01-29T20:02:25.922+0100] {logging_mixin.py:188} INFO - [2024-01-29T20:02:25.922+0100] {dag.py:3820} INFO - Setting next_dagrun for example_branch_dop_operator_v3 to 2024-01-29T19:01:00+00:00, run_after=2024-01-29T19:02:00+00:00
[2024-01-29T20:02:26.041+0100] {processor.py:183} INFO - Processing /home/ubuntu/.local/lib/python3.10/site-packages/airflow/example_dags/example_branch_python_dop_operator_3.py took 0.451 seconds
[2024-01-29T20:03:29.673+0100] {processor.py:161} INFO - Started process (PID=8478) to work on /home/ubuntu/.local/lib/python3.10/site-packages/airflow/example_dags/example_branch_python_dop_operator_3.py
[2024-01-29T20:03:29.676+0100] {processor.py:830} INFO - Processing file /home/ubuntu/.local/lib/python3.10/site-packages/airflow/example_dags/example_branch_python_dop_operator_3.py for tasks to queue
[2024-01-29T20:03:29.677+0100] {logging_mixin.py:188} INFO - [2024-01-29T20:03:29.677+0100] {dagbag.py:538} INFO - Filling up the DagBag from /home/ubuntu/.local/lib/python3.10/site-packages/airflow/example_dags/example_branch_python_dop_operator_3.py
[2024-01-29T20:03:29.687+0100] {processor.py:840} INFO - DAG(s) 'example_branch_dop_operator_v3' retrieved from /home/ubuntu/.local/lib/python3.10/site-packages/airflow/example_dags/example_branch_python_dop_operator_3.py
[2024-01-29T20:03:29.704+0100] {logging_mixin.py:188} INFO - [2024-01-29T20:03:29.704+0100] {dag.py:3033} INFO - Sync 1 DAGs
[2024-01-29T20:03:29.728+0100] {logging_mixin.py:188} INFO - [2024-01-29T20:03:29.728+0100] {dag.py:3820} INFO - Setting next_dagrun for example_branch_dop_operator_v3 to 2024-01-29T19:02:00+00:00, run_after=2024-01-29T19:03:00+00:00
[2024-01-29T20:03:29.761+0100] {processor.py:183} INFO - Processing /home/ubuntu/.local/lib/python3.10/site-packages/airflow/example_dags/example_branch_python_dop_operator_3.py took 0.092 seconds
[2024-01-29T20:04:15.216+0100] {processor.py:161} INFO - Started process (PID=8535) to work on /home/ubuntu/.local/lib/python3.10/site-packages/airflow/example_dags/example_branch_python_dop_operator_3.py
[2024-01-29T20:04:15.218+0100] {processor.py:830} INFO - Processing file /home/ubuntu/.local/lib/python3.10/site-packages/airflow/example_dags/example_branch_python_dop_operator_3.py for tasks to queue
[2024-01-29T20:04:15.219+0100] {logging_mixin.py:188} INFO - [2024-01-29T20:04:15.218+0100] {dagbag.py:538} INFO - Filling up the DagBag from /home/ubuntu/.local/lib/python3.10/site-packages/airflow/example_dags/example_branch_python_dop_operator_3.py
[2024-01-29T20:04:15.229+0100] {processor.py:840} INFO - DAG(s) 'example_branch_dop_operator_v3' retrieved from /home/ubuntu/.local/lib/python3.10/site-packages/airflow/example_dags/example_branch_python_dop_operator_3.py
[2024-01-29T20:04:15.250+0100] {logging_mixin.py:188} INFO - [2024-01-29T20:04:15.249+0100] {dag.py:3033} INFO - Sync 1 DAGs
[2024-01-29T20:04:15.273+0100] {logging_mixin.py:188} INFO - [2024-01-29T20:04:15.273+0100] {dag.py:3820} INFO - Setting next_dagrun for example_branch_dop_operator_v3 to 2024-01-29T19:03:00+00:00, run_after=2024-01-29T19:04:00+00:00
[2024-01-29T20:04:15.306+0100] {processor.py:183} INFO - Processing /home/ubuntu/.local/lib/python3.10/site-packages/airflow/example_dags/example_branch_python_dop_operator_3.py took 0.095 seconds
[2024-01-29T20:05:11.672+0100] {processor.py:161} INFO - Started process (PID=8597) to work on /home/ubuntu/.local/lib/python3.10/site-packages/airflow/example_dags/example_branch_python_dop_operator_3.py
[2024-01-29T20:05:11.674+0100] {processor.py:830} INFO - Processing file /home/ubuntu/.local/lib/python3.10/site-packages/airflow/example_dags/example_branch_python_dop_operator_3.py for tasks to queue
[2024-01-29T20:05:11.675+0100] {logging_mixin.py:188} INFO - [2024-01-29T20:05:11.675+0100] {dagbag.py:538} INFO - Filling up the DagBag from /home/ubuntu/.local/lib/python3.10/site-packages/airflow/example_dags/example_branch_python_dop_operator_3.py
[2024-01-29T20:05:11.689+0100] {processor.py:840} INFO - DAG(s) 'example_branch_dop_operator_v3' retrieved from /home/ubuntu/.local/lib/python3.10/site-packages/airflow/example_dags/example_branch_python_dop_operator_3.py
[2024-01-29T20:05:11.711+0100] {logging_mixin.py:188} INFO - [2024-01-29T20:05:11.710+0100] {dag.py:3033} INFO - Sync 1 DAGs
[2024-01-29T20:05:11.744+0100] {logging_mixin.py:188} INFO - [2024-01-29T20:05:11.744+0100] {dag.py:3820} INFO - Setting next_dagrun for example_branch_dop_operator_v3 to 2024-01-29T19:04:00+00:00, run_after=2024-01-29T19:05:00+00:00
[2024-01-29T20:05:11.773+0100] {processor.py:183} INFO - Processing /home/ubuntu/.local/lib/python3.10/site-packages/airflow/example_dags/example_branch_python_dop_operator_3.py took 0.106 seconds
[2024-01-29T20:06:27.557+0100] {processor.py:161} INFO - Started process (PID=8673) to work on /home/ubuntu/.local/lib/python3.10/site-packages/airflow/example_dags/example_branch_python_dop_operator_3.py
[2024-01-29T20:06:27.584+0100] {processor.py:830} INFO - Processing file /home/ubuntu/.local/lib/python3.10/site-packages/airflow/example_dags/example_branch_python_dop_operator_3.py for tasks to queue
[2024-01-29T20:06:27.585+0100] {logging_mixin.py:188} INFO - [2024-01-29T20:06:27.585+0100] {dagbag.py:538} INFO - Filling up the DagBag from /home/ubuntu/.local/lib/python3.10/site-packages/airflow/example_dags/example_branch_python_dop_operator_3.py
[2024-01-29T20:06:27.655+0100] {processor.py:840} INFO - DAG(s) 'example_branch_dop_operator_v3' retrieved from /home/ubuntu/.local/lib/python3.10/site-packages/airflow/example_dags/example_branch_python_dop_operator_3.py
[2024-01-29T20:06:27.751+0100] {logging_mixin.py:188} INFO - [2024-01-29T20:06:27.750+0100] {dag.py:3033} INFO - Sync 1 DAGs
[2024-01-29T20:06:27.864+0100] {logging_mixin.py:188} INFO - [2024-01-29T20:06:27.864+0100] {dag.py:3820} INFO - Setting next_dagrun for example_branch_dop_operator_v3 to 2024-01-29T19:05:00+00:00, run_after=2024-01-29T19:06:00+00:00
[2024-01-29T20:06:28.352+0100] {processor.py:183} INFO - Processing /home/ubuntu/.local/lib/python3.10/site-packages/airflow/example_dags/example_branch_python_dop_operator_3.py took 0.809 seconds
[2024-01-29T20:07:40.901+0100] {processor.py:161} INFO - Started process (PID=8750) to work on /home/ubuntu/.local/lib/python3.10/site-packages/airflow/example_dags/example_branch_python_dop_operator_3.py
[2024-01-29T20:07:40.913+0100] {processor.py:830} INFO - Processing file /home/ubuntu/.local/lib/python3.10/site-packages/airflow/example_dags/example_branch_python_dop_operator_3.py for tasks to queue
[2024-01-29T20:07:40.914+0100] {logging_mixin.py:188} INFO - [2024-01-29T20:07:40.913+0100] {dagbag.py:538} INFO - Filling up the DagBag from /home/ubuntu/.local/lib/python3.10/site-packages/airflow/example_dags/example_branch_python_dop_operator_3.py
[2024-01-29T20:07:40.978+0100] {processor.py:840} INFO - DAG(s) 'example_branch_dop_operator_v3' retrieved from /home/ubuntu/.local/lib/python3.10/site-packages/airflow/example_dags/example_branch_python_dop_operator_3.py
[2024-01-29T20:07:41.089+0100] {logging_mixin.py:188} INFO - [2024-01-29T20:07:41.088+0100] {dag.py:3033} INFO - Sync 1 DAGs
[2024-01-29T20:07:41.215+0100] {logging_mixin.py:188} INFO - [2024-01-29T20:07:41.214+0100] {dag.py:3820} INFO - Setting next_dagrun for example_branch_dop_operator_v3 to 2024-01-29T19:06:00+00:00, run_after=2024-01-29T19:07:00+00:00
[2024-01-29T20:07:41.321+0100] {processor.py:183} INFO - Processing /home/ubuntu/.local/lib/python3.10/site-packages/airflow/example_dags/example_branch_python_dop_operator_3.py took 0.436 seconds
[2024-01-29T20:08:34.974+0100] {processor.py:161} INFO - Started process (PID=8807) to work on /home/ubuntu/.local/lib/python3.10/site-packages/airflow/example_dags/example_branch_python_dop_operator_3.py
[2024-01-29T20:08:34.976+0100] {processor.py:830} INFO - Processing file /home/ubuntu/.local/lib/python3.10/site-packages/airflow/example_dags/example_branch_python_dop_operator_3.py for tasks to queue
[2024-01-29T20:08:34.977+0100] {logging_mixin.py:188} INFO - [2024-01-29T20:08:34.977+0100] {dagbag.py:538} INFO - Filling up the DagBag from /home/ubuntu/.local/lib/python3.10/site-packages/airflow/example_dags/example_branch_python_dop_operator_3.py
[2024-01-29T20:08:34.993+0100] {processor.py:840} INFO - DAG(s) 'example_branch_dop_operator_v3' retrieved from /home/ubuntu/.local/lib/python3.10/site-packages/airflow/example_dags/example_branch_python_dop_operator_3.py
[2024-01-29T20:08:35.018+0100] {logging_mixin.py:188} INFO - [2024-01-29T20:08:35.017+0100] {dag.py:3033} INFO - Sync 1 DAGs
[2024-01-29T20:08:35.040+0100] {logging_mixin.py:188} INFO - [2024-01-29T20:08:35.040+0100] {dag.py:3820} INFO - Setting next_dagrun for example_branch_dop_operator_v3 to 2024-01-29T19:07:00+00:00, run_after=2024-01-29T19:08:00+00:00
[2024-01-29T20:08:35.067+0100] {processor.py:183} INFO - Processing /home/ubuntu/.local/lib/python3.10/site-packages/airflow/example_dags/example_branch_python_dop_operator_3.py took 0.098 seconds
[2024-01-29T20:09:17.222+0100] {processor.py:161} INFO - Started process (PID=8861) to work on /home/ubuntu/.local/lib/python3.10/site-packages/airflow/example_dags/example_branch_python_dop_operator_3.py
[2024-01-29T20:09:17.226+0100] {processor.py:830} INFO - Processing file /home/ubuntu/.local/lib/python3.10/site-packages/airflow/example_dags/example_branch_python_dop_operator_3.py for tasks to queue
[2024-01-29T20:09:17.227+0100] {logging_mixin.py:188} INFO - [2024-01-29T20:09:17.227+0100] {dagbag.py:538} INFO - Filling up the DagBag from /home/ubuntu/.local/lib/python3.10/site-packages/airflow/example_dags/example_branch_python_dop_operator_3.py
[2024-01-29T20:09:17.237+0100] {processor.py:840} INFO - DAG(s) 'example_branch_dop_operator_v3' retrieved from /home/ubuntu/.local/lib/python3.10/site-packages/airflow/example_dags/example_branch_python_dop_operator_3.py
[2024-01-29T20:09:17.252+0100] {logging_mixin.py:188} INFO - [2024-01-29T20:09:17.252+0100] {dag.py:3033} INFO - Sync 1 DAGs
[2024-01-29T20:09:17.273+0100] {logging_mixin.py:188} INFO - [2024-01-29T20:09:17.272+0100] {dag.py:3820} INFO - Setting next_dagrun for example_branch_dop_operator_v3 to 2024-01-29T19:08:00+00:00, run_after=2024-01-29T19:09:00+00:00
[2024-01-29T20:09:17.308+0100] {processor.py:183} INFO - Processing /home/ubuntu/.local/lib/python3.10/site-packages/airflow/example_dags/example_branch_python_dop_operator_3.py took 0.089 seconds
[2024-01-29T20:10:06.792+0100] {processor.py:161} INFO - Started process (PID=8923) to work on /home/ubuntu/.local/lib/python3.10/site-packages/airflow/example_dags/example_branch_python_dop_operator_3.py
[2024-01-29T20:10:06.795+0100] {processor.py:830} INFO - Processing file /home/ubuntu/.local/lib/python3.10/site-packages/airflow/example_dags/example_branch_python_dop_operator_3.py for tasks to queue
[2024-01-29T20:10:06.796+0100] {logging_mixin.py:188} INFO - [2024-01-29T20:10:06.796+0100] {dagbag.py:538} INFO - Filling up the DagBag from /home/ubuntu/.local/lib/python3.10/site-packages/airflow/example_dags/example_branch_python_dop_operator_3.py
[2024-01-29T20:10:06.808+0100] {processor.py:840} INFO - DAG(s) 'example_branch_dop_operator_v3' retrieved from /home/ubuntu/.local/lib/python3.10/site-packages/airflow/example_dags/example_branch_python_dop_operator_3.py
[2024-01-29T20:10:06.830+0100] {logging_mixin.py:188} INFO - [2024-01-29T20:10:06.830+0100] {dag.py:3033} INFO - Sync 1 DAGs
[2024-01-29T20:10:06.855+0100] {logging_mixin.py:188} INFO - [2024-01-29T20:10:06.854+0100] {dag.py:3820} INFO - Setting next_dagrun for example_branch_dop_operator_v3 to 2024-01-29T19:09:00+00:00, run_after=2024-01-29T19:10:00+00:00
[2024-01-29T20:10:06.886+0100] {processor.py:183} INFO - Processing /home/ubuntu/.local/lib/python3.10/site-packages/airflow/example_dags/example_branch_python_dop_operator_3.py took 0.098 seconds
[2024-01-29T20:10:54.440+0100] {processor.py:161} INFO - Started process (PID=8978) to work on /home/ubuntu/.local/lib/python3.10/site-packages/airflow/example_dags/example_branch_python_dop_operator_3.py
[2024-01-29T20:10:54.442+0100] {processor.py:830} INFO - Processing file /home/ubuntu/.local/lib/python3.10/site-packages/airflow/example_dags/example_branch_python_dop_operator_3.py for tasks to queue
[2024-01-29T20:10:54.444+0100] {logging_mixin.py:188} INFO - [2024-01-29T20:10:54.443+0100] {dagbag.py:538} INFO - Filling up the DagBag from /home/ubuntu/.local/lib/python3.10/site-packages/airflow/example_dags/example_branch_python_dop_operator_3.py
[2024-01-29T20:10:54.458+0100] {processor.py:840} INFO - DAG(s) 'example_branch_dop_operator_v3' retrieved from /home/ubuntu/.local/lib/python3.10/site-packages/airflow/example_dags/example_branch_python_dop_operator_3.py
[2024-01-29T20:10:54.484+0100] {logging_mixin.py:188} INFO - [2024-01-29T20:10:54.484+0100] {dag.py:3033} INFO - Sync 1 DAGs
[2024-01-29T20:10:54.556+0100] {logging_mixin.py:188} INFO - [2024-01-29T20:10:54.556+0100] {dag.py:3820} INFO - Setting next_dagrun for example_branch_dop_operator_v3 to 2024-01-29T19:09:00+00:00, run_after=2024-01-29T19:10:00+00:00
[2024-01-29T20:10:54.599+0100] {processor.py:183} INFO - Processing /home/ubuntu/.local/lib/python3.10/site-packages/airflow/example_dags/example_branch_python_dop_operator_3.py took 0.163 seconds
[2024-01-29T20:11:46.740+0100] {processor.py:161} INFO - Started process (PID=9040) to work on /home/ubuntu/.local/lib/python3.10/site-packages/airflow/example_dags/example_branch_python_dop_operator_3.py
[2024-01-29T20:11:46.759+0100] {processor.py:830} INFO - Processing file /home/ubuntu/.local/lib/python3.10/site-packages/airflow/example_dags/example_branch_python_dop_operator_3.py for tasks to queue
[2024-01-29T20:11:46.760+0100] {logging_mixin.py:188} INFO - [2024-01-29T20:11:46.759+0100] {dagbag.py:538} INFO - Filling up the DagBag from /home/ubuntu/.local/lib/python3.10/site-packages/airflow/example_dags/example_branch_python_dop_operator_3.py
[2024-01-29T20:11:46.777+0100] {processor.py:840} INFO - DAG(s) 'example_branch_dop_operator_v3' retrieved from /home/ubuntu/.local/lib/python3.10/site-packages/airflow/example_dags/example_branch_python_dop_operator_3.py
[2024-01-29T20:11:46.858+0100] {logging_mixin.py:188} INFO - [2024-01-29T20:11:46.848+0100] {dag.py:3033} INFO - Sync 1 DAGs
[2024-01-29T20:11:46.940+0100] {logging_mixin.py:188} INFO - [2024-01-29T20:11:46.939+0100] {dag.py:3820} INFO - Setting next_dagrun for example_branch_dop_operator_v3 to 2024-01-29T19:10:00+00:00, run_after=2024-01-29T19:11:00+00:00
[2024-01-29T20:11:47.099+0100] {processor.py:183} INFO - Processing /home/ubuntu/.local/lib/python3.10/site-packages/airflow/example_dags/example_branch_python_dop_operator_3.py took 0.365 seconds
[2024-01-29T20:12:46.807+0100] {processor.py:161} INFO - Started process (PID=9120) to work on /home/ubuntu/.local/lib/python3.10/site-packages/airflow/example_dags/example_branch_python_dop_operator_3.py
[2024-01-29T20:12:46.809+0100] {processor.py:830} INFO - Processing file /home/ubuntu/.local/lib/python3.10/site-packages/airflow/example_dags/example_branch_python_dop_operator_3.py for tasks to queue
[2024-01-29T20:12:46.810+0100] {logging_mixin.py:188} INFO - [2024-01-29T20:12:46.809+0100] {dagbag.py:538} INFO - Filling up the DagBag from /home/ubuntu/.local/lib/python3.10/site-packages/airflow/example_dags/example_branch_python_dop_operator_3.py
[2024-01-29T20:12:46.824+0100] {processor.py:840} INFO - DAG(s) 'example_branch_dop_operator_v3' retrieved from /home/ubuntu/.local/lib/python3.10/site-packages/airflow/example_dags/example_branch_python_dop_operator_3.py
[2024-01-29T20:12:46.844+0100] {logging_mixin.py:188} INFO - [2024-01-29T20:12:46.844+0100] {dag.py:3033} INFO - Sync 1 DAGs
[2024-01-29T20:12:46.872+0100] {logging_mixin.py:188} INFO - [2024-01-29T20:12:46.872+0100] {dag.py:3820} INFO - Setting next_dagrun for example_branch_dop_operator_v3 to 2024-01-29T19:11:00+00:00, run_after=2024-01-29T19:12:00+00:00
[2024-01-29T20:12:46.913+0100] {processor.py:183} INFO - Processing /home/ubuntu/.local/lib/python3.10/site-packages/airflow/example_dags/example_branch_python_dop_operator_3.py took 0.110 seconds
[2024-01-29T20:14:21.392+0100] {processor.py:161} INFO - Started process (PID=9251) to work on /home/ubuntu/.local/lib/python3.10/site-packages/airflow/example_dags/example_branch_python_dop_operator_3.py
[2024-01-29T20:14:21.397+0100] {processor.py:830} INFO - Processing file /home/ubuntu/.local/lib/python3.10/site-packages/airflow/example_dags/example_branch_python_dop_operator_3.py for tasks to queue
[2024-01-29T20:14:21.398+0100] {logging_mixin.py:188} INFO - [2024-01-29T20:14:21.398+0100] {dagbag.py:538} INFO - Filling up the DagBag from /home/ubuntu/.local/lib/python3.10/site-packages/airflow/example_dags/example_branch_python_dop_operator_3.py
[2024-01-29T20:14:21.420+0100] {processor.py:840} INFO - DAG(s) 'example_branch_dop_operator_v3' retrieved from /home/ubuntu/.local/lib/python3.10/site-packages/airflow/example_dags/example_branch_python_dop_operator_3.py
[2024-01-29T20:14:21.479+0100] {logging_mixin.py:188} INFO - [2024-01-29T20:14:21.479+0100] {dag.py:3033} INFO - Sync 1 DAGs
[2024-01-29T20:14:21.507+0100] {logging_mixin.py:188} INFO - [2024-01-29T20:14:21.507+0100] {dag.py:3820} INFO - Setting next_dagrun for example_branch_dop_operator_v3 to 2024-01-29T19:13:00+00:00, run_after=2024-01-29T19:14:00+00:00
[2024-01-29T20:14:21.544+0100] {processor.py:183} INFO - Processing /home/ubuntu/.local/lib/python3.10/site-packages/airflow/example_dags/example_branch_python_dop_operator_3.py took 0.155 seconds
[2024-01-29T20:15:13.838+0100] {processor.py:161} INFO - Started process (PID=9308) to work on /home/ubuntu/.local/lib/python3.10/site-packages/airflow/example_dags/example_branch_python_dop_operator_3.py
[2024-01-29T20:15:13.840+0100] {processor.py:830} INFO - Processing file /home/ubuntu/.local/lib/python3.10/site-packages/airflow/example_dags/example_branch_python_dop_operator_3.py for tasks to queue
[2024-01-29T20:15:13.841+0100] {logging_mixin.py:188} INFO - [2024-01-29T20:15:13.841+0100] {dagbag.py:538} INFO - Filling up the DagBag from /home/ubuntu/.local/lib/python3.10/site-packages/airflow/example_dags/example_branch_python_dop_operator_3.py
[2024-01-29T20:15:13.856+0100] {processor.py:840} INFO - DAG(s) 'example_branch_dop_operator_v3' retrieved from /home/ubuntu/.local/lib/python3.10/site-packages/airflow/example_dags/example_branch_python_dop_operator_3.py
[2024-01-29T20:15:13.880+0100] {logging_mixin.py:188} INFO - [2024-01-29T20:15:13.879+0100] {dag.py:3033} INFO - Sync 1 DAGs
[2024-01-29T20:15:13.927+0100] {logging_mixin.py:188} INFO - [2024-01-29T20:15:13.926+0100] {dag.py:3820} INFO - Setting next_dagrun for example_branch_dop_operator_v3 to 2024-01-29T19:14:00+00:00, run_after=2024-01-29T19:15:00+00:00
[2024-01-29T20:15:14.028+0100] {processor.py:183} INFO - Processing /home/ubuntu/.local/lib/python3.10/site-packages/airflow/example_dags/example_branch_python_dop_operator_3.py took 0.195 seconds
[2024-01-29T20:15:59.030+0100] {processor.py:161} INFO - Started process (PID=9360) to work on /home/ubuntu/.local/lib/python3.10/site-packages/airflow/example_dags/example_branch_python_dop_operator_3.py
[2024-01-29T20:15:59.033+0100] {processor.py:830} INFO - Processing file /home/ubuntu/.local/lib/python3.10/site-packages/airflow/example_dags/example_branch_python_dop_operator_3.py for tasks to queue
[2024-01-29T20:15:59.035+0100] {logging_mixin.py:188} INFO - [2024-01-29T20:15:59.035+0100] {dagbag.py:538} INFO - Filling up the DagBag from /home/ubuntu/.local/lib/python3.10/site-packages/airflow/example_dags/example_branch_python_dop_operator_3.py
[2024-01-29T20:15:59.049+0100] {processor.py:840} INFO - DAG(s) 'example_branch_dop_operator_v3' retrieved from /home/ubuntu/.local/lib/python3.10/site-packages/airflow/example_dags/example_branch_python_dop_operator_3.py
[2024-01-29T20:15:59.077+0100] {logging_mixin.py:188} INFO - [2024-01-29T20:15:59.076+0100] {dag.py:3033} INFO - Sync 1 DAGs
[2024-01-29T20:15:59.104+0100] {logging_mixin.py:188} INFO - [2024-01-29T20:15:59.104+0100] {dag.py:3820} INFO - Setting next_dagrun for example_branch_dop_operator_v3 to 2024-01-29T19:14:00+00:00, run_after=2024-01-29T19:15:00+00:00
[2024-01-29T20:15:59.199+0100] {processor.py:183} INFO - Processing /home/ubuntu/.local/lib/python3.10/site-packages/airflow/example_dags/example_branch_python_dop_operator_3.py took 0.176 seconds
[2024-01-29T20:16:45.284+0100] {processor.py:161} INFO - Started process (PID=9409) to work on /home/ubuntu/.local/lib/python3.10/site-packages/airflow/example_dags/example_branch_python_dop_operator_3.py
[2024-01-29T20:16:45.285+0100] {processor.py:830} INFO - Processing file /home/ubuntu/.local/lib/python3.10/site-packages/airflow/example_dags/example_branch_python_dop_operator_3.py for tasks to queue
[2024-01-29T20:16:45.287+0100] {logging_mixin.py:188} INFO - [2024-01-29T20:16:45.286+0100] {dagbag.py:538} INFO - Filling up the DagBag from /home/ubuntu/.local/lib/python3.10/site-packages/airflow/example_dags/example_branch_python_dop_operator_3.py
[2024-01-29T20:16:45.298+0100] {processor.py:840} INFO - DAG(s) 'example_branch_dop_operator_v3' retrieved from /home/ubuntu/.local/lib/python3.10/site-packages/airflow/example_dags/example_branch_python_dop_operator_3.py
[2024-01-29T20:16:45.324+0100] {logging_mixin.py:188} INFO - [2024-01-29T20:16:45.324+0100] {dag.py:3033} INFO - Sync 1 DAGs
[2024-01-29T20:16:45.350+0100] {logging_mixin.py:188} INFO - [2024-01-29T20:16:45.350+0100] {dag.py:3820} INFO - Setting next_dagrun for example_branch_dop_operator_v3 to 2024-01-29T19:15:00+00:00, run_after=2024-01-29T19:16:00+00:00
[2024-01-29T20:16:45.438+0100] {processor.py:183} INFO - Processing /home/ubuntu/.local/lib/python3.10/site-packages/airflow/example_dags/example_branch_python_dop_operator_3.py took 0.159 seconds
[2024-01-29T20:17:34.896+0100] {processor.py:161} INFO - Started process (PID=9465) to work on /home/ubuntu/.local/lib/python3.10/site-packages/airflow/example_dags/example_branch_python_dop_operator_3.py
[2024-01-29T20:17:34.898+0100] {processor.py:830} INFO - Processing file /home/ubuntu/.local/lib/python3.10/site-packages/airflow/example_dags/example_branch_python_dop_operator_3.py for tasks to queue
[2024-01-29T20:17:34.899+0100] {logging_mixin.py:188} INFO - [2024-01-29T20:17:34.899+0100] {dagbag.py:538} INFO - Filling up the DagBag from /home/ubuntu/.local/lib/python3.10/site-packages/airflow/example_dags/example_branch_python_dop_operator_3.py
[2024-01-29T20:17:34.908+0100] {processor.py:840} INFO - DAG(s) 'example_branch_dop_operator_v3' retrieved from /home/ubuntu/.local/lib/python3.10/site-packages/airflow/example_dags/example_branch_python_dop_operator_3.py
[2024-01-29T20:17:34.923+0100] {logging_mixin.py:188} INFO - [2024-01-29T20:17:34.922+0100] {dag.py:3033} INFO - Sync 1 DAGs
[2024-01-29T20:17:34.942+0100] {logging_mixin.py:188} INFO - [2024-01-29T20:17:34.941+0100] {dag.py:3820} INFO - Setting next_dagrun for example_branch_dop_operator_v3 to 2024-01-29T19:16:00+00:00, run_after=2024-01-29T19:17:00+00:00
[2024-01-29T20:17:35.065+0100] {processor.py:183} INFO - Processing /home/ubuntu/.local/lib/python3.10/site-packages/airflow/example_dags/example_branch_python_dop_operator_3.py took 0.172 seconds
[2024-01-29T20:18:21.250+0100] {processor.py:161} INFO - Started process (PID=9517) to work on /home/ubuntu/.local/lib/python3.10/site-packages/airflow/example_dags/example_branch_python_dop_operator_3.py
[2024-01-29T20:18:21.252+0100] {processor.py:830} INFO - Processing file /home/ubuntu/.local/lib/python3.10/site-packages/airflow/example_dags/example_branch_python_dop_operator_3.py for tasks to queue
[2024-01-29T20:18:21.252+0100] {logging_mixin.py:188} INFO - [2024-01-29T20:18:21.252+0100] {dagbag.py:538} INFO - Filling up the DagBag from /home/ubuntu/.local/lib/python3.10/site-packages/airflow/example_dags/example_branch_python_dop_operator_3.py
[2024-01-29T20:18:21.263+0100] {processor.py:840} INFO - DAG(s) 'example_branch_dop_operator_v3' retrieved from /home/ubuntu/.local/lib/python3.10/site-packages/airflow/example_dags/example_branch_python_dop_operator_3.py
[2024-01-29T20:18:21.281+0100] {logging_mixin.py:188} INFO - [2024-01-29T20:18:21.281+0100] {dag.py:3033} INFO - Sync 1 DAGs
[2024-01-29T20:18:21.306+0100] {logging_mixin.py:188} INFO - [2024-01-29T20:18:21.305+0100] {dag.py:3820} INFO - Setting next_dagrun for example_branch_dop_operator_v3 to 2024-01-29T19:17:00+00:00, run_after=2024-01-29T19:18:00+00:00
[2024-01-29T20:18:21.338+0100] {processor.py:183} INFO - Processing /home/ubuntu/.local/lib/python3.10/site-packages/airflow/example_dags/example_branch_python_dop_operator_3.py took 0.095 seconds
[2024-01-29T20:19:24.742+0100] {processor.py:161} INFO - Started process (PID=9611) to work on /home/ubuntu/.local/lib/python3.10/site-packages/airflow/example_dags/example_branch_python_dop_operator_3.py
[2024-01-29T20:19:24.744+0100] {processor.py:830} INFO - Processing file /home/ubuntu/.local/lib/python3.10/site-packages/airflow/example_dags/example_branch_python_dop_operator_3.py for tasks to queue
[2024-01-29T20:19:24.745+0100] {logging_mixin.py:188} INFO - [2024-01-29T20:19:24.745+0100] {dagbag.py:538} INFO - Filling up the DagBag from /home/ubuntu/.local/lib/python3.10/site-packages/airflow/example_dags/example_branch_python_dop_operator_3.py
[2024-01-29T20:19:24.755+0100] {processor.py:840} INFO - DAG(s) 'example_branch_dop_operator_v3' retrieved from /home/ubuntu/.local/lib/python3.10/site-packages/airflow/example_dags/example_branch_python_dop_operator_3.py
[2024-01-29T20:19:24.776+0100] {logging_mixin.py:188} INFO - [2024-01-29T20:19:24.776+0100] {dag.py:3033} INFO - Sync 1 DAGs
[2024-01-29T20:19:24.800+0100] {logging_mixin.py:188} INFO - [2024-01-29T20:19:24.799+0100] {dag.py:3820} INFO - Setting next_dagrun for example_branch_dop_operator_v3 to 2024-01-29T19:18:00+00:00, run_after=2024-01-29T19:19:00+00:00
[2024-01-29T20:19:24.833+0100] {processor.py:183} INFO - Processing /home/ubuntu/.local/lib/python3.10/site-packages/airflow/example_dags/example_branch_python_dop_operator_3.py took 0.094 seconds
[2024-01-29T20:20:08.109+0100] {processor.py:161} INFO - Started process (PID=9662) to work on /home/ubuntu/.local/lib/python3.10/site-packages/airflow/example_dags/example_branch_python_dop_operator_3.py
[2024-01-29T20:20:08.112+0100] {processor.py:830} INFO - Processing file /home/ubuntu/.local/lib/python3.10/site-packages/airflow/example_dags/example_branch_python_dop_operator_3.py for tasks to queue
[2024-01-29T20:20:08.113+0100] {logging_mixin.py:188} INFO - [2024-01-29T20:20:08.113+0100] {dagbag.py:538} INFO - Filling up the DagBag from /home/ubuntu/.local/lib/python3.10/site-packages/airflow/example_dags/example_branch_python_dop_operator_3.py
[2024-01-29T20:20:08.122+0100] {processor.py:840} INFO - DAG(s) 'example_branch_dop_operator_v3' retrieved from /home/ubuntu/.local/lib/python3.10/site-packages/airflow/example_dags/example_branch_python_dop_operator_3.py
[2024-01-29T20:20:08.137+0100] {logging_mixin.py:188} INFO - [2024-01-29T20:20:08.136+0100] {dag.py:3033} INFO - Sync 1 DAGs
[2024-01-29T20:20:08.157+0100] {logging_mixin.py:188} INFO - [2024-01-29T20:20:08.157+0100] {dag.py:3820} INFO - Setting next_dagrun for example_branch_dop_operator_v3 to 2024-01-29T19:19:00+00:00, run_after=2024-01-29T19:20:00+00:00
[2024-01-29T20:20:08.214+0100] {processor.py:183} INFO - Processing /home/ubuntu/.local/lib/python3.10/site-packages/airflow/example_dags/example_branch_python_dop_operator_3.py took 0.108 seconds
