[2024-01-29T19:53:56.437+0100] {processor.py:161} INFO - Started process (PID=7807) to work on /home/ubuntu/.local/lib/python3.10/site-packages/airflow/example_dags/example_trigger_target_dag.py
[2024-01-29T19:53:56.438+0100] {processor.py:830} INFO - Processing file /home/ubuntu/.local/lib/python3.10/site-packages/airflow/example_dags/example_trigger_target_dag.py for tasks to queue
[2024-01-29T19:53:56.439+0100] {logging_mixin.py:188} INFO - [2024-01-29T19:53:56.439+0100] {dagbag.py:538} INFO - Filling up the DagBag from /home/ubuntu/.local/lib/python3.10/site-packages/airflow/example_dags/example_trigger_target_dag.py
[2024-01-29T19:53:56.452+0100] {processor.py:840} INFO - DAG(s) 'example_trigger_target_dag' retrieved from /home/ubuntu/.local/lib/python3.10/site-packages/airflow/example_dags/example_trigger_target_dag.py
[2024-01-29T19:53:56.468+0100] {logging_mixin.py:188} INFO - [2024-01-29T19:53:56.468+0100] {dag.py:3033} INFO - Sync 1 DAGs
[2024-01-29T19:53:56.538+0100] {logging_mixin.py:188} INFO - [2024-01-29T19:53:56.538+0100] {dag.py:3820} INFO - Setting next_dagrun for example_trigger_target_dag to None, run_after=None
[2024-01-29T19:53:56.612+0100] {processor.py:183} INFO - Processing /home/ubuntu/.local/lib/python3.10/site-packages/airflow/example_dags/example_trigger_target_dag.py took 0.180 seconds
[2024-01-29T19:55:20.243+0100] {processor.py:161} INFO - Started process (PID=7922) to work on /home/ubuntu/.local/lib/python3.10/site-packages/airflow/example_dags/example_trigger_target_dag.py
[2024-01-29T19:55:20.245+0100] {processor.py:830} INFO - Processing file /home/ubuntu/.local/lib/python3.10/site-packages/airflow/example_dags/example_trigger_target_dag.py for tasks to queue
[2024-01-29T19:55:20.246+0100] {logging_mixin.py:188} INFO - [2024-01-29T19:55:20.246+0100] {dagbag.py:538} INFO - Filling up the DagBag from /home/ubuntu/.local/lib/python3.10/site-packages/airflow/example_dags/example_trigger_target_dag.py
[2024-01-29T19:55:20.253+0100] {processor.py:840} INFO - DAG(s) 'example_trigger_target_dag' retrieved from /home/ubuntu/.local/lib/python3.10/site-packages/airflow/example_dags/example_trigger_target_dag.py
[2024-01-29T19:55:20.363+0100] {logging_mixin.py:188} INFO - [2024-01-29T19:55:20.363+0100] {dag.py:3033} INFO - Sync 1 DAGs
[2024-01-29T19:55:20.377+0100] {logging_mixin.py:188} INFO - [2024-01-29T19:55:20.377+0100] {dag.py:3820} INFO - Setting next_dagrun for example_trigger_target_dag to None, run_after=None
[2024-01-29T19:55:20.409+0100] {processor.py:183} INFO - Processing /home/ubuntu/.local/lib/python3.10/site-packages/airflow/example_dags/example_trigger_target_dag.py took 0.176 seconds
[2024-01-29T19:56:41.650+0100] {processor.py:161} INFO - Started process (PID=8001) to work on /home/ubuntu/.local/lib/python3.10/site-packages/airflow/example_dags/example_trigger_target_dag.py
[2024-01-29T19:56:41.652+0100] {processor.py:830} INFO - Processing file /home/ubuntu/.local/lib/python3.10/site-packages/airflow/example_dags/example_trigger_target_dag.py for tasks to queue
[2024-01-29T19:56:41.653+0100] {logging_mixin.py:188} INFO - [2024-01-29T19:56:41.653+0100] {dagbag.py:538} INFO - Filling up the DagBag from /home/ubuntu/.local/lib/python3.10/site-packages/airflow/example_dags/example_trigger_target_dag.py
[2024-01-29T19:56:41.663+0100] {processor.py:840} INFO - DAG(s) 'example_trigger_target_dag' retrieved from /home/ubuntu/.local/lib/python3.10/site-packages/airflow/example_dags/example_trigger_target_dag.py
[2024-01-29T19:56:41.686+0100] {logging_mixin.py:188} INFO - [2024-01-29T19:56:41.685+0100] {dag.py:3033} INFO - Sync 1 DAGs
[2024-01-29T19:56:41.698+0100] {logging_mixin.py:188} INFO - [2024-01-29T19:56:41.698+0100] {dag.py:3820} INFO - Setting next_dagrun for example_trigger_target_dag to None, run_after=None
[2024-01-29T19:56:41.736+0100] {processor.py:183} INFO - Processing /home/ubuntu/.local/lib/python3.10/site-packages/airflow/example_dags/example_trigger_target_dag.py took 0.090 seconds
[2024-01-29T19:57:24.750+0100] {processor.py:161} INFO - Started process (PID=8043) to work on /home/ubuntu/.local/lib/python3.10/site-packages/airflow/example_dags/example_trigger_target_dag.py
[2024-01-29T19:57:24.755+0100] {processor.py:830} INFO - Processing file /home/ubuntu/.local/lib/python3.10/site-packages/airflow/example_dags/example_trigger_target_dag.py for tasks to queue
[2024-01-29T19:57:24.756+0100] {logging_mixin.py:188} INFO - [2024-01-29T19:57:24.756+0100] {dagbag.py:538} INFO - Filling up the DagBag from /home/ubuntu/.local/lib/python3.10/site-packages/airflow/example_dags/example_trigger_target_dag.py
[2024-01-29T19:57:24.771+0100] {processor.py:840} INFO - DAG(s) 'example_trigger_target_dag' retrieved from /home/ubuntu/.local/lib/python3.10/site-packages/airflow/example_dags/example_trigger_target_dag.py
[2024-01-29T19:57:24.805+0100] {logging_mixin.py:188} INFO - [2024-01-29T19:57:24.804+0100] {dag.py:3033} INFO - Sync 1 DAGs
[2024-01-29T19:57:24.819+0100] {logging_mixin.py:188} INFO - [2024-01-29T19:57:24.819+0100] {dag.py:3820} INFO - Setting next_dagrun for example_trigger_target_dag to None, run_after=None
[2024-01-29T19:57:24.847+0100] {processor.py:183} INFO - Processing /home/ubuntu/.local/lib/python3.10/site-packages/airflow/example_dags/example_trigger_target_dag.py took 0.104 seconds
[2024-01-29T19:58:17.401+0100] {processor.py:161} INFO - Started process (PID=8103) to work on /home/ubuntu/.local/lib/python3.10/site-packages/airflow/example_dags/example_trigger_target_dag.py
[2024-01-29T19:58:17.404+0100] {processor.py:830} INFO - Processing file /home/ubuntu/.local/lib/python3.10/site-packages/airflow/example_dags/example_trigger_target_dag.py for tasks to queue
[2024-01-29T19:58:17.407+0100] {logging_mixin.py:188} INFO - [2024-01-29T19:58:17.407+0100] {dagbag.py:538} INFO - Filling up the DagBag from /home/ubuntu/.local/lib/python3.10/site-packages/airflow/example_dags/example_trigger_target_dag.py
[2024-01-29T19:58:17.420+0100] {processor.py:840} INFO - DAG(s) 'example_trigger_target_dag' retrieved from /home/ubuntu/.local/lib/python3.10/site-packages/airflow/example_dags/example_trigger_target_dag.py
[2024-01-29T19:58:17.443+0100] {logging_mixin.py:188} INFO - [2024-01-29T19:58:17.442+0100] {dag.py:3033} INFO - Sync 1 DAGs
[2024-01-29T19:58:17.462+0100] {logging_mixin.py:188} INFO - [2024-01-29T19:58:17.462+0100] {dag.py:3820} INFO - Setting next_dagrun for example_trigger_target_dag to None, run_after=None
[2024-01-29T19:58:17.499+0100] {processor.py:183} INFO - Processing /home/ubuntu/.local/lib/python3.10/site-packages/airflow/example_dags/example_trigger_target_dag.py took 0.107 seconds
[2024-01-29T19:59:02.837+0100] {processor.py:161} INFO - Started process (PID=8156) to work on /home/ubuntu/.local/lib/python3.10/site-packages/airflow/example_dags/example_trigger_target_dag.py
[2024-01-29T19:59:02.839+0100] {processor.py:830} INFO - Processing file /home/ubuntu/.local/lib/python3.10/site-packages/airflow/example_dags/example_trigger_target_dag.py for tasks to queue
[2024-01-29T19:59:02.840+0100] {logging_mixin.py:188} INFO - [2024-01-29T19:59:02.839+0100] {dagbag.py:538} INFO - Filling up the DagBag from /home/ubuntu/.local/lib/python3.10/site-packages/airflow/example_dags/example_trigger_target_dag.py
[2024-01-29T19:59:02.846+0100] {processor.py:840} INFO - DAG(s) 'example_trigger_target_dag' retrieved from /home/ubuntu/.local/lib/python3.10/site-packages/airflow/example_dags/example_trigger_target_dag.py
[2024-01-29T19:59:02.861+0100] {logging_mixin.py:188} INFO - [2024-01-29T19:59:02.860+0100] {dag.py:3033} INFO - Sync 1 DAGs
[2024-01-29T19:59:02.870+0100] {logging_mixin.py:188} INFO - [2024-01-29T19:59:02.870+0100] {dag.py:3820} INFO - Setting next_dagrun for example_trigger_target_dag to None, run_after=None
[2024-01-29T19:59:02.899+0100] {processor.py:183} INFO - Processing /home/ubuntu/.local/lib/python3.10/site-packages/airflow/example_dags/example_trigger_target_dag.py took 0.065 seconds
[2024-01-29T19:59:48.474+0100] {processor.py:161} INFO - Started process (PID=8219) to work on /home/ubuntu/.local/lib/python3.10/site-packages/airflow/example_dags/example_trigger_target_dag.py
[2024-01-29T19:59:48.500+0100] {processor.py:830} INFO - Processing file /home/ubuntu/.local/lib/python3.10/site-packages/airflow/example_dags/example_trigger_target_dag.py for tasks to queue
[2024-01-29T19:59:48.524+0100] {logging_mixin.py:188} INFO - [2024-01-29T19:59:48.501+0100] {dagbag.py:538} INFO - Filling up the DagBag from /home/ubuntu/.local/lib/python3.10/site-packages/airflow/example_dags/example_trigger_target_dag.py
[2024-01-29T19:59:48.545+0100] {processor.py:840} INFO - DAG(s) 'example_trigger_target_dag' retrieved from /home/ubuntu/.local/lib/python3.10/site-packages/airflow/example_dags/example_trigger_target_dag.py
[2024-01-29T19:59:48.658+0100] {logging_mixin.py:188} INFO - [2024-01-29T19:59:48.649+0100] {dag.py:3033} INFO - Sync 1 DAGs
[2024-01-29T19:59:48.703+0100] {logging_mixin.py:188} INFO - [2024-01-29T19:59:48.702+0100] {dag.py:3820} INFO - Setting next_dagrun for example_trigger_target_dag to None, run_after=None
[2024-01-29T19:59:49.000+0100] {processor.py:183} INFO - Processing /home/ubuntu/.local/lib/python3.10/site-packages/airflow/example_dags/example_trigger_target_dag.py took 0.537 seconds
[2024-01-29T20:01:09.933+0100] {processor.py:161} INFO - Started process (PID=8289) to work on /home/ubuntu/.local/lib/python3.10/site-packages/airflow/example_dags/example_trigger_target_dag.py
[2024-01-29T20:01:09.935+0100] {processor.py:830} INFO - Processing file /home/ubuntu/.local/lib/python3.10/site-packages/airflow/example_dags/example_trigger_target_dag.py for tasks to queue
[2024-01-29T20:01:09.936+0100] {logging_mixin.py:188} INFO - [2024-01-29T20:01:09.935+0100] {dagbag.py:538} INFO - Filling up the DagBag from /home/ubuntu/.local/lib/python3.10/site-packages/airflow/example_dags/example_trigger_target_dag.py
[2024-01-29T20:01:09.942+0100] {processor.py:840} INFO - DAG(s) 'example_trigger_target_dag' retrieved from /home/ubuntu/.local/lib/python3.10/site-packages/airflow/example_dags/example_trigger_target_dag.py
[2024-01-29T20:01:09.957+0100] {logging_mixin.py:188} INFO - [2024-01-29T20:01:09.956+0100] {dag.py:3033} INFO - Sync 1 DAGs
[2024-01-29T20:01:09.966+0100] {logging_mixin.py:188} INFO - [2024-01-29T20:01:09.966+0100] {dag.py:3820} INFO - Setting next_dagrun for example_trigger_target_dag to None, run_after=None
[2024-01-29T20:01:09.997+0100] {processor.py:183} INFO - Processing /home/ubuntu/.local/lib/python3.10/site-packages/airflow/example_dags/example_trigger_target_dag.py took 0.067 seconds
[2024-01-29T20:01:57.093+0100] {processor.py:161} INFO - Started process (PID=8342) to work on /home/ubuntu/.local/lib/python3.10/site-packages/airflow/example_dags/example_trigger_target_dag.py
[2024-01-29T20:01:57.095+0100] {processor.py:830} INFO - Processing file /home/ubuntu/.local/lib/python3.10/site-packages/airflow/example_dags/example_trigger_target_dag.py for tasks to queue
[2024-01-29T20:01:57.097+0100] {logging_mixin.py:188} INFO - [2024-01-29T20:01:57.097+0100] {dagbag.py:538} INFO - Filling up the DagBag from /home/ubuntu/.local/lib/python3.10/site-packages/airflow/example_dags/example_trigger_target_dag.py
[2024-01-29T20:01:57.104+0100] {processor.py:840} INFO - DAG(s) 'example_trigger_target_dag' retrieved from /home/ubuntu/.local/lib/python3.10/site-packages/airflow/example_dags/example_trigger_target_dag.py
[2024-01-29T20:01:57.120+0100] {logging_mixin.py:188} INFO - [2024-01-29T20:01:57.120+0100] {dag.py:3033} INFO - Sync 1 DAGs
[2024-01-29T20:01:57.134+0100] {logging_mixin.py:188} INFO - [2024-01-29T20:01:57.133+0100] {dag.py:3820} INFO - Setting next_dagrun for example_trigger_target_dag to None, run_after=None
[2024-01-29T20:01:57.165+0100] {processor.py:183} INFO - Processing /home/ubuntu/.local/lib/python3.10/site-packages/airflow/example_dags/example_trigger_target_dag.py took 0.076 seconds
[2024-01-29T20:02:52.725+0100] {processor.py:161} INFO - Started process (PID=8437) to work on /home/ubuntu/.local/lib/python3.10/site-packages/airflow/example_dags/example_trigger_target_dag.py
[2024-01-29T20:02:52.727+0100] {processor.py:830} INFO - Processing file /home/ubuntu/.local/lib/python3.10/site-packages/airflow/example_dags/example_trigger_target_dag.py for tasks to queue
[2024-01-29T20:02:52.728+0100] {logging_mixin.py:188} INFO - [2024-01-29T20:02:52.727+0100] {dagbag.py:538} INFO - Filling up the DagBag from /home/ubuntu/.local/lib/python3.10/site-packages/airflow/example_dags/example_trigger_target_dag.py
[2024-01-29T20:02:52.735+0100] {processor.py:840} INFO - DAG(s) 'example_trigger_target_dag' retrieved from /home/ubuntu/.local/lib/python3.10/site-packages/airflow/example_dags/example_trigger_target_dag.py
[2024-01-29T20:02:52.749+0100] {logging_mixin.py:188} INFO - [2024-01-29T20:02:52.749+0100] {dag.py:3033} INFO - Sync 1 DAGs
[2024-01-29T20:02:52.759+0100] {logging_mixin.py:188} INFO - [2024-01-29T20:02:52.759+0100] {dag.py:3820} INFO - Setting next_dagrun for example_trigger_target_dag to None, run_after=None
[2024-01-29T20:02:52.788+0100] {processor.py:183} INFO - Processing /home/ubuntu/.local/lib/python3.10/site-packages/airflow/example_dags/example_trigger_target_dag.py took 0.067 seconds
[2024-01-29T20:03:43.970+0100] {processor.py:161} INFO - Started process (PID=8494) to work on /home/ubuntu/.local/lib/python3.10/site-packages/airflow/example_dags/example_trigger_target_dag.py
[2024-01-29T20:03:43.972+0100] {processor.py:830} INFO - Processing file /home/ubuntu/.local/lib/python3.10/site-packages/airflow/example_dags/example_trigger_target_dag.py for tasks to queue
[2024-01-29T20:03:43.973+0100] {logging_mixin.py:188} INFO - [2024-01-29T20:03:43.972+0100] {dagbag.py:538} INFO - Filling up the DagBag from /home/ubuntu/.local/lib/python3.10/site-packages/airflow/example_dags/example_trigger_target_dag.py
[2024-01-29T20:03:43.980+0100] {processor.py:840} INFO - DAG(s) 'example_trigger_target_dag' retrieved from /home/ubuntu/.local/lib/python3.10/site-packages/airflow/example_dags/example_trigger_target_dag.py
[2024-01-29T20:03:43.997+0100] {logging_mixin.py:188} INFO - [2024-01-29T20:03:43.997+0100] {dag.py:3033} INFO - Sync 1 DAGs
[2024-01-29T20:03:44.009+0100] {logging_mixin.py:188} INFO - [2024-01-29T20:03:44.009+0100] {dag.py:3820} INFO - Setting next_dagrun for example_trigger_target_dag to None, run_after=None
[2024-01-29T20:03:44.050+0100] {processor.py:183} INFO - Processing /home/ubuntu/.local/lib/python3.10/site-packages/airflow/example_dags/example_trigger_target_dag.py took 0.084 seconds
[2024-01-29T20:04:28.771+0100] {processor.py:161} INFO - Started process (PID=8547) to work on /home/ubuntu/.local/lib/python3.10/site-packages/airflow/example_dags/example_trigger_target_dag.py
[2024-01-29T20:04:28.773+0100] {processor.py:830} INFO - Processing file /home/ubuntu/.local/lib/python3.10/site-packages/airflow/example_dags/example_trigger_target_dag.py for tasks to queue
[2024-01-29T20:04:28.774+0100] {logging_mixin.py:188} INFO - [2024-01-29T20:04:28.774+0100] {dagbag.py:538} INFO - Filling up the DagBag from /home/ubuntu/.local/lib/python3.10/site-packages/airflow/example_dags/example_trigger_target_dag.py
[2024-01-29T20:04:28.799+0100] {processor.py:840} INFO - DAG(s) 'example_trigger_target_dag' retrieved from /home/ubuntu/.local/lib/python3.10/site-packages/airflow/example_dags/example_trigger_target_dag.py
[2024-01-29T20:04:28.919+0100] {logging_mixin.py:188} INFO - [2024-01-29T20:04:28.919+0100] {dag.py:3033} INFO - Sync 1 DAGs
[2024-01-29T20:04:28.956+0100] {logging_mixin.py:188} INFO - [2024-01-29T20:04:28.956+0100] {dag.py:3820} INFO - Setting next_dagrun for example_trigger_target_dag to None, run_after=None
[2024-01-29T20:04:29.020+0100] {processor.py:183} INFO - Processing /home/ubuntu/.local/lib/python3.10/site-packages/airflow/example_dags/example_trigger_target_dag.py took 0.261 seconds
[2024-01-29T20:05:39.120+0100] {processor.py:161} INFO - Started process (PID=8622) to work on /home/ubuntu/.local/lib/python3.10/site-packages/airflow/example_dags/example_trigger_target_dag.py
[2024-01-29T20:05:39.125+0100] {processor.py:830} INFO - Processing file /home/ubuntu/.local/lib/python3.10/site-packages/airflow/example_dags/example_trigger_target_dag.py for tasks to queue
[2024-01-29T20:05:39.143+0100] {logging_mixin.py:188} INFO - [2024-01-29T20:05:39.137+0100] {dagbag.py:538} INFO - Filling up the DagBag from /home/ubuntu/.local/lib/python3.10/site-packages/airflow/example_dags/example_trigger_target_dag.py
[2024-01-29T20:05:39.194+0100] {processor.py:840} INFO - DAG(s) 'example_trigger_target_dag' retrieved from /home/ubuntu/.local/lib/python3.10/site-packages/airflow/example_dags/example_trigger_target_dag.py
[2024-01-29T20:05:39.261+0100] {logging_mixin.py:188} INFO - [2024-01-29T20:05:39.261+0100] {dag.py:3033} INFO - Sync 1 DAGs
[2024-01-29T20:05:39.336+0100] {logging_mixin.py:188} INFO - [2024-01-29T20:05:39.336+0100] {dag.py:3820} INFO - Setting next_dagrun for example_trigger_target_dag to None, run_after=None
[2024-01-29T20:05:39.419+0100] {processor.py:183} INFO - Processing /home/ubuntu/.local/lib/python3.10/site-packages/airflow/example_dags/example_trigger_target_dag.py took 0.306 seconds
[2024-01-29T20:06:58.365+0100] {processor.py:161} INFO - Started process (PID=8697) to work on /home/ubuntu/.local/lib/python3.10/site-packages/airflow/example_dags/example_trigger_target_dag.py
[2024-01-29T20:06:58.367+0100] {processor.py:830} INFO - Processing file /home/ubuntu/.local/lib/python3.10/site-packages/airflow/example_dags/example_trigger_target_dag.py for tasks to queue
[2024-01-29T20:06:58.368+0100] {logging_mixin.py:188} INFO - [2024-01-29T20:06:58.367+0100] {dagbag.py:538} INFO - Filling up the DagBag from /home/ubuntu/.local/lib/python3.10/site-packages/airflow/example_dags/example_trigger_target_dag.py
[2024-01-29T20:06:58.374+0100] {processor.py:840} INFO - DAG(s) 'example_trigger_target_dag' retrieved from /home/ubuntu/.local/lib/python3.10/site-packages/airflow/example_dags/example_trigger_target_dag.py
[2024-01-29T20:06:58.392+0100] {logging_mixin.py:188} INFO - [2024-01-29T20:06:58.392+0100] {dag.py:3033} INFO - Sync 1 DAGs
[2024-01-29T20:06:58.407+0100] {logging_mixin.py:188} INFO - [2024-01-29T20:06:58.407+0100] {dag.py:3820} INFO - Setting next_dagrun for example_trigger_target_dag to None, run_after=None
[2024-01-29T20:06:58.451+0100] {processor.py:183} INFO - Processing /home/ubuntu/.local/lib/python3.10/site-packages/airflow/example_dags/example_trigger_target_dag.py took 0.089 seconds
[2024-01-29T20:08:00.313+0100] {processor.py:161} INFO - Started process (PID=8768) to work on /home/ubuntu/.local/lib/python3.10/site-packages/airflow/example_dags/example_trigger_target_dag.py
[2024-01-29T20:08:00.315+0100] {processor.py:830} INFO - Processing file /home/ubuntu/.local/lib/python3.10/site-packages/airflow/example_dags/example_trigger_target_dag.py for tasks to queue
[2024-01-29T20:08:00.316+0100] {logging_mixin.py:188} INFO - [2024-01-29T20:08:00.316+0100] {dagbag.py:538} INFO - Filling up the DagBag from /home/ubuntu/.local/lib/python3.10/site-packages/airflow/example_dags/example_trigger_target_dag.py
[2024-01-29T20:08:00.324+0100] {processor.py:840} INFO - DAG(s) 'example_trigger_target_dag' retrieved from /home/ubuntu/.local/lib/python3.10/site-packages/airflow/example_dags/example_trigger_target_dag.py
[2024-01-29T20:08:00.342+0100] {logging_mixin.py:188} INFO - [2024-01-29T20:08:00.341+0100] {dag.py:3033} INFO - Sync 1 DAGs
[2024-01-29T20:08:00.356+0100] {logging_mixin.py:188} INFO - [2024-01-29T20:08:00.356+0100] {dag.py:3820} INFO - Setting next_dagrun for example_trigger_target_dag to None, run_after=None
[2024-01-29T20:08:00.385+0100] {processor.py:183} INFO - Processing /home/ubuntu/.local/lib/python3.10/site-packages/airflow/example_dags/example_trigger_target_dag.py took 0.079 seconds
[2024-01-29T20:08:49.896+0100] {processor.py:161} INFO - Started process (PID=8826) to work on /home/ubuntu/.local/lib/python3.10/site-packages/airflow/example_dags/example_trigger_target_dag.py
[2024-01-29T20:08:49.907+0100] {processor.py:830} INFO - Processing file /home/ubuntu/.local/lib/python3.10/site-packages/airflow/example_dags/example_trigger_target_dag.py for tasks to queue
[2024-01-29T20:08:49.908+0100] {logging_mixin.py:188} INFO - [2024-01-29T20:08:49.908+0100] {dagbag.py:538} INFO - Filling up the DagBag from /home/ubuntu/.local/lib/python3.10/site-packages/airflow/example_dags/example_trigger_target_dag.py
[2024-01-29T20:08:49.916+0100] {processor.py:840} INFO - DAG(s) 'example_trigger_target_dag' retrieved from /home/ubuntu/.local/lib/python3.10/site-packages/airflow/example_dags/example_trigger_target_dag.py
[2024-01-29T20:08:49.932+0100] {logging_mixin.py:188} INFO - [2024-01-29T20:08:49.932+0100] {dag.py:3033} INFO - Sync 1 DAGs
[2024-01-29T20:08:49.944+0100] {logging_mixin.py:188} INFO - [2024-01-29T20:08:49.944+0100] {dag.py:3820} INFO - Setting next_dagrun for example_trigger_target_dag to None, run_after=None
[2024-01-29T20:08:49.977+0100] {processor.py:183} INFO - Processing /home/ubuntu/.local/lib/python3.10/site-packages/airflow/example_dags/example_trigger_target_dag.py took 0.084 seconds
[2024-01-29T20:09:32.497+0100] {processor.py:161} INFO - Started process (PID=8875) to work on /home/ubuntu/.local/lib/python3.10/site-packages/airflow/example_dags/example_trigger_target_dag.py
[2024-01-29T20:09:32.499+0100] {processor.py:830} INFO - Processing file /home/ubuntu/.local/lib/python3.10/site-packages/airflow/example_dags/example_trigger_target_dag.py for tasks to queue
[2024-01-29T20:09:32.500+0100] {logging_mixin.py:188} INFO - [2024-01-29T20:09:32.499+0100] {dagbag.py:538} INFO - Filling up the DagBag from /home/ubuntu/.local/lib/python3.10/site-packages/airflow/example_dags/example_trigger_target_dag.py
[2024-01-29T20:09:32.506+0100] {processor.py:840} INFO - DAG(s) 'example_trigger_target_dag' retrieved from /home/ubuntu/.local/lib/python3.10/site-packages/airflow/example_dags/example_trigger_target_dag.py
[2024-01-29T20:09:32.520+0100] {logging_mixin.py:188} INFO - [2024-01-29T20:09:32.520+0100] {dag.py:3033} INFO - Sync 1 DAGs
[2024-01-29T20:09:32.532+0100] {logging_mixin.py:188} INFO - [2024-01-29T20:09:32.532+0100] {dag.py:3820} INFO - Setting next_dagrun for example_trigger_target_dag to None, run_after=None
[2024-01-29T20:09:32.572+0100] {processor.py:183} INFO - Processing /home/ubuntu/.local/lib/python3.10/site-packages/airflow/example_dags/example_trigger_target_dag.py took 0.078 seconds
[2024-01-29T20:10:22.497+0100] {processor.py:161} INFO - Started process (PID=8940) to work on /home/ubuntu/.local/lib/python3.10/site-packages/airflow/example_dags/example_trigger_target_dag.py
[2024-01-29T20:10:22.499+0100] {processor.py:830} INFO - Processing file /home/ubuntu/.local/lib/python3.10/site-packages/airflow/example_dags/example_trigger_target_dag.py for tasks to queue
[2024-01-29T20:10:22.500+0100] {logging_mixin.py:188} INFO - [2024-01-29T20:10:22.500+0100] {dagbag.py:538} INFO - Filling up the DagBag from /home/ubuntu/.local/lib/python3.10/site-packages/airflow/example_dags/example_trigger_target_dag.py
[2024-01-29T20:10:22.509+0100] {processor.py:840} INFO - DAG(s) 'example_trigger_target_dag' retrieved from /home/ubuntu/.local/lib/python3.10/site-packages/airflow/example_dags/example_trigger_target_dag.py
[2024-01-29T20:10:22.529+0100] {logging_mixin.py:188} INFO - [2024-01-29T20:10:22.529+0100] {dag.py:3033} INFO - Sync 1 DAGs
[2024-01-29T20:10:22.542+0100] {logging_mixin.py:188} INFO - [2024-01-29T20:10:22.542+0100] {dag.py:3820} INFO - Setting next_dagrun for example_trigger_target_dag to None, run_after=None
[2024-01-29T20:10:22.572+0100] {processor.py:183} INFO - Processing /home/ubuntu/.local/lib/python3.10/site-packages/airflow/example_dags/example_trigger_target_dag.py took 0.079 seconds
[2024-01-29T20:11:11.779+0100] {processor.py:161} INFO - Started process (PID=8997) to work on /home/ubuntu/.local/lib/python3.10/site-packages/airflow/example_dags/example_trigger_target_dag.py
[2024-01-29T20:11:11.807+0100] {processor.py:830} INFO - Processing file /home/ubuntu/.local/lib/python3.10/site-packages/airflow/example_dags/example_trigger_target_dag.py for tasks to queue
[2024-01-29T20:11:11.810+0100] {logging_mixin.py:188} INFO - [2024-01-29T20:11:11.808+0100] {dagbag.py:538} INFO - Filling up the DagBag from /home/ubuntu/.local/lib/python3.10/site-packages/airflow/example_dags/example_trigger_target_dag.py
[2024-01-29T20:11:11.851+0100] {processor.py:840} INFO - DAG(s) 'example_trigger_target_dag' retrieved from /home/ubuntu/.local/lib/python3.10/site-packages/airflow/example_dags/example_trigger_target_dag.py
[2024-01-29T20:11:11.880+0100] {logging_mixin.py:188} INFO - [2024-01-29T20:11:11.880+0100] {dag.py:3033} INFO - Sync 1 DAGs
[2024-01-29T20:11:11.897+0100] {logging_mixin.py:188} INFO - [2024-01-29T20:11:11.897+0100] {dag.py:3820} INFO - Setting next_dagrun for example_trigger_target_dag to None, run_after=None
[2024-01-29T20:11:11.934+0100] {processor.py:183} INFO - Processing /home/ubuntu/.local/lib/python3.10/site-packages/airflow/example_dags/example_trigger_target_dag.py took 0.162 seconds
[2024-01-29T20:12:05.955+0100] {processor.py:161} INFO - Started process (PID=9071) to work on /home/ubuntu/.local/lib/python3.10/site-packages/airflow/example_dags/example_trigger_target_dag.py
[2024-01-29T20:12:05.967+0100] {processor.py:830} INFO - Processing file /home/ubuntu/.local/lib/python3.10/site-packages/airflow/example_dags/example_trigger_target_dag.py for tasks to queue
[2024-01-29T20:12:05.975+0100] {logging_mixin.py:188} INFO - [2024-01-29T20:12:05.968+0100] {dagbag.py:538} INFO - Filling up the DagBag from /home/ubuntu/.local/lib/python3.10/site-packages/airflow/example_dags/example_trigger_target_dag.py
[2024-01-29T20:12:05.988+0100] {processor.py:840} INFO - DAG(s) 'example_trigger_target_dag' retrieved from /home/ubuntu/.local/lib/python3.10/site-packages/airflow/example_dags/example_trigger_target_dag.py
[2024-01-29T20:12:06.030+0100] {logging_mixin.py:188} INFO - [2024-01-29T20:12:06.029+0100] {dag.py:3033} INFO - Sync 1 DAGs
[2024-01-29T20:12:06.069+0100] {logging_mixin.py:188} INFO - [2024-01-29T20:12:06.068+0100] {dag.py:3820} INFO - Setting next_dagrun for example_trigger_target_dag to None, run_after=None
[2024-01-29T20:12:06.226+0100] {processor.py:183} INFO - Processing /home/ubuntu/.local/lib/python3.10/site-packages/airflow/example_dags/example_trigger_target_dag.py took 0.282 seconds
[2024-01-29T20:13:26.381+0100] {processor.py:161} INFO - Started process (PID=9193) to work on /home/ubuntu/.local/lib/python3.10/site-packages/airflow/example_dags/example_trigger_target_dag.py
[2024-01-29T20:13:26.389+0100] {processor.py:830} INFO - Processing file /home/ubuntu/.local/lib/python3.10/site-packages/airflow/example_dags/example_trigger_target_dag.py for tasks to queue
[2024-01-29T20:13:26.393+0100] {logging_mixin.py:188} INFO - [2024-01-29T20:13:26.392+0100] {dagbag.py:538} INFO - Filling up the DagBag from /home/ubuntu/.local/lib/python3.10/site-packages/airflow/example_dags/example_trigger_target_dag.py
[2024-01-29T20:13:26.438+0100] {processor.py:840} INFO - DAG(s) 'example_trigger_target_dag' retrieved from /home/ubuntu/.local/lib/python3.10/site-packages/airflow/example_dags/example_trigger_target_dag.py
[2024-01-29T20:13:26.540+0100] {logging_mixin.py:188} INFO - [2024-01-29T20:13:26.539+0100] {dag.py:3033} INFO - Sync 1 DAGs
[2024-01-29T20:13:26.574+0100] {logging_mixin.py:188} INFO - [2024-01-29T20:13:26.574+0100] {dag.py:3820} INFO - Setting next_dagrun for example_trigger_target_dag to None, run_after=None
[2024-01-29T20:13:26.808+0100] {processor.py:183} INFO - Processing /home/ubuntu/.local/lib/python3.10/site-packages/airflow/example_dags/example_trigger_target_dag.py took 0.444 seconds
[2024-01-29T20:14:13.643+0100] {processor.py:161} INFO - Started process (PID=9242) to work on /home/ubuntu/.local/lib/python3.10/site-packages/airflow/example_dags/example_trigger_target_dag.py
[2024-01-29T20:14:13.651+0100] {processor.py:830} INFO - Processing file /home/ubuntu/.local/lib/python3.10/site-packages/airflow/example_dags/example_trigger_target_dag.py for tasks to queue
[2024-01-29T20:14:13.653+0100] {logging_mixin.py:188} INFO - [2024-01-29T20:14:13.652+0100] {dagbag.py:538} INFO - Filling up the DagBag from /home/ubuntu/.local/lib/python3.10/site-packages/airflow/example_dags/example_trigger_target_dag.py
[2024-01-29T20:14:13.671+0100] {processor.py:840} INFO - DAG(s) 'example_trigger_target_dag' retrieved from /home/ubuntu/.local/lib/python3.10/site-packages/airflow/example_dags/example_trigger_target_dag.py
[2024-01-29T20:14:13.686+0100] {logging_mixin.py:188} INFO - [2024-01-29T20:14:13.686+0100] {dag.py:3033} INFO - Sync 1 DAGs
[2024-01-29T20:14:13.696+0100] {logging_mixin.py:188} INFO - [2024-01-29T20:14:13.696+0100] {dag.py:3820} INFO - Setting next_dagrun for example_trigger_target_dag to None, run_after=None
[2024-01-29T20:14:13.725+0100] {processor.py:183} INFO - Processing /home/ubuntu/.local/lib/python3.10/site-packages/airflow/example_dags/example_trigger_target_dag.py took 0.086 seconds
[2024-01-29T20:15:04.138+0100] {processor.py:161} INFO - Started process (PID=9300) to work on /home/ubuntu/.local/lib/python3.10/site-packages/airflow/example_dags/example_trigger_target_dag.py
[2024-01-29T20:15:04.140+0100] {processor.py:830} INFO - Processing file /home/ubuntu/.local/lib/python3.10/site-packages/airflow/example_dags/example_trigger_target_dag.py for tasks to queue
[2024-01-29T20:15:04.141+0100] {logging_mixin.py:188} INFO - [2024-01-29T20:15:04.141+0100] {dagbag.py:538} INFO - Filling up the DagBag from /home/ubuntu/.local/lib/python3.10/site-packages/airflow/example_dags/example_trigger_target_dag.py
[2024-01-29T20:15:04.153+0100] {processor.py:840} INFO - DAG(s) 'example_trigger_target_dag' retrieved from /home/ubuntu/.local/lib/python3.10/site-packages/airflow/example_dags/example_trigger_target_dag.py
[2024-01-29T20:15:04.173+0100] {logging_mixin.py:188} INFO - [2024-01-29T20:15:04.173+0100] {dag.py:3033} INFO - Sync 1 DAGs
[2024-01-29T20:15:04.186+0100] {logging_mixin.py:188} INFO - [2024-01-29T20:15:04.186+0100] {dag.py:3820} INFO - Setting next_dagrun for example_trigger_target_dag to None, run_after=None
[2024-01-29T20:15:04.220+0100] {processor.py:183} INFO - Processing /home/ubuntu/.local/lib/python3.10/site-packages/airflow/example_dags/example_trigger_target_dag.py took 0.085 seconds
[2024-01-29T20:15:50.868+0100] {processor.py:161} INFO - Started process (PID=9352) to work on /home/ubuntu/.local/lib/python3.10/site-packages/airflow/example_dags/example_trigger_target_dag.py
[2024-01-29T20:15:50.871+0100] {processor.py:830} INFO - Processing file /home/ubuntu/.local/lib/python3.10/site-packages/airflow/example_dags/example_trigger_target_dag.py for tasks to queue
[2024-01-29T20:15:50.872+0100] {logging_mixin.py:188} INFO - [2024-01-29T20:15:50.871+0100] {dagbag.py:538} INFO - Filling up the DagBag from /home/ubuntu/.local/lib/python3.10/site-packages/airflow/example_dags/example_trigger_target_dag.py
[2024-01-29T20:15:50.885+0100] {processor.py:840} INFO - DAG(s) 'example_trigger_target_dag' retrieved from /home/ubuntu/.local/lib/python3.10/site-packages/airflow/example_dags/example_trigger_target_dag.py
[2024-01-29T20:15:50.906+0100] {logging_mixin.py:188} INFO - [2024-01-29T20:15:50.905+0100] {dag.py:3033} INFO - Sync 1 DAGs
[2024-01-29T20:15:50.941+0100] {logging_mixin.py:188} INFO - [2024-01-29T20:15:50.941+0100] {dag.py:3820} INFO - Setting next_dagrun for example_trigger_target_dag to None, run_after=None
[2024-01-29T20:15:51.035+0100] {processor.py:183} INFO - Processing /home/ubuntu/.local/lib/python3.10/site-packages/airflow/example_dags/example_trigger_target_dag.py took 0.171 seconds
[2024-01-29T20:16:36.125+0100] {processor.py:161} INFO - Started process (PID=9399) to work on /home/ubuntu/.local/lib/python3.10/site-packages/airflow/example_dags/example_trigger_target_dag.py
[2024-01-29T20:16:36.126+0100] {processor.py:830} INFO - Processing file /home/ubuntu/.local/lib/python3.10/site-packages/airflow/example_dags/example_trigger_target_dag.py for tasks to queue
[2024-01-29T20:16:36.127+0100] {logging_mixin.py:188} INFO - [2024-01-29T20:16:36.127+0100] {dagbag.py:538} INFO - Filling up the DagBag from /home/ubuntu/.local/lib/python3.10/site-packages/airflow/example_dags/example_trigger_target_dag.py
[2024-01-29T20:16:36.135+0100] {processor.py:840} INFO - DAG(s) 'example_trigger_target_dag' retrieved from /home/ubuntu/.local/lib/python3.10/site-packages/airflow/example_dags/example_trigger_target_dag.py
[2024-01-29T20:16:36.151+0100] {logging_mixin.py:188} INFO - [2024-01-29T20:16:36.151+0100] {dag.py:3033} INFO - Sync 1 DAGs
[2024-01-29T20:16:36.165+0100] {logging_mixin.py:188} INFO - [2024-01-29T20:16:36.165+0100] {dag.py:3820} INFO - Setting next_dagrun for example_trigger_target_dag to None, run_after=None
[2024-01-29T20:16:36.195+0100] {processor.py:183} INFO - Processing /home/ubuntu/.local/lib/python3.10/site-packages/airflow/example_dags/example_trigger_target_dag.py took 0.073 seconds
[2024-01-29T20:17:26.680+0100] {processor.py:161} INFO - Started process (PID=9457) to work on /home/ubuntu/.local/lib/python3.10/site-packages/airflow/example_dags/example_trigger_target_dag.py
[2024-01-29T20:17:26.682+0100] {processor.py:830} INFO - Processing file /home/ubuntu/.local/lib/python3.10/site-packages/airflow/example_dags/example_trigger_target_dag.py for tasks to queue
[2024-01-29T20:17:26.683+0100] {logging_mixin.py:188} INFO - [2024-01-29T20:17:26.682+0100] {dagbag.py:538} INFO - Filling up the DagBag from /home/ubuntu/.local/lib/python3.10/site-packages/airflow/example_dags/example_trigger_target_dag.py
[2024-01-29T20:17:26.690+0100] {processor.py:840} INFO - DAG(s) 'example_trigger_target_dag' retrieved from /home/ubuntu/.local/lib/python3.10/site-packages/airflow/example_dags/example_trigger_target_dag.py
[2024-01-29T20:17:26.712+0100] {logging_mixin.py:188} INFO - [2024-01-29T20:17:26.711+0100] {dag.py:3033} INFO - Sync 1 DAGs
[2024-01-29T20:17:26.724+0100] {logging_mixin.py:188} INFO - [2024-01-29T20:17:26.724+0100] {dag.py:3820} INFO - Setting next_dagrun for example_trigger_target_dag to None, run_after=None
[2024-01-29T20:17:26.755+0100] {processor.py:183} INFO - Processing /home/ubuntu/.local/lib/python3.10/site-packages/airflow/example_dags/example_trigger_target_dag.py took 0.082 seconds
[2024-01-29T20:18:13.875+0100] {processor.py:161} INFO - Started process (PID=9509) to work on /home/ubuntu/.local/lib/python3.10/site-packages/airflow/example_dags/example_trigger_target_dag.py
[2024-01-29T20:18:13.878+0100] {processor.py:830} INFO - Processing file /home/ubuntu/.local/lib/python3.10/site-packages/airflow/example_dags/example_trigger_target_dag.py for tasks to queue
[2024-01-29T20:18:13.880+0100] {logging_mixin.py:188} INFO - [2024-01-29T20:18:13.879+0100] {dagbag.py:538} INFO - Filling up the DagBag from /home/ubuntu/.local/lib/python3.10/site-packages/airflow/example_dags/example_trigger_target_dag.py
[2024-01-29T20:18:13.890+0100] {processor.py:840} INFO - DAG(s) 'example_trigger_target_dag' retrieved from /home/ubuntu/.local/lib/python3.10/site-packages/airflow/example_dags/example_trigger_target_dag.py
[2024-01-29T20:18:13.920+0100] {logging_mixin.py:188} INFO - [2024-01-29T20:18:13.919+0100] {dag.py:3033} INFO - Sync 1 DAGs
[2024-01-29T20:18:13.955+0100] {logging_mixin.py:188} INFO - [2024-01-29T20:18:13.955+0100] {dag.py:3820} INFO - Setting next_dagrun for example_trigger_target_dag to None, run_after=None
[2024-01-29T20:18:14.004+0100] {processor.py:183} INFO - Processing /home/ubuntu/.local/lib/python3.10/site-packages/airflow/example_dags/example_trigger_target_dag.py took 0.135 seconds
[2024-01-29T20:18:55.724+0100] {processor.py:161} INFO - Started process (PID=9559) to work on /home/ubuntu/.local/lib/python3.10/site-packages/airflow/example_dags/example_trigger_target_dag.py
[2024-01-29T20:18:55.727+0100] {processor.py:830} INFO - Processing file /home/ubuntu/.local/lib/python3.10/site-packages/airflow/example_dags/example_trigger_target_dag.py for tasks to queue
[2024-01-29T20:18:55.729+0100] {logging_mixin.py:188} INFO - [2024-01-29T20:18:55.728+0100] {dagbag.py:538} INFO - Filling up the DagBag from /home/ubuntu/.local/lib/python3.10/site-packages/airflow/example_dags/example_trigger_target_dag.py
[2024-01-29T20:18:55.745+0100] {processor.py:840} INFO - DAG(s) 'example_trigger_target_dag' retrieved from /home/ubuntu/.local/lib/python3.10/site-packages/airflow/example_dags/example_trigger_target_dag.py
[2024-01-29T20:18:55.767+0100] {logging_mixin.py:188} INFO - [2024-01-29T20:18:55.766+0100] {dag.py:3033} INFO - Sync 1 DAGs
[2024-01-29T20:18:55.780+0100] {logging_mixin.py:188} INFO - [2024-01-29T20:18:55.780+0100] {dag.py:3820} INFO - Setting next_dagrun for example_trigger_target_dag to None, run_after=None
[2024-01-29T20:18:55.831+0100] {processor.py:183} INFO - Processing /home/ubuntu/.local/lib/python3.10/site-packages/airflow/example_dags/example_trigger_target_dag.py took 0.112 seconds
[2024-01-29T20:19:41.395+0100] {processor.py:161} INFO - Started process (PID=9630) to work on /home/ubuntu/.local/lib/python3.10/site-packages/airflow/example_dags/example_trigger_target_dag.py
[2024-01-29T20:19:41.397+0100] {processor.py:830} INFO - Processing file /home/ubuntu/.local/lib/python3.10/site-packages/airflow/example_dags/example_trigger_target_dag.py for tasks to queue
[2024-01-29T20:19:41.398+0100] {logging_mixin.py:188} INFO - [2024-01-29T20:19:41.397+0100] {dagbag.py:538} INFO - Filling up the DagBag from /home/ubuntu/.local/lib/python3.10/site-packages/airflow/example_dags/example_trigger_target_dag.py
[2024-01-29T20:19:41.405+0100] {processor.py:840} INFO - DAG(s) 'example_trigger_target_dag' retrieved from /home/ubuntu/.local/lib/python3.10/site-packages/airflow/example_dags/example_trigger_target_dag.py
[2024-01-29T20:19:41.422+0100] {logging_mixin.py:188} INFO - [2024-01-29T20:19:41.422+0100] {dag.py:3033} INFO - Sync 1 DAGs
[2024-01-29T20:19:41.435+0100] {logging_mixin.py:188} INFO - [2024-01-29T20:19:41.435+0100] {dag.py:3820} INFO - Setting next_dagrun for example_trigger_target_dag to None, run_after=None
[2024-01-29T20:19:41.467+0100] {processor.py:183} INFO - Processing /home/ubuntu/.local/lib/python3.10/site-packages/airflow/example_dags/example_trigger_target_dag.py took 0.076 seconds
[2024-01-29T20:20:22.039+0100] {processor.py:161} INFO - Started process (PID=9676) to work on /home/ubuntu/.local/lib/python3.10/site-packages/airflow/example_dags/example_trigger_target_dag.py
[2024-01-29T20:20:22.041+0100] {processor.py:830} INFO - Processing file /home/ubuntu/.local/lib/python3.10/site-packages/airflow/example_dags/example_trigger_target_dag.py for tasks to queue
[2024-01-29T20:20:22.043+0100] {logging_mixin.py:188} INFO - [2024-01-29T20:20:22.042+0100] {dagbag.py:538} INFO - Filling up the DagBag from /home/ubuntu/.local/lib/python3.10/site-packages/airflow/example_dags/example_trigger_target_dag.py
[2024-01-29T20:20:22.053+0100] {processor.py:840} INFO - DAG(s) 'example_trigger_target_dag' retrieved from /home/ubuntu/.local/lib/python3.10/site-packages/airflow/example_dags/example_trigger_target_dag.py
[2024-01-29T20:20:22.080+0100] {logging_mixin.py:188} INFO - [2024-01-29T20:20:22.079+0100] {dag.py:3033} INFO - Sync 1 DAGs
[2024-01-29T20:20:22.096+0100] {logging_mixin.py:188} INFO - [2024-01-29T20:20:22.096+0100] {dag.py:3820} INFO - Setting next_dagrun for example_trigger_target_dag to None, run_after=None
[2024-01-29T20:20:22.137+0100] {processor.py:183} INFO - Processing /home/ubuntu/.local/lib/python3.10/site-packages/airflow/example_dags/example_trigger_target_dag.py took 0.103 seconds
                                                                                                                                                                                                                                                                                                                                                                                                                                                                                                                                                                                                                                                                                                                                                                                                                                                                                  