[2024-01-29T19:55:08.944+0100] {processor.py:161} INFO - Started process (PID=7913) to work on /home/ubuntu/.local/lib/python3.10/site-packages/airflow/example_dags/example_setup_teardown.py
[2024-01-29T19:55:08.946+0100] {processor.py:830} INFO - Processing file /home/ubuntu/.local/lib/python3.10/site-packages/airflow/example_dags/example_setup_teardown.py for tasks to queue
[2024-01-29T19:55:08.948+0100] {logging_mixin.py:188} INFO - [2024-01-29T19:55:08.947+0100] {dagbag.py:538} INFO - Filling up the DagBag from /home/ubuntu/.local/lib/python3.10/site-packages/airflow/example_dags/example_setup_teardown.py
[2024-01-29T19:55:08.961+0100] {processor.py:840} INFO - DAG(s) 'example_setup_teardown' retrieved from /home/ubuntu/.local/lib/python3.10/site-packages/airflow/example_dags/example_setup_teardown.py
[2024-01-29T19:55:09.050+0100] {logging_mixin.py:188} INFO - [2024-01-29T19:55:09.049+0100] {dag.py:3033} INFO - Sync 1 DAGs
[2024-01-29T19:55:09.074+0100] {logging_mixin.py:188} INFO - [2024-01-29T19:55:09.074+0100] {dag.py:3820} INFO - Setting next_dagrun for example_setup_teardown to 2024-01-28T00:00:00+00:00, run_after=2024-01-29T00:00:00+00:00
[2024-01-29T19:55:09.164+0100] {processor.py:183} INFO - Processing /home/ubuntu/.local/lib/python3.10/site-packages/airflow/example_dags/example_setup_teardown.py took 0.224 seconds
[2024-01-29T19:56:33.886+0100] {processor.py:161} INFO - Started process (PID=7990) to work on /home/ubuntu/.local/lib/python3.10/site-packages/airflow/example_dags/example_setup_teardown.py
[2024-01-29T19:56:33.889+0100] {processor.py:830} INFO - Processing file /home/ubuntu/.local/lib/python3.10/site-packages/airflow/example_dags/example_setup_teardown.py for tasks to queue
[2024-01-29T19:56:33.890+0100] {logging_mixin.py:188} INFO - [2024-01-29T19:56:33.890+0100] {dagbag.py:538} INFO - Filling up the DagBag from /home/ubuntu/.local/lib/python3.10/site-packages/airflow/example_dags/example_setup_teardown.py
[2024-01-29T19:56:33.908+0100] {processor.py:840} INFO - DAG(s) 'example_setup_teardown' retrieved from /home/ubuntu/.local/lib/python3.10/site-packages/airflow/example_dags/example_setup_teardown.py
[2024-01-29T19:56:33.955+0100] {logging_mixin.py:188} INFO - [2024-01-29T19:56:33.954+0100] {dag.py:3033} INFO - Sync 1 DAGs
[2024-01-29T19:56:34.033+0100] {logging_mixin.py:188} INFO - [2024-01-29T19:56:34.033+0100] {dag.py:3820} INFO - Setting next_dagrun for example_setup_teardown to 2024-01-28T00:00:00+00:00, run_after=2024-01-29T00:00:00+00:00
[2024-01-29T19:56:34.068+0100] {processor.py:183} INFO - Processing /home/ubuntu/.local/lib/python3.10/site-packages/airflow/example_dags/example_setup_teardown.py took 0.189 seconds
[2024-01-29T19:57:42.933+0100] {processor.py:161} INFO - Started process (PID=8063) to work on /home/ubuntu/.local/lib/python3.10/site-packages/airflow/example_dags/example_setup_teardown.py
[2024-01-29T19:57:42.936+0100] {processor.py:830} INFO - Processing file /home/ubuntu/.local/lib/python3.10/site-packages/airflow/example_dags/example_setup_teardown.py for tasks to queue
[2024-01-29T19:57:42.937+0100] {logging_mixin.py:188} INFO - [2024-01-29T19:57:42.937+0100] {dagbag.py:538} INFO - Filling up the DagBag from /home/ubuntu/.local/lib/python3.10/site-packages/airflow/example_dags/example_setup_teardown.py
[2024-01-29T19:57:42.946+0100] {processor.py:840} INFO - DAG(s) 'example_setup_teardown' retrieved from /home/ubuntu/.local/lib/python3.10/site-packages/airflow/example_dags/example_setup_teardown.py
[2024-01-29T19:57:42.965+0100] {logging_mixin.py:188} INFO - [2024-01-29T19:57:42.965+0100] {dag.py:3033} INFO - Sync 1 DAGs
[2024-01-29T19:57:42.988+0100] {logging_mixin.py:188} INFO - [2024-01-29T19:57:42.987+0100] {dag.py:3820} INFO - Setting next_dagrun for example_setup_teardown to 2024-01-28T00:00:00+00:00, run_after=2024-01-29T00:00:00+00:00
[2024-01-29T19:57:43.016+0100] {processor.py:183} INFO - Processing /home/ubuntu/.local/lib/python3.10/site-packages/airflow/example_dags/example_setup_teardown.py took 0.087 seconds
[2024-01-29T19:58:53.873+0100] {processor.py:161} INFO - Started process (PID=8147) to work on /home/ubuntu/.local/lib/python3.10/site-packages/airflow/example_dags/example_setup_teardown.py
[2024-01-29T19:58:53.875+0100] {processor.py:830} INFO - Processing file /home/ubuntu/.local/lib/python3.10/site-packages/airflow/example_dags/example_setup_teardown.py for tasks to queue
[2024-01-29T19:58:53.876+0100] {logging_mixin.py:188} INFO - [2024-01-29T19:58:53.876+0100] {dagbag.py:538} INFO - Filling up the DagBag from /home/ubuntu/.local/lib/python3.10/site-packages/airflow/example_dags/example_setup_teardown.py
[2024-01-29T19:58:53.887+0100] {processor.py:840} INFO - DAG(s) 'example_setup_teardown' retrieved from /home/ubuntu/.local/lib/python3.10/site-packages/airflow/example_dags/example_setup_teardown.py
[2024-01-29T19:58:53.914+0100] {logging_mixin.py:188} INFO - [2024-01-29T19:58:53.914+0100] {dag.py:3033} INFO - Sync 1 DAGs
[2024-01-29T19:58:53.944+0100] {logging_mixin.py:188} INFO - [2024-01-29T19:58:53.944+0100] {dag.py:3820} INFO - Setting next_dagrun for example_setup_teardown to 2024-01-28T00:00:00+00:00, run_after=2024-01-29T00:00:00+00:00
[2024-01-29T19:58:53.971+0100] {processor.py:183} INFO - Processing /home/ubuntu/.local/lib/python3.10/site-packages/airflow/example_dags/example_setup_teardown.py took 0.103 seconds
[2024-01-29T20:00:16.973+0100] {processor.py:161} INFO - Started process (PID=8236) to work on /home/ubuntu/.local/lib/python3.10/site-packages/airflow/example_dags/example_setup_teardown.py
[2024-01-29T20:00:17.002+0100] {processor.py:830} INFO - Processing file /home/ubuntu/.local/lib/python3.10/site-packages/airflow/example_dags/example_setup_teardown.py for tasks to queue
[2024-01-29T20:00:17.007+0100] {logging_mixin.py:188} INFO - [2024-01-29T20:00:17.007+0100] {dagbag.py:538} INFO - Filling up the DagBag from /home/ubuntu/.local/lib/python3.10/site-packages/airflow/example_dags/example_setup_teardown.py
[2024-01-29T20:00:17.067+0100] {processor.py:840} INFO - DAG(s) 'example_setup_teardown' retrieved from /home/ubuntu/.local/lib/python3.10/site-packages/airflow/example_dags/example_setup_teardown.py
[2024-01-29T20:00:17.145+0100] {logging_mixin.py:188} INFO - [2024-01-29T20:00:17.144+0100] {dag.py:3033} INFO - Sync 1 DAGs
[2024-01-29T20:00:17.274+0100] {logging_mixin.py:188} INFO - [2024-01-29T20:00:17.274+0100] {dag.py:3820} INFO - Setting next_dagrun for example_setup_teardown to 2024-01-28T00:00:00+00:00, run_after=2024-01-29T00:00:00+00:00
[2024-01-29T20:00:17.542+0100] {processor.py:183} INFO - Processing /home/ubuntu/.local/lib/python3.10/site-packages/airflow/example_dags/example_setup_teardown.py took 0.587 seconds
[2024-01-29T20:01:26.396+0100] {processor.py:161} INFO - Started process (PID=8303) to work on /home/ubuntu/.local/lib/python3.10/site-packages/airflow/example_dags/example_setup_teardown.py
[2024-01-29T20:01:26.397+0100] {processor.py:830} INFO - Processing file /home/ubuntu/.local/lib/python3.10/site-packages/airflow/example_dags/example_setup_teardown.py for tasks to queue
[2024-01-29T20:01:26.398+0100] {logging_mixin.py:188} INFO - [2024-01-29T20:01:26.398+0100] {dagbag.py:538} INFO - Filling up the DagBag from /home/ubuntu/.local/lib/python3.10/site-packages/airflow/example_dags/example_setup_teardown.py
[2024-01-29T20:01:26.408+0100] {processor.py:840} INFO - DAG(s) 'example_setup_teardown' retrieved from /home/ubuntu/.local/lib/python3.10/site-packages/airflow/example_dags/example_setup_teardown.py
[2024-01-29T20:01:26.427+0100] {logging_mixin.py:188} INFO - [2024-01-29T20:01:26.427+0100] {dag.py:3033} INFO - Sync 1 DAGs
[2024-01-29T20:01:26.447+0100] {logging_mixin.py:188} INFO - [2024-01-29T20:01:26.447+0100] {dag.py:3820} INFO - Setting next_dagrun for example_setup_teardown to 2024-01-28T00:00:00+00:00, run_after=2024-01-29T00:00:00+00:00
[2024-01-29T20:01:26.482+0100] {processor.py:183} INFO - Processing /home/ubuntu/.local/lib/python3.10/site-packages/airflow/example_dags/example_setup_teardown.py took 0.092 seconds
[2024-01-29T20:02:39.623+0100] {processor.py:161} INFO - Started process (PID=8417) to work on /home/ubuntu/.local/lib/python3.10/site-packages/airflow/example_dags/example_setup_teardown.py
[2024-01-29T20:02:39.628+0100] {processor.py:830} INFO - Processing file /home/ubuntu/.local/lib/python3.10/site-packages/airflow/example_dags/example_setup_teardown.py for tasks to queue
[2024-01-29T20:02:39.629+0100] {logging_mixin.py:188} INFO - [2024-01-29T20:02:39.628+0100] {dagbag.py:538} INFO - Filling up the DagBag from /home/ubuntu/.local/lib/python3.10/site-packages/airflow/example_dags/example_setup_teardown.py
[2024-01-29T20:02:39.644+0100] {processor.py:840} INFO - DAG(s) 'example_setup_teardown' retrieved from /home/ubuntu/.local/lib/python3.10/site-packages/airflow/example_dags/example_setup_teardown.py
[2024-01-29T20:02:39.680+0100] {logging_mixin.py:188} INFO - [2024-01-29T20:02:39.680+0100] {dag.py:3033} INFO - Sync 1 DAGs
[2024-01-29T20:02:39.775+0100] {logging_mixin.py:188} INFO - [2024-01-29T20:02:39.774+0100] {dag.py:3820} INFO - Setting next_dagrun for example_setup_teardown to 2024-01-28T00:00:00+00:00, run_after=2024-01-29T00:00:00+00:00
[2024-01-29T20:02:39.934+0100] {processor.py:183} INFO - Processing /home/ubuntu/.local/lib/python3.10/site-packages/airflow/example_dags/example_setup_teardown.py took 0.320 seconds
[2024-01-29T20:03:38.552+0100] {processor.py:161} INFO - Started process (PID=8488) to work on /home/ubuntu/.local/lib/python3.10/site-packages/airflow/example_dags/example_setup_teardown.py
[2024-01-29T20:03:38.555+0100] {processor.py:830} INFO - Processing file /home/ubuntu/.local/lib/python3.10/site-packages/airflow/example_dags/example_setup_teardown.py for tasks to queue
[2024-01-29T20:03:38.556+0100] {logging_mixin.py:188} INFO - [2024-01-29T20:03:38.555+0100] {dagbag.py:538} INFO - Filling up the DagBag from /home/ubuntu/.local/lib/python3.10/site-packages/airflow/example_dags/example_setup_teardown.py
[2024-01-29T20:03:38.567+0100] {processor.py:840} INFO - DAG(s) 'example_setup_teardown' retrieved from /home/ubuntu/.local/lib/python3.10/site-packages/airflow/example_dags/example_setup_teardown.py
[2024-01-29T20:03:38.592+0100] {logging_mixin.py:188} INFO - [2024-01-29T20:03:38.592+0100] {dag.py:3033} INFO - Sync 1 DAGs
[2024-01-29T20:03:38.624+0100] {logging_mixin.py:188} INFO - [2024-01-29T20:03:38.624+0100] {dag.py:3820} INFO - Setting next_dagrun for example_setup_teardown to 2024-01-28T00:00:00+00:00, run_after=2024-01-29T00:00:00+00:00
[2024-01-29T20:03:38.654+0100] {processor.py:183} INFO - Processing /home/ubuntu/.local/lib/python3.10/site-packages/airflow/example_dags/example_setup_teardown.py took 0.108 seconds
[2024-01-29T20:04:50.501+0100] {processor.py:161} INFO - Started process (PID=8576) to work on /home/ubuntu/.local/lib/python3.10/site-packages/airflow/example_dags/example_setup_teardown.py
[2024-01-29T20:04:50.526+0100] {processor.py:830} INFO - Processing file /home/ubuntu/.local/lib/python3.10/site-packages/airflow/example_dags/example_setup_teardown.py for tasks to queue
[2024-01-29T20:04:50.533+0100] {logging_mixin.py:188} INFO - [2024-01-29T20:04:50.529+0100] {dagbag.py:538} INFO - Filling up the DagBag from /home/ubuntu/.local/lib/python3.10/site-packages/airflow/example_dags/example_setup_teardown.py
[2024-01-29T20:04:50.571+0100] {processor.py:840} INFO - DAG(s) 'example_setup_teardown' retrieved from /home/ubuntu/.local/lib/python3.10/site-packages/airflow/example_dags/example_setup_teardown.py
[2024-01-29T20:04:50.653+0100] {logging_mixin.py:188} INFO - [2024-01-29T20:04:50.653+0100] {dag.py:3033} INFO - Sync 1 DAGs
[2024-01-29T20:04:50.925+0100] {logging_mixin.py:188} INFO - [2024-01-29T20:04:50.925+0100] {dag.py:3820} INFO - Setting next_dagrun for example_setup_teardown to 2024-01-28T00:00:00+00:00, run_after=2024-01-29T00:00:00+00:00
[2024-01-29T20:04:51.298+0100] {processor.py:183} INFO - Processing /home/ubuntu/.local/lib/python3.10/site-packages/airflow/example_dags/example_setup_teardown.py took 0.813 seconds
[2024-01-29T20:06:04.116+0100] {processor.py:161} INFO - Started process (PID=8651) to work on /home/ubuntu/.local/lib/python3.10/site-packages/airflow/example_dags/example_setup_teardown.py
[2024-01-29T20:06:04.118+0100] {processor.py:830} INFO - Processing file /home/ubuntu/.local/lib/python3.10/site-packages/airflow/example_dags/example_setup_teardown.py for tasks to queue
[2024-01-29T20:06:04.119+0100] {logging_mixin.py:188} INFO - [2024-01-29T20:06:04.119+0100] {dagbag.py:538} INFO - Filling up the DagBag from /home/ubuntu/.local/lib/python3.10/site-packages/airflow/example_dags/example_setup_teardown.py
[2024-01-29T20:06:04.127+0100] {processor.py:840} INFO - DAG(s) 'example_setup_teardown' retrieved from /home/ubuntu/.local/lib/python3.10/site-packages/airflow/example_dags/example_setup_teardown.py
[2024-01-29T20:06:04.143+0100] {logging_mixin.py:188} INFO - [2024-01-29T20:06:04.143+0100] {dag.py:3033} INFO - Sync 1 DAGs
[2024-01-29T20:06:04.159+0100] {logging_mixin.py:188} INFO - [2024-01-29T20:06:04.159+0100] {dag.py:3820} INFO - Setting next_dagrun for example_setup_teardown to 2024-01-28T00:00:00+00:00, run_after=2024-01-29T00:00:00+00:00
[2024-01-29T20:06:04.210+0100] {processor.py:183} INFO - Processing /home/ubuntu/.local/lib/python3.10/site-packages/airflow/example_dags/example_setup_teardown.py took 0.098 seconds
[2024-01-29T20:07:26.325+0100] {processor.py:161} INFO - Started process (PID=8734) to work on /home/ubuntu/.local/lib/python3.10/site-packages/airflow/example_dags/example_setup_teardown.py
[2024-01-29T20:07:26.327+0100] {processor.py:830} INFO - Processing file /home/ubuntu/.local/lib/python3.10/site-packages/airflow/example_dags/example_setup_teardown.py for tasks to queue
[2024-01-29T20:07:26.328+0100] {logging_mixin.py:188} INFO - [2024-01-29T20:07:26.328+0100] {dagbag.py:538} INFO - Filling up the DagBag from /home/ubuntu/.local/lib/python3.10/site-packages/airflow/example_dags/example_setup_teardown.py
[2024-01-29T20:07:26.337+0100] {processor.py:840} INFO - DAG(s) 'example_setup_teardown' retrieved from /home/ubuntu/.local/lib/python3.10/site-packages/airflow/example_dags/example_setup_teardown.py
[2024-01-29T20:07:26.355+0100] {logging_mixin.py:188} INFO - [2024-01-29T20:07:26.355+0100] {dag.py:3033} INFO - Sync 1 DAGs
[2024-01-29T20:07:26.378+0100] {logging_mixin.py:188} INFO - [2024-01-29T20:07:26.378+0100] {dag.py:3820} INFO - Setting next_dagrun for example_setup_teardown to 2024-01-28T00:00:00+00:00, run_after=2024-01-29T00:00:00+00:00
[2024-01-29T20:07:26.409+0100] {processor.py:183} INFO - Processing /home/ubuntu/.local/lib/python3.10/site-packages/airflow/example_dags/example_setup_teardown.py took 0.088 seconds
[2024-01-29T20:08:25.331+0100] {processor.py:161} INFO - Started process (PID=8797) to work on /home/ubuntu/.local/lib/python3.10/site-packages/airflow/example_dags/example_setup_teardown.py
[2024-01-29T20:08:25.333+0100] {processor.py:830} INFO - Processing file /home/ubuntu/.local/lib/python3.10/site-packages/airflow/example_dags/example_setup_teardown.py for tasks to queue
[2024-01-29T20:08:25.334+0100] {logging_mixin.py:188} INFO - [2024-01-29T20:08:25.333+0100] {dagbag.py:538} INFO - Filling up the DagBag from /home/ubuntu/.local/lib/python3.10/site-packages/airflow/example_dags/example_setup_teardown.py
[2024-01-29T20:08:25.342+0100] {processor.py:840} INFO - DAG(s) 'example_setup_teardown' retrieved from /home/ubuntu/.local/lib/python3.10/site-packages/airflow/example_dags/example_setup_teardown.py
[2024-01-29T20:08:25.370+0100] {logging_mixin.py:188} INFO - [2024-01-29T20:08:25.370+0100] {dag.py:3033} INFO - Sync 1 DAGs
[2024-01-29T20:08:25.391+0100] {logging_mixin.py:188} INFO - [2024-01-29T20:08:25.391+0100] {dag.py:3820} INFO - Setting next_dagrun for example_setup_teardown to 2024-01-28T00:00:00+00:00, run_after=2024-01-29T00:00:00+00:00
[2024-01-29T20:08:25.420+0100] {processor.py:183} INFO - Processing /home/ubuntu/.local/lib/python3.10/site-packages/airflow/example_dags/example_setup_teardown.py took 0.093 seconds
[2024-01-29T20:09:29.506+0100] {processor.py:161} INFO - Started process (PID=8872) to work on /home/ubuntu/.local/lib/python3.10/site-packages/airflow/example_dags/example_setup_teardown.py
[2024-01-29T20:09:29.546+0100] {processor.py:830} INFO - Processing file /home/ubuntu/.local/lib/python3.10/site-packages/airflow/example_dags/example_setup_teardown.py for tasks to queue
[2024-01-29T20:09:29.558+0100] {logging_mixin.py:188} INFO - [2024-01-29T20:09:29.557+0100] {dagbag.py:538} INFO - Filling up the DagBag from /home/ubuntu/.local/lib/python3.10/site-packages/airflow/example_dags/example_setup_teardown.py
[2024-01-29T20:09:29.609+0100] {processor.py:840} INFO - DAG(s) 'example_setup_teardown' retrieved from /home/ubuntu/.local/lib/python3.10/site-packages/airflow/example_dags/example_setup_teardown.py
[2024-01-29T20:09:29.665+0100] {logging_mixin.py:188} INFO - [2024-01-29T20:09:29.665+0100] {dag.py:3033} INFO - Sync 1 DAGs
[2024-01-29T20:09:29.692+0100] {logging_mixin.py:188} INFO - [2024-01-29T20:09:29.692+0100] {dag.py:3820} INFO - Setting next_dagrun for example_setup_teardown to 2024-01-28T00:00:00+00:00, run_after=2024-01-29T00:00:00+00:00
[2024-01-29T20:09:29.729+0100] {processor.py:183} INFO - Processing /home/ubuntu/.local/lib/python3.10/site-packages/airflow/example_dags/example_setup_teardown.py took 0.240 seconds
[2024-01-29T20:10:43.310+0100] {processor.py:161} INFO - Started process (PID=8967) to work on /home/ubuntu/.local/lib/python3.10/site-packages/airflow/example_dags/example_setup_teardown.py
[2024-01-29T20:10:43.312+0100] {processor.py:830} INFO - Processing file /home/ubuntu/.local/lib/python3.10/site-packages/airflow/example_dags/example_setup_teardown.py for tasks to queue
[2024-01-29T20:10:43.314+0100] {logging_mixin.py:188} INFO - [2024-01-29T20:10:43.313+0100] {dagbag.py:538} INFO - Filling up the DagBag from /home/ubuntu/.local/lib/python3.10/site-packages/airflow/example_dags/example_setup_teardown.py
[2024-01-29T20:10:43.325+0100] {processor.py:840} INFO - DAG(s) 'example_setup_teardown' retrieved from /home/ubuntu/.local/lib/python3.10/site-packages/airflow/example_dags/example_setup_teardown.py
[2024-01-29T20:10:43.345+0100] {logging_mixin.py:188} INFO - [2024-01-29T20:10:43.345+0100] {dag.py:3033} INFO - Sync 1 DAGs
[2024-01-29T20:10:43.372+0100] {logging_mixin.py:188} INFO - [2024-01-29T20:10:43.372+0100] {dag.py:3820} INFO - Setting next_dagrun for example_setup_teardown to 2024-01-28T00:00:00+00:00, run_after=2024-01-29T00:00:00+00:00
[2024-01-29T20:10:43.414+0100] {processor.py:183} INFO - Processing /home/ubuntu/.local/lib/python3.10/site-packages/airflow/example_dags/example_setup_teardown.py took 0.108 seconds
[2024-01-29T20:12:01.612+0100] {processor.py:161} INFO - Started process (PID=9068) to work on /home/ubuntu/.local/lib/python3.10/site-packages/airflow/example_dags/example_setup_teardown.py
[2024-01-29T20:12:01.707+0100] {processor.py:830} INFO - Processing file /home/ubuntu/.local/lib/python3.10/site-packages/airflow/example_dags/example_setup_teardown.py for tasks to queue
[2024-01-29T20:12:01.708+0100] {logging_mixin.py:188} INFO - [2024-01-29T20:12:01.708+0100] {dagbag.py:538} INFO - Filling up the DagBag from /home/ubuntu/.local/lib/python3.10/site-packages/airflow/example_dags/example_setup_teardown.py
[2024-01-29T20:12:01.807+0100] {processor.py:840} INFO - DAG(s) 'example_setup_teardown' retrieved from /home/ubuntu/.local/lib/python3.10/site-packages/airflow/example_dags/example_setup_teardown.py
[2024-01-29T20:12:02.018+0100] {logging_mixin.py:188} INFO - [2024-01-29T20:12:02.006+0100] {dag.py:3033} INFO - Sync 1 DAGs
[2024-01-29T20:12:02.168+0100] {logging_mixin.py:188} INFO - [2024-01-29T20:12:02.168+0100] {dag.py:3820} INFO - Setting next_dagrun for example_setup_teardown to 2024-01-28T00:00:00+00:00, run_after=2024-01-29T00:00:00+00:00
[2024-01-29T20:12:02.503+0100] {processor.py:183} INFO - Processing /home/ubuntu/.local/lib/python3.10/site-packages/airflow/example_dags/example_setup_teardown.py took 0.930 seconds
[2024-01-29T20:13:11.664+0100] {processor.py:161} INFO - Started process (PID=9181) to work on /home/ubuntu/.local/lib/python3.10/site-packages/airflow/example_dags/example_setup_teardown.py
[2024-01-29T20:13:11.760+0100] {processor.py:830} INFO - Processing file /home/ubuntu/.local/lib/python3.10/site-packages/airflow/example_dags/example_setup_teardown.py for tasks to queue
[2024-01-29T20:13:11.767+0100] {logging_mixin.py:188} INFO - [2024-01-29T20:13:11.764+0100] {dagbag.py:538} INFO - Filling up the DagBag from /home/ubuntu/.local/lib/python3.10/site-packages/airflow/example_dags/example_setup_teardown.py
[2024-01-29T20:13:11.820+0100] {processor.py:840} INFO - DAG(s) 'example_setup_teardown' retrieved from /home/ubuntu/.local/lib/python3.10/site-packages/airflow/example_dags/example_setup_teardown.py
[2024-01-29T20:13:11.910+0100] {logging_mixin.py:188} INFO - [2024-01-29T20:13:11.910+0100] {dag.py:3033} INFO - Sync 1 DAGs
[2024-01-29T20:13:12.062+0100] {logging_mixin.py:188} INFO - [2024-01-29T20:13:12.053+0100] {dag.py:3820} INFO - Setting next_dagrun for example_setup_teardown to 2024-01-28T00:00:00+00:00, run_after=2024-01-29T00:00:00+00:00
[2024-01-29T20:13:12.543+0100] {processor.py:183} INFO - Processing /home/ubuntu/.local/lib/python3.10/site-packages/airflow/example_dags/example_setup_teardown.py took 0.888 seconds
[2024-01-29T20:14:37.210+0100] {processor.py:161} INFO - Started process (PID=9268) to work on /home/ubuntu/.local/lib/python3.10/site-packages/airflow/example_dags/example_setup_teardown.py
[2024-01-29T20:14:37.213+0100] {processor.py:830} INFO - Processing file /home/ubuntu/.local/lib/python3.10/site-packages/airflow/example_dags/example_setup_teardown.py for tasks to queue
[2024-01-29T20:14:37.215+0100] {logging_mixin.py:188} INFO - [2024-01-29T20:14:37.214+0100] {dagbag.py:538} INFO - Filling up the DagBag from /home/ubuntu/.local/lib/python3.10/site-packages/airflow/example_dags/example_setup_teardown.py
[2024-01-29T20:14:37.227+0100] {processor.py:840} INFO - DAG(s) 'example_setup_teardown' retrieved from /home/ubuntu/.local/lib/python3.10/site-packages/airflow/example_dags/example_setup_teardown.py
[2024-01-29T20:14:37.247+0100] {logging_mixin.py:188} INFO - [2024-01-29T20:14:37.247+0100] {dag.py:3033} INFO - Sync 1 DAGs
[2024-01-29T20:14:37.270+0100] {logging_mixin.py:188} INFO - [2024-01-29T20:14:37.270+0100] {dag.py:3820} INFO - Setting next_dagrun for example_setup_teardown to 2024-01-28T00:00:00+00:00, run_after=2024-01-29T00:00:00+00:00
[2024-01-29T20:14:37.310+0100] {processor.py:183} INFO - Processing /home/ubuntu/.local/lib/python3.10/site-packages/airflow/example_dags/example_setup_teardown.py took 0.106 seconds
[2024-01-29T20:15:46.037+0100] {processor.py:161} INFO - Started process (PID=9346) to work on /home/ubuntu/.local/lib/python3.10/site-packages/airflow/example_dags/example_setup_teardown.py
[2024-01-29T20:15:46.039+0100] {processor.py:830} INFO - Processing file /home/ubuntu/.local/lib/python3.10/site-packages/airflow/example_dags/example_setup_teardown.py for tasks to queue
[2024-01-29T20:15:46.040+0100] {logging_mixin.py:188} INFO - [2024-01-29T20:15:46.040+0100] {dagbag.py:538} INFO - Filling up the DagBag from /home/ubuntu/.local/lib/python3.10/site-packages/airflow/example_dags/example_setup_teardown.py
[2024-01-29T20:15:46.051+0100] {processor.py:840} INFO - DAG(s) 'example_setup_teardown' retrieved from /home/ubuntu/.local/lib/python3.10/site-packages/airflow/example_dags/example_setup_teardown.py
[2024-01-29T20:15:46.073+0100] {logging_mixin.py:188} INFO - [2024-01-29T20:15:46.072+0100] {dag.py:3033} INFO - Sync 1 DAGs
[2024-01-29T20:15:46.091+0100] {logging_mixin.py:188} INFO - [2024-01-29T20:15:46.091+0100] {dag.py:3820} INFO - Setting next_dagrun for example_setup_teardown to 2024-01-28T00:00:00+00:00, run_after=2024-01-29T00:00:00+00:00
[2024-01-29T20:15:46.123+0100] {processor.py:183} INFO - Processing /home/ubuntu/.local/lib/python3.10/site-packages/airflow/example_dags/example_setup_teardown.py took 0.091 seconds
[2024-01-29T20:16:55.522+0100] {processor.py:161} INFO - Started process (PID=9419) to work on /home/ubuntu/.local/lib/python3.10/site-packages/airflow/example_dags/example_setup_teardown.py
[2024-01-29T20:16:55.558+0100] {processor.py:830} INFO - Processing file /home/ubuntu/.local/lib/python3.10/site-packages/airflow/example_dags/example_setup_teardown.py for tasks to queue
[2024-01-29T20:16:55.559+0100] {logging_mixin.py:188} INFO - [2024-01-29T20:16:55.559+0100] {dagbag.py:538} INFO - Filling up the DagBag from /home/ubuntu/.local/lib/python3.10/site-packages/airflow/example_dags/example_setup_teardown.py
[2024-01-29T20:16:55.571+0100] {processor.py:840} INFO - DAG(s) 'example_setup_teardown' retrieved from /home/ubuntu/.local/lib/python3.10/site-packages/airflow/example_dags/example_setup_teardown.py
[2024-01-29T20:16:55.588+0100] {logging_mixin.py:188} INFO - [2024-01-29T20:16:55.588+0100] {dag.py:3033} INFO - Sync 1 DAGs
[2024-01-29T20:16:55.609+0100] {logging_mixin.py:188} INFO - [2024-01-29T20:16:55.609+0100] {dag.py:3820} INFO - Setting next_dagrun for example_setup_teardown to 2024-01-28T00:00:00+00:00, run_after=2024-01-29T00:00:00+00:00
[2024-01-29T20:16:55.638+0100] {processor.py:183} INFO - Processing /home/ubuntu/.local/lib/python3.10/site-packages/airflow/example_dags/example_setup_teardown.py took 0.120 seconds
[2024-01-29T20:18:07.340+0100] {processor.py:161} INFO - Started process (PID=9503) to work on /home/ubuntu/.local/lib/python3.10/site-packages/airflow/example_dags/example_setup_teardown.py
[2024-01-29T20:18:07.341+0100] {processor.py:830} INFO - Processing file /home/ubuntu/.local/lib/python3.10/site-packages/airflow/example_dags/example_setup_teardown.py for tasks to queue
[2024-01-29T20:18:07.343+0100] {logging_mixin.py:188} INFO - [2024-01-29T20:18:07.342+0100] {dagbag.py:538} INFO - Filling up the DagBag from /home/ubuntu/.local/lib/python3.10/site-packages/airflow/example_dags/example_setup_teardown.py
[2024-01-29T20:18:07.351+0100] {processor.py:840} INFO - DAG(s) 'example_setup_teardown' retrieved from /home/ubuntu/.local/lib/python3.10/site-packages/airflow/example_dags/example_setup_teardown.py
[2024-01-29T20:18:07.369+0100] {logging_mixin.py:188} INFO - [2024-01-29T20:18:07.369+0100] {dag.py:3033} INFO - Sync 1 DAGs
[2024-01-29T20:18:07.390+0100] {logging_mixin.py:188} INFO - [2024-01-29T20:18:07.390+0100] {dag.py:3820} INFO - Setting next_dagrun for example_setup_teardown to 2024-01-28T00:00:00+00:00, run_after=2024-01-29T00:00:00+00:00
[2024-01-29T20:18:07.461+0100] {processor.py:183} INFO - Processing /home/ubuntu/.local/lib/python3.10/site-packages/airflow/example_dags/example_setup_teardown.py took 0.125 seconds
[2024-01-29T20:19:12.092+0100] {processor.py:161} INFO - Started process (PID=9591) to work on /home/ubuntu/.local/lib/python3.10/site-packages/airflow/example_dags/example_setup_teardown.py
[2024-01-29T20:19:12.094+0100] {processor.py:830} INFO - Processing file /home/ubuntu/.local/lib/python3.10/site-packages/airflow/example_dags/example_setup_teardown.py for tasks to queue
[2024-01-29T20:19:12.095+0100] {logging_mixin.py:188} INFO - [2024-01-29T20:19:12.095+0100] {dagbag.py:538} INFO - Filling up the DagBag from /home/ubuntu/.local/lib/python3.10/site-packages/airflow/example_dags/example_setup_teardown.py
[2024-01-29T20:19:12.103+0100] {processor.py:840} INFO - DAG(s) 'example_setup_teardown' retrieved from /home/ubuntu/.local/lib/python3.10/site-packages/airflow/example_dags/example_setup_teardown.py
[2024-01-29T20:19:12.119+0100] {logging_mixin.py:188} INFO - [2024-01-29T20:19:12.118+0100] {dag.py:3033} INFO - Sync 1 DAGs
[2024-01-29T20:19:12.136+0100] {logging_mixin.py:188} INFO - [2024-01-29T20:19:12.136+0100] {dag.py:3820} INFO - Setting next_dagrun for example_setup_teardown to 2024-01-28T00:00:00+00:00, run_after=2024-01-29T00:00:00+00:00
[2024-01-29T20:19:12.184+0100] {processor.py:183} INFO - Processing /home/ubuntu/.local/lib/python3.10/site-packages/airflow/example_dags/example_setup_teardown.py took 0.095 seconds
[2024-01-29T20:20:17.051+0100] {processor.py:161} INFO - Started process (PID=9670) to work on /home/ubuntu/.local/lib/python3.10/site-packages/airflow/example_dags/example_setup_teardown.py
[2024-01-29T20:20:17.053+0100] {processor.py:830} INFO - Processing file /home/ubuntu/.local/lib/python3.10/site-packages/airflow/example_dags/example_setup_teardown.py for tasks to queue
[2024-01-29T20:20:17.054+0100] {logging_mixin.py:188} INFO - [2024-01-29T20:20:17.054+0100] {dagbag.py:538} INFO - Filling up the DagBag from /home/ubuntu/.local/lib/python3.10/site-packages/airflow/example_dags/example_setup_teardown.py
[2024-01-29T20:20:17.062+0100] {processor.py:840} INFO - DAG(s) 'example_setup_teardown' retrieved from /home/ubuntu/.local/lib/python3.10/site-packages/airflow/example_dags/example_setup_teardown.py
[2024-01-29T20:20:17.077+0100] {logging_mixin.py:188} INFO - [2024-01-29T20:20:17.076+0100] {dag.py:3033} INFO - Sync 1 DAGs
[2024-01-29T20:20:17.093+0100] {logging_mixin.py:188} INFO - [2024-01-29T20:20:17.093+0100] {dag.py:3820} INFO - Setting next_dagrun for example_setup_teardown to 2024-01-28T00:00:00+00:00, run_after=2024-01-29T00:00:00+00:00
[2024-01-29T20:20:17.137+0100] {processor.py:183} INFO - Processing /home/ubuntu/.local/lib/python3.10/site-packages/airflow/example_dags/example_setup_teardown.py took 0.090 seconds
