[2024-01-29T19:54:52.824+0100] {processor.py:161} INFO - Started process (PID=7896) to work on /home/ubuntu/.local/lib/python3.10/site-packages/airflow/example_dags/example_short_circuit_decorator.py
[2024-01-29T19:54:52.825+0100] {processor.py:830} INFO - Processing file /home/ubuntu/.local/lib/python3.10/site-packages/airflow/example_dags/example_short_circuit_decorator.py for tasks to queue
[2024-01-29T19:54:52.826+0100] {logging_mixin.py:188} INFO - [2024-01-29T19:54:52.826+0100] {dagbag.py:538} INFO - Filling up the DagBag from /home/ubuntu/.local/lib/python3.10/site-packages/airflow/example_dags/example_short_circuit_decorator.py
[2024-01-29T19:54:52.840+0100] {processor.py:840} INFO - DAG(s) 'example_short_circuit_decorator' retrieved from /home/ubuntu/.local/lib/python3.10/site-packages/airflow/example_dags/example_short_circuit_decorator.py
[2024-01-29T19:54:52.977+0100] {logging_mixin.py:188} INFO - [2024-01-29T19:54:52.977+0100] {dag.py:3033} INFO - Sync 1 DAGs
[2024-01-29T19:54:53.020+0100] {logging_mixin.py:188} INFO - [2024-01-29T19:54:53.019+0100] {dag.py:3820} INFO - Setting next_dagrun for example_short_circuit_decorator to 2024-01-28T00:00:00+00:00, run_after=2024-01-29T00:00:00+00:00
[2024-01-29T19:54:53.206+0100] {processor.py:183} INFO - Processing /home/ubuntu/.local/lib/python3.10/site-packages/airflow/example_dags/example_short_circuit_decorator.py took 0.388 seconds
[2024-01-29T19:56:04.698+0100] {processor.py:161} INFO - Started process (PID=7967) to work on /home/ubuntu/.local/lib/python3.10/site-packages/airflow/example_dags/example_short_circuit_decorator.py
[2024-01-29T19:56:04.726+0100] {processor.py:830} INFO - Processing file /home/ubuntu/.local/lib/python3.10/site-packages/airflow/example_dags/example_short_circuit_decorator.py for tasks to queue
[2024-01-29T19:56:04.728+0100] {logging_mixin.py:188} INFO - [2024-01-29T19:56:04.727+0100] {dagbag.py:538} INFO - Filling up the DagBag from /home/ubuntu/.local/lib/python3.10/site-packages/airflow/example_dags/example_short_circuit_decorator.py
[2024-01-29T19:56:04.772+0100] {processor.py:840} INFO - DAG(s) 'example_short_circuit_decorator' retrieved from /home/ubuntu/.local/lib/python3.10/site-packages/airflow/example_dags/example_short_circuit_decorator.py
[2024-01-29T19:56:04.822+0100] {logging_mixin.py:188} INFO - [2024-01-29T19:56:04.821+0100] {dag.py:3033} INFO - Sync 1 DAGs
[2024-01-29T19:56:04.878+0100] {logging_mixin.py:188} INFO - [2024-01-29T19:56:04.878+0100] {dag.py:3820} INFO - Setting next_dagrun for example_short_circuit_decorator to 2024-01-28T00:00:00+00:00, run_after=2024-01-29T00:00:00+00:00
[2024-01-29T19:56:04.930+0100] {processor.py:183} INFO - Processing /home/ubuntu/.local/lib/python3.10/site-packages/airflow/example_dags/example_short_circuit_decorator.py took 0.248 seconds
[2024-01-29T19:57:28.795+0100] {processor.py:161} INFO - Started process (PID=8048) to work on /home/ubuntu/.local/lib/python3.10/site-packages/airflow/example_dags/example_short_circuit_decorator.py
[2024-01-29T19:57:28.810+0100] {processor.py:830} INFO - Processing file /home/ubuntu/.local/lib/python3.10/site-packages/airflow/example_dags/example_short_circuit_decorator.py for tasks to queue
[2024-01-29T19:57:28.811+0100] {logging_mixin.py:188} INFO - [2024-01-29T19:57:28.811+0100] {dagbag.py:538} INFO - Filling up the DagBag from /home/ubuntu/.local/lib/python3.10/site-packages/airflow/example_dags/example_short_circuit_decorator.py
[2024-01-29T19:57:28.823+0100] {processor.py:840} INFO - DAG(s) 'example_short_circuit_decorator' retrieved from /home/ubuntu/.local/lib/python3.10/site-packages/airflow/example_dags/example_short_circuit_decorator.py
[2024-01-29T19:57:28.845+0100] {logging_mixin.py:188} INFO - [2024-01-29T19:57:28.845+0100] {dag.py:3033} INFO - Sync 1 DAGs
[2024-01-29T19:57:28.866+0100] {logging_mixin.py:188} INFO - [2024-01-29T19:57:28.866+0100] {dag.py:3820} INFO - Setting next_dagrun for example_short_circuit_decorator to 2024-01-28T00:00:00+00:00, run_after=2024-01-29T00:00:00+00:00
[2024-01-29T19:57:28.897+0100] {processor.py:183} INFO - Processing /home/ubuntu/.local/lib/python3.10/site-packages/airflow/example_dags/example_short_circuit_decorator.py took 0.114 seconds
[2024-01-29T19:58:23.248+0100] {processor.py:161} INFO - Started process (PID=8109) to work on /home/ubuntu/.local/lib/python3.10/site-packages/airflow/example_dags/example_short_circuit_decorator.py
[2024-01-29T19:58:23.251+0100] {processor.py:830} INFO - Processing file /home/ubuntu/.local/lib/python3.10/site-packages/airflow/example_dags/example_short_circuit_decorator.py for tasks to queue
[2024-01-29T19:58:23.252+0100] {logging_mixin.py:188} INFO - [2024-01-29T19:58:23.252+0100] {dagbag.py:538} INFO - Filling up the DagBag from /home/ubuntu/.local/lib/python3.10/site-packages/airflow/example_dags/example_short_circuit_decorator.py
[2024-01-29T19:58:23.263+0100] {processor.py:840} INFO - DAG(s) 'example_short_circuit_decorator' retrieved from /home/ubuntu/.local/lib/python3.10/site-packages/airflow/example_dags/example_short_circuit_decorator.py
[2024-01-29T19:58:23.283+0100] {logging_mixin.py:188} INFO - [2024-01-29T19:58:23.282+0100] {dag.py:3033} INFO - Sync 1 DAGs
[2024-01-29T19:58:23.305+0100] {logging_mixin.py:188} INFO - [2024-01-29T19:58:23.305+0100] {dag.py:3820} INFO - Setting next_dagrun for example_short_circuit_decorator to 2024-01-28T00:00:00+00:00, run_after=2024-01-29T00:00:00+00:00
[2024-01-29T19:58:23.342+0100] {processor.py:183} INFO - Processing /home/ubuntu/.local/lib/python3.10/site-packages/airflow/example_dags/example_short_circuit_decorator.py took 0.098 seconds
[2024-01-29T19:59:13.169+0100] {processor.py:161} INFO - Started process (PID=8166) to work on /home/ubuntu/.local/lib/python3.10/site-packages/airflow/example_dags/example_short_circuit_decorator.py
[2024-01-29T19:59:13.172+0100] {processor.py:830} INFO - Processing file /home/ubuntu/.local/lib/python3.10/site-packages/airflow/example_dags/example_short_circuit_decorator.py for tasks to queue
[2024-01-29T19:59:13.174+0100] {logging_mixin.py:188} INFO - [2024-01-29T19:59:13.173+0100] {dagbag.py:538} INFO - Filling up the DagBag from /home/ubuntu/.local/lib/python3.10/site-packages/airflow/example_dags/example_short_circuit_decorator.py
[2024-01-29T19:59:13.189+0100] {processor.py:840} INFO - DAG(s) 'example_short_circuit_decorator' retrieved from /home/ubuntu/.local/lib/python3.10/site-packages/airflow/example_dags/example_short_circuit_decorator.py
[2024-01-29T19:59:13.217+0100] {logging_mixin.py:188} INFO - [2024-01-29T19:59:13.216+0100] {dag.py:3033} INFO - Sync 1 DAGs
[2024-01-29T19:59:13.240+0100] {logging_mixin.py:188} INFO - [2024-01-29T19:59:13.240+0100] {dag.py:3820} INFO - Setting next_dagrun for example_short_circuit_decorator to 2024-01-28T00:00:00+00:00, run_after=2024-01-29T00:00:00+00:00
[2024-01-29T19:59:13.271+0100] {processor.py:183} INFO - Processing /home/ubuntu/.local/lib/python3.10/site-packages/airflow/example_dags/example_short_circuit_decorator.py took 0.105 seconds
[2024-01-29T20:00:52.028+0100] {processor.py:161} INFO - Started process (PID=8270) to work on /home/ubuntu/.local/lib/python3.10/site-packages/airflow/example_dags/example_short_circuit_decorator.py
[2024-01-29T20:00:52.030+0100] {processor.py:830} INFO - Processing file /home/ubuntu/.local/lib/python3.10/site-packages/airflow/example_dags/example_short_circuit_decorator.py for tasks to queue
[2024-01-29T20:00:52.031+0100] {logging_mixin.py:188} INFO - [2024-01-29T20:00:52.030+0100] {dagbag.py:538} INFO - Filling up the DagBag from /home/ubuntu/.local/lib/python3.10/site-packages/airflow/example_dags/example_short_circuit_decorator.py
[2024-01-29T20:00:52.042+0100] {processor.py:840} INFO - DAG(s) 'example_short_circuit_decorator' retrieved from /home/ubuntu/.local/lib/python3.10/site-packages/airflow/example_dags/example_short_circuit_decorator.py
[2024-01-29T20:00:52.062+0100] {logging_mixin.py:188} INFO - [2024-01-29T20:00:52.062+0100] {dag.py:3033} INFO - Sync 1 DAGs
[2024-01-29T20:00:52.084+0100] {logging_mixin.py:188} INFO - [2024-01-29T20:00:52.084+0100] {dag.py:3820} INFO - Setting next_dagrun for example_short_circuit_decorator to 2024-01-28T00:00:00+00:00, run_after=2024-01-29T00:00:00+00:00
[2024-01-29T20:00:52.116+0100] {processor.py:183} INFO - Processing /home/ubuntu/.local/lib/python3.10/site-packages/airflow/example_dags/example_short_circuit_decorator.py took 0.091 seconds
[2024-01-29T20:01:44.486+0100] {processor.py:161} INFO - Started process (PID=8329) to work on /home/ubuntu/.local/lib/python3.10/site-packages/airflow/example_dags/example_short_circuit_decorator.py
[2024-01-29T20:01:44.489+0100] {processor.py:830} INFO - Processing file /home/ubuntu/.local/lib/python3.10/site-packages/airflow/example_dags/example_short_circuit_decorator.py for tasks to queue
[2024-01-29T20:01:44.489+0100] {logging_mixin.py:188} INFO - [2024-01-29T20:01:44.489+0100] {dagbag.py:538} INFO - Filling up the DagBag from /home/ubuntu/.local/lib/python3.10/site-packages/airflow/example_dags/example_short_circuit_decorator.py
[2024-01-29T20:01:44.501+0100] {processor.py:840} INFO - DAG(s) 'example_short_circuit_decorator' retrieved from /home/ubuntu/.local/lib/python3.10/site-packages/airflow/example_dags/example_short_circuit_decorator.py
[2024-01-29T20:01:44.527+0100] {logging_mixin.py:188} INFO - [2024-01-29T20:01:44.527+0100] {dag.py:3033} INFO - Sync 1 DAGs
[2024-01-29T20:01:44.551+0100] {logging_mixin.py:188} INFO - [2024-01-29T20:01:44.551+0100] {dag.py:3820} INFO - Setting next_dagrun for example_short_circuit_decorator to 2024-01-28T00:00:00+00:00, run_after=2024-01-29T00:00:00+00:00
[2024-01-29T20:01:44.593+0100] {processor.py:183} INFO - Processing /home/ubuntu/.local/lib/python3.10/site-packages/airflow/example_dags/example_short_circuit_decorator.py took 0.111 seconds
[2024-01-29T20:03:04.759+0100] {processor.py:161} INFO - Started process (PID=8449) to work on /home/ubuntu/.local/lib/python3.10/site-packages/airflow/example_dags/example_short_circuit_decorator.py
[2024-01-29T20:03:04.762+0100] {processor.py:830} INFO - Processing file /home/ubuntu/.local/lib/python3.10/site-packages/airflow/example_dags/example_short_circuit_decorator.py for tasks to queue
[2024-01-29T20:03:04.763+0100] {logging_mixin.py:188} INFO - [2024-01-29T20:03:04.762+0100] {dagbag.py:538} INFO - Filling up the DagBag from /home/ubuntu/.local/lib/python3.10/site-packages/airflow/example_dags/example_short_circuit_decorator.py
[2024-01-29T20:03:04.777+0100] {processor.py:840} INFO - DAG(s) 'example_short_circuit_decorator' retrieved from /home/ubuntu/.local/lib/python3.10/site-packages/airflow/example_dags/example_short_circuit_decorator.py
[2024-01-29T20:03:04.809+0100] {logging_mixin.py:188} INFO - [2024-01-29T20:03:04.809+0100] {dag.py:3033} INFO - Sync 1 DAGs
[2024-01-29T20:03:04.829+0100] {logging_mixin.py:188} INFO - [2024-01-29T20:03:04.829+0100] {dag.py:3820} INFO - Setting next_dagrun for example_short_circuit_decorator to 2024-01-28T00:00:00+00:00, run_after=2024-01-29T00:00:00+00:00
[2024-01-29T20:03:04.859+0100] {processor.py:183} INFO - Processing /home/ubuntu/.local/lib/python3.10/site-packages/airflow/example_dags/example_short_circuit_decorator.py took 0.106 seconds
[2024-01-29T20:03:56.413+0100] {processor.py:161} INFO - Started process (PID=8511) to work on /home/ubuntu/.local/lib/python3.10/site-packages/airflow/example_dags/example_short_circuit_decorator.py
[2024-01-29T20:03:56.415+0100] {processor.py:830} INFO - Processing file /home/ubuntu/.local/lib/python3.10/site-packages/airflow/example_dags/example_short_circuit_decorator.py for tasks to queue
[2024-01-29T20:03:56.416+0100] {logging_mixin.py:188} INFO - [2024-01-29T20:03:56.416+0100] {dagbag.py:538} INFO - Filling up the DagBag from /home/ubuntu/.local/lib/python3.10/site-packages/airflow/example_dags/example_short_circuit_decorator.py
[2024-01-29T20:03:56.428+0100] {processor.py:840} INFO - DAG(s) 'example_short_circuit_decorator' retrieved from /home/ubuntu/.local/lib/python3.10/site-packages/airflow/example_dags/example_short_circuit_decorator.py
[2024-01-29T20:03:56.448+0100] {logging_mixin.py:188} INFO - [2024-01-29T20:03:56.448+0100] {dag.py:3033} INFO - Sync 1 DAGs
[2024-01-29T20:03:56.467+0100] {logging_mixin.py:188} INFO - [2024-01-29T20:03:56.466+0100] {dag.py:3820} INFO - Setting next_dagrun for example_short_circuit_decorator to 2024-01-28T00:00:00+00:00, run_after=2024-01-29T00:00:00+00:00
[2024-01-29T20:03:56.509+0100] {processor.py:183} INFO - Processing /home/ubuntu/.local/lib/python3.10/site-packages/airflow/example_dags/example_short_circuit_decorator.py took 0.100 seconds
[2024-01-29T20:05:15.922+0100] {processor.py:161} INFO - Started process (PID=8601) to work on /home/ubuntu/.local/lib/python3.10/site-packages/airflow/example_dags/example_short_circuit_decorator.py
[2024-01-29T20:05:15.931+0100] {processor.py:830} INFO - Processing file /home/ubuntu/.local/lib/python3.10/site-packages/airflow/example_dags/example_short_circuit_decorator.py for tasks to queue
[2024-01-29T20:05:15.934+0100] {logging_mixin.py:188} INFO - [2024-01-29T20:05:15.933+0100] {dagbag.py:538} INFO - Filling up the DagBag from /home/ubuntu/.local/lib/python3.10/site-packages/airflow/example_dags/example_short_circuit_decorator.py
[2024-01-29T20:05:16.167+0100] {processor.py:840} INFO - DAG(s) 'example_short_circuit_decorator' retrieved from /home/ubuntu/.local/lib/python3.10/site-packages/airflow/example_dags/example_short_circuit_decorator.py
[2024-01-29T20:05:16.418+0100] {logging_mixin.py:188} INFO - [2024-01-29T20:05:16.418+0100] {dag.py:3033} INFO - Sync 1 DAGs
[2024-01-29T20:05:16.528+0100] {logging_mixin.py:188} INFO - [2024-01-29T20:05:16.528+0100] {dag.py:3820} INFO - Setting next_dagrun for example_short_circuit_decorator to 2024-01-28T00:00:00+00:00, run_after=2024-01-29T00:00:00+00:00
[2024-01-29T20:05:16.644+0100] {processor.py:183} INFO - Processing /home/ubuntu/.local/lib/python3.10/site-packages/airflow/example_dags/example_short_circuit_decorator.py took 0.730 seconds
[2024-01-29T20:06:35.226+0100] {processor.py:161} INFO - Started process (PID=8677) to work on /home/ubuntu/.local/lib/python3.10/site-packages/airflow/example_dags/example_short_circuit_decorator.py
[2024-01-29T20:06:35.269+0100] {processor.py:830} INFO - Processing file /home/ubuntu/.local/lib/python3.10/site-packages/airflow/example_dags/example_short_circuit_decorator.py for tasks to queue
[2024-01-29T20:06:35.271+0100] {logging_mixin.py:188} INFO - [2024-01-29T20:06:35.270+0100] {dagbag.py:538} INFO - Filling up the DagBag from /home/ubuntu/.local/lib/python3.10/site-packages/airflow/example_dags/example_short_circuit_decorator.py
[2024-01-29T20:06:35.304+0100] {processor.py:840} INFO - DAG(s) 'example_short_circuit_decorator' retrieved from /home/ubuntu/.local/lib/python3.10/site-packages/airflow/example_dags/example_short_circuit_decorator.py
[2024-01-29T20:06:35.468+0100] {logging_mixin.py:188} INFO - [2024-01-29T20:06:35.468+0100] {dag.py:3033} INFO - Sync 1 DAGs
[2024-01-29T20:06:35.580+0100] {logging_mixin.py:188} INFO - [2024-01-29T20:06:35.579+0100] {dag.py:3820} INFO - Setting next_dagrun for example_short_circuit_decorator to 2024-01-28T00:00:00+00:00, run_after=2024-01-29T00:00:00+00:00
[2024-01-29T20:06:35.718+0100] {processor.py:183} INFO - Processing /home/ubuntu/.local/lib/python3.10/site-packages/airflow/example_dags/example_short_circuit_decorator.py took 0.518 seconds
[2024-01-29T20:07:46.187+0100] {processor.py:161} INFO - Started process (PID=8756) to work on /home/ubuntu/.local/lib/python3.10/site-packages/airflow/example_dags/example_short_circuit_decorator.py
[2024-01-29T20:07:46.190+0100] {processor.py:830} INFO - Processing file /home/ubuntu/.local/lib/python3.10/site-packages/airflow/example_dags/example_short_circuit_decorator.py for tasks to queue
[2024-01-29T20:07:46.192+0100] {logging_mixin.py:188} INFO - [2024-01-29T20:07:46.191+0100] {dagbag.py:538} INFO - Filling up the DagBag from /home/ubuntu/.local/lib/python3.10/site-packages/airflow/example_dags/example_short_circuit_decorator.py
[2024-01-29T20:07:46.215+0100] {processor.py:840} INFO - DAG(s) 'example_short_circuit_decorator' retrieved from /home/ubuntu/.local/lib/python3.10/site-packages/airflow/example_dags/example_short_circuit_decorator.py
[2024-01-29T20:07:46.244+0100] {logging_mixin.py:188} INFO - [2024-01-29T20:07:46.244+0100] {dag.py:3033} INFO - Sync 1 DAGs
[2024-01-29T20:07:46.275+0100] {logging_mixin.py:188} INFO - [2024-01-29T20:07:46.275+0100] {dag.py:3820} INFO - Setting next_dagrun for example_short_circuit_decorator to 2024-01-28T00:00:00+00:00, run_after=2024-01-29T00:00:00+00:00
[2024-01-29T20:07:46.315+0100] {processor.py:183} INFO - Processing /home/ubuntu/.local/lib/python3.10/site-packages/airflow/example_dags/example_short_circuit_decorator.py took 0.135 seconds
[2024-01-29T20:08:38.196+0100] {processor.py:161} INFO - Started process (PID=8813) to work on /home/ubuntu/.local/lib/python3.10/site-packages/airflow/example_dags/example_short_circuit_decorator.py
[2024-01-29T20:08:38.198+0100] {processor.py:830} INFO - Processing file /home/ubuntu/.local/lib/python3.10/site-packages/airflow/example_dags/example_short_circuit_decorator.py for tasks to queue
[2024-01-29T20:08:38.199+0100] {logging_mixin.py:188} INFO - [2024-01-29T20:08:38.199+0100] {dagbag.py:538} INFO - Filling up the DagBag from /home/ubuntu/.local/lib/python3.10/site-packages/airflow/example_dags/example_short_circuit_decorator.py
[2024-01-29T20:08:38.211+0100] {processor.py:840} INFO - DAG(s) 'example_short_circuit_decorator' retrieved from /home/ubuntu/.local/lib/python3.10/site-packages/airflow/example_dags/example_short_circuit_decorator.py
[2024-01-29T20:08:38.232+0100] {logging_mixin.py:188} INFO - [2024-01-29T20:08:38.232+0100] {dag.py:3033} INFO - Sync 1 DAGs
[2024-01-29T20:08:38.255+0100] {logging_mixin.py:188} INFO - [2024-01-29T20:08:38.255+0100] {dag.py:3820} INFO - Setting next_dagrun for example_short_circuit_decorator to 2024-01-28T00:00:00+00:00, run_after=2024-01-29T00:00:00+00:00
[2024-01-29T20:08:38.296+0100] {processor.py:183} INFO - Processing /home/ubuntu/.local/lib/python3.10/site-packages/airflow/example_dags/example_short_circuit_decorator.py took 0.106 seconds
[2024-01-29T20:09:45.203+0100] {processor.py:161} INFO - Started process (PID=8903) to work on /home/ubuntu/.local/lib/python3.10/site-packages/airflow/example_dags/example_short_circuit_decorator.py
[2024-01-29T20:09:45.206+0100] {processor.py:830} INFO - Processing file /home/ubuntu/.local/lib/python3.10/site-packages/airflow/example_dags/example_short_circuit_decorator.py for tasks to queue
[2024-01-29T20:09:45.208+0100] {logging_mixin.py:188} INFO - [2024-01-29T20:09:45.207+0100] {dagbag.py:538} INFO - Filling up the DagBag from /home/ubuntu/.local/lib/python3.10/site-packages/airflow/example_dags/example_short_circuit_decorator.py
[2024-01-29T20:09:45.226+0100] {processor.py:840} INFO - DAG(s) 'example_short_circuit_decorator' retrieved from /home/ubuntu/.local/lib/python3.10/site-packages/airflow/example_dags/example_short_circuit_decorator.py
[2024-01-29T20:09:45.259+0100] {logging_mixin.py:188} INFO - [2024-01-29T20:09:45.259+0100] {dag.py:3033} INFO - Sync 1 DAGs
[2024-01-29T20:09:45.374+0100] {logging_mixin.py:188} INFO - [2024-01-29T20:09:45.373+0100] {dag.py:3820} INFO - Setting next_dagrun for example_short_circuit_decorator to 2024-01-28T00:00:00+00:00, run_after=2024-01-29T00:00:00+00:00
[2024-01-29T20:09:45.515+0100] {processor.py:183} INFO - Processing /home/ubuntu/.local/lib/python3.10/site-packages/airflow/example_dags/example_short_circuit_decorator.py took 0.319 seconds
[2024-01-29T20:10:36.417+0100] {processor.py:161} INFO - Started process (PID=8958) to work on /home/ubuntu/.local/lib/python3.10/site-packages/airflow/example_dags/example_short_circuit_decorator.py
[2024-01-29T20:10:36.419+0100] {processor.py:830} INFO - Processing file /home/ubuntu/.local/lib/python3.10/site-packages/airflow/example_dags/example_short_circuit_decorator.py for tasks to queue
[2024-01-29T20:10:36.420+0100] {logging_mixin.py:188} INFO - [2024-01-29T20:10:36.420+0100] {dagbag.py:538} INFO - Filling up the DagBag from /home/ubuntu/.local/lib/python3.10/site-packages/airflow/example_dags/example_short_circuit_decorator.py
[2024-01-29T20:10:36.431+0100] {processor.py:840} INFO - DAG(s) 'example_short_circuit_decorator' retrieved from /home/ubuntu/.local/lib/python3.10/site-packages/airflow/example_dags/example_short_circuit_decorator.py
[2024-01-29T20:10:36.450+0100] {logging_mixin.py:188} INFO - [2024-01-29T20:10:36.449+0100] {dag.py:3033} INFO - Sync 1 DAGs
[2024-01-29T20:10:36.472+0100] {logging_mixin.py:188} INFO - [2024-01-29T20:10:36.472+0100] {dag.py:3820} INFO - Setting next_dagrun for example_short_circuit_decorator to 2024-01-28T00:00:00+00:00, run_after=2024-01-29T00:00:00+00:00
[2024-01-29T20:10:36.510+0100] {processor.py:183} INFO - Processing /home/ubuntu/.local/lib/python3.10/site-packages/airflow/example_dags/example_short_circuit_decorator.py took 0.096 seconds
[2024-01-29T20:11:29.966+0100] {processor.py:161} INFO - Started process (PID=9022) to work on /home/ubuntu/.local/lib/python3.10/site-packages/airflow/example_dags/example_short_circuit_decorator.py
[2024-01-29T20:11:29.968+0100] {processor.py:830} INFO - Processing file /home/ubuntu/.local/lib/python3.10/site-packages/airflow/example_dags/example_short_circuit_decorator.py for tasks to queue
[2024-01-29T20:11:29.969+0100] {logging_mixin.py:188} INFO - [2024-01-29T20:11:29.969+0100] {dagbag.py:538} INFO - Filling up the DagBag from /home/ubuntu/.local/lib/python3.10/site-packages/airflow/example_dags/example_short_circuit_decorator.py
[2024-01-29T20:11:29.981+0100] {processor.py:840} INFO - DAG(s) 'example_short_circuit_decorator' retrieved from /home/ubuntu/.local/lib/python3.10/site-packages/airflow/example_dags/example_short_circuit_decorator.py
[2024-01-29T20:11:30.001+0100] {logging_mixin.py:188} INFO - [2024-01-29T20:11:30.000+0100] {dag.py:3033} INFO - Sync 1 DAGs
[2024-01-29T20:11:30.023+0100] {logging_mixin.py:188} INFO - [2024-01-29T20:11:30.022+0100] {dag.py:3820} INFO - Setting next_dagrun for example_short_circuit_decorator to 2024-01-28T00:00:00+00:00, run_after=2024-01-29T00:00:00+00:00
[2024-01-29T20:11:30.056+0100] {processor.py:183} INFO - Processing /home/ubuntu/.local/lib/python3.10/site-packages/airflow/example_dags/example_short_circuit_decorator.py took 0.094 seconds
[2024-01-29T20:12:26.409+0100] {processor.py:161} INFO - Started process (PID=9096) to work on /home/ubuntu/.local/lib/python3.10/site-packages/airflow/example_dags/example_short_circuit_decorator.py
[2024-01-29T20:12:26.410+0100] {processor.py:830} INFO - Processing file /home/ubuntu/.local/lib/python3.10/site-packages/airflow/example_dags/example_short_circuit_decorator.py for tasks to queue
[2024-01-29T20:12:26.412+0100] {logging_mixin.py:188} INFO - [2024-01-29T20:12:26.411+0100] {dagbag.py:538} INFO - Filling up the DagBag from /home/ubuntu/.local/lib/python3.10/site-packages/airflow/example_dags/example_short_circuit_decorator.py
[2024-01-29T20:12:26.424+0100] {processor.py:840} INFO - DAG(s) 'example_short_circuit_decorator' retrieved from /home/ubuntu/.local/lib/python3.10/site-packages/airflow/example_dags/example_short_circuit_decorator.py
[2024-01-29T20:12:26.444+0100] {logging_mixin.py:188} INFO - [2024-01-29T20:12:26.444+0100] {dag.py:3033} INFO - Sync 1 DAGs
[2024-01-29T20:12:26.472+0100] {logging_mixin.py:188} INFO - [2024-01-29T20:12:26.472+0100] {dag.py:3820} INFO - Setting next_dagrun for example_short_circuit_decorator to 2024-01-28T00:00:00+00:00, run_after=2024-01-29T00:00:00+00:00
[2024-01-29T20:12:26.508+0100] {processor.py:183} INFO - Processing /home/ubuntu/.local/lib/python3.10/site-packages/airflow/example_dags/example_short_circuit_decorator.py took 0.103 seconds
[2024-01-29T20:13:56.517+0100] {processor.py:161} INFO - Started process (PID=9228) to work on /home/ubuntu/.local/lib/python3.10/site-packages/airflow/example_dags/example_short_circuit_decorator.py
[2024-01-29T20:13:56.611+0100] {processor.py:830} INFO - Processing file /home/ubuntu/.local/lib/python3.10/site-packages/airflow/example_dags/example_short_circuit_decorator.py for tasks to queue
[2024-01-29T20:13:56.612+0100] {logging_mixin.py:188} INFO - [2024-01-29T20:13:56.612+0100] {dagbag.py:538} INFO - Filling up the DagBag from /home/ubuntu/.local/lib/python3.10/site-packages/airflow/example_dags/example_short_circuit_decorator.py
[2024-01-29T20:13:56.665+0100] {processor.py:840} INFO - DAG(s) 'example_short_circuit_decorator' retrieved from /home/ubuntu/.local/lib/python3.10/site-packages/airflow/example_dags/example_short_circuit_decorator.py
[2024-01-29T20:13:56.814+0100] {logging_mixin.py:188} INFO - [2024-01-29T20:13:56.813+0100] {dag.py:3033} INFO - Sync 1 DAGs
[2024-01-29T20:13:56.946+0100] {logging_mixin.py:188} INFO - [2024-01-29T20:13:56.946+0100] {dag.py:3820} INFO - Setting next_dagrun for example_short_circuit_decorator to 2024-01-28T00:00:00+00:00, run_after=2024-01-29T00:00:00+00:00
[2024-01-29T20:13:57.410+0100] {processor.py:183} INFO - Processing /home/ubuntu/.local/lib/python3.10/site-packages/airflow/example_dags/example_short_circuit_decorator.py took 0.900 seconds
[2024-01-29T20:14:53.625+0100] {processor.py:161} INFO - Started process (PID=9290) to work on /home/ubuntu/.local/lib/python3.10/site-packages/airflow/example_dags/example_short_circuit_decorator.py
[2024-01-29T20:14:53.628+0100] {processor.py:830} INFO - Processing file /home/ubuntu/.local/lib/python3.10/site-packages/airflow/example_dags/example_short_circuit_decorator.py for tasks to queue
[2024-01-29T20:14:53.629+0100] {logging_mixin.py:188} INFO - [2024-01-29T20:14:53.629+0100] {dagbag.py:538} INFO - Filling up the DagBag from /home/ubuntu/.local/lib/python3.10/site-packages/airflow/example_dags/example_short_circuit_decorator.py
[2024-01-29T20:14:53.642+0100] {processor.py:840} INFO - DAG(s) 'example_short_circuit_decorator' retrieved from /home/ubuntu/.local/lib/python3.10/site-packages/airflow/example_dags/example_short_circuit_decorator.py
[2024-01-29T20:14:53.664+0100] {logging_mixin.py:188} INFO - [2024-01-29T20:14:53.663+0100] {dag.py:3033} INFO - Sync 1 DAGs
[2024-01-29T20:14:53.683+0100] {logging_mixin.py:188} INFO - [2024-01-29T20:14:53.683+0100] {dag.py:3820} INFO - Setting next_dagrun for example_short_circuit_decorator to 2024-01-28T00:00:00+00:00, run_after=2024-01-29T00:00:00+00:00
[2024-01-29T20:14:53.714+0100] {processor.py:183} INFO - Processing /home/ubuntu/.local/lib/python3.10/site-packages/airflow/example_dags/example_short_circuit_decorator.py took 0.092 seconds
[2024-01-29T20:16:02.502+0100] {processor.py:161} INFO - Started process (PID=9363) to work on /home/ubuntu/.local/lib/python3.10/site-packages/airflow/example_dags/example_short_circuit_decorator.py
[2024-01-29T20:16:02.504+0100] {processor.py:830} INFO - Processing file /home/ubuntu/.local/lib/python3.10/site-packages/airflow/example_dags/example_short_circuit_decorator.py for tasks to queue
[2024-01-29T20:16:02.506+0100] {logging_mixin.py:188} INFO - [2024-01-29T20:16:02.505+0100] {dagbag.py:538} INFO - Filling up the DagBag from /home/ubuntu/.local/lib/python3.10/site-packages/airflow/example_dags/example_short_circuit_decorator.py
[2024-01-29T20:16:02.526+0100] {processor.py:840} INFO - DAG(s) 'example_short_circuit_decorator' retrieved from /home/ubuntu/.local/lib/python3.10/site-packages/airflow/example_dags/example_short_circuit_decorator.py
[2024-01-29T20:16:02.549+0100] {logging_mixin.py:188} INFO - [2024-01-29T20:16:02.549+0100] {dag.py:3033} INFO - Sync 1 DAGs
[2024-01-29T20:16:02.577+0100] {logging_mixin.py:188} INFO - [2024-01-29T20:16:02.577+0100] {dag.py:3820} INFO - Setting next_dagrun for example_short_circuit_decorator to 2024-01-28T00:00:00+00:00, run_after=2024-01-29T00:00:00+00:00
[2024-01-29T20:16:02.620+0100] {processor.py:183} INFO - Processing /home/ubuntu/.local/lib/python3.10/site-packages/airflow/example_dags/example_short_circuit_decorator.py took 0.126 seconds
[2024-01-29T20:17:16.248+0100] {processor.py:161} INFO - Started process (PID=9446) to work on /home/ubuntu/.local/lib/python3.10/site-packages/airflow/example_dags/example_short_circuit_decorator.py
[2024-01-29T20:17:16.250+0100] {processor.py:830} INFO - Processing file /home/ubuntu/.local/lib/python3.10/site-packages/airflow/example_dags/example_short_circuit_decorator.py for tasks to queue
[2024-01-29T20:17:16.251+0100] {logging_mixin.py:188} INFO - [2024-01-29T20:17:16.251+0100] {dagbag.py:538} INFO - Filling up the DagBag from /home/ubuntu/.local/lib/python3.10/site-packages/airflow/example_dags/example_short_circuit_decorator.py
[2024-01-29T20:17:16.263+0100] {processor.py:840} INFO - DAG(s) 'example_short_circuit_decorator' retrieved from /home/ubuntu/.local/lib/python3.10/site-packages/airflow/example_dags/example_short_circuit_decorator.py
[2024-01-29T20:17:16.285+0100] {logging_mixin.py:188} INFO - [2024-01-29T20:17:16.284+0100] {dag.py:3033} INFO - Sync 1 DAGs
[2024-01-29T20:17:16.310+0100] {logging_mixin.py:188} INFO - [2024-01-29T20:17:16.310+0100] {dag.py:3820} INFO - Setting next_dagrun for example_short_circuit_decorator to 2024-01-28T00:00:00+00:00, run_after=2024-01-29T00:00:00+00:00
[2024-01-29T20:17:16.339+0100] {processor.py:183} INFO - Processing /home/ubuntu/.local/lib/python3.10/site-packages/airflow/example_dags/example_short_circuit_decorator.py took 0.094 seconds
[2024-01-29T20:18:24.244+0100] {processor.py:161} INFO - Started process (PID=9520) to work on /home/ubuntu/.local/lib/python3.10/site-packages/airflow/example_dags/example_short_circuit_decorator.py
[2024-01-29T20:18:24.246+0100] {processor.py:830} INFO - Processing file /home/ubuntu/.local/lib/python3.10/site-packages/airflow/example_dags/example_short_circuit_decorator.py for tasks to queue
[2024-01-29T20:18:24.247+0100] {logging_mixin.py:188} INFO - [2024-01-29T20:18:24.247+0100] {dagbag.py:538} INFO - Filling up the DagBag from /home/ubuntu/.local/lib/python3.10/site-packages/airflow/example_dags/example_short_circuit_decorator.py
[2024-01-29T20:18:24.258+0100] {processor.py:840} INFO - DAG(s) 'example_short_circuit_decorator' retrieved from /home/ubuntu/.local/lib/python3.10/site-packages/airflow/example_dags/example_short_circuit_decorator.py
[2024-01-29T20:18:24.279+0100] {logging_mixin.py:188} INFO - [2024-01-29T20:18:24.278+0100] {dag.py:3033} INFO - Sync 1 DAGs
[2024-01-29T20:18:24.299+0100] {logging_mixin.py:188} INFO - [2024-01-29T20:18:24.298+0100] {dag.py:3820} INFO - Setting next_dagrun for example_short_circuit_decorator to 2024-01-28T00:00:00+00:00, run_after=2024-01-29T00:00:00+00:00
[2024-01-29T20:18:24.326+0100] {processor.py:183} INFO - Processing /home/ubuntu/.local/lib/python3.10/site-packages/airflow/example_dags/example_short_circuit_decorator.py took 0.087 seconds
[2024-01-29T20:19:31.255+0100] {processor.py:161} INFO - Started process (PID=9618) to work on /home/ubuntu/.local/lib/python3.10/site-packages/airflow/example_dags/example_short_circuit_decorator.py
[2024-01-29T20:19:31.256+0100] {processor.py:830} INFO - Processing file /home/ubuntu/.local/lib/python3.10/site-packages/airflow/example_dags/example_short_circuit_decorator.py for tasks to queue
[2024-01-29T20:19:31.257+0100] {logging_mixin.py:188} INFO - [2024-01-29T20:19:31.257+0100] {dagbag.py:538} INFO - Filling up the DagBag from /home/ubuntu/.local/lib/python3.10/site-packages/airflow/example_dags/example_short_circuit_decorator.py
[2024-01-29T20:19:31.269+0100] {processor.py:840} INFO - DAG(s) 'example_short_circuit_decorator' retrieved from /home/ubuntu/.local/lib/python3.10/site-packages/airflow/example_dags/example_short_circuit_decorator.py
[2024-01-29T20:19:31.287+0100] {logging_mixin.py:188} INFO - [2024-01-29T20:19:31.286+0100] {dag.py:3033} INFO - Sync 1 DAGs
[2024-01-29T20:19:31.308+0100] {logging_mixin.py:188} INFO - [2024-01-29T20:19:31.308+0100] {dag.py:3820} INFO - Setting next_dagrun for example_short_circuit_decorator to 2024-01-28T00:00:00+00:00, run_after=2024-01-29T00:00:00+00:00
[2024-01-29T20:19:31.342+0100] {processor.py:183} INFO - Processing /home/ubuntu/.local/lib/python3.10/site-packages/airflow/example_dags/example_short_circuit_decorator.py took 0.091 seconds
[2024-01-29T20:20:32.294+0100] {processor.py:161} INFO - Started process (PID=9686) to work on /home/ubuntu/.local/lib/python3.10/site-packages/airflow/example_dags/example_short_circuit_decorator.py
[2024-01-29T20:20:32.296+0100] {processor.py:830} INFO - Processing file /home/ubuntu/.local/lib/python3.10/site-packages/airflow/example_dags/example_short_circuit_decorator.py for tasks to queue
[2024-01-29T20:20:32.297+0100] {logging_mixin.py:188} INFO - [2024-01-29T20:20:32.296+0100] {dagbag.py:538} INFO - Filling up the DagBag from /home/ubuntu/.local/lib/python3.10/site-packages/airflow/example_dags/example_short_circuit_decorator.py
[2024-01-29T20:20:32.307+0100] {processor.py:840} INFO - DAG(s) 'example_short_circuit_decorator' retrieved from /home/ubuntu/.local/lib/python3.10/site-packages/airflow/example_dags/example_short_circuit_decorator.py
[2024-01-29T20:20:32.332+0100] {logging_mixin.py:188} INFO - [2024-01-29T20:20:32.332+0100] {dag.py:3033} INFO - Sync 1 DAGs
[2024-01-29T20:20:32.352+0100] {logging_mixin.py:188} INFO - [2024-01-29T20:20:32.352+0100] {dag.py:3820} INFO - Setting next_dagrun for example_short_circuit_decorator to 2024-01-28T00:00:00+00:00, run_after=2024-01-29T00:00:00+00:00
[2024-01-29T20:20:32.395+0100] {processor.py:183} INFO - Processing /home/ubuntu/.local/lib/python3.10/site-packages/airflow/example_dags/example_short_circuit_decorator.py took 0.104 seconds
