[2024-01-29T19:54:48.591+0100] {processor.py:161} INFO - Started process (PID=7893) to work on /home/ubuntu/.local/lib/python3.10/site-packages/airflow/example_dags/example_python_decorator.py
[2024-01-29T19:54:48.593+0100] {processor.py:830} INFO - Processing file /home/ubuntu/.local/lib/python3.10/site-packages/airflow/example_dags/example_python_decorator.py for tasks to queue
[2024-01-29T19:54:48.594+0100] {logging_mixin.py:188} INFO - [2024-01-29T19:54:48.594+0100] {dagbag.py:538} INFO - Filling up the DagBag from /home/ubuntu/.local/lib/python3.10/site-packages/airflow/example_dags/example_python_decorator.py
[2024-01-29T19:54:48.616+0100] {processor.py:840} INFO - DAG(s) 'example_python_decorator' retrieved from /home/ubuntu/.local/lib/python3.10/site-packages/airflow/example_dags/example_python_decorator.py
[2024-01-29T19:54:48.792+0100] {logging_mixin.py:188} INFO - [2024-01-29T19:54:48.792+0100] {dag.py:3033} INFO - Sync 1 DAGs
[2024-01-29T19:54:48.804+0100] {logging_mixin.py:188} INFO - [2024-01-29T19:54:48.803+0100] {dag.py:3820} INFO - Setting next_dagrun for example_python_decorator to None, run_after=None
[2024-01-29T19:54:48.847+0100] {processor.py:183} INFO - Processing /home/ubuntu/.local/lib/python3.10/site-packages/airflow/example_dags/example_python_decorator.py took 0.263 seconds
[2024-01-29T19:56:01.331+0100] {processor.py:161} INFO - Started process (PID=7964) to work on /home/ubuntu/.local/lib/python3.10/site-packages/airflow/example_dags/example_python_decorator.py
[2024-01-29T19:56:01.336+0100] {processor.py:830} INFO - Processing file /home/ubuntu/.local/lib/python3.10/site-packages/airflow/example_dags/example_python_decorator.py for tasks to queue
[2024-01-29T19:56:01.340+0100] {logging_mixin.py:188} INFO - [2024-01-29T19:56:01.339+0100] {dagbag.py:538} INFO - Filling up the DagBag from /home/ubuntu/.local/lib/python3.10/site-packages/airflow/example_dags/example_python_decorator.py
[2024-01-29T19:56:01.378+0100] {processor.py:840} INFO - DAG(s) 'example_python_decorator' retrieved from /home/ubuntu/.local/lib/python3.10/site-packages/airflow/example_dags/example_python_decorator.py
[2024-01-29T19:56:01.440+0100] {logging_mixin.py:188} INFO - [2024-01-29T19:56:01.440+0100] {dag.py:3033} INFO - Sync 1 DAGs
[2024-01-29T19:56:01.481+0100] {logging_mixin.py:188} INFO - [2024-01-29T19:56:01.474+0100] {dag.py:3820} INFO - Setting next_dagrun for example_python_decorator to None, run_after=None
[2024-01-29T19:56:01.603+0100] {processor.py:183} INFO - Processing /home/ubuntu/.local/lib/python3.10/site-packages/airflow/example_dags/example_python_decorator.py took 0.279 seconds
[2024-01-29T19:57:11.809+0100] {processor.py:161} INFO - Started process (PID=8032) to work on /home/ubuntu/.local/lib/python3.10/site-packages/airflow/example_dags/example_python_decorator.py
[2024-01-29T19:57:11.867+0100] {processor.py:830} INFO - Processing file /home/ubuntu/.local/lib/python3.10/site-packages/airflow/example_dags/example_python_decorator.py for tasks to queue
[2024-01-29T19:57:11.868+0100] {logging_mixin.py:188} INFO - [2024-01-29T19:57:11.868+0100] {dagbag.py:538} INFO - Filling up the DagBag from /home/ubuntu/.local/lib/python3.10/site-packages/airflow/example_dags/example_python_decorator.py
[2024-01-29T19:57:11.883+0100] {processor.py:840} INFO - DAG(s) 'example_python_decorator' retrieved from /home/ubuntu/.local/lib/python3.10/site-packages/airflow/example_dags/example_python_decorator.py
[2024-01-29T19:57:11.907+0100] {logging_mixin.py:188} INFO - [2024-01-29T19:57:11.907+0100] {dag.py:3033} INFO - Sync 1 DAGs
[2024-01-29T19:57:11.918+0100] {logging_mixin.py:188} INFO - [2024-01-29T19:57:11.918+0100] {dag.py:3820} INFO - Setting next_dagrun for example_python_decorator to None, run_after=None
[2024-01-29T19:57:11.954+0100] {processor.py:183} INFO - Processing /home/ubuntu/.local/lib/python3.10/site-packages/airflow/example_dags/example_python_decorator.py took 0.176 seconds
[2024-01-29T19:58:08.102+0100] {processor.py:161} INFO - Started process (PID=8093) to work on /home/ubuntu/.local/lib/python3.10/site-packages/airflow/example_dags/example_python_decorator.py
[2024-01-29T19:58:08.104+0100] {processor.py:830} INFO - Processing file /home/ubuntu/.local/lib/python3.10/site-packages/airflow/example_dags/example_python_decorator.py for tasks to queue
[2024-01-29T19:58:08.105+0100] {logging_mixin.py:188} INFO - [2024-01-29T19:58:08.105+0100] {dagbag.py:538} INFO - Filling up the DagBag from /home/ubuntu/.local/lib/python3.10/site-packages/airflow/example_dags/example_python_decorator.py
[2024-01-29T19:58:08.116+0100] {processor.py:840} INFO - DAG(s) 'example_python_decorator' retrieved from /home/ubuntu/.local/lib/python3.10/site-packages/airflow/example_dags/example_python_decorator.py
[2024-01-29T19:58:08.138+0100] {logging_mixin.py:188} INFO - [2024-01-29T19:58:08.137+0100] {dag.py:3033} INFO - Sync 1 DAGs
[2024-01-29T19:58:08.149+0100] {logging_mixin.py:188} INFO - [2024-01-29T19:58:08.149+0100] {dag.py:3820} INFO - Setting next_dagrun for example_python_decorator to None, run_after=None
[2024-01-29T19:58:08.178+0100] {processor.py:183} INFO - Processing /home/ubuntu/.local/lib/python3.10/site-packages/airflow/example_dags/example_python_decorator.py took 0.080 seconds
[2024-01-29T19:59:09.985+0100] {processor.py:161} INFO - Started process (PID=8163) to work on /home/ubuntu/.local/lib/python3.10/site-packages/airflow/example_dags/example_python_decorator.py
[2024-01-29T19:59:10.005+0100] {processor.py:830} INFO - Processing file /home/ubuntu/.local/lib/python3.10/site-packages/airflow/example_dags/example_python_decorator.py for tasks to queue
[2024-01-29T19:59:10.007+0100] {logging_mixin.py:188} INFO - [2024-01-29T19:59:10.006+0100] {dagbag.py:538} INFO - Filling up the DagBag from /home/ubuntu/.local/lib/python3.10/site-packages/airflow/example_dags/example_python_decorator.py
[2024-01-29T19:59:10.026+0100] {processor.py:840} INFO - DAG(s) 'example_python_decorator' retrieved from /home/ubuntu/.local/lib/python3.10/site-packages/airflow/example_dags/example_python_decorator.py
[2024-01-29T19:59:10.057+0100] {logging_mixin.py:188} INFO - [2024-01-29T19:59:10.057+0100] {dag.py:3033} INFO - Sync 1 DAGs
[2024-01-29T19:59:10.073+0100] {logging_mixin.py:188} INFO - [2024-01-29T19:59:10.072+0100] {dag.py:3820} INFO - Setting next_dagrun for example_python_decorator to None, run_after=None
[2024-01-29T19:59:10.100+0100] {processor.py:183} INFO - Processing /home/ubuntu/.local/lib/python3.10/site-packages/airflow/example_dags/example_python_decorator.py took 0.125 seconds
[2024-01-29T20:00:49.293+0100] {processor.py:161} INFO - Started process (PID=8267) to work on /home/ubuntu/.local/lib/python3.10/site-packages/airflow/example_dags/example_python_decorator.py
[2024-01-29T20:00:49.295+0100] {processor.py:830} INFO - Processing file /home/ubuntu/.local/lib/python3.10/site-packages/airflow/example_dags/example_python_decorator.py for tasks to queue
[2024-01-29T20:00:49.296+0100] {logging_mixin.py:188} INFO - [2024-01-29T20:00:49.296+0100] {dagbag.py:538} INFO - Filling up the DagBag from /home/ubuntu/.local/lib/python3.10/site-packages/airflow/example_dags/example_python_decorator.py
[2024-01-29T20:00:49.308+0100] {processor.py:840} INFO - DAG(s) 'example_python_decorator' retrieved from /home/ubuntu/.local/lib/python3.10/site-packages/airflow/example_dags/example_python_decorator.py
[2024-01-29T20:00:49.330+0100] {logging_mixin.py:188} INFO - [2024-01-29T20:00:49.330+0100] {dag.py:3033} INFO - Sync 1 DAGs
[2024-01-29T20:00:49.356+0100] {logging_mixin.py:188} INFO - [2024-01-29T20:00:49.356+0100] {dag.py:3820} INFO - Setting next_dagrun for example_python_decorator to None, run_after=None
[2024-01-29T20:00:49.451+0100] {processor.py:183} INFO - Processing /home/ubuntu/.local/lib/python3.10/site-packages/airflow/example_dags/example_python_decorator.py took 0.162 seconds
[2024-01-29T20:01:42.090+0100] {processor.py:161} INFO - Started process (PID=8326) to work on /home/ubuntu/.local/lib/python3.10/site-packages/airflow/example_dags/example_python_decorator.py
[2024-01-29T20:01:42.093+0100] {processor.py:830} INFO - Processing file /home/ubuntu/.local/lib/python3.10/site-packages/airflow/example_dags/example_python_decorator.py for tasks to queue
[2024-01-29T20:01:42.094+0100] {logging_mixin.py:188} INFO - [2024-01-29T20:01:42.093+0100] {dagbag.py:538} INFO - Filling up the DagBag from /home/ubuntu/.local/lib/python3.10/site-packages/airflow/example_dags/example_python_decorator.py
[2024-01-29T20:01:42.112+0100] {processor.py:840} INFO - DAG(s) 'example_python_decorator' retrieved from /home/ubuntu/.local/lib/python3.10/site-packages/airflow/example_dags/example_python_decorator.py
[2024-01-29T20:01:42.131+0100] {logging_mixin.py:188} INFO - [2024-01-29T20:01:42.131+0100] {dag.py:3033} INFO - Sync 1 DAGs
[2024-01-29T20:01:42.144+0100] {logging_mixin.py:188} INFO - [2024-01-29T20:01:42.144+0100] {dag.py:3820} INFO - Setting next_dagrun for example_python_decorator to None, run_after=None
[2024-01-29T20:01:42.175+0100] {processor.py:183} INFO - Processing /home/ubuntu/.local/lib/python3.10/site-packages/airflow/example_dags/example_python_decorator.py took 0.088 seconds
[2024-01-29T20:03:01.896+0100] {processor.py:161} INFO - Started process (PID=8446) to work on /home/ubuntu/.local/lib/python3.10/site-packages/airflow/example_dags/example_python_decorator.py
[2024-01-29T20:03:01.898+0100] {processor.py:830} INFO - Processing file /home/ubuntu/.local/lib/python3.10/site-packages/airflow/example_dags/example_python_decorator.py for tasks to queue
[2024-01-29T20:03:01.899+0100] {logging_mixin.py:188} INFO - [2024-01-29T20:03:01.899+0100] {dagbag.py:538} INFO - Filling up the DagBag from /home/ubuntu/.local/lib/python3.10/site-packages/airflow/example_dags/example_python_decorator.py
[2024-01-29T20:03:01.909+0100] {processor.py:840} INFO - DAG(s) 'example_python_decorator' retrieved from /home/ubuntu/.local/lib/python3.10/site-packages/airflow/example_dags/example_python_decorator.py
[2024-01-29T20:03:01.928+0100] {logging_mixin.py:188} INFO - [2024-01-29T20:03:01.928+0100] {dag.py:3033} INFO - Sync 1 DAGs
[2024-01-29T20:03:01.939+0100] {logging_mixin.py:188} INFO - [2024-01-29T20:03:01.939+0100] {dag.py:3820} INFO - Setting next_dagrun for example_python_decorator to None, run_after=None
[2024-01-29T20:03:01.970+0100] {processor.py:183} INFO - Processing /home/ubuntu/.local/lib/python3.10/site-packages/airflow/example_dags/example_python_decorator.py took 0.078 seconds
[2024-01-29T20:03:52.829+0100] {processor.py:161} INFO - Started process (PID=8507) to work on /home/ubuntu/.local/lib/python3.10/site-packages/airflow/example_dags/example_python_decorator.py
[2024-01-29T20:03:52.832+0100] {processor.py:830} INFO - Processing file /home/ubuntu/.local/lib/python3.10/site-packages/airflow/example_dags/example_python_decorator.py for tasks to queue
[2024-01-29T20:03:52.833+0100] {logging_mixin.py:188} INFO - [2024-01-29T20:03:52.832+0100] {dagbag.py:538} INFO - Filling up the DagBag from /home/ubuntu/.local/lib/python3.10/site-packages/airflow/example_dags/example_python_decorator.py
[2024-01-29T20:03:52.842+0100] {processor.py:840} INFO - DAG(s) 'example_python_decorator' retrieved from /home/ubuntu/.local/lib/python3.10/site-packages/airflow/example_dags/example_python_decorator.py
[2024-01-29T20:03:52.861+0100] {logging_mixin.py:188} INFO - [2024-01-29T20:03:52.861+0100] {dag.py:3033} INFO - Sync 1 DAGs
[2024-01-29T20:03:52.872+0100] {logging_mixin.py:188} INFO - [2024-01-29T20:03:52.871+0100] {dag.py:3820} INFO - Setting next_dagrun for example_python_decorator to None, run_after=None
[2024-01-29T20:03:52.910+0100] {processor.py:183} INFO - Processing /home/ubuntu/.local/lib/python3.10/site-packages/airflow/example_dags/example_python_decorator.py took 0.085 seconds
[2024-01-29T20:04:44.961+0100] {processor.py:161} INFO - Started process (PID=8572) to work on /home/ubuntu/.local/lib/python3.10/site-packages/airflow/example_dags/example_python_decorator.py
[2024-01-29T20:04:44.966+0100] {processor.py:830} INFO - Processing file /home/ubuntu/.local/lib/python3.10/site-packages/airflow/example_dags/example_python_decorator.py for tasks to queue
[2024-01-29T20:04:44.970+0100] {logging_mixin.py:188} INFO - [2024-01-29T20:04:44.967+0100] {dagbag.py:538} INFO - Filling up the DagBag from /home/ubuntu/.local/lib/python3.10/site-packages/airflow/example_dags/example_python_decorator.py
[2024-01-29T20:04:44.993+0100] {processor.py:840} INFO - DAG(s) 'example_python_decorator' retrieved from /home/ubuntu/.local/lib/python3.10/site-packages/airflow/example_dags/example_python_decorator.py
[2024-01-29T20:04:45.045+0100] {logging_mixin.py:188} INFO - [2024-01-29T20:04:45.044+0100] {dag.py:3033} INFO - Sync 1 DAGs
[2024-01-29T20:04:45.116+0100] {logging_mixin.py:188} INFO - [2024-01-29T20:04:45.116+0100] {dag.py:3820} INFO - Setting next_dagrun for example_python_decorator to None, run_after=None
[2024-01-29T20:04:45.283+0100] {processor.py:183} INFO - Processing /home/ubuntu/.local/lib/python3.10/site-packages/airflow/example_dags/example_python_decorator.py took 0.331 seconds
[2024-01-29T20:05:59.412+0100] {processor.py:161} INFO - Started process (PID=8640) to work on /home/ubuntu/.local/lib/python3.10/site-packages/airflow/example_dags/example_python_decorator.py
[2024-01-29T20:05:59.423+0100] {processor.py:830} INFO - Processing file /home/ubuntu/.local/lib/python3.10/site-packages/airflow/example_dags/example_python_decorator.py for tasks to queue
[2024-01-29T20:05:59.426+0100] {logging_mixin.py:188} INFO - [2024-01-29T20:05:59.425+0100] {dagbag.py:538} INFO - Filling up the DagBag from /home/ubuntu/.local/lib/python3.10/site-packages/airflow/example_dags/example_python_decorator.py
[2024-01-29T20:05:59.476+0100] {processor.py:840} INFO - DAG(s) 'example_python_decorator' retrieved from /home/ubuntu/.local/lib/python3.10/site-packages/airflow/example_dags/example_python_decorator.py
[2024-01-29T20:05:59.546+0100] {logging_mixin.py:188} INFO - [2024-01-29T20:05:59.546+0100] {dag.py:3033} INFO - Sync 1 DAGs
[2024-01-29T20:05:59.588+0100] {logging_mixin.py:188} INFO - [2024-01-29T20:05:59.587+0100] {dag.py:3820} INFO - Setting next_dagrun for example_python_decorator to None, run_after=None
[2024-01-29T20:05:59.774+0100] {processor.py:183} INFO - Processing /home/ubuntu/.local/lib/python3.10/site-packages/airflow/example_dags/example_python_decorator.py took 0.392 seconds
[2024-01-29T20:07:19.857+0100] {processor.py:161} INFO - Started process (PID=8724) to work on /home/ubuntu/.local/lib/python3.10/site-packages/airflow/example_dags/example_python_decorator.py
[2024-01-29T20:07:19.860+0100] {processor.py:830} INFO - Processing file /home/ubuntu/.local/lib/python3.10/site-packages/airflow/example_dags/example_python_decorator.py for tasks to queue
[2024-01-29T20:07:19.864+0100] {logging_mixin.py:188} INFO - [2024-01-29T20:07:19.862+0100] {dagbag.py:538} INFO - Filling up the DagBag from /home/ubuntu/.local/lib/python3.10/site-packages/airflow/example_dags/example_python_decorator.py
[2024-01-29T20:07:19.881+0100] {processor.py:840} INFO - DAG(s) 'example_python_decorator' retrieved from /home/ubuntu/.local/lib/python3.10/site-packages/airflow/example_dags/example_python_decorator.py
[2024-01-29T20:07:19.908+0100] {logging_mixin.py:188} INFO - [2024-01-29T20:07:19.908+0100] {dag.py:3033} INFO - Sync 1 DAGs
[2024-01-29T20:07:19.925+0100] {logging_mixin.py:188} INFO - [2024-01-29T20:07:19.925+0100] {dag.py:3820} INFO - Setting next_dagrun for example_python_decorator to None, run_after=None
[2024-01-29T20:07:19.962+0100] {processor.py:183} INFO - Processing /home/ubuntu/.local/lib/python3.10/site-packages/airflow/example_dags/example_python_decorator.py took 0.109 seconds
[2024-01-29T20:08:20.949+0100] {processor.py:161} INFO - Started process (PID=8793) to work on /home/ubuntu/.local/lib/python3.10/site-packages/airflow/example_dags/example_python_decorator.py
[2024-01-29T20:08:20.951+0100] {processor.py:830} INFO - Processing file /home/ubuntu/.local/lib/python3.10/site-packages/airflow/example_dags/example_python_decorator.py for tasks to queue
[2024-01-29T20:08:20.952+0100] {logging_mixin.py:188} INFO - [2024-01-29T20:08:20.952+0100] {dagbag.py:538} INFO - Filling up the DagBag from /home/ubuntu/.local/lib/python3.10/site-packages/airflow/example_dags/example_python_decorator.py
[2024-01-29T20:08:20.967+0100] {processor.py:840} INFO - DAG(s) 'example_python_decorator' retrieved from /home/ubuntu/.local/lib/python3.10/site-packages/airflow/example_dags/example_python_decorator.py
[2024-01-29T20:08:20.995+0100] {logging_mixin.py:188} INFO - [2024-01-29T20:08:20.995+0100] {dag.py:3033} INFO - Sync 1 DAGs
[2024-01-29T20:08:21.012+0100] {logging_mixin.py:188} INFO - [2024-01-29T20:08:21.012+0100] {dag.py:3820} INFO - Setting next_dagrun for example_python_decorator to None, run_after=None
[2024-01-29T20:08:21.051+0100] {processor.py:183} INFO - Processing /home/ubuntu/.local/lib/python3.10/site-packages/airflow/example_dags/example_python_decorator.py took 0.108 seconds
[2024-01-29T20:09:23.499+0100] {processor.py:161} INFO - Started process (PID=8866) to work on /home/ubuntu/.local/lib/python3.10/site-packages/airflow/example_dags/example_python_decorator.py
[2024-01-29T20:09:23.501+0100] {processor.py:830} INFO - Processing file /home/ubuntu/.local/lib/python3.10/site-packages/airflow/example_dags/example_python_decorator.py for tasks to queue
[2024-01-29T20:09:23.502+0100] {logging_mixin.py:188} INFO - [2024-01-29T20:09:23.502+0100] {dagbag.py:538} INFO - Filling up the DagBag from /home/ubuntu/.local/lib/python3.10/site-packages/airflow/example_dags/example_python_decorator.py
[2024-01-29T20:09:23.516+0100] {processor.py:840} INFO - DAG(s) 'example_python_decorator' retrieved from /home/ubuntu/.local/lib/python3.10/site-packages/airflow/example_dags/example_python_decorator.py
[2024-01-29T20:09:23.542+0100] {logging_mixin.py:188} INFO - [2024-01-29T20:09:23.542+0100] {dag.py:3033} INFO - Sync 1 DAGs
[2024-01-29T20:09:23.558+0100] {logging_mixin.py:188} INFO - [2024-01-29T20:09:23.558+0100] {dag.py:3820} INFO - Setting next_dagrun for example_python_decorator to None, run_after=None
[2024-01-29T20:09:23.664+0100] {processor.py:183} INFO - Processing /home/ubuntu/.local/lib/python3.10/site-packages/airflow/example_dags/example_python_decorator.py took 0.170 seconds
[2024-01-29T20:10:17.328+0100] {processor.py:161} INFO - Started process (PID=8935) to work on /home/ubuntu/.local/lib/python3.10/site-packages/airflow/example_dags/example_python_decorator.py
[2024-01-29T20:10:17.331+0100] {processor.py:830} INFO - Processing file /home/ubuntu/.local/lib/python3.10/site-packages/airflow/example_dags/example_python_decorator.py for tasks to queue
[2024-01-29T20:10:17.332+0100] {logging_mixin.py:188} INFO - [2024-01-29T20:10:17.331+0100] {dagbag.py:538} INFO - Filling up the DagBag from /home/ubuntu/.local/lib/python3.10/site-packages/airflow/example_dags/example_python_decorator.py
[2024-01-29T20:10:17.343+0100] {processor.py:840} INFO - DAG(s) 'example_python_decorator' retrieved from /home/ubuntu/.local/lib/python3.10/site-packages/airflow/example_dags/example_python_decorator.py
[2024-01-29T20:10:17.363+0100] {logging_mixin.py:188} INFO - [2024-01-29T20:10:17.363+0100] {dag.py:3033} INFO - Sync 1 DAGs
[2024-01-29T20:10:17.376+0100] {logging_mixin.py:188} INFO - [2024-01-29T20:10:17.376+0100] {dag.py:3820} INFO - Setting next_dagrun for example_python_decorator to None, run_after=None
[2024-01-29T20:10:17.407+0100] {processor.py:183} INFO - Processing /home/ubuntu/.local/lib/python3.10/site-packages/airflow/example_dags/example_python_decorator.py took 0.083 seconds
[2024-01-29T20:11:26.404+0100] {processor.py:161} INFO - Started process (PID=9019) to work on /home/ubuntu/.local/lib/python3.10/site-packages/airflow/example_dags/example_python_decorator.py
[2024-01-29T20:11:26.406+0100] {processor.py:830} INFO - Processing file /home/ubuntu/.local/lib/python3.10/site-packages/airflow/example_dags/example_python_decorator.py for tasks to queue
[2024-01-29T20:11:26.407+0100] {logging_mixin.py:188} INFO - [2024-01-29T20:11:26.406+0100] {dagbag.py:538} INFO - Filling up the DagBag from /home/ubuntu/.local/lib/python3.10/site-packages/airflow/example_dags/example_python_decorator.py
[2024-01-29T20:11:26.417+0100] {processor.py:840} INFO - DAG(s) 'example_python_decorator' retrieved from /home/ubuntu/.local/lib/python3.10/site-packages/airflow/example_dags/example_python_decorator.py
[2024-01-29T20:11:26.436+0100] {logging_mixin.py:188} INFO - [2024-01-29T20:11:26.436+0100] {dag.py:3033} INFO - Sync 1 DAGs
[2024-01-29T20:11:26.448+0100] {logging_mixin.py:188} INFO - [2024-01-29T20:11:26.448+0100] {dag.py:3820} INFO - Setting next_dagrun for example_python_decorator to None, run_after=None
[2024-01-29T20:11:26.478+0100] {processor.py:183} INFO - Processing /home/ubuntu/.local/lib/python3.10/site-packages/airflow/example_dags/example_python_decorator.py took 0.078 seconds
[2024-01-29T20:12:22.581+0100] {processor.py:161} INFO - Started process (PID=9093) to work on /home/ubuntu/.local/lib/python3.10/site-packages/airflow/example_dags/example_python_decorator.py
[2024-01-29T20:12:22.583+0100] {processor.py:830} INFO - Processing file /home/ubuntu/.local/lib/python3.10/site-packages/airflow/example_dags/example_python_decorator.py for tasks to queue
[2024-01-29T20:12:22.584+0100] {logging_mixin.py:188} INFO - [2024-01-29T20:12:22.584+0100] {dagbag.py:538} INFO - Filling up the DagBag from /home/ubuntu/.local/lib/python3.10/site-packages/airflow/example_dags/example_python_decorator.py
[2024-01-29T20:12:22.594+0100] {processor.py:840} INFO - DAG(s) 'example_python_decorator' retrieved from /home/ubuntu/.local/lib/python3.10/site-packages/airflow/example_dags/example_python_decorator.py
[2024-01-29T20:12:22.619+0100] {logging_mixin.py:188} INFO - [2024-01-29T20:12:22.619+0100] {dag.py:3033} INFO - Sync 1 DAGs
[2024-01-29T20:12:22.636+0100] {logging_mixin.py:188} INFO - [2024-01-29T20:12:22.635+0100] {dag.py:3820} INFO - Setting next_dagrun for example_python_decorator to None, run_after=None
[2024-01-29T20:12:22.689+0100] {processor.py:183} INFO - Processing /home/ubuntu/.local/lib/python3.10/site-packages/airflow/example_dags/example_python_decorator.py took 0.111 seconds
[2024-01-29T20:13:52.515+0100] {processor.py:161} INFO - Started process (PID=9222) to work on /home/ubuntu/.local/lib/python3.10/site-packages/airflow/example_dags/example_python_decorator.py
[2024-01-29T20:13:52.521+0100] {processor.py:830} INFO - Processing file /home/ubuntu/.local/lib/python3.10/site-packages/airflow/example_dags/example_python_decorator.py for tasks to queue
[2024-01-29T20:13:52.525+0100] {logging_mixin.py:188} INFO - [2024-01-29T20:13:52.524+0100] {dagbag.py:538} INFO - Filling up the DagBag from /home/ubuntu/.local/lib/python3.10/site-packages/airflow/example_dags/example_python_decorator.py
[2024-01-29T20:13:52.608+0100] {processor.py:840} INFO - DAG(s) 'example_python_decorator' retrieved from /home/ubuntu/.local/lib/python3.10/site-packages/airflow/example_dags/example_python_decorator.py
[2024-01-29T20:13:52.652+0100] {logging_mixin.py:188} INFO - [2024-01-29T20:13:52.652+0100] {dag.py:3033} INFO - Sync 1 DAGs
[2024-01-29T20:13:52.671+0100] {logging_mixin.py:188} INFO - [2024-01-29T20:13:52.671+0100] {dag.py:3820} INFO - Setting next_dagrun for example_python_decorator to None, run_after=None
[2024-01-29T20:13:52.711+0100] {processor.py:183} INFO - Processing /home/ubuntu/.local/lib/python3.10/site-packages/airflow/example_dags/example_python_decorator.py took 0.203 seconds
[2024-01-29T20:14:50.501+0100] {processor.py:161} INFO - Started process (PID=9287) to work on /home/ubuntu/.local/lib/python3.10/site-packages/airflow/example_dags/example_python_decorator.py
[2024-01-29T20:14:50.503+0100] {processor.py:830} INFO - Processing file /home/ubuntu/.local/lib/python3.10/site-packages/airflow/example_dags/example_python_decorator.py for tasks to queue
[2024-01-29T20:14:50.504+0100] {logging_mixin.py:188} INFO - [2024-01-29T20:14:50.503+0100] {dagbag.py:538} INFO - Filling up the DagBag from /home/ubuntu/.local/lib/python3.10/site-packages/airflow/example_dags/example_python_decorator.py
[2024-01-29T20:14:50.515+0100] {processor.py:840} INFO - DAG(s) 'example_python_decorator' retrieved from /home/ubuntu/.local/lib/python3.10/site-packages/airflow/example_dags/example_python_decorator.py
[2024-01-29T20:14:50.533+0100] {logging_mixin.py:188} INFO - [2024-01-29T20:14:50.533+0100] {dag.py:3033} INFO - Sync 1 DAGs
[2024-01-29T20:14:50.551+0100] {logging_mixin.py:188} INFO - [2024-01-29T20:14:50.550+0100] {dag.py:3820} INFO - Setting next_dagrun for example_python_decorator to None, run_after=None
[2024-01-29T20:14:50.581+0100] {processor.py:183} INFO - Processing /home/ubuntu/.local/lib/python3.10/site-packages/airflow/example_dags/example_python_decorator.py took 0.085 seconds
[2024-01-29T20:15:36.125+0100] {processor.py:161} INFO - Started process (PID=9334) to work on /home/ubuntu/.local/lib/python3.10/site-packages/airflow/example_dags/example_python_decorator.py
[2024-01-29T20:15:36.127+0100] {processor.py:830} INFO - Processing file /home/ubuntu/.local/lib/python3.10/site-packages/airflow/example_dags/example_python_decorator.py for tasks to queue
[2024-01-29T20:15:36.128+0100] {logging_mixin.py:188} INFO - [2024-01-29T20:15:36.128+0100] {dagbag.py:538} INFO - Filling up the DagBag from /home/ubuntu/.local/lib/python3.10/site-packages/airflow/example_dags/example_python_decorator.py
[2024-01-29T20:15:36.140+0100] {processor.py:840} INFO - DAG(s) 'example_python_decorator' retrieved from /home/ubuntu/.local/lib/python3.10/site-packages/airflow/example_dags/example_python_decorator.py
[2024-01-29T20:15:36.160+0100] {logging_mixin.py:188} INFO - [2024-01-29T20:15:36.159+0100] {dag.py:3033} INFO - Sync 1 DAGs
[2024-01-29T20:15:36.173+0100] {logging_mixin.py:188} INFO - [2024-01-29T20:15:36.172+0100] {dag.py:3820} INFO - Setting next_dagrun for example_python_decorator to None, run_after=None
[2024-01-29T20:15:36.212+0100] {processor.py:183} INFO - Processing /home/ubuntu/.local/lib/python3.10/site-packages/airflow/example_dags/example_python_decorator.py took 0.091 seconds
[2024-01-29T20:16:26.929+0100] {processor.py:161} INFO - Started process (PID=9390) to work on /home/ubuntu/.local/lib/python3.10/site-packages/airflow/example_dags/example_python_decorator.py
[2024-01-29T20:16:26.934+0100] {processor.py:830} INFO - Processing file /home/ubuntu/.local/lib/python3.10/site-packages/airflow/example_dags/example_python_decorator.py for tasks to queue
[2024-01-29T20:16:26.935+0100] {logging_mixin.py:188} INFO - [2024-01-29T20:16:26.934+0100] {dagbag.py:538} INFO - Filling up the DagBag from /home/ubuntu/.local/lib/python3.10/site-packages/airflow/example_dags/example_python_decorator.py
[2024-01-29T20:16:26.954+0100] {processor.py:840} INFO - DAG(s) 'example_python_decorator' retrieved from /home/ubuntu/.local/lib/python3.10/site-packages/airflow/example_dags/example_python_decorator.py
[2024-01-29T20:16:26.976+0100] {logging_mixin.py:188} INFO - [2024-01-29T20:16:26.976+0100] {dag.py:3033} INFO - Sync 1 DAGs
[2024-01-29T20:16:26.991+0100] {logging_mixin.py:188} INFO - [2024-01-29T20:16:26.991+0100] {dag.py:3820} INFO - Setting next_dagrun for example_python_decorator to None, run_after=None
[2024-01-29T20:16:27.025+0100] {processor.py:183} INFO - Processing /home/ubuntu/.local/lib/python3.10/site-packages/airflow/example_dags/example_python_decorator.py took 0.103 seconds
[2024-01-29T20:17:37.296+0100] {processor.py:161} INFO - Started process (PID=9469) to work on /home/ubuntu/.local/lib/python3.10/site-packages/airflow/example_dags/example_python_decorator.py
[2024-01-29T20:17:37.298+0100] {processor.py:830} INFO - Processing file /home/ubuntu/.local/lib/python3.10/site-packages/airflow/example_dags/example_python_decorator.py for tasks to queue
[2024-01-29T20:17:37.299+0100] {logging_mixin.py:188} INFO - [2024-01-29T20:17:37.299+0100] {dagbag.py:538} INFO - Filling up the DagBag from /home/ubuntu/.local/lib/python3.10/site-packages/airflow/example_dags/example_python_decorator.py
[2024-01-29T20:17:37.309+0100] {processor.py:840} INFO - DAG(s) 'example_python_decorator' retrieved from /home/ubuntu/.local/lib/python3.10/site-packages/airflow/example_dags/example_python_decorator.py
[2024-01-29T20:17:37.329+0100] {logging_mixin.py:188} INFO - [2024-01-29T20:17:37.329+0100] {dag.py:3033} INFO - Sync 1 DAGs
[2024-01-29T20:17:37.342+0100] {logging_mixin.py:188} INFO - [2024-01-29T20:17:37.342+0100] {dag.py:3820} INFO - Setting next_dagrun for example_python_decorator to None, run_after=None
[2024-01-29T20:17:37.372+0100] {processor.py:183} INFO - Processing /home/ubuntu/.local/lib/python3.10/site-packages/airflow/example_dags/example_python_decorator.py took 0.080 seconds
[2024-01-29T20:18:22.994+0100] {processor.py:161} INFO - Started process (PID=9519) to work on /home/ubuntu/.local/lib/python3.10/site-packages/airflow/example_dags/example_python_decorator.py
[2024-01-29T20:18:22.996+0100] {processor.py:830} INFO - Processing file /home/ubuntu/.local/lib/python3.10/site-packages/airflow/example_dags/example_python_decorator.py for tasks to queue
[2024-01-29T20:18:22.997+0100] {logging_mixin.py:188} INFO - [2024-01-29T20:18:22.997+0100] {dagbag.py:538} INFO - Filling up the DagBag from /home/ubuntu/.local/lib/python3.10/site-packages/airflow/example_dags/example_python_decorator.py
[2024-01-29T20:18:23.008+0100] {processor.py:840} INFO - DAG(s) 'example_python_decorator' retrieved from /home/ubuntu/.local/lib/python3.10/site-packages/airflow/example_dags/example_python_decorator.py
[2024-01-29T20:18:23.036+0100] {logging_mixin.py:188} INFO - [2024-01-29T20:18:23.035+0100] {dag.py:3033} INFO - Sync 1 DAGs
[2024-01-29T20:18:23.058+0100] {logging_mixin.py:188} INFO - [2024-01-29T20:18:23.057+0100] {dag.py:3820} INFO - Setting next_dagrun for example_python_decorator to None, run_after=None
[2024-01-29T20:18:23.099+0100] {processor.py:183} INFO - Processing /home/ubuntu/.local/lib/python3.10/site-packages/airflow/example_dags/example_python_decorator.py took 0.109 seconds
[2024-01-29T20:19:29.918+0100] {processor.py:161} INFO - Started process (PID=9616) to work on /home/ubuntu/.local/lib/python3.10/site-packages/airflow/example_dags/example_python_decorator.py
[2024-01-29T20:19:29.920+0100] {processor.py:830} INFO - Processing file /home/ubuntu/.local/lib/python3.10/site-packages/airflow/example_dags/example_python_decorator.py for tasks to queue
[2024-01-29T20:19:29.921+0100] {logging_mixin.py:188} INFO - [2024-01-29T20:19:29.920+0100] {dagbag.py:538} INFO - Filling up the DagBag from /home/ubuntu/.local/lib/python3.10/site-packages/airflow/example_dags/example_python_decorator.py
[2024-01-29T20:19:29.938+0100] {processor.py:840} INFO - DAG(s) 'example_python_decorator' retrieved from /home/ubuntu/.local/lib/python3.10/site-packages/airflow/example_dags/example_python_decorator.py
[2024-01-29T20:19:29.959+0100] {logging_mixin.py:188} INFO - [2024-01-29T20:19:29.958+0100] {dag.py:3033} INFO - Sync 1 DAGs
[2024-01-29T20:19:29.973+0100] {logging_mixin.py:188} INFO - [2024-01-29T20:19:29.973+0100] {dag.py:3820} INFO - Setting next_dagrun for example_python_decorator to None, run_after=None
[2024-01-29T20:19:30.009+0100] {processor.py:183} INFO - Processing /home/ubuntu/.local/lib/python3.10/site-packages/airflow/example_dags/example_python_decorator.py took 0.097 seconds
[2024-01-29T20:20:30.306+0100] {processor.py:161} INFO - Started process (PID=9684) to work on /home/ubuntu/.local/lib/python3.10/site-packages/airflow/example_dags/example_python_decorator.py
[2024-01-29T20:20:30.308+0100] {processor.py:830} INFO - Processing file /home/ubuntu/.local/lib/python3.10/site-packages/airflow/example_dags/example_python_decorator.py for tasks to queue
[2024-01-29T20:20:30.309+0100] {logging_mixin.py:188} INFO - [2024-01-29T20:20:30.309+0100] {dagbag.py:538} INFO - Filling up the DagBag from /home/ubuntu/.local/lib/python3.10/site-packages/airflow/example_dags/example_python_decorator.py
[2024-01-29T20:20:30.320+0100] {processor.py:840} INFO - DAG(s) 'example_python_decorator' retrieved from /home/ubuntu/.local/lib/python3.10/site-packages/airflow/example_dags/example_python_decorator.py
[2024-01-29T20:20:30.341+0100] {logging_mixin.py:188} INFO - [2024-01-29T20:20:30.340+0100] {dag.py:3033} INFO - Sync 1 DAGs
[2024-01-29T20:20:30.354+0100] {logging_mixin.py:188} INFO - [2024-01-29T20:20:30.353+0100] {dag.py:3820} INFO - Setting next_dagrun for example_python_decorator to None, run_after=None
[2024-01-29T20:20:30.383+0100] {processor.py:183} INFO - Processing /home/ubuntu/.local/lib/python3.10/site-packages/airflow/example_dags/example_python_decorator.py took 0.081 seconds
