[2024-01-29T19:54:03.068+0100] {processor.py:161} INFO - Started process (PID=7816) to work on /home/ubuntu/.local/lib/python3.10/site-packages/airflow/example_dags/example_trigger_controller_dag.py
[2024-01-29T19:54:03.071+0100] {processor.py:830} INFO - Processing file /home/ubuntu/.local/lib/python3.10/site-packages/airflow/example_dags/example_trigger_controller_dag.py for tasks to queue
[2024-01-29T19:54:03.073+0100] {logging_mixin.py:188} INFO - [2024-01-29T19:54:03.072+0100] {dagbag.py:538} INFO - Filling up the DagBag from /home/ubuntu/.local/lib/python3.10/site-packages/airflow/example_dags/example_trigger_controller_dag.py
[2024-01-29T19:54:03.085+0100] {processor.py:840} INFO - DAG(s) 'example_trigger_controller_dag' retrieved from /home/ubuntu/.local/lib/python3.10/site-packages/airflow/example_dags/example_trigger_controller_dag.py
[2024-01-29T19:54:03.353+0100] {logging_mixin.py:188} INFO - [2024-01-29T19:54:03.352+0100] {dag.py:3033} INFO - Sync 1 DAGs
[2024-01-29T19:54:03.385+0100] {logging_mixin.py:188} INFO - [2024-01-29T19:54:03.384+0100] {dag.py:3820} INFO - Setting next_dagrun for example_trigger_controller_dag to 2021-01-01T00:00:00+00:00, run_after=2021-01-01T00:00:00+00:00
[2024-01-29T19:54:03.426+0100] {processor.py:183} INFO - Processing /home/ubuntu/.local/lib/python3.10/site-packages/airflow/example_dags/example_trigger_controller_dag.py took 0.367 seconds
[2024-01-29T19:55:25.848+0100] {processor.py:161} INFO - Started process (PID=7927) to work on /home/ubuntu/.local/lib/python3.10/site-packages/airflow/example_dags/example_trigger_controller_dag.py
[2024-01-29T19:55:25.851+0100] {processor.py:830} INFO - Processing file /home/ubuntu/.local/lib/python3.10/site-packages/airflow/example_dags/example_trigger_controller_dag.py for tasks to queue
[2024-01-29T19:55:25.852+0100] {logging_mixin.py:188} INFO - [2024-01-29T19:55:25.852+0100] {dagbag.py:538} INFO - Filling up the DagBag from /home/ubuntu/.local/lib/python3.10/site-packages/airflow/example_dags/example_trigger_controller_dag.py
[2024-01-29T19:55:25.858+0100] {processor.py:840} INFO - DAG(s) 'example_trigger_controller_dag' retrieved from /home/ubuntu/.local/lib/python3.10/site-packages/airflow/example_dags/example_trigger_controller_dag.py
[2024-01-29T19:55:25.877+0100] {logging_mixin.py:188} INFO - [2024-01-29T19:55:25.876+0100] {dag.py:3033} INFO - Sync 1 DAGs
[2024-01-29T19:55:25.900+0100] {logging_mixin.py:188} INFO - [2024-01-29T19:55:25.899+0100] {dag.py:3820} INFO - Setting next_dagrun for example_trigger_controller_dag to 2021-01-01T00:00:00+00:00, run_after=2021-01-01T00:00:00+00:00
[2024-01-29T19:55:25.940+0100] {processor.py:183} INFO - Processing /home/ubuntu/.local/lib/python3.10/site-packages/airflow/example_dags/example_trigger_controller_dag.py took 0.095 seconds
[2024-01-29T19:56:46.935+0100] {processor.py:161} INFO - Started process (PID=8006) to work on /home/ubuntu/.local/lib/python3.10/site-packages/airflow/example_dags/example_trigger_controller_dag.py
[2024-01-29T19:56:46.937+0100] {processor.py:830} INFO - Processing file /home/ubuntu/.local/lib/python3.10/site-packages/airflow/example_dags/example_trigger_controller_dag.py for tasks to queue
[2024-01-29T19:56:46.938+0100] {logging_mixin.py:188} INFO - [2024-01-29T19:56:46.938+0100] {dagbag.py:538} INFO - Filling up the DagBag from /home/ubuntu/.local/lib/python3.10/site-packages/airflow/example_dags/example_trigger_controller_dag.py
[2024-01-29T19:56:46.949+0100] {processor.py:840} INFO - DAG(s) 'example_trigger_controller_dag' retrieved from /home/ubuntu/.local/lib/python3.10/site-packages/airflow/example_dags/example_trigger_controller_dag.py
[2024-01-29T19:56:46.969+0100] {logging_mixin.py:188} INFO - [2024-01-29T19:56:46.969+0100] {dag.py:3033} INFO - Sync 1 DAGs
[2024-01-29T19:56:46.992+0100] {logging_mixin.py:188} INFO - [2024-01-29T19:56:46.992+0100] {dag.py:3820} INFO - Setting next_dagrun for example_trigger_controller_dag to 2021-01-01T00:00:00+00:00, run_after=2021-01-01T00:00:00+00:00
[2024-01-29T19:56:47.022+0100] {processor.py:183} INFO - Processing /home/ubuntu/.local/lib/python3.10/site-packages/airflow/example_dags/example_trigger_controller_dag.py took 0.095 seconds
[2024-01-29T19:57:43.874+0100] {processor.py:161} INFO - Started process (PID=8064) to work on /home/ubuntu/.local/lib/python3.10/site-packages/airflow/example_dags/example_trigger_controller_dag.py
[2024-01-29T19:57:43.877+0100] {processor.py:830} INFO - Processing file /home/ubuntu/.local/lib/python3.10/site-packages/airflow/example_dags/example_trigger_controller_dag.py for tasks to queue
[2024-01-29T19:57:43.878+0100] {logging_mixin.py:188} INFO - [2024-01-29T19:57:43.877+0100] {dagbag.py:538} INFO - Filling up the DagBag from /home/ubuntu/.local/lib/python3.10/site-packages/airflow/example_dags/example_trigger_controller_dag.py
[2024-01-29T19:57:43.883+0100] {processor.py:840} INFO - DAG(s) 'example_trigger_controller_dag' retrieved from /home/ubuntu/.local/lib/python3.10/site-packages/airflow/example_dags/example_trigger_controller_dag.py
[2024-01-29T19:57:43.901+0100] {logging_mixin.py:188} INFO - [2024-01-29T19:57:43.900+0100] {dag.py:3033} INFO - Sync 1 DAGs
[2024-01-29T19:57:43.920+0100] {logging_mixin.py:188} INFO - [2024-01-29T19:57:43.920+0100] {dag.py:3820} INFO - Setting next_dagrun for example_trigger_controller_dag to 2021-01-01T00:00:00+00:00, run_after=2021-01-01T00:00:00+00:00
[2024-01-29T19:57:43.951+0100] {processor.py:183} INFO - Processing /home/ubuntu/.local/lib/python3.10/site-packages/airflow/example_dags/example_trigger_controller_dag.py took 0.080 seconds
[2024-01-29T19:58:34.804+0100] {processor.py:161} INFO - Started process (PID=8119) to work on /home/ubuntu/.local/lib/python3.10/site-packages/airflow/example_dags/example_trigger_controller_dag.py
[2024-01-29T19:58:34.806+0100] {processor.py:830} INFO - Processing file /home/ubuntu/.local/lib/python3.10/site-packages/airflow/example_dags/example_trigger_controller_dag.py for tasks to queue
[2024-01-29T19:58:34.807+0100] {logging_mixin.py:188} INFO - [2024-01-29T19:58:34.807+0100] {dagbag.py:538} INFO - Filling up the DagBag from /home/ubuntu/.local/lib/python3.10/site-packages/airflow/example_dags/example_trigger_controller_dag.py
[2024-01-29T19:58:34.812+0100] {processor.py:840} INFO - DAG(s) 'example_trigger_controller_dag' retrieved from /home/ubuntu/.local/lib/python3.10/site-packages/airflow/example_dags/example_trigger_controller_dag.py
[2024-01-29T19:58:34.827+0100] {logging_mixin.py:188} INFO - [2024-01-29T19:58:34.827+0100] {dag.py:3033} INFO - Sync 1 DAGs
[2024-01-29T19:58:34.844+0100] {logging_mixin.py:188} INFO - [2024-01-29T19:58:34.844+0100] {dag.py:3820} INFO - Setting next_dagrun for example_trigger_controller_dag to 2021-01-01T00:00:00+00:00, run_after=2021-01-01T00:00:00+00:00
[2024-01-29T19:58:34.874+0100] {processor.py:183} INFO - Processing /home/ubuntu/.local/lib/python3.10/site-packages/airflow/example_dags/example_trigger_controller_dag.py took 0.073 seconds
[2024-01-29T19:59:15.661+0100] {processor.py:161} INFO - Started process (PID=8168) to work on /home/ubuntu/.local/lib/python3.10/site-packages/airflow/example_dags/example_trigger_controller_dag.py
[2024-01-29T19:59:15.663+0100] {processor.py:830} INFO - Processing file /home/ubuntu/.local/lib/python3.10/site-packages/airflow/example_dags/example_trigger_controller_dag.py for tasks to queue
[2024-01-29T19:59:15.664+0100] {logging_mixin.py:188} INFO - [2024-01-29T19:59:15.663+0100] {dagbag.py:538} INFO - Filling up the DagBag from /home/ubuntu/.local/lib/python3.10/site-packages/airflow/example_dags/example_trigger_controller_dag.py
[2024-01-29T19:59:15.669+0100] {processor.py:840} INFO - DAG(s) 'example_trigger_controller_dag' retrieved from /home/ubuntu/.local/lib/python3.10/site-packages/airflow/example_dags/example_trigger_controller_dag.py
[2024-01-29T19:59:15.686+0100] {logging_mixin.py:188} INFO - [2024-01-29T19:59:15.686+0100] {dag.py:3033} INFO - Sync 1 DAGs
[2024-01-29T19:59:15.707+0100] {logging_mixin.py:188} INFO - [2024-01-29T19:59:15.707+0100] {dag.py:3820} INFO - Setting next_dagrun for example_trigger_controller_dag to 2021-01-01T00:00:00+00:00, run_after=2021-01-01T00:00:00+00:00
[2024-01-29T19:59:15.745+0100] {processor.py:183} INFO - Processing /home/ubuntu/.local/lib/python3.10/site-packages/airflow/example_dags/example_trigger_controller_dag.py took 0.087 seconds
[2024-01-29T20:00:34.367+0100] {processor.py:161} INFO - Started process (PID=8246) to work on /home/ubuntu/.local/lib/python3.10/site-packages/airflow/example_dags/example_trigger_controller_dag.py
[2024-01-29T20:00:34.388+0100] {processor.py:830} INFO - Processing file /home/ubuntu/.local/lib/python3.10/site-packages/airflow/example_dags/example_trigger_controller_dag.py for tasks to queue
[2024-01-29T20:00:34.389+0100] {logging_mixin.py:188} INFO - [2024-01-29T20:00:34.389+0100] {dagbag.py:538} INFO - Filling up the DagBag from /home/ubuntu/.local/lib/python3.10/site-packages/airflow/example_dags/example_trigger_controller_dag.py
[2024-01-29T20:00:34.439+0100] {processor.py:840} INFO - DAG(s) 'example_trigger_controller_dag' retrieved from /home/ubuntu/.local/lib/python3.10/site-packages/airflow/example_dags/example_trigger_controller_dag.py
[2024-01-29T20:00:34.503+0100] {logging_mixin.py:188} INFO - [2024-01-29T20:00:34.503+0100] {dag.py:3033} INFO - Sync 1 DAGs
[2024-01-29T20:00:34.593+0100] {logging_mixin.py:188} INFO - [2024-01-29T20:00:34.593+0100] {dag.py:3820} INFO - Setting next_dagrun for example_trigger_controller_dag to 2021-01-01T00:00:00+00:00, run_after=2021-01-01T00:00:00+00:00
[2024-01-29T20:00:35.072+0100] {processor.py:183} INFO - Processing /home/ubuntu/.local/lib/python3.10/site-packages/airflow/example_dags/example_trigger_controller_dag.py took 0.740 seconds
[2024-01-29T20:01:27.702+0100] {processor.py:161} INFO - Started process (PID=8305) to work on /home/ubuntu/.local/lib/python3.10/site-packages/airflow/example_dags/example_trigger_controller_dag.py
[2024-01-29T20:01:27.704+0100] {processor.py:830} INFO - Processing file /home/ubuntu/.local/lib/python3.10/site-packages/airflow/example_dags/example_trigger_controller_dag.py for tasks to queue
[2024-01-29T20:01:27.705+0100] {logging_mixin.py:188} INFO - [2024-01-29T20:01:27.704+0100] {dagbag.py:538} INFO - Filling up the DagBag from /home/ubuntu/.local/lib/python3.10/site-packages/airflow/example_dags/example_trigger_controller_dag.py
[2024-01-29T20:01:27.710+0100] {processor.py:840} INFO - DAG(s) 'example_trigger_controller_dag' retrieved from /home/ubuntu/.local/lib/python3.10/site-packages/airflow/example_dags/example_trigger_controller_dag.py
[2024-01-29T20:01:27.734+0100] {logging_mixin.py:188} INFO - [2024-01-29T20:01:27.734+0100] {dag.py:3033} INFO - Sync 1 DAGs
[2024-01-29T20:01:27.754+0100] {logging_mixin.py:188} INFO - [2024-01-29T20:01:27.754+0100] {dag.py:3820} INFO - Setting next_dagrun for example_trigger_controller_dag to 2021-01-01T00:00:00+00:00, run_after=2021-01-01T00:00:00+00:00
[2024-01-29T20:01:27.789+0100] {processor.py:183} INFO - Processing /home/ubuntu/.local/lib/python3.10/site-packages/airflow/example_dags/example_trigger_controller_dag.py took 0.091 seconds
[2024-01-29T20:02:12.553+0100] {processor.py:161} INFO - Started process (PID=8356) to work on /home/ubuntu/.local/lib/python3.10/site-packages/airflow/example_dags/example_trigger_controller_dag.py
[2024-01-29T20:02:12.556+0100] {processor.py:830} INFO - Processing file /home/ubuntu/.local/lib/python3.10/site-packages/airflow/example_dags/example_trigger_controller_dag.py for tasks to queue
[2024-01-29T20:02:12.558+0100] {logging_mixin.py:188} INFO - [2024-01-29T20:02:12.557+0100] {dagbag.py:538} INFO - Filling up the DagBag from /home/ubuntu/.local/lib/python3.10/site-packages/airflow/example_dags/example_trigger_controller_dag.py
[2024-01-29T20:02:12.571+0100] {processor.py:840} INFO - DAG(s) 'example_trigger_controller_dag' retrieved from /home/ubuntu/.local/lib/python3.10/site-packages/airflow/example_dags/example_trigger_controller_dag.py
[2024-01-29T20:02:12.606+0100] {logging_mixin.py:188} INFO - [2024-01-29T20:02:12.605+0100] {dag.py:3033} INFO - Sync 1 DAGs
[2024-01-29T20:02:12.659+0100] {logging_mixin.py:188} INFO - [2024-01-29T20:02:12.658+0100] {dag.py:3820} INFO - Setting next_dagrun for example_trigger_controller_dag to 2021-01-01T00:00:00+00:00, run_after=2021-01-01T00:00:00+00:00
[2024-01-29T20:02:12.728+0100] {processor.py:183} INFO - Processing /home/ubuntu/.local/lib/python3.10/site-packages/airflow/example_dags/example_trigger_controller_dag.py took 0.181 seconds
[2024-01-29T20:03:18.318+0100] {processor.py:161} INFO - Started process (PID=8462) to work on /home/ubuntu/.local/lib/python3.10/site-packages/airflow/example_dags/example_trigger_controller_dag.py
[2024-01-29T20:03:18.320+0100] {processor.py:830} INFO - Processing file /home/ubuntu/.local/lib/python3.10/site-packages/airflow/example_dags/example_trigger_controller_dag.py for tasks to queue
[2024-01-29T20:03:18.321+0100] {logging_mixin.py:188} INFO - [2024-01-29T20:03:18.321+0100] {dagbag.py:538} INFO - Filling up the DagBag from /home/ubuntu/.local/lib/python3.10/site-packages/airflow/example_dags/example_trigger_controller_dag.py
[2024-01-29T20:03:18.326+0100] {processor.py:840} INFO - DAG(s) 'example_trigger_controller_dag' retrieved from /home/ubuntu/.local/lib/python3.10/site-packages/airflow/example_dags/example_trigger_controller_dag.py
[2024-01-29T20:03:18.341+0100] {logging_mixin.py:188} INFO - [2024-01-29T20:03:18.341+0100] {dag.py:3033} INFO - Sync 1 DAGs
[2024-01-29T20:03:18.358+0100] {logging_mixin.py:188} INFO - [2024-01-29T20:03:18.358+0100] {dag.py:3820} INFO - Setting next_dagrun for example_trigger_controller_dag to 2021-01-01T00:00:00+00:00, run_after=2021-01-01T00:00:00+00:00
[2024-01-29T20:03:18.398+0100] {processor.py:183} INFO - Processing /home/ubuntu/.local/lib/python3.10/site-packages/airflow/example_dags/example_trigger_controller_dag.py took 0.083 seconds
[2024-01-29T20:04:04.403+0100] {processor.py:161} INFO - Started process (PID=8519) to work on /home/ubuntu/.local/lib/python3.10/site-packages/airflow/example_dags/example_trigger_controller_dag.py
[2024-01-29T20:04:04.405+0100] {processor.py:830} INFO - Processing file /home/ubuntu/.local/lib/python3.10/site-packages/airflow/example_dags/example_trigger_controller_dag.py for tasks to queue
[2024-01-29T20:04:04.406+0100] {logging_mixin.py:188} INFO - [2024-01-29T20:04:04.406+0100] {dagbag.py:538} INFO - Filling up the DagBag from /home/ubuntu/.local/lib/python3.10/site-packages/airflow/example_dags/example_trigger_controller_dag.py
[2024-01-29T20:04:04.411+0100] {processor.py:840} INFO - DAG(s) 'example_trigger_controller_dag' retrieved from /home/ubuntu/.local/lib/python3.10/site-packages/airflow/example_dags/example_trigger_controller_dag.py
[2024-01-29T20:04:04.426+0100] {logging_mixin.py:188} INFO - [2024-01-29T20:04:04.425+0100] {dag.py:3033} INFO - Sync 1 DAGs
[2024-01-29T20:04:04.443+0100] {logging_mixin.py:188} INFO - [2024-01-29T20:04:04.443+0100] {dag.py:3820} INFO - Setting next_dagrun for example_trigger_controller_dag to 2021-01-01T00:00:00+00:00, run_after=2021-01-01T00:00:00+00:00
[2024-01-29T20:04:04.480+0100] {processor.py:183} INFO - Processing /home/ubuntu/.local/lib/python3.10/site-packages/airflow/example_dags/example_trigger_controller_dag.py took 0.080 seconds
[2024-01-29T20:04:56.570+0100] {processor.py:161} INFO - Started process (PID=8580) to work on /home/ubuntu/.local/lib/python3.10/site-packages/airflow/example_dags/example_trigger_controller_dag.py
[2024-01-29T20:04:56.573+0100] {processor.py:830} INFO - Processing file /home/ubuntu/.local/lib/python3.10/site-packages/airflow/example_dags/example_trigger_controller_dag.py for tasks to queue
[2024-01-29T20:04:56.575+0100] {logging_mixin.py:188} INFO - [2024-01-29T20:04:56.574+0100] {dagbag.py:538} INFO - Filling up the DagBag from /home/ubuntu/.local/lib/python3.10/site-packages/airflow/example_dags/example_trigger_controller_dag.py
[2024-01-29T20:04:56.584+0100] {processor.py:840} INFO - DAG(s) 'example_trigger_controller_dag' retrieved from /home/ubuntu/.local/lib/python3.10/site-packages/airflow/example_dags/example_trigger_controller_dag.py
[2024-01-29T20:04:56.677+0100] {logging_mixin.py:188} INFO - [2024-01-29T20:04:56.677+0100] {dag.py:3033} INFO - Sync 1 DAGs
[2024-01-29T20:04:56.816+0100] {logging_mixin.py:188} INFO - [2024-01-29T20:04:56.816+0100] {dag.py:3820} INFO - Setting next_dagrun for example_trigger_controller_dag to 2021-01-01T00:00:00+00:00, run_after=2021-01-01T00:00:00+00:00
[2024-01-29T20:04:56.898+0100] {processor.py:183} INFO - Processing /home/ubuntu/.local/lib/python3.10/site-packages/airflow/example_dags/example_trigger_controller_dag.py took 0.348 seconds
[2024-01-29T20:05:46.844+0100] {processor.py:161} INFO - Started process (PID=8629) to work on /home/ubuntu/.local/lib/python3.10/site-packages/airflow/example_dags/example_trigger_controller_dag.py
[2024-01-29T20:05:46.858+0100] {processor.py:830} INFO - Processing file /home/ubuntu/.local/lib/python3.10/site-packages/airflow/example_dags/example_trigger_controller_dag.py for tasks to queue
[2024-01-29T20:05:46.861+0100] {logging_mixin.py:188} INFO - [2024-01-29T20:05:46.860+0100] {dagbag.py:538} INFO - Filling up the DagBag from /home/ubuntu/.local/lib/python3.10/site-packages/airflow/example_dags/example_trigger_controller_dag.py
[2024-01-29T20:05:46.882+0100] {processor.py:840} INFO - DAG(s) 'example_trigger_controller_dag' retrieved from /home/ubuntu/.local/lib/python3.10/site-packages/airflow/example_dags/example_trigger_controller_dag.py
[2024-01-29T20:05:46.946+0100] {logging_mixin.py:188} INFO - [2024-01-29T20:05:46.946+0100] {dag.py:3033} INFO - Sync 1 DAGs
[2024-01-29T20:05:47.015+0100] {logging_mixin.py:188} INFO - [2024-01-29T20:05:47.015+0100] {dag.py:3820} INFO - Setting next_dagrun for example_trigger_controller_dag to 2021-01-01T00:00:00+00:00, run_after=2021-01-01T00:00:00+00:00
[2024-01-29T20:05:47.049+0100] {processor.py:183} INFO - Processing /home/ubuntu/.local/lib/python3.10/site-packages/airflow/example_dags/example_trigger_controller_dag.py took 0.222 seconds
[2024-01-29T20:07:04.246+0100] {processor.py:161} INFO - Started process (PID=8702) to work on /home/ubuntu/.local/lib/python3.10/site-packages/airflow/example_dags/example_trigger_controller_dag.py
[2024-01-29T20:07:04.248+0100] {processor.py:830} INFO - Processing file /home/ubuntu/.local/lib/python3.10/site-packages/airflow/example_dags/example_trigger_controller_dag.py for tasks to queue
[2024-01-29T20:07:04.250+0100] {logging_mixin.py:188} INFO - [2024-01-29T20:07:04.249+0100] {dagbag.py:538} INFO - Filling up the DagBag from /home/ubuntu/.local/lib/python3.10/site-packages/airflow/example_dags/example_trigger_controller_dag.py
[2024-01-29T20:07:04.256+0100] {processor.py:840} INFO - DAG(s) 'example_trigger_controller_dag' retrieved from /home/ubuntu/.local/lib/python3.10/site-packages/airflow/example_dags/example_trigger_controller_dag.py
[2024-01-29T20:07:04.278+0100] {logging_mixin.py:188} INFO - [2024-01-29T20:07:04.278+0100] {dag.py:3033} INFO - Sync 1 DAGs
[2024-01-29T20:07:04.305+0100] {logging_mixin.py:188} INFO - [2024-01-29T20:07:04.305+0100] {dag.py:3820} INFO - Setting next_dagrun for example_trigger_controller_dag to 2021-01-01T00:00:00+00:00, run_after=2021-01-01T00:00:00+00:00
[2024-01-29T20:07:04.337+0100] {processor.py:183} INFO - Processing /home/ubuntu/.local/lib/python3.10/site-packages/airflow/example_dags/example_trigger_controller_dag.py took 0.095 seconds
[2024-01-29T20:08:05.461+0100] {processor.py:161} INFO - Started process (PID=8773) to work on /home/ubuntu/.local/lib/python3.10/site-packages/airflow/example_dags/example_trigger_controller_dag.py
[2024-01-29T20:08:05.463+0100] {processor.py:830} INFO - Processing file /home/ubuntu/.local/lib/python3.10/site-packages/airflow/example_dags/example_trigger_controller_dag.py for tasks to queue
[2024-01-29T20:08:05.464+0100] {logging_mixin.py:188} INFO - [2024-01-29T20:08:05.464+0100] {dagbag.py:538} INFO - Filling up the DagBag from /home/ubuntu/.local/lib/python3.10/site-packages/airflow/example_dags/example_trigger_controller_dag.py
[2024-01-29T20:08:05.470+0100] {processor.py:840} INFO - DAG(s) 'example_trigger_controller_dag' retrieved from /home/ubuntu/.local/lib/python3.10/site-packages/airflow/example_dags/example_trigger_controller_dag.py
[2024-01-29T20:08:05.489+0100] {logging_mixin.py:188} INFO - [2024-01-29T20:08:05.489+0100] {dag.py:3033} INFO - Sync 1 DAGs
[2024-01-29T20:08:05.510+0100] {logging_mixin.py:188} INFO - [2024-01-29T20:08:05.510+0100] {dag.py:3820} INFO - Setting next_dagrun for example_trigger_controller_dag to 2021-01-01T00:00:00+00:00, run_after=2021-01-01T00:00:00+00:00
[2024-01-29T20:08:05.539+0100] {processor.py:183} INFO - Processing /home/ubuntu/.local/lib/python3.10/site-packages/airflow/example_dags/example_trigger_controller_dag.py took 0.081 seconds
[2024-01-29T20:08:53.550+0100] {processor.py:161} INFO - Started process (PID=8831) to work on /home/ubuntu/.local/lib/python3.10/site-packages/airflow/example_dags/example_trigger_controller_dag.py
[2024-01-29T20:08:53.553+0100] {processor.py:830} INFO - Processing file /home/ubuntu/.local/lib/python3.10/site-packages/airflow/example_dags/example_trigger_controller_dag.py for tasks to queue
[2024-01-29T20:08:53.555+0100] {logging_mixin.py:188} INFO - [2024-01-29T20:08:53.554+0100] {dagbag.py:538} INFO - Filling up the DagBag from /home/ubuntu/.local/lib/python3.10/site-packages/airflow/example_dags/example_trigger_controller_dag.py
[2024-01-29T20:08:53.564+0100] {processor.py:840} INFO - DAG(s) 'example_trigger_controller_dag' retrieved from /home/ubuntu/.local/lib/python3.10/site-packages/airflow/example_dags/example_trigger_controller_dag.py
[2024-01-29T20:08:53.594+0100] {logging_mixin.py:188} INFO - [2024-01-29T20:08:53.594+0100] {dag.py:3033} INFO - Sync 1 DAGs
[2024-01-29T20:08:53.630+0100] {logging_mixin.py:188} INFO - [2024-01-29T20:08:53.629+0100] {dag.py:3820} INFO - Setting next_dagrun for example_trigger_controller_dag to 2021-01-01T00:00:00+00:00, run_after=2021-01-01T00:00:00+00:00
[2024-01-29T20:08:53.662+0100] {processor.py:183} INFO - Processing /home/ubuntu/.local/lib/python3.10/site-packages/airflow/example_dags/example_trigger_controller_dag.py took 0.118 seconds
[2024-01-29T20:09:38.444+0100] {processor.py:161} INFO - Started process (PID=8882) to work on /home/ubuntu/.local/lib/python3.10/site-packages/airflow/example_dags/example_trigger_controller_dag.py
[2024-01-29T20:09:38.446+0100] {processor.py:830} INFO - Processing file /home/ubuntu/.local/lib/python3.10/site-packages/airflow/example_dags/example_trigger_controller_dag.py for tasks to queue
[2024-01-29T20:09:38.448+0100] {logging_mixin.py:188} INFO - [2024-01-29T20:09:38.447+0100] {dagbag.py:538} INFO - Filling up the DagBag from /home/ubuntu/.local/lib/python3.10/site-packages/airflow/example_dags/example_trigger_controller_dag.py
[2024-01-29T20:09:38.455+0100] {processor.py:840} INFO - DAG(s) 'example_trigger_controller_dag' retrieved from /home/ubuntu/.local/lib/python3.10/site-packages/airflow/example_dags/example_trigger_controller_dag.py
[2024-01-29T20:09:38.477+0100] {logging_mixin.py:188} INFO - [2024-01-29T20:09:38.477+0100] {dag.py:3033} INFO - Sync 1 DAGs
[2024-01-29T20:09:38.504+0100] {logging_mixin.py:188} INFO - [2024-01-29T20:09:38.504+0100] {dag.py:3820} INFO - Setting next_dagrun for example_trigger_controller_dag to 2021-01-01T00:00:00+00:00, run_after=2021-01-01T00:00:00+00:00
[2024-01-29T20:09:38.542+0100] {processor.py:183} INFO - Processing /home/ubuntu/.local/lib/python3.10/site-packages/airflow/example_dags/example_trigger_controller_dag.py took 0.105 seconds
[2024-01-29T20:10:27.664+0100] {processor.py:161} INFO - Started process (PID=8945) to work on /home/ubuntu/.local/lib/python3.10/site-packages/airflow/example_dags/example_trigger_controller_dag.py
[2024-01-29T20:10:27.666+0100] {processor.py:830} INFO - Processing file /home/ubuntu/.local/lib/python3.10/site-packages/airflow/example_dags/example_trigger_controller_dag.py for tasks to queue
[2024-01-29T20:10:27.668+0100] {logging_mixin.py:188} INFO - [2024-01-29T20:10:27.667+0100] {dagbag.py:538} INFO - Filling up the DagBag from /home/ubuntu/.local/lib/python3.10/site-packages/airflow/example_dags/example_trigger_controller_dag.py
[2024-01-29T20:10:27.676+0100] {processor.py:840} INFO - DAG(s) 'example_trigger_controller_dag' retrieved from /home/ubuntu/.local/lib/python3.10/site-packages/airflow/example_dags/example_trigger_controller_dag.py
[2024-01-29T20:10:27.702+0100] {logging_mixin.py:188} INFO - [2024-01-29T20:10:27.702+0100] {dag.py:3033} INFO - Sync 1 DAGs
[2024-01-29T20:10:27.734+0100] {logging_mixin.py:188} INFO - [2024-01-29T20:10:27.733+0100] {dag.py:3820} INFO - Setting next_dagrun for example_trigger_controller_dag to 2021-01-01T00:00:00+00:00, run_after=2021-01-01T00:00:00+00:00
[2024-01-29T20:10:27.787+0100] {processor.py:183} INFO - Processing /home/ubuntu/.local/lib/python3.10/site-packages/airflow/example_dags/example_trigger_controller_dag.py took 0.129 seconds
[2024-01-29T20:11:17.773+0100] {processor.py:161} INFO - Started process (PID=9005) to work on /home/ubuntu/.local/lib/python3.10/site-packages/airflow/example_dags/example_trigger_controller_dag.py
[2024-01-29T20:11:17.775+0100] {processor.py:830} INFO - Processing file /home/ubuntu/.local/lib/python3.10/site-packages/airflow/example_dags/example_trigger_controller_dag.py for tasks to queue
[2024-01-29T20:11:17.776+0100] {logging_mixin.py:188} INFO - [2024-01-29T20:11:17.776+0100] {dagbag.py:538} INFO - Filling up the DagBag from /home/ubuntu/.local/lib/python3.10/site-packages/airflow/example_dags/example_trigger_controller_dag.py
[2024-01-29T20:11:17.781+0100] {processor.py:840} INFO - DAG(s) 'example_trigger_controller_dag' retrieved from /home/ubuntu/.local/lib/python3.10/site-packages/airflow/example_dags/example_trigger_controller_dag.py
[2024-01-29T20:11:17.796+0100] {logging_mixin.py:188} INFO - [2024-01-29T20:11:17.796+0100] {dag.py:3033} INFO - Sync 1 DAGs
[2024-01-29T20:11:17.814+0100] {logging_mixin.py:188} INFO - [2024-01-29T20:11:17.813+0100] {dag.py:3820} INFO - Setting next_dagrun for example_trigger_controller_dag to 2021-01-01T00:00:00+00:00, run_after=2021-01-01T00:00:00+00:00
[2024-01-29T20:11:17.857+0100] {processor.py:183} INFO - Processing /home/ubuntu/.local/lib/python3.10/site-packages/airflow/example_dags/example_trigger_controller_dag.py took 0.087 seconds
[2024-01-29T20:12:13.783+0100] {processor.py:161} INFO - Started process (PID=9077) to work on /home/ubuntu/.local/lib/python3.10/site-packages/airflow/example_dags/example_trigger_controller_dag.py
[2024-01-29T20:12:13.785+0100] {processor.py:830} INFO - Processing file /home/ubuntu/.local/lib/python3.10/site-packages/airflow/example_dags/example_trigger_controller_dag.py for tasks to queue
[2024-01-29T20:12:13.787+0100] {logging_mixin.py:188} INFO - [2024-01-29T20:12:13.786+0100] {dagbag.py:538} INFO - Filling up the DagBag from /home/ubuntu/.local/lib/python3.10/site-packages/airflow/example_dags/example_trigger_controller_dag.py
[2024-01-29T20:12:13.793+0100] {processor.py:840} INFO - DAG(s) 'example_trigger_controller_dag' retrieved from /home/ubuntu/.local/lib/python3.10/site-packages/airflow/example_dags/example_trigger_controller_dag.py
[2024-01-29T20:12:13.815+0100] {logging_mixin.py:188} INFO - [2024-01-29T20:12:13.815+0100] {dag.py:3033} INFO - Sync 1 DAGs
[2024-01-29T20:12:13.847+0100] {logging_mixin.py:188} INFO - [2024-01-29T20:12:13.846+0100] {dag.py:3820} INFO - Setting next_dagrun for example_trigger_controller_dag to 2021-01-01T00:00:00+00:00, run_after=2021-01-01T00:00:00+00:00
[2024-01-29T20:12:13.887+0100] {processor.py:183} INFO - Processing /home/ubuntu/.local/lib/python3.10/site-packages/airflow/example_dags/example_trigger_controller_dag.py took 0.109 seconds
[2024-01-29T20:13:35.020+0100] {processor.py:161} INFO - Started process (PID=9199) to work on /home/ubuntu/.local/lib/python3.10/site-packages/airflow/example_dags/example_trigger_controller_dag.py
[2024-01-29T20:13:35.024+0100] {processor.py:830} INFO - Processing file /home/ubuntu/.local/lib/python3.10/site-packages/airflow/example_dags/example_trigger_controller_dag.py for tasks to queue
[2024-01-29T20:13:35.025+0100] {logging_mixin.py:188} INFO - [2024-01-29T20:13:35.025+0100] {dagbag.py:538} INFO - Filling up the DagBag from /home/ubuntu/.local/lib/python3.10/site-packages/airflow/example_dags/example_trigger_controller_dag.py
[2024-01-29T20:13:35.038+0100] {processor.py:840} INFO - DAG(s) 'example_trigger_controller_dag' retrieved from /home/ubuntu/.local/lib/python3.10/site-packages/airflow/example_dags/example_trigger_controller_dag.py
[2024-01-29T20:13:35.067+0100] {logging_mixin.py:188} INFO - [2024-01-29T20:13:35.067+0100] {dag.py:3033} INFO - Sync 1 DAGs
[2024-01-29T20:13:35.115+0100] {logging_mixin.py:188} INFO - [2024-01-29T20:13:35.115+0100] {dag.py:3820} INFO - Setting next_dagrun for example_trigger_controller_dag to 2021-01-01T00:00:00+00:00, run_after=2021-01-01T00:00:00+00:00
[2024-01-29T20:13:35.226+0100] {processor.py:183} INFO - Processing /home/ubuntu/.local/lib/python3.10/site-packages/airflow/example_dags/example_trigger_controller_dag.py took 0.211 seconds
[2024-01-29T20:14:17.740+0100] {processor.py:161} INFO - Started process (PID=9247) to work on /home/ubuntu/.local/lib/python3.10/site-packages/airflow/example_dags/example_trigger_controller_dag.py
[2024-01-29T20:14:17.743+0100] {processor.py:830} INFO - Processing file /home/ubuntu/.local/lib/python3.10/site-packages/airflow/example_dags/example_trigger_controller_dag.py for tasks to queue
[2024-01-29T20:14:17.744+0100] {logging_mixin.py:188} INFO - [2024-01-29T20:14:17.744+0100] {dagbag.py:538} INFO - Filling up the DagBag from /home/ubuntu/.local/lib/python3.10/site-packages/airflow/example_dags/example_trigger_controller_dag.py
[2024-01-29T20:14:17.751+0100] {processor.py:840} INFO - DAG(s) 'example_trigger_controller_dag' retrieved from /home/ubuntu/.local/lib/python3.10/site-packages/airflow/example_dags/example_trigger_controller_dag.py
[2024-01-29T20:14:17.768+0100] {logging_mixin.py:188} INFO - [2024-01-29T20:14:17.768+0100] {dag.py:3033} INFO - Sync 1 DAGs
[2024-01-29T20:14:17.791+0100] {logging_mixin.py:188} INFO - [2024-01-29T20:14:17.791+0100] {dag.py:3820} INFO - Setting next_dagrun for example_trigger_controller_dag to 2021-01-01T00:00:00+00:00, run_after=2021-01-01T00:00:00+00:00
[2024-01-29T20:14:17.819+0100] {processor.py:183} INFO - Processing /home/ubuntu/.local/lib/python3.10/site-packages/airflow/example_dags/example_trigger_controller_dag.py took 0.082 seconds
[2024-01-29T20:15:10.247+0100] {processor.py:161} INFO - Started process (PID=9305) to work on /home/ubuntu/.local/lib/python3.10/site-packages/airflow/example_dags/example_trigger_controller_dag.py
[2024-01-29T20:15:10.248+0100] {processor.py:830} INFO - Processing file /home/ubuntu/.local/lib/python3.10/site-packages/airflow/example_dags/example_trigger_controller_dag.py for tasks to queue
[2024-01-29T20:15:10.250+0100] {logging_mixin.py:188} INFO - [2024-01-29T20:15:10.249+0100] {dagbag.py:538} INFO - Filling up the DagBag from /home/ubuntu/.local/lib/python3.10/site-packages/airflow/example_dags/example_trigger_controller_dag.py
[2024-01-29T20:15:10.256+0100] {processor.py:840} INFO - DAG(s) 'example_trigger_controller_dag' retrieved from /home/ubuntu/.local/lib/python3.10/site-packages/airflow/example_dags/example_trigger_controller_dag.py
[2024-01-29T20:15:10.275+0100] {logging_mixin.py:188} INFO - [2024-01-29T20:15:10.274+0100] {dag.py:3033} INFO - Sync 1 DAGs
[2024-01-29T20:15:10.297+0100] {logging_mixin.py:188} INFO - [2024-01-29T20:15:10.296+0100] {dag.py:3820} INFO - Setting next_dagrun for example_trigger_controller_dag to 2021-01-01T00:00:00+00:00, run_after=2021-01-01T00:00:00+00:00
[2024-01-29T20:15:10.340+0100] {processor.py:183} INFO - Processing /home/ubuntu/.local/lib/python3.10/site-packages/airflow/example_dags/example_trigger_controller_dag.py took 0.102 seconds
[2024-01-29T20:15:56.267+0100] {processor.py:161} INFO - Started process (PID=9357) to work on /home/ubuntu/.local/lib/python3.10/site-packages/airflow/example_dags/example_trigger_controller_dag.py
[2024-01-29T20:15:56.269+0100] {processor.py:830} INFO - Processing file /home/ubuntu/.local/lib/python3.10/site-packages/airflow/example_dags/example_trigger_controller_dag.py for tasks to queue
[2024-01-29T20:15:56.270+0100] {logging_mixin.py:188} INFO - [2024-01-29T20:15:56.270+0100] {dagbag.py:538} INFO - Filling up the DagBag from /home/ubuntu/.local/lib/python3.10/site-packages/airflow/example_dags/example_trigger_controller_dag.py
[2024-01-29T20:15:56.276+0100] {processor.py:840} INFO - DAG(s) 'example_trigger_controller_dag' retrieved from /home/ubuntu/.local/lib/python3.10/site-packages/airflow/example_dags/example_trigger_controller_dag.py
[2024-01-29T20:15:56.293+0100] {logging_mixin.py:188} INFO - [2024-01-29T20:15:56.292+0100] {dag.py:3033} INFO - Sync 1 DAGs
[2024-01-29T20:15:56.321+0100] {logging_mixin.py:188} INFO - [2024-01-29T20:15:56.321+0100] {dag.py:3820} INFO - Setting next_dagrun for example_trigger_controller_dag to 2021-01-01T00:00:00+00:00, run_after=2021-01-01T00:00:00+00:00
[2024-01-29T20:15:56.353+0100] {processor.py:183} INFO - Processing /home/ubuntu/.local/lib/python3.10/site-packages/airflow/example_dags/example_trigger_controller_dag.py took 0.089 seconds
[2024-01-29T20:16:41.497+0100] {processor.py:161} INFO - Started process (PID=9406) to work on /home/ubuntu/.local/lib/python3.10/site-packages/airflow/example_dags/example_trigger_controller_dag.py
[2024-01-29T20:16:41.499+0100] {processor.py:830} INFO - Processing file /home/ubuntu/.local/lib/python3.10/site-packages/airflow/example_dags/example_trigger_controller_dag.py for tasks to queue
[2024-01-29T20:16:41.500+0100] {logging_mixin.py:188} INFO - [2024-01-29T20:16:41.500+0100] {dagbag.py:538} INFO - Filling up the DagBag from /home/ubuntu/.local/lib/python3.10/site-packages/airflow/example_dags/example_trigger_controller_dag.py
[2024-01-29T20:16:41.505+0100] {processor.py:840} INFO - DAG(s) 'example_trigger_controller_dag' retrieved from /home/ubuntu/.local/lib/python3.10/site-packages/airflow/example_dags/example_trigger_controller_dag.py
[2024-01-29T20:16:41.521+0100] {logging_mixin.py:188} INFO - [2024-01-29T20:16:41.521+0100] {dag.py:3033} INFO - Sync 1 DAGs
[2024-01-29T20:16:41.542+0100] {logging_mixin.py:188} INFO - [2024-01-29T20:16:41.542+0100] {dag.py:3820} INFO - Setting next_dagrun for example_trigger_controller_dag to 2021-01-01T00:00:00+00:00, run_after=2021-01-01T00:00:00+00:00
[2024-01-29T20:16:41.594+0100] {processor.py:183} INFO - Processing /home/ubuntu/.local/lib/python3.10/site-packages/airflow/example_dags/example_trigger_controller_dag.py took 0.101 seconds
[2024-01-29T20:17:31.169+0100] {processor.py:161} INFO - Started process (PID=9462) to work on /home/ubuntu/.local/lib/python3.10/site-packages/airflow/example_dags/example_trigger_controller_dag.py
[2024-01-29T20:17:31.171+0100] {processor.py:830} INFO - Processing file /home/ubuntu/.local/lib/python3.10/site-packages/airflow/example_dags/example_trigger_controller_dag.py for tasks to queue
[2024-01-29T20:17:31.172+0100] {logging_mixin.py:188} INFO - [2024-01-29T20:17:31.172+0100] {dagbag.py:538} INFO - Filling up the DagBag from /home/ubuntu/.local/lib/python3.10/site-packages/airflow/example_dags/example_trigger_controller_dag.py
[2024-01-29T20:17:31.178+0100] {processor.py:840} INFO - DAG(s) 'example_trigger_controller_dag' retrieved from /home/ubuntu/.local/lib/python3.10/site-packages/airflow/example_dags/example_trigger_controller_dag.py
[2024-01-29T20:17:31.201+0100] {logging_mixin.py:188} INFO - [2024-01-29T20:17:31.201+0100] {dag.py:3033} INFO - Sync 1 DAGs
[2024-01-29T20:17:31.234+0100] {logging_mixin.py:188} INFO - [2024-01-29T20:17:31.234+0100] {dag.py:3820} INFO - Setting next_dagrun for example_trigger_controller_dag to 2021-01-01T00:00:00+00:00, run_after=2021-01-01T00:00:00+00:00
[2024-01-29T20:17:31.269+0100] {processor.py:183} INFO - Processing /home/ubuntu/.local/lib/python3.10/site-packages/airflow/example_dags/example_trigger_controller_dag.py took 0.103 seconds
[2024-01-29T20:18:18.247+0100] {processor.py:161} INFO - Started process (PID=9514) to work on /home/ubuntu/.local/lib/python3.10/site-packages/airflow/example_dags/example_trigger_controller_dag.py
[2024-01-29T20:18:18.249+0100] {processor.py:830} INFO - Processing file /home/ubuntu/.local/lib/python3.10/site-packages/airflow/example_dags/example_trigger_controller_dag.py for tasks to queue
[2024-01-29T20:18:18.250+0100] {logging_mixin.py:188} INFO - [2024-01-29T20:18:18.249+0100] {dagbag.py:538} INFO - Filling up the DagBag from /home/ubuntu/.local/lib/python3.10/site-packages/airflow/example_dags/example_trigger_controller_dag.py
[2024-01-29T20:18:18.255+0100] {processor.py:840} INFO - DAG(s) 'example_trigger_controller_dag' retrieved from /home/ubuntu/.local/lib/python3.10/site-packages/airflow/example_dags/example_trigger_controller_dag.py
[2024-01-29T20:18:18.274+0100] {logging_mixin.py:188} INFO - [2024-01-29T20:18:18.274+0100] {dag.py:3033} INFO - Sync 1 DAGs
[2024-01-29T20:18:18.297+0100] {logging_mixin.py:188} INFO - [2024-01-29T20:18:18.297+0100] {dag.py:3820} INFO - Setting next_dagrun for example_trigger_controller_dag to 2021-01-01T00:00:00+00:00, run_after=2021-01-01T00:00:00+00:00
[2024-01-29T20:18:18.340+0100] {processor.py:183} INFO - Processing /home/ubuntu/.local/lib/python3.10/site-packages/airflow/example_dags/example_trigger_controller_dag.py took 0.097 seconds
[2024-01-29T20:19:01.945+0100] {processor.py:161} INFO - Started process (PID=9581) to work on /home/ubuntu/.local/lib/python3.10/site-packages/airflow/example_dags/example_trigger_controller_dag.py
[2024-01-29T20:19:01.947+0100] {processor.py:830} INFO - Processing file /home/ubuntu/.local/lib/python3.10/site-packages/airflow/example_dags/example_trigger_controller_dag.py for tasks to queue
[2024-01-29T20:19:01.948+0100] {logging_mixin.py:188} INFO - [2024-01-29T20:19:01.948+0100] {dagbag.py:538} INFO - Filling up the DagBag from /home/ubuntu/.local/lib/python3.10/site-packages/airflow/example_dags/example_trigger_controller_dag.py
[2024-01-29T20:19:01.956+0100] {processor.py:840} INFO - DAG(s) 'example_trigger_controller_dag' retrieved from /home/ubuntu/.local/lib/python3.10/site-packages/airflow/example_dags/example_trigger_controller_dag.py
[2024-01-29T20:19:01.974+0100] {logging_mixin.py:188} INFO - [2024-01-29T20:19:01.974+0100] {dag.py:3033} INFO - Sync 1 DAGs
[2024-01-29T20:19:01.998+0100] {logging_mixin.py:188} INFO - [2024-01-29T20:19:01.998+0100] {dag.py:3820} INFO - Setting next_dagrun for example_trigger_controller_dag to 2021-01-01T00:00:00+00:00, run_after=2021-01-01T00:00:00+00:00
[2024-01-29T20:19:02.033+0100] {processor.py:183} INFO - Processing /home/ubuntu/.local/lib/python3.10/site-packages/airflow/example_dags/example_trigger_controller_dag.py took 0.092 seconds
[2024-01-29T20:19:46.936+0100] {processor.py:161} INFO - Started process (PID=9635) to work on /home/ubuntu/.local/lib/python3.10/site-packages/airflow/example_dags/example_trigger_controller_dag.py
[2024-01-29T20:19:46.938+0100] {processor.py:830} INFO - Processing file /home/ubuntu/.local/lib/python3.10/site-packages/airflow/example_dags/example_trigger_controller_dag.py for tasks to queue
[2024-01-29T20:19:46.939+0100] {logging_mixin.py:188} INFO - [2024-01-29T20:19:46.939+0100] {dagbag.py:538} INFO - Filling up the DagBag from /home/ubuntu/.local/lib/python3.10/site-packages/airflow/example_dags/example_trigger_controller_dag.py
[2024-01-29T20:19:46.944+0100] {processor.py:840} INFO - DAG(s) 'example_trigger_controller_dag' retrieved from /home/ubuntu/.local/lib/python3.10/site-packages/airflow/example_dags/example_trigger_controller_dag.py
[2024-01-29T20:19:46.962+0100] {logging_mixin.py:188} INFO - [2024-01-29T20:19:46.962+0100] {dag.py:3033} INFO - Sync 1 DAGs
[2024-01-29T20:19:46.982+0100] {logging_mixin.py:188} INFO - [2024-01-29T20:19:46.982+0100] {dag.py:3820} INFO - Setting next_dagrun for example_trigger_controller_dag to 2021-01-01T00:00:00+00:00, run_after=2021-01-01T00:00:00+00:00
[2024-01-29T20:19:47.012+0100] {processor.py:183} INFO - Processing /home/ubuntu/.local/lib/python3.10/site-packages/airflow/example_dags/example_trigger_controller_dag.py took 0.080 seconds
[2024-01-29T20:20:27.342+0100] {processor.py:161} INFO - Started process (PID=9681) to work on /home/ubuntu/.local/lib/python3.10/site-packages/airflow/example_dags/example_trigger_controller_dag.py
[2024-01-29T20:20:27.344+0100] {processor.py:830} INFO - Processing file /home/ubuntu/.local/lib/python3.10/site-packages/airflow/example_dags/example_trigger_controller_dag.py for tasks to queue
[2024-01-29T20:20:27.345+0100] {logging_mixin.py:188} INFO - [2024-01-29T20:20:27.345+0100] {dagbag.py:538} INFO - Filling up the DagBag from /home/ubuntu/.local/lib/python3.10/site-packages/airflow/example_dags/example_trigger_controller_dag.py
[2024-01-29T20:20:27.350+0100] {processor.py:840} INFO - DAG(s) 'example_trigger_controller_dag' retrieved from /home/ubuntu/.local/lib/python3.10/site-packages/airflow/example_dags/example_trigger_controller_dag.py
[2024-01-29T20:20:27.367+0100] {logging_mixin.py:188} INFO - [2024-01-29T20:20:27.367+0100] {dag.py:3033} INFO - Sync 1 DAGs
[2024-01-29T20:20:27.387+0100] {logging_mixin.py:188} INFO - [2024-01-29T20:20:27.387+0100] {dag.py:3820} INFO - Setting next_dagrun for example_trigger_controller_dag to 2021-01-01T00:00:00+00:00, run_after=2021-01-01T00:00:00+00:00
[2024-01-29T20:20:27.418+0100] {processor.py:183} INFO - Processing /home/ubuntu/.local/lib/python3.10/site-packages/airflow/example_dags/example_trigger_controller_dag.py took 0.080 seconds
