[2024-01-29T19:53:59.397+0100] {processor.py:161} INFO - Started process (PID=7813) to work on /home/ubuntu/.local/lib/python3.10/site-packages/airflow/example_dags/example_subdag_operator.py
[2024-01-29T19:53:59.410+0100] {processor.py:830} INFO - Processing file /home/ubuntu/.local/lib/python3.10/site-packages/airflow/example_dags/example_subdag_operator.py for tasks to queue
[2024-01-29T19:53:59.427+0100] {logging_mixin.py:188} INFO - [2024-01-29T19:53:59.415+0100] {dagbag.py:538} INFO - Filling up the DagBag from /home/ubuntu/.local/lib/python3.10/site-packages/airflow/example_dags/example_subdag_operator.py
[2024-01-29T19:53:59.699+0100] {processor.py:840} INFO - DAG(s) 'example_subdag_operator.section-1', 'example_subdag_operator.section-2', 'example_subdag_operator' retrieved from /home/ubuntu/.local/lib/python3.10/site-packages/airflow/example_dags/example_subdag_operator.py
[2024-01-29T19:53:59.718+0100] {logging_mixin.py:188} INFO - [2024-01-29T19:53:59.718+0100] {dag.py:3033} INFO - Sync 3 DAGs
[2024-01-29T19:53:59.818+0100] {logging_mixin.py:188} INFO - [2024-01-29T19:53:59.818+0100] {dag.py:3820} INFO - Setting next_dagrun for example_subdag_operator to 2022-01-01T00:00:00+00:00, run_after=2022-01-01T00:00:00+00:00
[2024-01-29T19:53:59.827+0100] {logging_mixin.py:188} INFO - [2024-01-29T19:53:59.826+0100] {dag.py:3820} INFO - Setting next_dagrun for example_subdag_operator.section-1 to None, run_after=None
[2024-01-29T19:53:59.827+0100] {logging_mixin.py:188} INFO - [2024-01-29T19:53:59.827+0100] {dag.py:3820} INFO - Setting next_dagrun for example_subdag_operator.section-2 to None, run_after=None
[2024-01-29T19:53:59.867+0100] {logging_mixin.py:188} INFO - [2024-01-29T19:53:59.867+0100] {dag.py:3033} INFO - Sync 2 DAGs
[2024-01-29T19:54:00.005+0100] {logging_mixin.py:188} INFO - [2024-01-29T19:54:00.004+0100] {dag.py:3820} INFO - Setting next_dagrun for example_subdag_operator.section-1 to None, run_after=None
[2024-01-29T19:54:00.005+0100] {logging_mixin.py:188} INFO - [2024-01-29T19:54:00.005+0100] {dag.py:3820} INFO - Setting next_dagrun for example_subdag_operator.section-2 to None, run_after=None
[2024-01-29T19:54:00.592+0100] {processor.py:183} INFO - Processing /home/ubuntu/.local/lib/python3.10/site-packages/airflow/example_dags/example_subdag_operator.py took 1.338 seconds
[2024-01-29T19:55:22.628+0100] {processor.py:161} INFO - Started process (PID=7924) to work on /home/ubuntu/.local/lib/python3.10/site-packages/airflow/example_dags/example_subdag_operator.py
[2024-01-29T19:55:22.631+0100] {processor.py:830} INFO - Processing file /home/ubuntu/.local/lib/python3.10/site-packages/airflow/example_dags/example_subdag_operator.py for tasks to queue
[2024-01-29T19:55:22.632+0100] {logging_mixin.py:188} INFO - [2024-01-29T19:55:22.632+0100] {dagbag.py:538} INFO - Filling up the DagBag from /home/ubuntu/.local/lib/python3.10/site-packages/airflow/example_dags/example_subdag_operator.py
[2024-01-29T19:55:22.658+0100] {processor.py:840} INFO - DAG(s) 'example_subdag_operator.section-1', 'example_subdag_operator.section-2', 'example_subdag_operator' retrieved from /home/ubuntu/.local/lib/python3.10/site-packages/airflow/example_dags/example_subdag_operator.py
[2024-01-29T19:55:22.819+0100] {logging_mixin.py:188} INFO - [2024-01-29T19:55:22.818+0100] {dag.py:3033} INFO - Sync 3 DAGs
[2024-01-29T19:55:22.856+0100] {logging_mixin.py:188} INFO - [2024-01-29T19:55:22.856+0100] {dag.py:3820} INFO - Setting next_dagrun for example_subdag_operator to 2022-01-01T00:00:00+00:00, run_after=2022-01-01T00:00:00+00:00
[2024-01-29T19:55:22.862+0100] {logging_mixin.py:188} INFO - [2024-01-29T19:55:22.862+0100] {dag.py:3820} INFO - Setting next_dagrun for example_subdag_operator.section-1 to None, run_after=None
[2024-01-29T19:55:22.864+0100] {logging_mixin.py:188} INFO - [2024-01-29T19:55:22.864+0100] {dag.py:3820} INFO - Setting next_dagrun for example_subdag_operator.section-2 to None, run_after=None
[2024-01-29T19:55:22.898+0100] {logging_mixin.py:188} INFO - [2024-01-29T19:55:22.897+0100] {dag.py:3033} INFO - Sync 2 DAGs
[2024-01-29T19:55:22.905+0100] {logging_mixin.py:188} INFO - [2024-01-29T19:55:22.905+0100] {dag.py:3820} INFO - Setting next_dagrun for example_subdag_operator.section-1 to None, run_after=None
[2024-01-29T19:55:22.906+0100] {logging_mixin.py:188} INFO - [2024-01-29T19:55:22.905+0100] {dag.py:3820} INFO - Setting next_dagrun for example_subdag_operator.section-2 to None, run_after=None
[2024-01-29T19:55:22.941+0100] {processor.py:183} INFO - Processing /home/ubuntu/.local/lib/python3.10/site-packages/airflow/example_dags/example_subdag_operator.py took 0.317 seconds
[2024-01-29T19:56:44.082+0100] {processor.py:161} INFO - Started process (PID=8003) to work on /home/ubuntu/.local/lib/python3.10/site-packages/airflow/example_dags/example_subdag_operator.py
[2024-01-29T19:56:44.084+0100] {processor.py:830} INFO - Processing file /home/ubuntu/.local/lib/python3.10/site-packages/airflow/example_dags/example_subdag_operator.py for tasks to queue
[2024-01-29T19:56:44.085+0100] {logging_mixin.py:188} INFO - [2024-01-29T19:56:44.085+0100] {dagbag.py:538} INFO - Filling up the DagBag from /home/ubuntu/.local/lib/python3.10/site-packages/airflow/example_dags/example_subdag_operator.py
[2024-01-29T19:56:44.113+0100] {processor.py:840} INFO - DAG(s) 'example_subdag_operator.section-1', 'example_subdag_operator.section-2', 'example_subdag_operator' retrieved from /home/ubuntu/.local/lib/python3.10/site-packages/airflow/example_dags/example_subdag_operator.py
[2024-01-29T19:56:44.134+0100] {logging_mixin.py:188} INFO - [2024-01-29T19:56:44.134+0100] {dag.py:3033} INFO - Sync 3 DAGs
[2024-01-29T19:56:44.154+0100] {logging_mixin.py:188} INFO - [2024-01-29T19:56:44.154+0100] {dag.py:3820} INFO - Setting next_dagrun for example_subdag_operator to 2022-01-01T00:00:00+00:00, run_after=2022-01-01T00:00:00+00:00
[2024-01-29T19:56:44.158+0100] {logging_mixin.py:188} INFO - [2024-01-29T19:56:44.158+0100] {dag.py:3820} INFO - Setting next_dagrun for example_subdag_operator.section-1 to None, run_after=None
[2024-01-29T19:56:44.159+0100] {logging_mixin.py:188} INFO - [2024-01-29T19:56:44.159+0100] {dag.py:3820} INFO - Setting next_dagrun for example_subdag_operator.section-2 to None, run_after=None
[2024-01-29T19:56:44.167+0100] {logging_mixin.py:188} INFO - [2024-01-29T19:56:44.167+0100] {dag.py:3033} INFO - Sync 2 DAGs
[2024-01-29T19:56:44.172+0100] {logging_mixin.py:188} INFO - [2024-01-29T19:56:44.171+0100] {dag.py:3820} INFO - Setting next_dagrun for example_subdag_operator.section-1 to None, run_after=None
[2024-01-29T19:56:44.172+0100] {logging_mixin.py:188} INFO - [2024-01-29T19:56:44.172+0100] {dag.py:3820} INFO - Setting next_dagrun for example_subdag_operator.section-2 to None, run_after=None
[2024-01-29T19:56:44.199+0100] {processor.py:183} INFO - Processing /home/ubuntu/.local/lib/python3.10/site-packages/airflow/example_dags/example_subdag_operator.py took 0.120 seconds
[2024-01-29T19:57:27.137+0100] {processor.py:161} INFO - Started process (PID=8045) to work on /home/ubuntu/.local/lib/python3.10/site-packages/airflow/example_dags/example_subdag_operator.py
[2024-01-29T19:57:27.139+0100] {processor.py:830} INFO - Processing file /home/ubuntu/.local/lib/python3.10/site-packages/airflow/example_dags/example_subdag_operator.py for tasks to queue
[2024-01-29T19:57:27.140+0100] {logging_mixin.py:188} INFO - [2024-01-29T19:57:27.140+0100] {dagbag.py:538} INFO - Filling up the DagBag from /home/ubuntu/.local/lib/python3.10/site-packages/airflow/example_dags/example_subdag_operator.py
[2024-01-29T19:57:27.161+0100] {processor.py:840} INFO - DAG(s) 'example_subdag_operator.section-1', 'example_subdag_operator.section-2', 'example_subdag_operator' retrieved from /home/ubuntu/.local/lib/python3.10/site-packages/airflow/example_dags/example_subdag_operator.py
[2024-01-29T19:57:27.186+0100] {logging_mixin.py:188} INFO - [2024-01-29T19:57:27.185+0100] {dag.py:3033} INFO - Sync 3 DAGs
[2024-01-29T19:57:27.217+0100] {logging_mixin.py:188} INFO - [2024-01-29T19:57:27.216+0100] {dag.py:3820} INFO - Setting next_dagrun for example_subdag_operator to 2022-01-01T00:00:00+00:00, run_after=2022-01-01T00:00:00+00:00
[2024-01-29T19:57:27.219+0100] {logging_mixin.py:188} INFO - [2024-01-29T19:57:27.219+0100] {dag.py:3820} INFO - Setting next_dagrun for example_subdag_operator.section-1 to None, run_after=None
[2024-01-29T19:57:27.220+0100] {logging_mixin.py:188} INFO - [2024-01-29T19:57:27.220+0100] {dag.py:3820} INFO - Setting next_dagrun for example_subdag_operator.section-2 to None, run_after=None
[2024-01-29T19:57:27.227+0100] {logging_mixin.py:188} INFO - [2024-01-29T19:57:27.227+0100] {dag.py:3033} INFO - Sync 2 DAGs
[2024-01-29T19:57:27.232+0100] {logging_mixin.py:188} INFO - [2024-01-29T19:57:27.232+0100] {dag.py:3820} INFO - Setting next_dagrun for example_subdag_operator.section-1 to None, run_after=None
[2024-01-29T19:57:27.233+0100] {logging_mixin.py:188} INFO - [2024-01-29T19:57:27.233+0100] {dag.py:3820} INFO - Setting next_dagrun for example_subdag_operator.section-2 to None, run_after=None
[2024-01-29T19:57:27.266+0100] {processor.py:183} INFO - Processing /home/ubuntu/.local/lib/python3.10/site-packages/airflow/example_dags/example_subdag_operator.py took 0.132 seconds
[2024-01-29T19:58:19.768+0100] {processor.py:161} INFO - Started process (PID=8105) to work on /home/ubuntu/.local/lib/python3.10/site-packages/airflow/example_dags/example_subdag_operator.py
[2024-01-29T19:58:19.770+0100] {processor.py:830} INFO - Processing file /home/ubuntu/.local/lib/python3.10/site-packages/airflow/example_dags/example_subdag_operator.py for tasks to queue
[2024-01-29T19:58:19.771+0100] {logging_mixin.py:188} INFO - [2024-01-29T19:58:19.771+0100] {dagbag.py:538} INFO - Filling up the DagBag from /home/ubuntu/.local/lib/python3.10/site-packages/airflow/example_dags/example_subdag_operator.py
[2024-01-29T19:58:19.795+0100] {processor.py:840} INFO - DAG(s) 'example_subdag_operator.section-1', 'example_subdag_operator.section-2', 'example_subdag_operator' retrieved from /home/ubuntu/.local/lib/python3.10/site-packages/airflow/example_dags/example_subdag_operator.py
[2024-01-29T19:58:19.811+0100] {logging_mixin.py:188} INFO - [2024-01-29T19:58:19.811+0100] {dag.py:3033} INFO - Sync 3 DAGs
[2024-01-29T19:58:19.833+0100] {logging_mixin.py:188} INFO - [2024-01-29T19:58:19.833+0100] {dag.py:3820} INFO - Setting next_dagrun for example_subdag_operator to 2022-01-01T00:00:00+00:00, run_after=2022-01-01T00:00:00+00:00
[2024-01-29T19:58:19.837+0100] {logging_mixin.py:188} INFO - [2024-01-29T19:58:19.837+0100] {dag.py:3820} INFO - Setting next_dagrun for example_subdag_operator.section-1 to None, run_after=None
[2024-01-29T19:58:19.839+0100] {logging_mixin.py:188} INFO - [2024-01-29T19:58:19.838+0100] {dag.py:3820} INFO - Setting next_dagrun for example_subdag_operator.section-2 to None, run_after=None
[2024-01-29T19:58:19.847+0100] {logging_mixin.py:188} INFO - [2024-01-29T19:58:19.847+0100] {dag.py:3033} INFO - Sync 2 DAGs
[2024-01-29T19:58:19.852+0100] {logging_mixin.py:188} INFO - [2024-01-29T19:58:19.851+0100] {dag.py:3820} INFO - Setting next_dagrun for example_subdag_operator.section-1 to None, run_after=None
[2024-01-29T19:58:19.852+0100] {logging_mixin.py:188} INFO - [2024-01-29T19:58:19.852+0100] {dag.py:3820} INFO - Setting next_dagrun for example_subdag_operator.section-2 to None, run_after=None
[2024-01-29T19:58:19.873+0100] {processor.py:183} INFO - Processing /home/ubuntu/.local/lib/python3.10/site-packages/airflow/example_dags/example_subdag_operator.py took 0.110 seconds
[2024-01-29T19:59:05.132+0100] {processor.py:161} INFO - Started process (PID=8158) to work on /home/ubuntu/.local/lib/python3.10/site-packages/airflow/example_dags/example_subdag_operator.py
[2024-01-29T19:59:05.134+0100] {processor.py:830} INFO - Processing file /home/ubuntu/.local/lib/python3.10/site-packages/airflow/example_dags/example_subdag_operator.py for tasks to queue
[2024-01-29T19:59:05.135+0100] {logging_mixin.py:188} INFO - [2024-01-29T19:59:05.135+0100] {dagbag.py:538} INFO - Filling up the DagBag from /home/ubuntu/.local/lib/python3.10/site-packages/airflow/example_dags/example_subdag_operator.py
[2024-01-29T19:59:05.153+0100] {processor.py:840} INFO - DAG(s) 'example_subdag_operator.section-1', 'example_subdag_operator.section-2', 'example_subdag_operator' retrieved from /home/ubuntu/.local/lib/python3.10/site-packages/airflow/example_dags/example_subdag_operator.py
[2024-01-29T19:59:05.172+0100] {logging_mixin.py:188} INFO - [2024-01-29T19:59:05.172+0100] {dag.py:3033} INFO - Sync 3 DAGs
[2024-01-29T19:59:05.202+0100] {logging_mixin.py:188} INFO - [2024-01-29T19:59:05.202+0100] {dag.py:3820} INFO - Setting next_dagrun for example_subdag_operator to 2022-01-01T00:00:00+00:00, run_after=2022-01-01T00:00:00+00:00
[2024-01-29T19:59:05.206+0100] {logging_mixin.py:188} INFO - [2024-01-29T19:59:05.206+0100] {dag.py:3820} INFO - Setting next_dagrun for example_subdag_operator.section-1 to None, run_after=None
[2024-01-29T19:59:05.208+0100] {logging_mixin.py:188} INFO - [2024-01-29T19:59:05.208+0100] {dag.py:3820} INFO - Setting next_dagrun for example_subdag_operator.section-2 to None, run_after=None
[2024-01-29T19:59:05.219+0100] {logging_mixin.py:188} INFO - [2024-01-29T19:59:05.219+0100] {dag.py:3033} INFO - Sync 2 DAGs
[2024-01-29T19:59:05.223+0100] {logging_mixin.py:188} INFO - [2024-01-29T19:59:05.223+0100] {dag.py:3820} INFO - Setting next_dagrun for example_subdag_operator.section-1 to None, run_after=None
[2024-01-29T19:59:05.223+0100] {logging_mixin.py:188} INFO - [2024-01-29T19:59:05.223+0100] {dag.py:3820} INFO - Setting next_dagrun for example_subdag_operator.section-2 to None, run_after=None
[2024-01-29T19:59:05.244+0100] {processor.py:183} INFO - Processing /home/ubuntu/.local/lib/python3.10/site-packages/airflow/example_dags/example_subdag_operator.py took 0.117 seconds
[2024-01-29T19:59:52.741+0100] {processor.py:161} INFO - Started process (PID=8222) to work on /home/ubuntu/.local/lib/python3.10/site-packages/airflow/example_dags/example_subdag_operator.py
[2024-01-29T19:59:52.764+0100] {processor.py:830} INFO - Processing file /home/ubuntu/.local/lib/python3.10/site-packages/airflow/example_dags/example_subdag_operator.py for tasks to queue
[2024-01-29T19:59:52.769+0100] {logging_mixin.py:188} INFO - [2024-01-29T19:59:52.765+0100] {dagbag.py:538} INFO - Filling up the DagBag from /home/ubuntu/.local/lib/python3.10/site-packages/airflow/example_dags/example_subdag_operator.py
[2024-01-29T19:59:52.901+0100] {processor.py:840} INFO - DAG(s) 'example_subdag_operator.section-1', 'example_subdag_operator.section-2', 'example_subdag_operator' retrieved from /home/ubuntu/.local/lib/python3.10/site-packages/airflow/example_dags/example_subdag_operator.py
[2024-01-29T19:59:52.978+0100] {logging_mixin.py:188} INFO - [2024-01-29T19:59:52.978+0100] {dag.py:3033} INFO - Sync 3 DAGs
[2024-01-29T19:59:53.049+0100] {logging_mixin.py:188} INFO - [2024-01-29T19:59:53.049+0100] {dag.py:3820} INFO - Setting next_dagrun for example_subdag_operator to 2022-01-01T00:00:00+00:00, run_after=2022-01-01T00:00:00+00:00
[2024-01-29T19:59:53.066+0100] {logging_mixin.py:188} INFO - [2024-01-29T19:59:53.066+0100] {dag.py:3820} INFO - Setting next_dagrun for example_subdag_operator.section-1 to None, run_after=None
[2024-01-29T19:59:53.078+0100] {logging_mixin.py:188} INFO - [2024-01-29T19:59:53.078+0100] {dag.py:3820} INFO - Setting next_dagrun for example_subdag_operator.section-2 to None, run_after=None
[2024-01-29T19:59:53.107+0100] {logging_mixin.py:188} INFO - [2024-01-29T19:59:53.106+0100] {dag.py:3033} INFO - Sync 2 DAGs
[2024-01-29T19:59:53.129+0100] {logging_mixin.py:188} INFO - [2024-01-29T19:59:53.129+0100] {dag.py:3820} INFO - Setting next_dagrun for example_subdag_operator.section-1 to None, run_after=None
[2024-01-29T19:59:53.129+0100] {logging_mixin.py:188} INFO - [2024-01-29T19:59:53.129+0100] {dag.py:3820} INFO - Setting next_dagrun for example_subdag_operator.section-2 to None, run_after=None
[2024-01-29T19:59:53.452+0100] {processor.py:183} INFO - Processing /home/ubuntu/.local/lib/python3.10/site-packages/airflow/example_dags/example_subdag_operator.py took 0.743 seconds
[2024-01-29T20:01:12.447+0100] {processor.py:161} INFO - Started process (PID=8291) to work on /home/ubuntu/.local/lib/python3.10/site-packages/airflow/example_dags/example_subdag_operator.py
[2024-01-29T20:01:12.449+0100] {processor.py:830} INFO - Processing file /home/ubuntu/.local/lib/python3.10/site-packages/airflow/example_dags/example_subdag_operator.py for tasks to queue
[2024-01-29T20:01:12.450+0100] {logging_mixin.py:188} INFO - [2024-01-29T20:01:12.450+0100] {dagbag.py:538} INFO - Filling up the DagBag from /home/ubuntu/.local/lib/python3.10/site-packages/airflow/example_dags/example_subdag_operator.py
[2024-01-29T20:01:12.472+0100] {processor.py:840} INFO - DAG(s) 'example_subdag_operator.section-1', 'example_subdag_operator.section-2', 'example_subdag_operator' retrieved from /home/ubuntu/.local/lib/python3.10/site-packages/airflow/example_dags/example_subdag_operator.py
[2024-01-29T20:01:12.488+0100] {logging_mixin.py:188} INFO - [2024-01-29T20:01:12.487+0100] {dag.py:3033} INFO - Sync 3 DAGs
[2024-01-29T20:01:12.508+0100] {logging_mixin.py:188} INFO - [2024-01-29T20:01:12.507+0100] {dag.py:3820} INFO - Setting next_dagrun for example_subdag_operator to 2022-01-01T00:00:00+00:00, run_after=2022-01-01T00:00:00+00:00
[2024-01-29T20:01:12.511+0100] {logging_mixin.py:188} INFO - [2024-01-29T20:01:12.511+0100] {dag.py:3820} INFO - Setting next_dagrun for example_subdag_operator.section-1 to None, run_after=None
[2024-01-29T20:01:12.512+0100] {logging_mixin.py:188} INFO - [2024-01-29T20:01:12.512+0100] {dag.py:3820} INFO - Setting next_dagrun for example_subdag_operator.section-2 to None, run_after=None
[2024-01-29T20:01:12.519+0100] {logging_mixin.py:188} INFO - [2024-01-29T20:01:12.519+0100] {dag.py:3033} INFO - Sync 2 DAGs
[2024-01-29T20:01:12.524+0100] {logging_mixin.py:188} INFO - [2024-01-29T20:01:12.523+0100] {dag.py:3820} INFO - Setting next_dagrun for example_subdag_operator.section-1 to None, run_after=None
[2024-01-29T20:01:12.524+0100] {logging_mixin.py:188} INFO - [2024-01-29T20:01:12.524+0100] {dag.py:3820} INFO - Setting next_dagrun for example_subdag_operator.section-2 to None, run_after=None
[2024-01-29T20:01:12.548+0100] {processor.py:183} INFO - Processing /home/ubuntu/.local/lib/python3.10/site-packages/airflow/example_dags/example_subdag_operator.py took 0.104 seconds
[2024-01-29T20:01:59.245+0100] {processor.py:161} INFO - Started process (PID=8344) to work on /home/ubuntu/.local/lib/python3.10/site-packages/airflow/example_dags/example_subdag_operator.py
[2024-01-29T20:01:59.247+0100] {processor.py:830} INFO - Processing file /home/ubuntu/.local/lib/python3.10/site-packages/airflow/example_dags/example_subdag_operator.py for tasks to queue
[2024-01-29T20:01:59.248+0100] {logging_mixin.py:188} INFO - [2024-01-29T20:01:59.248+0100] {dagbag.py:538} INFO - Filling up the DagBag from /home/ubuntu/.local/lib/python3.10/site-packages/airflow/example_dags/example_subdag_operator.py
[2024-01-29T20:01:59.270+0100] {processor.py:840} INFO - DAG(s) 'example_subdag_operator.section-1', 'example_subdag_operator.section-2', 'example_subdag_operator' retrieved from /home/ubuntu/.local/lib/python3.10/site-packages/airflow/example_dags/example_subdag_operator.py
[2024-01-29T20:01:59.286+0100] {logging_mixin.py:188} INFO - [2024-01-29T20:01:59.285+0100] {dag.py:3033} INFO - Sync 3 DAGs
[2024-01-29T20:01:59.312+0100] {logging_mixin.py:188} INFO - [2024-01-29T20:01:59.312+0100] {dag.py:3820} INFO - Setting next_dagrun for example_subdag_operator to 2022-01-01T00:00:00+00:00, run_after=2022-01-01T00:00:00+00:00
[2024-01-29T20:01:59.315+0100] {logging_mixin.py:188} INFO - [2024-01-29T20:01:59.315+0100] {dag.py:3820} INFO - Setting next_dagrun for example_subdag_operator.section-1 to None, run_after=None
[2024-01-29T20:01:59.316+0100] {logging_mixin.py:188} INFO - [2024-01-29T20:01:59.316+0100] {dag.py:3820} INFO - Setting next_dagrun for example_subdag_operator.section-2 to None, run_after=None
[2024-01-29T20:01:59.323+0100] {logging_mixin.py:188} INFO - [2024-01-29T20:01:59.323+0100] {dag.py:3033} INFO - Sync 2 DAGs
[2024-01-29T20:01:59.327+0100] {logging_mixin.py:188} INFO - [2024-01-29T20:01:59.327+0100] {dag.py:3820} INFO - Setting next_dagrun for example_subdag_operator.section-1 to None, run_after=None
[2024-01-29T20:01:59.328+0100] {logging_mixin.py:188} INFO - [2024-01-29T20:01:59.328+0100] {dag.py:3820} INFO - Setting next_dagrun for example_subdag_operator.section-2 to None, run_after=None
[2024-01-29T20:01:59.361+0100] {processor.py:183} INFO - Processing /home/ubuntu/.local/lib/python3.10/site-packages/airflow/example_dags/example_subdag_operator.py took 0.119 seconds
[2024-01-29T20:02:54.169+0100] {processor.py:161} INFO - Started process (PID=8439) to work on /home/ubuntu/.local/lib/python3.10/site-packages/airflow/example_dags/example_subdag_operator.py
[2024-01-29T20:02:54.171+0100] {processor.py:830} INFO - Processing file /home/ubuntu/.local/lib/python3.10/site-packages/airflow/example_dags/example_subdag_operator.py for tasks to queue
[2024-01-29T20:02:54.172+0100] {logging_mixin.py:188} INFO - [2024-01-29T20:02:54.172+0100] {dagbag.py:538} INFO - Filling up the DagBag from /home/ubuntu/.local/lib/python3.10/site-packages/airflow/example_dags/example_subdag_operator.py
[2024-01-29T20:02:54.197+0100] {processor.py:840} INFO - DAG(s) 'example_subdag_operator.section-1', 'example_subdag_operator.section-2', 'example_subdag_operator' retrieved from /home/ubuntu/.local/lib/python3.10/site-packages/airflow/example_dags/example_subdag_operator.py
[2024-01-29T20:02:54.214+0100] {logging_mixin.py:188} INFO - [2024-01-29T20:02:54.214+0100] {dag.py:3033} INFO - Sync 3 DAGs
[2024-01-29T20:02:54.235+0100] {logging_mixin.py:188} INFO - [2024-01-29T20:02:54.235+0100] {dag.py:3820} INFO - Setting next_dagrun for example_subdag_operator to 2022-01-01T00:00:00+00:00, run_after=2022-01-01T00:00:00+00:00
[2024-01-29T20:02:54.238+0100] {logging_mixin.py:188} INFO - [2024-01-29T20:02:54.238+0100] {dag.py:3820} INFO - Setting next_dagrun for example_subdag_operator.section-1 to None, run_after=None
[2024-01-29T20:02:54.239+0100] {logging_mixin.py:188} INFO - [2024-01-29T20:02:54.238+0100] {dag.py:3820} INFO - Setting next_dagrun for example_subdag_operator.section-2 to None, run_after=None
[2024-01-29T20:02:54.245+0100] {logging_mixin.py:188} INFO - [2024-01-29T20:02:54.245+0100] {dag.py:3033} INFO - Sync 2 DAGs
[2024-01-29T20:02:54.249+0100] {logging_mixin.py:188} INFO - [2024-01-29T20:02:54.249+0100] {dag.py:3820} INFO - Setting next_dagrun for example_subdag_operator.section-1 to None, run_after=None
[2024-01-29T20:02:54.249+0100] {logging_mixin.py:188} INFO - [2024-01-29T20:02:54.249+0100] {dag.py:3820} INFO - Setting next_dagrun for example_subdag_operator.section-2 to None, run_after=None
[2024-01-29T20:02:54.274+0100] {processor.py:183} INFO - Processing /home/ubuntu/.local/lib/python3.10/site-packages/airflow/example_dags/example_subdag_operator.py took 0.109 seconds
[2024-01-29T20:03:45.958+0100] {processor.py:161} INFO - Started process (PID=8497) to work on /home/ubuntu/.local/lib/python3.10/site-packages/airflow/example_dags/example_subdag_operator.py
[2024-01-29T20:03:45.960+0100] {processor.py:830} INFO - Processing file /home/ubuntu/.local/lib/python3.10/site-packages/airflow/example_dags/example_subdag_operator.py for tasks to queue
[2024-01-29T20:03:45.961+0100] {logging_mixin.py:188} INFO - [2024-01-29T20:03:45.961+0100] {dagbag.py:538} INFO - Filling up the DagBag from /home/ubuntu/.local/lib/python3.10/site-packages/airflow/example_dags/example_subdag_operator.py
[2024-01-29T20:03:45.979+0100] {processor.py:840} INFO - DAG(s) 'example_subdag_operator.section-1', 'example_subdag_operator.section-2', 'example_subdag_operator' retrieved from /home/ubuntu/.local/lib/python3.10/site-packages/airflow/example_dags/example_subdag_operator.py
[2024-01-29T20:03:45.993+0100] {logging_mixin.py:188} INFO - [2024-01-29T20:03:45.993+0100] {dag.py:3033} INFO - Sync 3 DAGs
[2024-01-29T20:03:46.009+0100] {logging_mixin.py:188} INFO - [2024-01-29T20:03:46.009+0100] {dag.py:3820} INFO - Setting next_dagrun for example_subdag_operator to 2022-01-01T00:00:00+00:00, run_after=2022-01-01T00:00:00+00:00
[2024-01-29T20:03:46.012+0100] {logging_mixin.py:188} INFO - [2024-01-29T20:03:46.011+0100] {dag.py:3820} INFO - Setting next_dagrun for example_subdag_operator.section-1 to None, run_after=None
[2024-01-29T20:03:46.012+0100] {logging_mixin.py:188} INFO - [2024-01-29T20:03:46.012+0100] {dag.py:3820} INFO - Setting next_dagrun for example_subdag_operator.section-2 to None, run_after=None
[2024-01-29T20:03:46.021+0100] {logging_mixin.py:188} INFO - [2024-01-29T20:03:46.021+0100] {dag.py:3033} INFO - Sync 2 DAGs
[2024-01-29T20:03:46.025+0100] {logging_mixin.py:188} INFO - [2024-01-29T20:03:46.025+0100] {dag.py:3820} INFO - Setting next_dagrun for example_subdag_operator.section-1 to None, run_after=None
[2024-01-29T20:03:46.025+0100] {logging_mixin.py:188} INFO - [2024-01-29T20:03:46.025+0100] {dag.py:3820} INFO - Setting next_dagrun for example_subdag_operator.section-2 to None, run_after=None
[2024-01-29T20:03:46.056+0100] {processor.py:183} INFO - Processing /home/ubuntu/.local/lib/python3.10/site-packages/airflow/example_dags/example_subdag_operator.py took 0.101 seconds
[2024-01-29T20:04:31.489+0100] {processor.py:161} INFO - Started process (PID=8549) to work on /home/ubuntu/.local/lib/python3.10/site-packages/airflow/example_dags/example_subdag_operator.py
[2024-01-29T20:04:31.521+0100] {processor.py:830} INFO - Processing file /home/ubuntu/.local/lib/python3.10/site-packages/airflow/example_dags/example_subdag_operator.py for tasks to queue
[2024-01-29T20:04:31.522+0100] {logging_mixin.py:188} INFO - [2024-01-29T20:04:31.522+0100] {dagbag.py:538} INFO - Filling up the DagBag from /home/ubuntu/.local/lib/python3.10/site-packages/airflow/example_dags/example_subdag_operator.py
[2024-01-29T20:04:31.608+0100] {processor.py:840} INFO - DAG(s) 'example_subdag_operator.section-1', 'example_subdag_operator.section-2', 'example_subdag_operator' retrieved from /home/ubuntu/.local/lib/python3.10/site-packages/airflow/example_dags/example_subdag_operator.py
[2024-01-29T20:04:31.664+0100] {logging_mixin.py:188} INFO - [2024-01-29T20:04:31.664+0100] {dag.py:3033} INFO - Sync 3 DAGs
[2024-01-29T20:04:31.739+0100] {logging_mixin.py:188} INFO - [2024-01-29T20:04:31.738+0100] {dag.py:3820} INFO - Setting next_dagrun for example_subdag_operator to 2022-01-01T00:00:00+00:00, run_after=2022-01-01T00:00:00+00:00
[2024-01-29T20:04:31.745+0100] {logging_mixin.py:188} INFO - [2024-01-29T20:04:31.745+0100] {dag.py:3820} INFO - Setting next_dagrun for example_subdag_operator.section-1 to None, run_after=None
[2024-01-29T20:04:31.750+0100] {logging_mixin.py:188} INFO - [2024-01-29T20:04:31.750+0100] {dag.py:3820} INFO - Setting next_dagrun for example_subdag_operator.section-2 to None, run_after=None
[2024-01-29T20:04:31.789+0100] {logging_mixin.py:188} INFO - [2024-01-29T20:04:31.788+0100] {dag.py:3033} INFO - Sync 2 DAGs
[2024-01-29T20:04:31.803+0100] {logging_mixin.py:188} INFO - [2024-01-29T20:04:31.803+0100] {dag.py:3820} INFO - Setting next_dagrun for example_subdag_operator.section-1 to None, run_after=None
[2024-01-29T20:04:31.804+0100] {logging_mixin.py:188} INFO - [2024-01-29T20:04:31.804+0100] {dag.py:3820} INFO - Setting next_dagrun for example_subdag_operator.section-2 to None, run_after=None
[2024-01-29T20:04:32.071+0100] {processor.py:183} INFO - Processing /home/ubuntu/.local/lib/python3.10/site-packages/airflow/example_dags/example_subdag_operator.py took 0.622 seconds
[2024-01-29T20:05:42.243+0100] {processor.py:161} INFO - Started process (PID=8624) to work on /home/ubuntu/.local/lib/python3.10/site-packages/airflow/example_dags/example_subdag_operator.py
[2024-01-29T20:05:42.246+0100] {processor.py:830} INFO - Processing file /home/ubuntu/.local/lib/python3.10/site-packages/airflow/example_dags/example_subdag_operator.py for tasks to queue
[2024-01-29T20:05:42.248+0100] {logging_mixin.py:188} INFO - [2024-01-29T20:05:42.247+0100] {dagbag.py:538} INFO - Filling up the DagBag from /home/ubuntu/.local/lib/python3.10/site-packages/airflow/example_dags/example_subdag_operator.py
[2024-01-29T20:05:42.342+0100] {processor.py:840} INFO - DAG(s) 'example_subdag_operator.section-1', 'example_subdag_operator.section-2', 'example_subdag_operator' retrieved from /home/ubuntu/.local/lib/python3.10/site-packages/airflow/example_dags/example_subdag_operator.py
[2024-01-29T20:05:42.431+0100] {logging_mixin.py:188} INFO - [2024-01-29T20:05:42.431+0100] {dag.py:3033} INFO - Sync 3 DAGs
[2024-01-29T20:05:42.603+0100] {logging_mixin.py:188} INFO - [2024-01-29T20:05:42.595+0100] {dag.py:3820} INFO - Setting next_dagrun for example_subdag_operator to 2022-01-01T00:00:00+00:00, run_after=2022-01-01T00:00:00+00:00
[2024-01-29T20:05:42.613+0100] {logging_mixin.py:188} INFO - [2024-01-29T20:05:42.613+0100] {dag.py:3820} INFO - Setting next_dagrun for example_subdag_operator.section-1 to None, run_after=None
[2024-01-29T20:05:42.615+0100] {logging_mixin.py:188} INFO - [2024-01-29T20:05:42.615+0100] {dag.py:3820} INFO - Setting next_dagrun for example_subdag_operator.section-2 to None, run_after=None
[2024-01-29T20:05:42.789+0100] {logging_mixin.py:188} INFO - [2024-01-29T20:05:42.789+0100] {dag.py:3033} INFO - Sync 2 DAGs
[2024-01-29T20:05:42.808+0100] {logging_mixin.py:188} INFO - [2024-01-29T20:05:42.808+0100] {dag.py:3820} INFO - Setting next_dagrun for example_subdag_operator.section-1 to None, run_after=None
[2024-01-29T20:05:42.809+0100] {logging_mixin.py:188} INFO - [2024-01-29T20:05:42.809+0100] {dag.py:3820} INFO - Setting next_dagrun for example_subdag_operator.section-2 to None, run_after=None
[2024-01-29T20:05:43.038+0100] {processor.py:183} INFO - Processing /home/ubuntu/.local/lib/python3.10/site-packages/airflow/example_dags/example_subdag_operator.py took 0.804 seconds
[2024-01-29T20:07:00.660+0100] {processor.py:161} INFO - Started process (PID=8699) to work on /home/ubuntu/.local/lib/python3.10/site-packages/airflow/example_dags/example_subdag_operator.py
[2024-01-29T20:07:00.663+0100] {processor.py:830} INFO - Processing file /home/ubuntu/.local/lib/python3.10/site-packages/airflow/example_dags/example_subdag_operator.py for tasks to queue
[2024-01-29T20:07:00.666+0100] {logging_mixin.py:188} INFO - [2024-01-29T20:07:00.665+0100] {dagbag.py:538} INFO - Filling up the DagBag from /home/ubuntu/.local/lib/python3.10/site-packages/airflow/example_dags/example_subdag_operator.py
[2024-01-29T20:07:00.726+0100] {processor.py:840} INFO - DAG(s) 'example_subdag_operator.section-1', 'example_subdag_operator.section-2', 'example_subdag_operator' retrieved from /home/ubuntu/.local/lib/python3.10/site-packages/airflow/example_dags/example_subdag_operator.py
[2024-01-29T20:07:00.748+0100] {logging_mixin.py:188} INFO - [2024-01-29T20:07:00.747+0100] {dag.py:3033} INFO - Sync 3 DAGs
[2024-01-29T20:07:00.771+0100] {logging_mixin.py:188} INFO - [2024-01-29T20:07:00.770+0100] {dag.py:3820} INFO - Setting next_dagrun for example_subdag_operator to 2022-01-01T00:00:00+00:00, run_after=2022-01-01T00:00:00+00:00
[2024-01-29T20:07:00.775+0100] {logging_mixin.py:188} INFO - [2024-01-29T20:07:00.775+0100] {dag.py:3820} INFO - Setting next_dagrun for example_subdag_operator.section-1 to None, run_after=None
[2024-01-29T20:07:00.776+0100] {logging_mixin.py:188} INFO - [2024-01-29T20:07:00.776+0100] {dag.py:3820} INFO - Setting next_dagrun for example_subdag_operator.section-2 to None, run_after=None
[2024-01-29T20:07:00.785+0100] {logging_mixin.py:188} INFO - [2024-01-29T20:07:00.784+0100] {dag.py:3033} INFO - Sync 2 DAGs
[2024-01-29T20:07:00.788+0100] {logging_mixin.py:188} INFO - [2024-01-29T20:07:00.788+0100] {dag.py:3820} INFO - Setting next_dagrun for example_subdag_operator.section-1 to None, run_after=None
[2024-01-29T20:07:00.788+0100] {logging_mixin.py:188} INFO - [2024-01-29T20:07:00.788+0100] {dag.py:3820} INFO - Setting next_dagrun for example_subdag_operator.section-2 to None, run_after=None
[2024-01-29T20:07:00.811+0100] {processor.py:183} INFO - Processing /home/ubuntu/.local/lib/python3.10/site-packages/airflow/example_dags/example_subdag_operator.py took 0.158 seconds
[2024-01-29T20:08:01.947+0100] {processor.py:161} INFO - Started process (PID=8770) to work on /home/ubuntu/.local/lib/python3.10/site-packages/airflow/example_dags/example_subdag_operator.py
[2024-01-29T20:08:01.959+0100] {processor.py:830} INFO - Processing file /home/ubuntu/.local/lib/python3.10/site-packages/airflow/example_dags/example_subdag_operator.py for tasks to queue
[2024-01-29T20:08:01.959+0100] {logging_mixin.py:188} INFO - [2024-01-29T20:08:01.959+0100] {dagbag.py:538} INFO - Filling up the DagBag from /home/ubuntu/.local/lib/python3.10/site-packages/airflow/example_dags/example_subdag_operator.py
[2024-01-29T20:08:01.981+0100] {processor.py:840} INFO - DAG(s) 'example_subdag_operator.section-1', 'example_subdag_operator.section-2', 'example_subdag_operator' retrieved from /home/ubuntu/.local/lib/python3.10/site-packages/airflow/example_dags/example_subdag_operator.py
[2024-01-29T20:08:01.996+0100] {logging_mixin.py:188} INFO - [2024-01-29T20:08:01.996+0100] {dag.py:3033} INFO - Sync 3 DAGs
[2024-01-29T20:08:02.014+0100] {logging_mixin.py:188} INFO - [2024-01-29T20:08:02.014+0100] {dag.py:3820} INFO - Setting next_dagrun for example_subdag_operator to 2022-01-01T00:00:00+00:00, run_after=2022-01-01T00:00:00+00:00
[2024-01-29T20:08:02.017+0100] {logging_mixin.py:188} INFO - [2024-01-29T20:08:02.017+0100] {dag.py:3820} INFO - Setting next_dagrun for example_subdag_operator.section-1 to None, run_after=None
[2024-01-29T20:08:02.018+0100] {logging_mixin.py:188} INFO - [2024-01-29T20:08:02.018+0100] {dag.py:3820} INFO - Setting next_dagrun for example_subdag_operator.section-2 to None, run_after=None
[2024-01-29T20:08:02.026+0100] {logging_mixin.py:188} INFO - [2024-01-29T20:08:02.026+0100] {dag.py:3033} INFO - Sync 2 DAGs
[2024-01-29T20:08:02.030+0100] {logging_mixin.py:188} INFO - [2024-01-29T20:08:02.030+0100] {dag.py:3820} INFO - Setting next_dagrun for example_subdag_operator.section-1 to None, run_after=None
[2024-01-29T20:08:02.030+0100] {logging_mixin.py:188} INFO - [2024-01-29T20:08:02.030+0100] {dag.py:3820} INFO - Setting next_dagrun for example_subdag_operator.section-2 to None, run_after=None
[2024-01-29T20:08:02.062+0100] {processor.py:183} INFO - Processing /home/ubuntu/.local/lib/python3.10/site-packages/airflow/example_dags/example_subdag_operator.py took 0.118 seconds
[2024-01-29T20:08:51.614+0100] {processor.py:161} INFO - Started process (PID=8828) to work on /home/ubuntu/.local/lib/python3.10/site-packages/airflow/example_dags/example_subdag_operator.py
[2024-01-29T20:08:51.619+0100] {processor.py:830} INFO - Processing file /home/ubuntu/.local/lib/python3.10/site-packages/airflow/example_dags/example_subdag_operator.py for tasks to queue
[2024-01-29T20:08:51.620+0100] {logging_mixin.py:188} INFO - [2024-01-29T20:08:51.620+0100] {dagbag.py:538} INFO - Filling up the DagBag from /home/ubuntu/.local/lib/python3.10/site-packages/airflow/example_dags/example_subdag_operator.py
[2024-01-29T20:08:51.647+0100] {processor.py:840} INFO - DAG(s) 'example_subdag_operator.section-1', 'example_subdag_operator.section-2', 'example_subdag_operator' retrieved from /home/ubuntu/.local/lib/python3.10/site-packages/airflow/example_dags/example_subdag_operator.py
[2024-01-29T20:08:51.661+0100] {logging_mixin.py:188} INFO - [2024-01-29T20:08:51.661+0100] {dag.py:3033} INFO - Sync 3 DAGs
[2024-01-29T20:08:51.678+0100] {logging_mixin.py:188} INFO - [2024-01-29T20:08:51.678+0100] {dag.py:3820} INFO - Setting next_dagrun for example_subdag_operator to 2022-01-01T00:00:00+00:00, run_after=2022-01-01T00:00:00+00:00
[2024-01-29T20:08:51.681+0100] {logging_mixin.py:188} INFO - [2024-01-29T20:08:51.681+0100] {dag.py:3820} INFO - Setting next_dagrun for example_subdag_operator.section-1 to None, run_after=None
[2024-01-29T20:08:51.681+0100] {logging_mixin.py:188} INFO - [2024-01-29T20:08:51.681+0100] {dag.py:3820} INFO - Setting next_dagrun for example_subdag_operator.section-2 to None, run_after=None
[2024-01-29T20:08:51.689+0100] {logging_mixin.py:188} INFO - [2024-01-29T20:08:51.688+0100] {dag.py:3033} INFO - Sync 2 DAGs
[2024-01-29T20:08:51.692+0100] {logging_mixin.py:188} INFO - [2024-01-29T20:08:51.692+0100] {dag.py:3820} INFO - Setting next_dagrun for example_subdag_operator.section-1 to None, run_after=None
[2024-01-29T20:08:51.693+0100] {logging_mixin.py:188} INFO - [2024-01-29T20:08:51.693+0100] {dag.py:3820} INFO - Setting next_dagrun for example_subdag_operator.section-2 to None, run_after=None
[2024-01-29T20:08:51.722+0100] {processor.py:183} INFO - Processing /home/ubuntu/.local/lib/python3.10/site-packages/airflow/example_dags/example_subdag_operator.py took 0.113 seconds
[2024-01-29T20:09:34.814+0100] {processor.py:161} INFO - Started process (PID=8877) to work on /home/ubuntu/.local/lib/python3.10/site-packages/airflow/example_dags/example_subdag_operator.py
[2024-01-29T20:09:34.817+0100] {processor.py:830} INFO - Processing file /home/ubuntu/.local/lib/python3.10/site-packages/airflow/example_dags/example_subdag_operator.py for tasks to queue
[2024-01-29T20:09:34.818+0100] {logging_mixin.py:188} INFO - [2024-01-29T20:09:34.817+0100] {dagbag.py:538} INFO - Filling up the DagBag from /home/ubuntu/.local/lib/python3.10/site-packages/airflow/example_dags/example_subdag_operator.py
[2024-01-29T20:09:34.839+0100] {processor.py:840} INFO - DAG(s) 'example_subdag_operator.section-1', 'example_subdag_operator.section-2', 'example_subdag_operator' retrieved from /home/ubuntu/.local/lib/python3.10/site-packages/airflow/example_dags/example_subdag_operator.py
[2024-01-29T20:09:34.854+0100] {logging_mixin.py:188} INFO - [2024-01-29T20:09:34.854+0100] {dag.py:3033} INFO - Sync 3 DAGs
[2024-01-29T20:09:34.876+0100] {logging_mixin.py:188} INFO - [2024-01-29T20:09:34.875+0100] {dag.py:3820} INFO - Setting next_dagrun for example_subdag_operator to 2022-01-01T00:00:00+00:00, run_after=2022-01-01T00:00:00+00:00
[2024-01-29T20:09:34.879+0100] {logging_mixin.py:188} INFO - [2024-01-29T20:09:34.879+0100] {dag.py:3820} INFO - Setting next_dagrun for example_subdag_operator.section-1 to None, run_after=None
[2024-01-29T20:09:34.880+0100] {logging_mixin.py:188} INFO - [2024-01-29T20:09:34.880+0100] {dag.py:3820} INFO - Setting next_dagrun for example_subdag_operator.section-2 to None, run_after=None
[2024-01-29T20:09:34.887+0100] {logging_mixin.py:188} INFO - [2024-01-29T20:09:34.887+0100] {dag.py:3033} INFO - Sync 2 DAGs
[2024-01-29T20:09:34.891+0100] {logging_mixin.py:188} INFO - [2024-01-29T20:09:34.891+0100] {dag.py:3820} INFO - Setting next_dagrun for example_subdag_operator.section-1 to None, run_after=None
[2024-01-29T20:09:34.892+0100] {logging_mixin.py:188} INFO - [2024-01-29T20:09:34.891+0100] {dag.py:3820} INFO - Setting next_dagrun for example_subdag_operator.section-2 to None, run_after=None
[2024-01-29T20:09:34.913+0100] {processor.py:183} INFO - Processing /home/ubuntu/.local/lib/python3.10/site-packages/airflow/example_dags/example_subdag_operator.py took 0.103 seconds
[2024-01-29T20:10:25.035+0100] {processor.py:161} INFO - Started process (PID=8942) to work on /home/ubuntu/.local/lib/python3.10/site-packages/airflow/example_dags/example_subdag_operator.py
[2024-01-29T20:10:25.037+0100] {processor.py:830} INFO - Processing file /home/ubuntu/.local/lib/python3.10/site-packages/airflow/example_dags/example_subdag_operator.py for tasks to queue
[2024-01-29T20:10:25.038+0100] {logging_mixin.py:188} INFO - [2024-01-29T20:10:25.037+0100] {dagbag.py:538} INFO - Filling up the DagBag from /home/ubuntu/.local/lib/python3.10/site-packages/airflow/example_dags/example_subdag_operator.py
[2024-01-29T20:10:25.058+0100] {processor.py:840} INFO - DAG(s) 'example_subdag_operator.section-1', 'example_subdag_operator.section-2', 'example_subdag_operator' retrieved from /home/ubuntu/.local/lib/python3.10/site-packages/airflow/example_dags/example_subdag_operator.py
[2024-01-29T20:10:25.075+0100] {logging_mixin.py:188} INFO - [2024-01-29T20:10:25.075+0100] {dag.py:3033} INFO - Sync 3 DAGs
[2024-01-29T20:10:25.095+0100] {logging_mixin.py:188} INFO - [2024-01-29T20:10:25.095+0100] {dag.py:3820} INFO - Setting next_dagrun for example_subdag_operator to 2022-01-01T00:00:00+00:00, run_after=2022-01-01T00:00:00+00:00
[2024-01-29T20:10:25.098+0100] {logging_mixin.py:188} INFO - [2024-01-29T20:10:25.098+0100] {dag.py:3820} INFO - Setting next_dagrun for example_subdag_operator.section-1 to None, run_after=None
[2024-01-29T20:10:25.100+0100] {logging_mixin.py:188} INFO - [2024-01-29T20:10:25.100+0100] {dag.py:3820} INFO - Setting next_dagrun for example_subdag_operator.section-2 to None, run_after=None
[2024-01-29T20:10:25.108+0100] {logging_mixin.py:188} INFO - [2024-01-29T20:10:25.107+0100] {dag.py:3033} INFO - Sync 2 DAGs
[2024-01-29T20:10:25.113+0100] {logging_mixin.py:188} INFO - [2024-01-29T20:10:25.113+0100] {dag.py:3820} INFO - Setting next_dagrun for example_subdag_operator.section-1 to None, run_after=None
[2024-01-29T20:10:25.113+0100] {logging_mixin.py:188} INFO - [2024-01-29T20:10:25.113+0100] {dag.py:3820} INFO - Setting next_dagrun for example_subdag_operator.section-2 to None, run_after=None
[2024-01-29T20:10:25.140+0100] {processor.py:183} INFO - Processing /home/ubuntu/.local/lib/python3.10/site-packages/airflow/example_dags/example_subdag_operator.py took 0.109 seconds
[2024-01-29T20:11:14.335+0100] {processor.py:161} INFO - Started process (PID=8999) to work on /home/ubuntu/.local/lib/python3.10/site-packages/airflow/example_dags/example_subdag_operator.py
[2024-01-29T20:11:14.375+0100] {processor.py:830} INFO - Processing file /home/ubuntu/.local/lib/python3.10/site-packages/airflow/example_dags/example_subdag_operator.py for tasks to queue
[2024-01-29T20:11:14.381+0100] {logging_mixin.py:188} INFO - [2024-01-29T20:11:14.375+0100] {dagbag.py:538} INFO - Filling up the DagBag from /home/ubuntu/.local/lib/python3.10/site-packages/airflow/example_dags/example_subdag_operator.py
[2024-01-29T20:11:14.534+0100] {processor.py:840} INFO - DAG(s) 'example_subdag_operator.section-1', 'example_subdag_operator.section-2', 'example_subdag_operator' retrieved from /home/ubuntu/.local/lib/python3.10/site-packages/airflow/example_dags/example_subdag_operator.py
[2024-01-29T20:11:14.616+0100] {logging_mixin.py:188} INFO - [2024-01-29T20:11:14.615+0100] {dag.py:3033} INFO - Sync 3 DAGs
[2024-01-29T20:11:14.699+0100] {logging_mixin.py:188} INFO - [2024-01-29T20:11:14.699+0100] {dag.py:3820} INFO - Setting next_dagrun for example_subdag_operator to 2022-01-01T00:00:00+00:00, run_after=2022-01-01T00:00:00+00:00
[2024-01-29T20:11:14.708+0100] {logging_mixin.py:188} INFO - [2024-01-29T20:11:14.708+0100] {dag.py:3820} INFO - Setting next_dagrun for example_subdag_operator.section-1 to None, run_after=None
[2024-01-29T20:11:14.714+0100] {logging_mixin.py:188} INFO - [2024-01-29T20:11:14.714+0100] {dag.py:3820} INFO - Setting next_dagrun for example_subdag_operator.section-2 to None, run_after=None
[2024-01-29T20:11:14.739+0100] {logging_mixin.py:188} INFO - [2024-01-29T20:11:14.739+0100] {dag.py:3033} INFO - Sync 2 DAGs
[2024-01-29T20:11:14.749+0100] {logging_mixin.py:188} INFO - [2024-01-29T20:11:14.749+0100] {dag.py:3820} INFO - Setting next_dagrun for example_subdag_operator.section-1 to None, run_after=None
[2024-01-29T20:11:14.750+0100] {logging_mixin.py:188} INFO - [2024-01-29T20:11:14.749+0100] {dag.py:3820} INFO - Setting next_dagrun for example_subdag_operator.section-2 to None, run_after=None
[2024-01-29T20:11:14.785+0100] {processor.py:183} INFO - Processing /home/ubuntu/.local/lib/python3.10/site-packages/airflow/example_dags/example_subdag_operator.py took 0.463 seconds
[2024-01-29T20:12:08.852+0100] {processor.py:161} INFO - Started process (PID=9073) to work on /home/ubuntu/.local/lib/python3.10/site-packages/airflow/example_dags/example_subdag_operator.py
[2024-01-29T20:12:08.885+0100] {processor.py:830} INFO - Processing file /home/ubuntu/.local/lib/python3.10/site-packages/airflow/example_dags/example_subdag_operator.py for tasks to queue
[2024-01-29T20:12:08.902+0100] {logging_mixin.py:188} INFO - [2024-01-29T20:12:08.886+0100] {dagbag.py:538} INFO - Filling up the DagBag from /home/ubuntu/.local/lib/python3.10/site-packages/airflow/example_dags/example_subdag_operator.py
[2024-01-29T20:12:09.025+0100] {processor.py:840} INFO - DAG(s) 'example_subdag_operator.section-1', 'example_subdag_operator.section-2', 'example_subdag_operator' retrieved from /home/ubuntu/.local/lib/python3.10/site-packages/airflow/example_dags/example_subdag_operator.py
[2024-01-29T20:12:09.101+0100] {logging_mixin.py:188} INFO - [2024-01-29T20:12:09.095+0100] {dag.py:3033} INFO - Sync 3 DAGs
[2024-01-29T20:12:09.230+0100] {logging_mixin.py:188} INFO - [2024-01-29T20:12:09.223+0100] {dag.py:3820} INFO - Setting next_dagrun for example_subdag_operator to 2022-01-01T00:00:00+00:00, run_after=2022-01-01T00:00:00+00:00
[2024-01-29T20:12:09.242+0100] {logging_mixin.py:188} INFO - [2024-01-29T20:12:09.241+0100] {dag.py:3820} INFO - Setting next_dagrun for example_subdag_operator.section-1 to None, run_after=None
[2024-01-29T20:12:09.245+0100] {logging_mixin.py:188} INFO - [2024-01-29T20:12:09.245+0100] {dag.py:3820} INFO - Setting next_dagrun for example_subdag_operator.section-2 to None, run_after=None
[2024-01-29T20:12:09.283+0100] {logging_mixin.py:188} INFO - [2024-01-29T20:12:09.282+0100] {dag.py:3033} INFO - Sync 2 DAGs
[2024-01-29T20:12:09.290+0100] {logging_mixin.py:188} INFO - [2024-01-29T20:12:09.289+0100] {dag.py:3820} INFO - Setting next_dagrun for example_subdag_operator.section-1 to None, run_after=None
[2024-01-29T20:12:09.290+0100] {logging_mixin.py:188} INFO - [2024-01-29T20:12:09.290+0100] {dag.py:3820} INFO - Setting next_dagrun for example_subdag_operator.section-2 to None, run_after=None
[2024-01-29T20:12:09.518+0100] {processor.py:183} INFO - Processing /home/ubuntu/.local/lib/python3.10/site-packages/airflow/example_dags/example_subdag_operator.py took 0.716 seconds
[2024-01-29T20:13:29.837+0100] {processor.py:161} INFO - Started process (PID=9196) to work on /home/ubuntu/.local/lib/python3.10/site-packages/airflow/example_dags/example_subdag_operator.py
[2024-01-29T20:13:29.842+0100] {processor.py:830} INFO - Processing file /home/ubuntu/.local/lib/python3.10/site-packages/airflow/example_dags/example_subdag_operator.py for tasks to queue
[2024-01-29T20:13:29.844+0100] {logging_mixin.py:188} INFO - [2024-01-29T20:13:29.843+0100] {dagbag.py:538} INFO - Filling up the DagBag from /home/ubuntu/.local/lib/python3.10/site-packages/airflow/example_dags/example_subdag_operator.py
[2024-01-29T20:13:29.926+0100] {processor.py:840} INFO - DAG(s) 'example_subdag_operator.section-1', 'example_subdag_operator.section-2', 'example_subdag_operator' retrieved from /home/ubuntu/.local/lib/python3.10/site-packages/airflow/example_dags/example_subdag_operator.py
[2024-01-29T20:13:30.025+0100] {logging_mixin.py:188} INFO - [2024-01-29T20:13:30.025+0100] {dag.py:3033} INFO - Sync 3 DAGs
[2024-01-29T20:13:30.076+0100] {logging_mixin.py:188} INFO - [2024-01-29T20:13:30.076+0100] {dag.py:3820} INFO - Setting next_dagrun for example_subdag_operator to 2022-01-01T00:00:00+00:00, run_after=2022-01-01T00:00:00+00:00
[2024-01-29T20:13:30.084+0100] {logging_mixin.py:188} INFO - [2024-01-29T20:13:30.084+0100] {dag.py:3820} INFO - Setting next_dagrun for example_subdag_operator.section-1 to None, run_after=None
[2024-01-29T20:13:30.086+0100] {logging_mixin.py:188} INFO - [2024-01-29T20:13:30.086+0100] {dag.py:3820} INFO - Setting next_dagrun for example_subdag_operator.section-2 to None, run_after=None
[2024-01-29T20:13:30.105+0100] {logging_mixin.py:188} INFO - [2024-01-29T20:13:30.105+0100] {dag.py:3033} INFO - Sync 2 DAGs
[2024-01-29T20:13:30.118+0100] {logging_mixin.py:188} INFO - [2024-01-29T20:13:30.117+0100] {dag.py:3820} INFO - Setting next_dagrun for example_subdag_operator.section-1 to None, run_after=None
[2024-01-29T20:13:30.123+0100] {logging_mixin.py:188} INFO - [2024-01-29T20:13:30.123+0100] {dag.py:3820} INFO - Setting next_dagrun for example_subdag_operator.section-2 to None, run_after=None
[2024-01-29T20:13:30.275+0100] {processor.py:183} INFO - Processing /home/ubuntu/.local/lib/python3.10/site-packages/airflow/example_dags/example_subdag_operator.py took 0.443 seconds
[2024-01-29T20:14:14.823+0100] {processor.py:161} INFO - Started process (PID=9244) to work on /home/ubuntu/.local/lib/python3.10/site-packages/airflow/example_dags/example_subdag_operator.py
[2024-01-29T20:14:14.826+0100] {processor.py:830} INFO - Processing file /home/ubuntu/.local/lib/python3.10/site-packages/airflow/example_dags/example_subdag_operator.py for tasks to queue
[2024-01-29T20:14:14.827+0100] {logging_mixin.py:188} INFO - [2024-01-29T20:14:14.826+0100] {dagbag.py:538} INFO - Filling up the DagBag from /home/ubuntu/.local/lib/python3.10/site-packages/airflow/example_dags/example_subdag_operator.py
[2024-01-29T20:14:14.847+0100] {processor.py:840} INFO - DAG(s) 'example_subdag_operator.section-1', 'example_subdag_operator.section-2', 'example_subdag_operator' retrieved from /home/ubuntu/.local/lib/python3.10/site-packages/airflow/example_dags/example_subdag_operator.py
[2024-01-29T20:14:14.860+0100] {logging_mixin.py:188} INFO - [2024-01-29T20:14:14.860+0100] {dag.py:3033} INFO - Sync 3 DAGs
[2024-01-29T20:14:14.876+0100] {logging_mixin.py:188} INFO - [2024-01-29T20:14:14.876+0100] {dag.py:3820} INFO - Setting next_dagrun for example_subdag_operator to 2022-01-01T00:00:00+00:00, run_after=2022-01-01T00:00:00+00:00
[2024-01-29T20:14:14.879+0100] {logging_mixin.py:188} INFO - [2024-01-29T20:14:14.879+0100] {dag.py:3820} INFO - Setting next_dagrun for example_subdag_operator.section-1 to None, run_after=None
[2024-01-29T20:14:14.880+0100] {logging_mixin.py:188} INFO - [2024-01-29T20:14:14.880+0100] {dag.py:3820} INFO - Setting next_dagrun for example_subdag_operator.section-2 to None, run_after=None
[2024-01-29T20:14:14.891+0100] {logging_mixin.py:188} INFO - [2024-01-29T20:14:14.891+0100] {dag.py:3033} INFO - Sync 2 DAGs
[2024-01-29T20:14:14.933+0100] {logging_mixin.py:188} INFO - [2024-01-29T20:14:14.932+0100] {dag.py:3820} INFO - Setting next_dagrun for example_subdag_operator.section-1 to None, run_after=None
[2024-01-29T20:14:14.933+0100] {logging_mixin.py:188} INFO - [2024-01-29T20:14:14.933+0100] {dag.py:3820} INFO - Setting next_dagrun for example_subdag_operator.section-2 to None, run_after=None
[2024-01-29T20:14:14.975+0100] {processor.py:183} INFO - Processing /home/ubuntu/.local/lib/python3.10/site-packages/airflow/example_dags/example_subdag_operator.py took 0.156 seconds
[2024-01-29T20:15:06.561+0100] {processor.py:161} INFO - Started process (PID=9302) to work on /home/ubuntu/.local/lib/python3.10/site-packages/airflow/example_dags/example_subdag_operator.py
[2024-01-29T20:15:06.564+0100] {processor.py:830} INFO - Processing file /home/ubuntu/.local/lib/python3.10/site-packages/airflow/example_dags/example_subdag_operator.py for tasks to queue
[2024-01-29T20:15:06.565+0100] {logging_mixin.py:188} INFO - [2024-01-29T20:15:06.564+0100] {dagbag.py:538} INFO - Filling up the DagBag from /home/ubuntu/.local/lib/python3.10/site-packages/airflow/example_dags/example_subdag_operator.py
[2024-01-29T20:15:06.597+0100] {processor.py:840} INFO - DAG(s) 'example_subdag_operator.section-1', 'example_subdag_operator.section-2', 'example_subdag_operator' retrieved from /home/ubuntu/.local/lib/python3.10/site-packages/airflow/example_dags/example_subdag_operator.py
[2024-01-29T20:15:06.616+0100] {logging_mixin.py:188} INFO - [2024-01-29T20:15:06.616+0100] {dag.py:3033} INFO - Sync 3 DAGs
[2024-01-29T20:15:06.635+0100] {logging_mixin.py:188} INFO - [2024-01-29T20:15:06.635+0100] {dag.py:3820} INFO - Setting next_dagrun for example_subdag_operator to 2022-01-01T00:00:00+00:00, run_after=2022-01-01T00:00:00+00:00
[2024-01-29T20:15:06.638+0100] {logging_mixin.py:188} INFO - [2024-01-29T20:15:06.638+0100] {dag.py:3820} INFO - Setting next_dagrun for example_subdag_operator.section-1 to None, run_after=None
[2024-01-29T20:15:06.639+0100] {logging_mixin.py:188} INFO - [2024-01-29T20:15:06.639+0100] {dag.py:3820} INFO - Setting next_dagrun for example_subdag_operator.section-2 to None, run_after=None
[2024-01-29T20:15:06.646+0100] {logging_mixin.py:188} INFO - [2024-01-29T20:15:06.646+0100] {dag.py:3033} INFO - Sync 2 DAGs
[2024-01-29T20:15:06.651+0100] {logging_mixin.py:188} INFO - [2024-01-29T20:15:06.651+0100] {dag.py:3820} INFO - Setting next_dagrun for example_subdag_operator.section-1 to None, run_after=None
[2024-01-29T20:15:06.651+0100] {logging_mixin.py:188} INFO - [2024-01-29T20:15:06.651+0100] {dag.py:3820} INFO - Setting next_dagrun for example_subdag_operator.section-2 to None, run_after=None
[2024-01-29T20:15:06.675+0100] {processor.py:183} INFO - Processing /home/ubuntu/.local/lib/python3.10/site-packages/airflow/example_dags/example_subdag_operator.py took 0.119 seconds
[2024-01-29T20:15:52.565+0100] {processor.py:161} INFO - Started process (PID=9354) to work on /home/ubuntu/.local/lib/python3.10/site-packages/airflow/example_dags/example_subdag_operator.py
[2024-01-29T20:15:52.567+0100] {processor.py:830} INFO - Processing file /home/ubuntu/.local/lib/python3.10/site-packages/airflow/example_dags/example_subdag_operator.py for tasks to queue
[2024-01-29T20:15:52.568+0100] {logging_mixin.py:188} INFO - [2024-01-29T20:15:52.568+0100] {dagbag.py:538} INFO - Filling up the DagBag from /home/ubuntu/.local/lib/python3.10/site-packages/airflow/example_dags/example_subdag_operator.py
[2024-01-29T20:15:52.589+0100] {processor.py:840} INFO - DAG(s) 'example_subdag_operator.section-1', 'example_subdag_operator.section-2', 'example_subdag_operator' retrieved from /home/ubuntu/.local/lib/python3.10/site-packages/airflow/example_dags/example_subdag_operator.py
[2024-01-29T20:15:52.602+0100] {logging_mixin.py:188} INFO - [2024-01-29T20:15:52.602+0100] {dag.py:3033} INFO - Sync 3 DAGs
[2024-01-29T20:15:52.619+0100] {logging_mixin.py:188} INFO - [2024-01-29T20:15:52.619+0100] {dag.py:3820} INFO - Setting next_dagrun for example_subdag_operator to 2022-01-01T00:00:00+00:00, run_after=2022-01-01T00:00:00+00:00
[2024-01-29T20:15:52.622+0100] {logging_mixin.py:188} INFO - [2024-01-29T20:15:52.622+0100] {dag.py:3820} INFO - Setting next_dagrun for example_subdag_operator.section-1 to None, run_after=None
[2024-01-29T20:15:52.622+0100] {logging_mixin.py:188} INFO - [2024-01-29T20:15:52.622+0100] {dag.py:3820} INFO - Setting next_dagrun for example_subdag_operator.section-2 to None, run_after=None
[2024-01-29T20:15:52.634+0100] {logging_mixin.py:188} INFO - [2024-01-29T20:15:52.633+0100] {dag.py:3033} INFO - Sync 2 DAGs
[2024-01-29T20:15:52.644+0100] {logging_mixin.py:188} INFO - [2024-01-29T20:15:52.644+0100] {dag.py:3820} INFO - Setting next_dagrun for example_subdag_operator.section-1 to None, run_after=None
[2024-01-29T20:15:52.644+0100] {logging_mixin.py:188} INFO - [2024-01-29T20:15:52.644+0100] {dag.py:3820} INFO - Setting next_dagrun for example_subdag_operator.section-2 to None, run_after=None
[2024-01-29T20:15:52.665+0100] {processor.py:183} INFO - Processing /home/ubuntu/.local/lib/python3.10/site-packages/airflow/example_dags/example_subdag_operator.py took 0.103 seconds
[2024-01-29T20:16:37.638+0100] {processor.py:161} INFO - Started process (PID=9403) to work on /home/ubuntu/.local/lib/python3.10/site-packages/airflow/example_dags/example_subdag_operator.py
[2024-01-29T20:16:37.640+0100] {processor.py:830} INFO - Processing file /home/ubuntu/.local/lib/python3.10/site-packages/airflow/example_dags/example_subdag_operator.py for tasks to queue
[2024-01-29T20:16:37.641+0100] {logging_mixin.py:188} INFO - [2024-01-29T20:16:37.640+0100] {dagbag.py:538} INFO - Filling up the DagBag from /home/ubuntu/.local/lib/python3.10/site-packages/airflow/example_dags/example_subdag_operator.py
[2024-01-29T20:16:37.662+0100] {processor.py:840} INFO - DAG(s) 'example_subdag_operator.section-1', 'example_subdag_operator.section-2', 'example_subdag_operator' retrieved from /home/ubuntu/.local/lib/python3.10/site-packages/airflow/example_dags/example_subdag_operator.py
[2024-01-29T20:16:37.679+0100] {logging_mixin.py:188} INFO - [2024-01-29T20:16:37.679+0100] {dag.py:3033} INFO - Sync 3 DAGs
[2024-01-29T20:16:37.698+0100] {logging_mixin.py:188} INFO - [2024-01-29T20:16:37.698+0100] {dag.py:3820} INFO - Setting next_dagrun for example_subdag_operator to 2022-01-01T00:00:00+00:00, run_after=2022-01-01T00:00:00+00:00
[2024-01-29T20:16:37.701+0100] {logging_mixin.py:188} INFO - [2024-01-29T20:16:37.701+0100] {dag.py:3820} INFO - Setting next_dagrun for example_subdag_operator.section-1 to None, run_after=None
[2024-01-29T20:16:37.702+0100] {logging_mixin.py:188} INFO - [2024-01-29T20:16:37.702+0100] {dag.py:3820} INFO - Setting next_dagrun for example_subdag_operator.section-2 to None, run_after=None
[2024-01-29T20:16:37.709+0100] {logging_mixin.py:188} INFO - [2024-01-29T20:16:37.709+0100] {dag.py:3033} INFO - Sync 2 DAGs
[2024-01-29T20:16:37.714+0100] {logging_mixin.py:188} INFO - [2024-01-29T20:16:37.713+0100] {dag.py:3820} INFO - Setting next_dagrun for example_subdag_operator.section-1 to None, run_after=None
[2024-01-29T20:16:37.714+0100] {logging_mixin.py:188} INFO - [2024-01-29T20:16:37.714+0100] {dag.py:3820} INFO - Setting next_dagrun for example_subdag_operator.section-2 to None, run_after=None
[2024-01-29T20:16:37.739+0100] {processor.py:183} INFO - Processing /home/ubuntu/.local/lib/python3.10/site-packages/airflow/example_dags/example_subdag_operator.py took 0.105 seconds
[2024-01-29T20:17:28.166+0100] {processor.py:161} INFO - Started process (PID=9459) to work on /home/ubuntu/.local/lib/python3.10/site-packages/airflow/example_dags/example_subdag_operator.py
[2024-01-29T20:17:28.168+0100] {processor.py:830} INFO - Processing file /home/ubuntu/.local/lib/python3.10/site-packages/airflow/example_dags/example_subdag_operator.py for tasks to queue
[2024-01-29T20:17:28.169+0100] {logging_mixin.py:188} INFO - [2024-01-29T20:17:28.169+0100] {dagbag.py:538} INFO - Filling up the DagBag from /home/ubuntu/.local/lib/python3.10/site-packages/airflow/example_dags/example_subdag_operator.py
[2024-01-29T20:17:28.191+0100] {processor.py:840} INFO - DAG(s) 'example_subdag_operator.section-1', 'example_subdag_operator.section-2', 'example_subdag_operator' retrieved from /home/ubuntu/.local/lib/python3.10/site-packages/airflow/example_dags/example_subdag_operator.py
[2024-01-29T20:17:28.205+0100] {logging_mixin.py:188} INFO - [2024-01-29T20:17:28.205+0100] {dag.py:3033} INFO - Sync 3 DAGs
[2024-01-29T20:17:28.229+0100] {logging_mixin.py:188} INFO - [2024-01-29T20:17:28.229+0100] {dag.py:3820} INFO - Setting next_dagrun for example_subdag_operator to 2022-01-01T00:00:00+00:00, run_after=2022-01-01T00:00:00+00:00
[2024-01-29T20:17:28.235+0100] {logging_mixin.py:188} INFO - [2024-01-29T20:17:28.234+0100] {dag.py:3820} INFO - Setting next_dagrun for example_subdag_operator.section-1 to None, run_after=None
[2024-01-29T20:17:28.237+0100] {logging_mixin.py:188} INFO - [2024-01-29T20:17:28.236+0100] {dag.py:3820} INFO - Setting next_dagrun for example_subdag_operator.section-2 to None, run_after=None
[2024-01-29T20:17:28.244+0100] {logging_mixin.py:188} INFO - [2024-01-29T20:17:28.244+0100] {dag.py:3033} INFO - Sync 2 DAGs
[2024-01-29T20:17:28.248+0100] {logging_mixin.py:188} INFO - [2024-01-29T20:17:28.248+0100] {dag.py:3820} INFO - Setting next_dagrun for example_subdag_operator.section-1 to None, run_after=None
[2024-01-29T20:17:28.248+0100] {logging_mixin.py:188} INFO - [2024-01-29T20:17:28.248+0100] {dag.py:3820} INFO - Setting next_dagrun for example_subdag_operator.section-2 to None, run_after=None
[2024-01-29T20:17:28.289+0100] {processor.py:183} INFO - Processing /home/ubuntu/.local/lib/python3.10/site-packages/airflow/example_dags/example_subdag_operator.py took 0.126 seconds
[2024-01-29T20:18:16.269+0100] {processor.py:161} INFO - Started process (PID=9511) to work on /home/ubuntu/.local/lib/python3.10/site-packages/airflow/example_dags/example_subdag_operator.py
[2024-01-29T20:18:16.270+0100] {processor.py:830} INFO - Processing file /home/ubuntu/.local/lib/python3.10/site-packages/airflow/example_dags/example_subdag_operator.py for tasks to queue
[2024-01-29T20:18:16.271+0100] {logging_mixin.py:188} INFO - [2024-01-29T20:18:16.271+0100] {dagbag.py:538} INFO - Filling up the DagBag from /home/ubuntu/.local/lib/python3.10/site-packages/airflow/example_dags/example_subdag_operator.py
[2024-01-29T20:18:16.293+0100] {processor.py:840} INFO - DAG(s) 'example_subdag_operator.section-1', 'example_subdag_operator.section-2', 'example_subdag_operator' retrieved from /home/ubuntu/.local/lib/python3.10/site-packages/airflow/example_dags/example_subdag_operator.py
[2024-01-29T20:18:16.314+0100] {logging_mixin.py:188} INFO - [2024-01-29T20:18:16.314+0100] {dag.py:3033} INFO - Sync 3 DAGs
[2024-01-29T20:18:16.336+0100] {logging_mixin.py:188} INFO - [2024-01-29T20:18:16.336+0100] {dag.py:3820} INFO - Setting next_dagrun for example_subdag_operator to 2022-01-01T00:00:00+00:00, run_after=2022-01-01T00:00:00+00:00
[2024-01-29T20:18:16.340+0100] {logging_mixin.py:188} INFO - [2024-01-29T20:18:16.340+0100] {dag.py:3820} INFO - Setting next_dagrun for example_subdag_operator.section-1 to None, run_after=None
[2024-01-29T20:18:16.341+0100] {logging_mixin.py:188} INFO - [2024-01-29T20:18:16.341+0100] {dag.py:3820} INFO - Setting next_dagrun for example_subdag_operator.section-2 to None, run_after=None
[2024-01-29T20:18:16.348+0100] {logging_mixin.py:188} INFO - [2024-01-29T20:18:16.347+0100] {dag.py:3033} INFO - Sync 2 DAGs
[2024-01-29T20:18:16.352+0100] {logging_mixin.py:188} INFO - [2024-01-29T20:18:16.352+0100] {dag.py:3820} INFO - Setting next_dagrun for example_subdag_operator.section-1 to None, run_after=None
[2024-01-29T20:18:16.352+0100] {logging_mixin.py:188} INFO - [2024-01-29T20:18:16.352+0100] {dag.py:3820} INFO - Setting next_dagrun for example_subdag_operator.section-2 to None, run_after=None
[2024-01-29T20:18:16.388+0100] {processor.py:183} INFO - Processing /home/ubuntu/.local/lib/python3.10/site-packages/airflow/example_dags/example_subdag_operator.py took 0.123 seconds
[2024-01-29T20:18:58.309+0100] {processor.py:161} INFO - Started process (PID=9578) to work on /home/ubuntu/.local/lib/python3.10/site-packages/airflow/example_dags/example_subdag_operator.py
[2024-01-29T20:18:58.312+0100] {processor.py:830} INFO - Processing file /home/ubuntu/.local/lib/python3.10/site-packages/airflow/example_dags/example_subdag_operator.py for tasks to queue
[2024-01-29T20:18:58.315+0100] {logging_mixin.py:188} INFO - [2024-01-29T20:18:58.314+0100] {dagbag.py:538} INFO - Filling up the DagBag from /home/ubuntu/.local/lib/python3.10/site-packages/airflow/example_dags/example_subdag_operator.py
[2024-01-29T20:18:58.389+0100] {processor.py:840} INFO - DAG(s) 'example_subdag_operator.section-1', 'example_subdag_operator.section-2', 'example_subdag_operator' retrieved from /home/ubuntu/.local/lib/python3.10/site-packages/airflow/example_dags/example_subdag_operator.py
[2024-01-29T20:18:58.409+0100] {logging_mixin.py:188} INFO - [2024-01-29T20:18:58.409+0100] {dag.py:3033} INFO - Sync 3 DAGs
[2024-01-29T20:18:58.433+0100] {logging_mixin.py:188} INFO - [2024-01-29T20:18:58.433+0100] {dag.py:3820} INFO - Setting next_dagrun for example_subdag_operator to 2022-01-01T00:00:00+00:00, run_after=2022-01-01T00:00:00+00:00
[2024-01-29T20:18:58.438+0100] {logging_mixin.py:188} INFO - [2024-01-29T20:18:58.438+0100] {dag.py:3820} INFO - Setting next_dagrun for example_subdag_operator.section-1 to None, run_after=None
[2024-01-29T20:18:58.440+0100] {logging_mixin.py:188} INFO - [2024-01-29T20:18:58.439+0100] {dag.py:3820} INFO - Setting next_dagrun for example_subdag_operator.section-2 to None, run_after=None
[2024-01-29T20:18:58.451+0100] {logging_mixin.py:188} INFO - [2024-01-29T20:18:58.451+0100] {dag.py:3033} INFO - Sync 2 DAGs
[2024-01-29T20:18:58.457+0100] {logging_mixin.py:188} INFO - [2024-01-29T20:18:58.456+0100] {dag.py:3820} INFO - Setting next_dagrun for example_subdag_operator.section-1 to None, run_after=None
[2024-01-29T20:18:58.457+0100] {logging_mixin.py:188} INFO - [2024-01-29T20:18:58.457+0100] {dag.py:3820} INFO - Setting next_dagrun for example_subdag_operator.section-2 to None, run_after=None
[2024-01-29T20:18:58.478+0100] {processor.py:183} INFO - Processing /home/ubuntu/.local/lib/python3.10/site-packages/airflow/example_dags/example_subdag_operator.py took 0.175 seconds
[2024-01-29T20:19:43.817+0100] {processor.py:161} INFO - Started process (PID=9632) to work on /home/ubuntu/.local/lib/python3.10/site-packages/airflow/example_dags/example_subdag_operator.py
[2024-01-29T20:19:43.819+0100] {processor.py:830} INFO - Processing file /home/ubuntu/.local/lib/python3.10/site-packages/airflow/example_dags/example_subdag_operator.py for tasks to queue
[2024-01-29T20:19:43.821+0100] {logging_mixin.py:188} INFO - [2024-01-29T20:19:43.820+0100] {dagbag.py:538} INFO - Filling up the DagBag from /home/ubuntu/.local/lib/python3.10/site-packages/airflow/example_dags/example_subdag_operator.py
[2024-01-29T20:19:43.850+0100] {processor.py:840} INFO - DAG(s) 'example_subdag_operator.section-1', 'example_subdag_operator.section-2', 'example_subdag_operator' retrieved from /home/ubuntu/.local/lib/python3.10/site-packages/airflow/example_dags/example_subdag_operator.py
[2024-01-29T20:19:43.871+0100] {logging_mixin.py:188} INFO - [2024-01-29T20:19:43.871+0100] {dag.py:3033} INFO - Sync 3 DAGs
[2024-01-29T20:19:43.890+0100] {logging_mixin.py:188} INFO - [2024-01-29T20:19:43.889+0100] {dag.py:3820} INFO - Setting next_dagrun for example_subdag_operator to 2022-01-01T00:00:00+00:00, run_after=2022-01-01T00:00:00+00:00
[2024-01-29T20:19:43.893+0100] {logging_mixin.py:188} INFO - [2024-01-29T20:19:43.893+0100] {dag.py:3820} INFO - Setting next_dagrun for example_subdag_operator.section-1 to None, run_after=None
[2024-01-29T20:19:43.894+0100] {logging_mixin.py:188} INFO - [2024-01-29T20:19:43.893+0100] {dag.py:3820} INFO - Setting next_dagrun for example_subdag_operator.section-2 to None, run_after=None
[2024-01-29T20:19:43.900+0100] {logging_mixin.py:188} INFO - [2024-01-29T20:19:43.900+0100] {dag.py:3033} INFO - Sync 2 DAGs
[2024-01-29T20:19:43.905+0100] {logging_mixin.py:188} INFO - [2024-01-29T20:19:43.905+0100] {dag.py:3820} INFO - Setting next_dagrun for example_subdag_operator.section-1 to None, run_after=None
[2024-01-29T20:19:43.905+0100] {logging_mixin.py:188} INFO - [2024-01-29T20:19:43.905+0100] {dag.py:3820} INFO - Setting next_dagrun for example_subdag_operator.section-2 to None, run_after=None
[2024-01-29T20:19:43.937+0100] {processor.py:183} INFO - Processing /home/ubuntu/.local/lib/python3.10/site-packages/airflow/example_dags/example_subdag_operator.py took 0.124 seconds
[2024-01-29T20:20:23.802+0100] {processor.py:161} INFO - Started process (PID=9678) to work on /home/ubuntu/.local/lib/python3.10/site-packages/airflow/example_dags/example_subdag_operator.py
[2024-01-29T20:20:23.804+0100] {processor.py:830} INFO - Processing file /home/ubuntu/.local/lib/python3.10/site-packages/airflow/example_dags/example_subdag_operator.py for tasks to queue
[2024-01-29T20:20:23.805+0100] {logging_mixin.py:188} INFO - [2024-01-29T20:20:23.804+0100] {dagbag.py:538} INFO - Filling up the DagBag from /home/ubuntu/.local/lib/python3.10/site-packages/airflow/example_dags/example_subdag_operator.py
[2024-01-29T20:20:23.830+0100] {processor.py:840} INFO - DAG(s) 'example_subdag_operator.section-1', 'example_subdag_operator.section-2', 'example_subdag_operator' retrieved from /home/ubuntu/.local/lib/python3.10/site-packages/airflow/example_dags/example_subdag_operator.py
[2024-01-29T20:20:23.848+0100] {logging_mixin.py:188} INFO - [2024-01-29T20:20:23.847+0100] {dag.py:3033} INFO - Sync 3 DAGs
[2024-01-29T20:20:23.869+0100] {logging_mixin.py:188} INFO - [2024-01-29T20:20:23.869+0100] {dag.py:3820} INFO - Setting next_dagrun for example_subdag_operator to 2022-01-01T00:00:00+00:00, run_after=2022-01-01T00:00:00+00:00
[2024-01-29T20:20:23.873+0100] {logging_mixin.py:188} INFO - [2024-01-29T20:20:23.872+0100] {dag.py:3820} INFO - Setting next_dagrun for example_subdag_operator.section-1 to None, run_after=None
[2024-01-29T20:20:23.873+0100] {logging_mixin.py:188} INFO - [2024-01-29T20:20:23.873+0100] {dag.py:3820} INFO - Setting next_dagrun for example_subdag_operator.section-2 to None, run_after=None
[2024-01-29T20:20:23.880+0100] {logging_mixin.py:188} INFO - [2024-01-29T20:20:23.880+0100] {dag.py:3033} INFO - Sync 2 DAGs
[2024-01-29T20:20:23.885+0100] {logging_mixin.py:188} INFO - [2024-01-29T20:20:23.885+0100] {dag.py:3820} INFO - Setting next_dagrun for example_subdag_operator.section-1 to None, run_after=None
[2024-01-29T20:20:23.886+0100] {logging_mixin.py:188} INFO - [2024-01-29T20:20:23.886+0100] {dag.py:3820} INFO - Setting next_dagrun for example_subdag_operator.section-2 to None, run_after=None
[2024-01-29T20:20:23.910+0100] {processor.py:183} INFO - Processing /home/ubuntu/.local/lib/python3.10/site-packages/airflow/example_dags/example_subdag_operator.py took 0.112 seconds
