[2024-01-29T19:54:14.798+0100] {processor.py:161} INFO - Started process (PID=7830) to work on /home/ubuntu/.local/lib/python3.10/site-packages/airflow/example_dags/example_branch_day_of_week_operator.py
[2024-01-29T19:54:14.802+0100] {processor.py:830} INFO - Processing file /home/ubuntu/.local/lib/python3.10/site-packages/airflow/example_dags/example_branch_day_of_week_operator.py for tasks to queue
[2024-01-29T19:54:14.804+0100] {logging_mixin.py:188} INFO - [2024-01-29T19:54:14.803+0100] {dagbag.py:538} INFO - Filling up the DagBag from /home/ubuntu/.local/lib/python3.10/site-packages/airflow/example_dags/example_branch_day_of_week_operator.py
[2024-01-29T19:54:14.825+0100] {processor.py:840} INFO - DAG(s) 'example_weekday_branch_operator' retrieved from /home/ubuntu/.local/lib/python3.10/site-packages/airflow/example_dags/example_branch_day_of_week_operator.py
[2024-01-29T19:54:15.051+0100] {logging_mixin.py:188} INFO - [2024-01-29T19:54:15.050+0100] {dag.py:3033} INFO - Sync 1 DAGs
[2024-01-29T19:54:15.070+0100] {logging_mixin.py:188} INFO - [2024-01-29T19:54:15.069+0100] {dag.py:3820} INFO - Setting next_dagrun for example_weekday_branch_operator to 2024-01-28T00:00:00+00:00, run_after=2024-01-29T00:00:00+00:00
[2024-01-29T19:54:15.101+0100] {processor.py:183} INFO - Processing /home/ubuntu/.local/lib/python3.10/site-packages/airflow/example_dags/example_branch_day_of_week_operator.py took 0.311 seconds
[2024-01-29T19:55:36.116+0100] {processor.py:161} INFO - Started process (PID=7944) to work on /home/ubuntu/.local/lib/python3.10/site-packages/airflow/example_dags/example_branch_day_of_week_operator.py
[2024-01-29T19:55:36.119+0100] {processor.py:830} INFO - Processing file /home/ubuntu/.local/lib/python3.10/site-packages/airflow/example_dags/example_branch_day_of_week_operator.py for tasks to queue
[2024-01-29T19:55:36.130+0100] {logging_mixin.py:188} INFO - [2024-01-29T19:55:36.120+0100] {dagbag.py:538} INFO - Filling up the DagBag from /home/ubuntu/.local/lib/python3.10/site-packages/airflow/example_dags/example_branch_day_of_week_operator.py
[2024-01-29T19:55:36.146+0100] {processor.py:840} INFO - DAG(s) 'example_weekday_branch_operator' retrieved from /home/ubuntu/.local/lib/python3.10/site-packages/airflow/example_dags/example_branch_day_of_week_operator.py
[2024-01-29T19:55:36.186+0100] {logging_mixin.py:188} INFO - [2024-01-29T19:55:36.186+0100] {dag.py:3033} INFO - Sync 1 DAGs
[2024-01-29T19:55:36.245+0100] {logging_mixin.py:188} INFO - [2024-01-29T19:55:36.245+0100] {dag.py:3820} INFO - Setting next_dagrun for example_weekday_branch_operator to 2024-01-28T00:00:00+00:00, run_after=2024-01-29T00:00:00+00:00
[2024-01-29T19:55:36.325+0100] {processor.py:183} INFO - Processing /home/ubuntu/.local/lib/python3.10/site-packages/airflow/example_dags/example_branch_day_of_week_operator.py took 0.215 seconds
[2024-01-29T19:56:56.136+0100] {processor.py:161} INFO - Started process (PID=8021) to work on /home/ubuntu/.local/lib/python3.10/site-packages/airflow/example_dags/example_branch_day_of_week_operator.py
[2024-01-29T19:56:56.139+0100] {processor.py:830} INFO - Processing file /home/ubuntu/.local/lib/python3.10/site-packages/airflow/example_dags/example_branch_day_of_week_operator.py for tasks to queue
[2024-01-29T19:56:56.140+0100] {logging_mixin.py:188} INFO - [2024-01-29T19:56:56.139+0100] {dagbag.py:538} INFO - Filling up the DagBag from /home/ubuntu/.local/lib/python3.10/site-packages/airflow/example_dags/example_branch_day_of_week_operator.py
[2024-01-29T19:56:56.150+0100] {processor.py:840} INFO - DAG(s) 'example_weekday_branch_operator' retrieved from /home/ubuntu/.local/lib/python3.10/site-packages/airflow/example_dags/example_branch_day_of_week_operator.py
[2024-01-29T19:56:56.173+0100] {logging_mixin.py:188} INFO - [2024-01-29T19:56:56.173+0100] {dag.py:3033} INFO - Sync 1 DAGs
[2024-01-29T19:56:56.201+0100] {logging_mixin.py:188} INFO - [2024-01-29T19:56:56.201+0100] {dag.py:3820} INFO - Setting next_dagrun for example_weekday_branch_operator to 2024-01-28T00:00:00+00:00, run_after=2024-01-29T00:00:00+00:00
[2024-01-29T19:56:56.231+0100] {processor.py:183} INFO - Processing /home/ubuntu/.local/lib/python3.10/site-packages/airflow/example_dags/example_branch_day_of_week_operator.py took 0.101 seconds
[2024-01-29T19:57:54.136+0100] {processor.py:161} INFO - Started process (PID=8079) to work on /home/ubuntu/.local/lib/python3.10/site-packages/airflow/example_dags/example_branch_day_of_week_operator.py
[2024-01-29T19:57:54.168+0100] {processor.py:830} INFO - Processing file /home/ubuntu/.local/lib/python3.10/site-packages/airflow/example_dags/example_branch_day_of_week_operator.py for tasks to queue
[2024-01-29T19:57:54.170+0100] {logging_mixin.py:188} INFO - [2024-01-29T19:57:54.169+0100] {dagbag.py:538} INFO - Filling up the DagBag from /home/ubuntu/.local/lib/python3.10/site-packages/airflow/example_dags/example_branch_day_of_week_operator.py
[2024-01-29T19:57:54.219+0100] {processor.py:840} INFO - DAG(s) 'example_weekday_branch_operator' retrieved from /home/ubuntu/.local/lib/python3.10/site-packages/airflow/example_dags/example_branch_day_of_week_operator.py
[2024-01-29T19:57:54.253+0100] {logging_mixin.py:188} INFO - [2024-01-29T19:57:54.253+0100] {dag.py:3033} INFO - Sync 1 DAGs
[2024-01-29T19:57:54.297+0100] {logging_mixin.py:188} INFO - [2024-01-29T19:57:54.297+0100] {dag.py:3820} INFO - Setting next_dagrun for example_weekday_branch_operator to 2024-01-28T00:00:00+00:00, run_after=2024-01-29T00:00:00+00:00
[2024-01-29T19:57:54.419+0100] {processor.py:183} INFO - Processing /home/ubuntu/.local/lib/python3.10/site-packages/airflow/example_dags/example_branch_day_of_week_operator.py took 0.310 seconds
[2024-01-29T19:58:42.711+0100] {processor.py:161} INFO - Started process (PID=8135) to work on /home/ubuntu/.local/lib/python3.10/site-packages/airflow/example_dags/example_branch_day_of_week_operator.py
[2024-01-29T19:58:42.718+0100] {processor.py:830} INFO - Processing file /home/ubuntu/.local/lib/python3.10/site-packages/airflow/example_dags/example_branch_day_of_week_operator.py for tasks to queue
[2024-01-29T19:58:42.719+0100] {logging_mixin.py:188} INFO - [2024-01-29T19:58:42.718+0100] {dagbag.py:538} INFO - Filling up the DagBag from /home/ubuntu/.local/lib/python3.10/site-packages/airflow/example_dags/example_branch_day_of_week_operator.py
[2024-01-29T19:58:42.726+0100] {processor.py:840} INFO - DAG(s) 'example_weekday_branch_operator' retrieved from /home/ubuntu/.local/lib/python3.10/site-packages/airflow/example_dags/example_branch_day_of_week_operator.py
[2024-01-29T19:58:42.743+0100] {logging_mixin.py:188} INFO - [2024-01-29T19:58:42.743+0100] {dag.py:3033} INFO - Sync 1 DAGs
[2024-01-29T19:58:42.761+0100] {logging_mixin.py:188} INFO - [2024-01-29T19:58:42.761+0100] {dag.py:3820} INFO - Setting next_dagrun for example_weekday_branch_operator to 2024-01-28T00:00:00+00:00, run_after=2024-01-29T00:00:00+00:00
[2024-01-29T19:58:42.802+0100] {processor.py:183} INFO - Processing /home/ubuntu/.local/lib/python3.10/site-packages/airflow/example_dags/example_branch_day_of_week_operator.py took 0.095 seconds
[2024-01-29T19:59:24.379+0100] {processor.py:161} INFO - Started process (PID=8185) to work on /home/ubuntu/.local/lib/python3.10/site-packages/airflow/example_dags/example_branch_day_of_week_operator.py
[2024-01-29T19:59:24.381+0100] {processor.py:830} INFO - Processing file /home/ubuntu/.local/lib/python3.10/site-packages/airflow/example_dags/example_branch_day_of_week_operator.py for tasks to queue
[2024-01-29T19:59:24.382+0100] {logging_mixin.py:188} INFO - [2024-01-29T19:59:24.381+0100] {dagbag.py:538} INFO - Filling up the DagBag from /home/ubuntu/.local/lib/python3.10/site-packages/airflow/example_dags/example_branch_day_of_week_operator.py
[2024-01-29T19:59:24.390+0100] {processor.py:840} INFO - DAG(s) 'example_weekday_branch_operator' retrieved from /home/ubuntu/.local/lib/python3.10/site-packages/airflow/example_dags/example_branch_day_of_week_operator.py
[2024-01-29T19:59:24.412+0100] {logging_mixin.py:188} INFO - [2024-01-29T19:59:24.412+0100] {dag.py:3033} INFO - Sync 1 DAGs
[2024-01-29T19:59:24.438+0100] {logging_mixin.py:188} INFO - [2024-01-29T19:59:24.438+0100] {dag.py:3820} INFO - Setting next_dagrun for example_weekday_branch_operator to 2024-01-28T00:00:00+00:00, run_after=2024-01-29T00:00:00+00:00
[2024-01-29T19:59:24.469+0100] {processor.py:183} INFO - Processing /home/ubuntu/.local/lib/python3.10/site-packages/airflow/example_dags/example_branch_day_of_week_operator.py took 0.094 seconds
[2024-01-29T20:00:44.453+0100] {processor.py:161} INFO - Started process (PID=8262) to work on /home/ubuntu/.local/lib/python3.10/site-packages/airflow/example_dags/example_branch_day_of_week_operator.py
[2024-01-29T20:00:44.455+0100] {processor.py:830} INFO - Processing file /home/ubuntu/.local/lib/python3.10/site-packages/airflow/example_dags/example_branch_day_of_week_operator.py for tasks to queue
[2024-01-29T20:00:44.456+0100] {logging_mixin.py:188} INFO - [2024-01-29T20:00:44.456+0100] {dagbag.py:538} INFO - Filling up the DagBag from /home/ubuntu/.local/lib/python3.10/site-packages/airflow/example_dags/example_branch_day_of_week_operator.py
[2024-01-29T20:00:44.465+0100] {processor.py:840} INFO - DAG(s) 'example_weekday_branch_operator' retrieved from /home/ubuntu/.local/lib/python3.10/site-packages/airflow/example_dags/example_branch_day_of_week_operator.py
[2024-01-29T20:00:44.484+0100] {logging_mixin.py:188} INFO - [2024-01-29T20:00:44.484+0100] {dag.py:3033} INFO - Sync 1 DAGs
[2024-01-29T20:00:44.507+0100] {logging_mixin.py:188} INFO - [2024-01-29T20:00:44.507+0100] {dag.py:3820} INFO - Setting next_dagrun for example_weekday_branch_operator to 2024-01-28T00:00:00+00:00, run_after=2024-01-29T00:00:00+00:00
[2024-01-29T20:00:44.539+0100] {processor.py:183} INFO - Processing /home/ubuntu/.local/lib/python3.10/site-packages/airflow/example_dags/example_branch_day_of_week_operator.py took 0.090 seconds
[2024-01-29T20:01:36.725+0100] {processor.py:161} INFO - Started process (PID=8321) to work on /home/ubuntu/.local/lib/python3.10/site-packages/airflow/example_dags/example_branch_day_of_week_operator.py
[2024-01-29T20:01:36.727+0100] {processor.py:830} INFO - Processing file /home/ubuntu/.local/lib/python3.10/site-packages/airflow/example_dags/example_branch_day_of_week_operator.py for tasks to queue
[2024-01-29T20:01:36.728+0100] {logging_mixin.py:188} INFO - [2024-01-29T20:01:36.728+0100] {dagbag.py:538} INFO - Filling up the DagBag from /home/ubuntu/.local/lib/python3.10/site-packages/airflow/example_dags/example_branch_day_of_week_operator.py
[2024-01-29T20:01:36.737+0100] {processor.py:840} INFO - DAG(s) 'example_weekday_branch_operator' retrieved from /home/ubuntu/.local/lib/python3.10/site-packages/airflow/example_dags/example_branch_day_of_week_operator.py
[2024-01-29T20:01:36.756+0100] {logging_mixin.py:188} INFO - [2024-01-29T20:01:36.755+0100] {dag.py:3033} INFO - Sync 1 DAGs
[2024-01-29T20:01:36.776+0100] {logging_mixin.py:188} INFO - [2024-01-29T20:01:36.776+0100] {dag.py:3820} INFO - Setting next_dagrun for example_weekday_branch_operator to 2024-01-28T00:00:00+00:00, run_after=2024-01-29T00:00:00+00:00
[2024-01-29T20:01:36.807+0100] {processor.py:183} INFO - Processing /home/ubuntu/.local/lib/python3.10/site-packages/airflow/example_dags/example_branch_day_of_week_operator.py took 0.085 seconds
[2024-01-29T20:02:22.143+0100] {processor.py:161} INFO - Started process (PID=8370) to work on /home/ubuntu/.local/lib/python3.10/site-packages/airflow/example_dags/example_branch_day_of_week_operator.py
[2024-01-29T20:02:22.148+0100] {processor.py:830} INFO - Processing file /home/ubuntu/.local/lib/python3.10/site-packages/airflow/example_dags/example_branch_day_of_week_operator.py for tasks to queue
[2024-01-29T20:02:22.150+0100] {logging_mixin.py:188} INFO - [2024-01-29T20:02:22.149+0100] {dagbag.py:538} INFO - Filling up the DagBag from /home/ubuntu/.local/lib/python3.10/site-packages/airflow/example_dags/example_branch_day_of_week_operator.py
[2024-01-29T20:02:22.213+0100] {processor.py:840} INFO - DAG(s) 'example_weekday_branch_operator' retrieved from /home/ubuntu/.local/lib/python3.10/site-packages/airflow/example_dags/example_branch_day_of_week_operator.py
[2024-01-29T20:02:22.266+0100] {logging_mixin.py:188} INFO - [2024-01-29T20:02:22.265+0100] {dag.py:3033} INFO - Sync 1 DAGs
[2024-01-29T20:02:22.347+0100] {logging_mixin.py:188} INFO - [2024-01-29T20:02:22.343+0100] {dag.py:3820} INFO - Setting next_dagrun for example_weekday_branch_operator to 2024-01-28T00:00:00+00:00, run_after=2024-01-29T00:00:00+00:00
[2024-01-29T20:02:22.477+0100] {processor.py:183} INFO - Processing /home/ubuntu/.local/lib/python3.10/site-packages/airflow/example_dags/example_branch_day_of_week_operator.py took 0.341 seconds
[2024-01-29T20:03:28.122+0100] {processor.py:161} INFO - Started process (PID=8476) to work on /home/ubuntu/.local/lib/python3.10/site-packages/airflow/example_dags/example_branch_day_of_week_operator.py
[2024-01-29T20:03:28.124+0100] {processor.py:830} INFO - Processing file /home/ubuntu/.local/lib/python3.10/site-packages/airflow/example_dags/example_branch_day_of_week_operator.py for tasks to queue
[2024-01-29T20:03:28.125+0100] {logging_mixin.py:188} INFO - [2024-01-29T20:03:28.125+0100] {dagbag.py:538} INFO - Filling up the DagBag from /home/ubuntu/.local/lib/python3.10/site-packages/airflow/example_dags/example_branch_day_of_week_operator.py
[2024-01-29T20:03:28.132+0100] {processor.py:840} INFO - DAG(s) 'example_weekday_branch_operator' retrieved from /home/ubuntu/.local/lib/python3.10/site-packages/airflow/example_dags/example_branch_day_of_week_operator.py
[2024-01-29T20:03:28.148+0100] {logging_mixin.py:188} INFO - [2024-01-29T20:03:28.148+0100] {dag.py:3033} INFO - Sync 1 DAGs
[2024-01-29T20:03:28.166+0100] {logging_mixin.py:188} INFO - [2024-01-29T20:03:28.165+0100] {dag.py:3820} INFO - Setting next_dagrun for example_weekday_branch_operator to 2024-01-28T00:00:00+00:00, run_after=2024-01-29T00:00:00+00:00
[2024-01-29T20:03:28.198+0100] {processor.py:183} INFO - Processing /home/ubuntu/.local/lib/python3.10/site-packages/airflow/example_dags/example_branch_day_of_week_operator.py took 0.079 seconds
[2024-01-29T20:04:12.919+0100] {processor.py:161} INFO - Started process (PID=8533) to work on /home/ubuntu/.local/lib/python3.10/site-packages/airflow/example_dags/example_branch_day_of_week_operator.py
[2024-01-29T20:04:12.920+0100] {processor.py:830} INFO - Processing file /home/ubuntu/.local/lib/python3.10/site-packages/airflow/example_dags/example_branch_day_of_week_operator.py for tasks to queue
[2024-01-29T20:04:12.921+0100] {logging_mixin.py:188} INFO - [2024-01-29T20:04:12.921+0100] {dagbag.py:538} INFO - Filling up the DagBag from /home/ubuntu/.local/lib/python3.10/site-packages/airflow/example_dags/example_branch_day_of_week_operator.py
[2024-01-29T20:04:12.930+0100] {processor.py:840} INFO - DAG(s) 'example_weekday_branch_operator' retrieved from /home/ubuntu/.local/lib/python3.10/site-packages/airflow/example_dags/example_branch_day_of_week_operator.py
[2024-01-29T20:04:12.949+0100] {logging_mixin.py:188} INFO - [2024-01-29T20:04:12.948+0100] {dag.py:3033} INFO - Sync 1 DAGs
[2024-01-29T20:04:12.974+0100] {logging_mixin.py:188} INFO - [2024-01-29T20:04:12.974+0100] {dag.py:3820} INFO - Setting next_dagrun for example_weekday_branch_operator to 2024-01-28T00:00:00+00:00, run_after=2024-01-29T00:00:00+00:00
[2024-01-29T20:04:13.031+0100] {processor.py:183} INFO - Processing /home/ubuntu/.local/lib/python3.10/site-packages/airflow/example_dags/example_branch_day_of_week_operator.py took 0.116 seconds
[2024-01-29T20:05:09.038+0100] {processor.py:161} INFO - Started process (PID=8595) to work on /home/ubuntu/.local/lib/python3.10/site-packages/airflow/example_dags/example_branch_day_of_week_operator.py
[2024-01-29T20:05:09.041+0100] {processor.py:830} INFO - Processing file /home/ubuntu/.local/lib/python3.10/site-packages/airflow/example_dags/example_branch_day_of_week_operator.py for tasks to queue
[2024-01-29T20:05:09.042+0100] {logging_mixin.py:188} INFO - [2024-01-29T20:05:09.042+0100] {dagbag.py:538} INFO - Filling up the DagBag from /home/ubuntu/.local/lib/python3.10/site-packages/airflow/example_dags/example_branch_day_of_week_operator.py
[2024-01-29T20:05:09.052+0100] {processor.py:840} INFO - DAG(s) 'example_weekday_branch_operator' retrieved from /home/ubuntu/.local/lib/python3.10/site-packages/airflow/example_dags/example_branch_day_of_week_operator.py
[2024-01-29T20:05:09.075+0100] {logging_mixin.py:188} INFO - [2024-01-29T20:05:09.074+0100] {dag.py:3033} INFO - Sync 1 DAGs
[2024-01-29T20:05:09.103+0100] {logging_mixin.py:188} INFO - [2024-01-29T20:05:09.103+0100] {dag.py:3820} INFO - Setting next_dagrun for example_weekday_branch_operator to 2024-01-28T00:00:00+00:00, run_after=2024-01-29T00:00:00+00:00
[2024-01-29T20:05:09.139+0100] {processor.py:183} INFO - Processing /home/ubuntu/.local/lib/python3.10/site-packages/airflow/example_dags/example_branch_day_of_week_operator.py took 0.109 seconds
[2024-01-29T20:06:23.675+0100] {processor.py:161} INFO - Started process (PID=8671) to work on /home/ubuntu/.local/lib/python3.10/site-packages/airflow/example_dags/example_branch_day_of_week_operator.py
[2024-01-29T20:06:23.680+0100] {processor.py:830} INFO - Processing file /home/ubuntu/.local/lib/python3.10/site-packages/airflow/example_dags/example_branch_day_of_week_operator.py for tasks to queue
[2024-01-29T20:06:23.684+0100] {logging_mixin.py:188} INFO - [2024-01-29T20:06:23.682+0100] {dagbag.py:538} INFO - Filling up the DagBag from /home/ubuntu/.local/lib/python3.10/site-packages/airflow/example_dags/example_branch_day_of_week_operator.py
[2024-01-29T20:06:23.714+0100] {processor.py:840} INFO - DAG(s) 'example_weekday_branch_operator' retrieved from /home/ubuntu/.local/lib/python3.10/site-packages/airflow/example_dags/example_branch_day_of_week_operator.py
[2024-01-29T20:06:23.798+0100] {logging_mixin.py:188} INFO - [2024-01-29T20:06:23.797+0100] {dag.py:3033} INFO - Sync 1 DAGs
[2024-01-29T20:06:23.930+0100] {logging_mixin.py:188} INFO - [2024-01-29T20:06:23.930+0100] {dag.py:3820} INFO - Setting next_dagrun for example_weekday_branch_operator to 2024-01-28T00:00:00+00:00, run_after=2024-01-29T00:00:00+00:00
[2024-01-29T20:06:24.187+0100] {processor.py:183} INFO - Processing /home/ubuntu/.local/lib/python3.10/site-packages/airflow/example_dags/example_branch_day_of_week_operator.py took 0.522 seconds
[2024-01-29T20:07:37.703+0100] {processor.py:161} INFO - Started process (PID=8747) to work on /home/ubuntu/.local/lib/python3.10/site-packages/airflow/example_dags/example_branch_day_of_week_operator.py
[2024-01-29T20:07:37.705+0100] {processor.py:830} INFO - Processing file /home/ubuntu/.local/lib/python3.10/site-packages/airflow/example_dags/example_branch_day_of_week_operator.py for tasks to queue
[2024-01-29T20:07:37.706+0100] {logging_mixin.py:188} INFO - [2024-01-29T20:07:37.706+0100] {dagbag.py:538} INFO - Filling up the DagBag from /home/ubuntu/.local/lib/python3.10/site-packages/airflow/example_dags/example_branch_day_of_week_operator.py
[2024-01-29T20:07:37.718+0100] {processor.py:840} INFO - DAG(s) 'example_weekday_branch_operator' retrieved from /home/ubuntu/.local/lib/python3.10/site-packages/airflow/example_dags/example_branch_day_of_week_operator.py
[2024-01-29T20:07:37.750+0100] {logging_mixin.py:188} INFO - [2024-01-29T20:07:37.749+0100] {dag.py:3033} INFO - Sync 1 DAGs
[2024-01-29T20:07:37.857+0100] {logging_mixin.py:188} INFO - [2024-01-29T20:07:37.851+0100] {dag.py:3820} INFO - Setting next_dagrun for example_weekday_branch_operator to 2024-01-28T00:00:00+00:00, run_after=2024-01-29T00:00:00+00:00
[2024-01-29T20:07:37.911+0100] {processor.py:183} INFO - Processing /home/ubuntu/.local/lib/python3.10/site-packages/airflow/example_dags/example_branch_day_of_week_operator.py took 0.212 seconds
[2024-01-29T20:08:32.633+0100] {processor.py:161} INFO - Started process (PID=8805) to work on /home/ubuntu/.local/lib/python3.10/site-packages/airflow/example_dags/example_branch_day_of_week_operator.py
[2024-01-29T20:08:32.636+0100] {processor.py:830} INFO - Processing file /home/ubuntu/.local/lib/python3.10/site-packages/airflow/example_dags/example_branch_day_of_week_operator.py for tasks to queue
[2024-01-29T20:08:32.637+0100] {logging_mixin.py:188} INFO - [2024-01-29T20:08:32.636+0100] {dagbag.py:538} INFO - Filling up the DagBag from /home/ubuntu/.local/lib/python3.10/site-packages/airflow/example_dags/example_branch_day_of_week_operator.py
[2024-01-29T20:08:32.646+0100] {processor.py:840} INFO - DAG(s) 'example_weekday_branch_operator' retrieved from /home/ubuntu/.local/lib/python3.10/site-packages/airflow/example_dags/example_branch_day_of_week_operator.py
[2024-01-29T20:08:32.665+0100] {logging_mixin.py:188} INFO - [2024-01-29T20:08:32.665+0100] {dag.py:3033} INFO - Sync 1 DAGs
[2024-01-29T20:08:32.687+0100] {logging_mixin.py:188} INFO - [2024-01-29T20:08:32.687+0100] {dag.py:3820} INFO - Setting next_dagrun for example_weekday_branch_operator to 2024-01-28T00:00:00+00:00, run_after=2024-01-29T00:00:00+00:00
[2024-01-29T20:08:32.719+0100] {processor.py:183} INFO - Processing /home/ubuntu/.local/lib/python3.10/site-packages/airflow/example_dags/example_branch_day_of_week_operator.py took 0.089 seconds
[2024-01-29T20:09:14.731+0100] {processor.py:161} INFO - Started process (PID=8859) to work on /home/ubuntu/.local/lib/python3.10/site-packages/airflow/example_dags/example_branch_day_of_week_operator.py
[2024-01-29T20:09:14.747+0100] {processor.py:830} INFO - Processing file /home/ubuntu/.local/lib/python3.10/site-packages/airflow/example_dags/example_branch_day_of_week_operator.py for tasks to queue
[2024-01-29T20:09:14.755+0100] {logging_mixin.py:188} INFO - [2024-01-29T20:09:14.752+0100] {dagbag.py:538} INFO - Filling up the DagBag from /home/ubuntu/.local/lib/python3.10/site-packages/airflow/example_dags/example_branch_day_of_week_operator.py
[2024-01-29T20:09:14.772+0100] {processor.py:840} INFO - DAG(s) 'example_weekday_branch_operator' retrieved from /home/ubuntu/.local/lib/python3.10/site-packages/airflow/example_dags/example_branch_day_of_week_operator.py
[2024-01-29T20:09:14.791+0100] {logging_mixin.py:188} INFO - [2024-01-29T20:09:14.790+0100] {dag.py:3033} INFO - Sync 1 DAGs
[2024-01-29T20:09:14.811+0100] {logging_mixin.py:188} INFO - [2024-01-29T20:09:14.811+0100] {dag.py:3820} INFO - Setting next_dagrun for example_weekday_branch_operator to 2024-01-28T00:00:00+00:00, run_after=2024-01-29T00:00:00+00:00
[2024-01-29T20:09:14.840+0100] {processor.py:183} INFO - Processing /home/ubuntu/.local/lib/python3.10/site-packages/airflow/example_dags/example_branch_day_of_week_operator.py took 0.114 seconds
[2024-01-29T20:10:05.180+0100] {processor.py:161} INFO - Started process (PID=8921) to work on /home/ubuntu/.local/lib/python3.10/site-packages/airflow/example_dags/example_branch_day_of_week_operator.py
[2024-01-29T20:10:05.183+0100] {processor.py:830} INFO - Processing file /home/ubuntu/.local/lib/python3.10/site-packages/airflow/example_dags/example_branch_day_of_week_operator.py for tasks to queue
[2024-01-29T20:10:05.184+0100] {logging_mixin.py:188} INFO - [2024-01-29T20:10:05.183+0100] {dagbag.py:538} INFO - Filling up the DagBag from /home/ubuntu/.local/lib/python3.10/site-packages/airflow/example_dags/example_branch_day_of_week_operator.py
[2024-01-29T20:10:05.196+0100] {processor.py:840} INFO - DAG(s) 'example_weekday_branch_operator' retrieved from /home/ubuntu/.local/lib/python3.10/site-packages/airflow/example_dags/example_branch_day_of_week_operator.py
[2024-01-29T20:10:05.228+0100] {logging_mixin.py:188} INFO - [2024-01-29T20:10:05.228+0100] {dag.py:3033} INFO - Sync 1 DAGs
[2024-01-29T20:10:05.257+0100] {logging_mixin.py:188} INFO - [2024-01-29T20:10:05.257+0100] {dag.py:3820} INFO - Setting next_dagrun for example_weekday_branch_operator to 2024-01-28T00:00:00+00:00, run_after=2024-01-29T00:00:00+00:00
[2024-01-29T20:10:05.297+0100] {processor.py:183} INFO - Processing /home/ubuntu/.local/lib/python3.10/site-packages/airflow/example_dags/example_branch_day_of_week_operator.py took 0.120 seconds
[2024-01-29T20:10:52.951+0100] {processor.py:161} INFO - Started process (PID=8976) to work on /home/ubuntu/.local/lib/python3.10/site-packages/airflow/example_dags/example_branch_day_of_week_operator.py
[2024-01-29T20:10:52.953+0100] {processor.py:830} INFO - Processing file /home/ubuntu/.local/lib/python3.10/site-packages/airflow/example_dags/example_branch_day_of_week_operator.py for tasks to queue
[2024-01-29T20:10:52.954+0100] {logging_mixin.py:188} INFO - [2024-01-29T20:10:52.953+0100] {dagbag.py:538} INFO - Filling up the DagBag from /home/ubuntu/.local/lib/python3.10/site-packages/airflow/example_dags/example_branch_day_of_week_operator.py
[2024-01-29T20:10:52.962+0100] {processor.py:840} INFO - DAG(s) 'example_weekday_branch_operator' retrieved from /home/ubuntu/.local/lib/python3.10/site-packages/airflow/example_dags/example_branch_day_of_week_operator.py
[2024-01-29T20:10:52.983+0100] {logging_mixin.py:188} INFO - [2024-01-29T20:10:52.983+0100] {dag.py:3033} INFO - Sync 1 DAGs
[2024-01-29T20:10:53.008+0100] {logging_mixin.py:188} INFO - [2024-01-29T20:10:53.008+0100] {dag.py:3820} INFO - Setting next_dagrun for example_weekday_branch_operator to 2024-01-28T00:00:00+00:00, run_after=2024-01-29T00:00:00+00:00
[2024-01-29T20:10:53.053+0100] {processor.py:183} INFO - Processing /home/ubuntu/.local/lib/python3.10/site-packages/airflow/example_dags/example_branch_day_of_week_operator.py took 0.106 seconds
[2024-01-29T20:11:45.428+0100] {processor.py:161} INFO - Started process (PID=9038) to work on /home/ubuntu/.local/lib/python3.10/site-packages/airflow/example_dags/example_branch_day_of_week_operator.py
[2024-01-29T20:11:45.439+0100] {processor.py:830} INFO - Processing file /home/ubuntu/.local/lib/python3.10/site-packages/airflow/example_dags/example_branch_day_of_week_operator.py for tasks to queue
[2024-01-29T20:11:45.441+0100] {logging_mixin.py:188} INFO - [2024-01-29T20:11:45.440+0100] {dagbag.py:538} INFO - Filling up the DagBag from /home/ubuntu/.local/lib/python3.10/site-packages/airflow/example_dags/example_branch_day_of_week_operator.py
[2024-01-29T20:11:45.459+0100] {processor.py:840} INFO - DAG(s) 'example_weekday_branch_operator' retrieved from /home/ubuntu/.local/lib/python3.10/site-packages/airflow/example_dags/example_branch_day_of_week_operator.py
[2024-01-29T20:11:45.500+0100] {logging_mixin.py:188} INFO - [2024-01-29T20:11:45.499+0100] {dag.py:3033} INFO - Sync 1 DAGs
[2024-01-29T20:11:45.535+0100] {logging_mixin.py:188} INFO - [2024-01-29T20:11:45.535+0100] {dag.py:3820} INFO - Setting next_dagrun for example_weekday_branch_operator to 2024-01-28T00:00:00+00:00, run_after=2024-01-29T00:00:00+00:00
[2024-01-29T20:11:45.581+0100] {processor.py:183} INFO - Processing /home/ubuntu/.local/lib/python3.10/site-packages/airflow/example_dags/example_branch_day_of_week_operator.py took 0.165 seconds
[2024-01-29T20:12:43.679+0100] {processor.py:161} INFO - Started process (PID=9116) to work on /home/ubuntu/.local/lib/python3.10/site-packages/airflow/example_dags/example_branch_day_of_week_operator.py
[2024-01-29T20:12:43.694+0100] {processor.py:830} INFO - Processing file /home/ubuntu/.local/lib/python3.10/site-packages/airflow/example_dags/example_branch_day_of_week_operator.py for tasks to queue
[2024-01-29T20:12:43.703+0100] {logging_mixin.py:188} INFO - [2024-01-29T20:12:43.699+0100] {dagbag.py:538} INFO - Filling up the DagBag from /home/ubuntu/.local/lib/python3.10/site-packages/airflow/example_dags/example_branch_day_of_week_operator.py
[2024-01-29T20:12:43.739+0100] {processor.py:840} INFO - DAG(s) 'example_weekday_branch_operator' retrieved from /home/ubuntu/.local/lib/python3.10/site-packages/airflow/example_dags/example_branch_day_of_week_operator.py
[2024-01-29T20:12:43.941+0100] {logging_mixin.py:188} INFO - [2024-01-29T20:12:43.941+0100] {dag.py:3033} INFO - Sync 1 DAGs
[2024-01-29T20:12:44.026+0100] {logging_mixin.py:188} INFO - [2024-01-29T20:12:44.025+0100] {dag.py:3820} INFO - Setting next_dagrun for example_weekday_branch_operator to 2024-01-28T00:00:00+00:00, run_after=2024-01-29T00:00:00+00:00
[2024-01-29T20:12:44.385+0100] {processor.py:183} INFO - Processing /home/ubuntu/.local/lib/python3.10/site-packages/airflow/example_dags/example_branch_day_of_week_operator.py took 0.722 seconds
[2024-01-29T20:14:18.882+0100] {processor.py:161} INFO - Started process (PID=9248) to work on /home/ubuntu/.local/lib/python3.10/site-packages/airflow/example_dags/example_branch_day_of_week_operator.py
[2024-01-29T20:14:18.886+0100] {processor.py:830} INFO - Processing file /home/ubuntu/.local/lib/python3.10/site-packages/airflow/example_dags/example_branch_day_of_week_operator.py for tasks to queue
[2024-01-29T20:14:18.886+0100] {logging_mixin.py:188} INFO - [2024-01-29T20:14:18.886+0100] {dagbag.py:538} INFO - Filling up the DagBag from /home/ubuntu/.local/lib/python3.10/site-packages/airflow/example_dags/example_branch_day_of_week_operator.py
[2024-01-29T20:14:18.896+0100] {processor.py:840} INFO - DAG(s) 'example_weekday_branch_operator' retrieved from /home/ubuntu/.local/lib/python3.10/site-packages/airflow/example_dags/example_branch_day_of_week_operator.py
[2024-01-29T20:14:18.933+0100] {logging_mixin.py:188} INFO - [2024-01-29T20:14:18.921+0100] {dag.py:3033} INFO - Sync 1 DAGs
[2024-01-29T20:14:18.970+0100] {logging_mixin.py:188} INFO - [2024-01-29T20:14:18.969+0100] {dag.py:3820} INFO - Setting next_dagrun for example_weekday_branch_operator to 2024-01-28T00:00:00+00:00, run_after=2024-01-29T00:00:00+00:00
[2024-01-29T20:14:19.006+0100] {processor.py:183} INFO - Processing /home/ubuntu/.local/lib/python3.10/site-packages/airflow/example_dags/example_branch_day_of_week_operator.py took 0.127 seconds
[2024-01-29T20:15:11.541+0100] {processor.py:161} INFO - Started process (PID=9306) to work on /home/ubuntu/.local/lib/python3.10/site-packages/airflow/example_dags/example_branch_day_of_week_operator.py
[2024-01-29T20:15:11.543+0100] {processor.py:830} INFO - Processing file /home/ubuntu/.local/lib/python3.10/site-packages/airflow/example_dags/example_branch_day_of_week_operator.py for tasks to queue
[2024-01-29T20:15:11.544+0100] {logging_mixin.py:188} INFO - [2024-01-29T20:15:11.544+0100] {dagbag.py:538} INFO - Filling up the DagBag from /home/ubuntu/.local/lib/python3.10/site-packages/airflow/example_dags/example_branch_day_of_week_operator.py
[2024-01-29T20:15:11.553+0100] {processor.py:840} INFO - DAG(s) 'example_weekday_branch_operator' retrieved from /home/ubuntu/.local/lib/python3.10/site-packages/airflow/example_dags/example_branch_day_of_week_operator.py
[2024-01-29T20:15:11.572+0100] {logging_mixin.py:188} INFO - [2024-01-29T20:15:11.572+0100] {dag.py:3033} INFO - Sync 1 DAGs
[2024-01-29T20:15:11.594+0100] {logging_mixin.py:188} INFO - [2024-01-29T20:15:11.594+0100] {dag.py:3820} INFO - Setting next_dagrun for example_weekday_branch_operator to 2024-01-28T00:00:00+00:00, run_after=2024-01-29T00:00:00+00:00
[2024-01-29T20:15:11.632+0100] {processor.py:183} INFO - Processing /home/ubuntu/.local/lib/python3.10/site-packages/airflow/example_dags/example_branch_day_of_week_operator.py took 0.098 seconds
[2024-01-29T20:15:56.422+0100] {processor.py:161} INFO - Started process (PID=9358) to work on /home/ubuntu/.local/lib/python3.10/site-packages/airflow/example_dags/example_branch_day_of_week_operator.py
[2024-01-29T20:15:56.445+0100] {processor.py:830} INFO - Processing file /home/ubuntu/.local/lib/python3.10/site-packages/airflow/example_dags/example_branch_day_of_week_operator.py for tasks to queue
[2024-01-29T20:15:56.446+0100] {logging_mixin.py:188} INFO - [2024-01-29T20:15:56.445+0100] {dagbag.py:538} INFO - Filling up the DagBag from /home/ubuntu/.local/lib/python3.10/site-packages/airflow/example_dags/example_branch_day_of_week_operator.py
[2024-01-29T20:15:56.461+0100] {processor.py:840} INFO - DAG(s) 'example_weekday_branch_operator' retrieved from /home/ubuntu/.local/lib/python3.10/site-packages/airflow/example_dags/example_branch_day_of_week_operator.py
[2024-01-29T20:15:56.484+0100] {logging_mixin.py:188} INFO - [2024-01-29T20:15:56.484+0100] {dag.py:3033} INFO - Sync 1 DAGs
[2024-01-29T20:15:56.506+0100] {logging_mixin.py:188} INFO - [2024-01-29T20:15:56.505+0100] {dag.py:3820} INFO - Setting next_dagrun for example_weekday_branch_operator to 2024-01-28T00:00:00+00:00, run_after=2024-01-29T00:00:00+00:00
[2024-01-29T20:15:56.536+0100] {processor.py:183} INFO - Processing /home/ubuntu/.local/lib/python3.10/site-packages/airflow/example_dags/example_branch_day_of_week_operator.py took 0.118 seconds
[2024-01-29T20:16:42.737+0100] {processor.py:161} INFO - Started process (PID=9407) to work on /home/ubuntu/.local/lib/python3.10/site-packages/airflow/example_dags/example_branch_day_of_week_operator.py
[2024-01-29T20:16:42.739+0100] {processor.py:830} INFO - Processing file /home/ubuntu/.local/lib/python3.10/site-packages/airflow/example_dags/example_branch_day_of_week_operator.py for tasks to queue
[2024-01-29T20:16:42.740+0100] {logging_mixin.py:188} INFO - [2024-01-29T20:16:42.740+0100] {dagbag.py:538} INFO - Filling up the DagBag from /home/ubuntu/.local/lib/python3.10/site-packages/airflow/example_dags/example_branch_day_of_week_operator.py
[2024-01-29T20:16:42.752+0100] {processor.py:840} INFO - DAG(s) 'example_weekday_branch_operator' retrieved from /home/ubuntu/.local/lib/python3.10/site-packages/airflow/example_dags/example_branch_day_of_week_operator.py
[2024-01-29T20:16:42.774+0100] {logging_mixin.py:188} INFO - [2024-01-29T20:16:42.774+0100] {dag.py:3033} INFO - Sync 1 DAGs
[2024-01-29T20:16:42.796+0100] {logging_mixin.py:188} INFO - [2024-01-29T20:16:42.795+0100] {dag.py:3820} INFO - Setting next_dagrun for example_weekday_branch_operator to 2024-01-28T00:00:00+00:00, run_after=2024-01-29T00:00:00+00:00
[2024-01-29T20:16:42.846+0100] {processor.py:183} INFO - Processing /home/ubuntu/.local/lib/python3.10/site-packages/airflow/example_dags/example_branch_day_of_week_operator.py took 0.113 seconds
[2024-01-29T20:17:32.427+0100] {processor.py:161} INFO - Started process (PID=9463) to work on /home/ubuntu/.local/lib/python3.10/site-packages/airflow/example_dags/example_branch_day_of_week_operator.py
[2024-01-29T20:17:32.430+0100] {processor.py:830} INFO - Processing file /home/ubuntu/.local/lib/python3.10/site-packages/airflow/example_dags/example_branch_day_of_week_operator.py for tasks to queue
[2024-01-29T20:17:32.431+0100] {logging_mixin.py:188} INFO - [2024-01-29T20:17:32.430+0100] {dagbag.py:538} INFO - Filling up the DagBag from /home/ubuntu/.local/lib/python3.10/site-packages/airflow/example_dags/example_branch_day_of_week_operator.py
[2024-01-29T20:17:32.442+0100] {processor.py:840} INFO - DAG(s) 'example_weekday_branch_operator' retrieved from /home/ubuntu/.local/lib/python3.10/site-packages/airflow/example_dags/example_branch_day_of_week_operator.py
[2024-01-29T20:17:32.479+0100] {logging_mixin.py:188} INFO - [2024-01-29T20:17:32.479+0100] {dag.py:3033} INFO - Sync 1 DAGs
[2024-01-29T20:17:32.503+0100] {logging_mixin.py:188} INFO - [2024-01-29T20:17:32.502+0100] {dag.py:3820} INFO - Setting next_dagrun for example_weekday_branch_operator to 2024-01-28T00:00:00+00:00, run_after=2024-01-29T00:00:00+00:00
[2024-01-29T20:17:32.534+0100] {processor.py:183} INFO - Processing /home/ubuntu/.local/lib/python3.10/site-packages/airflow/example_dags/example_branch_day_of_week_operator.py took 0.113 seconds
[2024-01-29T20:18:19.559+0100] {processor.py:161} INFO - Started process (PID=9515) to work on /home/ubuntu/.local/lib/python3.10/site-packages/airflow/example_dags/example_branch_day_of_week_operator.py
[2024-01-29T20:18:19.561+0100] {processor.py:830} INFO - Processing file /home/ubuntu/.local/lib/python3.10/site-packages/airflow/example_dags/example_branch_day_of_week_operator.py for tasks to queue
[2024-01-29T20:18:19.562+0100] {logging_mixin.py:188} INFO - [2024-01-29T20:18:19.561+0100] {dagbag.py:538} INFO - Filling up the DagBag from /home/ubuntu/.local/lib/python3.10/site-packages/airflow/example_dags/example_branch_day_of_week_operator.py
[2024-01-29T20:18:19.571+0100] {processor.py:840} INFO - DAG(s) 'example_weekday_branch_operator' retrieved from /home/ubuntu/.local/lib/python3.10/site-packages/airflow/example_dags/example_branch_day_of_week_operator.py
[2024-01-29T20:18:19.590+0100] {logging_mixin.py:188} INFO - [2024-01-29T20:18:19.590+0100] {dag.py:3033} INFO - Sync 1 DAGs
[2024-01-29T20:18:19.613+0100] {logging_mixin.py:188} INFO - [2024-01-29T20:18:19.612+0100] {dag.py:3820} INFO - Setting next_dagrun for example_weekday_branch_operator to 2024-01-28T00:00:00+00:00, run_after=2024-01-29T00:00:00+00:00
[2024-01-29T20:18:19.641+0100] {processor.py:183} INFO - Processing /home/ubuntu/.local/lib/python3.10/site-packages/airflow/example_dags/example_branch_day_of_week_operator.py took 0.086 seconds
[2024-01-29T20:19:03.085+0100] {processor.py:161} INFO - Started process (PID=9582) to work on /home/ubuntu/.local/lib/python3.10/site-packages/airflow/example_dags/example_branch_day_of_week_operator.py
[2024-01-29T20:19:03.087+0100] {processor.py:830} INFO - Processing file /home/ubuntu/.local/lib/python3.10/site-packages/airflow/example_dags/example_branch_day_of_week_operator.py for tasks to queue
[2024-01-29T20:19:03.088+0100] {logging_mixin.py:188} INFO - [2024-01-29T20:19:03.087+0100] {dagbag.py:538} INFO - Filling up the DagBag from /home/ubuntu/.local/lib/python3.10/site-packages/airflow/example_dags/example_branch_day_of_week_operator.py
[2024-01-29T20:19:03.095+0100] {processor.py:840} INFO - DAG(s) 'example_weekday_branch_operator' retrieved from /home/ubuntu/.local/lib/python3.10/site-packages/airflow/example_dags/example_branch_day_of_week_operator.py
[2024-01-29T20:19:03.112+0100] {logging_mixin.py:188} INFO - [2024-01-29T20:19:03.112+0100] {dag.py:3033} INFO - Sync 1 DAGs
[2024-01-29T20:19:03.129+0100] {logging_mixin.py:188} INFO - [2024-01-29T20:19:03.129+0100] {dag.py:3820} INFO - Setting next_dagrun for example_weekday_branch_operator to 2024-01-28T00:00:00+00:00, run_after=2024-01-29T00:00:00+00:00
[2024-01-29T20:19:03.159+0100] {processor.py:183} INFO - Processing /home/ubuntu/.local/lib/python3.10/site-packages/airflow/example_dags/example_branch_day_of_week_operator.py took 0.078 seconds
[2024-01-29T20:19:48.082+0100] {processor.py:161} INFO - Started process (PID=9636) to work on /home/ubuntu/.local/lib/python3.10/site-packages/airflow/example_dags/example_branch_day_of_week_operator.py
[2024-01-29T20:19:48.084+0100] {processor.py:830} INFO - Processing file /home/ubuntu/.local/lib/python3.10/site-packages/airflow/example_dags/example_branch_day_of_week_operator.py for tasks to queue
[2024-01-29T20:19:48.085+0100] {logging_mixin.py:188} INFO - [2024-01-29T20:19:48.084+0100] {dagbag.py:538} INFO - Filling up the DagBag from /home/ubuntu/.local/lib/python3.10/site-packages/airflow/example_dags/example_branch_day_of_week_operator.py
[2024-01-29T20:19:48.098+0100] {processor.py:840} INFO - DAG(s) 'example_weekday_branch_operator' retrieved from /home/ubuntu/.local/lib/python3.10/site-packages/airflow/example_dags/example_branch_day_of_week_operator.py
[2024-01-29T20:19:48.121+0100] {logging_mixin.py:188} INFO - [2024-01-29T20:19:48.120+0100] {dag.py:3033} INFO - Sync 1 DAGs
[2024-01-29T20:19:48.160+0100] {logging_mixin.py:188} INFO - [2024-01-29T20:19:48.159+0100] {dag.py:3820} INFO - Setting next_dagrun for example_weekday_branch_operator to 2024-01-28T00:00:00+00:00, run_after=2024-01-29T00:00:00+00:00
[2024-01-29T20:19:48.205+0100] {processor.py:183} INFO - Processing /home/ubuntu/.local/lib/python3.10/site-packages/airflow/example_dags/example_branch_day_of_week_operator.py took 0.126 seconds
[2024-01-29T20:20:49.257+0100] {processor.py:161} INFO - Started process (PID=9709) to work on /home/ubuntu/.local/lib/python3.10/site-packages/airflow/example_dags/example_branch_day_of_week_operator.py
[2024-01-29T20:20:49.260+0100] {processor.py:830} INFO - Processing file /home/ubuntu/.local/lib/python3.10/site-packages/airflow/example_dags/example_branch_day_of_week_operator.py for tasks to queue
[2024-01-29T20:20:49.262+0100] {logging_mixin.py:188} INFO - [2024-01-29T20:20:49.261+0100] {dagbag.py:538} INFO - Filling up the DagBag from /home/ubuntu/.local/lib/python3.10/site-packages/airflow/example_dags/example_branch_day_of_week_operator.py
[2024-01-29T20:20:49.272+0100] {processor.py:840} INFO - DAG(s) 'example_weekday_branch_operator' retrieved from /home/ubuntu/.local/lib/python3.10/site-packages/airflow/example_dags/example_branch_day_of_week_operator.py
[2024-01-29T20:20:49.295+0100] {logging_mixin.py:188} INFO - [2024-01-29T20:20:49.295+0100] {dag.py:3033} INFO - Sync 1 DAGs
[2024-01-29T20:20:49.320+0100] {logging_mixin.py:188} INFO - [2024-01-29T20:20:49.320+0100] {dag.py:3820} INFO - Setting next_dagrun for example_weekday_branch_operator to 2024-01-28T00:00:00+00:00, run_after=2024-01-29T00:00:00+00:00
[2024-01-29T20:20:49.380+0100] {processor.py:183} INFO - Processing /home/ubuntu/.local/lib/python3.10/site-packages/airflow/example_dags/example_branch_day_of_week_operator.py took 0.128 seconds
