[2024-01-29T19:53:53.321+0100] {processor.py:161} INFO - Started process (PID=7805) to work on /home/ubuntu/.local/lib/python3.10/site-packages/airflow/example_dags/example_sla_dag.py
[2024-01-29T19:53:53.323+0100] {processor.py:830} INFO - Processing file /home/ubuntu/.local/lib/python3.10/site-packages/airflow/example_dags/example_sla_dag.py for tasks to queue
[2024-01-29T19:53:53.324+0100] {logging_mixin.py:188} INFO - [2024-01-29T19:53:53.324+0100] {dagbag.py:538} INFO - Filling up the DagBag from /home/ubuntu/.local/lib/python3.10/site-packages/airflow/example_dags/example_sla_dag.py
[2024-01-29T19:53:53.753+0100] {processor.py:840} INFO - DAG(s) 'example_sla_dag' retrieved from /home/ubuntu/.local/lib/python3.10/site-packages/airflow/example_dags/example_sla_dag.py
[2024-01-29T19:53:54.107+0100] {logging_mixin.py:188} INFO - [2024-01-29T19:53:54.107+0100] {dag.py:3033} INFO - Sync 1 DAGs
[2024-01-29T19:53:54.393+0100] {logging_mixin.py:188} INFO - [2024-01-29T19:53:54.393+0100] {dag.py:3820} INFO - Setting next_dagrun for example_sla_dag to 2024-01-29T18:50:00+00:00, run_after=2024-01-29T18:52:00+00:00
[2024-01-29T19:53:54.492+0100] {processor.py:183} INFO - Processing /home/ubuntu/.local/lib/python3.10/site-packages/airflow/example_dags/example_sla_dag.py took 1.185 seconds
[2024-01-29T19:55:17.589+0100] {processor.py:161} INFO - Started process (PID=7920) to work on /home/ubuntu/.local/lib/python3.10/site-packages/airflow/example_dags/example_sla_dag.py
[2024-01-29T19:55:17.592+0100] {processor.py:830} INFO - Processing file /home/ubuntu/.local/lib/python3.10/site-packages/airflow/example_dags/example_sla_dag.py for tasks to queue
[2024-01-29T19:55:17.593+0100] {logging_mixin.py:188} INFO - [2024-01-29T19:55:17.593+0100] {dagbag.py:538} INFO - Filling up the DagBag from /home/ubuntu/.local/lib/python3.10/site-packages/airflow/example_dags/example_sla_dag.py
[2024-01-29T19:55:17.605+0100] {processor.py:840} INFO - DAG(s) 'example_sla_dag' retrieved from /home/ubuntu/.local/lib/python3.10/site-packages/airflow/example_dags/example_sla_dag.py
[2024-01-29T19:55:17.744+0100] {logging_mixin.py:188} INFO - [2024-01-29T19:55:17.744+0100] {dag.py:3033} INFO - Sync 1 DAGs
[2024-01-29T19:55:17.765+0100] {logging_mixin.py:188} INFO - [2024-01-29T19:55:17.764+0100] {dag.py:3820} INFO - Setting next_dagrun for example_sla_dag to 2024-01-29T18:52:00+00:00, run_after=2024-01-29T18:54:00+00:00
[2024-01-29T19:55:17.797+0100] {processor.py:183} INFO - Processing /home/ubuntu/.local/lib/python3.10/site-packages/airflow/example_dags/example_sla_dag.py took 0.211 seconds
[2024-01-29T19:56:40.126+0100] {processor.py:161} INFO - Started process (PID=7999) to work on /home/ubuntu/.local/lib/python3.10/site-packages/airflow/example_dags/example_sla_dag.py
[2024-01-29T19:56:40.128+0100] {processor.py:830} INFO - Processing file /home/ubuntu/.local/lib/python3.10/site-packages/airflow/example_dags/example_sla_dag.py for tasks to queue
[2024-01-29T19:56:40.129+0100] {logging_mixin.py:188} INFO - [2024-01-29T19:56:40.129+0100] {dagbag.py:538} INFO - Filling up the DagBag from /home/ubuntu/.local/lib/python3.10/site-packages/airflow/example_dags/example_sla_dag.py
[2024-01-29T19:56:40.145+0100] {processor.py:840} INFO - DAG(s) 'example_sla_dag' retrieved from /home/ubuntu/.local/lib/python3.10/site-packages/airflow/example_dags/example_sla_dag.py
[2024-01-29T19:56:40.178+0100] {logging_mixin.py:188} INFO - [2024-01-29T19:56:40.178+0100] {dag.py:3033} INFO - Sync 1 DAGs
[2024-01-29T19:56:40.212+0100] {logging_mixin.py:188} INFO - [2024-01-29T19:56:40.212+0100] {dag.py:3820} INFO - Setting next_dagrun for example_sla_dag to 2024-01-29T18:54:00+00:00, run_after=2024-01-29T18:56:00+00:00
[2024-01-29T19:56:40.245+0100] {processor.py:183} INFO - Processing /home/ubuntu/.local/lib/python3.10/site-packages/airflow/example_dags/example_sla_dag.py took 0.123 seconds
[2024-01-29T19:57:22.448+0100] {processor.py:161} INFO - Started process (PID=8041) to work on /home/ubuntu/.local/lib/python3.10/site-packages/airflow/example_dags/example_sla_dag.py
[2024-01-29T19:57:22.450+0100] {processor.py:830} INFO - Processing file /home/ubuntu/.local/lib/python3.10/site-packages/airflow/example_dags/example_sla_dag.py for tasks to queue
[2024-01-29T19:57:22.451+0100] {logging_mixin.py:188} INFO - [2024-01-29T19:57:22.451+0100] {dagbag.py:538} INFO - Filling up the DagBag from /home/ubuntu/.local/lib/python3.10/site-packages/airflow/example_dags/example_sla_dag.py
[2024-01-29T19:57:22.461+0100] {processor.py:840} INFO - DAG(s) 'example_sla_dag' retrieved from /home/ubuntu/.local/lib/python3.10/site-packages/airflow/example_dags/example_sla_dag.py
[2024-01-29T19:57:22.478+0100] {logging_mixin.py:188} INFO - [2024-01-29T19:57:22.478+0100] {dag.py:3033} INFO - Sync 1 DAGs
[2024-01-29T19:57:22.504+0100] {logging_mixin.py:188} INFO - [2024-01-29T19:57:22.503+0100] {dag.py:3820} INFO - Setting next_dagrun for example_sla_dag to 2024-01-29T18:54:00+00:00, run_after=2024-01-29T18:56:00+00:00
[2024-01-29T19:57:22.533+0100] {processor.py:183} INFO - Processing /home/ubuntu/.local/lib/python3.10/site-packages/airflow/example_dags/example_sla_dag.py took 0.088 seconds
[2024-01-29T19:58:14.925+0100] {processor.py:161} INFO - Started process (PID=8101) to work on /home/ubuntu/.local/lib/python3.10/site-packages/airflow/example_dags/example_sla_dag.py
[2024-01-29T19:58:14.928+0100] {processor.py:830} INFO - Processing file /home/ubuntu/.local/lib/python3.10/site-packages/airflow/example_dags/example_sla_dag.py for tasks to queue
[2024-01-29T19:58:14.929+0100] {logging_mixin.py:188} INFO - [2024-01-29T19:58:14.928+0100] {dagbag.py:538} INFO - Filling up the DagBag from /home/ubuntu/.local/lib/python3.10/site-packages/airflow/example_dags/example_sla_dag.py
[2024-01-29T19:58:14.937+0100] {processor.py:840} INFO - DAG(s) 'example_sla_dag' retrieved from /home/ubuntu/.local/lib/python3.10/site-packages/airflow/example_dags/example_sla_dag.py
[2024-01-29T19:58:14.951+0100] {logging_mixin.py:188} INFO - [2024-01-29T19:58:14.951+0100] {dag.py:3033} INFO - Sync 1 DAGs
[2024-01-29T19:58:14.970+0100] {logging_mixin.py:188} INFO - [2024-01-29T19:58:14.969+0100] {dag.py:3820} INFO - Setting next_dagrun for example_sla_dag to 2024-01-29T18:56:00+00:00, run_after=2024-01-29T18:58:00+00:00
[2024-01-29T19:58:15.002+0100] {processor.py:183} INFO - Processing /home/ubuntu/.local/lib/python3.10/site-packages/airflow/example_dags/example_sla_dag.py took 0.080 seconds
[2024-01-29T19:59:00.784+0100] {processor.py:161} INFO - Started process (PID=8154) to work on /home/ubuntu/.local/lib/python3.10/site-packages/airflow/example_dags/example_sla_dag.py
[2024-01-29T19:59:00.787+0100] {processor.py:830} INFO - Processing file /home/ubuntu/.local/lib/python3.10/site-packages/airflow/example_dags/example_sla_dag.py for tasks to queue
[2024-01-29T19:59:00.788+0100] {logging_mixin.py:188} INFO - [2024-01-29T19:59:00.788+0100] {dagbag.py:538} INFO - Filling up the DagBag from /home/ubuntu/.local/lib/python3.10/site-packages/airflow/example_dags/example_sla_dag.py
[2024-01-29T19:59:00.805+0100] {processor.py:840} INFO - DAG(s) 'example_sla_dag' retrieved from /home/ubuntu/.local/lib/python3.10/site-packages/airflow/example_dags/example_sla_dag.py
[2024-01-29T19:59:00.822+0100] {logging_mixin.py:188} INFO - [2024-01-29T19:59:00.822+0100] {dag.py:3033} INFO - Sync 1 DAGs
[2024-01-29T19:59:00.846+0100] {logging_mixin.py:188} INFO - [2024-01-29T19:59:00.846+0100] {dag.py:3820} INFO - Setting next_dagrun for example_sla_dag to 2024-01-29T18:56:00+00:00, run_after=2024-01-29T18:58:00+00:00
[2024-01-29T19:59:00.877+0100] {processor.py:183} INFO - Processing /home/ubuntu/.local/lib/python3.10/site-packages/airflow/example_dags/example_sla_dag.py took 0.100 seconds
[2024-01-29T19:59:44.902+0100] {processor.py:161} INFO - Started process (PID=8214) to work on /home/ubuntu/.local/lib/python3.10/site-packages/airflow/example_dags/example_sla_dag.py
[2024-01-29T19:59:44.923+0100] {processor.py:830} INFO - Processing file /home/ubuntu/.local/lib/python3.10/site-packages/airflow/example_dags/example_sla_dag.py for tasks to queue
[2024-01-29T19:59:44.924+0100] {logging_mixin.py:188} INFO - [2024-01-29T19:59:44.924+0100] {dagbag.py:538} INFO - Filling up the DagBag from /home/ubuntu/.local/lib/python3.10/site-packages/airflow/example_dags/example_sla_dag.py
[2024-01-29T19:59:45.014+0100] {processor.py:840} INFO - DAG(s) 'example_sla_dag' retrieved from /home/ubuntu/.local/lib/python3.10/site-packages/airflow/example_dags/example_sla_dag.py
[2024-01-29T19:59:45.079+0100] {logging_mixin.py:188} INFO - [2024-01-29T19:59:45.079+0100] {dag.py:3033} INFO - Sync 1 DAGs
[2024-01-29T19:59:45.194+0100] {logging_mixin.py:188} INFO - [2024-01-29T19:59:45.180+0100] {dag.py:3820} INFO - Setting next_dagrun for example_sla_dag to 2024-01-29T18:56:00+00:00, run_after=2024-01-29T18:58:00+00:00
[2024-01-29T19:59:45.744+0100] {processor.py:183} INFO - Processing /home/ubuntu/.local/lib/python3.10/site-packages/airflow/example_dags/example_sla_dag.py took 0.864 seconds
[2024-01-29T20:00:30.292+0100] {processor.py:161} INFO - Started process (PID=8244) to work on /home/ubuntu/.local/lib/python3.10/site-packages/airflow/example_dags/example_sla_dag.py
[2024-01-29T20:00:30.332+0100] {processor.py:830} INFO - Processing file /home/ubuntu/.local/lib/python3.10/site-packages/airflow/example_dags/example_sla_dag.py for tasks to queue
[2024-01-29T20:00:30.333+0100] {logging_mixin.py:188} INFO - [2024-01-29T20:00:30.333+0100] {dagbag.py:538} INFO - Filling up the DagBag from /home/ubuntu/.local/lib/python3.10/site-packages/airflow/example_dags/example_sla_dag.py
[2024-01-29T20:00:30.403+0100] {processor.py:840} INFO - DAG(s) 'example_sla_dag' retrieved from /home/ubuntu/.local/lib/python3.10/site-packages/airflow/example_dags/example_sla_dag.py
[2024-01-29T20:00:30.490+0100] {logging_mixin.py:188} INFO - [2024-01-29T20:00:30.490+0100] {dag.py:3033} INFO - Sync 1 DAGs
[2024-01-29T20:00:30.628+0100] {logging_mixin.py:188} INFO - [2024-01-29T20:00:30.628+0100] {dag.py:3820} INFO - Setting next_dagrun for example_sla_dag to 2024-01-29T18:58:00+00:00, run_after=2024-01-29T19:00:00+00:00
[2024-01-29T20:00:30.930+0100] {processor.py:183} INFO - Processing /home/ubuntu/.local/lib/python3.10/site-packages/airflow/example_dags/example_sla_dag.py took 0.647 seconds
[2024-01-29T20:01:08.674+0100] {processor.py:161} INFO - Started process (PID=8288) to work on /home/ubuntu/.local/lib/python3.10/site-packages/airflow/example_dags/example_sla_dag.py
[2024-01-29T20:01:08.676+0100] {processor.py:830} INFO - Processing file /home/ubuntu/.local/lib/python3.10/site-packages/airflow/example_dags/example_sla_dag.py for tasks to queue
[2024-01-29T20:01:08.677+0100] {logging_mixin.py:188} INFO - [2024-01-29T20:01:08.677+0100] {dagbag.py:538} INFO - Filling up the DagBag from /home/ubuntu/.local/lib/python3.10/site-packages/airflow/example_dags/example_sla_dag.py
[2024-01-29T20:01:08.690+0100] {processor.py:840} INFO - DAG(s) 'example_sla_dag' retrieved from /home/ubuntu/.local/lib/python3.10/site-packages/airflow/example_dags/example_sla_dag.py
[2024-01-29T20:01:08.715+0100] {logging_mixin.py:188} INFO - [2024-01-29T20:01:08.715+0100] {dag.py:3033} INFO - Sync 1 DAGs
[2024-01-29T20:01:08.750+0100] {logging_mixin.py:188} INFO - [2024-01-29T20:01:08.749+0100] {dag.py:3820} INFO - Setting next_dagrun for example_sla_dag to 2024-01-29T18:58:00+00:00, run_after=2024-01-29T19:00:00+00:00
[2024-01-29T20:01:08.790+0100] {processor.py:183} INFO - Processing /home/ubuntu/.local/lib/python3.10/site-packages/airflow/example_dags/example_sla_dag.py took 0.119 seconds
[2024-01-29T20:01:55.941+0100] {processor.py:161} INFO - Started process (PID=8341) to work on /home/ubuntu/.local/lib/python3.10/site-packages/airflow/example_dags/example_sla_dag.py
[2024-01-29T20:01:55.943+0100] {processor.py:830} INFO - Processing file /home/ubuntu/.local/lib/python3.10/site-packages/airflow/example_dags/example_sla_dag.py for tasks to queue
[2024-01-29T20:01:55.944+0100] {logging_mixin.py:188} INFO - [2024-01-29T20:01:55.944+0100] {dagbag.py:538} INFO - Filling up the DagBag from /home/ubuntu/.local/lib/python3.10/site-packages/airflow/example_dags/example_sla_dag.py
[2024-01-29T20:01:55.957+0100] {processor.py:840} INFO - DAG(s) 'example_sla_dag' retrieved from /home/ubuntu/.local/lib/python3.10/site-packages/airflow/example_dags/example_sla_dag.py
[2024-01-29T20:01:55.973+0100] {logging_mixin.py:188} INFO - [2024-01-29T20:01:55.973+0100] {dag.py:3033} INFO - Sync 1 DAGs
[2024-01-29T20:01:56.001+0100] {logging_mixin.py:188} INFO - [2024-01-29T20:01:56.001+0100] {dag.py:3820} INFO - Setting next_dagrun for example_sla_dag to 2024-01-29T18:58:00+00:00, run_after=2024-01-29T19:00:00+00:00
[2024-01-29T20:01:56.033+0100] {processor.py:183} INFO - Processing /home/ubuntu/.local/lib/python3.10/site-packages/airflow/example_dags/example_sla_dag.py took 0.096 seconds
[2024-01-29T20:02:51.373+0100] {processor.py:161} INFO - Started process (PID=8436) to work on /home/ubuntu/.local/lib/python3.10/site-packages/airflow/example_dags/example_sla_dag.py
[2024-01-29T20:02:51.379+0100] {processor.py:830} INFO - Processing file /home/ubuntu/.local/lib/python3.10/site-packages/airflow/example_dags/example_sla_dag.py for tasks to queue
[2024-01-29T20:02:51.381+0100] {logging_mixin.py:188} INFO - [2024-01-29T20:02:51.380+0100] {dagbag.py:538} INFO - Filling up the DagBag from /home/ubuntu/.local/lib/python3.10/site-packages/airflow/example_dags/example_sla_dag.py
[2024-01-29T20:02:51.422+0100] {processor.py:840} INFO - DAG(s) 'example_sla_dag' retrieved from /home/ubuntu/.local/lib/python3.10/site-packages/airflow/example_dags/example_sla_dag.py
[2024-01-29T20:02:51.511+0100] {logging_mixin.py:188} INFO - [2024-01-29T20:02:51.509+0100] {dag.py:3033} INFO - Sync 1 DAGs
[2024-01-29T20:02:51.562+0100] {logging_mixin.py:188} INFO - [2024-01-29T20:02:51.562+0100] {dag.py:3820} INFO - Setting next_dagrun for example_sla_dag to 2024-01-29T19:00:00+00:00, run_after=2024-01-29T19:02:00+00:00
[2024-01-29T20:02:51.601+0100] {processor.py:183} INFO - Processing /home/ubuntu/.local/lib/python3.10/site-packages/airflow/example_dags/example_sla_dag.py took 0.236 seconds
[2024-01-29T20:03:42.831+0100] {processor.py:161} INFO - Started process (PID=8493) to work on /home/ubuntu/.local/lib/python3.10/site-packages/airflow/example_dags/example_sla_dag.py
[2024-01-29T20:03:42.833+0100] {processor.py:830} INFO - Processing file /home/ubuntu/.local/lib/python3.10/site-packages/airflow/example_dags/example_sla_dag.py for tasks to queue
[2024-01-29T20:03:42.835+0100] {logging_mixin.py:188} INFO - [2024-01-29T20:03:42.835+0100] {dagbag.py:538} INFO - Filling up the DagBag from /home/ubuntu/.local/lib/python3.10/site-packages/airflow/example_dags/example_sla_dag.py
[2024-01-29T20:03:42.845+0100] {processor.py:840} INFO - DAG(s) 'example_sla_dag' retrieved from /home/ubuntu/.local/lib/python3.10/site-packages/airflow/example_dags/example_sla_dag.py
[2024-01-29T20:03:42.865+0100] {logging_mixin.py:188} INFO - [2024-01-29T20:03:42.865+0100] {dag.py:3033} INFO - Sync 1 DAGs
[2024-01-29T20:03:42.888+0100] {logging_mixin.py:188} INFO - [2024-01-29T20:03:42.888+0100] {dag.py:3820} INFO - Setting next_dagrun for example_sla_dag to 2024-01-29T19:00:00+00:00, run_after=2024-01-29T19:02:00+00:00
[2024-01-29T20:03:42.928+0100] {processor.py:183} INFO - Processing /home/ubuntu/.local/lib/python3.10/site-packages/airflow/example_dags/example_sla_dag.py took 0.101 seconds
[2024-01-29T20:04:28.204+0100] {processor.py:161} INFO - Started process (PID=8546) to work on /home/ubuntu/.local/lib/python3.10/site-packages/airflow/example_dags/example_sla_dag.py
[2024-01-29T20:04:28.206+0100] {processor.py:830} INFO - Processing file /home/ubuntu/.local/lib/python3.10/site-packages/airflow/example_dags/example_sla_dag.py for tasks to queue
[2024-01-29T20:04:28.207+0100] {logging_mixin.py:188} INFO - [2024-01-29T20:04:28.206+0100] {dagbag.py:538} INFO - Filling up the DagBag from /home/ubuntu/.local/lib/python3.10/site-packages/airflow/example_dags/example_sla_dag.py
[2024-01-29T20:04:28.219+0100] {processor.py:840} INFO - DAG(s) 'example_sla_dag' retrieved from /home/ubuntu/.local/lib/python3.10/site-packages/airflow/example_dags/example_sla_dag.py
[2024-01-29T20:04:28.236+0100] {logging_mixin.py:188} INFO - [2024-01-29T20:04:28.236+0100] {dag.py:3033} INFO - Sync 1 DAGs
[2024-01-29T20:04:28.256+0100] {logging_mixin.py:188} INFO - [2024-01-29T20:04:28.256+0100] {dag.py:3820} INFO - Setting next_dagrun for example_sla_dag to 2024-01-29T19:02:00+00:00, run_after=2024-01-29T19:04:00+00:00
[2024-01-29T20:04:28.318+0100] {processor.py:183} INFO - Processing /home/ubuntu/.local/lib/python3.10/site-packages/airflow/example_dags/example_sla_dag.py took 0.132 seconds
[2024-01-29T20:05:36.459+0100] {processor.py:161} INFO - Started process (PID=8620) to work on /home/ubuntu/.local/lib/python3.10/site-packages/airflow/example_dags/example_sla_dag.py
[2024-01-29T20:05:36.464+0100] {processor.py:830} INFO - Processing file /home/ubuntu/.local/lib/python3.10/site-packages/airflow/example_dags/example_sla_dag.py for tasks to queue
[2024-01-29T20:05:36.466+0100] {logging_mixin.py:188} INFO - [2024-01-29T20:05:36.465+0100] {dagbag.py:538} INFO - Filling up the DagBag from /home/ubuntu/.local/lib/python3.10/site-packages/airflow/example_dags/example_sla_dag.py
[2024-01-29T20:05:36.481+0100] {processor.py:840} INFO - DAG(s) 'example_sla_dag' retrieved from /home/ubuntu/.local/lib/python3.10/site-packages/airflow/example_dags/example_sla_dag.py
[2024-01-29T20:05:36.510+0100] {logging_mixin.py:188} INFO - [2024-01-29T20:05:36.510+0100] {dag.py:3033} INFO - Sync 1 DAGs
[2024-01-29T20:05:36.539+0100] {logging_mixin.py:188} INFO - [2024-01-29T20:05:36.539+0100] {dag.py:3820} INFO - Setting next_dagrun for example_sla_dag to 2024-01-29T19:02:00+00:00, run_after=2024-01-29T19:04:00+00:00
[2024-01-29T20:05:36.573+0100] {processor.py:183} INFO - Processing /home/ubuntu/.local/lib/python3.10/site-packages/airflow/example_dags/example_sla_dag.py took 0.119 seconds
[2024-01-29T20:06:56.871+0100] {processor.py:161} INFO - Started process (PID=8695) to work on /home/ubuntu/.local/lib/python3.10/site-packages/airflow/example_dags/example_sla_dag.py
[2024-01-29T20:06:56.874+0100] {processor.py:830} INFO - Processing file /home/ubuntu/.local/lib/python3.10/site-packages/airflow/example_dags/example_sla_dag.py for tasks to queue
[2024-01-29T20:06:56.875+0100] {logging_mixin.py:188} INFO - [2024-01-29T20:06:56.874+0100] {dagbag.py:538} INFO - Filling up the DagBag from /home/ubuntu/.local/lib/python3.10/site-packages/airflow/example_dags/example_sla_dag.py
[2024-01-29T20:06:56.884+0100] {processor.py:840} INFO - DAG(s) 'example_sla_dag' retrieved from /home/ubuntu/.local/lib/python3.10/site-packages/airflow/example_dags/example_sla_dag.py
[2024-01-29T20:06:56.904+0100] {logging_mixin.py:188} INFO - [2024-01-29T20:06:56.904+0100] {dag.py:3033} INFO - Sync 1 DAGs
[2024-01-29T20:06:56.927+0100] {logging_mixin.py:188} INFO - [2024-01-29T20:06:56.927+0100] {dag.py:3820} INFO - Setting next_dagrun for example_sla_dag to 2024-01-29T19:04:00+00:00, run_after=2024-01-29T19:06:00+00:00
[2024-01-29T20:06:56.961+0100] {processor.py:183} INFO - Processing /home/ubuntu/.local/lib/python3.10/site-packages/airflow/example_dags/example_sla_dag.py took 0.093 seconds
[2024-01-29T20:07:35.280+0100] {processor.py:161} INFO - Started process (PID=8743) to work on /home/ubuntu/.local/lib/python3.10/site-packages/airflow/example_dags/example_sla_dag.py
[2024-01-29T20:07:35.286+0100] {processor.py:830} INFO - Processing file /home/ubuntu/.local/lib/python3.10/site-packages/airflow/example_dags/example_sla_dag.py for tasks to queue
[2024-01-29T20:07:35.304+0100] {logging_mixin.py:188} INFO - [2024-01-29T20:07:35.304+0100] {dagbag.py:538} INFO - Filling up the DagBag from /home/ubuntu/.local/lib/python3.10/site-packages/airflow/example_dags/example_sla_dag.py
[2024-01-29T20:07:35.339+0100] {processor.py:840} INFO - DAG(s) 'example_sla_dag' retrieved from /home/ubuntu/.local/lib/python3.10/site-packages/airflow/example_dags/example_sla_dag.py
[2024-01-29T20:07:35.405+0100] {logging_mixin.py:188} INFO - [2024-01-29T20:07:35.398+0100] {dag.py:3033} INFO - Sync 1 DAGs
[2024-01-29T20:07:35.469+0100] {logging_mixin.py:188} INFO - [2024-01-29T20:07:35.468+0100] {dag.py:3820} INFO - Setting next_dagrun for example_sla_dag to 2024-01-29T19:04:00+00:00, run_after=2024-01-29T19:06:00+00:00
[2024-01-29T20:07:35.566+0100] {processor.py:183} INFO - Processing /home/ubuntu/.local/lib/python3.10/site-packages/airflow/example_dags/example_sla_dag.py took 0.399 seconds
[2024-01-29T20:08:31.226+0100] {processor.py:161} INFO - Started process (PID=8803) to work on /home/ubuntu/.local/lib/python3.10/site-packages/airflow/example_dags/example_sla_dag.py
[2024-01-29T20:08:31.228+0100] {processor.py:830} INFO - Processing file /home/ubuntu/.local/lib/python3.10/site-packages/airflow/example_dags/example_sla_dag.py for tasks to queue
[2024-01-29T20:08:31.229+0100] {logging_mixin.py:188} INFO - [2024-01-29T20:08:31.228+0100] {dagbag.py:538} INFO - Filling up the DagBag from /home/ubuntu/.local/lib/python3.10/site-packages/airflow/example_dags/example_sla_dag.py
[2024-01-29T20:08:31.238+0100] {processor.py:840} INFO - DAG(s) 'example_sla_dag' retrieved from /home/ubuntu/.local/lib/python3.10/site-packages/airflow/example_dags/example_sla_dag.py
[2024-01-29T20:08:31.259+0100] {logging_mixin.py:188} INFO - [2024-01-29T20:08:31.259+0100] {dag.py:3033} INFO - Sync 1 DAGs
[2024-01-29T20:08:31.282+0100] {logging_mixin.py:188} INFO - [2024-01-29T20:08:31.282+0100] {dag.py:3820} INFO - Setting next_dagrun for example_sla_dag to 2024-01-29T19:06:00+00:00, run_after=2024-01-29T19:08:00+00:00
[2024-01-29T20:08:31.314+0100] {processor.py:183} INFO - Processing /home/ubuntu/.local/lib/python3.10/site-packages/airflow/example_dags/example_sla_dag.py took 0.093 seconds
[2024-01-29T20:09:13.142+0100] {processor.py:161} INFO - Started process (PID=8857) to work on /home/ubuntu/.local/lib/python3.10/site-packages/airflow/example_dags/example_sla_dag.py
[2024-01-29T20:09:13.153+0100] {processor.py:830} INFO - Processing file /home/ubuntu/.local/lib/python3.10/site-packages/airflow/example_dags/example_sla_dag.py for tasks to queue
[2024-01-29T20:09:13.154+0100] {logging_mixin.py:188} INFO - [2024-01-29T20:09:13.154+0100] {dagbag.py:538} INFO - Filling up the DagBag from /home/ubuntu/.local/lib/python3.10/site-packages/airflow/example_dags/example_sla_dag.py
[2024-01-29T20:09:13.165+0100] {processor.py:840} INFO - DAG(s) 'example_sla_dag' retrieved from /home/ubuntu/.local/lib/python3.10/site-packages/airflow/example_dags/example_sla_dag.py
[2024-01-29T20:09:13.200+0100] {logging_mixin.py:188} INFO - [2024-01-29T20:09:13.199+0100] {dag.py:3033} INFO - Sync 1 DAGs
[2024-01-29T20:09:13.244+0100] {logging_mixin.py:188} INFO - [2024-01-29T20:09:13.244+0100] {dag.py:3820} INFO - Setting next_dagrun for example_sla_dag to 2024-01-29T19:06:00+00:00, run_after=2024-01-29T19:08:00+00:00
[2024-01-29T20:09:13.289+0100] {processor.py:183} INFO - Processing /home/ubuntu/.local/lib/python3.10/site-packages/airflow/example_dags/example_sla_dag.py took 0.151 seconds
[2024-01-29T20:10:01.287+0100] {processor.py:161} INFO - Started process (PID=8918) to work on /home/ubuntu/.local/lib/python3.10/site-packages/airflow/example_dags/example_sla_dag.py
[2024-01-29T20:10:01.299+0100] {processor.py:830} INFO - Processing file /home/ubuntu/.local/lib/python3.10/site-packages/airflow/example_dags/example_sla_dag.py for tasks to queue
[2024-01-29T20:10:01.308+0100] {logging_mixin.py:188} INFO - [2024-01-29T20:10:01.305+0100] {dagbag.py:538} INFO - Filling up the DagBag from /home/ubuntu/.local/lib/python3.10/site-packages/airflow/example_dags/example_sla_dag.py
[2024-01-29T20:10:01.336+0100] {processor.py:840} INFO - DAG(s) 'example_sla_dag' retrieved from /home/ubuntu/.local/lib/python3.10/site-packages/airflow/example_dags/example_sla_dag.py
[2024-01-29T20:10:01.421+0100] {logging_mixin.py:188} INFO - [2024-01-29T20:10:01.421+0100] {dag.py:3033} INFO - Sync 1 DAGs
[2024-01-29T20:10:01.486+0100] {logging_mixin.py:188} INFO - [2024-01-29T20:10:01.485+0100] {dag.py:3820} INFO - Setting next_dagrun for example_sla_dag to 2024-01-29T19:08:00+00:00, run_after=2024-01-29T19:10:00+00:00
[2024-01-29T20:10:01.641+0100] {processor.py:183} INFO - Processing /home/ubuntu/.local/lib/python3.10/site-packages/airflow/example_dags/example_sla_dag.py took 0.366 seconds
[2024-01-29T20:10:49.204+0100] {processor.py:161} INFO - Started process (PID=8973) to work on /home/ubuntu/.local/lib/python3.10/site-packages/airflow/example_dags/example_sla_dag.py
[2024-01-29T20:10:49.207+0100] {processor.py:830} INFO - Processing file /home/ubuntu/.local/lib/python3.10/site-packages/airflow/example_dags/example_sla_dag.py for tasks to queue
[2024-01-29T20:10:49.209+0100] {logging_mixin.py:188} INFO - [2024-01-29T20:10:49.208+0100] {dagbag.py:538} INFO - Filling up the DagBag from /home/ubuntu/.local/lib/python3.10/site-packages/airflow/example_dags/example_sla_dag.py
[2024-01-29T20:10:49.223+0100] {processor.py:840} INFO - DAG(s) 'example_sla_dag' retrieved from /home/ubuntu/.local/lib/python3.10/site-packages/airflow/example_dags/example_sla_dag.py
[2024-01-29T20:10:49.248+0100] {logging_mixin.py:188} INFO - [2024-01-29T20:10:49.248+0100] {dag.py:3033} INFO - Sync 1 DAGs
[2024-01-29T20:10:49.313+0100] {logging_mixin.py:188} INFO - [2024-01-29T20:10:49.312+0100] {dag.py:3820} INFO - Setting next_dagrun for example_sla_dag to 2024-01-29T19:08:00+00:00, run_after=2024-01-29T19:10:00+00:00
[2024-01-29T20:10:49.392+0100] {processor.py:183} INFO - Processing /home/ubuntu/.local/lib/python3.10/site-packages/airflow/example_dags/example_sla_dag.py took 0.193 seconds
[2024-01-29T20:11:41.577+0100] {processor.py:161} INFO - Started process (PID=9035) to work on /home/ubuntu/.local/lib/python3.10/site-packages/airflow/example_dags/example_sla_dag.py
[2024-01-29T20:11:41.581+0100] {processor.py:830} INFO - Processing file /home/ubuntu/.local/lib/python3.10/site-packages/airflow/example_dags/example_sla_dag.py for tasks to queue
[2024-01-29T20:11:41.582+0100] {logging_mixin.py:188} INFO - [2024-01-29T20:11:41.581+0100] {dagbag.py:538} INFO - Filling up the DagBag from /home/ubuntu/.local/lib/python3.10/site-packages/airflow/example_dags/example_sla_dag.py
[2024-01-29T20:11:41.594+0100] {processor.py:840} INFO - DAG(s) 'example_sla_dag' retrieved from /home/ubuntu/.local/lib/python3.10/site-packages/airflow/example_dags/example_sla_dag.py
[2024-01-29T20:11:41.609+0100] {logging_mixin.py:188} INFO - [2024-01-29T20:11:41.609+0100] {dag.py:3033} INFO - Sync 1 DAGs
[2024-01-29T20:11:41.628+0100] {logging_mixin.py:188} INFO - [2024-01-29T20:11:41.628+0100] {dag.py:3820} INFO - Setting next_dagrun for example_sla_dag to 2024-01-29T19:08:00+00:00, run_after=2024-01-29T19:10:00+00:00
[2024-01-29T20:11:41.672+0100] {processor.py:183} INFO - Processing /home/ubuntu/.local/lib/python3.10/site-packages/airflow/example_dags/example_sla_dag.py took 0.097 seconds
[2024-01-29T20:12:38.949+0100] {processor.py:161} INFO - Started process (PID=9111) to work on /home/ubuntu/.local/lib/python3.10/site-packages/airflow/example_dags/example_sla_dag.py
[2024-01-29T20:12:38.952+0100] {processor.py:830} INFO - Processing file /home/ubuntu/.local/lib/python3.10/site-packages/airflow/example_dags/example_sla_dag.py for tasks to queue
[2024-01-29T20:12:38.953+0100] {logging_mixin.py:188} INFO - [2024-01-29T20:12:38.952+0100] {dagbag.py:538} INFO - Filling up the DagBag from /home/ubuntu/.local/lib/python3.10/site-packages/airflow/example_dags/example_sla_dag.py
[2024-01-29T20:12:38.963+0100] {processor.py:840} INFO - DAG(s) 'example_sla_dag' retrieved from /home/ubuntu/.local/lib/python3.10/site-packages/airflow/example_dags/example_sla_dag.py
[2024-01-29T20:12:39.008+0100] {logging_mixin.py:188} INFO - [2024-01-29T20:12:39.008+0100] {dag.py:3033} INFO - Sync 1 DAGs
[2024-01-29T20:12:39.272+0100] {logging_mixin.py:188} INFO - [2024-01-29T20:12:39.268+0100] {dag.py:3820} INFO - Setting next_dagrun for example_sla_dag to 2024-01-29T19:10:00+00:00, run_after=2024-01-29T19:12:00+00:00
[2024-01-29T20:12:39.477+0100] {processor.py:183} INFO - Processing /home/ubuntu/.local/lib/python3.10/site-packages/airflow/example_dags/example_sla_dag.py took 0.532 seconds
[2024-01-29T20:13:23.083+0100] {processor.py:161} INFO - Started process (PID=9189) to work on /home/ubuntu/.local/lib/python3.10/site-packages/airflow/example_dags/example_sla_dag.py
[2024-01-29T20:13:23.124+0100] {processor.py:830} INFO - Processing file /home/ubuntu/.local/lib/python3.10/site-packages/airflow/example_dags/example_sla_dag.py for tasks to queue
[2024-01-29T20:13:23.125+0100] {logging_mixin.py:188} INFO - [2024-01-29T20:13:23.124+0100] {dagbag.py:538} INFO - Filling up the DagBag from /home/ubuntu/.local/lib/python3.10/site-packages/airflow/example_dags/example_sla_dag.py
[2024-01-29T20:13:23.185+0100] {processor.py:840} INFO - DAG(s) 'example_sla_dag' retrieved from /home/ubuntu/.local/lib/python3.10/site-packages/airflow/example_dags/example_sla_dag.py
[2024-01-29T20:13:23.248+0100] {logging_mixin.py:188} INFO - [2024-01-29T20:13:23.244+0100] {dag.py:3033} INFO - Sync 1 DAGs
[2024-01-29T20:13:23.296+0100] {logging_mixin.py:188} INFO - [2024-01-29T20:13:23.296+0100] {dag.py:3820} INFO - Setting next_dagrun for example_sla_dag to 2024-01-29T19:10:00+00:00, run_after=2024-01-29T19:12:00+00:00
[2024-01-29T20:13:23.573+0100] {processor.py:183} INFO - Processing /home/ubuntu/.local/lib/python3.10/site-packages/airflow/example_dags/example_sla_dag.py took 0.504 seconds
[2024-01-29T20:14:11.281+0100] {processor.py:161} INFO - Started process (PID=9240) to work on /home/ubuntu/.local/lib/python3.10/site-packages/airflow/example_dags/example_sla_dag.py
[2024-01-29T20:14:11.283+0100] {processor.py:830} INFO - Processing file /home/ubuntu/.local/lib/python3.10/site-packages/airflow/example_dags/example_sla_dag.py for tasks to queue
[2024-01-29T20:14:11.284+0100] {logging_mixin.py:188} INFO - [2024-01-29T20:14:11.283+0100] {dagbag.py:538} INFO - Filling up the DagBag from /home/ubuntu/.local/lib/python3.10/site-packages/airflow/example_dags/example_sla_dag.py
[2024-01-29T20:14:11.294+0100] {processor.py:840} INFO - DAG(s) 'example_sla_dag' retrieved from /home/ubuntu/.local/lib/python3.10/site-packages/airflow/example_dags/example_sla_dag.py
[2024-01-29T20:14:11.311+0100] {logging_mixin.py:188} INFO - [2024-01-29T20:14:11.311+0100] {dag.py:3033} INFO - Sync 1 DAGs
[2024-01-29T20:14:11.334+0100] {logging_mixin.py:188} INFO - [2024-01-29T20:14:11.334+0100] {dag.py:3820} INFO - Setting next_dagrun for example_sla_dag to 2024-01-29T19:12:00+00:00, run_after=2024-01-29T19:14:00+00:00
[2024-01-29T20:14:11.364+0100] {processor.py:183} INFO - Processing /home/ubuntu/.local/lib/python3.10/site-packages/airflow/example_dags/example_sla_dag.py took 0.087 seconds
[2024-01-29T20:15:01.736+0100] {processor.py:161} INFO - Started process (PID=9298) to work on /home/ubuntu/.local/lib/python3.10/site-packages/airflow/example_dags/example_sla_dag.py
[2024-01-29T20:15:01.739+0100] {processor.py:830} INFO - Processing file /home/ubuntu/.local/lib/python3.10/site-packages/airflow/example_dags/example_sla_dag.py for tasks to queue
[2024-01-29T20:15:01.740+0100] {logging_mixin.py:188} INFO - [2024-01-29T20:15:01.739+0100] {dagbag.py:538} INFO - Filling up the DagBag from /home/ubuntu/.local/lib/python3.10/site-packages/airflow/example_dags/example_sla_dag.py
[2024-01-29T20:15:01.753+0100] {processor.py:840} INFO - DAG(s) 'example_sla_dag' retrieved from /home/ubuntu/.local/lib/python3.10/site-packages/airflow/example_dags/example_sla_dag.py
[2024-01-29T20:15:01.770+0100] {logging_mixin.py:188} INFO - [2024-01-29T20:15:01.770+0100] {dag.py:3033} INFO - Sync 1 DAGs
[2024-01-29T20:15:01.791+0100] {logging_mixin.py:188} INFO - [2024-01-29T20:15:01.791+0100] {dag.py:3820} INFO - Setting next_dagrun for example_sla_dag to 2024-01-29T19:12:00+00:00, run_after=2024-01-29T19:14:00+00:00
[2024-01-29T20:15:01.827+0100] {processor.py:183} INFO - Processing /home/ubuntu/.local/lib/python3.10/site-packages/airflow/example_dags/example_sla_dag.py took 0.094 seconds
[2024-01-29T20:15:48.581+0100] {processor.py:161} INFO - Started process (PID=9350) to work on /home/ubuntu/.local/lib/python3.10/site-packages/airflow/example_dags/example_sla_dag.py
[2024-01-29T20:15:48.583+0100] {processor.py:830} INFO - Processing file /home/ubuntu/.local/lib/python3.10/site-packages/airflow/example_dags/example_sla_dag.py for tasks to queue
[2024-01-29T20:15:48.584+0100] {logging_mixin.py:188} INFO - [2024-01-29T20:15:48.584+0100] {dagbag.py:538} INFO - Filling up the DagBag from /home/ubuntu/.local/lib/python3.10/site-packages/airflow/example_dags/example_sla_dag.py
[2024-01-29T20:15:48.595+0100] {processor.py:840} INFO - DAG(s) 'example_sla_dag' retrieved from /home/ubuntu/.local/lib/python3.10/site-packages/airflow/example_dags/example_sla_dag.py
[2024-01-29T20:15:48.614+0100] {logging_mixin.py:188} INFO - [2024-01-29T20:15:48.614+0100] {dag.py:3033} INFO - Sync 1 DAGs
[2024-01-29T20:15:48.636+0100] {logging_mixin.py:188} INFO - [2024-01-29T20:15:48.636+0100] {dag.py:3820} INFO - Setting next_dagrun for example_sla_dag to 2024-01-29T19:12:00+00:00, run_after=2024-01-29T19:14:00+00:00
[2024-01-29T20:15:48.670+0100] {processor.py:183} INFO - Processing /home/ubuntu/.local/lib/python3.10/site-packages/airflow/example_dags/example_sla_dag.py took 0.095 seconds
[2024-01-29T20:16:34.154+0100] {processor.py:161} INFO - Started process (PID=9397) to work on /home/ubuntu/.local/lib/python3.10/site-packages/airflow/example_dags/example_sla_dag.py
[2024-01-29T20:16:34.158+0100] {processor.py:830} INFO - Processing file /home/ubuntu/.local/lib/python3.10/site-packages/airflow/example_dags/example_sla_dag.py for tasks to queue
[2024-01-29T20:16:34.160+0100] {logging_mixin.py:188} INFO - [2024-01-29T20:16:34.159+0100] {dagbag.py:538} INFO - Filling up the DagBag from /home/ubuntu/.local/lib/python3.10/site-packages/airflow/example_dags/example_sla_dag.py
[2024-01-29T20:16:34.178+0100] {processor.py:840} INFO - DAG(s) 'example_sla_dag' retrieved from /home/ubuntu/.local/lib/python3.10/site-packages/airflow/example_dags/example_sla_dag.py
[2024-01-29T20:16:34.214+0100] {logging_mixin.py:188} INFO - [2024-01-29T20:16:34.213+0100] {dag.py:3033} INFO - Sync 1 DAGs
[2024-01-29T20:16:34.244+0100] {logging_mixin.py:188} INFO - [2024-01-29T20:16:34.244+0100] {dag.py:3820} INFO - Setting next_dagrun for example_sla_dag to 2024-01-29T19:14:00+00:00, run_after=2024-01-29T19:16:00+00:00
[2024-01-29T20:16:34.287+0100] {processor.py:183} INFO - Processing /home/ubuntu/.local/lib/python3.10/site-packages/airflow/example_dags/example_sla_dag.py took 0.139 seconds
[2024-01-29T20:17:24.169+0100] {processor.py:161} INFO - Started process (PID=9454) to work on /home/ubuntu/.local/lib/python3.10/site-packages/airflow/example_dags/example_sla_dag.py
[2024-01-29T20:17:24.172+0100] {processor.py:830} INFO - Processing file /home/ubuntu/.local/lib/python3.10/site-packages/airflow/example_dags/example_sla_dag.py for tasks to queue
[2024-01-29T20:17:24.173+0100] {logging_mixin.py:188} INFO - [2024-01-29T20:17:24.173+0100] {dagbag.py:538} INFO - Filling up the DagBag from /home/ubuntu/.local/lib/python3.10/site-packages/airflow/example_dags/example_sla_dag.py
[2024-01-29T20:17:24.185+0100] {processor.py:840} INFO - DAG(s) 'example_sla_dag' retrieved from /home/ubuntu/.local/lib/python3.10/site-packages/airflow/example_dags/example_sla_dag.py
[2024-01-29T20:17:24.205+0100] {logging_mixin.py:188} INFO - [2024-01-29T20:17:24.205+0100] {dag.py:3033} INFO - Sync 1 DAGs
[2024-01-29T20:17:24.240+0100] {logging_mixin.py:188} INFO - [2024-01-29T20:17:24.239+0100] {dag.py:3820} INFO - Setting next_dagrun for example_sla_dag to 2024-01-29T19:14:00+00:00, run_after=2024-01-29T19:16:00+00:00
[2024-01-29T20:17:24.292+0100] {processor.py:183} INFO - Processing /home/ubuntu/.local/lib/python3.10/site-packages/airflow/example_dags/example_sla_dag.py took 0.127 seconds
[2024-01-29T20:18:11.333+0100] {processor.py:161} INFO - Started process (PID=9507) to work on /home/ubuntu/.local/lib/python3.10/site-packages/airflow/example_dags/example_sla_dag.py
[2024-01-29T20:18:11.335+0100] {processor.py:830} INFO - Processing file /home/ubuntu/.local/lib/python3.10/site-packages/airflow/example_dags/example_sla_dag.py for tasks to queue
[2024-01-29T20:18:11.336+0100] {logging_mixin.py:188} INFO - [2024-01-29T20:18:11.336+0100] {dagbag.py:538} INFO - Filling up the DagBag from /home/ubuntu/.local/lib/python3.10/site-packages/airflow/example_dags/example_sla_dag.py
[2024-01-29T20:18:11.346+0100] {processor.py:840} INFO - DAG(s) 'example_sla_dag' retrieved from /home/ubuntu/.local/lib/python3.10/site-packages/airflow/example_dags/example_sla_dag.py
[2024-01-29T20:18:11.363+0100] {logging_mixin.py:188} INFO - [2024-01-29T20:18:11.363+0100] {dag.py:3033} INFO - Sync 1 DAGs
[2024-01-29T20:18:11.388+0100] {logging_mixin.py:188} INFO - [2024-01-29T20:18:11.388+0100] {dag.py:3820} INFO - Setting next_dagrun for example_sla_dag to 2024-01-29T19:16:00+00:00, run_after=2024-01-29T19:18:00+00:00
[2024-01-29T20:18:11.438+0100] {processor.py:183} INFO - Processing /home/ubuntu/.local/lib/python3.10/site-packages/airflow/example_dags/example_sla_dag.py took 0.109 seconds
[2024-01-29T20:18:53.207+0100] {processor.py:161} INFO - Started process (PID=9557) to work on /home/ubuntu/.local/lib/python3.10/site-packages/airflow/example_dags/example_sla_dag.py
[2024-01-29T20:18:53.209+0100] {processor.py:830} INFO - Processing file /home/ubuntu/.local/lib/python3.10/site-packages/airflow/example_dags/example_sla_dag.py for tasks to queue
[2024-01-29T20:18:53.211+0100] {logging_mixin.py:188} INFO - [2024-01-29T20:18:53.210+0100] {dagbag.py:538} INFO - Filling up the DagBag from /home/ubuntu/.local/lib/python3.10/site-packages/airflow/example_dags/example_sla_dag.py
[2024-01-29T20:18:53.229+0100] {processor.py:840} INFO - DAG(s) 'example_sla_dag' retrieved from /home/ubuntu/.local/lib/python3.10/site-packages/airflow/example_dags/example_sla_dag.py
[2024-01-29T20:18:53.251+0100] {logging_mixin.py:188} INFO - [2024-01-29T20:18:53.250+0100] {dag.py:3033} INFO - Sync 1 DAGs
[2024-01-29T20:18:53.276+0100] {logging_mixin.py:188} INFO - [2024-01-29T20:18:53.276+0100] {dag.py:3820} INFO - Setting next_dagrun for example_sla_dag to 2024-01-29T19:16:00+00:00, run_after=2024-01-29T19:18:00+00:00
[2024-01-29T20:18:53.305+0100] {processor.py:183} INFO - Processing /home/ubuntu/.local/lib/python3.10/site-packages/airflow/example_dags/example_sla_dag.py took 0.104 seconds
[2024-01-29T20:19:40.265+0100] {processor.py:161} INFO - Started process (PID=9628) to work on /home/ubuntu/.local/lib/python3.10/site-packages/airflow/example_dags/example_sla_dag.py
[2024-01-29T20:19:40.267+0100] {processor.py:830} INFO - Processing file /home/ubuntu/.local/lib/python3.10/site-packages/airflow/example_dags/example_sla_dag.py for tasks to queue
[2024-01-29T20:19:40.268+0100] {logging_mixin.py:188} INFO - [2024-01-29T20:19:40.267+0100] {dagbag.py:538} INFO - Filling up the DagBag from /home/ubuntu/.local/lib/python3.10/site-packages/airflow/example_dags/example_sla_dag.py
[2024-01-29T20:19:40.277+0100] {processor.py:840} INFO - DAG(s) 'example_sla_dag' retrieved from /home/ubuntu/.local/lib/python3.10/site-packages/airflow/example_dags/example_sla_dag.py
[2024-01-29T20:19:40.295+0100] {logging_mixin.py:188} INFO - [2024-01-29T20:19:40.294+0100] {dag.py:3033} INFO - Sync 1 DAGs
[2024-01-29T20:19:40.318+0100] {logging_mixin.py:188} INFO - [2024-01-29T20:19:40.318+0100] {dag.py:3820} INFO - Setting next_dagrun for example_sla_dag to 2024-01-29T19:16:00+00:00, run_after=2024-01-29T19:18:00+00:00
[2024-01-29T20:19:40.369+0100] {processor.py:183} INFO - Processing /home/ubuntu/.local/lib/python3.10/site-packages/airflow/example_dags/example_sla_dag.py took 0.107 seconds
[2024-01-29T20:20:20.544+0100] {processor.py:161} INFO - Started process (PID=9674) to work on /home/ubuntu/.local/lib/python3.10/site-packages/airflow/example_dags/example_sla_dag.py
[2024-01-29T20:20:20.547+0100] {processor.py:830} INFO - Processing file /home/ubuntu/.local/lib/python3.10/site-packages/airflow/example_dags/example_sla_dag.py for tasks to queue
[2024-01-29T20:20:20.548+0100] {logging_mixin.py:188} INFO - [2024-01-29T20:20:20.547+0100] {dagbag.py:538} INFO - Filling up the DagBag from /home/ubuntu/.local/lib/python3.10/site-packages/airflow/example_dags/example_sla_dag.py
[2024-01-29T20:20:20.562+0100] {processor.py:840} INFO - DAG(s) 'example_sla_dag' retrieved from /home/ubuntu/.local/lib/python3.10/site-packages/airflow/example_dags/example_sla_dag.py
[2024-01-29T20:20:20.580+0100] {logging_mixin.py:188} INFO - [2024-01-29T20:20:20.580+0100] {dag.py:3033} INFO - Sync 1 DAGs
[2024-01-29T20:20:20.604+0100] {logging_mixin.py:188} INFO - [2024-01-29T20:20:20.604+0100] {dag.py:3820} INFO - Setting next_dagrun for example_sla_dag to 2024-01-29T19:18:00+00:00, run_after=2024-01-29T19:20:00+00:00
[2024-01-29T20:20:20.633+0100] {processor.py:183} INFO - Processing /home/ubuntu/.local/lib/python3.10/site-packages/airflow/example_dags/example_sla_dag.py took 0.092 seconds
[2024-01-29T20:21:03.914+0100] {processor.py:161} INFO - Started process (PID=9724) to work on /home/ubuntu/.local/lib/python3.10/site-packages/airflow/example_dags/example_sla_dag.py
[2024-01-29T20:21:03.936+0100] {processor.py:830} INFO - Processing file /home/ubuntu/.local/lib/python3.10/site-packages/airflow/example_dags/example_sla_dag.py for tasks to queue
[2024-01-29T20:21:03.937+0100] {logging_mixin.py:188} INFO - [2024-01-29T20:21:03.937+0100] {dagbag.py:538} INFO - Filling up the DagBag from /home/ubuntu/.local/lib/python3.10/site-packages/airflow/example_dags/example_sla_dag.py
[2024-01-29T20:21:04.032+0100] {processor.py:840} INFO - DAG(s) 'example_sla_dag' retrieved from /home/ubuntu/.local/lib/python3.10/site-packages/airflow/example_dags/example_sla_dag.py
[2024-01-29T20:21:04.108+0100] {logging_mixin.py:188} INFO - [2024-01-29T20:21:04.107+0100] {dag.py:3033} INFO - Sync 1 DAGs
[2024-01-29T20:21:04.144+0100] {logging_mixin.py:188} INFO - [2024-01-29T20:21:04.144+0100] {dag.py:3820} INFO - Setting next_dagrun for example_sla_dag to 2024-01-29T19:18:00+00:00, run_after=2024-01-29T19:20:00+00:00
[2024-01-29T20:21:04.248+0100] {processor.py:183} INFO - Processing /home/ubuntu/.local/lib/python3.10/site-packages/airflow/example_dags/example_sla_dag.py took 0.353 seconds
