[2024-01-29T19:54:59.516+0100] {processor.py:161} INFO - Started process (PID=7902) to work on /home/ubuntu/.local/lib/python3.10/site-packages/airflow/example_dags/example_dynamic_task_mapping_with_no_taskflow_operators.py
[2024-01-29T19:54:59.517+0100] {processor.py:830} INFO - Processing file /home/ubuntu/.local/lib/python3.10/site-packages/airflow/example_dags/example_dynamic_task_mapping_with_no_taskflow_operators.py for tasks to queue
[2024-01-29T19:54:59.519+0100] {logging_mixin.py:188} INFO - [2024-01-29T19:54:59.518+0100] {dagbag.py:538} INFO - Filling up the DagBag from /home/ubuntu/.local/lib/python3.10/site-packages/airflow/example_dags/example_dynamic_task_mapping_with_no_taskflow_operators.py
[2024-01-29T19:54:59.528+0100] {processor.py:840} INFO - DAG(s) 'example_dynamic_task_mapping_with_no_taskflow_operators' retrieved from /home/ubuntu/.local/lib/python3.10/site-packages/airflow/example_dags/example_dynamic_task_mapping_with_no_taskflow_operators.py
[2024-01-29T19:54:59.647+0100] {logging_mixin.py:188} INFO - [2024-01-29T19:54:59.647+0100] {dag.py:3033} INFO - Sync 1 DAGs
[2024-01-29T19:54:59.668+0100] {logging_mixin.py:188} INFO - [2024-01-29T19:54:59.668+0100] {dag.py:3820} INFO - Setting next_dagrun for example_dynamic_task_mapping_with_no_taskflow_operators to 2024-01-28T00:00:00+00:00, run_after=2024-01-29T00:00:00+00:00
[2024-01-29T19:54:59.704+0100] {processor.py:183} INFO - Processing /home/ubuntu/.local/lib/python3.10/site-packages/airflow/example_dags/example_dynamic_task_mapping_with_no_taskflow_operators.py took 0.192 seconds
[2024-01-29T19:56:18.384+0100] {processor.py:161} INFO - Started process (PID=7979) to work on /home/ubuntu/.local/lib/python3.10/site-packages/airflow/example_dags/example_dynamic_task_mapping_with_no_taskflow_operators.py
[2024-01-29T19:56:18.391+0100] {processor.py:830} INFO - Processing file /home/ubuntu/.local/lib/python3.10/site-packages/airflow/example_dags/example_dynamic_task_mapping_with_no_taskflow_operators.py for tasks to queue
[2024-01-29T19:56:18.396+0100] {logging_mixin.py:188} INFO - [2024-01-29T19:56:18.395+0100] {dagbag.py:538} INFO - Filling up the DagBag from /home/ubuntu/.local/lib/python3.10/site-packages/airflow/example_dags/example_dynamic_task_mapping_with_no_taskflow_operators.py
[2024-01-29T19:56:18.435+0100] {processor.py:840} INFO - DAG(s) 'example_dynamic_task_mapping_with_no_taskflow_operators' retrieved from /home/ubuntu/.local/lib/python3.10/site-packages/airflow/example_dags/example_dynamic_task_mapping_with_no_taskflow_operators.py
[2024-01-29T19:56:18.506+0100] {logging_mixin.py:188} INFO - [2024-01-29T19:56:18.505+0100] {dag.py:3033} INFO - Sync 1 DAGs
[2024-01-29T19:56:18.636+0100] {logging_mixin.py:188} INFO - [2024-01-29T19:56:18.636+0100] {dag.py:3820} INFO - Setting next_dagrun for example_dynamic_task_mapping_with_no_taskflow_operators to 2024-01-28T00:00:00+00:00, run_after=2024-01-29T00:00:00+00:00
[2024-01-29T19:56:18.835+0100] {processor.py:183} INFO - Processing /home/ubuntu/.local/lib/python3.10/site-packages/airflow/example_dags/example_dynamic_task_mapping_with_no_taskflow_operators.py took 0.468 seconds
[2024-01-29T19:57:35.318+0100] {processor.py:161} INFO - Started process (PID=8054) to work on /home/ubuntu/.local/lib/python3.10/site-packages/airflow/example_dags/example_dynamic_task_mapping_with_no_taskflow_operators.py
[2024-01-29T19:57:35.321+0100] {processor.py:830} INFO - Processing file /home/ubuntu/.local/lib/python3.10/site-packages/airflow/example_dags/example_dynamic_task_mapping_with_no_taskflow_operators.py for tasks to queue
[2024-01-29T19:57:35.324+0100] {logging_mixin.py:188} INFO - [2024-01-29T19:57:35.323+0100] {dagbag.py:538} INFO - Filling up the DagBag from /home/ubuntu/.local/lib/python3.10/site-packages/airflow/example_dags/example_dynamic_task_mapping_with_no_taskflow_operators.py
[2024-01-29T19:57:35.338+0100] {processor.py:840} INFO - DAG(s) 'example_dynamic_task_mapping_with_no_taskflow_operators' retrieved from /home/ubuntu/.local/lib/python3.10/site-packages/airflow/example_dags/example_dynamic_task_mapping_with_no_taskflow_operators.py
[2024-01-29T19:57:35.359+0100] {logging_mixin.py:188} INFO - [2024-01-29T19:57:35.359+0100] {dag.py:3033} INFO - Sync 1 DAGs
[2024-01-29T19:57:35.380+0100] {logging_mixin.py:188} INFO - [2024-01-29T19:57:35.380+0100] {dag.py:3820} INFO - Setting next_dagrun for example_dynamic_task_mapping_with_no_taskflow_operators to 2024-01-28T00:00:00+00:00, run_after=2024-01-29T00:00:00+00:00
[2024-01-29T19:57:35.412+0100] {processor.py:183} INFO - Processing /home/ubuntu/.local/lib/python3.10/site-packages/airflow/example_dags/example_dynamic_task_mapping_with_no_taskflow_operators.py took 0.099 seconds
[2024-01-29T19:58:30.002+0100] {processor.py:161} INFO - Started process (PID=8115) to work on /home/ubuntu/.local/lib/python3.10/site-packages/airflow/example_dags/example_dynamic_task_mapping_with_no_taskflow_operators.py
[2024-01-29T19:58:30.014+0100] {processor.py:830} INFO - Processing file /home/ubuntu/.local/lib/python3.10/site-packages/airflow/example_dags/example_dynamic_task_mapping_with_no_taskflow_operators.py for tasks to queue
[2024-01-29T19:58:30.015+0100] {logging_mixin.py:188} INFO - [2024-01-29T19:58:30.015+0100] {dagbag.py:538} INFO - Filling up the DagBag from /home/ubuntu/.local/lib/python3.10/site-packages/airflow/example_dags/example_dynamic_task_mapping_with_no_taskflow_operators.py
[2024-01-29T19:58:30.024+0100] {processor.py:840} INFO - DAG(s) 'example_dynamic_task_mapping_with_no_taskflow_operators' retrieved from /home/ubuntu/.local/lib/python3.10/site-packages/airflow/example_dags/example_dynamic_task_mapping_with_no_taskflow_operators.py
[2024-01-29T19:58:30.037+0100] {logging_mixin.py:188} INFO - [2024-01-29T19:58:30.037+0100] {dag.py:3033} INFO - Sync 1 DAGs
[2024-01-29T19:58:30.053+0100] {logging_mixin.py:188} INFO - [2024-01-29T19:58:30.053+0100] {dag.py:3820} INFO - Setting next_dagrun for example_dynamic_task_mapping_with_no_taskflow_operators to 2024-01-28T00:00:00+00:00, run_after=2024-01-29T00:00:00+00:00
[2024-01-29T19:58:30.081+0100] {processor.py:183} INFO - Processing /home/ubuntu/.local/lib/python3.10/site-packages/airflow/example_dags/example_dynamic_task_mapping_with_no_taskflow_operators.py took 0.082 seconds
[2024-01-29T19:59:32.798+0100] {processor.py:161} INFO - Started process (PID=8193) to work on /home/ubuntu/.local/lib/python3.10/site-packages/airflow/example_dags/example_dynamic_task_mapping_with_no_taskflow_operators.py
[2024-01-29T19:59:32.800+0100] {processor.py:830} INFO - Processing file /home/ubuntu/.local/lib/python3.10/site-packages/airflow/example_dags/example_dynamic_task_mapping_with_no_taskflow_operators.py for tasks to queue
[2024-01-29T19:59:32.801+0100] {logging_mixin.py:188} INFO - [2024-01-29T19:59:32.801+0100] {dagbag.py:538} INFO - Filling up the DagBag from /home/ubuntu/.local/lib/python3.10/site-packages/airflow/example_dags/example_dynamic_task_mapping_with_no_taskflow_operators.py
[2024-01-29T19:59:32.810+0100] {processor.py:840} INFO - DAG(s) 'example_dynamic_task_mapping_with_no_taskflow_operators' retrieved from /home/ubuntu/.local/lib/python3.10/site-packages/airflow/example_dags/example_dynamic_task_mapping_with_no_taskflow_operators.py
[2024-01-29T19:59:32.828+0100] {logging_mixin.py:188} INFO - [2024-01-29T19:59:32.828+0100] {dag.py:3033} INFO - Sync 1 DAGs
[2024-01-29T19:59:32.873+0100] {logging_mixin.py:188} INFO - [2024-01-29T19:59:32.873+0100] {dag.py:3820} INFO - Setting next_dagrun for example_dynamic_task_mapping_with_no_taskflow_operators to 2024-01-28T00:00:00+00:00, run_after=2024-01-29T00:00:00+00:00
[2024-01-29T19:59:32.902+0100] {processor.py:183} INFO - Processing /home/ubuntu/.local/lib/python3.10/site-packages/airflow/example_dags/example_dynamic_task_mapping_with_no_taskflow_operators.py took 0.107 seconds
[2024-01-29T20:00:57.437+0100] {processor.py:161} INFO - Started process (PID=8276) to work on /home/ubuntu/.local/lib/python3.10/site-packages/airflow/example_dags/example_dynamic_task_mapping_with_no_taskflow_operators.py
[2024-01-29T20:00:57.439+0100] {processor.py:830} INFO - Processing file /home/ubuntu/.local/lib/python3.10/site-packages/airflow/example_dags/example_dynamic_task_mapping_with_no_taskflow_operators.py for tasks to queue
[2024-01-29T20:00:57.440+0100] {logging_mixin.py:188} INFO - [2024-01-29T20:00:57.440+0100] {dagbag.py:538} INFO - Filling up the DagBag from /home/ubuntu/.local/lib/python3.10/site-packages/airflow/example_dags/example_dynamic_task_mapping_with_no_taskflow_operators.py
[2024-01-29T20:00:57.448+0100] {processor.py:840} INFO - DAG(s) 'example_dynamic_task_mapping_with_no_taskflow_operators' retrieved from /home/ubuntu/.local/lib/python3.10/site-packages/airflow/example_dags/example_dynamic_task_mapping_with_no_taskflow_operators.py
[2024-01-29T20:00:57.466+0100] {logging_mixin.py:188} INFO - [2024-01-29T20:00:57.466+0100] {dag.py:3033} INFO - Sync 1 DAGs
[2024-01-29T20:00:57.486+0100] {logging_mixin.py:188} INFO - [2024-01-29T20:00:57.486+0100] {dag.py:3820} INFO - Setting next_dagrun for example_dynamic_task_mapping_with_no_taskflow_operators to 2024-01-28T00:00:00+00:00, run_after=2024-01-29T00:00:00+00:00
[2024-01-29T20:00:57.520+0100] {processor.py:183} INFO - Processing /home/ubuntu/.local/lib/python3.10/site-packages/airflow/example_dags/example_dynamic_task_mapping_with_no_taskflow_operators.py took 0.086 seconds
[2024-01-29T20:02:06.085+0100] {processor.py:161} INFO - Started process (PID=8351) to work on /home/ubuntu/.local/lib/python3.10/site-packages/airflow/example_dags/example_dynamic_task_mapping_with_no_taskflow_operators.py
[2024-01-29T20:02:06.087+0100] {processor.py:830} INFO - Processing file /home/ubuntu/.local/lib/python3.10/site-packages/airflow/example_dags/example_dynamic_task_mapping_with_no_taskflow_operators.py for tasks to queue
[2024-01-29T20:02:06.088+0100] {logging_mixin.py:188} INFO - [2024-01-29T20:02:06.087+0100] {dagbag.py:538} INFO - Filling up the DagBag from /home/ubuntu/.local/lib/python3.10/site-packages/airflow/example_dags/example_dynamic_task_mapping_with_no_taskflow_operators.py
[2024-01-29T20:02:06.097+0100] {processor.py:840} INFO - DAG(s) 'example_dynamic_task_mapping_with_no_taskflow_operators' retrieved from /home/ubuntu/.local/lib/python3.10/site-packages/airflow/example_dags/example_dynamic_task_mapping_with_no_taskflow_operators.py
[2024-01-29T20:02:06.113+0100] {logging_mixin.py:188} INFO - [2024-01-29T20:02:06.113+0100] {dag.py:3033} INFO - Sync 1 DAGs
[2024-01-29T20:02:06.136+0100] {logging_mixin.py:188} INFO - [2024-01-29T20:02:06.136+0100] {dag.py:3820} INFO - Setting next_dagrun for example_dynamic_task_mapping_with_no_taskflow_operators to 2024-01-28T00:00:00+00:00, run_after=2024-01-29T00:00:00+00:00
[2024-01-29T20:02:06.164+0100] {processor.py:183} INFO - Processing /home/ubuntu/.local/lib/python3.10/site-packages/airflow/example_dags/example_dynamic_task_mapping_with_no_taskflow_operators.py took 0.083 seconds
[2024-01-29T20:03:11.183+0100] {processor.py:161} INFO - Started process (PID=8455) to work on /home/ubuntu/.local/lib/python3.10/site-packages/airflow/example_dags/example_dynamic_task_mapping_with_no_taskflow_operators.py
[2024-01-29T20:03:11.188+0100] {processor.py:830} INFO - Processing file /home/ubuntu/.local/lib/python3.10/site-packages/airflow/example_dags/example_dynamic_task_mapping_with_no_taskflow_operators.py for tasks to queue
[2024-01-29T20:03:11.189+0100] {logging_mixin.py:188} INFO - [2024-01-29T20:03:11.189+0100] {dagbag.py:538} INFO - Filling up the DagBag from /home/ubuntu/.local/lib/python3.10/site-packages/airflow/example_dags/example_dynamic_task_mapping_with_no_taskflow_operators.py
[2024-01-29T20:03:11.202+0100] {processor.py:840} INFO - DAG(s) 'example_dynamic_task_mapping_with_no_taskflow_operators' retrieved from /home/ubuntu/.local/lib/python3.10/site-packages/airflow/example_dags/example_dynamic_task_mapping_with_no_taskflow_operators.py
[2024-01-29T20:03:11.220+0100] {logging_mixin.py:188} INFO - [2024-01-29T20:03:11.220+0100] {dag.py:3033} INFO - Sync 1 DAGs
[2024-01-29T20:03:11.238+0100] {logging_mixin.py:188} INFO - [2024-01-29T20:03:11.238+0100] {dag.py:3820} INFO - Setting next_dagrun for example_dynamic_task_mapping_with_no_taskflow_operators to 2024-01-28T00:00:00+00:00, run_after=2024-01-29T00:00:00+00:00
[2024-01-29T20:03:11.281+0100] {processor.py:183} INFO - Processing /home/ubuntu/.local/lib/python3.10/site-packages/airflow/example_dags/example_dynamic_task_mapping_with_no_taskflow_operators.py took 0.103 seconds
[2024-01-29T20:04:18.201+0100] {processor.py:161} INFO - Started process (PID=8538) to work on /home/ubuntu/.local/lib/python3.10/site-packages/airflow/example_dags/example_dynamic_task_mapping_with_no_taskflow_operators.py
[2024-01-29T20:04:18.203+0100] {processor.py:830} INFO - Processing file /home/ubuntu/.local/lib/python3.10/site-packages/airflow/example_dags/example_dynamic_task_mapping_with_no_taskflow_operators.py for tasks to queue
[2024-01-29T20:04:18.205+0100] {logging_mixin.py:188} INFO - [2024-01-29T20:04:18.204+0100] {dagbag.py:538} INFO - Filling up the DagBag from /home/ubuntu/.local/lib/python3.10/site-packages/airflow/example_dags/example_dynamic_task_mapping_with_no_taskflow_operators.py
[2024-01-29T20:04:18.217+0100] {processor.py:840} INFO - DAG(s) 'example_dynamic_task_mapping_with_no_taskflow_operators' retrieved from /home/ubuntu/.local/lib/python3.10/site-packages/airflow/example_dags/example_dynamic_task_mapping_with_no_taskflow_operators.py
[2024-01-29T20:04:18.243+0100] {logging_mixin.py:188} INFO - [2024-01-29T20:04:18.243+0100] {dag.py:3033} INFO - Sync 1 DAGs
[2024-01-29T20:04:18.268+0100] {logging_mixin.py:188} INFO - [2024-01-29T20:04:18.268+0100] {dag.py:3820} INFO - Setting next_dagrun for example_dynamic_task_mapping_with_no_taskflow_operators to 2024-01-28T00:00:00+00:00, run_after=2024-01-29T00:00:00+00:00
[2024-01-29T20:04:18.298+0100] {processor.py:183} INFO - Processing /home/ubuntu/.local/lib/python3.10/site-packages/airflow/example_dags/example_dynamic_task_mapping_with_no_taskflow_operators.py took 0.102 seconds
[2024-01-29T20:05:24.240+0100] {processor.py:161} INFO - Started process (PID=8607) to work on /home/ubuntu/.local/lib/python3.10/site-packages/airflow/example_dags/example_dynamic_task_mapping_with_no_taskflow_operators.py
[2024-01-29T20:05:24.244+0100] {processor.py:830} INFO - Processing file /home/ubuntu/.local/lib/python3.10/site-packages/airflow/example_dags/example_dynamic_task_mapping_with_no_taskflow_operators.py for tasks to queue
[2024-01-29T20:05:24.247+0100] {logging_mixin.py:188} INFO - [2024-01-29T20:05:24.246+0100] {dagbag.py:538} INFO - Filling up the DagBag from /home/ubuntu/.local/lib/python3.10/site-packages/airflow/example_dags/example_dynamic_task_mapping_with_no_taskflow_operators.py
[2024-01-29T20:05:24.270+0100] {processor.py:840} INFO - DAG(s) 'example_dynamic_task_mapping_with_no_taskflow_operators' retrieved from /home/ubuntu/.local/lib/python3.10/site-packages/airflow/example_dags/example_dynamic_task_mapping_with_no_taskflow_operators.py
[2024-01-29T20:05:24.358+0100] {logging_mixin.py:188} INFO - [2024-01-29T20:05:24.357+0100] {dag.py:3033} INFO - Sync 1 DAGs
[2024-01-29T20:05:24.447+0100] {logging_mixin.py:188} INFO - [2024-01-29T20:05:24.446+0100] {dag.py:3820} INFO - Setting next_dagrun for example_dynamic_task_mapping_with_no_taskflow_operators to 2024-01-28T00:00:00+00:00, run_after=2024-01-29T00:00:00+00:00
[2024-01-29T20:05:24.710+0100] {processor.py:183} INFO - Processing /home/ubuntu/.local/lib/python3.10/site-packages/airflow/example_dags/example_dynamic_task_mapping_with_no_taskflow_operators.py took 0.479 seconds
[2024-01-29T20:06:45.299+0100] {processor.py:161} INFO - Started process (PID=8685) to work on /home/ubuntu/.local/lib/python3.10/site-packages/airflow/example_dags/example_dynamic_task_mapping_with_no_taskflow_operators.py
[2024-01-29T20:06:45.304+0100] {processor.py:830} INFO - Processing file /home/ubuntu/.local/lib/python3.10/site-packages/airflow/example_dags/example_dynamic_task_mapping_with_no_taskflow_operators.py for tasks to queue
[2024-01-29T20:06:45.305+0100] {logging_mixin.py:188} INFO - [2024-01-29T20:06:45.304+0100] {dagbag.py:538} INFO - Filling up the DagBag from /home/ubuntu/.local/lib/python3.10/site-packages/airflow/example_dags/example_dynamic_task_mapping_with_no_taskflow_operators.py
[2024-01-29T20:06:45.315+0100] {processor.py:840} INFO - DAG(s) 'example_dynamic_task_mapping_with_no_taskflow_operators' retrieved from /home/ubuntu/.local/lib/python3.10/site-packages/airflow/example_dags/example_dynamic_task_mapping_with_no_taskflow_operators.py
[2024-01-29T20:06:45.331+0100] {logging_mixin.py:188} INFO - [2024-01-29T20:06:45.331+0100] {dag.py:3033} INFO - Sync 1 DAGs
[2024-01-29T20:06:45.351+0100] {logging_mixin.py:188} INFO - [2024-01-29T20:06:45.351+0100] {dag.py:3820} INFO - Setting next_dagrun for example_dynamic_task_mapping_with_no_taskflow_operators to 2024-01-28T00:00:00+00:00, run_after=2024-01-29T00:00:00+00:00
[2024-01-29T20:06:45.380+0100] {processor.py:183} INFO - Processing /home/ubuntu/.local/lib/python3.10/site-packages/airflow/example_dags/example_dynamic_task_mapping_with_no_taskflow_operators.py took 0.083 seconds
[2024-01-29T20:07:52.427+0100] {processor.py:161} INFO - Started process (PID=8762) to work on /home/ubuntu/.local/lib/python3.10/site-packages/airflow/example_dags/example_dynamic_task_mapping_with_no_taskflow_operators.py
[2024-01-29T20:07:52.431+0100] {processor.py:830} INFO - Processing file /home/ubuntu/.local/lib/python3.10/site-packages/airflow/example_dags/example_dynamic_task_mapping_with_no_taskflow_operators.py for tasks to queue
[2024-01-29T20:07:52.433+0100] {logging_mixin.py:188} INFO - [2024-01-29T20:07:52.432+0100] {dagbag.py:538} INFO - Filling up the DagBag from /home/ubuntu/.local/lib/python3.10/site-packages/airflow/example_dags/example_dynamic_task_mapping_with_no_taskflow_operators.py
[2024-01-29T20:07:52.477+0100] {processor.py:840} INFO - DAG(s) 'example_dynamic_task_mapping_with_no_taskflow_operators' retrieved from /home/ubuntu/.local/lib/python3.10/site-packages/airflow/example_dags/example_dynamic_task_mapping_with_no_taskflow_operators.py
[2024-01-29T20:07:52.534+0100] {logging_mixin.py:188} INFO - [2024-01-29T20:07:52.534+0100] {dag.py:3033} INFO - Sync 1 DAGs
[2024-01-29T20:07:52.629+0100] {logging_mixin.py:188} INFO - [2024-01-29T20:07:52.628+0100] {dag.py:3820} INFO - Setting next_dagrun for example_dynamic_task_mapping_with_no_taskflow_operators to 2024-01-28T00:00:00+00:00, run_after=2024-01-29T00:00:00+00:00
[2024-01-29T20:07:52.705+0100] {processor.py:183} INFO - Processing /home/ubuntu/.local/lib/python3.10/site-packages/airflow/example_dags/example_dynamic_task_mapping_with_no_taskflow_operators.py took 0.297 seconds
[2024-01-29T20:08:44.372+0100] {processor.py:161} INFO - Started process (PID=8821) to work on /home/ubuntu/.local/lib/python3.10/site-packages/airflow/example_dags/example_dynamic_task_mapping_with_no_taskflow_operators.py
[2024-01-29T20:08:44.374+0100] {processor.py:830} INFO - Processing file /home/ubuntu/.local/lib/python3.10/site-packages/airflow/example_dags/example_dynamic_task_mapping_with_no_taskflow_operators.py for tasks to queue
[2024-01-29T20:08:44.375+0100] {logging_mixin.py:188} INFO - [2024-01-29T20:08:44.374+0100] {dagbag.py:538} INFO - Filling up the DagBag from /home/ubuntu/.local/lib/python3.10/site-packages/airflow/example_dags/example_dynamic_task_mapping_with_no_taskflow_operators.py
[2024-01-29T20:08:44.383+0100] {processor.py:840} INFO - DAG(s) 'example_dynamic_task_mapping_with_no_taskflow_operators' retrieved from /home/ubuntu/.local/lib/python3.10/site-packages/airflow/example_dags/example_dynamic_task_mapping_with_no_taskflow_operators.py
[2024-01-29T20:08:44.400+0100] {logging_mixin.py:188} INFO - [2024-01-29T20:08:44.400+0100] {dag.py:3033} INFO - Sync 1 DAGs
[2024-01-29T20:08:44.419+0100] {logging_mixin.py:188} INFO - [2024-01-29T20:08:44.419+0100] {dag.py:3820} INFO - Setting next_dagrun for example_dynamic_task_mapping_with_no_taskflow_operators to 2024-01-28T00:00:00+00:00, run_after=2024-01-29T00:00:00+00:00
[2024-01-29T20:08:44.446+0100] {processor.py:183} INFO - Processing /home/ubuntu/.local/lib/python3.10/site-packages/airflow/example_dags/example_dynamic_task_mapping_with_no_taskflow_operators.py took 0.078 seconds
[2024-01-29T20:09:52.105+0100] {processor.py:161} INFO - Started process (PID=8909) to work on /home/ubuntu/.local/lib/python3.10/site-packages/airflow/example_dags/example_dynamic_task_mapping_with_no_taskflow_operators.py
[2024-01-29T20:09:52.108+0100] {processor.py:830} INFO - Processing file /home/ubuntu/.local/lib/python3.10/site-packages/airflow/example_dags/example_dynamic_task_mapping_with_no_taskflow_operators.py for tasks to queue
[2024-01-29T20:09:52.109+0100] {logging_mixin.py:188} INFO - [2024-01-29T20:09:52.109+0100] {dagbag.py:538} INFO - Filling up the DagBag from /home/ubuntu/.local/lib/python3.10/site-packages/airflow/example_dags/example_dynamic_task_mapping_with_no_taskflow_operators.py
[2024-01-29T20:09:52.122+0100] {processor.py:840} INFO - DAG(s) 'example_dynamic_task_mapping_with_no_taskflow_operators' retrieved from /home/ubuntu/.local/lib/python3.10/site-packages/airflow/example_dags/example_dynamic_task_mapping_with_no_taskflow_operators.py
[2024-01-29T20:09:52.144+0100] {logging_mixin.py:188} INFO - [2024-01-29T20:09:52.144+0100] {dag.py:3033} INFO - Sync 1 DAGs
[2024-01-29T20:09:52.249+0100] {logging_mixin.py:188} INFO - [2024-01-29T20:09:52.242+0100] {dag.py:3820} INFO - Setting next_dagrun for example_dynamic_task_mapping_with_no_taskflow_operators to 2024-01-28T00:00:00+00:00, run_after=2024-01-29T00:00:00+00:00
[2024-01-29T20:09:52.492+0100] {processor.py:183} INFO - Processing /home/ubuntu/.local/lib/python3.10/site-packages/airflow/example_dags/example_dynamic_task_mapping_with_no_taskflow_operators.py took 0.392 seconds
[2024-01-29T20:11:05.714+0100] {processor.py:161} INFO - Started process (PID=8989) to work on /home/ubuntu/.local/lib/python3.10/site-packages/airflow/example_dags/example_dynamic_task_mapping_with_no_taskflow_operators.py
[2024-01-29T20:11:05.716+0100] {processor.py:830} INFO - Processing file /home/ubuntu/.local/lib/python3.10/site-packages/airflow/example_dags/example_dynamic_task_mapping_with_no_taskflow_operators.py for tasks to queue
[2024-01-29T20:11:05.717+0100] {logging_mixin.py:188} INFO - [2024-01-29T20:11:05.717+0100] {dagbag.py:538} INFO - Filling up the DagBag from /home/ubuntu/.local/lib/python3.10/site-packages/airflow/example_dags/example_dynamic_task_mapping_with_no_taskflow_operators.py
[2024-01-29T20:11:05.725+0100] {processor.py:840} INFO - DAG(s) 'example_dynamic_task_mapping_with_no_taskflow_operators' retrieved from /home/ubuntu/.local/lib/python3.10/site-packages/airflow/example_dags/example_dynamic_task_mapping_with_no_taskflow_operators.py
[2024-01-29T20:11:05.741+0100] {logging_mixin.py:188} INFO - [2024-01-29T20:11:05.740+0100] {dag.py:3033} INFO - Sync 1 DAGs
[2024-01-29T20:11:05.781+0100] {logging_mixin.py:188} INFO - [2024-01-29T20:11:05.780+0100] {dag.py:3820} INFO - Setting next_dagrun for example_dynamic_task_mapping_with_no_taskflow_operators to 2024-01-28T00:00:00+00:00, run_after=2024-01-29T00:00:00+00:00
[2024-01-29T20:11:05.843+0100] {processor.py:183} INFO - Processing /home/ubuntu/.local/lib/python3.10/site-packages/airflow/example_dags/example_dynamic_task_mapping_with_no_taskflow_operators.py took 0.132 seconds
[2024-01-29T20:11:57.259+0100] {processor.py:161} INFO - Started process (PID=9054) to work on /home/ubuntu/.local/lib/python3.10/site-packages/airflow/example_dags/example_dynamic_task_mapping_with_no_taskflow_operators.py
[2024-01-29T20:11:57.262+0100] {processor.py:830} INFO - Processing file /home/ubuntu/.local/lib/python3.10/site-packages/airflow/example_dags/example_dynamic_task_mapping_with_no_taskflow_operators.py for tasks to queue
[2024-01-29T20:11:57.263+0100] {logging_mixin.py:188} INFO - [2024-01-29T20:11:57.263+0100] {dagbag.py:538} INFO - Filling up the DagBag from /home/ubuntu/.local/lib/python3.10/site-packages/airflow/example_dags/example_dynamic_task_mapping_with_no_taskflow_operators.py
[2024-01-29T20:11:57.273+0100] {processor.py:840} INFO - DAG(s) 'example_dynamic_task_mapping_with_no_taskflow_operators' retrieved from /home/ubuntu/.local/lib/python3.10/site-packages/airflow/example_dags/example_dynamic_task_mapping_with_no_taskflow_operators.py
[2024-01-29T20:11:57.286+0100] {logging_mixin.py:188} INFO - [2024-01-29T20:11:57.286+0100] {dag.py:3033} INFO - Sync 1 DAGs
[2024-01-29T20:11:57.304+0100] {logging_mixin.py:188} INFO - [2024-01-29T20:11:57.304+0100] {dag.py:3820} INFO - Setting next_dagrun for example_dynamic_task_mapping_with_no_taskflow_operators to 2024-01-28T00:00:00+00:00, run_after=2024-01-29T00:00:00+00:00
[2024-01-29T20:11:57.335+0100] {processor.py:183} INFO - Processing /home/ubuntu/.local/lib/python3.10/site-packages/airflow/example_dags/example_dynamic_task_mapping_with_no_taskflow_operators.py took 0.080 seconds
[2024-01-29T20:13:02.410+0100] {processor.py:161} INFO - Started process (PID=9154) to work on /home/ubuntu/.local/lib/python3.10/site-packages/airflow/example_dags/example_dynamic_task_mapping_with_no_taskflow_operators.py
[2024-01-29T20:13:02.424+0100] {processor.py:830} INFO - Processing file /home/ubuntu/.local/lib/python3.10/site-packages/airflow/example_dags/example_dynamic_task_mapping_with_no_taskflow_operators.py for tasks to queue
[2024-01-29T20:13:02.426+0100] {logging_mixin.py:188} INFO - [2024-01-29T20:13:02.426+0100] {dagbag.py:538} INFO - Filling up the DagBag from /home/ubuntu/.local/lib/python3.10/site-packages/airflow/example_dags/example_dynamic_task_mapping_with_no_taskflow_operators.py
[2024-01-29T20:13:02.553+0100] {processor.py:840} INFO - DAG(s) 'example_dynamic_task_mapping_with_no_taskflow_operators' retrieved from /home/ubuntu/.local/lib/python3.10/site-packages/airflow/example_dags/example_dynamic_task_mapping_with_no_taskflow_operators.py
[2024-01-29T20:13:02.620+0100] {logging_mixin.py:188} INFO - [2024-01-29T20:13:02.620+0100] {dag.py:3033} INFO - Sync 1 DAGs
[2024-01-29T20:13:02.674+0100] {logging_mixin.py:188} INFO - [2024-01-29T20:13:02.673+0100] {dag.py:3820} INFO - Setting next_dagrun for example_dynamic_task_mapping_with_no_taskflow_operators to 2024-01-28T00:00:00+00:00, run_after=2024-01-29T00:00:00+00:00
[2024-01-29T20:13:02.734+0100] {processor.py:183} INFO - Processing /home/ubuntu/.local/lib/python3.10/site-packages/airflow/example_dags/example_dynamic_task_mapping_with_no_taskflow_operators.py took 0.354 seconds
[2024-01-29T20:14:31.313+0100] {processor.py:161} INFO - Started process (PID=9261) to work on /home/ubuntu/.local/lib/python3.10/site-packages/airflow/example_dags/example_dynamic_task_mapping_with_no_taskflow_operators.py
[2024-01-29T20:14:31.315+0100] {processor.py:830} INFO - Processing file /home/ubuntu/.local/lib/python3.10/site-packages/airflow/example_dags/example_dynamic_task_mapping_with_no_taskflow_operators.py for tasks to queue
[2024-01-29T20:14:31.316+0100] {logging_mixin.py:188} INFO - [2024-01-29T20:14:31.315+0100] {dagbag.py:538} INFO - Filling up the DagBag from /home/ubuntu/.local/lib/python3.10/site-packages/airflow/example_dags/example_dynamic_task_mapping_with_no_taskflow_operators.py
[2024-01-29T20:14:31.326+0100] {processor.py:840} INFO - DAG(s) 'example_dynamic_task_mapping_with_no_taskflow_operators' retrieved from /home/ubuntu/.local/lib/python3.10/site-packages/airflow/example_dags/example_dynamic_task_mapping_with_no_taskflow_operators.py
[2024-01-29T20:14:31.344+0100] {logging_mixin.py:188} INFO - [2024-01-29T20:14:31.343+0100] {dag.py:3033} INFO - Sync 1 DAGs
[2024-01-29T20:14:31.364+0100] {logging_mixin.py:188} INFO - [2024-01-29T20:14:31.364+0100] {dag.py:3820} INFO - Setting next_dagrun for example_dynamic_task_mapping_with_no_taskflow_operators to 2024-01-28T00:00:00+00:00, run_after=2024-01-29T00:00:00+00:00
[2024-01-29T20:14:31.394+0100] {processor.py:183} INFO - Processing /home/ubuntu/.local/lib/python3.10/site-packages/airflow/example_dags/example_dynamic_task_mapping_with_no_taskflow_operators.py took 0.085 seconds
[2024-01-29T20:15:41.241+0100] {processor.py:161} INFO - Started process (PID=9341) to work on /home/ubuntu/.local/lib/python3.10/site-packages/airflow/example_dags/example_dynamic_task_mapping_with_no_taskflow_operators.py
[2024-01-29T20:15:41.244+0100] {processor.py:830} INFO - Processing file /home/ubuntu/.local/lib/python3.10/site-packages/airflow/example_dags/example_dynamic_task_mapping_with_no_taskflow_operators.py for tasks to queue
[2024-01-29T20:15:41.245+0100] {logging_mixin.py:188} INFO - [2024-01-29T20:15:41.245+0100] {dagbag.py:538} INFO - Filling up the DagBag from /home/ubuntu/.local/lib/python3.10/site-packages/airflow/example_dags/example_dynamic_task_mapping_with_no_taskflow_operators.py
[2024-01-29T20:15:41.254+0100] {processor.py:840} INFO - DAG(s) 'example_dynamic_task_mapping_with_no_taskflow_operators' retrieved from /home/ubuntu/.local/lib/python3.10/site-packages/airflow/example_dags/example_dynamic_task_mapping_with_no_taskflow_operators.py
[2024-01-29T20:15:41.270+0100] {logging_mixin.py:188} INFO - [2024-01-29T20:15:41.270+0100] {dag.py:3033} INFO - Sync 1 DAGs
[2024-01-29T20:15:41.293+0100] {logging_mixin.py:188} INFO - [2024-01-29T20:15:41.292+0100] {dag.py:3820} INFO - Setting next_dagrun for example_dynamic_task_mapping_with_no_taskflow_operators to 2024-01-28T00:00:00+00:00, run_after=2024-01-29T00:00:00+00:00
[2024-01-29T20:15:41.324+0100] {processor.py:183} INFO - Processing /home/ubuntu/.local/lib/python3.10/site-packages/airflow/example_dags/example_dynamic_task_mapping_with_no_taskflow_operators.py took 0.088 seconds
[2024-01-29T20:16:49.140+0100] {processor.py:161} INFO - Started process (PID=9413) to work on /home/ubuntu/.local/lib/python3.10/site-packages/airflow/example_dags/example_dynamic_task_mapping_with_no_taskflow_operators.py
[2024-01-29T20:16:49.144+0100] {processor.py:830} INFO - Processing file /home/ubuntu/.local/lib/python3.10/site-packages/airflow/example_dags/example_dynamic_task_mapping_with_no_taskflow_operators.py for tasks to queue
[2024-01-29T20:16:49.145+0100] {logging_mixin.py:188} INFO - [2024-01-29T20:16:49.144+0100] {dagbag.py:538} INFO - Filling up the DagBag from /home/ubuntu/.local/lib/python3.10/site-packages/airflow/example_dags/example_dynamic_task_mapping_with_no_taskflow_operators.py
[2024-01-29T20:16:49.157+0100] {processor.py:840} INFO - DAG(s) 'example_dynamic_task_mapping_with_no_taskflow_operators' retrieved from /home/ubuntu/.local/lib/python3.10/site-packages/airflow/example_dags/example_dynamic_task_mapping_with_no_taskflow_operators.py
[2024-01-29T20:16:49.172+0100] {logging_mixin.py:188} INFO - [2024-01-29T20:16:49.172+0100] {dag.py:3033} INFO - Sync 1 DAGs
[2024-01-29T20:16:49.194+0100] {logging_mixin.py:188} INFO - [2024-01-29T20:16:49.194+0100] {dag.py:3820} INFO - Setting next_dagrun for example_dynamic_task_mapping_with_no_taskflow_operators to 2024-01-28T00:00:00+00:00, run_after=2024-01-29T00:00:00+00:00
[2024-01-29T20:16:49.238+0100] {processor.py:183} INFO - Processing /home/ubuntu/.local/lib/python3.10/site-packages/airflow/example_dags/example_dynamic_task_mapping_with_no_taskflow_operators.py took 0.101 seconds
[2024-01-29T20:17:43.802+0100] {processor.py:161} INFO - Started process (PID=9475) to work on /home/ubuntu/.local/lib/python3.10/site-packages/airflow/example_dags/example_dynamic_task_mapping_with_no_taskflow_operators.py
[2024-01-29T20:17:43.804+0100] {processor.py:830} INFO - Processing file /home/ubuntu/.local/lib/python3.10/site-packages/airflow/example_dags/example_dynamic_task_mapping_with_no_taskflow_operators.py for tasks to queue
[2024-01-29T20:17:43.805+0100] {logging_mixin.py:188} INFO - [2024-01-29T20:17:43.804+0100] {dagbag.py:538} INFO - Filling up the DagBag from /home/ubuntu/.local/lib/python3.10/site-packages/airflow/example_dags/example_dynamic_task_mapping_with_no_taskflow_operators.py
[2024-01-29T20:17:43.813+0100] {processor.py:840} INFO - DAG(s) 'example_dynamic_task_mapping_with_no_taskflow_operators' retrieved from /home/ubuntu/.local/lib/python3.10/site-packages/airflow/example_dags/example_dynamic_task_mapping_with_no_taskflow_operators.py
[2024-01-29T20:17:43.831+0100] {logging_mixin.py:188} INFO - [2024-01-29T20:17:43.831+0100] {dag.py:3033} INFO - Sync 1 DAGs
[2024-01-29T20:17:43.854+0100] {logging_mixin.py:188} INFO - [2024-01-29T20:17:43.854+0100] {dag.py:3820} INFO - Setting next_dagrun for example_dynamic_task_mapping_with_no_taskflow_operators to 2024-01-28T00:00:00+00:00, run_after=2024-01-29T00:00:00+00:00
[2024-01-29T20:17:43.882+0100] {processor.py:183} INFO - Processing /home/ubuntu/.local/lib/python3.10/site-packages/airflow/example_dags/example_dynamic_task_mapping_with_no_taskflow_operators.py took 0.084 seconds
[2024-01-29T20:18:48.703+0100] {processor.py:161} INFO - Started process (PID=9552) to work on /home/ubuntu/.local/lib/python3.10/site-packages/airflow/example_dags/example_dynamic_task_mapping_with_no_taskflow_operators.py
[2024-01-29T20:18:48.708+0100] {processor.py:830} INFO - Processing file /home/ubuntu/.local/lib/python3.10/site-packages/airflow/example_dags/example_dynamic_task_mapping_with_no_taskflow_operators.py for tasks to queue
[2024-01-29T20:18:48.709+0100] {logging_mixin.py:188} INFO - [2024-01-29T20:18:48.709+0100] {dagbag.py:538} INFO - Filling up the DagBag from /home/ubuntu/.local/lib/python3.10/site-packages/airflow/example_dags/example_dynamic_task_mapping_with_no_taskflow_operators.py
[2024-01-29T20:18:48.724+0100] {processor.py:840} INFO - DAG(s) 'example_dynamic_task_mapping_with_no_taskflow_operators' retrieved from /home/ubuntu/.local/lib/python3.10/site-packages/airflow/example_dags/example_dynamic_task_mapping_with_no_taskflow_operators.py
[2024-01-29T20:18:48.747+0100] {logging_mixin.py:188} INFO - [2024-01-29T20:18:48.747+0100] {dag.py:3033} INFO - Sync 1 DAGs
[2024-01-29T20:18:48.780+0100] {logging_mixin.py:188} INFO - [2024-01-29T20:18:48.780+0100] {dag.py:3820} INFO - Setting next_dagrun for example_dynamic_task_mapping_with_no_taskflow_operators to 2024-01-28T00:00:00+00:00, run_after=2024-01-29T00:00:00+00:00
[2024-01-29T20:18:48.832+0100] {processor.py:183} INFO - Processing /home/ubuntu/.local/lib/python3.10/site-packages/airflow/example_dags/example_dynamic_task_mapping_with_no_taskflow_operators.py took 0.133 seconds
[2024-01-29T20:19:55.877+0100] {processor.py:161} INFO - Started process (PID=9644) to work on /home/ubuntu/.local/lib/python3.10/site-packages/airflow/example_dags/example_dynamic_task_mapping_with_no_taskflow_operators.py
[2024-01-29T20:19:55.879+0100] {processor.py:830} INFO - Processing file /home/ubuntu/.local/lib/python3.10/site-packages/airflow/example_dags/example_dynamic_task_mapping_with_no_taskflow_operators.py for tasks to queue
[2024-01-29T20:19:55.880+0100] {logging_mixin.py:188} INFO - [2024-01-29T20:19:55.880+0100] {dagbag.py:538} INFO - Filling up the DagBag from /home/ubuntu/.local/lib/python3.10/site-packages/airflow/example_dags/example_dynamic_task_mapping_with_no_taskflow_operators.py
[2024-01-29T20:19:55.889+0100] {processor.py:840} INFO - DAG(s) 'example_dynamic_task_mapping_with_no_taskflow_operators' retrieved from /home/ubuntu/.local/lib/python3.10/site-packages/airflow/example_dags/example_dynamic_task_mapping_with_no_taskflow_operators.py
[2024-01-29T20:19:55.904+0100] {logging_mixin.py:188} INFO - [2024-01-29T20:19:55.904+0100] {dag.py:3033} INFO - Sync 1 DAGs
[2024-01-29T20:19:55.924+0100] {logging_mixin.py:188} INFO - [2024-01-29T20:19:55.923+0100] {dag.py:3820} INFO - Setting next_dagrun for example_dynamic_task_mapping_with_no_taskflow_operators to 2024-01-28T00:00:00+00:00, run_after=2024-01-29T00:00:00+00:00
[2024-01-29T20:19:55.952+0100] {processor.py:183} INFO - Processing /home/ubuntu/.local/lib/python3.10/site-packages/airflow/example_dags/example_dynamic_task_mapping_with_no_taskflow_operators.py took 0.078 seconds
[2024-01-29T20:20:58.423+0100] {processor.py:161} INFO - Started process (PID=9717) to work on /home/ubuntu/.local/lib/python3.10/site-packages/airflow/example_dags/example_dynamic_task_mapping_with_no_taskflow_operators.py
[2024-01-29T20:20:58.425+0100] {processor.py:830} INFO - Processing file /home/ubuntu/.local/lib/python3.10/site-packages/airflow/example_dags/example_dynamic_task_mapping_with_no_taskflow_operators.py for tasks to queue
[2024-01-29T20:20:58.426+0100] {logging_mixin.py:188} INFO - [2024-01-29T20:20:58.426+0100] {dagbag.py:538} INFO - Filling up the DagBag from /home/ubuntu/.local/lib/python3.10/site-packages/airflow/example_dags/example_dynamic_task_mapping_with_no_taskflow_operators.py
[2024-01-29T20:20:58.435+0100] {processor.py:840} INFO - DAG(s) 'example_dynamic_task_mapping_with_no_taskflow_operators' retrieved from /home/ubuntu/.local/lib/python3.10/site-packages/airflow/example_dags/example_dynamic_task_mapping_with_no_taskflow_operators.py
[2024-01-29T20:20:58.450+0100] {logging_mixin.py:188} INFO - [2024-01-29T20:20:58.450+0100] {dag.py:3033} INFO - Sync 1 DAGs
[2024-01-29T20:20:58.472+0100] {logging_mixin.py:188} INFO - [2024-01-29T20:20:58.472+0100] {dag.py:3820} INFO - Setting next_dagrun for example_dynamic_task_mapping_with_no_taskflow_operators to 2024-01-28T00:00:00+00:00, run_after=2024-01-29T00:00:00+00:00
[2024-01-29T20:20:58.512+0100] {processor.py:183} INFO - Processing /home/ubuntu/.local/lib/python3.10/site-packages/airflow/example_dags/example_dynamic_task_mapping_with_no_taskflow_operators.py took 0.092 seconds
