[2024-01-29T19:54:22.220+0100] {processor.py:161} INFO - Started process (PID=7852) to work on /home/ubuntu/.local/lib/python3.10/site-packages/airflow/example_dags/example_external_task_marker_dag.py
[2024-01-29T19:54:22.276+0100] {processor.py:830} INFO - Processing file /home/ubuntu/.local/lib/python3.10/site-packages/airflow/example_dags/example_external_task_marker_dag.py for tasks to queue
[2024-01-29T19:54:22.289+0100] {logging_mixin.py:188} INFO - [2024-01-29T19:54:22.285+0100] {dagbag.py:538} INFO - Filling up the DagBag from /home/ubuntu/.local/lib/python3.10/site-packages/airflow/example_dags/example_external_task_marker_dag.py
[2024-01-29T19:54:22.719+0100] {processor.py:840} INFO - DAG(s) 'example_external_task_marker_child', 'example_external_task_marker_parent' retrieved from /home/ubuntu/.local/lib/python3.10/site-packages/airflow/example_dags/example_external_task_marker_dag.py
[2024-01-29T19:54:26.575+0100] {logging_mixin.py:188} INFO - [2024-01-29T19:54:26.575+0100] {dag.py:3033} INFO - Sync 2 DAGs
[2024-01-29T19:54:27.239+0100] {logging_mixin.py:188} INFO - [2024-01-29T19:54:27.239+0100] {dag.py:3820} INFO - Setting next_dagrun for example_external_task_marker_child to None, run_after=None
[2024-01-29T19:54:27.247+0100] {logging_mixin.py:188} INFO - [2024-01-29T19:54:27.246+0100] {dag.py:3820} INFO - Setting next_dagrun for example_external_task_marker_parent to None, run_after=None
[2024-01-29T19:54:29.842+0100] {processor.py:183} INFO - Processing /home/ubuntu/.local/lib/python3.10/site-packages/airflow/example_dags/example_external_task_marker_dag.py took 8.604 seconds
[2024-01-29T19:55:40.509+0100] {processor.py:161} INFO - Started process (PID=7951) to work on /home/ubuntu/.local/lib/python3.10/site-packages/airflow/example_dags/example_external_task_marker_dag.py
[2024-01-29T19:55:40.514+0100] {processor.py:830} INFO - Processing file /home/ubuntu/.local/lib/python3.10/site-packages/airflow/example_dags/example_external_task_marker_dag.py for tasks to queue
[2024-01-29T19:55:40.516+0100] {logging_mixin.py:188} INFO - [2024-01-29T19:55:40.515+0100] {dagbag.py:538} INFO - Filling up the DagBag from /home/ubuntu/.local/lib/python3.10/site-packages/airflow/example_dags/example_external_task_marker_dag.py
[2024-01-29T19:55:40.541+0100] {processor.py:840} INFO - DAG(s) 'example_external_task_marker_parent', 'example_external_task_marker_child' retrieved from /home/ubuntu/.local/lib/python3.10/site-packages/airflow/example_dags/example_external_task_marker_dag.py
[2024-01-29T19:55:40.653+0100] {logging_mixin.py:188} INFO - [2024-01-29T19:55:40.653+0100] {dag.py:3033} INFO - Sync 2 DAGs
[2024-01-29T19:55:40.722+0100] {logging_mixin.py:188} INFO - [2024-01-29T19:55:40.721+0100] {dag.py:3820} INFO - Setting next_dagrun for example_external_task_marker_child to None, run_after=None
[2024-01-29T19:55:40.737+0100] {logging_mixin.py:188} INFO - [2024-01-29T19:55:40.733+0100] {dag.py:3820} INFO - Setting next_dagrun for example_external_task_marker_parent to None, run_after=None
[2024-01-29T19:55:41.120+0100] {processor.py:183} INFO - Processing /home/ubuntu/.local/lib/python3.10/site-packages/airflow/example_dags/example_external_task_marker_dag.py took 0.619 seconds
[2024-01-29T19:56:59.976+0100] {processor.py:161} INFO - Started process (PID=8024) to work on /home/ubuntu/.local/lib/python3.10/site-packages/airflow/example_dags/example_external_task_marker_dag.py
[2024-01-29T19:56:59.979+0100] {processor.py:830} INFO - Processing file /home/ubuntu/.local/lib/python3.10/site-packages/airflow/example_dags/example_external_task_marker_dag.py for tasks to queue
[2024-01-29T19:56:59.980+0100] {logging_mixin.py:188} INFO - [2024-01-29T19:56:59.979+0100] {dagbag.py:538} INFO - Filling up the DagBag from /home/ubuntu/.local/lib/python3.10/site-packages/airflow/example_dags/example_external_task_marker_dag.py
[2024-01-29T19:56:59.988+0100] {processor.py:840} INFO - DAG(s) 'example_external_task_marker_parent', 'example_external_task_marker_child' retrieved from /home/ubuntu/.local/lib/python3.10/site-packages/airflow/example_dags/example_external_task_marker_dag.py
[2024-01-29T19:57:00.022+0100] {logging_mixin.py:188} INFO - [2024-01-29T19:57:00.022+0100] {dag.py:3033} INFO - Sync 2 DAGs
[2024-01-29T19:57:00.043+0100] {logging_mixin.py:188} INFO - [2024-01-29T19:57:00.043+0100] {dag.py:3820} INFO - Setting next_dagrun for example_external_task_marker_child to None, run_after=None
[2024-01-29T19:57:00.046+0100] {logging_mixin.py:188} INFO - [2024-01-29T19:57:00.046+0100] {dag.py:3820} INFO - Setting next_dagrun for example_external_task_marker_parent to None, run_after=None
[2024-01-29T19:57:00.076+0100] {processor.py:183} INFO - Processing /home/ubuntu/.local/lib/python3.10/site-packages/airflow/example_dags/example_external_task_marker_dag.py took 0.104 seconds
[2024-01-29T19:57:58.123+0100] {processor.py:161} INFO - Started process (PID=8085) to work on /home/ubuntu/.local/lib/python3.10/site-packages/airflow/example_dags/example_external_task_marker_dag.py
[2024-01-29T19:57:58.126+0100] {processor.py:830} INFO - Processing file /home/ubuntu/.local/lib/python3.10/site-packages/airflow/example_dags/example_external_task_marker_dag.py for tasks to queue
[2024-01-29T19:57:58.127+0100] {logging_mixin.py:188} INFO - [2024-01-29T19:57:58.127+0100] {dagbag.py:538} INFO - Filling up the DagBag from /home/ubuntu/.local/lib/python3.10/site-packages/airflow/example_dags/example_external_task_marker_dag.py
[2024-01-29T19:57:58.138+0100] {processor.py:840} INFO - DAG(s) 'example_external_task_marker_child', 'example_external_task_marker_parent' retrieved from /home/ubuntu/.local/lib/python3.10/site-packages/airflow/example_dags/example_external_task_marker_dag.py
[2024-01-29T19:57:58.165+0100] {logging_mixin.py:188} INFO - [2024-01-29T19:57:58.164+0100] {dag.py:3033} INFO - Sync 2 DAGs
[2024-01-29T19:57:58.199+0100] {logging_mixin.py:188} INFO - [2024-01-29T19:57:58.197+0100] {dag.py:3820} INFO - Setting next_dagrun for example_external_task_marker_child to None, run_after=None
[2024-01-29T19:57:58.204+0100] {logging_mixin.py:188} INFO - [2024-01-29T19:57:58.204+0100] {dag.py:3820} INFO - Setting next_dagrun for example_external_task_marker_parent to None, run_after=None
[2024-01-29T19:57:58.246+0100] {processor.py:183} INFO - Processing /home/ubuntu/.local/lib/python3.10/site-packages/airflow/example_dags/example_external_task_marker_dag.py took 0.128 seconds
[2024-01-29T19:58:45.768+0100] {processor.py:161} INFO - Started process (PID=8138) to work on /home/ubuntu/.local/lib/python3.10/site-packages/airflow/example_dags/example_external_task_marker_dag.py
[2024-01-29T19:58:45.770+0100] {processor.py:830} INFO - Processing file /home/ubuntu/.local/lib/python3.10/site-packages/airflow/example_dags/example_external_task_marker_dag.py for tasks to queue
[2024-01-29T19:58:45.771+0100] {logging_mixin.py:188} INFO - [2024-01-29T19:58:45.771+0100] {dagbag.py:538} INFO - Filling up the DagBag from /home/ubuntu/.local/lib/python3.10/site-packages/airflow/example_dags/example_external_task_marker_dag.py
[2024-01-29T19:58:45.778+0100] {processor.py:840} INFO - DAG(s) 'example_external_task_marker_parent', 'example_external_task_marker_child' retrieved from /home/ubuntu/.local/lib/python3.10/site-packages/airflow/example_dags/example_external_task_marker_dag.py
[2024-01-29T19:58:45.800+0100] {logging_mixin.py:188} INFO - [2024-01-29T19:58:45.800+0100] {dag.py:3033} INFO - Sync 2 DAGs
[2024-01-29T19:58:45.813+0100] {logging_mixin.py:188} INFO - [2024-01-29T19:58:45.813+0100] {dag.py:3820} INFO - Setting next_dagrun for example_external_task_marker_child to None, run_after=None
[2024-01-29T19:58:45.816+0100] {logging_mixin.py:188} INFO - [2024-01-29T19:58:45.816+0100] {dag.py:3820} INFO - Setting next_dagrun for example_external_task_marker_parent to None, run_after=None
[2024-01-29T19:58:45.847+0100] {processor.py:183} INFO - Processing /home/ubuntu/.local/lib/python3.10/site-packages/airflow/example_dags/example_external_task_marker_dag.py took 0.083 seconds
[2024-01-29T19:59:59.018+0100] {processor.py:161} INFO - Started process (PID=8226) to work on /home/ubuntu/.local/lib/python3.10/site-packages/airflow/example_dags/example_external_task_marker_dag.py
[2024-01-29T19:59:59.042+0100] {processor.py:830} INFO - Processing file /home/ubuntu/.local/lib/python3.10/site-packages/airflow/example_dags/example_external_task_marker_dag.py for tasks to queue
[2024-01-29T19:59:59.043+0100] {logging_mixin.py:188} INFO - [2024-01-29T19:59:59.043+0100] {dagbag.py:538} INFO - Filling up the DagBag from /home/ubuntu/.local/lib/python3.10/site-packages/airflow/example_dags/example_external_task_marker_dag.py
[2024-01-29T19:59:59.080+0100] {processor.py:840} INFO - DAG(s) 'example_external_task_marker_child', 'example_external_task_marker_parent' retrieved from /home/ubuntu/.local/lib/python3.10/site-packages/airflow/example_dags/example_external_task_marker_dag.py
[2024-01-29T19:59:59.156+0100] {logging_mixin.py:188} INFO - [2024-01-29T19:59:59.156+0100] {dag.py:3033} INFO - Sync 2 DAGs
[2024-01-29T19:59:59.232+0100] {logging_mixin.py:188} INFO - [2024-01-29T19:59:59.231+0100] {dag.py:3820} INFO - Setting next_dagrun for example_external_task_marker_child to None, run_after=None
[2024-01-29T19:59:59.261+0100] {logging_mixin.py:188} INFO - [2024-01-29T19:59:59.261+0100] {dag.py:3820} INFO - Setting next_dagrun for example_external_task_marker_parent to None, run_after=None
[2024-01-29T19:59:59.559+0100] {processor.py:183} INFO - Processing /home/ubuntu/.local/lib/python3.10/site-packages/airflow/example_dags/example_external_task_marker_dag.py took 0.549 seconds
[2024-01-29T20:01:16.121+0100] {processor.py:161} INFO - Started process (PID=8294) to work on /home/ubuntu/.local/lib/python3.10/site-packages/airflow/example_dags/example_external_task_marker_dag.py
[2024-01-29T20:01:16.133+0100] {processor.py:830} INFO - Processing file /home/ubuntu/.local/lib/python3.10/site-packages/airflow/example_dags/example_external_task_marker_dag.py for tasks to queue
[2024-01-29T20:01:16.135+0100] {logging_mixin.py:188} INFO - [2024-01-29T20:01:16.134+0100] {dagbag.py:538} INFO - Filling up the DagBag from /home/ubuntu/.local/lib/python3.10/site-packages/airflow/example_dags/example_external_task_marker_dag.py
[2024-01-29T20:01:16.148+0100] {processor.py:840} INFO - DAG(s) 'example_external_task_marker_parent', 'example_external_task_marker_child' retrieved from /home/ubuntu/.local/lib/python3.10/site-packages/airflow/example_dags/example_external_task_marker_dag.py
[2024-01-29T20:01:16.178+0100] {logging_mixin.py:188} INFO - [2024-01-29T20:01:16.178+0100] {dag.py:3033} INFO - Sync 2 DAGs
[2024-01-29T20:01:16.195+0100] {logging_mixin.py:188} INFO - [2024-01-29T20:01:16.195+0100] {dag.py:3820} INFO - Setting next_dagrun for example_external_task_marker_child to None, run_after=None
[2024-01-29T20:01:16.200+0100] {logging_mixin.py:188} INFO - [2024-01-29T20:01:16.199+0100] {dag.py:3820} INFO - Setting next_dagrun for example_external_task_marker_parent to None, run_after=None
[2024-01-29T20:01:16.227+0100] {processor.py:183} INFO - Processing /home/ubuntu/.local/lib/python3.10/site-packages/airflow/example_dags/example_external_task_marker_dag.py took 0.114 seconds
[2024-01-29T20:02:02.805+0100] {processor.py:161} INFO - Started process (PID=8347) to work on /home/ubuntu/.local/lib/python3.10/site-packages/airflow/example_dags/example_external_task_marker_dag.py
[2024-01-29T20:02:02.807+0100] {processor.py:830} INFO - Processing file /home/ubuntu/.local/lib/python3.10/site-packages/airflow/example_dags/example_external_task_marker_dag.py for tasks to queue
[2024-01-29T20:02:02.808+0100] {logging_mixin.py:188} INFO - [2024-01-29T20:02:02.808+0100] {dagbag.py:538} INFO - Filling up the DagBag from /home/ubuntu/.local/lib/python3.10/site-packages/airflow/example_dags/example_external_task_marker_dag.py
[2024-01-29T20:02:02.816+0100] {processor.py:840} INFO - DAG(s) 'example_external_task_marker_parent', 'example_external_task_marker_child' retrieved from /home/ubuntu/.local/lib/python3.10/site-packages/airflow/example_dags/example_external_task_marker_dag.py
[2024-01-29T20:02:02.841+0100] {logging_mixin.py:188} INFO - [2024-01-29T20:02:02.841+0100] {dag.py:3033} INFO - Sync 2 DAGs
[2024-01-29T20:02:02.892+0100] {logging_mixin.py:188} INFO - [2024-01-29T20:02:02.892+0100] {dag.py:3820} INFO - Setting next_dagrun for example_external_task_marker_child to None, run_after=None
[2024-01-29T20:02:02.900+0100] {logging_mixin.py:188} INFO - [2024-01-29T20:02:02.900+0100] {dag.py:3820} INFO - Setting next_dagrun for example_external_task_marker_parent to None, run_after=None
[2024-01-29T20:02:02.928+0100] {processor.py:183} INFO - Processing /home/ubuntu/.local/lib/python3.10/site-packages/airflow/example_dags/example_external_task_marker_dag.py took 0.126 seconds
[2024-01-29T20:02:57.897+0100] {processor.py:161} INFO - Started process (PID=8442) to work on /home/ubuntu/.local/lib/python3.10/site-packages/airflow/example_dags/example_external_task_marker_dag.py
[2024-01-29T20:02:57.900+0100] {processor.py:830} INFO - Processing file /home/ubuntu/.local/lib/python3.10/site-packages/airflow/example_dags/example_external_task_marker_dag.py for tasks to queue
[2024-01-29T20:02:57.901+0100] {logging_mixin.py:188} INFO - [2024-01-29T20:02:57.900+0100] {dagbag.py:538} INFO - Filling up the DagBag from /home/ubuntu/.local/lib/python3.10/site-packages/airflow/example_dags/example_external_task_marker_dag.py
[2024-01-29T20:02:57.906+0100] {processor.py:840} INFO - DAG(s) 'example_external_task_marker_parent', 'example_external_task_marker_child' retrieved from /home/ubuntu/.local/lib/python3.10/site-packages/airflow/example_dags/example_external_task_marker_dag.py
[2024-01-29T20:02:57.924+0100] {logging_mixin.py:188} INFO - [2024-01-29T20:02:57.924+0100] {dag.py:3033} INFO - Sync 2 DAGs
[2024-01-29T20:02:57.934+0100] {logging_mixin.py:188} INFO - [2024-01-29T20:02:57.934+0100] {dag.py:3820} INFO - Setting next_dagrun for example_external_task_marker_child to None, run_after=None
[2024-01-29T20:02:57.938+0100] {logging_mixin.py:188} INFO - [2024-01-29T20:02:57.938+0100] {dag.py:3820} INFO - Setting next_dagrun for example_external_task_marker_parent to None, run_after=None
[2024-01-29T20:02:57.985+0100] {processor.py:183} INFO - Processing /home/ubuntu/.local/lib/python3.10/site-packages/airflow/example_dags/example_external_task_marker_dag.py took 0.091 seconds
[2024-01-29T20:03:48.808+0100] {processor.py:161} INFO - Started process (PID=8503) to work on /home/ubuntu/.local/lib/python3.10/site-packages/airflow/example_dags/example_external_task_marker_dag.py
[2024-01-29T20:03:48.811+0100] {processor.py:830} INFO - Processing file /home/ubuntu/.local/lib/python3.10/site-packages/airflow/example_dags/example_external_task_marker_dag.py for tasks to queue
[2024-01-29T20:03:48.812+0100] {logging_mixin.py:188} INFO - [2024-01-29T20:03:48.811+0100] {dagbag.py:538} INFO - Filling up the DagBag from /home/ubuntu/.local/lib/python3.10/site-packages/airflow/example_dags/example_external_task_marker_dag.py
[2024-01-29T20:03:48.822+0100] {processor.py:840} INFO - DAG(s) 'example_external_task_marker_child', 'example_external_task_marker_parent' retrieved from /home/ubuntu/.local/lib/python3.10/site-packages/airflow/example_dags/example_external_task_marker_dag.py
[2024-01-29T20:03:48.853+0100] {logging_mixin.py:188} INFO - [2024-01-29T20:03:48.852+0100] {dag.py:3033} INFO - Sync 2 DAGs
[2024-01-29T20:03:48.869+0100] {logging_mixin.py:188} INFO - [2024-01-29T20:03:48.869+0100] {dag.py:3820} INFO - Setting next_dagrun for example_external_task_marker_child to None, run_after=None
[2024-01-29T20:03:48.874+0100] {logging_mixin.py:188} INFO - [2024-01-29T20:03:48.874+0100] {dag.py:3820} INFO - Setting next_dagrun for example_external_task_marker_parent to None, run_after=None
[2024-01-29T20:03:48.911+0100] {processor.py:183} INFO - Processing /home/ubuntu/.local/lib/python3.10/site-packages/airflow/example_dags/example_external_task_marker_dag.py took 0.107 seconds
[2024-01-29T20:04:35.632+0100] {processor.py:161} INFO - Started process (PID=8552) to work on /home/ubuntu/.local/lib/python3.10/site-packages/airflow/example_dags/example_external_task_marker_dag.py
[2024-01-29T20:04:35.634+0100] {processor.py:830} INFO - Processing file /home/ubuntu/.local/lib/python3.10/site-packages/airflow/example_dags/example_external_task_marker_dag.py for tasks to queue
[2024-01-29T20:04:35.635+0100] {logging_mixin.py:188} INFO - [2024-01-29T20:04:35.635+0100] {dagbag.py:538} INFO - Filling up the DagBag from /home/ubuntu/.local/lib/python3.10/site-packages/airflow/example_dags/example_external_task_marker_dag.py
[2024-01-29T20:04:35.644+0100] {processor.py:840} INFO - DAG(s) 'example_external_task_marker_parent', 'example_external_task_marker_child' retrieved from /home/ubuntu/.local/lib/python3.10/site-packages/airflow/example_dags/example_external_task_marker_dag.py
[2024-01-29T20:04:35.665+0100] {logging_mixin.py:188} INFO - [2024-01-29T20:04:35.665+0100] {dag.py:3033} INFO - Sync 2 DAGs
[2024-01-29T20:04:35.677+0100] {logging_mixin.py:188} INFO - [2024-01-29T20:04:35.677+0100] {dag.py:3820} INFO - Setting next_dagrun for example_external_task_marker_child to None, run_after=None
[2024-01-29T20:04:35.681+0100] {logging_mixin.py:188} INFO - [2024-01-29T20:04:35.680+0100] {dag.py:3820} INFO - Setting next_dagrun for example_external_task_marker_parent to None, run_after=None
[2024-01-29T20:04:35.715+0100] {processor.py:183} INFO - Processing /home/ubuntu/.local/lib/python3.10/site-packages/airflow/example_dags/example_external_task_marker_dag.py took 0.086 seconds
[2024-01-29T20:05:51.336+0100] {processor.py:161} INFO - Started process (PID=8633) to work on /home/ubuntu/.local/lib/python3.10/site-packages/airflow/example_dags/example_external_task_marker_dag.py
[2024-01-29T20:05:51.356+0100] {processor.py:830} INFO - Processing file /home/ubuntu/.local/lib/python3.10/site-packages/airflow/example_dags/example_external_task_marker_dag.py for tasks to queue
[2024-01-29T20:05:51.369+0100] {logging_mixin.py:188} INFO - [2024-01-29T20:05:51.357+0100] {dagbag.py:538} INFO - Filling up the DagBag from /home/ubuntu/.local/lib/python3.10/site-packages/airflow/example_dags/example_external_task_marker_dag.py
[2024-01-29T20:05:51.391+0100] {processor.py:840} INFO - DAG(s) 'example_external_task_marker_parent', 'example_external_task_marker_child' retrieved from /home/ubuntu/.local/lib/python3.10/site-packages/airflow/example_dags/example_external_task_marker_dag.py
[2024-01-29T20:05:51.419+0100] {logging_mixin.py:188} INFO - [2024-01-29T20:05:51.418+0100] {dag.py:3033} INFO - Sync 2 DAGs
[2024-01-29T20:05:51.432+0100] {logging_mixin.py:188} INFO - [2024-01-29T20:05:51.432+0100] {dag.py:3820} INFO - Setting next_dagrun for example_external_task_marker_child to None, run_after=None
[2024-01-29T20:05:51.439+0100] {logging_mixin.py:188} INFO - [2024-01-29T20:05:51.438+0100] {dag.py:3820} INFO - Setting next_dagrun for example_external_task_marker_parent to None, run_after=None
[2024-01-29T20:05:51.475+0100] {processor.py:183} INFO - Processing /home/ubuntu/.local/lib/python3.10/site-packages/airflow/example_dags/example_external_task_marker_dag.py took 0.154 seconds
[2024-01-29T20:07:10.966+0100] {processor.py:161} INFO - Started process (PID=8715) to work on /home/ubuntu/.local/lib/python3.10/site-packages/airflow/example_dags/example_external_task_marker_dag.py
[2024-01-29T20:07:10.968+0100] {processor.py:830} INFO - Processing file /home/ubuntu/.local/lib/python3.10/site-packages/airflow/example_dags/example_external_task_marker_dag.py for tasks to queue
[2024-01-29T20:07:10.969+0100] {logging_mixin.py:188} INFO - [2024-01-29T20:07:10.968+0100] {dagbag.py:538} INFO - Filling up the DagBag from /home/ubuntu/.local/lib/python3.10/site-packages/airflow/example_dags/example_external_task_marker_dag.py
[2024-01-29T20:07:10.975+0100] {processor.py:840} INFO - DAG(s) 'example_external_task_marker_parent', 'example_external_task_marker_child' retrieved from /home/ubuntu/.local/lib/python3.10/site-packages/airflow/example_dags/example_external_task_marker_dag.py
[2024-01-29T20:07:10.995+0100] {logging_mixin.py:188} INFO - [2024-01-29T20:07:10.995+0100] {dag.py:3033} INFO - Sync 2 DAGs
[2024-01-29T20:07:11.006+0100] {logging_mixin.py:188} INFO - [2024-01-29T20:07:11.006+0100] {dag.py:3820} INFO - Setting next_dagrun for example_external_task_marker_child to None, run_after=None
[2024-01-29T20:07:11.009+0100] {logging_mixin.py:188} INFO - [2024-01-29T20:07:11.009+0100] {dag.py:3820} INFO - Setting next_dagrun for example_external_task_marker_parent to None, run_after=None
[2024-01-29T20:07:11.043+0100] {processor.py:183} INFO - Processing /home/ubuntu/.local/lib/python3.10/site-packages/airflow/example_dags/example_external_task_marker_dag.py took 0.081 seconds
[2024-01-29T20:08:13.288+0100] {processor.py:161} INFO - Started process (PID=8786) to work on /home/ubuntu/.local/lib/python3.10/site-packages/airflow/example_dags/example_external_task_marker_dag.py
[2024-01-29T20:08:13.291+0100] {processor.py:830} INFO - Processing file /home/ubuntu/.local/lib/python3.10/site-packages/airflow/example_dags/example_external_task_marker_dag.py for tasks to queue
[2024-01-29T20:08:13.292+0100] {logging_mixin.py:188} INFO - [2024-01-29T20:08:13.291+0100] {dagbag.py:538} INFO - Filling up the DagBag from /home/ubuntu/.local/lib/python3.10/site-packages/airflow/example_dags/example_external_task_marker_dag.py
[2024-01-29T20:08:13.297+0100] {processor.py:840} INFO - DAG(s) 'example_external_task_marker_child', 'example_external_task_marker_parent' retrieved from /home/ubuntu/.local/lib/python3.10/site-packages/airflow/example_dags/example_external_task_marker_dag.py
[2024-01-29T20:08:13.315+0100] {logging_mixin.py:188} INFO - [2024-01-29T20:08:13.315+0100] {dag.py:3033} INFO - Sync 2 DAGs
[2024-01-29T20:08:13.325+0100] {logging_mixin.py:188} INFO - [2024-01-29T20:08:13.325+0100] {dag.py:3820} INFO - Setting next_dagrun for example_external_task_marker_child to None, run_after=None
[2024-01-29T20:08:13.328+0100] {logging_mixin.py:188} INFO - [2024-01-29T20:08:13.328+0100] {dag.py:3820} INFO - Setting next_dagrun for example_external_task_marker_parent to None, run_after=None
[2024-01-29T20:08:13.370+0100] {processor.py:183} INFO - Processing /home/ubuntu/.local/lib/python3.10/site-packages/airflow/example_dags/example_external_task_marker_dag.py took 0.085 seconds
[2024-01-29T20:09:01.853+0100] {processor.py:161} INFO - Started process (PID=8844) to work on /home/ubuntu/.local/lib/python3.10/site-packages/airflow/example_dags/example_external_task_marker_dag.py
[2024-01-29T20:09:01.855+0100] {processor.py:830} INFO - Processing file /home/ubuntu/.local/lib/python3.10/site-packages/airflow/example_dags/example_external_task_marker_dag.py for tasks to queue
[2024-01-29T20:09:01.856+0100] {logging_mixin.py:188} INFO - [2024-01-29T20:09:01.855+0100] {dagbag.py:538} INFO - Filling up the DagBag from /home/ubuntu/.local/lib/python3.10/site-packages/airflow/example_dags/example_external_task_marker_dag.py
[2024-01-29T20:09:01.865+0100] {processor.py:840} INFO - DAG(s) 'example_external_task_marker_parent', 'example_external_task_marker_child' retrieved from /home/ubuntu/.local/lib/python3.10/site-packages/airflow/example_dags/example_external_task_marker_dag.py
[2024-01-29T20:09:01.884+0100] {logging_mixin.py:188} INFO - [2024-01-29T20:09:01.884+0100] {dag.py:3033} INFO - Sync 2 DAGs
[2024-01-29T20:09:01.896+0100] {logging_mixin.py:188} INFO - [2024-01-29T20:09:01.896+0100] {dag.py:3820} INFO - Setting next_dagrun for example_external_task_marker_child to None, run_after=None
[2024-01-29T20:09:01.900+0100] {logging_mixin.py:188} INFO - [2024-01-29T20:09:01.900+0100] {dag.py:3820} INFO - Setting next_dagrun for example_external_task_marker_parent to None, run_after=None
[2024-01-29T20:09:01.931+0100] {processor.py:183} INFO - Processing /home/ubuntu/.local/lib/python3.10/site-packages/airflow/example_dags/example_external_task_marker_dag.py took 0.082 seconds
[2024-01-29T20:10:07.955+0100] {processor.py:161} INFO - Started process (PID=8924) to work on /home/ubuntu/.local/lib/python3.10/site-packages/airflow/example_dags/example_external_task_marker_dag.py
[2024-01-29T20:10:07.958+0100] {processor.py:830} INFO - Processing file /home/ubuntu/.local/lib/python3.10/site-packages/airflow/example_dags/example_external_task_marker_dag.py for tasks to queue
[2024-01-29T20:10:07.959+0100] {logging_mixin.py:188} INFO - [2024-01-29T20:10:07.958+0100] {dagbag.py:538} INFO - Filling up the DagBag from /home/ubuntu/.local/lib/python3.10/site-packages/airflow/example_dags/example_external_task_marker_dag.py
[2024-01-29T20:10:07.967+0100] {processor.py:840} INFO - DAG(s) 'example_external_task_marker_child', 'example_external_task_marker_parent' retrieved from /home/ubuntu/.local/lib/python3.10/site-packages/airflow/example_dags/example_external_task_marker_dag.py
[2024-01-29T20:10:07.988+0100] {logging_mixin.py:188} INFO - [2024-01-29T20:10:07.988+0100] {dag.py:3033} INFO - Sync 2 DAGs
[2024-01-29T20:10:08.002+0100] {logging_mixin.py:188} INFO - [2024-01-29T20:10:08.002+0100] {dag.py:3820} INFO - Setting next_dagrun for example_external_task_marker_child to None, run_after=None
[2024-01-29T20:10:08.006+0100] {logging_mixin.py:188} INFO - [2024-01-29T20:10:08.006+0100] {dag.py:3820} INFO - Setting next_dagrun for example_external_task_marker_parent to None, run_after=None
[2024-01-29T20:10:08.034+0100] {processor.py:183} INFO - Processing /home/ubuntu/.local/lib/python3.10/site-packages/airflow/example_dags/example_external_task_marker_dag.py took 0.082 seconds
[2024-01-29T20:10:55.462+0100] {processor.py:161} INFO - Started process (PID=8979) to work on /home/ubuntu/.local/lib/python3.10/site-packages/airflow/example_dags/example_external_task_marker_dag.py
[2024-01-29T20:10:55.464+0100] {processor.py:830} INFO - Processing file /home/ubuntu/.local/lib/python3.10/site-packages/airflow/example_dags/example_external_task_marker_dag.py for tasks to queue
[2024-01-29T20:10:55.465+0100] {logging_mixin.py:188} INFO - [2024-01-29T20:10:55.465+0100] {dagbag.py:538} INFO - Filling up the DagBag from /home/ubuntu/.local/lib/python3.10/site-packages/airflow/example_dags/example_external_task_marker_dag.py
[2024-01-29T20:10:55.473+0100] {processor.py:840} INFO - DAG(s) 'example_external_task_marker_child', 'example_external_task_marker_parent' retrieved from /home/ubuntu/.local/lib/python3.10/site-packages/airflow/example_dags/example_external_task_marker_dag.py
[2024-01-29T20:10:55.495+0100] {logging_mixin.py:188} INFO - [2024-01-29T20:10:55.495+0100] {dag.py:3033} INFO - Sync 2 DAGs
[2024-01-29T20:10:55.510+0100] {logging_mixin.py:188} INFO - [2024-01-29T20:10:55.509+0100] {dag.py:3820} INFO - Setting next_dagrun for example_external_task_marker_child to None, run_after=None
[2024-01-29T20:10:55.514+0100] {logging_mixin.py:188} INFO - [2024-01-29T20:10:55.514+0100] {dag.py:3820} INFO - Setting next_dagrun for example_external_task_marker_parent to None, run_after=None
[2024-01-29T20:10:55.546+0100] {processor.py:183} INFO - Processing /home/ubuntu/.local/lib/python3.10/site-packages/airflow/example_dags/example_external_task_marker_dag.py took 0.088 seconds
[2024-01-29T20:11:48.502+0100] {processor.py:161} INFO - Started process (PID=9045) to work on /home/ubuntu/.local/lib/python3.10/site-packages/airflow/example_dags/example_external_task_marker_dag.py
[2024-01-29T20:11:48.538+0100] {processor.py:830} INFO - Processing file /home/ubuntu/.local/lib/python3.10/site-packages/airflow/example_dags/example_external_task_marker_dag.py for tasks to queue
[2024-01-29T20:11:48.541+0100] {logging_mixin.py:188} INFO - [2024-01-29T20:11:48.540+0100] {dagbag.py:538} INFO - Filling up the DagBag from /home/ubuntu/.local/lib/python3.10/site-packages/airflow/example_dags/example_external_task_marker_dag.py
[2024-01-29T20:11:48.564+0100] {processor.py:840} INFO - DAG(s) 'example_external_task_marker_parent', 'example_external_task_marker_child' retrieved from /home/ubuntu/.local/lib/python3.10/site-packages/airflow/example_dags/example_external_task_marker_dag.py
[2024-01-29T20:11:48.620+0100] {logging_mixin.py:188} INFO - [2024-01-29T20:11:48.620+0100] {dag.py:3033} INFO - Sync 2 DAGs
[2024-01-29T20:11:48.652+0100] {logging_mixin.py:188} INFO - [2024-01-29T20:11:48.652+0100] {dag.py:3820} INFO - Setting next_dagrun for example_external_task_marker_child to None, run_after=None
[2024-01-29T20:11:48.659+0100] {logging_mixin.py:188} INFO - [2024-01-29T20:11:48.658+0100] {dag.py:3820} INFO - Setting next_dagrun for example_external_task_marker_parent to None, run_after=None
[2024-01-29T20:11:48.736+0100] {processor.py:183} INFO - Processing /home/ubuntu/.local/lib/python3.10/site-packages/airflow/example_dags/example_external_task_marker_dag.py took 0.258 seconds
[2024-01-29T20:12:47.663+0100] {processor.py:161} INFO - Started process (PID=9121) to work on /home/ubuntu/.local/lib/python3.10/site-packages/airflow/example_dags/example_external_task_marker_dag.py
[2024-01-29T20:12:47.666+0100] {processor.py:830} INFO - Processing file /home/ubuntu/.local/lib/python3.10/site-packages/airflow/example_dags/example_external_task_marker_dag.py for tasks to queue
[2024-01-29T20:12:47.668+0100] {logging_mixin.py:188} INFO - [2024-01-29T20:12:47.667+0100] {dagbag.py:538} INFO - Filling up the DagBag from /home/ubuntu/.local/lib/python3.10/site-packages/airflow/example_dags/example_external_task_marker_dag.py
[2024-01-29T20:12:47.676+0100] {processor.py:840} INFO - DAG(s) 'example_external_task_marker_parent', 'example_external_task_marker_child' retrieved from /home/ubuntu/.local/lib/python3.10/site-packages/airflow/example_dags/example_external_task_marker_dag.py
[2024-01-29T20:12:47.701+0100] {logging_mixin.py:188} INFO - [2024-01-29T20:12:47.701+0100] {dag.py:3033} INFO - Sync 2 DAGs
[2024-01-29T20:12:47.715+0100] {logging_mixin.py:188} INFO - [2024-01-29T20:12:47.715+0100] {dag.py:3820} INFO - Setting next_dagrun for example_external_task_marker_child to None, run_after=None
[2024-01-29T20:12:47.718+0100] {logging_mixin.py:188} INFO - [2024-01-29T20:12:47.718+0100] {dag.py:3820} INFO - Setting next_dagrun for example_external_task_marker_parent to None, run_after=None
[2024-01-29T20:12:47.751+0100] {processor.py:183} INFO - Processing /home/ubuntu/.local/lib/python3.10/site-packages/airflow/example_dags/example_external_task_marker_dag.py took 0.094 seconds
[2024-01-29T20:14:21.742+0100] {processor.py:161} INFO - Started process (PID=9252) to work on /home/ubuntu/.local/lib/python3.10/site-packages/airflow/example_dags/example_external_task_marker_dag.py
[2024-01-29T20:14:21.745+0100] {processor.py:830} INFO - Processing file /home/ubuntu/.local/lib/python3.10/site-packages/airflow/example_dags/example_external_task_marker_dag.py for tasks to queue
[2024-01-29T20:14:21.746+0100] {logging_mixin.py:188} INFO - [2024-01-29T20:14:21.746+0100] {dagbag.py:538} INFO - Filling up the DagBag from /home/ubuntu/.local/lib/python3.10/site-packages/airflow/example_dags/example_external_task_marker_dag.py
[2024-01-29T20:14:21.753+0100] {processor.py:840} INFO - DAG(s) 'example_external_task_marker_parent', 'example_external_task_marker_child' retrieved from /home/ubuntu/.local/lib/python3.10/site-packages/airflow/example_dags/example_external_task_marker_dag.py
[2024-01-29T20:14:21.773+0100] {logging_mixin.py:188} INFO - [2024-01-29T20:14:21.773+0100] {dag.py:3033} INFO - Sync 2 DAGs
[2024-01-29T20:14:21.784+0100] {logging_mixin.py:188} INFO - [2024-01-29T20:14:21.784+0100] {dag.py:3820} INFO - Setting next_dagrun for example_external_task_marker_child to None, run_after=None
[2024-01-29T20:14:21.788+0100] {logging_mixin.py:188} INFO - [2024-01-29T20:14:21.788+0100] {dag.py:3820} INFO - Setting next_dagrun for example_external_task_marker_parent to None, run_after=None
[2024-01-29T20:14:21.821+0100] {processor.py:183} INFO - Processing /home/ubuntu/.local/lib/python3.10/site-packages/airflow/example_dags/example_external_task_marker_dag.py took 0.082 seconds
[2024-01-29T20:15:15.089+0100] {processor.py:161} INFO - Started process (PID=9309) to work on /home/ubuntu/.local/lib/python3.10/site-packages/airflow/example_dags/example_external_task_marker_dag.py
[2024-01-29T20:15:15.091+0100] {processor.py:830} INFO - Processing file /home/ubuntu/.local/lib/python3.10/site-packages/airflow/example_dags/example_external_task_marker_dag.py for tasks to queue
[2024-01-29T20:15:15.092+0100] {logging_mixin.py:188} INFO - [2024-01-29T20:15:15.092+0100] {dagbag.py:538} INFO - Filling up the DagBag from /home/ubuntu/.local/lib/python3.10/site-packages/airflow/example_dags/example_external_task_marker_dag.py
[2024-01-29T20:15:15.099+0100] {processor.py:840} INFO - DAG(s) 'example_external_task_marker_child', 'example_external_task_marker_parent' retrieved from /home/ubuntu/.local/lib/python3.10/site-packages/airflow/example_dags/example_external_task_marker_dag.py
[2024-01-29T20:15:15.120+0100] {logging_mixin.py:188} INFO - [2024-01-29T20:15:15.120+0100] {dag.py:3033} INFO - Sync 2 DAGs
[2024-01-29T20:15:15.133+0100] {logging_mixin.py:188} INFO - [2024-01-29T20:15:15.132+0100] {dag.py:3820} INFO - Setting next_dagrun for example_external_task_marker_child to None, run_after=None
[2024-01-29T20:15:15.135+0100] {logging_mixin.py:188} INFO - [2024-01-29T20:15:15.135+0100] {dag.py:3820} INFO - Setting next_dagrun for example_external_task_marker_parent to None, run_after=None
[2024-01-29T20:15:15.168+0100] {processor.py:183} INFO - Processing /home/ubuntu/.local/lib/python3.10/site-packages/airflow/example_dags/example_external_task_marker_dag.py took 0.083 seconds
[2024-01-29T20:16:00.306+0100] {processor.py:161} INFO - Started process (PID=9361) to work on /home/ubuntu/.local/lib/python3.10/site-packages/airflow/example_dags/example_external_task_marker_dag.py
[2024-01-29T20:16:00.309+0100] {processor.py:830} INFO - Processing file /home/ubuntu/.local/lib/python3.10/site-packages/airflow/example_dags/example_external_task_marker_dag.py for tasks to queue
[2024-01-29T20:16:00.310+0100] {logging_mixin.py:188} INFO - [2024-01-29T20:16:00.310+0100] {dagbag.py:538} INFO - Filling up the DagBag from /home/ubuntu/.local/lib/python3.10/site-packages/airflow/example_dags/example_external_task_marker_dag.py
[2024-01-29T20:16:00.320+0100] {processor.py:840} INFO - DAG(s) 'example_external_task_marker_parent', 'example_external_task_marker_child' retrieved from /home/ubuntu/.local/lib/python3.10/site-packages/airflow/example_dags/example_external_task_marker_dag.py
[2024-01-29T20:16:00.352+0100] {logging_mixin.py:188} INFO - [2024-01-29T20:16:00.352+0100] {dag.py:3033} INFO - Sync 2 DAGs
[2024-01-29T20:16:00.374+0100] {logging_mixin.py:188} INFO - [2024-01-29T20:16:00.374+0100] {dag.py:3820} INFO - Setting next_dagrun for example_external_task_marker_child to None, run_after=None
[2024-01-29T20:16:00.380+0100] {logging_mixin.py:188} INFO - [2024-01-29T20:16:00.380+0100] {dag.py:3820} INFO - Setting next_dagrun for example_external_task_marker_parent to None, run_after=None
[2024-01-29T20:16:00.426+0100] {processor.py:183} INFO - Processing /home/ubuntu/.local/lib/python3.10/site-packages/airflow/example_dags/example_external_task_marker_dag.py took 0.125 seconds
[2024-01-29T20:16:46.589+0100] {processor.py:161} INFO - Started process (PID=9410) to work on /home/ubuntu/.local/lib/python3.10/site-packages/airflow/example_dags/example_external_task_marker_dag.py
[2024-01-29T20:16:46.591+0100] {processor.py:830} INFO - Processing file /home/ubuntu/.local/lib/python3.10/site-packages/airflow/example_dags/example_external_task_marker_dag.py for tasks to queue
[2024-01-29T20:16:46.592+0100] {logging_mixin.py:188} INFO - [2024-01-29T20:16:46.592+0100] {dagbag.py:538} INFO - Filling up the DagBag from /home/ubuntu/.local/lib/python3.10/site-packages/airflow/example_dags/example_external_task_marker_dag.py
[2024-01-29T20:16:46.598+0100] {processor.py:840} INFO - DAG(s) 'example_external_task_marker_parent', 'example_external_task_marker_child' retrieved from /home/ubuntu/.local/lib/python3.10/site-packages/airflow/example_dags/example_external_task_marker_dag.py
[2024-01-29T20:16:46.620+0100] {logging_mixin.py:188} INFO - [2024-01-29T20:16:46.619+0100] {dag.py:3033} INFO - Sync 2 DAGs
[2024-01-29T20:16:46.633+0100] {logging_mixin.py:188} INFO - [2024-01-29T20:16:46.632+0100] {dag.py:3820} INFO - Setting next_dagrun for example_external_task_marker_child to None, run_after=None
[2024-01-29T20:16:46.636+0100] {logging_mixin.py:188} INFO - [2024-01-29T20:16:46.636+0100] {dag.py:3820} INFO - Setting next_dagrun for example_external_task_marker_parent to None, run_after=None
[2024-01-29T20:16:46.666+0100] {processor.py:183} INFO - Processing /home/ubuntu/.local/lib/python3.10/site-packages/airflow/example_dags/example_external_task_marker_dag.py took 0.080 seconds
[2024-01-29T20:17:36.158+0100] {processor.py:161} INFO - Started process (PID=9466) to work on /home/ubuntu/.local/lib/python3.10/site-packages/airflow/example_dags/example_external_task_marker_dag.py
[2024-01-29T20:17:36.160+0100] {processor.py:830} INFO - Processing file /home/ubuntu/.local/lib/python3.10/site-packages/airflow/example_dags/example_external_task_marker_dag.py for tasks to queue
[2024-01-29T20:17:36.161+0100] {logging_mixin.py:188} INFO - [2024-01-29T20:17:36.160+0100] {dagbag.py:538} INFO - Filling up the DagBag from /home/ubuntu/.local/lib/python3.10/site-packages/airflow/example_dags/example_external_task_marker_dag.py
[2024-01-29T20:17:36.168+0100] {processor.py:840} INFO - DAG(s) 'example_external_task_marker_parent', 'example_external_task_marker_child' retrieved from /home/ubuntu/.local/lib/python3.10/site-packages/airflow/example_dags/example_external_task_marker_dag.py
[2024-01-29T20:17:36.188+0100] {logging_mixin.py:188} INFO - [2024-01-29T20:17:36.187+0100] {dag.py:3033} INFO - Sync 2 DAGs
[2024-01-29T20:17:36.201+0100] {logging_mixin.py:188} INFO - [2024-01-29T20:17:36.201+0100] {dag.py:3820} INFO - Setting next_dagrun for example_external_task_marker_child to None, run_after=None
[2024-01-29T20:17:36.208+0100] {logging_mixin.py:188} INFO - [2024-01-29T20:17:36.208+0100] {dag.py:3820} INFO - Setting next_dagrun for example_external_task_marker_parent to None, run_after=None
[2024-01-29T20:17:36.247+0100] {processor.py:183} INFO - Processing /home/ubuntu/.local/lib/python3.10/site-packages/airflow/example_dags/example_external_task_marker_dag.py took 0.093 seconds
[2024-01-29T20:18:21.789+0100] {processor.py:161} INFO - Started process (PID=9518) to work on /home/ubuntu/.local/lib/python3.10/site-packages/airflow/example_dags/example_external_task_marker_dag.py
[2024-01-29T20:18:21.791+0100] {processor.py:830} INFO - Processing file /home/ubuntu/.local/lib/python3.10/site-packages/airflow/example_dags/example_external_task_marker_dag.py for tasks to queue
[2024-01-29T20:18:21.792+0100] {logging_mixin.py:188} INFO - [2024-01-29T20:18:21.792+0100] {dagbag.py:538} INFO - Filling up the DagBag from /home/ubuntu/.local/lib/python3.10/site-packages/airflow/example_dags/example_external_task_marker_dag.py
[2024-01-29T20:18:21.799+0100] {processor.py:840} INFO - DAG(s) 'example_external_task_marker_child', 'example_external_task_marker_parent' retrieved from /home/ubuntu/.local/lib/python3.10/site-packages/airflow/example_dags/example_external_task_marker_dag.py
[2024-01-29T20:18:21.821+0100] {logging_mixin.py:188} INFO - [2024-01-29T20:18:21.821+0100] {dag.py:3033} INFO - Sync 2 DAGs
[2024-01-29T20:18:21.833+0100] {logging_mixin.py:188} INFO - [2024-01-29T20:18:21.833+0100] {dag.py:3820} INFO - Setting next_dagrun for example_external_task_marker_child to None, run_after=None
[2024-01-29T20:18:21.838+0100] {logging_mixin.py:188} INFO - [2024-01-29T20:18:21.837+0100] {dag.py:3820} INFO - Setting next_dagrun for example_external_task_marker_parent to None, run_after=None
[2024-01-29T20:18:21.885+0100] {processor.py:183} INFO - Processing /home/ubuntu/.local/lib/python3.10/site-packages/airflow/example_dags/example_external_task_marker_dag.py took 0.099 seconds
[2024-01-29T20:19:25.914+0100] {processor.py:161} INFO - Started process (PID=9612) to work on /home/ubuntu/.local/lib/python3.10/site-packages/airflow/example_dags/example_external_task_marker_dag.py
[2024-01-29T20:19:25.916+0100] {processor.py:830} INFO - Processing file /home/ubuntu/.local/lib/python3.10/site-packages/airflow/example_dags/example_external_task_marker_dag.py for tasks to queue
[2024-01-29T20:19:25.917+0100] {logging_mixin.py:188} INFO - [2024-01-29T20:19:25.916+0100] {dagbag.py:538} INFO - Filling up the DagBag from /home/ubuntu/.local/lib/python3.10/site-packages/airflow/example_dags/example_external_task_marker_dag.py
[2024-01-29T20:19:25.922+0100] {processor.py:840} INFO - DAG(s) 'example_external_task_marker_parent', 'example_external_task_marker_child' retrieved from /home/ubuntu/.local/lib/python3.10/site-packages/airflow/example_dags/example_external_task_marker_dag.py
[2024-01-29T20:19:25.939+0100] {logging_mixin.py:188} INFO - [2024-01-29T20:19:25.939+0100] {dag.py:3033} INFO - Sync 2 DAGs
[2024-01-29T20:19:25.949+0100] {logging_mixin.py:188} INFO - [2024-01-29T20:19:25.949+0100] {dag.py:3820} INFO - Setting next_dagrun for example_external_task_marker_child to None, run_after=None
[2024-01-29T20:19:25.952+0100] {logging_mixin.py:188} INFO - [2024-01-29T20:19:25.952+0100] {dag.py:3820} INFO - Setting next_dagrun for example_external_task_marker_parent to None, run_after=None
[2024-01-29T20:19:25.982+0100] {processor.py:183} INFO - Processing /home/ubuntu/.local/lib/python3.10/site-packages/airflow/example_dags/example_external_task_marker_dag.py took 0.071 seconds
[2024-01-29T20:20:09.350+0100] {processor.py:161} INFO - Started process (PID=9663) to work on /home/ubuntu/.local/lib/python3.10/site-packages/airflow/example_dags/example_external_task_marker_dag.py
[2024-01-29T20:20:09.351+0100] {processor.py:830} INFO - Processing file /home/ubuntu/.local/lib/python3.10/site-packages/airflow/example_dags/example_external_task_marker_dag.py for tasks to queue
[2024-01-29T20:20:09.352+0100] {logging_mixin.py:188} INFO - [2024-01-29T20:20:09.352+0100] {dagbag.py:538} INFO - Filling up the DagBag from /home/ubuntu/.local/lib/python3.10/site-packages/airflow/example_dags/example_external_task_marker_dag.py
[2024-01-29T20:20:09.358+0100] {processor.py:840} INFO - DAG(s) 'example_external_task_marker_child', 'example_external_task_marker_parent' retrieved from /home/ubuntu/.local/lib/python3.10/site-packages/airflow/example_dags/example_external_task_marker_dag.py
[2024-01-29T20:20:09.375+0100] {logging_mixin.py:188} INFO - [2024-01-29T20:20:09.375+0100] {dag.py:3033} INFO - Sync 2 DAGs
[2024-01-29T20:20:09.385+0100] {logging_mixin.py:188} INFO - [2024-01-29T20:20:09.385+0100] {dag.py:3820} INFO - Setting next_dagrun for example_external_task_marker_child to None, run_after=None
[2024-01-29T20:20:09.388+0100] {logging_mixin.py:188} INFO - [2024-01-29T20:20:09.388+0100] {dag.py:3820} INFO - Setting next_dagrun for example_external_task_marker_parent to None, run_after=None
[2024-01-29T20:20:09.418+0100] {processor.py:183} INFO - Processing /home/ubuntu/.local/lib/python3.10/site-packages/airflow/example_dags/example_external_task_marker_dag.py took 0.072 seconds
