[2024-01-29T19:54:58.285+0100] {processor.py:161} INFO - Started process (PID=7901) to work on /home/ubuntu/.local/lib/python3.10/site-packages/airflow/example_dags/example_latest_only_with_trigger.py
[2024-01-29T19:54:58.286+0100] {processor.py:830} INFO - Processing file /home/ubuntu/.local/lib/python3.10/site-packages/airflow/example_dags/example_latest_only_with_trigger.py for tasks to queue
[2024-01-29T19:54:58.287+0100] {logging_mixin.py:188} INFO - [2024-01-29T19:54:58.287+0100] {dagbag.py:538} INFO - Filling up the DagBag from /home/ubuntu/.local/lib/python3.10/site-packages/airflow/example_dags/example_latest_only_with_trigger.py
[2024-01-29T19:54:58.298+0100] {processor.py:840} INFO - DAG(s) 'latest_only_with_trigger' retrieved from /home/ubuntu/.local/lib/python3.10/site-packages/airflow/example_dags/example_latest_only_with_trigger.py
[2024-01-29T19:54:58.501+0100] {logging_mixin.py:188} INFO - [2024-01-29T19:54:58.501+0100] {dag.py:3033} INFO - Sync 1 DAGs
[2024-01-29T19:54:58.536+0100] {logging_mixin.py:188} INFO - [2024-01-29T19:54:58.536+0100] {dag.py:3820} INFO - Setting next_dagrun for latest_only_with_trigger to 2024-01-29T12:00:00+00:00, run_after=2024-01-29T16:00:00+00:00
[2024-01-29T19:54:58.593+0100] {processor.py:183} INFO - Processing /home/ubuntu/.local/lib/python3.10/site-packages/airflow/example_dags/example_latest_only_with_trigger.py took 0.311 seconds
[2024-01-29T19:56:16.914+0100] {processor.py:161} INFO - Started process (PID=7978) to work on /home/ubuntu/.local/lib/python3.10/site-packages/airflow/example_dags/example_latest_only_with_trigger.py
[2024-01-29T19:56:16.922+0100] {processor.py:830} INFO - Processing file /home/ubuntu/.local/lib/python3.10/site-packages/airflow/example_dags/example_latest_only_with_trigger.py for tasks to queue
[2024-01-29T19:56:16.924+0100] {logging_mixin.py:188} INFO - [2024-01-29T19:56:16.923+0100] {dagbag.py:538} INFO - Filling up the DagBag from /home/ubuntu/.local/lib/python3.10/site-packages/airflow/example_dags/example_latest_only_with_trigger.py
[2024-01-29T19:56:16.966+0100] {processor.py:840} INFO - DAG(s) 'latest_only_with_trigger' retrieved from /home/ubuntu/.local/lib/python3.10/site-packages/airflow/example_dags/example_latest_only_with_trigger.py
[2024-01-29T19:56:17.068+0100] {logging_mixin.py:188} INFO - [2024-01-29T19:56:17.067+0100] {dag.py:3033} INFO - Sync 1 DAGs
[2024-01-29T19:56:17.104+0100] {logging_mixin.py:188} INFO - [2024-01-29T19:56:17.104+0100] {dag.py:3820} INFO - Setting next_dagrun for latest_only_with_trigger to 2024-01-29T12:00:00+00:00, run_after=2024-01-29T16:00:00+00:00
[2024-01-29T19:56:17.146+0100] {processor.py:183} INFO - Processing /home/ubuntu/.local/lib/python3.10/site-packages/airflow/example_dags/example_latest_only_with_trigger.py took 0.238 seconds
[2024-01-29T19:57:34.027+0100] {processor.py:161} INFO - Started process (PID=8053) to work on /home/ubuntu/.local/lib/python3.10/site-packages/airflow/example_dags/example_latest_only_with_trigger.py
[2024-01-29T19:57:34.029+0100] {processor.py:830} INFO - Processing file /home/ubuntu/.local/lib/python3.10/site-packages/airflow/example_dags/example_latest_only_with_trigger.py for tasks to queue
[2024-01-29T19:57:34.030+0100] {logging_mixin.py:188} INFO - [2024-01-29T19:57:34.030+0100] {dagbag.py:538} INFO - Filling up the DagBag from /home/ubuntu/.local/lib/python3.10/site-packages/airflow/example_dags/example_latest_only_with_trigger.py
[2024-01-29T19:57:34.040+0100] {processor.py:840} INFO - DAG(s) 'latest_only_with_trigger' retrieved from /home/ubuntu/.local/lib/python3.10/site-packages/airflow/example_dags/example_latest_only_with_trigger.py
[2024-01-29T19:57:34.081+0100] {logging_mixin.py:188} INFO - [2024-01-29T19:57:34.081+0100] {dag.py:3033} INFO - Sync 1 DAGs
[2024-01-29T19:57:34.100+0100] {logging_mixin.py:188} INFO - [2024-01-29T19:57:34.100+0100] {dag.py:3820} INFO - Setting next_dagrun for latest_only_with_trigger to 2024-01-29T12:00:00+00:00, run_after=2024-01-29T16:00:00+00:00
[2024-01-29T19:57:34.139+0100] {processor.py:183} INFO - Processing /home/ubuntu/.local/lib/python3.10/site-packages/airflow/example_dags/example_latest_only_with_trigger.py took 0.117 seconds
[2024-01-29T19:58:28.707+0100] {processor.py:161} INFO - Started process (PID=8114) to work on /home/ubuntu/.local/lib/python3.10/site-packages/airflow/example_dags/example_latest_only_with_trigger.py
[2024-01-29T19:58:28.749+0100] {processor.py:830} INFO - Processing file /home/ubuntu/.local/lib/python3.10/site-packages/airflow/example_dags/example_latest_only_with_trigger.py for tasks to queue
[2024-01-29T19:58:28.750+0100] {logging_mixin.py:188} INFO - [2024-01-29T19:58:28.750+0100] {dagbag.py:538} INFO - Filling up the DagBag from /home/ubuntu/.local/lib/python3.10/site-packages/airflow/example_dags/example_latest_only_with_trigger.py
[2024-01-29T19:58:28.760+0100] {processor.py:840} INFO - DAG(s) 'latest_only_with_trigger' retrieved from /home/ubuntu/.local/lib/python3.10/site-packages/airflow/example_dags/example_latest_only_with_trigger.py
[2024-01-29T19:58:28.791+0100] {logging_mixin.py:188} INFO - [2024-01-29T19:58:28.791+0100] {dag.py:3033} INFO - Sync 1 DAGs
[2024-01-29T19:58:28.817+0100] {logging_mixin.py:188} INFO - [2024-01-29T19:58:28.817+0100] {dag.py:3820} INFO - Setting next_dagrun for latest_only_with_trigger to 2024-01-29T12:00:00+00:00, run_after=2024-01-29T16:00:00+00:00
[2024-01-29T19:58:28.863+0100] {processor.py:183} INFO - Processing /home/ubuntu/.local/lib/python3.10/site-packages/airflow/example_dags/example_latest_only_with_trigger.py took 0.160 seconds
[2024-01-29T19:59:31.653+0100] {processor.py:161} INFO - Started process (PID=8192) to work on /home/ubuntu/.local/lib/python3.10/site-packages/airflow/example_dags/example_latest_only_with_trigger.py
[2024-01-29T19:59:31.656+0100] {processor.py:830} INFO - Processing file /home/ubuntu/.local/lib/python3.10/site-packages/airflow/example_dags/example_latest_only_with_trigger.py for tasks to queue
[2024-01-29T19:59:31.657+0100] {logging_mixin.py:188} INFO - [2024-01-29T19:59:31.657+0100] {dagbag.py:538} INFO - Filling up the DagBag from /home/ubuntu/.local/lib/python3.10/site-packages/airflow/example_dags/example_latest_only_with_trigger.py
[2024-01-29T19:59:31.665+0100] {processor.py:840} INFO - DAG(s) 'latest_only_with_trigger' retrieved from /home/ubuntu/.local/lib/python3.10/site-packages/airflow/example_dags/example_latest_only_with_trigger.py
[2024-01-29T19:59:31.686+0100] {logging_mixin.py:188} INFO - [2024-01-29T19:59:31.686+0100] {dag.py:3033} INFO - Sync 1 DAGs
[2024-01-29T19:59:31.708+0100] {logging_mixin.py:188} INFO - [2024-01-29T19:59:31.707+0100] {dag.py:3820} INFO - Setting next_dagrun for latest_only_with_trigger to 2024-01-29T12:00:00+00:00, run_after=2024-01-29T16:00:00+00:00
[2024-01-29T19:59:31.738+0100] {processor.py:183} INFO - Processing /home/ubuntu/.local/lib/python3.10/site-packages/airflow/example_dags/example_latest_only_with_trigger.py took 0.089 seconds
[2024-01-29T20:00:57.117+0100] {processor.py:161} INFO - Started process (PID=8275) to work on /home/ubuntu/.local/lib/python3.10/site-packages/airflow/example_dags/example_latest_only_with_trigger.py
[2024-01-29T20:00:57.125+0100] {processor.py:830} INFO - Processing file /home/ubuntu/.local/lib/python3.10/site-packages/airflow/example_dags/example_latest_only_with_trigger.py for tasks to queue
[2024-01-29T20:00:57.126+0100] {logging_mixin.py:188} INFO - [2024-01-29T20:00:57.125+0100] {dagbag.py:538} INFO - Filling up the DagBag from /home/ubuntu/.local/lib/python3.10/site-packages/airflow/example_dags/example_latest_only_with_trigger.py
[2024-01-29T20:00:57.137+0100] {processor.py:840} INFO - DAG(s) 'latest_only_with_trigger' retrieved from /home/ubuntu/.local/lib/python3.10/site-packages/airflow/example_dags/example_latest_only_with_trigger.py
[2024-01-29T20:00:57.153+0100] {logging_mixin.py:188} INFO - [2024-01-29T20:00:57.153+0100] {dag.py:3033} INFO - Sync 1 DAGs
[2024-01-29T20:00:57.172+0100] {logging_mixin.py:188} INFO - [2024-01-29T20:00:57.172+0100] {dag.py:3820} INFO - Setting next_dagrun for latest_only_with_trigger to 2024-01-29T12:00:00+00:00, run_after=2024-01-29T16:00:00+00:00
[2024-01-29T20:00:57.213+0100] {processor.py:183} INFO - Processing /home/ubuntu/.local/lib/python3.10/site-packages/airflow/example_dags/example_latest_only_with_trigger.py took 0.099 seconds
[2024-01-29T20:01:48.968+0100] {processor.py:161} INFO - Started process (PID=8334) to work on /home/ubuntu/.local/lib/python3.10/site-packages/airflow/example_dags/example_latest_only_with_trigger.py
[2024-01-29T20:01:48.970+0100] {processor.py:830} INFO - Processing file /home/ubuntu/.local/lib/python3.10/site-packages/airflow/example_dags/example_latest_only_with_trigger.py for tasks to queue
[2024-01-29T20:01:48.971+0100] {logging_mixin.py:188} INFO - [2024-01-29T20:01:48.971+0100] {dagbag.py:538} INFO - Filling up the DagBag from /home/ubuntu/.local/lib/python3.10/site-packages/airflow/example_dags/example_latest_only_with_trigger.py
[2024-01-29T20:01:48.980+0100] {processor.py:840} INFO - DAG(s) 'latest_only_with_trigger' retrieved from /home/ubuntu/.local/lib/python3.10/site-packages/airflow/example_dags/example_latest_only_with_trigger.py
[2024-01-29T20:01:48.998+0100] {logging_mixin.py:188} INFO - [2024-01-29T20:01:48.997+0100] {dag.py:3033} INFO - Sync 1 DAGs
[2024-01-29T20:01:49.017+0100] {logging_mixin.py:188} INFO - [2024-01-29T20:01:49.017+0100] {dag.py:3820} INFO - Setting next_dagrun for latest_only_with_trigger to 2024-01-29T12:00:00+00:00, run_after=2024-01-29T16:00:00+00:00
[2024-01-29T20:01:49.052+0100] {processor.py:183} INFO - Processing /home/ubuntu/.local/lib/python3.10/site-packages/airflow/example_dags/example_latest_only_with_trigger.py took 0.088 seconds
[2024-01-29T20:03:10.020+0100] {processor.py:161} INFO - Started process (PID=8454) to work on /home/ubuntu/.local/lib/python3.10/site-packages/airflow/example_dags/example_latest_only_with_trigger.py
[2024-01-29T20:03:10.023+0100] {processor.py:830} INFO - Processing file /home/ubuntu/.local/lib/python3.10/site-packages/airflow/example_dags/example_latest_only_with_trigger.py for tasks to queue
[2024-01-29T20:03:10.024+0100] {logging_mixin.py:188} INFO - [2024-01-29T20:03:10.024+0100] {dagbag.py:538} INFO - Filling up the DagBag from /home/ubuntu/.local/lib/python3.10/site-packages/airflow/example_dags/example_latest_only_with_trigger.py
[2024-01-29T20:03:10.034+0100] {processor.py:840} INFO - DAG(s) 'latest_only_with_trigger' retrieved from /home/ubuntu/.local/lib/python3.10/site-packages/airflow/example_dags/example_latest_only_with_trigger.py
[2024-01-29T20:03:10.052+0100] {logging_mixin.py:188} INFO - [2024-01-29T20:03:10.052+0100] {dag.py:3033} INFO - Sync 1 DAGs
[2024-01-29T20:03:10.070+0100] {logging_mixin.py:188} INFO - [2024-01-29T20:03:10.070+0100] {dag.py:3820} INFO - Setting next_dagrun for latest_only_with_trigger to 2024-01-29T12:00:00+00:00, run_after=2024-01-29T16:00:00+00:00
[2024-01-29T20:03:10.099+0100] {processor.py:183} INFO - Processing /home/ubuntu/.local/lib/python3.10/site-packages/airflow/example_dags/example_latest_only_with_trigger.py took 0.083 seconds
[2024-01-29T20:04:17.900+0100] {processor.py:161} INFO - Started process (PID=8537) to work on /home/ubuntu/.local/lib/python3.10/site-packages/airflow/example_dags/example_latest_only_with_trigger.py
[2024-01-29T20:04:17.902+0100] {processor.py:830} INFO - Processing file /home/ubuntu/.local/lib/python3.10/site-packages/airflow/example_dags/example_latest_only_with_trigger.py for tasks to queue
[2024-01-29T20:04:17.903+0100] {logging_mixin.py:188} INFO - [2024-01-29T20:04:17.902+0100] {dagbag.py:538} INFO - Filling up the DagBag from /home/ubuntu/.local/lib/python3.10/site-packages/airflow/example_dags/example_latest_only_with_trigger.py
[2024-01-29T20:04:17.912+0100] {processor.py:840} INFO - DAG(s) 'latest_only_with_trigger' retrieved from /home/ubuntu/.local/lib/python3.10/site-packages/airflow/example_dags/example_latest_only_with_trigger.py
[2024-01-29T20:04:17.930+0100] {logging_mixin.py:188} INFO - [2024-01-29T20:04:17.930+0100] {dag.py:3033} INFO - Sync 1 DAGs
[2024-01-29T20:04:17.950+0100] {logging_mixin.py:188} INFO - [2024-01-29T20:04:17.950+0100] {dag.py:3820} INFO - Setting next_dagrun for latest_only_with_trigger to 2024-01-29T12:00:00+00:00, run_after=2024-01-29T16:00:00+00:00
[2024-01-29T20:04:17.980+0100] {processor.py:183} INFO - Processing /home/ubuntu/.local/lib/python3.10/site-packages/airflow/example_dags/example_latest_only_with_trigger.py took 0.085 seconds
[2024-01-29T20:05:23.024+0100] {processor.py:161} INFO - Started process (PID=8606) to work on /home/ubuntu/.local/lib/python3.10/site-packages/airflow/example_dags/example_latest_only_with_trigger.py
[2024-01-29T20:05:23.031+0100] {processor.py:830} INFO - Processing file /home/ubuntu/.local/lib/python3.10/site-packages/airflow/example_dags/example_latest_only_with_trigger.py for tasks to queue
[2024-01-29T20:05:23.037+0100] {logging_mixin.py:188} INFO - [2024-01-29T20:05:23.036+0100] {dagbag.py:538} INFO - Filling up the DagBag from /home/ubuntu/.local/lib/python3.10/site-packages/airflow/example_dags/example_latest_only_with_trigger.py
[2024-01-29T20:05:23.084+0100] {processor.py:840} INFO - DAG(s) 'latest_only_with_trigger' retrieved from /home/ubuntu/.local/lib/python3.10/site-packages/airflow/example_dags/example_latest_only_with_trigger.py
[2024-01-29T20:05:23.147+0100] {logging_mixin.py:188} INFO - [2024-01-29T20:05:23.146+0100] {dag.py:3033} INFO - Sync 1 DAGs
[2024-01-29T20:05:23.225+0100] {logging_mixin.py:188} INFO - [2024-01-29T20:05:23.224+0100] {dag.py:3820} INFO - Setting next_dagrun for latest_only_with_trigger to 2024-01-29T12:00:00+00:00, run_after=2024-01-29T16:00:00+00:00
[2024-01-29T20:05:23.395+0100] {processor.py:183} INFO - Processing /home/ubuntu/.local/lib/python3.10/site-packages/airflow/example_dags/example_latest_only_with_trigger.py took 0.379 seconds
[2024-01-29T20:06:44.899+0100] {processor.py:161} INFO - Started process (PID=8684) to work on /home/ubuntu/.local/lib/python3.10/site-packages/airflow/example_dags/example_latest_only_with_trigger.py
[2024-01-29T20:06:44.909+0100] {processor.py:830} INFO - Processing file /home/ubuntu/.local/lib/python3.10/site-packages/airflow/example_dags/example_latest_only_with_trigger.py for tasks to queue
[2024-01-29T20:06:44.913+0100] {logging_mixin.py:188} INFO - [2024-01-29T20:06:44.912+0100] {dagbag.py:538} INFO - Filling up the DagBag from /home/ubuntu/.local/lib/python3.10/site-packages/airflow/example_dags/example_latest_only_with_trigger.py
[2024-01-29T20:06:44.937+0100] {processor.py:840} INFO - DAG(s) 'latest_only_with_trigger' retrieved from /home/ubuntu/.local/lib/python3.10/site-packages/airflow/example_dags/example_latest_only_with_trigger.py
[2024-01-29T20:06:45.041+0100] {logging_mixin.py:188} INFO - [2024-01-29T20:06:45.041+0100] {dag.py:3033} INFO - Sync 1 DAGs
[2024-01-29T20:06:45.117+0100] {logging_mixin.py:188} INFO - [2024-01-29T20:06:45.116+0100] {dag.py:3820} INFO - Setting next_dagrun for latest_only_with_trigger to 2024-01-29T12:00:00+00:00, run_after=2024-01-29T16:00:00+00:00
[2024-01-29T20:06:45.174+0100] {processor.py:183} INFO - Processing /home/ubuntu/.local/lib/python3.10/site-packages/airflow/example_dags/example_latest_only_with_trigger.py took 0.281 seconds
[2024-01-29T20:07:51.779+0100] {processor.py:161} INFO - Started process (PID=8761) to work on /home/ubuntu/.local/lib/python3.10/site-packages/airflow/example_dags/example_latest_only_with_trigger.py
[2024-01-29T20:07:51.781+0100] {processor.py:830} INFO - Processing file /home/ubuntu/.local/lib/python3.10/site-packages/airflow/example_dags/example_latest_only_with_trigger.py for tasks to queue
[2024-01-29T20:07:51.783+0100] {logging_mixin.py:188} INFO - [2024-01-29T20:07:51.782+0100] {dagbag.py:538} INFO - Filling up the DagBag from /home/ubuntu/.local/lib/python3.10/site-packages/airflow/example_dags/example_latest_only_with_trigger.py
[2024-01-29T20:07:51.793+0100] {processor.py:840} INFO - DAG(s) 'latest_only_with_trigger' retrieved from /home/ubuntu/.local/lib/python3.10/site-packages/airflow/example_dags/example_latest_only_with_trigger.py
[2024-01-29T20:07:51.849+0100] {logging_mixin.py:188} INFO - [2024-01-29T20:07:51.849+0100] {dag.py:3033} INFO - Sync 1 DAGs
[2024-01-29T20:07:51.933+0100] {logging_mixin.py:188} INFO - [2024-01-29T20:07:51.932+0100] {dag.py:3820} INFO - Setting next_dagrun for latest_only_with_trigger to 2024-01-29T12:00:00+00:00, run_after=2024-01-29T16:00:00+00:00
[2024-01-29T20:07:52.101+0100] {processor.py:183} INFO - Processing /home/ubuntu/.local/lib/python3.10/site-packages/airflow/example_dags/example_latest_only_with_trigger.py took 0.329 seconds
[2024-01-29T20:08:43.136+0100] {processor.py:161} INFO - Started process (PID=8820) to work on /home/ubuntu/.local/lib/python3.10/site-packages/airflow/example_dags/example_latest_only_with_trigger.py
[2024-01-29T20:08:43.139+0100] {processor.py:830} INFO - Processing file /home/ubuntu/.local/lib/python3.10/site-packages/airflow/example_dags/example_latest_only_with_trigger.py for tasks to queue
[2024-01-29T20:08:43.141+0100] {logging_mixin.py:188} INFO - [2024-01-29T20:08:43.140+0100] {dagbag.py:538} INFO - Filling up the DagBag from /home/ubuntu/.local/lib/python3.10/site-packages/airflow/example_dags/example_latest_only_with_trigger.py
[2024-01-29T20:08:43.156+0100] {processor.py:840} INFO - DAG(s) 'latest_only_with_trigger' retrieved from /home/ubuntu/.local/lib/python3.10/site-packages/airflow/example_dags/example_latest_only_with_trigger.py
[2024-01-29T20:08:43.187+0100] {logging_mixin.py:188} INFO - [2024-01-29T20:08:43.187+0100] {dag.py:3033} INFO - Sync 1 DAGs
[2024-01-29T20:08:43.229+0100] {logging_mixin.py:188} INFO - [2024-01-29T20:08:43.229+0100] {dag.py:3820} INFO - Setting next_dagrun for latest_only_with_trigger to 2024-01-29T12:00:00+00:00, run_after=2024-01-29T16:00:00+00:00
[2024-01-29T20:08:43.267+0100] {processor.py:183} INFO - Processing /home/ubuntu/.local/lib/python3.10/site-packages/airflow/example_dags/example_latest_only_with_trigger.py took 0.140 seconds
[2024-01-29T20:09:50.917+0100] {processor.py:161} INFO - Started process (PID=8908) to work on /home/ubuntu/.local/lib/python3.10/site-packages/airflow/example_dags/example_latest_only_with_trigger.py
[2024-01-29T20:09:50.919+0100] {processor.py:830} INFO - Processing file /home/ubuntu/.local/lib/python3.10/site-packages/airflow/example_dags/example_latest_only_with_trigger.py for tasks to queue
[2024-01-29T20:09:50.920+0100] {logging_mixin.py:188} INFO - [2024-01-29T20:09:50.920+0100] {dagbag.py:538} INFO - Filling up the DagBag from /home/ubuntu/.local/lib/python3.10/site-packages/airflow/example_dags/example_latest_only_with_trigger.py
[2024-01-29T20:09:50.928+0100] {processor.py:840} INFO - DAG(s) 'latest_only_with_trigger' retrieved from /home/ubuntu/.local/lib/python3.10/site-packages/airflow/example_dags/example_latest_only_with_trigger.py
[2024-01-29T20:09:50.946+0100] {logging_mixin.py:188} INFO - [2024-01-29T20:09:50.945+0100] {dag.py:3033} INFO - Sync 1 DAGs
[2024-01-29T20:09:50.974+0100] {logging_mixin.py:188} INFO - [2024-01-29T20:09:50.974+0100] {dag.py:3820} INFO - Setting next_dagrun for latest_only_with_trigger to 2024-01-29T12:00:00+00:00, run_after=2024-01-29T16:00:00+00:00
[2024-01-29T20:09:51.002+0100] {processor.py:183} INFO - Processing /home/ubuntu/.local/lib/python3.10/site-packages/airflow/example_dags/example_latest_only_with_trigger.py took 0.089 seconds
[2024-01-29T20:11:04.393+0100] {processor.py:161} INFO - Started process (PID=8988) to work on /home/ubuntu/.local/lib/python3.10/site-packages/airflow/example_dags/example_latest_only_with_trigger.py
[2024-01-29T20:11:04.396+0100] {processor.py:830} INFO - Processing file /home/ubuntu/.local/lib/python3.10/site-packages/airflow/example_dags/example_latest_only_with_trigger.py for tasks to queue
[2024-01-29T20:11:04.399+0100] {logging_mixin.py:188} INFO - [2024-01-29T20:11:04.397+0100] {dagbag.py:538} INFO - Filling up the DagBag from /home/ubuntu/.local/lib/python3.10/site-packages/airflow/example_dags/example_latest_only_with_trigger.py
[2024-01-29T20:11:04.412+0100] {processor.py:840} INFO - DAG(s) 'latest_only_with_trigger' retrieved from /home/ubuntu/.local/lib/python3.10/site-packages/airflow/example_dags/example_latest_only_with_trigger.py
[2024-01-29T20:11:04.454+0100] {logging_mixin.py:188} INFO - [2024-01-29T20:11:04.453+0100] {dag.py:3033} INFO - Sync 1 DAGs
[2024-01-29T20:11:04.496+0100] {logging_mixin.py:188} INFO - [2024-01-29T20:11:04.496+0100] {dag.py:3820} INFO - Setting next_dagrun for latest_only_with_trigger to 2024-01-29T12:00:00+00:00, run_after=2024-01-29T16:00:00+00:00
[2024-01-29T20:11:04.548+0100] {processor.py:183} INFO - Processing /home/ubuntu/.local/lib/python3.10/site-packages/airflow/example_dags/example_latest_only_with_trigger.py took 0.162 seconds
[2024-01-29T20:11:56.058+0100] {processor.py:161} INFO - Started process (PID=9053) to work on /home/ubuntu/.local/lib/python3.10/site-packages/airflow/example_dags/example_latest_only_with_trigger.py
[2024-01-29T20:11:56.060+0100] {processor.py:830} INFO - Processing file /home/ubuntu/.local/lib/python3.10/site-packages/airflow/example_dags/example_latest_only_with_trigger.py for tasks to queue
[2024-01-29T20:11:56.061+0100] {logging_mixin.py:188} INFO - [2024-01-29T20:11:56.061+0100] {dagbag.py:538} INFO - Filling up the DagBag from /home/ubuntu/.local/lib/python3.10/site-packages/airflow/example_dags/example_latest_only_with_trigger.py
[2024-01-29T20:11:56.068+0100] {processor.py:840} INFO - DAG(s) 'latest_only_with_trigger' retrieved from /home/ubuntu/.local/lib/python3.10/site-packages/airflow/example_dags/example_latest_only_with_trigger.py
[2024-01-29T20:11:56.087+0100] {logging_mixin.py:188} INFO - [2024-01-29T20:11:56.087+0100] {dag.py:3033} INFO - Sync 1 DAGs
[2024-01-29T20:11:56.111+0100] {logging_mixin.py:188} INFO - [2024-01-29T20:11:56.111+0100] {dag.py:3820} INFO - Setting next_dagrun for latest_only_with_trigger to 2024-01-29T12:00:00+00:00, run_after=2024-01-29T16:00:00+00:00
[2024-01-29T20:11:56.145+0100] {processor.py:183} INFO - Processing /home/ubuntu/.local/lib/python3.10/site-packages/airflow/example_dags/example_latest_only_with_trigger.py took 0.091 seconds
[2024-01-29T20:13:00.202+0100] {processor.py:161} INFO - Started process (PID=9143) to work on /home/ubuntu/.local/lib/python3.10/site-packages/airflow/example_dags/example_latest_only_with_trigger.py
[2024-01-29T20:13:00.209+0100] {processor.py:830} INFO - Processing file /home/ubuntu/.local/lib/python3.10/site-packages/airflow/example_dags/example_latest_only_with_trigger.py for tasks to queue
[2024-01-29T20:13:00.212+0100] {logging_mixin.py:188} INFO - [2024-01-29T20:13:00.212+0100] {dagbag.py:538} INFO - Filling up the DagBag from /home/ubuntu/.local/lib/python3.10/site-packages/airflow/example_dags/example_latest_only_with_trigger.py
[2024-01-29T20:13:00.248+0100] {processor.py:840} INFO - DAG(s) 'latest_only_with_trigger' retrieved from /home/ubuntu/.local/lib/python3.10/site-packages/airflow/example_dags/example_latest_only_with_trigger.py
[2024-01-29T20:13:00.292+0100] {logging_mixin.py:188} INFO - [2024-01-29T20:13:00.291+0100] {dag.py:3033} INFO - Sync 1 DAGs
[2024-01-29T20:13:00.508+0100] {logging_mixin.py:188} INFO - [2024-01-29T20:13:00.508+0100] {dag.py:3820} INFO - Setting next_dagrun for latest_only_with_trigger to 2024-01-29T12:00:00+00:00, run_after=2024-01-29T16:00:00+00:00
[2024-01-29T20:13:01.083+0100] {processor.py:183} INFO - Processing /home/ubuntu/.local/lib/python3.10/site-packages/airflow/example_dags/example_latest_only_with_trigger.py took 0.891 seconds
[2024-01-29T20:14:30.156+0100] {processor.py:161} INFO - Started process (PID=9260) to work on /home/ubuntu/.local/lib/python3.10/site-packages/airflow/example_dags/example_latest_only_with_trigger.py
[2024-01-29T20:14:30.160+0100] {processor.py:830} INFO - Processing file /home/ubuntu/.local/lib/python3.10/site-packages/airflow/example_dags/example_latest_only_with_trigger.py for tasks to queue
[2024-01-29T20:14:30.162+0100] {logging_mixin.py:188} INFO - [2024-01-29T20:14:30.161+0100] {dagbag.py:538} INFO - Filling up the DagBag from /home/ubuntu/.local/lib/python3.10/site-packages/airflow/example_dags/example_latest_only_with_trigger.py
[2024-01-29T20:14:30.169+0100] {processor.py:840} INFO - DAG(s) 'latest_only_with_trigger' retrieved from /home/ubuntu/.local/lib/python3.10/site-packages/airflow/example_dags/example_latest_only_with_trigger.py
[2024-01-29T20:14:30.187+0100] {logging_mixin.py:188} INFO - [2024-01-29T20:14:30.187+0100] {dag.py:3033} INFO - Sync 1 DAGs
[2024-01-29T20:14:30.211+0100] {logging_mixin.py:188} INFO - [2024-01-29T20:14:30.210+0100] {dag.py:3820} INFO - Setting next_dagrun for latest_only_with_trigger to 2024-01-29T12:00:00+00:00, run_after=2024-01-29T16:00:00+00:00
[2024-01-29T20:14:30.242+0100] {processor.py:183} INFO - Processing /home/ubuntu/.local/lib/python3.10/site-packages/airflow/example_dags/example_latest_only_with_trigger.py took 0.090 seconds
[2024-01-29T20:15:40.088+0100] {processor.py:161} INFO - Started process (PID=9340) to work on /home/ubuntu/.local/lib/python3.10/site-packages/airflow/example_dags/example_latest_only_with_trigger.py
[2024-01-29T20:15:40.090+0100] {processor.py:830} INFO - Processing file /home/ubuntu/.local/lib/python3.10/site-packages/airflow/example_dags/example_latest_only_with_trigger.py for tasks to queue
[2024-01-29T20:15:40.091+0100] {logging_mixin.py:188} INFO - [2024-01-29T20:15:40.091+0100] {dagbag.py:538} INFO - Filling up the DagBag from /home/ubuntu/.local/lib/python3.10/site-packages/airflow/example_dags/example_latest_only_with_trigger.py
[2024-01-29T20:15:40.100+0100] {processor.py:840} INFO - DAG(s) 'latest_only_with_trigger' retrieved from /home/ubuntu/.local/lib/python3.10/site-packages/airflow/example_dags/example_latest_only_with_trigger.py
[2024-01-29T20:15:40.118+0100] {logging_mixin.py:188} INFO - [2024-01-29T20:15:40.117+0100] {dag.py:3033} INFO - Sync 1 DAGs
[2024-01-29T20:15:40.139+0100] {logging_mixin.py:188} INFO - [2024-01-29T20:15:40.139+0100] {dag.py:3820} INFO - Setting next_dagrun for latest_only_with_trigger to 2024-01-29T12:00:00+00:00, run_after=2024-01-29T16:00:00+00:00
[2024-01-29T20:15:40.173+0100] {processor.py:183} INFO - Processing /home/ubuntu/.local/lib/python3.10/site-packages/airflow/example_dags/example_latest_only_with_trigger.py took 0.088 seconds
[2024-01-29T20:16:47.899+0100] {processor.py:161} INFO - Started process (PID=9412) to work on /home/ubuntu/.local/lib/python3.10/site-packages/airflow/example_dags/example_latest_only_with_trigger.py
[2024-01-29T20:16:47.901+0100] {processor.py:830} INFO - Processing file /home/ubuntu/.local/lib/python3.10/site-packages/airflow/example_dags/example_latest_only_with_trigger.py for tasks to queue
[2024-01-29T20:16:47.901+0100] {logging_mixin.py:188} INFO - [2024-01-29T20:16:47.901+0100] {dagbag.py:538} INFO - Filling up the DagBag from /home/ubuntu/.local/lib/python3.10/site-packages/airflow/example_dags/example_latest_only_with_trigger.py
[2024-01-29T20:16:47.911+0100] {processor.py:840} INFO - DAG(s) 'latest_only_with_trigger' retrieved from /home/ubuntu/.local/lib/python3.10/site-packages/airflow/example_dags/example_latest_only_with_trigger.py
[2024-01-29T20:16:47.946+0100] {logging_mixin.py:188} INFO - [2024-01-29T20:16:47.946+0100] {dag.py:3033} INFO - Sync 1 DAGs
[2024-01-29T20:16:48.003+0100] {logging_mixin.py:188} INFO - [2024-01-29T20:16:48.002+0100] {dag.py:3820} INFO - Setting next_dagrun for latest_only_with_trigger to 2024-01-29T12:00:00+00:00, run_after=2024-01-29T16:00:00+00:00
[2024-01-29T20:16:48.043+0100] {processor.py:183} INFO - Processing /home/ubuntu/.local/lib/python3.10/site-packages/airflow/example_dags/example_latest_only_with_trigger.py took 0.147 seconds
[2024-01-29T20:17:42.664+0100] {processor.py:161} INFO - Started process (PID=9474) to work on /home/ubuntu/.local/lib/python3.10/site-packages/airflow/example_dags/example_latest_only_with_trigger.py
[2024-01-29T20:17:42.666+0100] {processor.py:830} INFO - Processing file /home/ubuntu/.local/lib/python3.10/site-packages/airflow/example_dags/example_latest_only_with_trigger.py for tasks to queue
[2024-01-29T20:17:42.667+0100] {logging_mixin.py:188} INFO - [2024-01-29T20:17:42.666+0100] {dagbag.py:538} INFO - Filling up the DagBag from /home/ubuntu/.local/lib/python3.10/site-packages/airflow/example_dags/example_latest_only_with_trigger.py
[2024-01-29T20:17:42.674+0100] {processor.py:840} INFO - DAG(s) 'latest_only_with_trigger' retrieved from /home/ubuntu/.local/lib/python3.10/site-packages/airflow/example_dags/example_latest_only_with_trigger.py
[2024-01-29T20:17:42.692+0100] {logging_mixin.py:188} INFO - [2024-01-29T20:17:42.692+0100] {dag.py:3033} INFO - Sync 1 DAGs
[2024-01-29T20:17:42.714+0100] {logging_mixin.py:188} INFO - [2024-01-29T20:17:42.714+0100] {dag.py:3820} INFO - Setting next_dagrun for latest_only_with_trigger to 2024-01-29T12:00:00+00:00, run_after=2024-01-29T16:00:00+00:00
[2024-01-29T20:17:42.751+0100] {processor.py:183} INFO - Processing /home/ubuntu/.local/lib/python3.10/site-packages/airflow/example_dags/example_latest_only_with_trigger.py took 0.091 seconds
[2024-01-29T20:18:47.909+0100] {processor.py:161} INFO - Started process (PID=9551) to work on /home/ubuntu/.local/lib/python3.10/site-packages/airflow/example_dags/example_latest_only_with_trigger.py
[2024-01-29T20:18:47.913+0100] {processor.py:830} INFO - Processing file /home/ubuntu/.local/lib/python3.10/site-packages/airflow/example_dags/example_latest_only_with_trigger.py for tasks to queue
[2024-01-29T20:18:47.915+0100] {logging_mixin.py:188} INFO - [2024-01-29T20:18:47.914+0100] {dagbag.py:538} INFO - Filling up the DagBag from /home/ubuntu/.local/lib/python3.10/site-packages/airflow/example_dags/example_latest_only_with_trigger.py
[2024-01-29T20:18:47.943+0100] {processor.py:840} INFO - DAG(s) 'latest_only_with_trigger' retrieved from /home/ubuntu/.local/lib/python3.10/site-packages/airflow/example_dags/example_latest_only_with_trigger.py
[2024-01-29T20:18:48.025+0100] {logging_mixin.py:188} INFO - [2024-01-29T20:18:48.024+0100] {dag.py:3033} INFO - Sync 1 DAGs
[2024-01-29T20:18:48.108+0100] {logging_mixin.py:188} INFO - [2024-01-29T20:18:48.106+0100] {dag.py:3820} INFO - Setting next_dagrun for latest_only_with_trigger to 2024-01-29T12:00:00+00:00, run_after=2024-01-29T16:00:00+00:00
[2024-01-29T20:18:48.171+0100] {processor.py:183} INFO - Processing /home/ubuntu/.local/lib/python3.10/site-packages/airflow/example_dags/example_latest_only_with_trigger.py took 0.272 seconds
[2024-01-29T20:19:54.729+0100] {processor.py:161} INFO - Started process (PID=9643) to work on /home/ubuntu/.local/lib/python3.10/site-packages/airflow/example_dags/example_latest_only_with_trigger.py
[2024-01-29T20:19:54.731+0100] {processor.py:830} INFO - Processing file /home/ubuntu/.local/lib/python3.10/site-packages/airflow/example_dags/example_latest_only_with_trigger.py for tasks to queue
[2024-01-29T20:19:54.733+0100] {logging_mixin.py:188} INFO - [2024-01-29T20:19:54.732+0100] {dagbag.py:538} INFO - Filling up the DagBag from /home/ubuntu/.local/lib/python3.10/site-packages/airflow/example_dags/example_latest_only_with_trigger.py
[2024-01-29T20:19:54.740+0100] {processor.py:840} INFO - DAG(s) 'latest_only_with_trigger' retrieved from /home/ubuntu/.local/lib/python3.10/site-packages/airflow/example_dags/example_latest_only_with_trigger.py
[2024-01-29T20:19:54.757+0100] {logging_mixin.py:188} INFO - [2024-01-29T20:19:54.757+0100] {dag.py:3033} INFO - Sync 1 DAGs
[2024-01-29T20:19:54.778+0100] {logging_mixin.py:188} INFO - [2024-01-29T20:19:54.778+0100] {dag.py:3820} INFO - Setting next_dagrun for latest_only_with_trigger to 2024-01-29T12:00:00+00:00, run_after=2024-01-29T16:00:00+00:00
[2024-01-29T20:19:54.821+0100] {processor.py:183} INFO - Processing /home/ubuntu/.local/lib/python3.10/site-packages/airflow/example_dags/example_latest_only_with_trigger.py took 0.095 seconds
[2024-01-29T20:20:57.176+0100] {processor.py:161} INFO - Started process (PID=9716) to work on /home/ubuntu/.local/lib/python3.10/site-packages/airflow/example_dags/example_latest_only_with_trigger.py
[2024-01-29T20:20:57.178+0100] {processor.py:830} INFO - Processing file /home/ubuntu/.local/lib/python3.10/site-packages/airflow/example_dags/example_latest_only_with_trigger.py for tasks to queue
[2024-01-29T20:20:57.179+0100] {logging_mixin.py:188} INFO - [2024-01-29T20:20:57.179+0100] {dagbag.py:538} INFO - Filling up the DagBag from /home/ubuntu/.local/lib/python3.10/site-packages/airflow/example_dags/example_latest_only_with_trigger.py
[2024-01-29T20:20:57.187+0100] {processor.py:840} INFO - DAG(s) 'latest_only_with_trigger' retrieved from /home/ubuntu/.local/lib/python3.10/site-packages/airflow/example_dags/example_latest_only_with_trigger.py
[2024-01-29T20:20:57.207+0100] {logging_mixin.py:188} INFO - [2024-01-29T20:20:57.207+0100] {dag.py:3033} INFO - Sync 1 DAGs
[2024-01-29T20:20:57.237+0100] {logging_mixin.py:188} INFO - [2024-01-29T20:20:57.237+0100] {dag.py:3820} INFO - Setting next_dagrun for latest_only_with_trigger to 2024-01-29T12:00:00+00:00, run_after=2024-01-29T16:00:00+00:00
[2024-01-29T20:20:57.273+0100] {processor.py:183} INFO - Processing /home/ubuntu/.local/lib/python3.10/site-packages/airflow/example_dags/example_latest_only_with_trigger.py took 0.100 seconds
