[2024-01-29T19:54:54.006+0100] {processor.py:161} INFO - Started process (PID=7898) to work on /home/ubuntu/.local/lib/python3.10/site-packages/airflow/example_dags/example_setup_teardown_taskflow.py
[2024-01-29T19:54:54.008+0100] {processor.py:830} INFO - Processing file /home/ubuntu/.local/lib/python3.10/site-packages/airflow/example_dags/example_setup_teardown_taskflow.py for tasks to queue
[2024-01-29T19:54:54.012+0100] {logging_mixin.py:188} INFO - [2024-01-29T19:54:54.011+0100] {dagbag.py:538} INFO - Filling up the DagBag from /home/ubuntu/.local/lib/python3.10/site-packages/airflow/example_dags/example_setup_teardown_taskflow.py
[2024-01-29T19:54:54.028+0100] {processor.py:840} INFO - DAG(s) 'example_setup_teardown_taskflow' retrieved from /home/ubuntu/.local/lib/python3.10/site-packages/airflow/example_dags/example_setup_teardown_taskflow.py
[2024-01-29T19:54:54.224+0100] {logging_mixin.py:188} INFO - [2024-01-29T19:54:54.223+0100] {dag.py:3033} INFO - Sync 1 DAGs
[2024-01-29T19:54:54.243+0100] {logging_mixin.py:188} INFO - [2024-01-29T19:54:54.243+0100] {dag.py:3820} INFO - Setting next_dagrun for example_setup_teardown_taskflow to 2024-01-28T00:00:00+00:00, run_after=2024-01-29T00:00:00+00:00
[2024-01-29T19:54:54.279+0100] {processor.py:183} INFO - Processing /home/ubuntu/.local/lib/python3.10/site-packages/airflow/example_dags/example_setup_teardown_taskflow.py took 0.280 seconds
[2024-01-29T19:56:13.215+0100] {processor.py:161} INFO - Started process (PID=7972) to work on /home/ubuntu/.local/lib/python3.10/site-packages/airflow/example_dags/example_setup_teardown_taskflow.py
[2024-01-29T19:56:13.220+0100] {processor.py:830} INFO - Processing file /home/ubuntu/.local/lib/python3.10/site-packages/airflow/example_dags/example_setup_teardown_taskflow.py for tasks to queue
[2024-01-29T19:56:13.222+0100] {logging_mixin.py:188} INFO - [2024-01-29T19:56:13.222+0100] {dagbag.py:538} INFO - Filling up the DagBag from /home/ubuntu/.local/lib/python3.10/site-packages/airflow/example_dags/example_setup_teardown_taskflow.py
[2024-01-29T19:56:13.237+0100] {processor.py:840} INFO - DAG(s) 'example_setup_teardown_taskflow' retrieved from /home/ubuntu/.local/lib/python3.10/site-packages/airflow/example_dags/example_setup_teardown_taskflow.py
[2024-01-29T19:56:13.266+0100] {logging_mixin.py:188} INFO - [2024-01-29T19:56:13.266+0100] {dag.py:3033} INFO - Sync 1 DAGs
[2024-01-29T19:56:13.292+0100] {logging_mixin.py:188} INFO - [2024-01-29T19:56:13.291+0100] {dag.py:3820} INFO - Setting next_dagrun for example_setup_teardown_taskflow to 2024-01-28T00:00:00+00:00, run_after=2024-01-29T00:00:00+00:00
[2024-01-29T19:56:13.361+0100] {processor.py:183} INFO - Processing /home/ubuntu/.local/lib/python3.10/site-packages/airflow/example_dags/example_setup_teardown_taskflow.py took 0.152 seconds
[2024-01-29T19:57:31.184+0100] {processor.py:161} INFO - Started process (PID=8050) to work on /home/ubuntu/.local/lib/python3.10/site-packages/airflow/example_dags/example_setup_teardown_taskflow.py
[2024-01-29T19:57:31.187+0100] {processor.py:830} INFO - Processing file /home/ubuntu/.local/lib/python3.10/site-packages/airflow/example_dags/example_setup_teardown_taskflow.py for tasks to queue
[2024-01-29T19:57:31.189+0100] {logging_mixin.py:188} INFO - [2024-01-29T19:57:31.188+0100] {dagbag.py:538} INFO - Filling up the DagBag from /home/ubuntu/.local/lib/python3.10/site-packages/airflow/example_dags/example_setup_teardown_taskflow.py
[2024-01-29T19:57:31.208+0100] {processor.py:840} INFO - DAG(s) 'example_setup_teardown_taskflow' retrieved from /home/ubuntu/.local/lib/python3.10/site-packages/airflow/example_dags/example_setup_teardown_taskflow.py
[2024-01-29T19:57:31.229+0100] {logging_mixin.py:188} INFO - [2024-01-29T19:57:31.229+0100] {dag.py:3033} INFO - Sync 1 DAGs
[2024-01-29T19:57:31.260+0100] {logging_mixin.py:188} INFO - [2024-01-29T19:57:31.253+0100] {dag.py:3820} INFO - Setting next_dagrun for example_setup_teardown_taskflow to 2024-01-28T00:00:00+00:00, run_after=2024-01-29T00:00:00+00:00
[2024-01-29T19:57:31.319+0100] {processor.py:183} INFO - Processing /home/ubuntu/.local/lib/python3.10/site-packages/airflow/example_dags/example_setup_teardown_taskflow.py took 0.143 seconds
[2024-01-29T19:58:25.299+0100] {processor.py:161} INFO - Started process (PID=8111) to work on /home/ubuntu/.local/lib/python3.10/site-packages/airflow/example_dags/example_setup_teardown_taskflow.py
[2024-01-29T19:58:25.312+0100] {processor.py:830} INFO - Processing file /home/ubuntu/.local/lib/python3.10/site-packages/airflow/example_dags/example_setup_teardown_taskflow.py for tasks to queue
[2024-01-29T19:58:25.313+0100] {logging_mixin.py:188} INFO - [2024-01-29T19:58:25.313+0100] {dagbag.py:538} INFO - Filling up the DagBag from /home/ubuntu/.local/lib/python3.10/site-packages/airflow/example_dags/example_setup_teardown_taskflow.py
[2024-01-29T19:58:25.327+0100] {processor.py:840} INFO - DAG(s) 'example_setup_teardown_taskflow' retrieved from /home/ubuntu/.local/lib/python3.10/site-packages/airflow/example_dags/example_setup_teardown_taskflow.py
[2024-01-29T19:58:25.346+0100] {logging_mixin.py:188} INFO - [2024-01-29T19:58:25.346+0100] {dag.py:3033} INFO - Sync 1 DAGs
[2024-01-29T19:58:25.369+0100] {logging_mixin.py:188} INFO - [2024-01-29T19:58:25.368+0100] {dag.py:3820} INFO - Setting next_dagrun for example_setup_teardown_taskflow to 2024-01-28T00:00:00+00:00, run_after=2024-01-29T00:00:00+00:00
[2024-01-29T19:58:25.400+0100] {processor.py:183} INFO - Processing /home/ubuntu/.local/lib/python3.10/site-packages/airflow/example_dags/example_setup_teardown_taskflow.py took 0.110 seconds
[2024-01-29T19:59:27.622+0100] {processor.py:161} INFO - Started process (PID=8188) to work on /home/ubuntu/.local/lib/python3.10/site-packages/airflow/example_dags/example_setup_teardown_taskflow.py
[2024-01-29T19:59:27.624+0100] {processor.py:830} INFO - Processing file /home/ubuntu/.local/lib/python3.10/site-packages/airflow/example_dags/example_setup_teardown_taskflow.py for tasks to queue
[2024-01-29T19:59:27.625+0100] {logging_mixin.py:188} INFO - [2024-01-29T19:59:27.625+0100] {dagbag.py:538} INFO - Filling up the DagBag from /home/ubuntu/.local/lib/python3.10/site-packages/airflow/example_dags/example_setup_teardown_taskflow.py
[2024-01-29T19:59:27.636+0100] {processor.py:840} INFO - DAG(s) 'example_setup_teardown_taskflow' retrieved from /home/ubuntu/.local/lib/python3.10/site-packages/airflow/example_dags/example_setup_teardown_taskflow.py
[2024-01-29T19:59:27.654+0100] {logging_mixin.py:188} INFO - [2024-01-29T19:59:27.654+0100] {dag.py:3033} INFO - Sync 1 DAGs
[2024-01-29T19:59:27.674+0100] {logging_mixin.py:188} INFO - [2024-01-29T19:59:27.674+0100] {dag.py:3820} INFO - Setting next_dagrun for example_setup_teardown_taskflow to 2024-01-28T00:00:00+00:00, run_after=2024-01-29T00:00:00+00:00
[2024-01-29T19:59:27.710+0100] {processor.py:183} INFO - Processing /home/ubuntu/.local/lib/python3.10/site-packages/airflow/example_dags/example_setup_teardown_taskflow.py took 0.093 seconds
[2024-01-29T20:00:53.450+0100] {processor.py:161} INFO - Started process (PID=8272) to work on /home/ubuntu/.local/lib/python3.10/site-packages/airflow/example_dags/example_setup_teardown_taskflow.py
[2024-01-29T20:00:53.452+0100] {processor.py:830} INFO - Processing file /home/ubuntu/.local/lib/python3.10/site-packages/airflow/example_dags/example_setup_teardown_taskflow.py for tasks to queue
[2024-01-29T20:00:53.453+0100] {logging_mixin.py:188} INFO - [2024-01-29T20:00:53.453+0100] {dagbag.py:538} INFO - Filling up the DagBag from /home/ubuntu/.local/lib/python3.10/site-packages/airflow/example_dags/example_setup_teardown_taskflow.py
[2024-01-29T20:00:53.465+0100] {processor.py:840} INFO - DAG(s) 'example_setup_teardown_taskflow' retrieved from /home/ubuntu/.local/lib/python3.10/site-packages/airflow/example_dags/example_setup_teardown_taskflow.py
[2024-01-29T20:00:53.482+0100] {logging_mixin.py:188} INFO - [2024-01-29T20:00:53.482+0100] {dag.py:3033} INFO - Sync 1 DAGs
[2024-01-29T20:00:53.505+0100] {logging_mixin.py:188} INFO - [2024-01-29T20:00:53.505+0100] {dag.py:3820} INFO - Setting next_dagrun for example_setup_teardown_taskflow to 2024-01-28T00:00:00+00:00, run_after=2024-01-29T00:00:00+00:00
[2024-01-29T20:00:53.541+0100] {processor.py:183} INFO - Processing /home/ubuntu/.local/lib/python3.10/site-packages/airflow/example_dags/example_setup_teardown_taskflow.py took 0.094 seconds
[2024-01-29T20:01:46.185+0100] {processor.py:161} INFO - Started process (PID=8331) to work on /home/ubuntu/.local/lib/python3.10/site-packages/airflow/example_dags/example_setup_teardown_taskflow.py
[2024-01-29T20:01:46.187+0100] {processor.py:830} INFO - Processing file /home/ubuntu/.local/lib/python3.10/site-packages/airflow/example_dags/example_setup_teardown_taskflow.py for tasks to queue
[2024-01-29T20:01:46.188+0100] {logging_mixin.py:188} INFO - [2024-01-29T20:01:46.188+0100] {dagbag.py:538} INFO - Filling up the DagBag from /home/ubuntu/.local/lib/python3.10/site-packages/airflow/example_dags/example_setup_teardown_taskflow.py
[2024-01-29T20:01:46.201+0100] {processor.py:840} INFO - DAG(s) 'example_setup_teardown_taskflow' retrieved from /home/ubuntu/.local/lib/python3.10/site-packages/airflow/example_dags/example_setup_teardown_taskflow.py
[2024-01-29T20:01:46.220+0100] {logging_mixin.py:188} INFO - [2024-01-29T20:01:46.220+0100] {dag.py:3033} INFO - Sync 1 DAGs
[2024-01-29T20:01:46.241+0100] {logging_mixin.py:188} INFO - [2024-01-29T20:01:46.240+0100] {dag.py:3820} INFO - Setting next_dagrun for example_setup_teardown_taskflow to 2024-01-28T00:00:00+00:00, run_after=2024-01-29T00:00:00+00:00
[2024-01-29T20:01:46.271+0100] {processor.py:183} INFO - Processing /home/ubuntu/.local/lib/python3.10/site-packages/airflow/example_dags/example_setup_teardown_taskflow.py took 0.090 seconds
[2024-01-29T20:03:07.243+0100] {processor.py:161} INFO - Started process (PID=8451) to work on /home/ubuntu/.local/lib/python3.10/site-packages/airflow/example_dags/example_setup_teardown_taskflow.py
[2024-01-29T20:03:07.246+0100] {processor.py:830} INFO - Processing file /home/ubuntu/.local/lib/python3.10/site-packages/airflow/example_dags/example_setup_teardown_taskflow.py for tasks to queue
[2024-01-29T20:03:07.248+0100] {logging_mixin.py:188} INFO - [2024-01-29T20:03:07.247+0100] {dagbag.py:538} INFO - Filling up the DagBag from /home/ubuntu/.local/lib/python3.10/site-packages/airflow/example_dags/example_setup_teardown_taskflow.py
[2024-01-29T20:03:07.258+0100] {processor.py:840} INFO - DAG(s) 'example_setup_teardown_taskflow' retrieved from /home/ubuntu/.local/lib/python3.10/site-packages/airflow/example_dags/example_setup_teardown_taskflow.py
[2024-01-29T20:03:07.273+0100] {logging_mixin.py:188} INFO - [2024-01-29T20:03:07.273+0100] {dag.py:3033} INFO - Sync 1 DAGs
[2024-01-29T20:03:07.290+0100] {logging_mixin.py:188} INFO - [2024-01-29T20:03:07.290+0100] {dag.py:3820} INFO - Setting next_dagrun for example_setup_teardown_taskflow to 2024-01-28T00:00:00+00:00, run_after=2024-01-29T00:00:00+00:00
[2024-01-29T20:03:07.334+0100] {processor.py:183} INFO - Processing /home/ubuntu/.local/lib/python3.10/site-packages/airflow/example_dags/example_setup_teardown_taskflow.py took 0.095 seconds
[2024-01-29T20:03:57.992+0100] {processor.py:161} INFO - Started process (PID=8513) to work on /home/ubuntu/.local/lib/python3.10/site-packages/airflow/example_dags/example_setup_teardown_taskflow.py
[2024-01-29T20:03:57.994+0100] {processor.py:830} INFO - Processing file /home/ubuntu/.local/lib/python3.10/site-packages/airflow/example_dags/example_setup_teardown_taskflow.py for tasks to queue
[2024-01-29T20:03:57.997+0100] {logging_mixin.py:188} INFO - [2024-01-29T20:03:57.996+0100] {dagbag.py:538} INFO - Filling up the DagBag from /home/ubuntu/.local/lib/python3.10/site-packages/airflow/example_dags/example_setup_teardown_taskflow.py
[2024-01-29T20:03:58.008+0100] {processor.py:840} INFO - DAG(s) 'example_setup_teardown_taskflow' retrieved from /home/ubuntu/.local/lib/python3.10/site-packages/airflow/example_dags/example_setup_teardown_taskflow.py
[2024-01-29T20:03:58.024+0100] {logging_mixin.py:188} INFO - [2024-01-29T20:03:58.024+0100] {dag.py:3033} INFO - Sync 1 DAGs
[2024-01-29T20:03:58.041+0100] {logging_mixin.py:188} INFO - [2024-01-29T20:03:58.041+0100] {dag.py:3820} INFO - Setting next_dagrun for example_setup_teardown_taskflow to 2024-01-28T00:00:00+00:00, run_after=2024-01-29T00:00:00+00:00
[2024-01-29T20:03:58.082+0100] {processor.py:183} INFO - Processing /home/ubuntu/.local/lib/python3.10/site-packages/airflow/example_dags/example_setup_teardown_taskflow.py took 0.093 seconds
[2024-01-29T20:05:18.301+0100] {processor.py:161} INFO - Started process (PID=8603) to work on /home/ubuntu/.local/lib/python3.10/site-packages/airflow/example_dags/example_setup_teardown_taskflow.py
[2024-01-29T20:05:18.328+0100] {processor.py:830} INFO - Processing file /home/ubuntu/.local/lib/python3.10/site-packages/airflow/example_dags/example_setup_teardown_taskflow.py for tasks to queue
[2024-01-29T20:05:18.334+0100] {logging_mixin.py:188} INFO - [2024-01-29T20:05:18.329+0100] {dagbag.py:538} INFO - Filling up the DagBag from /home/ubuntu/.local/lib/python3.10/site-packages/airflow/example_dags/example_setup_teardown_taskflow.py
[2024-01-29T20:05:18.430+0100] {processor.py:840} INFO - DAG(s) 'example_setup_teardown_taskflow' retrieved from /home/ubuntu/.local/lib/python3.10/site-packages/airflow/example_dags/example_setup_teardown_taskflow.py
[2024-01-29T20:05:18.462+0100] {logging_mixin.py:188} INFO - [2024-01-29T20:05:18.462+0100] {dag.py:3033} INFO - Sync 1 DAGs
[2024-01-29T20:05:18.579+0100] {logging_mixin.py:188} INFO - [2024-01-29T20:05:18.578+0100] {dag.py:3820} INFO - Setting next_dagrun for example_setup_teardown_taskflow to 2024-01-28T00:00:00+00:00, run_after=2024-01-29T00:00:00+00:00
[2024-01-29T20:05:18.828+0100] {processor.py:183} INFO - Processing /home/ubuntu/.local/lib/python3.10/site-packages/airflow/example_dags/example_setup_teardown_taskflow.py took 0.545 seconds
[2024-01-29T20:06:38.625+0100] {processor.py:161} INFO - Started process (PID=8681) to work on /home/ubuntu/.local/lib/python3.10/site-packages/airflow/example_dags/example_setup_teardown_taskflow.py
[2024-01-29T20:06:38.649+0100] {processor.py:830} INFO - Processing file /home/ubuntu/.local/lib/python3.10/site-packages/airflow/example_dags/example_setup_teardown_taskflow.py for tasks to queue
[2024-01-29T20:06:38.650+0100] {logging_mixin.py:188} INFO - [2024-01-29T20:06:38.650+0100] {dagbag.py:538} INFO - Filling up the DagBag from /home/ubuntu/.local/lib/python3.10/site-packages/airflow/example_dags/example_setup_teardown_taskflow.py
[2024-01-29T20:06:38.724+0100] {processor.py:840} INFO - DAG(s) 'example_setup_teardown_taskflow' retrieved from /home/ubuntu/.local/lib/python3.10/site-packages/airflow/example_dags/example_setup_teardown_taskflow.py
[2024-01-29T20:06:38.830+0100] {logging_mixin.py:188} INFO - [2024-01-29T20:06:38.824+0100] {dag.py:3033} INFO - Sync 1 DAGs
[2024-01-29T20:06:39.001+0100] {logging_mixin.py:188} INFO - [2024-01-29T20:06:39.001+0100] {dag.py:3820} INFO - Setting next_dagrun for example_setup_teardown_taskflow to 2024-01-28T00:00:00+00:00, run_after=2024-01-29T00:00:00+00:00
[2024-01-29T20:06:39.660+0100] {processor.py:183} INFO - Processing /home/ubuntu/.local/lib/python3.10/site-packages/airflow/example_dags/example_setup_teardown_taskflow.py took 1.053 seconds
[2024-01-29T20:07:48.385+0100] {processor.py:161} INFO - Started process (PID=8758) to work on /home/ubuntu/.local/lib/python3.10/site-packages/airflow/example_dags/example_setup_teardown_taskflow.py
[2024-01-29T20:07:48.388+0100] {processor.py:830} INFO - Processing file /home/ubuntu/.local/lib/python3.10/site-packages/airflow/example_dags/example_setup_teardown_taskflow.py for tasks to queue
[2024-01-29T20:07:48.389+0100] {logging_mixin.py:188} INFO - [2024-01-29T20:07:48.389+0100] {dagbag.py:538} INFO - Filling up the DagBag from /home/ubuntu/.local/lib/python3.10/site-packages/airflow/example_dags/example_setup_teardown_taskflow.py
[2024-01-29T20:07:48.400+0100] {processor.py:840} INFO - DAG(s) 'example_setup_teardown_taskflow' retrieved from /home/ubuntu/.local/lib/python3.10/site-packages/airflow/example_dags/example_setup_teardown_taskflow.py
[2024-01-29T20:07:48.425+0100] {logging_mixin.py:188} INFO - [2024-01-29T20:07:48.424+0100] {dag.py:3033} INFO - Sync 1 DAGs
[2024-01-29T20:07:48.451+0100] {logging_mixin.py:188} INFO - [2024-01-29T20:07:48.451+0100] {dag.py:3820} INFO - Setting next_dagrun for example_setup_teardown_taskflow to 2024-01-28T00:00:00+00:00, run_after=2024-01-29T00:00:00+00:00
[2024-01-29T20:07:48.490+0100] {processor.py:183} INFO - Processing /home/ubuntu/.local/lib/python3.10/site-packages/airflow/example_dags/example_setup_teardown_taskflow.py took 0.109 seconds
[2024-01-29T20:08:40.687+0100] {processor.py:161} INFO - Started process (PID=8815) to work on /home/ubuntu/.local/lib/python3.10/site-packages/airflow/example_dags/example_setup_teardown_taskflow.py
[2024-01-29T20:08:40.689+0100] {processor.py:830} INFO - Processing file /home/ubuntu/.local/lib/python3.10/site-packages/airflow/example_dags/example_setup_teardown_taskflow.py for tasks to queue
[2024-01-29T20:08:40.690+0100] {logging_mixin.py:188} INFO - [2024-01-29T20:08:40.690+0100] {dagbag.py:538} INFO - Filling up the DagBag from /home/ubuntu/.local/lib/python3.10/site-packages/airflow/example_dags/example_setup_teardown_taskflow.py
[2024-01-29T20:08:40.702+0100] {processor.py:840} INFO - DAG(s) 'example_setup_teardown_taskflow' retrieved from /home/ubuntu/.local/lib/python3.10/site-packages/airflow/example_dags/example_setup_teardown_taskflow.py
[2024-01-29T20:08:40.732+0100] {logging_mixin.py:188} INFO - [2024-01-29T20:08:40.732+0100] {dag.py:3033} INFO - Sync 1 DAGs
[2024-01-29T20:08:40.757+0100] {logging_mixin.py:188} INFO - [2024-01-29T20:08:40.757+0100] {dag.py:3820} INFO - Setting next_dagrun for example_setup_teardown_taskflow to 2024-01-28T00:00:00+00:00, run_after=2024-01-29T00:00:00+00:00
[2024-01-29T20:08:40.789+0100] {processor.py:183} INFO - Processing /home/ubuntu/.local/lib/python3.10/site-packages/airflow/example_dags/example_setup_teardown_taskflow.py took 0.106 seconds
[2024-01-29T20:09:48.156+0100] {processor.py:161} INFO - Started process (PID=8905) to work on /home/ubuntu/.local/lib/python3.10/site-packages/airflow/example_dags/example_setup_teardown_taskflow.py
[2024-01-29T20:09:48.160+0100] {processor.py:830} INFO - Processing file /home/ubuntu/.local/lib/python3.10/site-packages/airflow/example_dags/example_setup_teardown_taskflow.py for tasks to queue
[2024-01-29T20:09:48.162+0100] {logging_mixin.py:188} INFO - [2024-01-29T20:09:48.161+0100] {dagbag.py:538} INFO - Filling up the DagBag from /home/ubuntu/.local/lib/python3.10/site-packages/airflow/example_dags/example_setup_teardown_taskflow.py
[2024-01-29T20:09:48.179+0100] {processor.py:840} INFO - DAG(s) 'example_setup_teardown_taskflow' retrieved from /home/ubuntu/.local/lib/python3.10/site-packages/airflow/example_dags/example_setup_teardown_taskflow.py
[2024-01-29T20:09:48.214+0100] {logging_mixin.py:188} INFO - [2024-01-29T20:09:48.213+0100] {dag.py:3033} INFO - Sync 1 DAGs
[2024-01-29T20:09:48.277+0100] {logging_mixin.py:188} INFO - [2024-01-29T20:09:48.277+0100] {dag.py:3820} INFO - Setting next_dagrun for example_setup_teardown_taskflow to 2024-01-28T00:00:00+00:00, run_after=2024-01-29T00:00:00+00:00
[2024-01-29T20:09:48.328+0100] {processor.py:183} INFO - Processing /home/ubuntu/.local/lib/python3.10/site-packages/airflow/example_dags/example_setup_teardown_taskflow.py took 0.175 seconds
[2024-01-29T20:10:38.096+0100] {processor.py:161} INFO - Started process (PID=8962) to work on /home/ubuntu/.local/lib/python3.10/site-packages/airflow/example_dags/example_setup_teardown_taskflow.py
[2024-01-29T20:10:38.098+0100] {processor.py:830} INFO - Processing file /home/ubuntu/.local/lib/python3.10/site-packages/airflow/example_dags/example_setup_teardown_taskflow.py for tasks to queue
[2024-01-29T20:10:38.099+0100] {logging_mixin.py:188} INFO - [2024-01-29T20:10:38.098+0100] {dagbag.py:538} INFO - Filling up the DagBag from /home/ubuntu/.local/lib/python3.10/site-packages/airflow/example_dags/example_setup_teardown_taskflow.py
[2024-01-29T20:10:38.109+0100] {processor.py:840} INFO - DAG(s) 'example_setup_teardown_taskflow' retrieved from /home/ubuntu/.local/lib/python3.10/site-packages/airflow/example_dags/example_setup_teardown_taskflow.py
[2024-01-29T20:10:38.128+0100] {logging_mixin.py:188} INFO - [2024-01-29T20:10:38.128+0100] {dag.py:3033} INFO - Sync 1 DAGs
[2024-01-29T20:10:38.153+0100] {logging_mixin.py:188} INFO - [2024-01-29T20:10:38.153+0100] {dag.py:3820} INFO - Setting next_dagrun for example_setup_teardown_taskflow to 2024-01-28T00:00:00+00:00, run_after=2024-01-29T00:00:00+00:00
[2024-01-29T20:10:38.187+0100] {processor.py:183} INFO - Processing /home/ubuntu/.local/lib/python3.10/site-packages/airflow/example_dags/example_setup_teardown_taskflow.py took 0.095 seconds
[2024-01-29T20:11:32.569+0100] {processor.py:161} INFO - Started process (PID=9025) to work on /home/ubuntu/.local/lib/python3.10/site-packages/airflow/example_dags/example_setup_teardown_taskflow.py
[2024-01-29T20:11:32.571+0100] {processor.py:830} INFO - Processing file /home/ubuntu/.local/lib/python3.10/site-packages/airflow/example_dags/example_setup_teardown_taskflow.py for tasks to queue
[2024-01-29T20:11:32.572+0100] {logging_mixin.py:188} INFO - [2024-01-29T20:11:32.572+0100] {dagbag.py:538} INFO - Filling up the DagBag from /home/ubuntu/.local/lib/python3.10/site-packages/airflow/example_dags/example_setup_teardown_taskflow.py
[2024-01-29T20:11:32.583+0100] {processor.py:840} INFO - DAG(s) 'example_setup_teardown_taskflow' retrieved from /home/ubuntu/.local/lib/python3.10/site-packages/airflow/example_dags/example_setup_teardown_taskflow.py
[2024-01-29T20:11:32.601+0100] {logging_mixin.py:188} INFO - [2024-01-29T20:11:32.601+0100] {dag.py:3033} INFO - Sync 1 DAGs
[2024-01-29T20:11:32.621+0100] {logging_mixin.py:188} INFO - [2024-01-29T20:11:32.621+0100] {dag.py:3820} INFO - Setting next_dagrun for example_setup_teardown_taskflow to 2024-01-28T00:00:00+00:00, run_after=2024-01-29T00:00:00+00:00
[2024-01-29T20:11:32.651+0100] {processor.py:183} INFO - Processing /home/ubuntu/.local/lib/python3.10/site-packages/airflow/example_dags/example_setup_teardown_taskflow.py took 0.087 seconds
[2024-01-29T20:12:28.876+0100] {processor.py:161} INFO - Started process (PID=9098) to work on /home/ubuntu/.local/lib/python3.10/site-packages/airflow/example_dags/example_setup_teardown_taskflow.py
[2024-01-29T20:12:28.882+0100] {processor.py:830} INFO - Processing file /home/ubuntu/.local/lib/python3.10/site-packages/airflow/example_dags/example_setup_teardown_taskflow.py for tasks to queue
[2024-01-29T20:12:28.884+0100] {logging_mixin.py:188} INFO - [2024-01-29T20:12:28.883+0100] {dagbag.py:538} INFO - Filling up the DagBag from /home/ubuntu/.local/lib/python3.10/site-packages/airflow/example_dags/example_setup_teardown_taskflow.py
[2024-01-29T20:12:28.973+0100] {processor.py:840} INFO - DAG(s) 'example_setup_teardown_taskflow' retrieved from /home/ubuntu/.local/lib/python3.10/site-packages/airflow/example_dags/example_setup_teardown_taskflow.py
[2024-01-29T20:12:29.052+0100] {logging_mixin.py:188} INFO - [2024-01-29T20:12:29.051+0100] {dag.py:3033} INFO - Sync 1 DAGs
[2024-01-29T20:12:29.106+0100] {logging_mixin.py:188} INFO - [2024-01-29T20:12:29.106+0100] {dag.py:3820} INFO - Setting next_dagrun for example_setup_teardown_taskflow to 2024-01-28T00:00:00+00:00, run_after=2024-01-29T00:00:00+00:00
[2024-01-29T20:12:29.138+0100] {processor.py:183} INFO - Processing /home/ubuntu/.local/lib/python3.10/site-packages/airflow/example_dags/example_setup_teardown_taskflow.py took 0.273 seconds
[2024-01-29T20:14:00.351+0100] {processor.py:161} INFO - Started process (PID=9231) to work on /home/ubuntu/.local/lib/python3.10/site-packages/airflow/example_dags/example_setup_teardown_taskflow.py
[2024-01-29T20:14:00.384+0100] {processor.py:830} INFO - Processing file /home/ubuntu/.local/lib/python3.10/site-packages/airflow/example_dags/example_setup_teardown_taskflow.py for tasks to queue
[2024-01-29T20:14:00.386+0100] {logging_mixin.py:188} INFO - [2024-01-29T20:14:00.385+0100] {dagbag.py:538} INFO - Filling up the DagBag from /home/ubuntu/.local/lib/python3.10/site-packages/airflow/example_dags/example_setup_teardown_taskflow.py
[2024-01-29T20:14:00.421+0100] {processor.py:840} INFO - DAG(s) 'example_setup_teardown_taskflow' retrieved from /home/ubuntu/.local/lib/python3.10/site-packages/airflow/example_dags/example_setup_teardown_taskflow.py
[2024-01-29T20:14:00.500+0100] {logging_mixin.py:188} INFO - [2024-01-29T20:14:00.500+0100] {dag.py:3033} INFO - Sync 1 DAGs
[2024-01-29T20:14:00.606+0100] {logging_mixin.py:188} INFO - [2024-01-29T20:14:00.605+0100] {dag.py:3820} INFO - Setting next_dagrun for example_setup_teardown_taskflow to 2024-01-28T00:00:00+00:00, run_after=2024-01-29T00:00:00+00:00
[2024-01-29T20:14:00.870+0100] {processor.py:183} INFO - Processing /home/ubuntu/.local/lib/python3.10/site-packages/airflow/example_dags/example_setup_teardown_taskflow.py took 0.543 seconds
[2024-01-29T20:14:55.105+0100] {processor.py:161} INFO - Started process (PID=9292) to work on /home/ubuntu/.local/lib/python3.10/site-packages/airflow/example_dags/example_setup_teardown_taskflow.py
[2024-01-29T20:14:55.109+0100] {processor.py:830} INFO - Processing file /home/ubuntu/.local/lib/python3.10/site-packages/airflow/example_dags/example_setup_teardown_taskflow.py for tasks to queue
[2024-01-29T20:14:55.109+0100] {logging_mixin.py:188} INFO - [2024-01-29T20:14:55.109+0100] {dagbag.py:538} INFO - Filling up the DagBag from /home/ubuntu/.local/lib/python3.10/site-packages/airflow/example_dags/example_setup_teardown_taskflow.py
[2024-01-29T20:14:55.123+0100] {processor.py:840} INFO - DAG(s) 'example_setup_teardown_taskflow' retrieved from /home/ubuntu/.local/lib/python3.10/site-packages/airflow/example_dags/example_setup_teardown_taskflow.py
[2024-01-29T20:14:55.140+0100] {logging_mixin.py:188} INFO - [2024-01-29T20:14:55.140+0100] {dag.py:3033} INFO - Sync 1 DAGs
[2024-01-29T20:14:55.166+0100] {logging_mixin.py:188} INFO - [2024-01-29T20:14:55.165+0100] {dag.py:3820} INFO - Setting next_dagrun for example_setup_teardown_taskflow to 2024-01-28T00:00:00+00:00, run_after=2024-01-29T00:00:00+00:00
[2024-01-29T20:14:55.208+0100] {processor.py:183} INFO - Processing /home/ubuntu/.local/lib/python3.10/site-packages/airflow/example_dags/example_setup_teardown_taskflow.py took 0.106 seconds
[2024-01-29T20:16:04.274+0100] {processor.py:161} INFO - Started process (PID=9365) to work on /home/ubuntu/.local/lib/python3.10/site-packages/airflow/example_dags/example_setup_teardown_taskflow.py
[2024-01-29T20:16:04.276+0100] {processor.py:830} INFO - Processing file /home/ubuntu/.local/lib/python3.10/site-packages/airflow/example_dags/example_setup_teardown_taskflow.py for tasks to queue
[2024-01-29T20:16:04.276+0100] {logging_mixin.py:188} INFO - [2024-01-29T20:16:04.276+0100] {dagbag.py:538} INFO - Filling up the DagBag from /home/ubuntu/.local/lib/python3.10/site-packages/airflow/example_dags/example_setup_teardown_taskflow.py
[2024-01-29T20:16:04.289+0100] {processor.py:840} INFO - DAG(s) 'example_setup_teardown_taskflow' retrieved from /home/ubuntu/.local/lib/python3.10/site-packages/airflow/example_dags/example_setup_teardown_taskflow.py
[2024-01-29T20:16:04.315+0100] {logging_mixin.py:188} INFO - [2024-01-29T20:16:04.315+0100] {dag.py:3033} INFO - Sync 1 DAGs
[2024-01-29T20:16:04.337+0100] {logging_mixin.py:188} INFO - [2024-01-29T20:16:04.337+0100] {dag.py:3820} INFO - Setting next_dagrun for example_setup_teardown_taskflow to 2024-01-28T00:00:00+00:00, run_after=2024-01-29T00:00:00+00:00
[2024-01-29T20:16:04.370+0100] {processor.py:183} INFO - Processing /home/ubuntu/.local/lib/python3.10/site-packages/airflow/example_dags/example_setup_teardown_taskflow.py took 0.100 seconds
[2024-01-29T20:17:17.721+0100] {processor.py:161} INFO - Started process (PID=9448) to work on /home/ubuntu/.local/lib/python3.10/site-packages/airflow/example_dags/example_setup_teardown_taskflow.py
[2024-01-29T20:17:17.723+0100] {processor.py:830} INFO - Processing file /home/ubuntu/.local/lib/python3.10/site-packages/airflow/example_dags/example_setup_teardown_taskflow.py for tasks to queue
[2024-01-29T20:17:17.724+0100] {logging_mixin.py:188} INFO - [2024-01-29T20:17:17.723+0100] {dagbag.py:538} INFO - Filling up the DagBag from /home/ubuntu/.local/lib/python3.10/site-packages/airflow/example_dags/example_setup_teardown_taskflow.py
[2024-01-29T20:17:17.735+0100] {processor.py:840} INFO - DAG(s) 'example_setup_teardown_taskflow' retrieved from /home/ubuntu/.local/lib/python3.10/site-packages/airflow/example_dags/example_setup_teardown_taskflow.py
[2024-01-29T20:17:17.753+0100] {logging_mixin.py:188} INFO - [2024-01-29T20:17:17.753+0100] {dag.py:3033} INFO - Sync 1 DAGs
[2024-01-29T20:17:17.774+0100] {logging_mixin.py:188} INFO - [2024-01-29T20:17:17.774+0100] {dag.py:3820} INFO - Setting next_dagrun for example_setup_teardown_taskflow to 2024-01-28T00:00:00+00:00, run_after=2024-01-29T00:00:00+00:00
[2024-01-29T20:17:17.802+0100] {processor.py:183} INFO - Processing /home/ubuntu/.local/lib/python3.10/site-packages/airflow/example_dags/example_setup_teardown_taskflow.py took 0.084 seconds
[2024-01-29T20:18:26.640+0100] {processor.py:161} INFO - Started process (PID=9522) to work on /home/ubuntu/.local/lib/python3.10/site-packages/airflow/example_dags/example_setup_teardown_taskflow.py
[2024-01-29T20:18:26.643+0100] {processor.py:830} INFO - Processing file /home/ubuntu/.local/lib/python3.10/site-packages/airflow/example_dags/example_setup_teardown_taskflow.py for tasks to queue
[2024-01-29T20:18:26.644+0100] {logging_mixin.py:188} INFO - [2024-01-29T20:18:26.643+0100] {dagbag.py:538} INFO - Filling up the DagBag from /home/ubuntu/.local/lib/python3.10/site-packages/airflow/example_dags/example_setup_teardown_taskflow.py
[2024-01-29T20:18:26.662+0100] {processor.py:840} INFO - DAG(s) 'example_setup_teardown_taskflow' retrieved from /home/ubuntu/.local/lib/python3.10/site-packages/airflow/example_dags/example_setup_teardown_taskflow.py
[2024-01-29T20:18:26.681+0100] {logging_mixin.py:188} INFO - [2024-01-29T20:18:26.681+0100] {dag.py:3033} INFO - Sync 1 DAGs
[2024-01-29T20:18:26.703+0100] {logging_mixin.py:188} INFO - [2024-01-29T20:18:26.702+0100] {dag.py:3820} INFO - Setting next_dagrun for example_setup_teardown_taskflow to 2024-01-28T00:00:00+00:00, run_after=2024-01-29T00:00:00+00:00
[2024-01-29T20:18:26.734+0100] {processor.py:183} INFO - Processing /home/ubuntu/.local/lib/python3.10/site-packages/airflow/example_dags/example_setup_teardown_taskflow.py took 0.098 seconds
[2024-01-29T20:19:33.643+0100] {processor.py:161} INFO - Started process (PID=9620) to work on /home/ubuntu/.local/lib/python3.10/site-packages/airflow/example_dags/example_setup_teardown_taskflow.py
[2024-01-29T20:19:33.645+0100] {processor.py:830} INFO - Processing file /home/ubuntu/.local/lib/python3.10/site-packages/airflow/example_dags/example_setup_teardown_taskflow.py for tasks to queue
[2024-01-29T20:19:33.646+0100] {logging_mixin.py:188} INFO - [2024-01-29T20:19:33.645+0100] {dagbag.py:538} INFO - Filling up the DagBag from /home/ubuntu/.local/lib/python3.10/site-packages/airflow/example_dags/example_setup_teardown_taskflow.py
[2024-01-29T20:19:33.658+0100] {processor.py:840} INFO - DAG(s) 'example_setup_teardown_taskflow' retrieved from /home/ubuntu/.local/lib/python3.10/site-packages/airflow/example_dags/example_setup_teardown_taskflow.py
[2024-01-29T20:19:33.678+0100] {logging_mixin.py:188} INFO - [2024-01-29T20:19:33.677+0100] {dag.py:3033} INFO - Sync 1 DAGs
[2024-01-29T20:19:33.698+0100] {logging_mixin.py:188} INFO - [2024-01-29T20:19:33.698+0100] {dag.py:3820} INFO - Setting next_dagrun for example_setup_teardown_taskflow to 2024-01-28T00:00:00+00:00, run_after=2024-01-29T00:00:00+00:00
[2024-01-29T20:19:33.741+0100] {processor.py:183} INFO - Processing /home/ubuntu/.local/lib/python3.10/site-packages/airflow/example_dags/example_setup_teardown_taskflow.py took 0.102 seconds
[2024-01-29T20:20:34.224+0100] {processor.py:161} INFO - Started process (PID=9688) to work on /home/ubuntu/.local/lib/python3.10/site-packages/airflow/example_dags/example_setup_teardown_taskflow.py
[2024-01-29T20:20:34.227+0100] {processor.py:830} INFO - Processing file /home/ubuntu/.local/lib/python3.10/site-packages/airflow/example_dags/example_setup_teardown_taskflow.py for tasks to queue
[2024-01-29T20:20:34.233+0100] {logging_mixin.py:188} INFO - [2024-01-29T20:20:34.227+0100] {dagbag.py:538} INFO - Filling up the DagBag from /home/ubuntu/.local/lib/python3.10/site-packages/airflow/example_dags/example_setup_teardown_taskflow.py
[2024-01-29T20:20:34.248+0100] {processor.py:840} INFO - DAG(s) 'example_setup_teardown_taskflow' retrieved from /home/ubuntu/.local/lib/python3.10/site-packages/airflow/example_dags/example_setup_teardown_taskflow.py
[2024-01-29T20:20:34.267+0100] {logging_mixin.py:188} INFO - [2024-01-29T20:20:34.267+0100] {dag.py:3033} INFO - Sync 1 DAGs
[2024-01-29T20:20:34.289+0100] {logging_mixin.py:188} INFO - [2024-01-29T20:20:34.289+0100] {dag.py:3820} INFO - Setting next_dagrun for example_setup_teardown_taskflow to 2024-01-28T00:00:00+00:00, run_after=2024-01-29T00:00:00+00:00
[2024-01-29T20:20:34.336+0100] {processor.py:183} INFO - Processing /home/ubuntu/.local/lib/python3.10/site-packages/airflow/example_dags/example_setup_teardown_taskflow.py took 0.117 seconds
