[2024-01-29T19:53:45.732+0100] {processor.py:161} INFO - Started process (PID=7794) to work on /home/ubuntu/.local/lib/python3.10/site-packages/airflow/example_dags/tutorial.py
[2024-01-29T19:53:45.736+0100] {processor.py:830} INFO - Processing file /home/ubuntu/.local/lib/python3.10/site-packages/airflow/example_dags/tutorial.py for tasks to queue
[2024-01-29T19:53:45.738+0100] {logging_mixin.py:188} INFO - [2024-01-29T19:53:45.737+0100] {dagbag.py:538} INFO - Filling up the DagBag from /home/ubuntu/.local/lib/python3.10/site-packages/airflow/example_dags/tutorial.py
[2024-01-29T19:53:46.143+0100] {processor.py:840} INFO - DAG(s) 'tutorial' retrieved from /home/ubuntu/.local/lib/python3.10/site-packages/airflow/example_dags/tutorial.py
[2024-01-29T19:53:46.170+0100] {logging_mixin.py:188} INFO - [2024-01-29T19:53:46.169+0100] {dag.py:3033} INFO - Sync 1 DAGs
[2024-01-29T19:53:46.571+0100] {logging_mixin.py:188} INFO - [2024-01-29T19:53:46.570+0100] {dag.py:3820} INFO - Setting next_dagrun for tutorial to 2024-01-28T00:00:00+00:00, run_after=2024-01-29T00:00:00+00:00
[2024-01-29T19:53:46.644+0100] {processor.py:183} INFO - Processing /home/ubuntu/.local/lib/python3.10/site-packages/airflow/example_dags/tutorial.py took 0.975 seconds
[2024-01-29T19:55:13.379+0100] {processor.py:161} INFO - Started process (PID=7916) to work on /home/ubuntu/.local/lib/python3.10/site-packages/airflow/example_dags/tutorial.py
[2024-01-29T19:55:13.384+0100] {processor.py:830} INFO - Processing file /home/ubuntu/.local/lib/python3.10/site-packages/airflow/example_dags/tutorial.py for tasks to queue
[2024-01-29T19:55:13.384+0100] {logging_mixin.py:188} INFO - [2024-01-29T19:55:13.384+0100] {dagbag.py:538} INFO - Filling up the DagBag from /home/ubuntu/.local/lib/python3.10/site-packages/airflow/example_dags/tutorial.py
[2024-01-29T19:55:13.392+0100] {processor.py:840} INFO - DAG(s) 'tutorial' retrieved from /home/ubuntu/.local/lib/python3.10/site-packages/airflow/example_dags/tutorial.py
[2024-01-29T19:55:13.798+0100] {logging_mixin.py:188} INFO - [2024-01-29T19:55:13.798+0100] {dag.py:3033} INFO - Sync 1 DAGs
[2024-01-29T19:55:13.814+0100] {logging_mixin.py:188} INFO - [2024-01-29T19:55:13.813+0100] {dag.py:3820} INFO - Setting next_dagrun for tutorial to 2024-01-28T00:00:00+00:00, run_after=2024-01-29T00:00:00+00:00
[2024-01-29T19:55:13.848+0100] {processor.py:183} INFO - Processing /home/ubuntu/.local/lib/python3.10/site-packages/airflow/example_dags/tutorial.py took 0.472 seconds
[2024-01-29T19:55:51.473+0100] {processor.py:161} INFO - Started process (PID=7957) to work on /home/ubuntu/.local/lib/python3.10/site-packages/airflow/example_dags/tutorial.py
[2024-01-29T19:55:51.476+0100] {processor.py:830} INFO - Processing file /home/ubuntu/.local/lib/python3.10/site-packages/airflow/example_dags/tutorial.py for tasks to queue
[2024-01-29T19:55:51.478+0100] {logging_mixin.py:188} INFO - [2024-01-29T19:55:51.477+0100] {dagbag.py:538} INFO - Filling up the DagBag from /home/ubuntu/.local/lib/python3.10/site-packages/airflow/example_dags/tutorial.py
[2024-01-29T19:55:51.516+0100] {processor.py:840} INFO - DAG(s) 'tutorial' retrieved from /home/ubuntu/.local/lib/python3.10/site-packages/airflow/example_dags/tutorial.py
[2024-01-29T19:55:51.602+0100] {logging_mixin.py:188} INFO - [2024-01-29T19:55:51.601+0100] {dag.py:3033} INFO - Sync 1 DAGs
[2024-01-29T19:55:51.712+0100] {logging_mixin.py:188} INFO - [2024-01-29T19:55:51.712+0100] {dag.py:3820} INFO - Setting next_dagrun for tutorial to 2024-01-28T00:00:00+00:00, run_after=2024-01-29T00:00:00+00:00
[2024-01-29T19:55:52.130+0100] {processor.py:183} INFO - Processing /home/ubuntu/.local/lib/python3.10/site-packages/airflow/example_dags/tutorial.py took 0.679 seconds
[2024-01-29T19:56:35.234+0100] {processor.py:161} INFO - Started process (PID=7993) to work on /home/ubuntu/.local/lib/python3.10/site-packages/airflow/example_dags/tutorial.py
[2024-01-29T19:56:35.236+0100] {processor.py:830} INFO - Processing file /home/ubuntu/.local/lib/python3.10/site-packages/airflow/example_dags/tutorial.py for tasks to queue
[2024-01-29T19:56:35.238+0100] {logging_mixin.py:188} INFO - [2024-01-29T19:56:35.237+0100] {dagbag.py:538} INFO - Filling up the DagBag from /home/ubuntu/.local/lib/python3.10/site-packages/airflow/example_dags/tutorial.py
[2024-01-29T19:56:35.255+0100] {processor.py:840} INFO - DAG(s) 'tutorial' retrieved from /home/ubuntu/.local/lib/python3.10/site-packages/airflow/example_dags/tutorial.py
[2024-01-29T19:56:35.340+0100] {logging_mixin.py:188} INFO - [2024-01-29T19:56:35.340+0100] {dag.py:3033} INFO - Sync 1 DAGs
[2024-01-29T19:56:35.368+0100] {logging_mixin.py:188} INFO - [2024-01-29T19:56:35.367+0100] {dag.py:3820} INFO - Setting next_dagrun for tutorial to 2024-01-28T00:00:00+00:00, run_after=2024-01-29T00:00:00+00:00
[2024-01-29T19:56:35.399+0100] {processor.py:183} INFO - Processing /home/ubuntu/.local/lib/python3.10/site-packages/airflow/example_dags/tutorial.py took 0.172 seconds
[2024-01-29T19:57:18.427+0100] {processor.py:161} INFO - Started process (PID=8037) to work on /home/ubuntu/.local/lib/python3.10/site-packages/airflow/example_dags/tutorial.py
[2024-01-29T19:57:18.431+0100] {processor.py:830} INFO - Processing file /home/ubuntu/.local/lib/python3.10/site-packages/airflow/example_dags/tutorial.py for tasks to queue
[2024-01-29T19:57:18.432+0100] {logging_mixin.py:188} INFO - [2024-01-29T19:57:18.432+0100] {dagbag.py:538} INFO - Filling up the DagBag from /home/ubuntu/.local/lib/python3.10/site-packages/airflow/example_dags/tutorial.py
[2024-01-29T19:57:18.443+0100] {processor.py:840} INFO - DAG(s) 'tutorial' retrieved from /home/ubuntu/.local/lib/python3.10/site-packages/airflow/example_dags/tutorial.py
[2024-01-29T19:57:18.459+0100] {logging_mixin.py:188} INFO - [2024-01-29T19:57:18.459+0100] {dag.py:3033} INFO - Sync 1 DAGs
[2024-01-29T19:57:18.486+0100] {logging_mixin.py:188} INFO - [2024-01-29T19:57:18.485+0100] {dag.py:3820} INFO - Setting next_dagrun for tutorial to 2024-01-28T00:00:00+00:00, run_after=2024-01-29T00:00:00+00:00
[2024-01-29T19:57:18.626+0100] {processor.py:183} INFO - Processing /home/ubuntu/.local/lib/python3.10/site-packages/airflow/example_dags/tutorial.py took 0.202 seconds
[2024-01-29T19:58:10.956+0100] {processor.py:161} INFO - Started process (PID=8097) to work on /home/ubuntu/.local/lib/python3.10/site-packages/airflow/example_dags/tutorial.py
[2024-01-29T19:58:10.958+0100] {processor.py:830} INFO - Processing file /home/ubuntu/.local/lib/python3.10/site-packages/airflow/example_dags/tutorial.py for tasks to queue
[2024-01-29T19:58:10.959+0100] {logging_mixin.py:188} INFO - [2024-01-29T19:58:10.959+0100] {dagbag.py:538} INFO - Filling up the DagBag from /home/ubuntu/.local/lib/python3.10/site-packages/airflow/example_dags/tutorial.py
[2024-01-29T19:58:10.967+0100] {processor.py:840} INFO - DAG(s) 'tutorial' retrieved from /home/ubuntu/.local/lib/python3.10/site-packages/airflow/example_dags/tutorial.py
[2024-01-29T19:58:10.983+0100] {logging_mixin.py:188} INFO - [2024-01-29T19:58:10.983+0100] {dag.py:3033} INFO - Sync 1 DAGs
[2024-01-29T19:58:11.003+0100] {logging_mixin.py:188} INFO - [2024-01-29T19:58:11.003+0100] {dag.py:3820} INFO - Setting next_dagrun for tutorial to 2024-01-28T00:00:00+00:00, run_after=2024-01-29T00:00:00+00:00
[2024-01-29T19:58:11.036+0100] {processor.py:183} INFO - Processing /home/ubuntu/.local/lib/python3.10/site-packages/airflow/example_dags/tutorial.py took 0.083 seconds
[2024-01-29T19:58:56.474+0100] {processor.py:161} INFO - Started process (PID=8150) to work on /home/ubuntu/.local/lib/python3.10/site-packages/airflow/example_dags/tutorial.py
[2024-01-29T19:58:56.476+0100] {processor.py:830} INFO - Processing file /home/ubuntu/.local/lib/python3.10/site-packages/airflow/example_dags/tutorial.py for tasks to queue
[2024-01-29T19:58:56.477+0100] {logging_mixin.py:188} INFO - [2024-01-29T19:58:56.477+0100] {dagbag.py:538} INFO - Filling up the DagBag from /home/ubuntu/.local/lib/python3.10/site-packages/airflow/example_dags/tutorial.py
[2024-01-29T19:58:56.486+0100] {processor.py:840} INFO - DAG(s) 'tutorial' retrieved from /home/ubuntu/.local/lib/python3.10/site-packages/airflow/example_dags/tutorial.py
[2024-01-29T19:58:56.501+0100] {logging_mixin.py:188} INFO - [2024-01-29T19:58:56.501+0100] {dag.py:3033} INFO - Sync 1 DAGs
[2024-01-29T19:58:56.518+0100] {logging_mixin.py:188} INFO - [2024-01-29T19:58:56.518+0100] {dag.py:3820} INFO - Setting next_dagrun for tutorial to 2024-01-28T00:00:00+00:00, run_after=2024-01-29T00:00:00+00:00
[2024-01-29T19:58:56.570+0100] {processor.py:183} INFO - Processing /home/ubuntu/.local/lib/python3.10/site-packages/airflow/example_dags/tutorial.py took 0.099 seconds
[2024-01-29T19:59:39.533+0100] {processor.py:161} INFO - Started process (PID=8205) to work on /home/ubuntu/.local/lib/python3.10/site-packages/airflow/example_dags/tutorial.py
[2024-01-29T19:59:39.535+0100] {processor.py:830} INFO - Processing file /home/ubuntu/.local/lib/python3.10/site-packages/airflow/example_dags/tutorial.py for tasks to queue
[2024-01-29T19:59:39.536+0100] {logging_mixin.py:188} INFO - [2024-01-29T19:59:39.536+0100] {dagbag.py:538} INFO - Filling up the DagBag from /home/ubuntu/.local/lib/python3.10/site-packages/airflow/example_dags/tutorial.py
[2024-01-29T19:59:39.545+0100] {processor.py:840} INFO - DAG(s) 'tutorial' retrieved from /home/ubuntu/.local/lib/python3.10/site-packages/airflow/example_dags/tutorial.py
[2024-01-29T19:59:39.567+0100] {logging_mixin.py:188} INFO - [2024-01-29T19:59:39.566+0100] {dag.py:3033} INFO - Sync 1 DAGs
[2024-01-29T19:59:39.600+0100] {logging_mixin.py:188} INFO - [2024-01-29T19:59:39.600+0100] {dag.py:3820} INFO - Setting next_dagrun for tutorial to 2024-01-28T00:00:00+00:00, run_after=2024-01-29T00:00:00+00:00
[2024-01-29T19:59:39.668+0100] {processor.py:183} INFO - Processing /home/ubuntu/.local/lib/python3.10/site-packages/airflow/example_dags/tutorial.py took 0.139 seconds
[2024-01-29T20:00:22.211+0100] {processor.py:161} INFO - Started process (PID=8240) to work on /home/ubuntu/.local/lib/python3.10/site-packages/airflow/example_dags/tutorial.py
[2024-01-29T20:00:22.235+0100] {processor.py:830} INFO - Processing file /home/ubuntu/.local/lib/python3.10/site-packages/airflow/example_dags/tutorial.py for tasks to queue
[2024-01-29T20:00:22.247+0100] {logging_mixin.py:188} INFO - [2024-01-29T20:00:22.236+0100] {dagbag.py:538} INFO - Filling up the DagBag from /home/ubuntu/.local/lib/python3.10/site-packages/airflow/example_dags/tutorial.py
[2024-01-29T20:00:22.287+0100] {processor.py:840} INFO - DAG(s) 'tutorial' retrieved from /home/ubuntu/.local/lib/python3.10/site-packages/airflow/example_dags/tutorial.py
[2024-01-29T20:00:22.371+0100] {logging_mixin.py:188} INFO - [2024-01-29T20:00:22.367+0100] {dag.py:3033} INFO - Sync 1 DAGs
[2024-01-29T20:00:22.443+0100] {logging_mixin.py:188} INFO - [2024-01-29T20:00:22.442+0100] {dag.py:3820} INFO - Setting next_dagrun for tutorial to 2024-01-28T00:00:00+00:00, run_after=2024-01-29T00:00:00+00:00
[2024-01-29T20:00:22.743+0100] {processor.py:183} INFO - Processing /home/ubuntu/.local/lib/python3.10/site-packages/airflow/example_dags/tutorial.py took 0.552 seconds
[2024-01-29T20:01:04.761+0100] {processor.py:161} INFO - Started process (PID=8282) to work on /home/ubuntu/.local/lib/python3.10/site-packages/airflow/example_dags/tutorial.py
[2024-01-29T20:01:04.764+0100] {processor.py:830} INFO - Processing file /home/ubuntu/.local/lib/python3.10/site-packages/airflow/example_dags/tutorial.py for tasks to queue
[2024-01-29T20:01:04.765+0100] {logging_mixin.py:188} INFO - [2024-01-29T20:01:04.765+0100] {dagbag.py:538} INFO - Filling up the DagBag from /home/ubuntu/.local/lib/python3.10/site-packages/airflow/example_dags/tutorial.py
[2024-01-29T20:01:04.773+0100] {processor.py:840} INFO - DAG(s) 'tutorial' retrieved from /home/ubuntu/.local/lib/python3.10/site-packages/airflow/example_dags/tutorial.py
[2024-01-29T20:01:04.789+0100] {logging_mixin.py:188} INFO - [2024-01-29T20:01:04.789+0100] {dag.py:3033} INFO - Sync 1 DAGs
[2024-01-29T20:01:04.809+0100] {logging_mixin.py:188} INFO - [2024-01-29T20:01:04.809+0100] {dag.py:3820} INFO - Setting next_dagrun for tutorial to 2024-01-28T00:00:00+00:00, run_after=2024-01-29T00:00:00+00:00
[2024-01-29T20:01:04.844+0100] {processor.py:183} INFO - Processing /home/ubuntu/.local/lib/python3.10/site-packages/airflow/example_dags/tutorial.py took 0.086 seconds
[2024-01-29T20:01:52.520+0100] {processor.py:161} INFO - Started process (PID=8337) to work on /home/ubuntu/.local/lib/python3.10/site-packages/airflow/example_dags/tutorial.py
[2024-01-29T20:01:52.525+0100] {processor.py:830} INFO - Processing file /home/ubuntu/.local/lib/python3.10/site-packages/airflow/example_dags/tutorial.py for tasks to queue
[2024-01-29T20:01:52.526+0100] {logging_mixin.py:188} INFO - [2024-01-29T20:01:52.526+0100] {dagbag.py:538} INFO - Filling up the DagBag from /home/ubuntu/.local/lib/python3.10/site-packages/airflow/example_dags/tutorial.py
[2024-01-29T20:01:52.535+0100] {processor.py:840} INFO - DAG(s) 'tutorial' retrieved from /home/ubuntu/.local/lib/python3.10/site-packages/airflow/example_dags/tutorial.py
[2024-01-29T20:01:52.555+0100] {logging_mixin.py:188} INFO - [2024-01-29T20:01:52.554+0100] {dag.py:3033} INFO - Sync 1 DAGs
[2024-01-29T20:01:52.575+0100] {logging_mixin.py:188} INFO - [2024-01-29T20:01:52.574+0100] {dag.py:3820} INFO - Setting next_dagrun for tutorial to 2024-01-28T00:00:00+00:00, run_after=2024-01-29T00:00:00+00:00
[2024-01-29T20:01:52.605+0100] {processor.py:183} INFO - Processing /home/ubuntu/.local/lib/python3.10/site-packages/airflow/example_dags/tutorial.py took 0.088 seconds
[2024-01-29T20:02:45.152+0100] {processor.py:161} INFO - Started process (PID=8430) to work on /home/ubuntu/.local/lib/python3.10/site-packages/airflow/example_dags/tutorial.py
[2024-01-29T20:02:45.162+0100] {processor.py:830} INFO - Processing file /home/ubuntu/.local/lib/python3.10/site-packages/airflow/example_dags/tutorial.py for tasks to queue
[2024-01-29T20:02:45.173+0100] {logging_mixin.py:188} INFO - [2024-01-29T20:02:45.172+0100] {dagbag.py:538} INFO - Filling up the DagBag from /home/ubuntu/.local/lib/python3.10/site-packages/airflow/example_dags/tutorial.py
[2024-01-29T20:02:45.338+0100] {processor.py:840} INFO - DAG(s) 'tutorial' retrieved from /home/ubuntu/.local/lib/python3.10/site-packages/airflow/example_dags/tutorial.py
[2024-01-29T20:02:45.700+0100] {logging_mixin.py:188} INFO - [2024-01-29T20:02:45.699+0100] {dag.py:3033} INFO - Sync 1 DAGs
[2024-01-29T20:02:45.890+0100] {logging_mixin.py:188} INFO - [2024-01-29T20:02:45.890+0100] {dag.py:3820} INFO - Setting next_dagrun for tutorial to 2024-01-28T00:00:00+00:00, run_after=2024-01-29T00:00:00+00:00
[2024-01-29T20:02:46.247+0100] {processor.py:183} INFO - Processing /home/ubuntu/.local/lib/python3.10/site-packages/airflow/example_dags/tutorial.py took 1.212 seconds
[2024-01-29T20:03:39.792+0100] {processor.py:161} INFO - Started process (PID=8489) to work on /home/ubuntu/.local/lib/python3.10/site-packages/airflow/example_dags/tutorial.py
[2024-01-29T20:03:39.794+0100] {processor.py:830} INFO - Processing file /home/ubuntu/.local/lib/python3.10/site-packages/airflow/example_dags/tutorial.py for tasks to queue
[2024-01-29T20:03:39.795+0100] {logging_mixin.py:188} INFO - [2024-01-29T20:03:39.794+0100] {dagbag.py:538} INFO - Filling up the DagBag from /home/ubuntu/.local/lib/python3.10/site-packages/airflow/example_dags/tutorial.py
[2024-01-29T20:03:39.802+0100] {processor.py:840} INFO - DAG(s) 'tutorial' retrieved from /home/ubuntu/.local/lib/python3.10/site-packages/airflow/example_dags/tutorial.py
[2024-01-29T20:03:39.820+0100] {logging_mixin.py:188} INFO - [2024-01-29T20:03:39.820+0100] {dag.py:3033} INFO - Sync 1 DAGs
[2024-01-29T20:03:39.840+0100] {logging_mixin.py:188} INFO - [2024-01-29T20:03:39.839+0100] {dag.py:3820} INFO - Setting next_dagrun for tutorial to 2024-01-28T00:00:00+00:00, run_after=2024-01-29T00:00:00+00:00
[2024-01-29T20:03:39.875+0100] {processor.py:183} INFO - Processing /home/ubuntu/.local/lib/python3.10/site-packages/airflow/example_dags/tutorial.py took 0.088 seconds
[2024-01-29T20:04:23.465+0100] {processor.py:161} INFO - Started process (PID=8542) to work on /home/ubuntu/.local/lib/python3.10/site-packages/airflow/example_dags/tutorial.py
[2024-01-29T20:04:23.467+0100] {processor.py:830} INFO - Processing file /home/ubuntu/.local/lib/python3.10/site-packages/airflow/example_dags/tutorial.py for tasks to queue
[2024-01-29T20:04:23.469+0100] {logging_mixin.py:188} INFO - [2024-01-29T20:04:23.468+0100] {dagbag.py:538} INFO - Filling up the DagBag from /home/ubuntu/.local/lib/python3.10/site-packages/airflow/example_dags/tutorial.py
[2024-01-29T20:04:23.488+0100] {processor.py:840} INFO - DAG(s) 'tutorial' retrieved from /home/ubuntu/.local/lib/python3.10/site-packages/airflow/example_dags/tutorial.py
[2024-01-29T20:04:23.521+0100] {logging_mixin.py:188} INFO - [2024-01-29T20:04:23.521+0100] {dag.py:3033} INFO - Sync 1 DAGs
[2024-01-29T20:04:23.545+0100] {logging_mixin.py:188} INFO - [2024-01-29T20:04:23.544+0100] {dag.py:3820} INFO - Setting next_dagrun for tutorial to 2024-01-28T00:00:00+00:00, run_after=2024-01-29T00:00:00+00:00
[2024-01-29T20:04:23.578+0100] {processor.py:183} INFO - Processing /home/ubuntu/.local/lib/python3.10/site-packages/airflow/example_dags/tutorial.py took 0.118 seconds
[2024-01-29T20:05:33.173+0100] {processor.py:161} INFO - Started process (PID=8614) to work on /home/ubuntu/.local/lib/python3.10/site-packages/airflow/example_dags/tutorial.py
[2024-01-29T20:05:33.175+0100] {processor.py:830} INFO - Processing file /home/ubuntu/.local/lib/python3.10/site-packages/airflow/example_dags/tutorial.py for tasks to queue
[2024-01-29T20:05:33.176+0100] {logging_mixin.py:188} INFO - [2024-01-29T20:05:33.176+0100] {dagbag.py:538} INFO - Filling up the DagBag from /home/ubuntu/.local/lib/python3.10/site-packages/airflow/example_dags/tutorial.py
[2024-01-29T20:05:33.188+0100] {processor.py:840} INFO - DAG(s) 'tutorial' retrieved from /home/ubuntu/.local/lib/python3.10/site-packages/airflow/example_dags/tutorial.py
[2024-01-29T20:05:33.215+0100] {logging_mixin.py:188} INFO - [2024-01-29T20:05:33.215+0100] {dag.py:3033} INFO - Sync 1 DAGs
[2024-01-29T20:05:33.247+0100] {logging_mixin.py:188} INFO - [2024-01-29T20:05:33.247+0100] {dag.py:3820} INFO - Setting next_dagrun for tutorial to 2024-01-28T00:00:00+00:00, run_after=2024-01-29T00:00:00+00:00
[2024-01-29T20:05:33.295+0100] {processor.py:183} INFO - Processing /home/ubuntu/.local/lib/python3.10/site-packages/airflow/example_dags/tutorial.py took 0.126 seconds
[2024-01-29T20:06:08.690+0100] {processor.py:161} INFO - Started process (PID=8657) to work on /home/ubuntu/.local/lib/python3.10/site-packages/airflow/example_dags/tutorial.py
[2024-01-29T20:06:08.713+0100] {processor.py:830} INFO - Processing file /home/ubuntu/.local/lib/python3.10/site-packages/airflow/example_dags/tutorial.py for tasks to queue
[2024-01-29T20:06:08.716+0100] {logging_mixin.py:188} INFO - [2024-01-29T20:06:08.714+0100] {dagbag.py:538} INFO - Filling up the DagBag from /home/ubuntu/.local/lib/python3.10/site-packages/airflow/example_dags/tutorial.py
[2024-01-29T20:06:08.749+0100] {processor.py:840} INFO - DAG(s) 'tutorial' retrieved from /home/ubuntu/.local/lib/python3.10/site-packages/airflow/example_dags/tutorial.py
[2024-01-29T20:06:08.853+0100] {logging_mixin.py:188} INFO - [2024-01-29T20:06:08.852+0100] {dag.py:3033} INFO - Sync 1 DAGs
[2024-01-29T20:06:09.043+0100] {logging_mixin.py:188} INFO - [2024-01-29T20:06:09.043+0100] {dag.py:3820} INFO - Setting next_dagrun for tutorial to 2024-01-28T00:00:00+00:00, run_after=2024-01-29T00:00:00+00:00
[2024-01-29T20:06:09.406+0100] {processor.py:183} INFO - Processing /home/ubuntu/.local/lib/python3.10/site-packages/airflow/example_dags/tutorial.py took 0.755 seconds
[2024-01-29T20:06:52.158+0100] {processor.py:161} INFO - Started process (PID=8691) to work on /home/ubuntu/.local/lib/python3.10/site-packages/airflow/example_dags/tutorial.py
[2024-01-29T20:06:52.161+0100] {processor.py:830} INFO - Processing file /home/ubuntu/.local/lib/python3.10/site-packages/airflow/example_dags/tutorial.py for tasks to queue
[2024-01-29T20:06:52.162+0100] {logging_mixin.py:188} INFO - [2024-01-29T20:06:52.161+0100] {dagbag.py:538} INFO - Filling up the DagBag from /home/ubuntu/.local/lib/python3.10/site-packages/airflow/example_dags/tutorial.py
[2024-01-29T20:06:52.186+0100] {processor.py:840} INFO - DAG(s) 'tutorial' retrieved from /home/ubuntu/.local/lib/python3.10/site-packages/airflow/example_dags/tutorial.py
[2024-01-29T20:06:52.265+0100] {logging_mixin.py:188} INFO - [2024-01-29T20:06:52.264+0100] {dag.py:3033} INFO - Sync 1 DAGs
[2024-01-29T20:06:52.305+0100] {logging_mixin.py:188} INFO - [2024-01-29T20:06:52.305+0100] {dag.py:3820} INFO - Setting next_dagrun for tutorial to 2024-01-28T00:00:00+00:00, run_after=2024-01-29T00:00:00+00:00
[2024-01-29T20:06:52.340+0100] {processor.py:183} INFO - Processing /home/ubuntu/.local/lib/python3.10/site-packages/airflow/example_dags/tutorial.py took 0.187 seconds
[2024-01-29T20:07:30.093+0100] {processor.py:161} INFO - Started process (PID=8737) to work on /home/ubuntu/.local/lib/python3.10/site-packages/airflow/example_dags/tutorial.py
[2024-01-29T20:07:30.096+0100] {processor.py:830} INFO - Processing file /home/ubuntu/.local/lib/python3.10/site-packages/airflow/example_dags/tutorial.py for tasks to queue
[2024-01-29T20:07:30.099+0100] {logging_mixin.py:188} INFO - [2024-01-29T20:07:30.098+0100] {dagbag.py:538} INFO - Filling up the DagBag from /home/ubuntu/.local/lib/python3.10/site-packages/airflow/example_dags/tutorial.py
[2024-01-29T20:07:30.109+0100] {processor.py:840} INFO - DAG(s) 'tutorial' retrieved from /home/ubuntu/.local/lib/python3.10/site-packages/airflow/example_dags/tutorial.py
[2024-01-29T20:07:30.140+0100] {logging_mixin.py:188} INFO - [2024-01-29T20:07:30.139+0100] {dag.py:3033} INFO - Sync 1 DAGs
[2024-01-29T20:07:30.195+0100] {logging_mixin.py:188} INFO - [2024-01-29T20:07:30.194+0100] {dag.py:3820} INFO - Setting next_dagrun for tutorial to 2024-01-28T00:00:00+00:00, run_after=2024-01-29T00:00:00+00:00
[2024-01-29T20:07:30.252+0100] {processor.py:183} INFO - Processing /home/ubuntu/.local/lib/python3.10/site-packages/airflow/example_dags/tutorial.py took 0.163 seconds
[2024-01-29T20:08:27.387+0100] {processor.py:161} INFO - Started process (PID=8799) to work on /home/ubuntu/.local/lib/python3.10/site-packages/airflow/example_dags/tutorial.py
[2024-01-29T20:08:27.388+0100] {processor.py:830} INFO - Processing file /home/ubuntu/.local/lib/python3.10/site-packages/airflow/example_dags/tutorial.py for tasks to queue
[2024-01-29T20:08:27.389+0100] {logging_mixin.py:188} INFO - [2024-01-29T20:08:27.389+0100] {dagbag.py:538} INFO - Filling up the DagBag from /home/ubuntu/.local/lib/python3.10/site-packages/airflow/example_dags/tutorial.py
[2024-01-29T20:08:27.397+0100] {processor.py:840} INFO - DAG(s) 'tutorial' retrieved from /home/ubuntu/.local/lib/python3.10/site-packages/airflow/example_dags/tutorial.py
[2024-01-29T20:08:27.415+0100] {logging_mixin.py:188} INFO - [2024-01-29T20:08:27.414+0100] {dag.py:3033} INFO - Sync 1 DAGs
[2024-01-29T20:08:27.434+0100] {logging_mixin.py:188} INFO - [2024-01-29T20:08:27.434+0100] {dag.py:3820} INFO - Setting next_dagrun for tutorial to 2024-01-28T00:00:00+00:00, run_after=2024-01-29T00:00:00+00:00
[2024-01-29T20:08:27.464+0100] {processor.py:183} INFO - Processing /home/ubuntu/.local/lib/python3.10/site-packages/airflow/example_dags/tutorial.py took 0.082 seconds
[2024-01-29T20:09:08.797+0100] {processor.py:161} INFO - Started process (PID=8853) to work on /home/ubuntu/.local/lib/python3.10/site-packages/airflow/example_dags/tutorial.py
[2024-01-29T20:09:08.799+0100] {processor.py:830} INFO - Processing file /home/ubuntu/.local/lib/python3.10/site-packages/airflow/example_dags/tutorial.py for tasks to queue
[2024-01-29T20:09:08.800+0100] {logging_mixin.py:188} INFO - [2024-01-29T20:09:08.800+0100] {dagbag.py:538} INFO - Filling up the DagBag from /home/ubuntu/.local/lib/python3.10/site-packages/airflow/example_dags/tutorial.py
[2024-01-29T20:09:08.813+0100] {processor.py:840} INFO - DAG(s) 'tutorial' retrieved from /home/ubuntu/.local/lib/python3.10/site-packages/airflow/example_dags/tutorial.py
[2024-01-29T20:09:08.839+0100] {logging_mixin.py:188} INFO - [2024-01-29T20:09:08.839+0100] {dag.py:3033} INFO - Sync 1 DAGs
[2024-01-29T20:09:08.861+0100] {logging_mixin.py:188} INFO - [2024-01-29T20:09:08.861+0100] {dag.py:3820} INFO - Setting next_dagrun for tutorial to 2024-01-28T00:00:00+00:00, run_after=2024-01-29T00:00:00+00:00
[2024-01-29T20:09:08.910+0100] {processor.py:183} INFO - Processing /home/ubuntu/.local/lib/python3.10/site-packages/airflow/example_dags/tutorial.py took 0.119 seconds
[2024-01-29T20:09:55.959+0100] {processor.py:161} INFO - Started process (PID=8913) to work on /home/ubuntu/.local/lib/python3.10/site-packages/airflow/example_dags/tutorial.py
[2024-01-29T20:09:55.964+0100] {processor.py:830} INFO - Processing file /home/ubuntu/.local/lib/python3.10/site-packages/airflow/example_dags/tutorial.py for tasks to queue
[2024-01-29T20:09:55.966+0100] {logging_mixin.py:188} INFO - [2024-01-29T20:09:55.965+0100] {dagbag.py:538} INFO - Filling up the DagBag from /home/ubuntu/.local/lib/python3.10/site-packages/airflow/example_dags/tutorial.py
[2024-01-29T20:09:56.002+0100] {processor.py:840} INFO - DAG(s) 'tutorial' retrieved from /home/ubuntu/.local/lib/python3.10/site-packages/airflow/example_dags/tutorial.py
[2024-01-29T20:09:56.052+0100] {logging_mixin.py:188} INFO - [2024-01-29T20:09:56.052+0100] {dag.py:3033} INFO - Sync 1 DAGs
[2024-01-29T20:09:56.085+0100] {logging_mixin.py:188} INFO - [2024-01-29T20:09:56.084+0100] {dag.py:3820} INFO - Setting next_dagrun for tutorial to 2024-01-28T00:00:00+00:00, run_after=2024-01-29T00:00:00+00:00
[2024-01-29T20:09:56.117+0100] {processor.py:183} INFO - Processing /home/ubuntu/.local/lib/python3.10/site-packages/airflow/example_dags/tutorial.py took 0.164 seconds
[2024-01-29T20:10:45.431+0100] {processor.py:161} INFO - Started process (PID=8969) to work on /home/ubuntu/.local/lib/python3.10/site-packages/airflow/example_dags/tutorial.py
[2024-01-29T20:10:45.433+0100] {processor.py:830} INFO - Processing file /home/ubuntu/.local/lib/python3.10/site-packages/airflow/example_dags/tutorial.py for tasks to queue
[2024-01-29T20:10:45.434+0100] {logging_mixin.py:188} INFO - [2024-01-29T20:10:45.433+0100] {dagbag.py:538} INFO - Filling up the DagBag from /home/ubuntu/.local/lib/python3.10/site-packages/airflow/example_dags/tutorial.py
[2024-01-29T20:10:45.443+0100] {processor.py:840} INFO - DAG(s) 'tutorial' retrieved from /home/ubuntu/.local/lib/python3.10/site-packages/airflow/example_dags/tutorial.py
[2024-01-29T20:10:45.458+0100] {logging_mixin.py:188} INFO - [2024-01-29T20:10:45.458+0100] {dag.py:3033} INFO - Sync 1 DAGs
[2024-01-29T20:10:45.483+0100] {logging_mixin.py:188} INFO - [2024-01-29T20:10:45.483+0100] {dag.py:3820} INFO - Setting next_dagrun for tutorial to 2024-01-28T00:00:00+00:00, run_after=2024-01-29T00:00:00+00:00
[2024-01-29T20:10:45.514+0100] {processor.py:183} INFO - Processing /home/ubuntu/.local/lib/python3.10/site-packages/airflow/example_dags/tutorial.py took 0.087 seconds
[2024-01-29T20:11:37.573+0100] {processor.py:161} INFO - Started process (PID=9031) to work on /home/ubuntu/.local/lib/python3.10/site-packages/airflow/example_dags/tutorial.py
[2024-01-29T20:11:37.575+0100] {processor.py:830} INFO - Processing file /home/ubuntu/.local/lib/python3.10/site-packages/airflow/example_dags/tutorial.py for tasks to queue
[2024-01-29T20:11:37.576+0100] {logging_mixin.py:188} INFO - [2024-01-29T20:11:37.576+0100] {dagbag.py:538} INFO - Filling up the DagBag from /home/ubuntu/.local/lib/python3.10/site-packages/airflow/example_dags/tutorial.py
[2024-01-29T20:11:37.583+0100] {processor.py:840} INFO - DAG(s) 'tutorial' retrieved from /home/ubuntu/.local/lib/python3.10/site-packages/airflow/example_dags/tutorial.py
[2024-01-29T20:11:37.607+0100] {logging_mixin.py:188} INFO - [2024-01-29T20:11:37.607+0100] {dag.py:3033} INFO - Sync 1 DAGs
[2024-01-29T20:11:37.627+0100] {logging_mixin.py:188} INFO - [2024-01-29T20:11:37.626+0100] {dag.py:3820} INFO - Setting next_dagrun for tutorial to 2024-01-28T00:00:00+00:00, run_after=2024-01-29T00:00:00+00:00
[2024-01-29T20:11:37.656+0100] {processor.py:183} INFO - Processing /home/ubuntu/.local/lib/python3.10/site-packages/airflow/example_dags/tutorial.py took 0.087 seconds
[2024-01-29T20:12:34.691+0100] {processor.py:161} INFO - Started process (PID=9105) to work on /home/ubuntu/.local/lib/python3.10/site-packages/airflow/example_dags/tutorial.py
[2024-01-29T20:12:34.694+0100] {processor.py:830} INFO - Processing file /home/ubuntu/.local/lib/python3.10/site-packages/airflow/example_dags/tutorial.py for tasks to queue
[2024-01-29T20:12:34.695+0100] {logging_mixin.py:188} INFO - [2024-01-29T20:12:34.694+0100] {dagbag.py:538} INFO - Filling up the DagBag from /home/ubuntu/.local/lib/python3.10/site-packages/airflow/example_dags/tutorial.py
[2024-01-29T20:12:34.705+0100] {processor.py:840} INFO - DAG(s) 'tutorial' retrieved from /home/ubuntu/.local/lib/python3.10/site-packages/airflow/example_dags/tutorial.py
[2024-01-29T20:12:34.723+0100] {logging_mixin.py:188} INFO - [2024-01-29T20:12:34.723+0100] {dag.py:3033} INFO - Sync 1 DAGs
[2024-01-29T20:12:34.740+0100] {logging_mixin.py:188} INFO - [2024-01-29T20:12:34.740+0100] {dag.py:3820} INFO - Setting next_dagrun for tutorial to 2024-01-28T00:00:00+00:00, run_after=2024-01-29T00:00:00+00:00
[2024-01-29T20:12:34.772+0100] {processor.py:183} INFO - Processing /home/ubuntu/.local/lib/python3.10/site-packages/airflow/example_dags/tutorial.py took 0.084 seconds
[2024-01-29T20:13:16.581+0100] {processor.py:161} INFO - Started process (PID=9184) to work on /home/ubuntu/.local/lib/python3.10/site-packages/airflow/example_dags/tutorial.py
[2024-01-29T20:13:16.637+0100] {processor.py:830} INFO - Processing file /home/ubuntu/.local/lib/python3.10/site-packages/airflow/example_dags/tutorial.py for tasks to queue
[2024-01-29T20:13:16.638+0100] {logging_mixin.py:188} INFO - [2024-01-29T20:13:16.638+0100] {dagbag.py:538} INFO - Filling up the DagBag from /home/ubuntu/.local/lib/python3.10/site-packages/airflow/example_dags/tutorial.py
[2024-01-29T20:13:16.691+0100] {processor.py:840} INFO - DAG(s) 'tutorial' retrieved from /home/ubuntu/.local/lib/python3.10/site-packages/airflow/example_dags/tutorial.py
[2024-01-29T20:13:16.742+0100] {logging_mixin.py:188} INFO - [2024-01-29T20:13:16.742+0100] {dag.py:3033} INFO - Sync 1 DAGs
[2024-01-29T20:13:16.783+0100] {logging_mixin.py:188} INFO - [2024-01-29T20:13:16.782+0100] {dag.py:3820} INFO - Setting next_dagrun for tutorial to 2024-01-28T00:00:00+00:00, run_after=2024-01-29T00:00:00+00:00
[2024-01-29T20:13:16.939+0100] {processor.py:183} INFO - Processing /home/ubuntu/.local/lib/python3.10/site-packages/airflow/example_dags/tutorial.py took 0.365 seconds
[2024-01-29T20:14:07.282+0100] {processor.py:161} INFO - Started process (PID=9236) to work on /home/ubuntu/.local/lib/python3.10/site-packages/airflow/example_dags/tutorial.py
[2024-01-29T20:14:07.284+0100] {processor.py:830} INFO - Processing file /home/ubuntu/.local/lib/python3.10/site-packages/airflow/example_dags/tutorial.py for tasks to queue
[2024-01-29T20:14:07.285+0100] {logging_mixin.py:188} INFO - [2024-01-29T20:14:07.285+0100] {dagbag.py:538} INFO - Filling up the DagBag from /home/ubuntu/.local/lib/python3.10/site-packages/airflow/example_dags/tutorial.py
[2024-01-29T20:14:07.295+0100] {processor.py:840} INFO - DAG(s) 'tutorial' retrieved from /home/ubuntu/.local/lib/python3.10/site-packages/airflow/example_dags/tutorial.py
[2024-01-29T20:14:07.312+0100] {logging_mixin.py:188} INFO - [2024-01-29T20:14:07.311+0100] {dag.py:3033} INFO - Sync 1 DAGs
[2024-01-29T20:14:07.335+0100] {logging_mixin.py:188} INFO - [2024-01-29T20:14:07.334+0100] {dag.py:3820} INFO - Setting next_dagrun for tutorial to 2024-01-28T00:00:00+00:00, run_after=2024-01-29T00:00:00+00:00
[2024-01-29T20:14:07.394+0100] {processor.py:183} INFO - Processing /home/ubuntu/.local/lib/python3.10/site-packages/airflow/example_dags/tutorial.py took 0.117 seconds
[2024-01-29T20:14:40.470+0100] {processor.py:161} INFO - Started process (PID=9271) to work on /home/ubuntu/.local/lib/python3.10/site-packages/airflow/example_dags/tutorial.py
[2024-01-29T20:14:40.473+0100] {processor.py:830} INFO - Processing file /home/ubuntu/.local/lib/python3.10/site-packages/airflow/example_dags/tutorial.py for tasks to queue
[2024-01-29T20:14:40.474+0100] {logging_mixin.py:188} INFO - [2024-01-29T20:14:40.474+0100] {dagbag.py:538} INFO - Filling up the DagBag from /home/ubuntu/.local/lib/python3.10/site-packages/airflow/example_dags/tutorial.py
[2024-01-29T20:14:40.482+0100] {processor.py:840} INFO - DAG(s) 'tutorial' retrieved from /home/ubuntu/.local/lib/python3.10/site-packages/airflow/example_dags/tutorial.py
[2024-01-29T20:14:40.500+0100] {logging_mixin.py:188} INFO - [2024-01-29T20:14:40.500+0100] {dag.py:3033} INFO - Sync 1 DAGs
[2024-01-29T20:14:40.522+0100] {logging_mixin.py:188} INFO - [2024-01-29T20:14:40.522+0100] {dag.py:3820} INFO - Setting next_dagrun for tutorial to 2024-01-28T00:00:00+00:00, run_after=2024-01-29T00:00:00+00:00
[2024-01-29T20:14:40.554+0100] {processor.py:183} INFO - Processing /home/ubuntu/.local/lib/python3.10/site-packages/airflow/example_dags/tutorial.py took 0.087 seconds
[2024-01-29T20:15:25.482+0100] {processor.py:161} INFO - Started process (PID=9318) to work on /home/ubuntu/.local/lib/python3.10/site-packages/airflow/example_dags/tutorial.py
[2024-01-29T20:15:25.484+0100] {processor.py:830} INFO - Processing file /home/ubuntu/.local/lib/python3.10/site-packages/airflow/example_dags/tutorial.py for tasks to queue
[2024-01-29T20:15:25.485+0100] {logging_mixin.py:188} INFO - [2024-01-29T20:15:25.484+0100] {dagbag.py:538} INFO - Filling up the DagBag from /home/ubuntu/.local/lib/python3.10/site-packages/airflow/example_dags/tutorial.py
[2024-01-29T20:15:25.498+0100] {processor.py:840} INFO - DAG(s) 'tutorial' retrieved from /home/ubuntu/.local/lib/python3.10/site-packages/airflow/example_dags/tutorial.py
[2024-01-29T20:15:25.530+0100] {logging_mixin.py:188} INFO - [2024-01-29T20:15:25.529+0100] {dag.py:3033} INFO - Sync 1 DAGs
[2024-01-29T20:15:25.567+0100] {logging_mixin.py:188} INFO - [2024-01-29T20:15:25.567+0100] {dag.py:3820} INFO - Setting next_dagrun for tutorial to 2024-01-28T00:00:00+00:00, run_after=2024-01-29T00:00:00+00:00
[2024-01-29T20:15:25.613+0100] {processor.py:183} INFO - Processing /home/ubuntu/.local/lib/python3.10/site-packages/airflow/example_dags/tutorial.py took 0.135 seconds
[2024-01-29T20:16:10.677+0100] {processor.py:161} INFO - Started process (PID=9370) to work on /home/ubuntu/.local/lib/python3.10/site-packages/airflow/example_dags/tutorial.py
[2024-01-29T20:16:10.679+0100] {processor.py:830} INFO - Processing file /home/ubuntu/.local/lib/python3.10/site-packages/airflow/example_dags/tutorial.py for tasks to queue
[2024-01-29T20:16:10.679+0100] {logging_mixin.py:188} INFO - [2024-01-29T20:16:10.679+0100] {dagbag.py:538} INFO - Filling up the DagBag from /home/ubuntu/.local/lib/python3.10/site-packages/airflow/example_dags/tutorial.py
[2024-01-29T20:16:10.688+0100] {processor.py:840} INFO - DAG(s) 'tutorial' retrieved from /home/ubuntu/.local/lib/python3.10/site-packages/airflow/example_dags/tutorial.py
[2024-01-29T20:16:10.705+0100] {logging_mixin.py:188} INFO - [2024-01-29T20:16:10.704+0100] {dag.py:3033} INFO - Sync 1 DAGs
[2024-01-29T20:16:10.725+0100] {logging_mixin.py:188} INFO - [2024-01-29T20:16:10.725+0100] {dag.py:3820} INFO - Setting next_dagrun for tutorial to 2024-01-28T00:00:00+00:00, run_after=2024-01-29T00:00:00+00:00
[2024-01-29T20:16:10.762+0100] {processor.py:183} INFO - Processing /home/ubuntu/.local/lib/python3.10/site-packages/airflow/example_dags/tutorial.py took 0.089 seconds
[2024-01-29T20:16:58.145+0100] {processor.py:161} INFO - Started process (PID=9422) to work on /home/ubuntu/.local/lib/python3.10/site-packages/airflow/example_dags/tutorial.py
[2024-01-29T20:16:58.146+0100] {processor.py:830} INFO - Processing file /home/ubuntu/.local/lib/python3.10/site-packages/airflow/example_dags/tutorial.py for tasks to queue
[2024-01-29T20:16:58.147+0100] {logging_mixin.py:188} INFO - [2024-01-29T20:16:58.147+0100] {dagbag.py:538} INFO - Filling up the DagBag from /home/ubuntu/.local/lib/python3.10/site-packages/airflow/example_dags/tutorial.py
[2024-01-29T20:16:58.157+0100] {processor.py:840} INFO - DAG(s) 'tutorial' retrieved from /home/ubuntu/.local/lib/python3.10/site-packages/airflow/example_dags/tutorial.py
[2024-01-29T20:16:58.177+0100] {logging_mixin.py:188} INFO - [2024-01-29T20:16:58.177+0100] {dag.py:3033} INFO - Sync 1 DAGs
[2024-01-29T20:16:58.198+0100] {logging_mixin.py:188} INFO - [2024-01-29T20:16:58.198+0100] {dag.py:3820} INFO - Setting next_dagrun for tutorial to 2024-01-28T00:00:00+00:00, run_after=2024-01-29T00:00:00+00:00
[2024-01-29T20:16:58.233+0100] {processor.py:183} INFO - Processing /home/ubuntu/.local/lib/python3.10/site-packages/airflow/example_dags/tutorial.py took 0.092 seconds
[2024-01-29T20:17:47.722+0100] {processor.py:161} INFO - Started process (PID=9479) to work on /home/ubuntu/.local/lib/python3.10/site-packages/airflow/example_dags/tutorial.py
[2024-01-29T20:17:47.745+0100] {processor.py:830} INFO - Processing file /home/ubuntu/.local/lib/python3.10/site-packages/airflow/example_dags/tutorial.py for tasks to queue
[2024-01-29T20:17:47.754+0100] {logging_mixin.py:188} INFO - [2024-01-29T20:17:47.751+0100] {dagbag.py:538} INFO - Filling up the DagBag from /home/ubuntu/.local/lib/python3.10/site-packages/airflow/example_dags/tutorial.py
[2024-01-29T20:17:47.776+0100] {processor.py:840} INFO - DAG(s) 'tutorial' retrieved from /home/ubuntu/.local/lib/python3.10/site-packages/airflow/example_dags/tutorial.py
[2024-01-29T20:17:47.824+0100] {logging_mixin.py:188} INFO - [2024-01-29T20:17:47.824+0100] {dag.py:3033} INFO - Sync 1 DAGs
[2024-01-29T20:17:47.851+0100] {logging_mixin.py:188} INFO - [2024-01-29T20:17:47.851+0100] {dag.py:3820} INFO - Setting next_dagrun for tutorial to 2024-01-28T00:00:00+00:00, run_after=2024-01-29T00:00:00+00:00
[2024-01-29T20:17:47.882+0100] {processor.py:183} INFO - Processing /home/ubuntu/.local/lib/python3.10/site-packages/airflow/example_dags/tutorial.py took 0.174 seconds
[2024-01-29T20:18:31.393+0100] {processor.py:161} INFO - Started process (PID=9527) to work on /home/ubuntu/.local/lib/python3.10/site-packages/airflow/example_dags/tutorial.py
[2024-01-29T20:18:31.394+0100] {processor.py:830} INFO - Processing file /home/ubuntu/.local/lib/python3.10/site-packages/airflow/example_dags/tutorial.py for tasks to queue
[2024-01-29T20:18:31.395+0100] {logging_mixin.py:188} INFO - [2024-01-29T20:18:31.395+0100] {dagbag.py:538} INFO - Filling up the DagBag from /home/ubuntu/.local/lib/python3.10/site-packages/airflow/example_dags/tutorial.py
[2024-01-29T20:18:31.403+0100] {processor.py:840} INFO - DAG(s) 'tutorial' retrieved from /home/ubuntu/.local/lib/python3.10/site-packages/airflow/example_dags/tutorial.py
[2024-01-29T20:18:31.425+0100] {logging_mixin.py:188} INFO - [2024-01-29T20:18:31.425+0100] {dag.py:3033} INFO - Sync 1 DAGs
[2024-01-29T20:18:31.500+0100] {logging_mixin.py:188} INFO - [2024-01-29T20:18:31.500+0100] {dag.py:3820} INFO - Setting next_dagrun for tutorial to 2024-01-28T00:00:00+00:00, run_after=2024-01-29T00:00:00+00:00
[2024-01-29T20:18:31.528+0100] {processor.py:183} INFO - Processing /home/ubuntu/.local/lib/python3.10/site-packages/airflow/example_dags/tutorial.py took 0.139 seconds
[2024-01-29T20:19:15.320+0100] {processor.py:161} INFO - Started process (PID=9594) to work on /home/ubuntu/.local/lib/python3.10/site-packages/airflow/example_dags/tutorial.py
[2024-01-29T20:19:15.323+0100] {processor.py:830} INFO - Processing file /home/ubuntu/.local/lib/python3.10/site-packages/airflow/example_dags/tutorial.py for tasks to queue
[2024-01-29T20:19:15.324+0100] {logging_mixin.py:188} INFO - [2024-01-29T20:19:15.323+0100] {dagbag.py:538} INFO - Filling up the DagBag from /home/ubuntu/.local/lib/python3.10/site-packages/airflow/example_dags/tutorial.py
[2024-01-29T20:19:15.335+0100] {processor.py:840} INFO - DAG(s) 'tutorial' retrieved from /home/ubuntu/.local/lib/python3.10/site-packages/airflow/example_dags/tutorial.py
[2024-01-29T20:19:15.352+0100] {logging_mixin.py:188} INFO - [2024-01-29T20:19:15.351+0100] {dag.py:3033} INFO - Sync 1 DAGs
[2024-01-29T20:19:15.378+0100] {logging_mixin.py:188} INFO - [2024-01-29T20:19:15.378+0100] {dag.py:3820} INFO - Setting next_dagrun for tutorial to 2024-01-28T00:00:00+00:00, run_after=2024-01-29T00:00:00+00:00
[2024-01-29T20:19:15.407+0100] {processor.py:183} INFO - Processing /home/ubuntu/.local/lib/python3.10/site-packages/airflow/example_dags/tutorial.py took 0.091 seconds
[2024-01-29T20:20:00.160+0100] {processor.py:161} INFO - Started process (PID=9648) to work on /home/ubuntu/.local/lib/python3.10/site-packages/airflow/example_dags/tutorial.py
[2024-01-29T20:20:00.163+0100] {processor.py:830} INFO - Processing file /home/ubuntu/.local/lib/python3.10/site-packages/airflow/example_dags/tutorial.py for tasks to queue
[2024-01-29T20:20:00.164+0100] {logging_mixin.py:188} INFO - [2024-01-29T20:20:00.164+0100] {dagbag.py:538} INFO - Filling up the DagBag from /home/ubuntu/.local/lib/python3.10/site-packages/airflow/example_dags/tutorial.py
[2024-01-29T20:20:00.172+0100] {processor.py:840} INFO - DAG(s) 'tutorial' retrieved from /home/ubuntu/.local/lib/python3.10/site-packages/airflow/example_dags/tutorial.py
[2024-01-29T20:20:00.189+0100] {logging_mixin.py:188} INFO - [2024-01-29T20:20:00.189+0100] {dag.py:3033} INFO - Sync 1 DAGs
[2024-01-29T20:20:00.208+0100] {logging_mixin.py:188} INFO - [2024-01-29T20:20:00.208+0100] {dag.py:3820} INFO - Setting next_dagrun for tutorial to 2024-01-28T00:00:00+00:00, run_after=2024-01-29T00:00:00+00:00
[2024-01-29T20:20:00.254+0100] {processor.py:183} INFO - Processing /home/ubuntu/.local/lib/python3.10/site-packages/airflow/example_dags/tutorial.py took 0.097 seconds
[2024-01-29T20:20:40.478+0100] {processor.py:161} INFO - Started process (PID=9695) to work on /home/ubuntu/.local/lib/python3.10/site-packages/airflow/example_dags/tutorial.py
[2024-01-29T20:20:40.480+0100] {processor.py:830} INFO - Processing file /home/ubuntu/.local/lib/python3.10/site-packages/airflow/example_dags/tutorial.py for tasks to queue
[2024-01-29T20:20:40.480+0100] {logging_mixin.py:188} INFO - [2024-01-29T20:20:40.480+0100] {dagbag.py:538} INFO - Filling up the DagBag from /home/ubuntu/.local/lib/python3.10/site-packages/airflow/example_dags/tutorial.py
[2024-01-29T20:20:40.489+0100] {processor.py:840} INFO - DAG(s) 'tutorial' retrieved from /home/ubuntu/.local/lib/python3.10/site-packages/airflow/example_dags/tutorial.py
[2024-01-29T20:20:40.508+0100] {logging_mixin.py:188} INFO - [2024-01-29T20:20:40.508+0100] {dag.py:3033} INFO - Sync 1 DAGs
[2024-01-29T20:20:40.528+0100] {logging_mixin.py:188} INFO - [2024-01-29T20:20:40.528+0100] {dag.py:3820} INFO - Setting next_dagrun for tutorial to 2024-01-28T00:00:00+00:00, run_after=2024-01-29T00:00:00+00:00
[2024-01-29T20:20:40.577+0100] {processor.py:183} INFO - Processing /home/ubuntu/.local/lib/python3.10/site-packages/airflow/example_dags/tutorial.py took 0.104 seconds
