[2024-01-29T19:53:51.501+0100] {processor.py:161} INFO - Started process (PID=7798) to work on /home/ubuntu/.local/lib/python3.10/site-packages/airflow/example_dags/tutorial_taskflow_api_virtualenv.py
[2024-01-29T19:53:51.506+0100] {processor.py:830} INFO - Processing file /home/ubuntu/.local/lib/python3.10/site-packages/airflow/example_dags/tutorial_taskflow_api_virtualenv.py for tasks to queue
[2024-01-29T19:53:51.511+0100] {logging_mixin.py:188} INFO - [2024-01-29T19:53:51.510+0100] {dagbag.py:538} INFO - Filling up the DagBag from /home/ubuntu/.local/lib/python3.10/site-packages/airflow/example_dags/tutorial_taskflow_api_virtualenv.py
[2024-01-29T19:53:51.556+0100] {processor.py:840} INFO - DAG(s) 'tutorial_taskflow_api_virtualenv' retrieved from /home/ubuntu/.local/lib/python3.10/site-packages/airflow/example_dags/tutorial_taskflow_api_virtualenv.py
[2024-01-29T19:53:51.588+0100] {logging_mixin.py:188} INFO - [2024-01-29T19:53:51.588+0100] {dag.py:3033} INFO - Sync 1 DAGs
[2024-01-29T19:53:51.772+0100] {logging_mixin.py:188} INFO - [2024-01-29T19:53:51.757+0100] {dag.py:3820} INFO - Setting next_dagrun for tutorial_taskflow_api_virtualenv to None, run_after=None
[2024-01-29T19:53:51.892+0100] {processor.py:183} INFO - Processing /home/ubuntu/.local/lib/python3.10/site-packages/airflow/example_dags/tutorial_taskflow_api_virtualenv.py took 0.404 seconds
[2024-01-29T19:55:17.218+0100] {processor.py:161} INFO - Started process (PID=7919) to work on /home/ubuntu/.local/lib/python3.10/site-packages/airflow/example_dags/tutorial_taskflow_api_virtualenv.py
[2024-01-29T19:55:17.221+0100] {processor.py:830} INFO - Processing file /home/ubuntu/.local/lib/python3.10/site-packages/airflow/example_dags/tutorial_taskflow_api_virtualenv.py for tasks to queue
[2024-01-29T19:55:17.222+0100] {logging_mixin.py:188} INFO - [2024-01-29T19:55:17.221+0100] {dagbag.py:538} INFO - Filling up the DagBag from /home/ubuntu/.local/lib/python3.10/site-packages/airflow/example_dags/tutorial_taskflow_api_virtualenv.py
[2024-01-29T19:55:17.234+0100] {processor.py:840} INFO - DAG(s) 'tutorial_taskflow_api_virtualenv' retrieved from /home/ubuntu/.local/lib/python3.10/site-packages/airflow/example_dags/tutorial_taskflow_api_virtualenv.py
[2024-01-29T19:55:17.349+0100] {logging_mixin.py:188} INFO - [2024-01-29T19:55:17.349+0100] {dag.py:3033} INFO - Sync 1 DAGs
[2024-01-29T19:55:17.362+0100] {logging_mixin.py:188} INFO - [2024-01-29T19:55:17.361+0100] {dag.py:3820} INFO - Setting next_dagrun for tutorial_taskflow_api_virtualenv to None, run_after=None
[2024-01-29T19:55:17.396+0100] {processor.py:183} INFO - Processing /home/ubuntu/.local/lib/python3.10/site-packages/airflow/example_dags/tutorial_taskflow_api_virtualenv.py took 0.188 seconds
[2024-01-29T19:56:38.971+0100] {processor.py:161} INFO - Started process (PID=7998) to work on /home/ubuntu/.local/lib/python3.10/site-packages/airflow/example_dags/tutorial_taskflow_api_virtualenv.py
[2024-01-29T19:56:38.973+0100] {processor.py:830} INFO - Processing file /home/ubuntu/.local/lib/python3.10/site-packages/airflow/example_dags/tutorial_taskflow_api_virtualenv.py for tasks to queue
[2024-01-29T19:56:38.974+0100] {logging_mixin.py:188} INFO - [2024-01-29T19:56:38.973+0100] {dagbag.py:538} INFO - Filling up the DagBag from /home/ubuntu/.local/lib/python3.10/site-packages/airflow/example_dags/tutorial_taskflow_api_virtualenv.py
[2024-01-29T19:56:38.984+0100] {processor.py:840} INFO - DAG(s) 'tutorial_taskflow_api_virtualenv' retrieved from /home/ubuntu/.local/lib/python3.10/site-packages/airflow/example_dags/tutorial_taskflow_api_virtualenv.py
[2024-01-29T19:56:39.003+0100] {logging_mixin.py:188} INFO - [2024-01-29T19:56:39.003+0100] {dag.py:3033} INFO - Sync 1 DAGs
[2024-01-29T19:56:39.014+0100] {logging_mixin.py:188} INFO - [2024-01-29T19:56:39.014+0100] {dag.py:3820} INFO - Setting next_dagrun for tutorial_taskflow_api_virtualenv to None, run_after=None
[2024-01-29T19:56:39.061+0100] {processor.py:183} INFO - Processing /home/ubuntu/.local/lib/python3.10/site-packages/airflow/example_dags/tutorial_taskflow_api_virtualenv.py took 0.093 seconds
[2024-01-29T19:57:21.981+0100] {processor.py:161} INFO - Started process (PID=8040) to work on /home/ubuntu/.local/lib/python3.10/site-packages/airflow/example_dags/tutorial_taskflow_api_virtualenv.py
[2024-01-29T19:57:21.983+0100] {processor.py:830} INFO - Processing file /home/ubuntu/.local/lib/python3.10/site-packages/airflow/example_dags/tutorial_taskflow_api_virtualenv.py for tasks to queue
[2024-01-29T19:57:21.984+0100] {logging_mixin.py:188} INFO - [2024-01-29T19:57:21.984+0100] {dagbag.py:538} INFO - Filling up the DagBag from /home/ubuntu/.local/lib/python3.10/site-packages/airflow/example_dags/tutorial_taskflow_api_virtualenv.py
[2024-01-29T19:57:22.000+0100] {processor.py:840} INFO - DAG(s) 'tutorial_taskflow_api_virtualenv' retrieved from /home/ubuntu/.local/lib/python3.10/site-packages/airflow/example_dags/tutorial_taskflow_api_virtualenv.py
[2024-01-29T19:57:22.017+0100] {logging_mixin.py:188} INFO - [2024-01-29T19:57:22.016+0100] {dag.py:3033} INFO - Sync 1 DAGs
[2024-01-29T19:57:22.031+0100] {logging_mixin.py:188} INFO - [2024-01-29T19:57:22.031+0100] {dag.py:3820} INFO - Setting next_dagrun for tutorial_taskflow_api_virtualenv to None, run_after=None
[2024-01-29T19:57:22.079+0100] {processor.py:183} INFO - Processing /home/ubuntu/.local/lib/python3.10/site-packages/airflow/example_dags/tutorial_taskflow_api_virtualenv.py took 0.102 seconds
[2024-01-29T19:58:14.496+0100] {processor.py:161} INFO - Started process (PID=8100) to work on /home/ubuntu/.local/lib/python3.10/site-packages/airflow/example_dags/tutorial_taskflow_api_virtualenv.py
[2024-01-29T19:58:14.498+0100] {processor.py:830} INFO - Processing file /home/ubuntu/.local/lib/python3.10/site-packages/airflow/example_dags/tutorial_taskflow_api_virtualenv.py for tasks to queue
[2024-01-29T19:58:14.499+0100] {logging_mixin.py:188} INFO - [2024-01-29T19:58:14.499+0100] {dagbag.py:538} INFO - Filling up the DagBag from /home/ubuntu/.local/lib/python3.10/site-packages/airflow/example_dags/tutorial_taskflow_api_virtualenv.py
[2024-01-29T19:58:14.507+0100] {processor.py:840} INFO - DAG(s) 'tutorial_taskflow_api_virtualenv' retrieved from /home/ubuntu/.local/lib/python3.10/site-packages/airflow/example_dags/tutorial_taskflow_api_virtualenv.py
[2024-01-29T19:58:14.523+0100] {logging_mixin.py:188} INFO - [2024-01-29T19:58:14.522+0100] {dag.py:3033} INFO - Sync 1 DAGs
[2024-01-29T19:58:14.536+0100] {logging_mixin.py:188} INFO - [2024-01-29T19:58:14.535+0100] {dag.py:3820} INFO - Setting next_dagrun for tutorial_taskflow_api_virtualenv to None, run_after=None
[2024-01-29T19:58:14.567+0100] {processor.py:183} INFO - Processing /home/ubuntu/.local/lib/python3.10/site-packages/airflow/example_dags/tutorial_taskflow_api_virtualenv.py took 0.076 seconds
[2024-01-29T19:58:59.525+0100] {processor.py:161} INFO - Started process (PID=8153) to work on /home/ubuntu/.local/lib/python3.10/site-packages/airflow/example_dags/tutorial_taskflow_api_virtualenv.py
[2024-01-29T19:58:59.527+0100] {processor.py:830} INFO - Processing file /home/ubuntu/.local/lib/python3.10/site-packages/airflow/example_dags/tutorial_taskflow_api_virtualenv.py for tasks to queue
[2024-01-29T19:58:59.529+0100] {logging_mixin.py:188} INFO - [2024-01-29T19:58:59.529+0100] {dagbag.py:538} INFO - Filling up the DagBag from /home/ubuntu/.local/lib/python3.10/site-packages/airflow/example_dags/tutorial_taskflow_api_virtualenv.py
[2024-01-29T19:58:59.545+0100] {processor.py:840} INFO - DAG(s) 'tutorial_taskflow_api_virtualenv' retrieved from /home/ubuntu/.local/lib/python3.10/site-packages/airflow/example_dags/tutorial_taskflow_api_virtualenv.py
[2024-01-29T19:58:59.575+0100] {logging_mixin.py:188} INFO - [2024-01-29T19:58:59.575+0100] {dag.py:3033} INFO - Sync 1 DAGs
[2024-01-29T19:58:59.595+0100] {logging_mixin.py:188} INFO - [2024-01-29T19:58:59.595+0100] {dag.py:3820} INFO - Setting next_dagrun for tutorial_taskflow_api_virtualenv to None, run_after=None
[2024-01-29T19:58:59.646+0100] {processor.py:183} INFO - Processing /home/ubuntu/.local/lib/python3.10/site-packages/airflow/example_dags/tutorial_taskflow_api_virtualenv.py took 0.127 seconds
[2024-01-29T19:59:43.144+0100] {processor.py:161} INFO - Started process (PID=8209) to work on /home/ubuntu/.local/lib/python3.10/site-packages/airflow/example_dags/tutorial_taskflow_api_virtualenv.py
[2024-01-29T19:59:43.166+0100] {processor.py:830} INFO - Processing file /home/ubuntu/.local/lib/python3.10/site-packages/airflow/example_dags/tutorial_taskflow_api_virtualenv.py for tasks to queue
[2024-01-29T19:59:43.178+0100] {logging_mixin.py:188} INFO - [2024-01-29T19:59:43.178+0100] {dagbag.py:538} INFO - Filling up the DagBag from /home/ubuntu/.local/lib/python3.10/site-packages/airflow/example_dags/tutorial_taskflow_api_virtualenv.py
[2024-01-29T19:59:43.215+0100] {processor.py:840} INFO - DAG(s) 'tutorial_taskflow_api_virtualenv' retrieved from /home/ubuntu/.local/lib/python3.10/site-packages/airflow/example_dags/tutorial_taskflow_api_virtualenv.py
[2024-01-29T19:59:43.288+0100] {logging_mixin.py:188} INFO - [2024-01-29T19:59:43.287+0100] {dag.py:3033} INFO - Sync 1 DAGs
[2024-01-29T19:59:43.311+0100] {logging_mixin.py:188} INFO - [2024-01-29T19:59:43.311+0100] {dag.py:3820} INFO - Setting next_dagrun for tutorial_taskflow_api_virtualenv to None, run_after=None
[2024-01-29T19:59:43.461+0100] {processor.py:183} INFO - Processing /home/ubuntu/.local/lib/python3.10/site-packages/airflow/example_dags/tutorial_taskflow_api_virtualenv.py took 0.328 seconds
[2024-01-29T20:00:28.232+0100] {processor.py:161} INFO - Started process (PID=8243) to work on /home/ubuntu/.local/lib/python3.10/site-packages/airflow/example_dags/tutorial_taskflow_api_virtualenv.py
[2024-01-29T20:00:28.246+0100] {processor.py:830} INFO - Processing file /home/ubuntu/.local/lib/python3.10/site-packages/airflow/example_dags/tutorial_taskflow_api_virtualenv.py for tasks to queue
[2024-01-29T20:00:28.248+0100] {logging_mixin.py:188} INFO - [2024-01-29T20:00:28.247+0100] {dagbag.py:538} INFO - Filling up the DagBag from /home/ubuntu/.local/lib/python3.10/site-packages/airflow/example_dags/tutorial_taskflow_api_virtualenv.py
[2024-01-29T20:00:28.283+0100] {processor.py:840} INFO - DAG(s) 'tutorial_taskflow_api_virtualenv' retrieved from /home/ubuntu/.local/lib/python3.10/site-packages/airflow/example_dags/tutorial_taskflow_api_virtualenv.py
[2024-01-29T20:00:28.386+0100] {logging_mixin.py:188} INFO - [2024-01-29T20:00:28.386+0100] {dag.py:3033} INFO - Sync 1 DAGs
[2024-01-29T20:00:28.453+0100] {logging_mixin.py:188} INFO - [2024-01-29T20:00:28.453+0100] {dag.py:3820} INFO - Setting next_dagrun for tutorial_taskflow_api_virtualenv to None, run_after=None
[2024-01-29T20:00:28.769+0100] {processor.py:183} INFO - Processing /home/ubuntu/.local/lib/python3.10/site-packages/airflow/example_dags/tutorial_taskflow_api_virtualenv.py took 0.556 seconds
[2024-01-29T20:01:07.518+0100] {processor.py:161} INFO - Started process (PID=8287) to work on /home/ubuntu/.local/lib/python3.10/site-packages/airflow/example_dags/tutorial_taskflow_api_virtualenv.py
[2024-01-29T20:01:07.523+0100] {processor.py:830} INFO - Processing file /home/ubuntu/.local/lib/python3.10/site-packages/airflow/example_dags/tutorial_taskflow_api_virtualenv.py for tasks to queue
[2024-01-29T20:01:07.524+0100] {logging_mixin.py:188} INFO - [2024-01-29T20:01:07.524+0100] {dagbag.py:538} INFO - Filling up the DagBag from /home/ubuntu/.local/lib/python3.10/site-packages/airflow/example_dags/tutorial_taskflow_api_virtualenv.py
[2024-01-29T20:01:07.534+0100] {processor.py:840} INFO - DAG(s) 'tutorial_taskflow_api_virtualenv' retrieved from /home/ubuntu/.local/lib/python3.10/site-packages/airflow/example_dags/tutorial_taskflow_api_virtualenv.py
[2024-01-29T20:01:07.552+0100] {logging_mixin.py:188} INFO - [2024-01-29T20:01:07.552+0100] {dag.py:3033} INFO - Sync 1 DAGs
[2024-01-29T20:01:07.565+0100] {logging_mixin.py:188} INFO - [2024-01-29T20:01:07.565+0100] {dag.py:3820} INFO - Setting next_dagrun for tutorial_taskflow_api_virtualenv to None, run_after=None
[2024-01-29T20:01:07.596+0100] {processor.py:183} INFO - Processing /home/ubuntu/.local/lib/python3.10/site-packages/airflow/example_dags/tutorial_taskflow_api_virtualenv.py took 0.082 seconds
[2024-01-29T20:01:54.748+0100] {processor.py:161} INFO - Started process (PID=8340) to work on /home/ubuntu/.local/lib/python3.10/site-packages/airflow/example_dags/tutorial_taskflow_api_virtualenv.py
[2024-01-29T20:01:54.751+0100] {processor.py:830} INFO - Processing file /home/ubuntu/.local/lib/python3.10/site-packages/airflow/example_dags/tutorial_taskflow_api_virtualenv.py for tasks to queue
[2024-01-29T20:01:54.752+0100] {logging_mixin.py:188} INFO - [2024-01-29T20:01:54.751+0100] {dagbag.py:538} INFO - Filling up the DagBag from /home/ubuntu/.local/lib/python3.10/site-packages/airflow/example_dags/tutorial_taskflow_api_virtualenv.py
[2024-01-29T20:01:54.759+0100] {processor.py:840} INFO - DAG(s) 'tutorial_taskflow_api_virtualenv' retrieved from /home/ubuntu/.local/lib/python3.10/site-packages/airflow/example_dags/tutorial_taskflow_api_virtualenv.py
[2024-01-29T20:01:54.773+0100] {logging_mixin.py:188} INFO - [2024-01-29T20:01:54.773+0100] {dag.py:3033} INFO - Sync 1 DAGs
[2024-01-29T20:01:54.784+0100] {logging_mixin.py:188} INFO - [2024-01-29T20:01:54.783+0100] {dag.py:3820} INFO - Setting next_dagrun for tutorial_taskflow_api_virtualenv to None, run_after=None
[2024-01-29T20:01:54.820+0100] {processor.py:183} INFO - Processing /home/ubuntu/.local/lib/python3.10/site-packages/airflow/example_dags/tutorial_taskflow_api_virtualenv.py took 0.075 seconds
[2024-01-29T20:02:50.170+0100] {processor.py:161} INFO - Started process (PID=8435) to work on /home/ubuntu/.local/lib/python3.10/site-packages/airflow/example_dags/tutorial_taskflow_api_virtualenv.py
[2024-01-29T20:02:50.173+0100] {processor.py:830} INFO - Processing file /home/ubuntu/.local/lib/python3.10/site-packages/airflow/example_dags/tutorial_taskflow_api_virtualenv.py for tasks to queue
[2024-01-29T20:02:50.174+0100] {logging_mixin.py:188} INFO - [2024-01-29T20:02:50.174+0100] {dagbag.py:538} INFO - Filling up the DagBag from /home/ubuntu/.local/lib/python3.10/site-packages/airflow/example_dags/tutorial_taskflow_api_virtualenv.py
[2024-01-29T20:02:50.188+0100] {processor.py:840} INFO - DAG(s) 'tutorial_taskflow_api_virtualenv' retrieved from /home/ubuntu/.local/lib/python3.10/site-packages/airflow/example_dags/tutorial_taskflow_api_virtualenv.py
[2024-01-29T20:02:50.206+0100] {logging_mixin.py:188} INFO - [2024-01-29T20:02:50.206+0100] {dag.py:3033} INFO - Sync 1 DAGs
[2024-01-29T20:02:50.216+0100] {logging_mixin.py:188} INFO - [2024-01-29T20:02:50.216+0100] {dag.py:3820} INFO - Setting next_dagrun for tutorial_taskflow_api_virtualenv to None, run_after=None
[2024-01-29T20:02:50.253+0100] {processor.py:183} INFO - Processing /home/ubuntu/.local/lib/python3.10/site-packages/airflow/example_dags/tutorial_taskflow_api_virtualenv.py took 0.087 seconds
[2024-01-29T20:03:41.663+0100] {processor.py:161} INFO - Started process (PID=8492) to work on /home/ubuntu/.local/lib/python3.10/site-packages/airflow/example_dags/tutorial_taskflow_api_virtualenv.py
[2024-01-29T20:03:41.665+0100] {processor.py:830} INFO - Processing file /home/ubuntu/.local/lib/python3.10/site-packages/airflow/example_dags/tutorial_taskflow_api_virtualenv.py for tasks to queue
[2024-01-29T20:03:41.665+0100] {logging_mixin.py:188} INFO - [2024-01-29T20:03:41.665+0100] {dagbag.py:538} INFO - Filling up the DagBag from /home/ubuntu/.local/lib/python3.10/site-packages/airflow/example_dags/tutorial_taskflow_api_virtualenv.py
[2024-01-29T20:03:41.674+0100] {processor.py:840} INFO - DAG(s) 'tutorial_taskflow_api_virtualenv' retrieved from /home/ubuntu/.local/lib/python3.10/site-packages/airflow/example_dags/tutorial_taskflow_api_virtualenv.py
[2024-01-29T20:03:41.690+0100] {logging_mixin.py:188} INFO - [2024-01-29T20:03:41.690+0100] {dag.py:3033} INFO - Sync 1 DAGs
[2024-01-29T20:03:41.704+0100] {logging_mixin.py:188} INFO - [2024-01-29T20:03:41.704+0100] {dag.py:3820} INFO - Setting next_dagrun for tutorial_taskflow_api_virtualenv to None, run_after=None
[2024-01-29T20:03:41.739+0100] {processor.py:183} INFO - Processing /home/ubuntu/.local/lib/python3.10/site-packages/airflow/example_dags/tutorial_taskflow_api_virtualenv.py took 0.079 seconds
[2024-01-29T20:04:27.050+0100] {processor.py:161} INFO - Started process (PID=8545) to work on /home/ubuntu/.local/lib/python3.10/site-packages/airflow/example_dags/tutorial_taskflow_api_virtualenv.py
[2024-01-29T20:04:27.052+0100] {processor.py:830} INFO - Processing file /home/ubuntu/.local/lib/python3.10/site-packages/airflow/example_dags/tutorial_taskflow_api_virtualenv.py for tasks to queue
[2024-01-29T20:04:27.053+0100] {logging_mixin.py:188} INFO - [2024-01-29T20:04:27.053+0100] {dagbag.py:538} INFO - Filling up the DagBag from /home/ubuntu/.local/lib/python3.10/site-packages/airflow/example_dags/tutorial_taskflow_api_virtualenv.py
[2024-01-29T20:04:27.061+0100] {processor.py:840} INFO - DAG(s) 'tutorial_taskflow_api_virtualenv' retrieved from /home/ubuntu/.local/lib/python3.10/site-packages/airflow/example_dags/tutorial_taskflow_api_virtualenv.py
[2024-01-29T20:04:27.079+0100] {logging_mixin.py:188} INFO - [2024-01-29T20:04:27.079+0100] {dag.py:3033} INFO - Sync 1 DAGs
[2024-01-29T20:04:27.091+0100] {logging_mixin.py:188} INFO - [2024-01-29T20:04:27.091+0100] {dag.py:3820} INFO - Setting next_dagrun for tutorial_taskflow_api_virtualenv to None, run_after=None
[2024-01-29T20:04:27.120+0100] {processor.py:183} INFO - Processing /home/ubuntu/.local/lib/python3.10/site-packages/airflow/example_dags/tutorial_taskflow_api_virtualenv.py took 0.074 seconds
[2024-01-29T20:05:35.249+0100] {processor.py:161} INFO - Started process (PID=8617) to work on /home/ubuntu/.local/lib/python3.10/site-packages/airflow/example_dags/tutorial_taskflow_api_virtualenv.py
[2024-01-29T20:05:35.251+0100] {processor.py:830} INFO - Processing file /home/ubuntu/.local/lib/python3.10/site-packages/airflow/example_dags/tutorial_taskflow_api_virtualenv.py for tasks to queue
[2024-01-29T20:05:35.252+0100] {logging_mixin.py:188} INFO - [2024-01-29T20:05:35.252+0100] {dagbag.py:538} INFO - Filling up the DagBag from /home/ubuntu/.local/lib/python3.10/site-packages/airflow/example_dags/tutorial_taskflow_api_virtualenv.py
[2024-01-29T20:05:35.262+0100] {processor.py:840} INFO - DAG(s) 'tutorial_taskflow_api_virtualenv' retrieved from /home/ubuntu/.local/lib/python3.10/site-packages/airflow/example_dags/tutorial_taskflow_api_virtualenv.py
[2024-01-29T20:05:35.282+0100] {logging_mixin.py:188} INFO - [2024-01-29T20:05:35.282+0100] {dag.py:3033} INFO - Sync 1 DAGs
[2024-01-29T20:05:35.295+0100] {logging_mixin.py:188} INFO - [2024-01-29T20:05:35.295+0100] {dag.py:3820} INFO - Setting next_dagrun for tutorial_taskflow_api_virtualenv to None, run_after=None
[2024-01-29T20:05:35.328+0100] {processor.py:183} INFO - Processing /home/ubuntu/.local/lib/python3.10/site-packages/airflow/example_dags/tutorial_taskflow_api_virtualenv.py took 0.083 seconds
[2024-01-29T20:06:55.608+0100] {processor.py:161} INFO - Started process (PID=8694) to work on /home/ubuntu/.local/lib/python3.10/site-packages/airflow/example_dags/tutorial_taskflow_api_virtualenv.py
[2024-01-29T20:06:55.610+0100] {processor.py:830} INFO - Processing file /home/ubuntu/.local/lib/python3.10/site-packages/airflow/example_dags/tutorial_taskflow_api_virtualenv.py for tasks to queue
[2024-01-29T20:06:55.612+0100] {logging_mixin.py:188} INFO - [2024-01-29T20:06:55.611+0100] {dagbag.py:538} INFO - Filling up the DagBag from /home/ubuntu/.local/lib/python3.10/site-packages/airflow/example_dags/tutorial_taskflow_api_virtualenv.py
[2024-01-29T20:06:55.621+0100] {processor.py:840} INFO - DAG(s) 'tutorial_taskflow_api_virtualenv' retrieved from /home/ubuntu/.local/lib/python3.10/site-packages/airflow/example_dags/tutorial_taskflow_api_virtualenv.py
[2024-01-29T20:06:55.641+0100] {logging_mixin.py:188} INFO - [2024-01-29T20:06:55.641+0100] {dag.py:3033} INFO - Sync 1 DAGs
[2024-01-29T20:06:55.654+0100] {logging_mixin.py:188} INFO - [2024-01-29T20:06:55.653+0100] {dag.py:3820} INFO - Setting next_dagrun for tutorial_taskflow_api_virtualenv to None, run_after=None
[2024-01-29T20:06:55.756+0100] {processor.py:183} INFO - Processing /home/ubuntu/.local/lib/python3.10/site-packages/airflow/example_dags/tutorial_taskflow_api_virtualenv.py took 0.151 seconds
[2024-01-29T20:07:33.703+0100] {processor.py:161} INFO - Started process (PID=8742) to work on /home/ubuntu/.local/lib/python3.10/site-packages/airflow/example_dags/tutorial_taskflow_api_virtualenv.py
[2024-01-29T20:07:33.705+0100] {processor.py:830} INFO - Processing file /home/ubuntu/.local/lib/python3.10/site-packages/airflow/example_dags/tutorial_taskflow_api_virtualenv.py for tasks to queue
[2024-01-29T20:07:33.705+0100] {logging_mixin.py:188} INFO - [2024-01-29T20:07:33.705+0100] {dagbag.py:538} INFO - Filling up the DagBag from /home/ubuntu/.local/lib/python3.10/site-packages/airflow/example_dags/tutorial_taskflow_api_virtualenv.py
[2024-01-29T20:07:33.715+0100] {processor.py:840} INFO - DAG(s) 'tutorial_taskflow_api_virtualenv' retrieved from /home/ubuntu/.local/lib/python3.10/site-packages/airflow/example_dags/tutorial_taskflow_api_virtualenv.py
[2024-01-29T20:07:33.732+0100] {logging_mixin.py:188} INFO - [2024-01-29T20:07:33.732+0100] {dag.py:3033} INFO - Sync 1 DAGs
[2024-01-29T20:07:33.746+0100] {logging_mixin.py:188} INFO - [2024-01-29T20:07:33.745+0100] {dag.py:3820} INFO - Setting next_dagrun for tutorial_taskflow_api_virtualenv to None, run_after=None
[2024-01-29T20:07:33.784+0100] {processor.py:183} INFO - Processing /home/ubuntu/.local/lib/python3.10/site-packages/airflow/example_dags/tutorial_taskflow_api_virtualenv.py took 0.086 seconds
[2024-01-29T20:08:30.910+0100] {processor.py:161} INFO - Started process (PID=8802) to work on /home/ubuntu/.local/lib/python3.10/site-packages/airflow/example_dags/tutorial_taskflow_api_virtualenv.py
[2024-01-29T20:08:30.912+0100] {processor.py:830} INFO - Processing file /home/ubuntu/.local/lib/python3.10/site-packages/airflow/example_dags/tutorial_taskflow_api_virtualenv.py for tasks to queue
[2024-01-29T20:08:30.913+0100] {logging_mixin.py:188} INFO - [2024-01-29T20:08:30.913+0100] {dagbag.py:538} INFO - Filling up the DagBag from /home/ubuntu/.local/lib/python3.10/site-packages/airflow/example_dags/tutorial_taskflow_api_virtualenv.py
[2024-01-29T20:08:30.921+0100] {processor.py:840} INFO - DAG(s) 'tutorial_taskflow_api_virtualenv' retrieved from /home/ubuntu/.local/lib/python3.10/site-packages/airflow/example_dags/tutorial_taskflow_api_virtualenv.py
[2024-01-29T20:08:30.937+0100] {logging_mixin.py:188} INFO - [2024-01-29T20:08:30.937+0100] {dag.py:3033} INFO - Sync 1 DAGs
[2024-01-29T20:08:30.948+0100] {logging_mixin.py:188} INFO - [2024-01-29T20:08:30.948+0100] {dag.py:3820} INFO - Setting next_dagrun for tutorial_taskflow_api_virtualenv to None, run_after=None
[2024-01-29T20:08:30.979+0100] {processor.py:183} INFO - Processing /home/ubuntu/.local/lib/python3.10/site-packages/airflow/example_dags/tutorial_taskflow_api_virtualenv.py took 0.072 seconds
[2024-01-29T20:09:11.994+0100] {processor.py:161} INFO - Started process (PID=8856) to work on /home/ubuntu/.local/lib/python3.10/site-packages/airflow/example_dags/tutorial_taskflow_api_virtualenv.py
[2024-01-29T20:09:11.996+0100] {processor.py:830} INFO - Processing file /home/ubuntu/.local/lib/python3.10/site-packages/airflow/example_dags/tutorial_taskflow_api_virtualenv.py for tasks to queue
[2024-01-29T20:09:11.997+0100] {logging_mixin.py:188} INFO - [2024-01-29T20:09:11.997+0100] {dagbag.py:538} INFO - Filling up the DagBag from /home/ubuntu/.local/lib/python3.10/site-packages/airflow/example_dags/tutorial_taskflow_api_virtualenv.py
[2024-01-29T20:09:12.005+0100] {processor.py:840} INFO - DAG(s) 'tutorial_taskflow_api_virtualenv' retrieved from /home/ubuntu/.local/lib/python3.10/site-packages/airflow/example_dags/tutorial_taskflow_api_virtualenv.py
[2024-01-29T20:09:12.022+0100] {logging_mixin.py:188} INFO - [2024-01-29T20:09:12.022+0100] {dag.py:3033} INFO - Sync 1 DAGs
[2024-01-29T20:09:12.035+0100] {logging_mixin.py:188} INFO - [2024-01-29T20:09:12.035+0100] {dag.py:3820} INFO - Setting next_dagrun for tutorial_taskflow_api_virtualenv to None, run_after=None
[2024-01-29T20:09:12.064+0100] {processor.py:183} INFO - Processing /home/ubuntu/.local/lib/python3.10/site-packages/airflow/example_dags/tutorial_taskflow_api_virtualenv.py took 0.074 seconds
[2024-01-29T20:09:59.977+0100] {processor.py:161} INFO - Started process (PID=8917) to work on /home/ubuntu/.local/lib/python3.10/site-packages/airflow/example_dags/tutorial_taskflow_api_virtualenv.py
[2024-01-29T20:09:59.980+0100] {processor.py:830} INFO - Processing file /home/ubuntu/.local/lib/python3.10/site-packages/airflow/example_dags/tutorial_taskflow_api_virtualenv.py for tasks to queue
[2024-01-29T20:09:59.980+0100] {logging_mixin.py:188} INFO - [2024-01-29T20:09:59.980+0100] {dagbag.py:538} INFO - Filling up the DagBag from /home/ubuntu/.local/lib/python3.10/site-packages/airflow/example_dags/tutorial_taskflow_api_virtualenv.py
[2024-01-29T20:09:59.988+0100] {processor.py:840} INFO - DAG(s) 'tutorial_taskflow_api_virtualenv' retrieved from /home/ubuntu/.local/lib/python3.10/site-packages/airflow/example_dags/tutorial_taskflow_api_virtualenv.py
[2024-01-29T20:10:00.004+0100] {logging_mixin.py:188} INFO - [2024-01-29T20:10:00.004+0100] {dag.py:3033} INFO - Sync 1 DAGs
[2024-01-29T20:10:00.015+0100] {logging_mixin.py:188} INFO - [2024-01-29T20:10:00.015+0100] {dag.py:3820} INFO - Setting next_dagrun for tutorial_taskflow_api_virtualenv to None, run_after=None
[2024-01-29T20:10:00.122+0100] {processor.py:183} INFO - Processing /home/ubuntu/.local/lib/python3.10/site-packages/airflow/example_dags/tutorial_taskflow_api_virtualenv.py took 0.148 seconds
[2024-01-29T20:10:48.573+0100] {processor.py:161} INFO - Started process (PID=8972) to work on /home/ubuntu/.local/lib/python3.10/site-packages/airflow/example_dags/tutorial_taskflow_api_virtualenv.py
[2024-01-29T20:10:48.575+0100] {processor.py:830} INFO - Processing file /home/ubuntu/.local/lib/python3.10/site-packages/airflow/example_dags/tutorial_taskflow_api_virtualenv.py for tasks to queue
[2024-01-29T20:10:48.577+0100] {logging_mixin.py:188} INFO - [2024-01-29T20:10:48.577+0100] {dagbag.py:538} INFO - Filling up the DagBag from /home/ubuntu/.local/lib/python3.10/site-packages/airflow/example_dags/tutorial_taskflow_api_virtualenv.py
[2024-01-29T20:10:48.629+0100] {processor.py:840} INFO - DAG(s) 'tutorial_taskflow_api_virtualenv' retrieved from /home/ubuntu/.local/lib/python3.10/site-packages/airflow/example_dags/tutorial_taskflow_api_virtualenv.py
[2024-01-29T20:10:48.651+0100] {logging_mixin.py:188} INFO - [2024-01-29T20:10:48.650+0100] {dag.py:3033} INFO - Sync 1 DAGs
[2024-01-29T20:10:48.665+0100] {logging_mixin.py:188} INFO - [2024-01-29T20:10:48.665+0100] {dag.py:3820} INFO - Setting next_dagrun for tutorial_taskflow_api_virtualenv to None, run_after=None
[2024-01-29T20:10:48.695+0100] {processor.py:183} INFO - Processing /home/ubuntu/.local/lib/python3.10/site-packages/airflow/example_dags/tutorial_taskflow_api_virtualenv.py took 0.128 seconds
[2024-01-29T20:11:40.913+0100] {processor.py:161} INFO - Started process (PID=9034) to work on /home/ubuntu/.local/lib/python3.10/site-packages/airflow/example_dags/tutorial_taskflow_api_virtualenv.py
[2024-01-29T20:11:40.915+0100] {processor.py:830} INFO - Processing file /home/ubuntu/.local/lib/python3.10/site-packages/airflow/example_dags/tutorial_taskflow_api_virtualenv.py for tasks to queue
[2024-01-29T20:11:40.916+0100] {logging_mixin.py:188} INFO - [2024-01-29T20:11:40.916+0100] {dagbag.py:538} INFO - Filling up the DagBag from /home/ubuntu/.local/lib/python3.10/site-packages/airflow/example_dags/tutorial_taskflow_api_virtualenv.py
[2024-01-29T20:11:40.926+0100] {processor.py:840} INFO - DAG(s) 'tutorial_taskflow_api_virtualenv' retrieved from /home/ubuntu/.local/lib/python3.10/site-packages/airflow/example_dags/tutorial_taskflow_api_virtualenv.py
[2024-01-29T20:11:40.947+0100] {logging_mixin.py:188} INFO - [2024-01-29T20:11:40.947+0100] {dag.py:3033} INFO - Sync 1 DAGs
[2024-01-29T20:11:40.961+0100] {logging_mixin.py:188} INFO - [2024-01-29T20:11:40.961+0100] {dag.py:3820} INFO - Setting next_dagrun for tutorial_taskflow_api_virtualenv to None, run_after=None
[2024-01-29T20:11:41.000+0100] {processor.py:183} INFO - Processing /home/ubuntu/.local/lib/python3.10/site-packages/airflow/example_dags/tutorial_taskflow_api_virtualenv.py took 0.092 seconds
[2024-01-29T20:12:37.690+0100] {processor.py:161} INFO - Started process (PID=9110) to work on /home/ubuntu/.local/lib/python3.10/site-packages/airflow/example_dags/tutorial_taskflow_api_virtualenv.py
[2024-01-29T20:12:37.692+0100] {processor.py:830} INFO - Processing file /home/ubuntu/.local/lib/python3.10/site-packages/airflow/example_dags/tutorial_taskflow_api_virtualenv.py for tasks to queue
[2024-01-29T20:12:37.693+0100] {logging_mixin.py:188} INFO - [2024-01-29T20:12:37.693+0100] {dagbag.py:538} INFO - Filling up the DagBag from /home/ubuntu/.local/lib/python3.10/site-packages/airflow/example_dags/tutorial_taskflow_api_virtualenv.py
[2024-01-29T20:12:37.702+0100] {processor.py:840} INFO - DAG(s) 'tutorial_taskflow_api_virtualenv' retrieved from /home/ubuntu/.local/lib/python3.10/site-packages/airflow/example_dags/tutorial_taskflow_api_virtualenv.py
[2024-01-29T20:12:37.728+0100] {logging_mixin.py:188} INFO - [2024-01-29T20:12:37.728+0100] {dag.py:3033} INFO - Sync 1 DAGs
[2024-01-29T20:12:37.750+0100] {logging_mixin.py:188} INFO - [2024-01-29T20:12:37.749+0100] {dag.py:3820} INFO - Setting next_dagrun for tutorial_taskflow_api_virtualenv to None, run_after=None
[2024-01-29T20:12:37.786+0100] {processor.py:183} INFO - Processing /home/ubuntu/.local/lib/python3.10/site-packages/airflow/example_dags/tutorial_taskflow_api_virtualenv.py took 0.101 seconds
[2024-01-29T20:13:21.185+0100] {processor.py:161} INFO - Started process (PID=9188) to work on /home/ubuntu/.local/lib/python3.10/site-packages/airflow/example_dags/tutorial_taskflow_api_virtualenv.py
[2024-01-29T20:13:21.256+0100] {processor.py:830} INFO - Processing file /home/ubuntu/.local/lib/python3.10/site-packages/airflow/example_dags/tutorial_taskflow_api_virtualenv.py for tasks to queue
[2024-01-29T20:13:21.260+0100] {logging_mixin.py:188} INFO - [2024-01-29T20:13:21.259+0100] {dagbag.py:538} INFO - Filling up the DagBag from /home/ubuntu/.local/lib/python3.10/site-packages/airflow/example_dags/tutorial_taskflow_api_virtualenv.py
[2024-01-29T20:13:21.283+0100] {processor.py:840} INFO - DAG(s) 'tutorial_taskflow_api_virtualenv' retrieved from /home/ubuntu/.local/lib/python3.10/site-packages/airflow/example_dags/tutorial_taskflow_api_virtualenv.py
[2024-01-29T20:13:21.330+0100] {logging_mixin.py:188} INFO - [2024-01-29T20:13:21.330+0100] {dag.py:3033} INFO - Sync 1 DAGs
[2024-01-29T20:13:21.414+0100] {logging_mixin.py:188} INFO - [2024-01-29T20:13:21.413+0100] {dag.py:3820} INFO - Setting next_dagrun for tutorial_taskflow_api_virtualenv to None, run_after=None
[2024-01-29T20:13:21.782+0100] {processor.py:183} INFO - Processing /home/ubuntu/.local/lib/python3.10/site-packages/airflow/example_dags/tutorial_taskflow_api_virtualenv.py took 0.617 seconds
[2024-01-29T20:14:11.024+0100] {processor.py:161} INFO - Started process (PID=9239) to work on /home/ubuntu/.local/lib/python3.10/site-packages/airflow/example_dags/tutorial_taskflow_api_virtualenv.py
[2024-01-29T20:14:11.027+0100] {processor.py:830} INFO - Processing file /home/ubuntu/.local/lib/python3.10/site-packages/airflow/example_dags/tutorial_taskflow_api_virtualenv.py for tasks to queue
[2024-01-29T20:14:11.028+0100] {logging_mixin.py:188} INFO - [2024-01-29T20:14:11.027+0100] {dagbag.py:538} INFO - Filling up the DagBag from /home/ubuntu/.local/lib/python3.10/site-packages/airflow/example_dags/tutorial_taskflow_api_virtualenv.py
[2024-01-29T20:14:11.034+0100] {processor.py:840} INFO - DAG(s) 'tutorial_taskflow_api_virtualenv' retrieved from /home/ubuntu/.local/lib/python3.10/site-packages/airflow/example_dags/tutorial_taskflow_api_virtualenv.py
[2024-01-29T20:14:11.052+0100] {logging_mixin.py:188} INFO - [2024-01-29T20:14:11.052+0100] {dag.py:3033} INFO - Sync 1 DAGs
[2024-01-29T20:14:11.063+0100] {logging_mixin.py:188} INFO - [2024-01-29T20:14:11.063+0100] {dag.py:3820} INFO - Setting next_dagrun for tutorial_taskflow_api_virtualenv to None, run_after=None
[2024-01-29T20:14:11.094+0100] {processor.py:183} INFO - Processing /home/ubuntu/.local/lib/python3.10/site-packages/airflow/example_dags/tutorial_taskflow_api_virtualenv.py took 0.073 seconds
[2024-01-29T20:15:00.510+0100] {processor.py:161} INFO - Started process (PID=9297) to work on /home/ubuntu/.local/lib/python3.10/site-packages/airflow/example_dags/tutorial_taskflow_api_virtualenv.py
[2024-01-29T20:15:00.512+0100] {processor.py:830} INFO - Processing file /home/ubuntu/.local/lib/python3.10/site-packages/airflow/example_dags/tutorial_taskflow_api_virtualenv.py for tasks to queue
[2024-01-29T20:15:00.514+0100] {logging_mixin.py:188} INFO - [2024-01-29T20:15:00.513+0100] {dagbag.py:538} INFO - Filling up the DagBag from /home/ubuntu/.local/lib/python3.10/site-packages/airflow/example_dags/tutorial_taskflow_api_virtualenv.py
[2024-01-29T20:15:00.530+0100] {processor.py:840} INFO - DAG(s) 'tutorial_taskflow_api_virtualenv' retrieved from /home/ubuntu/.local/lib/python3.10/site-packages/airflow/example_dags/tutorial_taskflow_api_virtualenv.py
[2024-01-29T20:15:00.560+0100] {logging_mixin.py:188} INFO - [2024-01-29T20:15:00.560+0100] {dag.py:3033} INFO - Sync 1 DAGs
[2024-01-29T20:15:00.580+0100] {logging_mixin.py:188} INFO - [2024-01-29T20:15:00.580+0100] {dag.py:3820} INFO - Setting next_dagrun for tutorial_taskflow_api_virtualenv to None, run_after=None
[2024-01-29T20:15:00.633+0100] {processor.py:183} INFO - Processing /home/ubuntu/.local/lib/python3.10/site-packages/airflow/example_dags/tutorial_taskflow_api_virtualenv.py took 0.128 seconds
[2024-01-29T20:15:47.346+0100] {processor.py:161} INFO - Started process (PID=9349) to work on /home/ubuntu/.local/lib/python3.10/site-packages/airflow/example_dags/tutorial_taskflow_api_virtualenv.py
[2024-01-29T20:15:47.348+0100] {processor.py:830} INFO - Processing file /home/ubuntu/.local/lib/python3.10/site-packages/airflow/example_dags/tutorial_taskflow_api_virtualenv.py for tasks to queue
[2024-01-29T20:15:47.349+0100] {logging_mixin.py:188} INFO - [2024-01-29T20:15:47.348+0100] {dagbag.py:538} INFO - Filling up the DagBag from /home/ubuntu/.local/lib/python3.10/site-packages/airflow/example_dags/tutorial_taskflow_api_virtualenv.py
[2024-01-29T20:15:47.357+0100] {processor.py:840} INFO - DAG(s) 'tutorial_taskflow_api_virtualenv' retrieved from /home/ubuntu/.local/lib/python3.10/site-packages/airflow/example_dags/tutorial_taskflow_api_virtualenv.py
[2024-01-29T20:15:47.374+0100] {logging_mixin.py:188} INFO - [2024-01-29T20:15:47.374+0100] {dag.py:3033} INFO - Sync 1 DAGs
[2024-01-29T20:15:47.385+0100] {logging_mixin.py:188} INFO - [2024-01-29T20:15:47.384+0100] {dag.py:3820} INFO - Setting next_dagrun for tutorial_taskflow_api_virtualenv to None, run_after=None
[2024-01-29T20:15:47.415+0100] {processor.py:183} INFO - Processing /home/ubuntu/.local/lib/python3.10/site-packages/airflow/example_dags/tutorial_taskflow_api_virtualenv.py took 0.073 seconds
[2024-01-29T20:16:32.789+0100] {processor.py:161} INFO - Started process (PID=9396) to work on /home/ubuntu/.local/lib/python3.10/site-packages/airflow/example_dags/tutorial_taskflow_api_virtualenv.py
[2024-01-29T20:16:32.792+0100] {processor.py:830} INFO - Processing file /home/ubuntu/.local/lib/python3.10/site-packages/airflow/example_dags/tutorial_taskflow_api_virtualenv.py for tasks to queue
[2024-01-29T20:16:32.793+0100] {logging_mixin.py:188} INFO - [2024-01-29T20:16:32.792+0100] {dagbag.py:538} INFO - Filling up the DagBag from /home/ubuntu/.local/lib/python3.10/site-packages/airflow/example_dags/tutorial_taskflow_api_virtualenv.py
[2024-01-29T20:16:32.801+0100] {processor.py:840} INFO - DAG(s) 'tutorial_taskflow_api_virtualenv' retrieved from /home/ubuntu/.local/lib/python3.10/site-packages/airflow/example_dags/tutorial_taskflow_api_virtualenv.py
[2024-01-29T20:16:32.875+0100] {logging_mixin.py:188} INFO - [2024-01-29T20:16:32.874+0100] {dag.py:3033} INFO - Sync 1 DAGs
[2024-01-29T20:16:32.904+0100] {logging_mixin.py:188} INFO - [2024-01-29T20:16:32.903+0100] {dag.py:3820} INFO - Setting next_dagrun for tutorial_taskflow_api_virtualenv to None, run_after=None
[2024-01-29T20:16:33.044+0100] {processor.py:183} INFO - Processing /home/ubuntu/.local/lib/python3.10/site-packages/airflow/example_dags/tutorial_taskflow_api_virtualenv.py took 0.259 seconds
[2024-01-29T20:17:22.896+0100] {processor.py:161} INFO - Started process (PID=9453) to work on /home/ubuntu/.local/lib/python3.10/site-packages/airflow/example_dags/tutorial_taskflow_api_virtualenv.py
[2024-01-29T20:17:22.898+0100] {processor.py:830} INFO - Processing file /home/ubuntu/.local/lib/python3.10/site-packages/airflow/example_dags/tutorial_taskflow_api_virtualenv.py for tasks to queue
[2024-01-29T20:17:22.899+0100] {logging_mixin.py:188} INFO - [2024-01-29T20:17:22.898+0100] {dagbag.py:538} INFO - Filling up the DagBag from /home/ubuntu/.local/lib/python3.10/site-packages/airflow/example_dags/tutorial_taskflow_api_virtualenv.py
[2024-01-29T20:17:22.906+0100] {processor.py:840} INFO - DAG(s) 'tutorial_taskflow_api_virtualenv' retrieved from /home/ubuntu/.local/lib/python3.10/site-packages/airflow/example_dags/tutorial_taskflow_api_virtualenv.py
[2024-01-29T20:17:22.933+0100] {logging_mixin.py:188} INFO - [2024-01-29T20:17:22.933+0100] {dag.py:3033} INFO - Sync 1 DAGs
[2024-01-29T20:17:22.969+0100] {logging_mixin.py:188} INFO - [2024-01-29T20:17:22.969+0100] {dag.py:3820} INFO - Setting next_dagrun for tutorial_taskflow_api_virtualenv to None, run_after=None
[2024-01-29T20:17:23.001+0100] {processor.py:183} INFO - Processing /home/ubuntu/.local/lib/python3.10/site-packages/airflow/example_dags/tutorial_taskflow_api_virtualenv.py took 0.110 seconds
[2024-01-29T20:18:11.109+0100] {processor.py:161} INFO - Started process (PID=9506) to work on /home/ubuntu/.local/lib/python3.10/site-packages/airflow/example_dags/tutorial_taskflow_api_virtualenv.py
[2024-01-29T20:18:11.111+0100] {processor.py:830} INFO - Processing file /home/ubuntu/.local/lib/python3.10/site-packages/airflow/example_dags/tutorial_taskflow_api_virtualenv.py for tasks to queue
[2024-01-29T20:18:11.112+0100] {logging_mixin.py:188} INFO - [2024-01-29T20:18:11.112+0100] {dagbag.py:538} INFO - Filling up the DagBag from /home/ubuntu/.local/lib/python3.10/site-packages/airflow/example_dags/tutorial_taskflow_api_virtualenv.py
[2024-01-29T20:18:11.120+0100] {processor.py:840} INFO - DAG(s) 'tutorial_taskflow_api_virtualenv' retrieved from /home/ubuntu/.local/lib/python3.10/site-packages/airflow/example_dags/tutorial_taskflow_api_virtualenv.py
[2024-01-29T20:18:11.138+0100] {logging_mixin.py:188} INFO - [2024-01-29T20:18:11.138+0100] {dag.py:3033} INFO - Sync 1 DAGs
[2024-01-29T20:18:11.153+0100] {logging_mixin.py:188} INFO - [2024-01-29T20:18:11.152+0100] {dag.py:3820} INFO - Setting next_dagrun for tutorial_taskflow_api_virtualenv to None, run_after=None
[2024-01-29T20:18:11.185+0100] {processor.py:183} INFO - Processing /home/ubuntu/.local/lib/python3.10/site-packages/airflow/example_dags/tutorial_taskflow_api_virtualenv.py took 0.080 seconds
[2024-01-29T20:18:52.050+0100] {processor.py:161} INFO - Started process (PID=9556) to work on /home/ubuntu/.local/lib/python3.10/site-packages/airflow/example_dags/tutorial_taskflow_api_virtualenv.py
[2024-01-29T20:18:52.051+0100] {processor.py:830} INFO - Processing file /home/ubuntu/.local/lib/python3.10/site-packages/airflow/example_dags/tutorial_taskflow_api_virtualenv.py for tasks to queue
[2024-01-29T20:18:52.052+0100] {logging_mixin.py:188} INFO - [2024-01-29T20:18:52.052+0100] {dagbag.py:538} INFO - Filling up the DagBag from /home/ubuntu/.local/lib/python3.10/site-packages/airflow/example_dags/tutorial_taskflow_api_virtualenv.py
[2024-01-29T20:18:52.059+0100] {processor.py:840} INFO - DAG(s) 'tutorial_taskflow_api_virtualenv' retrieved from /home/ubuntu/.local/lib/python3.10/site-packages/airflow/example_dags/tutorial_taskflow_api_virtualenv.py
[2024-01-29T20:18:52.074+0100] {logging_mixin.py:188} INFO - [2024-01-29T20:18:52.074+0100] {dag.py:3033} INFO - Sync 1 DAGs
[2024-01-29T20:18:52.088+0100] {logging_mixin.py:188} INFO - [2024-01-29T20:18:52.088+0100] {dag.py:3820} INFO - Setting next_dagrun for tutorial_taskflow_api_virtualenv to None, run_after=None
[2024-01-29T20:18:52.118+0100] {processor.py:183} INFO - Processing /home/ubuntu/.local/lib/python3.10/site-packages/airflow/example_dags/tutorial_taskflow_api_virtualenv.py took 0.072 seconds
[2024-01-29T20:19:39.014+0100] {processor.py:161} INFO - Started process (PID=9627) to work on /home/ubuntu/.local/lib/python3.10/site-packages/airflow/example_dags/tutorial_taskflow_api_virtualenv.py
[2024-01-29T20:19:39.017+0100] {processor.py:830} INFO - Processing file /home/ubuntu/.local/lib/python3.10/site-packages/airflow/example_dags/tutorial_taskflow_api_virtualenv.py for tasks to queue
[2024-01-29T20:19:39.018+0100] {logging_mixin.py:188} INFO - [2024-01-29T20:19:39.017+0100] {dagbag.py:538} INFO - Filling up the DagBag from /home/ubuntu/.local/lib/python3.10/site-packages/airflow/example_dags/tutorial_taskflow_api_virtualenv.py
[2024-01-29T20:19:39.029+0100] {processor.py:840} INFO - DAG(s) 'tutorial_taskflow_api_virtualenv' retrieved from /home/ubuntu/.local/lib/python3.10/site-packages/airflow/example_dags/tutorial_taskflow_api_virtualenv.py
[2024-01-29T20:19:39.057+0100] {logging_mixin.py:188} INFO - [2024-01-29T20:19:39.057+0100] {dag.py:3033} INFO - Sync 1 DAGs
[2024-01-29T20:19:39.074+0100] {logging_mixin.py:188} INFO - [2024-01-29T20:19:39.074+0100] {dag.py:3820} INFO - Setting next_dagrun for tutorial_taskflow_api_virtualenv to None, run_after=None
[2024-01-29T20:19:39.122+0100] {processor.py:183} INFO - Processing /home/ubuntu/.local/lib/python3.10/site-packages/airflow/example_dags/tutorial_taskflow_api_virtualenv.py took 0.114 seconds
[2024-01-29T20:20:19.740+0100] {processor.py:161} INFO - Started process (PID=9673) to work on /home/ubuntu/.local/lib/python3.10/site-packages/airflow/example_dags/tutorial_taskflow_api_virtualenv.py
[2024-01-29T20:20:19.743+0100] {processor.py:830} INFO - Processing file /home/ubuntu/.local/lib/python3.10/site-packages/airflow/example_dags/tutorial_taskflow_api_virtualenv.py for tasks to queue
[2024-01-29T20:20:19.744+0100] {logging_mixin.py:188} INFO - [2024-01-29T20:20:19.744+0100] {dagbag.py:538} INFO - Filling up the DagBag from /home/ubuntu/.local/lib/python3.10/site-packages/airflow/example_dags/tutorial_taskflow_api_virtualenv.py
[2024-01-29T20:20:19.755+0100] {processor.py:840} INFO - DAG(s) 'tutorial_taskflow_api_virtualenv' retrieved from /home/ubuntu/.local/lib/python3.10/site-packages/airflow/example_dags/tutorial_taskflow_api_virtualenv.py
[2024-01-29T20:20:19.776+0100] {logging_mixin.py:188} INFO - [2024-01-29T20:20:19.776+0100] {dag.py:3033} INFO - Sync 1 DAGs
[2024-01-29T20:20:19.790+0100] {logging_mixin.py:188} INFO - [2024-01-29T20:20:19.790+0100] {dag.py:3820} INFO - Setting next_dagrun for tutorial_taskflow_api_virtualenv to None, run_after=None
[2024-01-29T20:20:19.836+0100] {processor.py:183} INFO - Processing /home/ubuntu/.local/lib/python3.10/site-packages/airflow/example_dags/tutorial_taskflow_api_virtualenv.py took 0.100 seconds
[2024-01-29T20:21:02.718+0100] {processor.py:161} INFO - Started process (PID=9721) to work on /home/ubuntu/.local/lib/python3.10/site-packages/airflow/example_dags/tutorial_taskflow_api_virtualenv.py
[2024-01-29T20:21:02.720+0100] {processor.py:830} INFO - Processing file /home/ubuntu/.local/lib/python3.10/site-packages/airflow/example_dags/tutorial_taskflow_api_virtualenv.py for tasks to queue
[2024-01-29T20:21:02.721+0100] {logging_mixin.py:188} INFO - [2024-01-29T20:21:02.720+0100] {dagbag.py:538} INFO - Filling up the DagBag from /home/ubuntu/.local/lib/python3.10/site-packages/airflow/example_dags/tutorial_taskflow_api_virtualenv.py
[2024-01-29T20:21:02.729+0100] {processor.py:840} INFO - DAG(s) 'tutorial_taskflow_api_virtualenv' retrieved from /home/ubuntu/.local/lib/python3.10/site-packages/airflow/example_dags/tutorial_taskflow_api_virtualenv.py
[2024-01-29T20:21:02.746+0100] {logging_mixin.py:188} INFO - [2024-01-29T20:21:02.745+0100] {dag.py:3033} INFO - Sync 1 DAGs
[2024-01-29T20:21:02.759+0100] {logging_mixin.py:188} INFO - [2024-01-29T20:21:02.759+0100] {dag.py:3820} INFO - Setting next_dagrun for tutorial_taskflow_api_virtualenv to None, run_after=None
[2024-01-29T20:21:02.787+0100] {processor.py:183} INFO - Processing /home/ubuntu/.local/lib/python3.10/site-packages/airflow/example_dags/tutorial_taskflow_api_virtualenv.py took 0.074 seconds
