[2024-01-30T15:29:51.622+0100] {processor.py:161} INFO - Started process (PID=6588) to work on /home/ubuntu/.local/lib/python3.10/site-packages/airflow/example_dags/example_xcom.py
[2024-01-30T15:29:51.624+0100] {processor.py:830} INFO - Processing file /home/ubuntu/.local/lib/python3.10/site-packages/airflow/example_dags/example_xcom.py for tasks to queue
[2024-01-30T15:29:51.626+0100] {logging_mixin.py:188} INFO - [2024-01-30T15:29:51.626+0100] {dagbag.py:538} INFO - Filling up the DagBag from /home/ubuntu/.local/lib/python3.10/site-packages/airflow/example_dags/example_xcom.py
[2024-01-30T15:29:51.646+0100] {processor.py:840} INFO - DAG(s) 'example_xcom' retrieved from /home/ubuntu/.local/lib/python3.10/site-packages/airflow/example_dags/example_xcom.py
[2024-01-30T15:29:51.663+0100] {logging_mixin.py:188} INFO - [2024-01-30T15:29:51.663+0100] {dag.py:3033} INFO - Sync 1 DAGs
[2024-01-30T15:29:51.728+0100] {logging_mixin.py:188} INFO - [2024-01-30T15:29:51.728+0100] {dag.py:3820} INFO - Setting next_dagrun for example_xcom to 2021-01-01T00:00:00+00:00, run_after=2021-01-01T00:00:00+00:00
[2024-01-30T15:29:51.784+0100] {processor.py:183} INFO - Processing /home/ubuntu/.local/lib/python3.10/site-packages/airflow/example_dags/example_xcom.py took 0.169 seconds
[2024-01-30T15:30:55.992+0100] {processor.py:161} INFO - Started process (PID=6648) to work on /home/ubuntu/.local/lib/python3.10/site-packages/airflow/example_dags/example_xcom.py
[2024-01-30T15:30:55.994+0100] {processor.py:830} INFO - Processing file /home/ubuntu/.local/lib/python3.10/site-packages/airflow/example_dags/example_xcom.py for tasks to queue
[2024-01-30T15:30:55.997+0100] {logging_mixin.py:188} INFO - [2024-01-30T15:30:55.996+0100] {dagbag.py:538} INFO - Filling up the DagBag from /home/ubuntu/.local/lib/python3.10/site-packages/airflow/example_dags/example_xcom.py
[2024-01-30T15:30:56.013+0100] {processor.py:840} INFO - DAG(s) 'example_xcom' retrieved from /home/ubuntu/.local/lib/python3.10/site-packages/airflow/example_dags/example_xcom.py
[2024-01-30T15:30:56.130+0100] {logging_mixin.py:188} INFO - [2024-01-30T15:30:56.129+0100] {dag.py:3033} INFO - Sync 1 DAGs
[2024-01-30T15:30:56.148+0100] {logging_mixin.py:188} INFO - [2024-01-30T15:30:56.148+0100] {dag.py:3820} INFO - Setting next_dagrun for example_xcom to 2021-01-01T00:00:00+00:00, run_after=2021-01-01T00:00:00+00:00
[2024-01-30T15:30:56.185+0100] {processor.py:183} INFO - Processing /home/ubuntu/.local/lib/python3.10/site-packages/airflow/example_dags/example_xcom.py took 0.199 seconds
[2024-01-30T15:31:48.286+0100] {processor.py:161} INFO - Started process (PID=6706) to work on /home/ubuntu/.local/lib/python3.10/site-packages/airflow/example_dags/example_xcom.py
[2024-01-30T15:31:48.289+0100] {processor.py:830} INFO - Processing file /home/ubuntu/.local/lib/python3.10/site-packages/airflow/example_dags/example_xcom.py for tasks to queue
[2024-01-30T15:31:48.293+0100] {logging_mixin.py:188} INFO - [2024-01-30T15:31:48.292+0100] {dagbag.py:538} INFO - Filling up the DagBag from /home/ubuntu/.local/lib/python3.10/site-packages/airflow/example_dags/example_xcom.py
[2024-01-30T15:31:48.307+0100] {processor.py:840} INFO - DAG(s) 'example_xcom' retrieved from /home/ubuntu/.local/lib/python3.10/site-packages/airflow/example_dags/example_xcom.py
[2024-01-30T15:31:48.334+0100] {logging_mixin.py:188} INFO - [2024-01-30T15:31:48.334+0100] {dag.py:3033} INFO - Sync 1 DAGs
[2024-01-30T15:31:48.364+0100] {logging_mixin.py:188} INFO - [2024-01-30T15:31:48.364+0100] {dag.py:3820} INFO - Setting next_dagrun for example_xcom to 2021-01-01T00:00:00+00:00, run_after=2021-01-01T00:00:00+00:00
[2024-01-30T15:31:48.400+0100] {processor.py:183} INFO - Processing /home/ubuntu/.local/lib/python3.10/site-packages/airflow/example_dags/example_xcom.py took 0.119 seconds
[2024-01-30T15:32:53.774+0100] {processor.py:161} INFO - Started process (PID=6773) to work on /home/ubuntu/.local/lib/python3.10/site-packages/airflow/example_dags/example_xcom.py
[2024-01-30T15:32:53.778+0100] {processor.py:830} INFO - Processing file /home/ubuntu/.local/lib/python3.10/site-packages/airflow/example_dags/example_xcom.py for tasks to queue
[2024-01-30T15:32:53.782+0100] {logging_mixin.py:188} INFO - [2024-01-30T15:32:53.781+0100] {dagbag.py:538} INFO - Filling up the DagBag from /home/ubuntu/.local/lib/python3.10/site-packages/airflow/example_dags/example_xcom.py
[2024-01-30T15:32:53.860+0100] {processor.py:840} INFO - DAG(s) 'example_xcom' retrieved from /home/ubuntu/.local/lib/python3.10/site-packages/airflow/example_dags/example_xcom.py
[2024-01-30T15:32:53.967+0100] {logging_mixin.py:188} INFO - [2024-01-30T15:32:53.957+0100] {dag.py:3033} INFO - Sync 1 DAGs
[2024-01-30T15:32:54.049+0100] {logging_mixin.py:188} INFO - [2024-01-30T15:32:54.039+0100] {dag.py:3820} INFO - Setting next_dagrun for example_xcom to 2021-01-01T00:00:00+00:00, run_after=2021-01-01T00:00:00+00:00
[2024-01-30T15:32:54.090+0100] {processor.py:183} INFO - Processing /home/ubuntu/.local/lib/python3.10/site-packages/airflow/example_dags/example_xcom.py took 0.322 seconds
[2024-01-30T15:33:37.113+0100] {processor.py:161} INFO - Started process (PID=6818) to work on /home/ubuntu/.local/lib/python3.10/site-packages/airflow/example_dags/example_xcom.py
[2024-01-30T15:33:37.115+0100] {processor.py:830} INFO - Processing file /home/ubuntu/.local/lib/python3.10/site-packages/airflow/example_dags/example_xcom.py for tasks to queue
[2024-01-30T15:33:37.118+0100] {logging_mixin.py:188} INFO - [2024-01-30T15:33:37.117+0100] {dagbag.py:538} INFO - Filling up the DagBag from /home/ubuntu/.local/lib/python3.10/site-packages/airflow/example_dags/example_xcom.py
[2024-01-30T15:33:37.132+0100] {processor.py:840} INFO - DAG(s) 'example_xcom' retrieved from /home/ubuntu/.local/lib/python3.10/site-packages/airflow/example_dags/example_xcom.py
[2024-01-30T15:33:37.162+0100] {logging_mixin.py:188} INFO - [2024-01-30T15:33:37.162+0100] {dag.py:3033} INFO - Sync 1 DAGs
[2024-01-30T15:33:37.195+0100] {logging_mixin.py:188} INFO - [2024-01-30T15:33:37.194+0100] {dag.py:3820} INFO - Setting next_dagrun for example_xcom to 2021-01-01T00:00:00+00:00, run_after=2021-01-01T00:00:00+00:00
[2024-01-30T15:33:37.265+0100] {processor.py:183} INFO - Processing /home/ubuntu/.local/lib/python3.10/site-packages/airflow/example_dags/example_xcom.py took 0.159 seconds
[2024-01-30T15:34:35.239+0100] {processor.py:161} INFO - Started process (PID=6877) to work on /home/ubuntu/.local/lib/python3.10/site-packages/airflow/example_dags/example_xcom.py
[2024-01-30T15:34:35.241+0100] {processor.py:830} INFO - Processing file /home/ubuntu/.local/lib/python3.10/site-packages/airflow/example_dags/example_xcom.py for tasks to queue
[2024-01-30T15:34:35.243+0100] {logging_mixin.py:188} INFO - [2024-01-30T15:34:35.243+0100] {dagbag.py:538} INFO - Filling up the DagBag from /home/ubuntu/.local/lib/python3.10/site-packages/airflow/example_dags/example_xcom.py
[2024-01-30T15:34:35.254+0100] {processor.py:840} INFO - DAG(s) 'example_xcom' retrieved from /home/ubuntu/.local/lib/python3.10/site-packages/airflow/example_dags/example_xcom.py
[2024-01-30T15:34:35.274+0100] {logging_mixin.py:188} INFO - [2024-01-30T15:34:35.274+0100] {dag.py:3033} INFO - Sync 1 DAGs
[2024-01-30T15:34:35.296+0100] {logging_mixin.py:188} INFO - [2024-01-30T15:34:35.296+0100] {dag.py:3820} INFO - Setting next_dagrun for example_xcom to 2021-01-01T00:00:00+00:00, run_after=2021-01-01T00:00:00+00:00
[2024-01-30T15:34:35.329+0100] {processor.py:183} INFO - Processing /home/ubuntu/.local/lib/python3.10/site-packages/airflow/example_dags/example_xcom.py took 0.098 seconds
[2024-01-30T15:35:26.849+0100] {processor.py:161} INFO - Started process (PID=6932) to work on /home/ubuntu/.local/lib/python3.10/site-packages/airflow/example_dags/example_xcom.py
[2024-01-30T15:35:26.853+0100] {processor.py:830} INFO - Processing file /home/ubuntu/.local/lib/python3.10/site-packages/airflow/example_dags/example_xcom.py for tasks to queue
[2024-01-30T15:35:26.855+0100] {logging_mixin.py:188} INFO - [2024-01-30T15:35:26.854+0100] {dagbag.py:538} INFO - Filling up the DagBag from /home/ubuntu/.local/lib/python3.10/site-packages/airflow/example_dags/example_xcom.py
[2024-01-30T15:35:26.870+0100] {processor.py:840} INFO - DAG(s) 'example_xcom' retrieved from /home/ubuntu/.local/lib/python3.10/site-packages/airflow/example_dags/example_xcom.py
[2024-01-30T15:35:26.898+0100] {logging_mixin.py:188} INFO - [2024-01-30T15:35:26.898+0100] {dag.py:3033} INFO - Sync 1 DAGs
[2024-01-30T15:35:26.935+0100] {logging_mixin.py:188} INFO - [2024-01-30T15:35:26.934+0100] {dag.py:3820} INFO - Setting next_dagrun for example_xcom to 2021-01-01T00:00:00+00:00, run_after=2021-01-01T00:00:00+00:00
[2024-01-30T15:35:26.972+0100] {processor.py:183} INFO - Processing /home/ubuntu/.local/lib/python3.10/site-packages/airflow/example_dags/example_xcom.py took 0.128 seconds
[2024-01-30T15:36:14.855+0100] {processor.py:161} INFO - Started process (PID=6982) to work on /home/ubuntu/.local/lib/python3.10/site-packages/airflow/example_dags/example_xcom.py
[2024-01-30T15:36:14.859+0100] {processor.py:830} INFO - Processing file /home/ubuntu/.local/lib/python3.10/site-packages/airflow/example_dags/example_xcom.py for tasks to queue
[2024-01-30T15:36:14.863+0100] {logging_mixin.py:188} INFO - [2024-01-30T15:36:14.862+0100] {dagbag.py:538} INFO - Filling up the DagBag from /home/ubuntu/.local/lib/python3.10/site-packages/airflow/example_dags/example_xcom.py
[2024-01-30T15:36:14.882+0100] {processor.py:840} INFO - DAG(s) 'example_xcom' retrieved from /home/ubuntu/.local/lib/python3.10/site-packages/airflow/example_dags/example_xcom.py
[2024-01-30T15:36:14.904+0100] {logging_mixin.py:188} INFO - [2024-01-30T15:36:14.903+0100] {dag.py:3033} INFO - Sync 1 DAGs
[2024-01-30T15:36:14.932+0100] {logging_mixin.py:188} INFO - [2024-01-30T15:36:14.932+0100] {dag.py:3820} INFO - Setting next_dagrun for example_xcom to 2021-01-01T00:00:00+00:00, run_after=2021-01-01T00:00:00+00:00
[2024-01-30T15:36:15.007+0100] {processor.py:183} INFO - Processing /home/ubuntu/.local/lib/python3.10/site-packages/airflow/example_dags/example_xcom.py took 0.159 seconds
[2024-01-30T15:37:10.311+0100] {processor.py:161} INFO - Started process (PID=7039) to work on /home/ubuntu/.local/lib/python3.10/site-packages/airflow/example_dags/example_xcom.py
[2024-01-30T15:37:10.314+0100] {processor.py:830} INFO - Processing file /home/ubuntu/.local/lib/python3.10/site-packages/airflow/example_dags/example_xcom.py for tasks to queue
[2024-01-30T15:37:10.316+0100] {logging_mixin.py:188} INFO - [2024-01-30T15:37:10.316+0100] {dagbag.py:538} INFO - Filling up the DagBag from /home/ubuntu/.local/lib/python3.10/site-packages/airflow/example_dags/example_xcom.py
[2024-01-30T15:37:10.328+0100] {processor.py:840} INFO - DAG(s) 'example_xcom' retrieved from /home/ubuntu/.local/lib/python3.10/site-packages/airflow/example_dags/example_xcom.py
[2024-01-30T15:37:10.349+0100] {logging_mixin.py:188} INFO - [2024-01-30T15:37:10.349+0100] {dag.py:3033} INFO - Sync 1 DAGs
[2024-01-30T15:37:10.374+0100] {logging_mixin.py:188} INFO - [2024-01-30T15:37:10.374+0100] {dag.py:3820} INFO - Setting next_dagrun for example_xcom to 2021-01-01T00:00:00+00:00, run_after=2021-01-01T00:00:00+00:00
[2024-01-30T15:37:10.408+0100] {processor.py:183} INFO - Processing /home/ubuntu/.local/lib/python3.10/site-packages/airflow/example_dags/example_xcom.py took 0.101 seconds
[2024-01-30T15:38:02.063+0100] {processor.py:161} INFO - Started process (PID=7095) to work on /home/ubuntu/.local/lib/python3.10/site-packages/airflow/example_dags/example_xcom.py
[2024-01-30T15:38:02.065+0100] {processor.py:830} INFO - Processing file /home/ubuntu/.local/lib/python3.10/site-packages/airflow/example_dags/example_xcom.py for tasks to queue
[2024-01-30T15:38:02.067+0100] {logging_mixin.py:188} INFO - [2024-01-30T15:38:02.066+0100] {dagbag.py:538} INFO - Filling up the DagBag from /home/ubuntu/.local/lib/python3.10/site-packages/airflow/example_dags/example_xcom.py
[2024-01-30T15:38:02.078+0100] {processor.py:840} INFO - DAG(s) 'example_xcom' retrieved from /home/ubuntu/.local/lib/python3.10/site-packages/airflow/example_dags/example_xcom.py
[2024-01-30T15:38:02.096+0100] {logging_mixin.py:188} INFO - [2024-01-30T15:38:02.096+0100] {dag.py:3033} INFO - Sync 1 DAGs
[2024-01-30T15:38:02.116+0100] {logging_mixin.py:188} INFO - [2024-01-30T15:38:02.116+0100] {dag.py:3820} INFO - Setting next_dagrun for example_xcom to 2021-01-01T00:00:00+00:00, run_after=2021-01-01T00:00:00+00:00
[2024-01-30T15:38:02.160+0100] {processor.py:183} INFO - Processing /home/ubuntu/.local/lib/python3.10/site-packages/airflow/example_dags/example_xcom.py took 0.102 seconds
[2024-01-30T15:38:56.078+0100] {processor.py:161} INFO - Started process (PID=7228) to work on /home/ubuntu/.local/lib/python3.10/site-packages/airflow/example_dags/example_xcom.py
[2024-01-30T15:38:56.090+0100] {processor.py:830} INFO - Processing file /home/ubuntu/.local/lib/python3.10/site-packages/airflow/example_dags/example_xcom.py for tasks to queue
[2024-01-30T15:38:56.094+0100] {logging_mixin.py:188} INFO - [2024-01-30T15:38:56.091+0100] {dagbag.py:538} INFO - Filling up the DagBag from /home/ubuntu/.local/lib/python3.10/site-packages/airflow/example_dags/example_xcom.py
[2024-01-30T15:38:56.139+0100] {processor.py:840} INFO - DAG(s) 'example_xcom' retrieved from /home/ubuntu/.local/lib/python3.10/site-packages/airflow/example_dags/example_xcom.py
[2024-01-30T15:38:56.170+0100] {logging_mixin.py:188} INFO - [2024-01-30T15:38:56.170+0100] {dag.py:3033} INFO - Sync 1 DAGs
[2024-01-30T15:38:56.195+0100] {logging_mixin.py:188} INFO - [2024-01-30T15:38:56.195+0100] {dag.py:3820} INFO - Setting next_dagrun for example_xcom to 2021-01-01T00:00:00+00:00, run_after=2021-01-01T00:00:00+00:00
[2024-01-30T15:38:56.226+0100] {processor.py:183} INFO - Processing /home/ubuntu/.local/lib/python3.10/site-packages/airflow/example_dags/example_xcom.py took 0.154 seconds
[2024-01-30T15:39:53.541+0100] {processor.py:161} INFO - Started process (PID=7296) to work on /home/ubuntu/.local/lib/python3.10/site-packages/airflow/example_dags/example_xcom.py
[2024-01-30T15:39:53.545+0100] {processor.py:830} INFO - Processing file /home/ubuntu/.local/lib/python3.10/site-packages/airflow/example_dags/example_xcom.py for tasks to queue
[2024-01-30T15:39:53.547+0100] {logging_mixin.py:188} INFO - [2024-01-30T15:39:53.546+0100] {dagbag.py:538} INFO - Filling up the DagBag from /home/ubuntu/.local/lib/python3.10/site-packages/airflow/example_dags/example_xcom.py
[2024-01-30T15:39:53.559+0100] {processor.py:840} INFO - DAG(s) 'example_xcom' retrieved from /home/ubuntu/.local/lib/python3.10/site-packages/airflow/example_dags/example_xcom.py
[2024-01-30T15:39:53.577+0100] {logging_mixin.py:188} INFO - [2024-01-30T15:39:53.577+0100] {dag.py:3033} INFO - Sync 1 DAGs
[2024-01-30T15:39:53.596+0100] {logging_mixin.py:188} INFO - [2024-01-30T15:39:53.595+0100] {dag.py:3820} INFO - Setting next_dagrun for example_xcom to 2021-01-01T00:00:00+00:00, run_after=2021-01-01T00:00:00+00:00
[2024-01-30T15:39:53.685+0100] {processor.py:183} INFO - Processing /home/ubuntu/.local/lib/python3.10/site-packages/airflow/example_dags/example_xcom.py took 0.149 seconds
[2024-01-30T15:40:48.795+0100] {processor.py:161} INFO - Started process (PID=7349) to work on /home/ubuntu/.local/lib/python3.10/site-packages/airflow/example_dags/example_xcom.py
[2024-01-30T15:40:48.797+0100] {processor.py:830} INFO - Processing file /home/ubuntu/.local/lib/python3.10/site-packages/airflow/example_dags/example_xcom.py for tasks to queue
[2024-01-30T15:40:48.800+0100] {logging_mixin.py:188} INFO - [2024-01-30T15:40:48.799+0100] {dagbag.py:538} INFO - Filling up the DagBag from /home/ubuntu/.local/lib/python3.10/site-packages/airflow/example_dags/example_xcom.py
[2024-01-30T15:40:48.812+0100] {processor.py:840} INFO - DAG(s) 'example_xcom' retrieved from /home/ubuntu/.local/lib/python3.10/site-packages/airflow/example_dags/example_xcom.py
[2024-01-30T15:40:48.831+0100] {logging_mixin.py:188} INFO - [2024-01-30T15:40:48.831+0100] {dag.py:3033} INFO - Sync 1 DAGs
[2024-01-30T15:40:48.852+0100] {logging_mixin.py:188} INFO - [2024-01-30T15:40:48.852+0100] {dag.py:3820} INFO - Setting next_dagrun for example_xcom to 2021-01-01T00:00:00+00:00, run_after=2021-01-01T00:00:00+00:00
[2024-01-30T15:40:48.925+0100] {processor.py:183} INFO - Processing /home/ubuntu/.local/lib/python3.10/site-packages/airflow/example_dags/example_xcom.py took 0.134 seconds
[2024-01-30T15:41:48.242+0100] {processor.py:161} INFO - Started process (PID=7410) to work on /home/ubuntu/.local/lib/python3.10/site-packages/airflow/example_dags/example_xcom.py
[2024-01-30T15:41:48.245+0100] {processor.py:830} INFO - Processing file /home/ubuntu/.local/lib/python3.10/site-packages/airflow/example_dags/example_xcom.py for tasks to queue
[2024-01-30T15:41:48.250+0100] {logging_mixin.py:188} INFO - [2024-01-30T15:41:48.247+0100] {dagbag.py:538} INFO - Filling up the DagBag from /home/ubuntu/.local/lib/python3.10/site-packages/airflow/example_dags/example_xcom.py
[2024-01-30T15:41:48.260+0100] {processor.py:840} INFO - DAG(s) 'example_xcom' retrieved from /home/ubuntu/.local/lib/python3.10/site-packages/airflow/example_dags/example_xcom.py
[2024-01-30T15:41:48.280+0100] {logging_mixin.py:188} INFO - [2024-01-30T15:41:48.280+0100] {dag.py:3033} INFO - Sync 1 DAGs
[2024-01-30T15:41:48.301+0100] {logging_mixin.py:188} INFO - [2024-01-30T15:41:48.301+0100] {dag.py:3820} INFO - Setting next_dagrun for example_xcom to 2021-01-01T00:00:00+00:00, run_after=2021-01-01T00:00:00+00:00
[2024-01-30T15:41:48.330+0100] {processor.py:183} INFO - Processing /home/ubuntu/.local/lib/python3.10/site-packages/airflow/example_dags/example_xcom.py took 0.092 seconds
[2024-01-30T15:42:30.956+0100] {processor.py:161} INFO - Started process (PID=7551) to work on /home/ubuntu/.local/lib/python3.10/site-packages/airflow/example_dags/example_xcom.py
[2024-01-30T15:42:30.959+0100] {processor.py:830} INFO - Processing file /home/ubuntu/.local/lib/python3.10/site-packages/airflow/example_dags/example_xcom.py for tasks to queue
[2024-01-30T15:42:30.961+0100] {logging_mixin.py:188} INFO - [2024-01-30T15:42:30.960+0100] {dagbag.py:538} INFO - Filling up the DagBag from /home/ubuntu/.local/lib/python3.10/site-packages/airflow/example_dags/example_xcom.py
[2024-01-30T15:42:30.980+0100] {processor.py:840} INFO - DAG(s) 'example_xcom' retrieved from /home/ubuntu/.local/lib/python3.10/site-packages/airflow/example_dags/example_xcom.py
[2024-01-30T15:42:31.015+0100] {logging_mixin.py:188} INFO - [2024-01-30T15:42:31.015+0100] {dag.py:3033} INFO - Sync 1 DAGs
[2024-01-30T15:42:31.067+0100] {logging_mixin.py:188} INFO - [2024-01-30T15:42:31.066+0100] {dag.py:3820} INFO - Setting next_dagrun for example_xcom to 2021-01-01T00:00:00+00:00, run_after=2021-01-01T00:00:00+00:00
[2024-01-30T15:42:31.193+0100] {processor.py:183} INFO - Processing /home/ubuntu/.local/lib/python3.10/site-packages/airflow/example_dags/example_xcom.py took 0.242 seconds
[2024-01-30T15:43:29.874+0100] {processor.py:161} INFO - Started process (PID=7829) to work on /home/ubuntu/.local/lib/python3.10/site-packages/airflow/example_dags/example_xcom.py
[2024-01-30T15:43:29.875+0100] {processor.py:830} INFO - Processing file /home/ubuntu/.local/lib/python3.10/site-packages/airflow/example_dags/example_xcom.py for tasks to queue
[2024-01-30T15:43:29.877+0100] {logging_mixin.py:188} INFO - [2024-01-30T15:43:29.876+0100] {dagbag.py:538} INFO - Filling up the DagBag from /home/ubuntu/.local/lib/python3.10/site-packages/airflow/example_dags/example_xcom.py
[2024-01-30T15:43:29.886+0100] {processor.py:840} INFO - DAG(s) 'example_xcom' retrieved from /home/ubuntu/.local/lib/python3.10/site-packages/airflow/example_dags/example_xcom.py
[2024-01-30T15:43:29.904+0100] {logging_mixin.py:188} INFO - [2024-01-30T15:43:29.904+0100] {dag.py:3033} INFO - Sync 1 DAGs
[2024-01-30T15:43:29.938+0100] {logging_mixin.py:188} INFO - [2024-01-30T15:43:29.938+0100] {dag.py:3820} INFO - Setting next_dagrun for example_xcom to 2021-01-01T00:00:00+00:00, run_after=2021-01-01T00:00:00+00:00
[2024-01-30T15:43:29.984+0100] {processor.py:183} INFO - Processing /home/ubuntu/.local/lib/python3.10/site-packages/airflow/example_dags/example_xcom.py took 0.115 seconds
[2024-01-30T15:44:33.441+0100] {processor.py:161} INFO - Started process (PID=8089) to work on /home/ubuntu/.local/lib/python3.10/site-packages/airflow/example_dags/example_xcom.py
[2024-01-30T15:44:33.447+0100] {processor.py:830} INFO - Processing file /home/ubuntu/.local/lib/python3.10/site-packages/airflow/example_dags/example_xcom.py for tasks to queue
[2024-01-30T15:44:33.449+0100] {logging_mixin.py:188} INFO - [2024-01-30T15:44:33.448+0100] {dagbag.py:538} INFO - Filling up the DagBag from /home/ubuntu/.local/lib/python3.10/site-packages/airflow/example_dags/example_xcom.py
[2024-01-30T15:44:33.459+0100] {processor.py:840} INFO - DAG(s) 'example_xcom' retrieved from /home/ubuntu/.local/lib/python3.10/site-packages/airflow/example_dags/example_xcom.py
[2024-01-30T15:44:33.478+0100] {logging_mixin.py:188} INFO - [2024-01-30T15:44:33.478+0100] {dag.py:3033} INFO - Sync 1 DAGs
[2024-01-30T15:44:33.502+0100] {logging_mixin.py:188} INFO - [2024-01-30T15:44:33.502+0100] {dag.py:3820} INFO - Setting next_dagrun for example_xcom to 2021-01-01T00:00:00+00:00, run_after=2021-01-01T00:00:00+00:00
[2024-01-30T15:44:33.539+0100] {processor.py:183} INFO - Processing /home/ubuntu/.local/lib/python3.10/site-packages/airflow/example_dags/example_xcom.py took 0.103 seconds
[2024-01-30T15:45:27.359+0100] {processor.py:161} INFO - Started process (PID=8255) to work on /home/ubuntu/.local/lib/python3.10/site-packages/airflow/example_dags/example_xcom.py
[2024-01-30T15:45:27.361+0100] {processor.py:830} INFO - Processing file /home/ubuntu/.local/lib/python3.10/site-packages/airflow/example_dags/example_xcom.py for tasks to queue
[2024-01-30T15:45:27.362+0100] {logging_mixin.py:188} INFO - [2024-01-30T15:45:27.362+0100] {dagbag.py:538} INFO - Filling up the DagBag from /home/ubuntu/.local/lib/python3.10/site-packages/airflow/example_dags/example_xcom.py
[2024-01-30T15:45:27.371+0100] {processor.py:840} INFO - DAG(s) 'example_xcom' retrieved from /home/ubuntu/.local/lib/python3.10/site-packages/airflow/example_dags/example_xcom.py
[2024-01-30T15:45:27.391+0100] {logging_mixin.py:188} INFO - [2024-01-30T15:45:27.391+0100] {dag.py:3033} INFO - Sync 1 DAGs
[2024-01-30T15:45:27.421+0100] {logging_mixin.py:188} INFO - [2024-01-30T15:45:27.420+0100] {dag.py:3820} INFO - Setting next_dagrun for example_xcom to 2021-01-01T00:00:00+00:00, run_after=2021-01-01T00:00:00+00:00
[2024-01-30T15:45:27.491+0100] {processor.py:183} INFO - Processing /home/ubuntu/.local/lib/python3.10/site-packages/airflow/example_dags/example_xcom.py took 0.135 seconds
[2024-01-30T15:46:09.191+0100] {processor.py:161} INFO - Started process (PID=8301) to work on /home/ubuntu/.local/lib/python3.10/site-packages/airflow/example_dags/example_xcom.py
[2024-01-30T15:46:09.194+0100] {processor.py:830} INFO - Processing file /home/ubuntu/.local/lib/python3.10/site-packages/airflow/example_dags/example_xcom.py for tasks to queue
[2024-01-30T15:46:09.196+0100] {logging_mixin.py:188} INFO - [2024-01-30T15:46:09.195+0100] {dagbag.py:538} INFO - Filling up the DagBag from /home/ubuntu/.local/lib/python3.10/site-packages/airflow/example_dags/example_xcom.py
[2024-01-30T15:46:09.205+0100] {processor.py:840} INFO - DAG(s) 'example_xcom' retrieved from /home/ubuntu/.local/lib/python3.10/site-packages/airflow/example_dags/example_xcom.py
[2024-01-30T15:46:09.223+0100] {logging_mixin.py:188} INFO - [2024-01-30T15:46:09.223+0100] {dag.py:3033} INFO - Sync 1 DAGs
[2024-01-30T15:46:09.245+0100] {logging_mixin.py:188} INFO - [2024-01-30T15:46:09.245+0100] {dag.py:3820} INFO - Setting next_dagrun for example_xcom to 2021-01-01T00:00:00+00:00, run_after=2021-01-01T00:00:00+00:00
[2024-01-30T15:46:09.278+0100] {processor.py:183} INFO - Processing /home/ubuntu/.local/lib/python3.10/site-packages/airflow/example_dags/example_xcom.py took 0.091 seconds
[2024-01-30T15:46:53.033+0100] {processor.py:161} INFO - Started process (PID=8350) to work on /home/ubuntu/.local/lib/python3.10/site-packages/airflow/example_dags/example_xcom.py
[2024-01-30T15:46:53.035+0100] {processor.py:830} INFO - Processing file /home/ubuntu/.local/lib/python3.10/site-packages/airflow/example_dags/example_xcom.py for tasks to queue
[2024-01-30T15:46:53.037+0100] {logging_mixin.py:188} INFO - [2024-01-30T15:46:53.036+0100] {dagbag.py:538} INFO - Filling up the DagBag from /home/ubuntu/.local/lib/python3.10/site-packages/airflow/example_dags/example_xcom.py
[2024-01-30T15:46:53.046+0100] {processor.py:840} INFO - DAG(s) 'example_xcom' retrieved from /home/ubuntu/.local/lib/python3.10/site-packages/airflow/example_dags/example_xcom.py
[2024-01-30T15:46:53.064+0100] {logging_mixin.py:188} INFO - [2024-01-30T15:46:53.064+0100] {dag.py:3033} INFO - Sync 1 DAGs
[2024-01-30T15:46:53.090+0100] {logging_mixin.py:188} INFO - [2024-01-30T15:46:53.090+0100] {dag.py:3820} INFO - Setting next_dagrun for example_xcom to 2021-01-01T00:00:00+00:00, run_after=2021-01-01T00:00:00+00:00
[2024-01-30T15:46:53.135+0100] {processor.py:183} INFO - Processing /home/ubuntu/.local/lib/python3.10/site-packages/airflow/example_dags/example_xcom.py took 0.105 seconds
[2024-01-30T15:48:07.211+0100] {processor.py:161} INFO - Started process (PID=8512) to work on /home/ubuntu/.local/lib/python3.10/site-packages/airflow/example_dags/example_xcom.py
[2024-01-30T15:48:07.222+0100] {processor.py:830} INFO - Processing file /home/ubuntu/.local/lib/python3.10/site-packages/airflow/example_dags/example_xcom.py for tasks to queue
[2024-01-30T15:48:07.232+0100] {logging_mixin.py:188} INFO - [2024-01-30T15:48:07.226+0100] {dagbag.py:538} INFO - Filling up the DagBag from /home/ubuntu/.local/lib/python3.10/site-packages/airflow/example_dags/example_xcom.py
[2024-01-30T15:48:07.273+0100] {processor.py:840} INFO - DAG(s) 'example_xcom' retrieved from /home/ubuntu/.local/lib/python3.10/site-packages/airflow/example_dags/example_xcom.py
[2024-01-30T15:48:07.349+0100] {logging_mixin.py:188} INFO - [2024-01-30T15:48:07.349+0100] {dag.py:3033} INFO - Sync 1 DAGs
[2024-01-30T15:48:07.416+0100] {logging_mixin.py:188} INFO - [2024-01-30T15:48:07.416+0100] {dag.py:3820} INFO - Setting next_dagrun for example_xcom to 2021-01-01T00:00:00+00:00, run_after=2021-01-01T00:00:00+00:00
[2024-01-30T15:48:07.592+0100] {processor.py:183} INFO - Processing /home/ubuntu/.local/lib/python3.10/site-packages/airflow/example_dags/example_xcom.py took 0.393 seconds
[2024-01-30T15:49:14.667+0100] {processor.py:161} INFO - Started process (PID=8785) to work on /home/ubuntu/.local/lib/python3.10/site-packages/airflow/example_dags/example_xcom.py
[2024-01-30T15:49:14.743+0100] {processor.py:830} INFO - Processing file /home/ubuntu/.local/lib/python3.10/site-packages/airflow/example_dags/example_xcom.py for tasks to queue
[2024-01-30T15:49:14.751+0100] {logging_mixin.py:188} INFO - [2024-01-30T15:49:14.750+0100] {dagbag.py:538} INFO - Filling up the DagBag from /home/ubuntu/.local/lib/python3.10/site-packages/airflow/example_dags/example_xcom.py
[2024-01-30T15:49:14.913+0100] {processor.py:840} INFO - DAG(s) 'example_xcom' retrieved from /home/ubuntu/.local/lib/python3.10/site-packages/airflow/example_dags/example_xcom.py
[2024-01-30T15:49:15.082+0100] {logging_mixin.py:188} INFO - [2024-01-30T15:49:15.079+0100] {dag.py:3033} INFO - Sync 1 DAGs
[2024-01-30T15:49:15.373+0100] {logging_mixin.py:188} INFO - [2024-01-30T15:49:15.372+0100] {dag.py:3820} INFO - Setting next_dagrun for example_xcom to 2021-01-01T00:00:00+00:00, run_after=2021-01-01T00:00:00+00:00
[2024-01-30T15:49:16.122+0100] {processor.py:183} INFO - Processing /home/ubuntu/.local/lib/python3.10/site-packages/airflow/example_dags/example_xcom.py took 1.461 seconds
[2024-01-30T15:51:59.070+0100] {processor.py:161} INFO - Started process (PID=9315) to work on /home/ubuntu/.local/lib/python3.10/site-packages/airflow/example_dags/example_xcom.py
[2024-01-30T15:51:59.082+0100] {processor.py:830} INFO - Processing file /home/ubuntu/.local/lib/python3.10/site-packages/airflow/example_dags/example_xcom.py for tasks to queue
[2024-01-30T15:51:59.084+0100] {logging_mixin.py:188} INFO - [2024-01-30T15:51:59.083+0100] {dagbag.py:538} INFO - Filling up the DagBag from /home/ubuntu/.local/lib/python3.10/site-packages/airflow/example_dags/example_xcom.py
[2024-01-30T15:51:59.114+0100] {processor.py:840} INFO - DAG(s) 'example_xcom' retrieved from /home/ubuntu/.local/lib/python3.10/site-packages/airflow/example_dags/example_xcom.py
[2024-01-30T15:51:59.162+0100] {logging_mixin.py:188} INFO - [2024-01-30T15:51:59.162+0100] {dag.py:3033} INFO - Sync 1 DAGs
[2024-01-30T15:51:59.267+0100] {logging_mixin.py:188} INFO - [2024-01-30T15:51:59.267+0100] {dag.py:3820} INFO - Setting next_dagrun for example_xcom to 2021-01-01T00:00:00+00:00, run_after=2021-01-01T00:00:00+00:00
[2024-01-30T15:51:59.379+0100] {processor.py:183} INFO - Processing /home/ubuntu/.local/lib/python3.10/site-packages/airflow/example_dags/example_xcom.py took 0.314 seconds
[2024-01-30T15:54:04.578+0100] {processor.py:161} INFO - Started process (PID=9768) to work on /home/ubuntu/.local/lib/python3.10/site-packages/airflow/example_dags/example_xcom.py
[2024-01-30T15:54:04.585+0100] {processor.py:830} INFO - Processing file /home/ubuntu/.local/lib/python3.10/site-packages/airflow/example_dags/example_xcom.py for tasks to queue
[2024-01-30T15:54:04.588+0100] {logging_mixin.py:188} INFO - [2024-01-30T15:54:04.587+0100] {dagbag.py:538} INFO - Filling up the DagBag from /home/ubuntu/.local/lib/python3.10/site-packages/airflow/example_dags/example_xcom.py
[2024-01-30T15:54:04.653+0100] {processor.py:840} INFO - DAG(s) 'example_xcom' retrieved from /home/ubuntu/.local/lib/python3.10/site-packages/airflow/example_dags/example_xcom.py
[2024-01-30T15:54:04.718+0100] {logging_mixin.py:188} INFO - [2024-01-30T15:54:04.718+0100] {dag.py:3033} INFO - Sync 1 DAGs
[2024-01-30T15:54:04.750+0100] {logging_mixin.py:188} INFO - [2024-01-30T15:54:04.750+0100] {dag.py:3820} INFO - Setting next_dagrun for example_xcom to 2021-01-01T00:00:00+00:00, run_after=2021-01-01T00:00:00+00:00
[2024-01-30T15:54:04.918+0100] {processor.py:183} INFO - Processing /home/ubuntu/.local/lib/python3.10/site-packages/airflow/example_dags/example_xcom.py took 0.346 seconds
[2024-01-30T15:55:32.763+0100] {processor.py:161} INFO - Started process (PID=9862) to work on /home/ubuntu/.local/lib/python3.10/site-packages/airflow/example_dags/example_xcom.py
[2024-01-30T15:55:32.768+0100] {processor.py:830} INFO - Processing file /home/ubuntu/.local/lib/python3.10/site-packages/airflow/example_dags/example_xcom.py for tasks to queue
[2024-01-30T15:55:32.779+0100] {logging_mixin.py:188} INFO - [2024-01-30T15:55:32.769+0100] {dagbag.py:538} INFO - Filling up the DagBag from /home/ubuntu/.local/lib/python3.10/site-packages/airflow/example_dags/example_xcom.py
[2024-01-30T15:55:32.810+0100] {processor.py:840} INFO - DAG(s) 'example_xcom' retrieved from /home/ubuntu/.local/lib/python3.10/site-packages/airflow/example_dags/example_xcom.py
[2024-01-30T15:55:33.005+0100] {logging_mixin.py:188} INFO - [2024-01-30T15:55:33.005+0100] {dag.py:3033} INFO - Sync 1 DAGs
[2024-01-30T15:55:33.117+0100] {logging_mixin.py:188} INFO - [2024-01-30T15:55:33.117+0100] {dag.py:3820} INFO - Setting next_dagrun for example_xcom to 2021-01-01T00:00:00+00:00, run_after=2021-01-01T00:00:00+00:00
[2024-01-30T15:55:33.285+0100] {processor.py:183} INFO - Processing /home/ubuntu/.local/lib/python3.10/site-packages/airflow/example_dags/example_xcom.py took 0.590 seconds
[2024-01-30T15:56:37.519+0100] {processor.py:161} INFO - Started process (PID=9924) to work on /home/ubuntu/.local/lib/python3.10/site-packages/airflow/example_dags/example_xcom.py
[2024-01-30T15:56:37.524+0100] {processor.py:830} INFO - Processing file /home/ubuntu/.local/lib/python3.10/site-packages/airflow/example_dags/example_xcom.py for tasks to queue
[2024-01-30T15:56:37.526+0100] {logging_mixin.py:188} INFO - [2024-01-30T15:56:37.525+0100] {dagbag.py:538} INFO - Filling up the DagBag from /home/ubuntu/.local/lib/python3.10/site-packages/airflow/example_dags/example_xcom.py
[2024-01-30T15:56:37.560+0100] {processor.py:840} INFO - DAG(s) 'example_xcom' retrieved from /home/ubuntu/.local/lib/python3.10/site-packages/airflow/example_dags/example_xcom.py
[2024-01-30T15:56:37.638+0100] {logging_mixin.py:188} INFO - [2024-01-30T15:56:37.638+0100] {dag.py:3033} INFO - Sync 1 DAGs
[2024-01-30T15:56:37.731+0100] {logging_mixin.py:188} INFO - [2024-01-30T15:56:37.731+0100] {dag.py:3820} INFO - Setting next_dagrun for example_xcom to 2021-01-01T00:00:00+00:00, run_after=2021-01-01T00:00:00+00:00
[2024-01-30T15:56:37.983+0100] {processor.py:183} INFO - Processing /home/ubuntu/.local/lib/python3.10/site-packages/airflow/example_dags/example_xcom.py took 0.531 seconds
[2024-01-30T15:57:37.841+0100] {processor.py:161} INFO - Started process (PID=9987) to work on /home/ubuntu/.local/lib/python3.10/site-packages/airflow/example_dags/example_xcom.py
[2024-01-30T15:57:37.845+0100] {processor.py:830} INFO - Processing file /home/ubuntu/.local/lib/python3.10/site-packages/airflow/example_dags/example_xcom.py for tasks to queue
[2024-01-30T15:57:37.846+0100] {logging_mixin.py:188} INFO - [2024-01-30T15:57:37.845+0100] {dagbag.py:538} INFO - Filling up the DagBag from /home/ubuntu/.local/lib/python3.10/site-packages/airflow/example_dags/example_xcom.py
[2024-01-30T15:57:37.857+0100] {processor.py:840} INFO - DAG(s) 'example_xcom' retrieved from /home/ubuntu/.local/lib/python3.10/site-packages/airflow/example_dags/example_xcom.py
[2024-01-30T15:57:37.879+0100] {logging_mixin.py:188} INFO - [2024-01-30T15:57:37.879+0100] {dag.py:3033} INFO - Sync 1 DAGs
[2024-01-30T15:57:37.910+0100] {logging_mixin.py:188} INFO - [2024-01-30T15:57:37.910+0100] {dag.py:3820} INFO - Setting next_dagrun for example_xcom to 2021-01-01T00:00:00+00:00, run_after=2021-01-01T00:00:00+00:00
[2024-01-30T15:57:38.132+0100] {processor.py:183} INFO - Processing /home/ubuntu/.local/lib/python3.10/site-packages/airflow/example_dags/example_xcom.py took 0.295 seconds
[2024-01-30T15:58:26.577+0100] {processor.py:161} INFO - Started process (PID=10038) to work on /home/ubuntu/.local/lib/python3.10/site-packages/airflow/example_dags/example_xcom.py
[2024-01-30T15:58:26.580+0100] {processor.py:830} INFO - Processing file /home/ubuntu/.local/lib/python3.10/site-packages/airflow/example_dags/example_xcom.py for tasks to queue
[2024-01-30T15:58:26.583+0100] {logging_mixin.py:188} INFO - [2024-01-30T15:58:26.582+0100] {dagbag.py:538} INFO - Filling up the DagBag from /home/ubuntu/.local/lib/python3.10/site-packages/airflow/example_dags/example_xcom.py
[2024-01-30T15:58:26.603+0100] {processor.py:840} INFO - DAG(s) 'example_xcom' retrieved from /home/ubuntu/.local/lib/python3.10/site-packages/airflow/example_dags/example_xcom.py
[2024-01-30T15:58:26.639+0100] {logging_mixin.py:188} INFO - [2024-01-30T15:58:26.639+0100] {dag.py:3033} INFO - Sync 1 DAGs
[2024-01-30T15:58:26.679+0100] {logging_mixin.py:188} INFO - [2024-01-30T15:58:26.679+0100] {dag.py:3820} INFO - Setting next_dagrun for example_xcom to 2021-01-01T00:00:00+00:00, run_after=2021-01-01T00:00:00+00:00
[2024-01-30T15:58:26.731+0100] {processor.py:183} INFO - Processing /home/ubuntu/.local/lib/python3.10/site-packages/airflow/example_dags/example_xcom.py took 0.160 seconds
[2024-01-30T15:59:21.930+0100] {processor.py:161} INFO - Started process (PID=10087) to work on /home/ubuntu/.local/lib/python3.10/site-packages/airflow/example_dags/example_xcom.py
[2024-01-30T15:59:21.942+0100] {processor.py:830} INFO - Processing file /home/ubuntu/.local/lib/python3.10/site-packages/airflow/example_dags/example_xcom.py for tasks to queue
[2024-01-30T15:59:21.946+0100] {logging_mixin.py:188} INFO - [2024-01-30T15:59:21.943+0100] {dagbag.py:538} INFO - Filling up the DagBag from /home/ubuntu/.local/lib/python3.10/site-packages/airflow/example_dags/example_xcom.py
[2024-01-30T15:59:22.019+0100] {processor.py:840} INFO - DAG(s) 'example_xcom' retrieved from /home/ubuntu/.local/lib/python3.10/site-packages/airflow/example_dags/example_xcom.py
[2024-01-30T15:59:22.120+0100] {logging_mixin.py:188} INFO - [2024-01-30T15:59:22.119+0100] {dag.py:3033} INFO - Sync 1 DAGs
[2024-01-30T15:59:22.206+0100] {logging_mixin.py:188} INFO - [2024-01-30T15:59:22.201+0100] {dag.py:3820} INFO - Setting next_dagrun for example_xcom to 2021-01-01T00:00:00+00:00, run_after=2021-01-01T00:00:00+00:00
[2024-01-30T15:59:22.422+0100] {processor.py:183} INFO - Processing /home/ubuntu/.local/lib/python3.10/site-packages/airflow/example_dags/example_xcom.py took 0.505 seconds
[2024-01-30T16:00:10.514+0100] {processor.py:161} INFO - Started process (PID=10141) to work on /home/ubuntu/.local/lib/python3.10/site-packages/airflow/example_dags/example_xcom.py
[2024-01-30T16:00:10.530+0100] {processor.py:830} INFO - Processing file /home/ubuntu/.local/lib/python3.10/site-packages/airflow/example_dags/example_xcom.py for tasks to queue
[2024-01-30T16:00:10.531+0100] {logging_mixin.py:188} INFO - [2024-01-30T16:00:10.530+0100] {dagbag.py:538} INFO - Filling up the DagBag from /home/ubuntu/.local/lib/python3.10/site-packages/airflow/example_dags/example_xcom.py
[2024-01-30T16:00:10.543+0100] {processor.py:840} INFO - DAG(s) 'example_xcom' retrieved from /home/ubuntu/.local/lib/python3.10/site-packages/airflow/example_dags/example_xcom.py
[2024-01-30T16:00:10.566+0100] {logging_mixin.py:188} INFO - [2024-01-30T16:00:10.566+0100] {dag.py:3033} INFO - Sync 1 DAGs
[2024-01-30T16:00:10.587+0100] {logging_mixin.py:188} INFO - [2024-01-30T16:00:10.587+0100] {dag.py:3820} INFO - Setting next_dagrun for example_xcom to 2021-01-01T00:00:00+00:00, run_after=2021-01-01T00:00:00+00:00
[2024-01-30T16:00:10.628+0100] {processor.py:183} INFO - Processing /home/ubuntu/.local/lib/python3.10/site-packages/airflow/example_dags/example_xcom.py took 0.117 seconds
[2024-01-30T16:01:05.671+0100] {processor.py:161} INFO - Started process (PID=10199) to work on /home/ubuntu/.local/lib/python3.10/site-packages/airflow/example_dags/example_xcom.py
[2024-01-30T16:01:05.673+0100] {processor.py:830} INFO - Processing file /home/ubuntu/.local/lib/python3.10/site-packages/airflow/example_dags/example_xcom.py for tasks to queue
[2024-01-30T16:01:05.674+0100] {logging_mixin.py:188} INFO - [2024-01-30T16:01:05.674+0100] {dagbag.py:538} INFO - Filling up the DagBag from /home/ubuntu/.local/lib/python3.10/site-packages/airflow/example_dags/example_xcom.py
[2024-01-30T16:01:05.685+0100] {processor.py:840} INFO - DAG(s) 'example_xcom' retrieved from /home/ubuntu/.local/lib/python3.10/site-packages/airflow/example_dags/example_xcom.py
[2024-01-30T16:01:05.705+0100] {logging_mixin.py:188} INFO - [2024-01-30T16:01:05.705+0100] {dag.py:3033} INFO - Sync 1 DAGs
[2024-01-30T16:01:05.725+0100] {logging_mixin.py:188} INFO - [2024-01-30T16:01:05.725+0100] {dag.py:3820} INFO - Setting next_dagrun for example_xcom to 2021-01-01T00:00:00+00:00, run_after=2021-01-01T00:00:00+00:00
[2024-01-30T16:01:05.785+0100] {processor.py:183} INFO - Processing /home/ubuntu/.local/lib/python3.10/site-packages/airflow/example_dags/example_xcom.py took 0.122 seconds
[2024-01-30T16:02:04.071+0100] {processor.py:161} INFO - Started process (PID=10262) to work on /home/ubuntu/.local/lib/python3.10/site-packages/airflow/example_dags/example_xcom.py
[2024-01-30T16:02:04.084+0100] {processor.py:830} INFO - Processing file /home/ubuntu/.local/lib/python3.10/site-packages/airflow/example_dags/example_xcom.py for tasks to queue
[2024-01-30T16:02:04.087+0100] {logging_mixin.py:188} INFO - [2024-01-30T16:02:04.086+0100] {dagbag.py:538} INFO - Filling up the DagBag from /home/ubuntu/.local/lib/python3.10/site-packages/airflow/example_dags/example_xcom.py
[2024-01-30T16:02:04.112+0100] {processor.py:840} INFO - DAG(s) 'example_xcom' retrieved from /home/ubuntu/.local/lib/python3.10/site-packages/airflow/example_dags/example_xcom.py
[2024-01-30T16:02:04.148+0100] {logging_mixin.py:188} INFO - [2024-01-30T16:02:04.148+0100] {dag.py:3033} INFO - Sync 1 DAGs
[2024-01-30T16:02:04.174+0100] {logging_mixin.py:188} INFO - [2024-01-30T16:02:04.173+0100] {dag.py:3820} INFO - Setting next_dagrun for example_xcom to 2021-01-01T00:00:00+00:00, run_after=2021-01-01T00:00:00+00:00
[2024-01-30T16:02:04.207+0100] {processor.py:183} INFO - Processing /home/ubuntu/.local/lib/python3.10/site-packages/airflow/example_dags/example_xcom.py took 0.187 seconds
[2024-01-30T16:03:38.528+0100] {processor.py:161} INFO - Started process (PID=10360) to work on /home/ubuntu/.local/lib/python3.10/site-packages/airflow/example_dags/example_xcom.py
[2024-01-30T16:03:38.614+0100] {processor.py:830} INFO - Processing file /home/ubuntu/.local/lib/python3.10/site-packages/airflow/example_dags/example_xcom.py for tasks to queue
[2024-01-30T16:03:38.619+0100] {logging_mixin.py:188} INFO - [2024-01-30T16:03:38.617+0100] {dagbag.py:538} INFO - Filling up the DagBag from /home/ubuntu/.local/lib/python3.10/site-packages/airflow/example_dags/example_xcom.py
[2024-01-30T16:03:38.644+0100] {processor.py:840} INFO - DAG(s) 'example_xcom' retrieved from /home/ubuntu/.local/lib/python3.10/site-packages/airflow/example_dags/example_xcom.py
[2024-01-30T16:03:38.746+0100] {logging_mixin.py:188} INFO - [2024-01-30T16:03:38.745+0100] {dag.py:3033} INFO - Sync 1 DAGs
[2024-01-30T16:03:38.914+0100] {logging_mixin.py:188} INFO - [2024-01-30T16:03:38.908+0100] {dag.py:3820} INFO - Setting next_dagrun for example_xcom to 2021-01-01T00:00:00+00:00, run_after=2021-01-01T00:00:00+00:00
[2024-01-30T16:03:39.111+0100] {processor.py:183} INFO - Processing /home/ubuntu/.local/lib/python3.10/site-packages/airflow/example_dags/example_xcom.py took 0.593 seconds
[2024-01-30T16:04:29.007+0100] {processor.py:161} INFO - Started process (PID=10414) to work on /home/ubuntu/.local/lib/python3.10/site-packages/airflow/example_dags/example_xcom.py
[2024-01-30T16:04:29.025+0100] {processor.py:830} INFO - Processing file /home/ubuntu/.local/lib/python3.10/site-packages/airflow/example_dags/example_xcom.py for tasks to queue
[2024-01-30T16:04:29.026+0100] {logging_mixin.py:188} INFO - [2024-01-30T16:04:29.025+0100] {dagbag.py:538} INFO - Filling up the DagBag from /home/ubuntu/.local/lib/python3.10/site-packages/airflow/example_dags/example_xcom.py
[2024-01-30T16:04:29.039+0100] {processor.py:840} INFO - DAG(s) 'example_xcom' retrieved from /home/ubuntu/.local/lib/python3.10/site-packages/airflow/example_dags/example_xcom.py
[2024-01-30T16:04:29.062+0100] {logging_mixin.py:188} INFO - [2024-01-30T16:04:29.061+0100] {dag.py:3033} INFO - Sync 1 DAGs
[2024-01-30T16:04:29.083+0100] {logging_mixin.py:188} INFO - [2024-01-30T16:04:29.083+0100] {dag.py:3820} INFO - Setting next_dagrun for example_xcom to 2021-01-01T00:00:00+00:00, run_after=2021-01-01T00:00:00+00:00
[2024-01-30T16:04:29.123+0100] {processor.py:183} INFO - Processing /home/ubuntu/.local/lib/python3.10/site-packages/airflow/example_dags/example_xcom.py took 0.121 seconds
[2024-01-30T16:05:23.631+0100] {processor.py:161} INFO - Started process (PID=10458) to work on /home/ubuntu/.local/lib/python3.10/site-packages/airflow/example_dags/example_xcom.py
[2024-01-30T16:05:23.646+0100] {processor.py:830} INFO - Processing file /home/ubuntu/.local/lib/python3.10/site-packages/airflow/example_dags/example_xcom.py for tasks to queue
[2024-01-30T16:05:23.653+0100] {logging_mixin.py:188} INFO - [2024-01-30T16:05:23.648+0100] {dagbag.py:538} INFO - Filling up the DagBag from /home/ubuntu/.local/lib/python3.10/site-packages/airflow/example_dags/example_xcom.py
[2024-01-30T16:05:23.683+0100] {processor.py:840} INFO - DAG(s) 'example_xcom' retrieved from /home/ubuntu/.local/lib/python3.10/site-packages/airflow/example_dags/example_xcom.py
[2024-01-30T16:05:23.796+0100] {logging_mixin.py:188} INFO - [2024-01-30T16:05:23.796+0100] {dag.py:3033} INFO - Sync 1 DAGs
[2024-01-30T16:05:23.879+0100] {logging_mixin.py:188} INFO - [2024-01-30T16:05:23.878+0100] {dag.py:3820} INFO - Setting next_dagrun for example_xcom to 2021-01-01T00:00:00+00:00, run_after=2021-01-01T00:00:00+00:00
[2024-01-30T16:05:23.980+0100] {processor.py:183} INFO - Processing /home/ubuntu/.local/lib/python3.10/site-packages/airflow/example_dags/example_xcom.py took 0.356 seconds
[2024-01-30T16:06:10.292+0100] {processor.py:161} INFO - Started process (PID=10502) to work on /home/ubuntu/.local/lib/python3.10/site-packages/airflow/example_dags/example_xcom.py
[2024-01-30T16:06:10.325+0100] {processor.py:830} INFO - Processing file /home/ubuntu/.local/lib/python3.10/site-packages/airflow/example_dags/example_xcom.py for tasks to queue
[2024-01-30T16:06:10.329+0100] {logging_mixin.py:188} INFO - [2024-01-30T16:06:10.325+0100] {dagbag.py:538} INFO - Filling up the DagBag from /home/ubuntu/.local/lib/python3.10/site-packages/airflow/example_dags/example_xcom.py
[2024-01-30T16:06:10.379+0100] {processor.py:840} INFO - DAG(s) 'example_xcom' retrieved from /home/ubuntu/.local/lib/python3.10/site-packages/airflow/example_dags/example_xcom.py
[2024-01-30T16:06:10.413+0100] {logging_mixin.py:188} INFO - [2024-01-30T16:06:10.413+0100] {dag.py:3033} INFO - Sync 1 DAGs
[2024-01-30T16:06:10.521+0100] {logging_mixin.py:188} INFO - [2024-01-30T16:06:10.520+0100] {dag.py:3820} INFO - Setting next_dagrun for example_xcom to 2021-01-01T00:00:00+00:00, run_after=2021-01-01T00:00:00+00:00
[2024-01-30T16:06:10.610+0100] {processor.py:183} INFO - Processing /home/ubuntu/.local/lib/python3.10/site-packages/airflow/example_dags/example_xcom.py took 0.326 seconds
