[2024-01-30T15:29:57.053+0100] {processor.py:161} INFO - Started process (PID=6592) to work on /home/ubuntu/.local/lib/python3.10/site-packages/airflow/example_dags/example_trigger_controller_dag.py
[2024-01-30T15:29:57.056+0100] {processor.py:830} INFO - Processing file /home/ubuntu/.local/lib/python3.10/site-packages/airflow/example_dags/example_trigger_controller_dag.py for tasks to queue
[2024-01-30T15:29:57.058+0100] {logging_mixin.py:188} INFO - [2024-01-30T15:29:57.057+0100] {dagbag.py:538} INFO - Filling up the DagBag from /home/ubuntu/.local/lib/python3.10/site-packages/airflow/example_dags/example_trigger_controller_dag.py
[2024-01-30T15:29:57.071+0100] {processor.py:840} INFO - DAG(s) 'example_trigger_controller_dag' retrieved from /home/ubuntu/.local/lib/python3.10/site-packages/airflow/example_dags/example_trigger_controller_dag.py
[2024-01-30T15:29:57.242+0100] {logging_mixin.py:188} INFO - [2024-01-30T15:29:57.242+0100] {dag.py:3033} INFO - Sync 1 DAGs
[2024-01-30T15:29:57.300+0100] {logging_mixin.py:188} INFO - [2024-01-30T15:29:57.299+0100] {dag.py:3820} INFO - Setting next_dagrun for example_trigger_controller_dag to 2021-01-01T00:00:00+00:00, run_after=2021-01-01T00:00:00+00:00
[2024-01-30T15:29:57.366+0100] {processor.py:183} INFO - Processing /home/ubuntu/.local/lib/python3.10/site-packages/airflow/example_dags/example_trigger_controller_dag.py took 0.319 seconds
[2024-01-30T15:31:00.538+0100] {processor.py:161} INFO - Started process (PID=6653) to work on /home/ubuntu/.local/lib/python3.10/site-packages/airflow/example_dags/example_trigger_controller_dag.py
[2024-01-30T15:31:00.540+0100] {processor.py:830} INFO - Processing file /home/ubuntu/.local/lib/python3.10/site-packages/airflow/example_dags/example_trigger_controller_dag.py for tasks to queue
[2024-01-30T15:31:00.542+0100] {logging_mixin.py:188} INFO - [2024-01-30T15:31:00.541+0100] {dagbag.py:538} INFO - Filling up the DagBag from /home/ubuntu/.local/lib/python3.10/site-packages/airflow/example_dags/example_trigger_controller_dag.py
[2024-01-30T15:31:00.549+0100] {processor.py:840} INFO - DAG(s) 'example_trigger_controller_dag' retrieved from /home/ubuntu/.local/lib/python3.10/site-packages/airflow/example_dags/example_trigger_controller_dag.py
[2024-01-30T15:31:00.566+0100] {logging_mixin.py:188} INFO - [2024-01-30T15:31:00.566+0100] {dag.py:3033} INFO - Sync 1 DAGs
[2024-01-30T15:31:00.591+0100] {logging_mixin.py:188} INFO - [2024-01-30T15:31:00.590+0100] {dag.py:3820} INFO - Setting next_dagrun for example_trigger_controller_dag to 2021-01-01T00:00:00+00:00, run_after=2021-01-01T00:00:00+00:00
[2024-01-30T15:31:00.627+0100] {processor.py:183} INFO - Processing /home/ubuntu/.local/lib/python3.10/site-packages/airflow/example_dags/example_trigger_controller_dag.py took 0.094 seconds
[2024-01-30T15:31:53.397+0100] {processor.py:161} INFO - Started process (PID=6710) to work on /home/ubuntu/.local/lib/python3.10/site-packages/airflow/example_dags/example_trigger_controller_dag.py
[2024-01-30T15:31:53.399+0100] {processor.py:830} INFO - Processing file /home/ubuntu/.local/lib/python3.10/site-packages/airflow/example_dags/example_trigger_controller_dag.py for tasks to queue
[2024-01-30T15:31:53.400+0100] {logging_mixin.py:188} INFO - [2024-01-30T15:31:53.400+0100] {dagbag.py:538} INFO - Filling up the DagBag from /home/ubuntu/.local/lib/python3.10/site-packages/airflow/example_dags/example_trigger_controller_dag.py
[2024-01-30T15:31:53.407+0100] {processor.py:840} INFO - DAG(s) 'example_trigger_controller_dag' retrieved from /home/ubuntu/.local/lib/python3.10/site-packages/airflow/example_dags/example_trigger_controller_dag.py
[2024-01-30T15:31:53.433+0100] {logging_mixin.py:188} INFO - [2024-01-30T15:31:53.432+0100] {dag.py:3033} INFO - Sync 1 DAGs
[2024-01-30T15:31:53.462+0100] {logging_mixin.py:188} INFO - [2024-01-30T15:31:53.461+0100] {dag.py:3820} INFO - Setting next_dagrun for example_trigger_controller_dag to 2021-01-01T00:00:00+00:00, run_after=2021-01-01T00:00:00+00:00
[2024-01-30T15:31:53.494+0100] {processor.py:183} INFO - Processing /home/ubuntu/.local/lib/python3.10/site-packages/airflow/example_dags/example_trigger_controller_dag.py took 0.100 seconds
[2024-01-30T15:32:57.713+0100] {processor.py:161} INFO - Started process (PID=6777) to work on /home/ubuntu/.local/lib/python3.10/site-packages/airflow/example_dags/example_trigger_controller_dag.py
[2024-01-30T15:32:57.716+0100] {processor.py:830} INFO - Processing file /home/ubuntu/.local/lib/python3.10/site-packages/airflow/example_dags/example_trigger_controller_dag.py for tasks to queue
[2024-01-30T15:32:57.719+0100] {logging_mixin.py:188} INFO - [2024-01-30T15:32:57.718+0100] {dagbag.py:538} INFO - Filling up the DagBag from /home/ubuntu/.local/lib/python3.10/site-packages/airflow/example_dags/example_trigger_controller_dag.py
[2024-01-30T15:32:57.735+0100] {processor.py:840} INFO - DAG(s) 'example_trigger_controller_dag' retrieved from /home/ubuntu/.local/lib/python3.10/site-packages/airflow/example_dags/example_trigger_controller_dag.py
[2024-01-30T15:32:57.847+0100] {logging_mixin.py:188} INFO - [2024-01-30T15:32:57.847+0100] {dag.py:3033} INFO - Sync 1 DAGs
[2024-01-30T15:32:57.889+0100] {logging_mixin.py:188} INFO - [2024-01-30T15:32:57.889+0100] {dag.py:3820} INFO - Setting next_dagrun for example_trigger_controller_dag to 2021-01-01T00:00:00+00:00, run_after=2021-01-01T00:00:00+00:00
[2024-01-30T15:32:58.080+0100] {processor.py:183} INFO - Processing /home/ubuntu/.local/lib/python3.10/site-packages/airflow/example_dags/example_trigger_controller_dag.py took 0.377 seconds
[2024-01-30T15:33:41.405+0100] {processor.py:161} INFO - Started process (PID=6822) to work on /home/ubuntu/.local/lib/python3.10/site-packages/airflow/example_dags/example_trigger_controller_dag.py
[2024-01-30T15:33:41.408+0100] {processor.py:830} INFO - Processing file /home/ubuntu/.local/lib/python3.10/site-packages/airflow/example_dags/example_trigger_controller_dag.py for tasks to queue
[2024-01-30T15:33:41.410+0100] {logging_mixin.py:188} INFO - [2024-01-30T15:33:41.409+0100] {dagbag.py:538} INFO - Filling up the DagBag from /home/ubuntu/.local/lib/python3.10/site-packages/airflow/example_dags/example_trigger_controller_dag.py
[2024-01-30T15:33:41.418+0100] {processor.py:840} INFO - DAG(s) 'example_trigger_controller_dag' retrieved from /home/ubuntu/.local/lib/python3.10/site-packages/airflow/example_dags/example_trigger_controller_dag.py
[2024-01-30T15:33:41.444+0100] {logging_mixin.py:188} INFO - [2024-01-30T15:33:41.444+0100] {dag.py:3033} INFO - Sync 1 DAGs
[2024-01-30T15:33:41.471+0100] {logging_mixin.py:188} INFO - [2024-01-30T15:33:41.471+0100] {dag.py:3820} INFO - Setting next_dagrun for example_trigger_controller_dag to 2021-01-01T00:00:00+00:00, run_after=2021-01-01T00:00:00+00:00
[2024-01-30T15:33:41.506+0100] {processor.py:183} INFO - Processing /home/ubuntu/.local/lib/python3.10/site-packages/airflow/example_dags/example_trigger_controller_dag.py took 0.108 seconds
[2024-01-30T15:34:38.777+0100] {processor.py:161} INFO - Started process (PID=6881) to work on /home/ubuntu/.local/lib/python3.10/site-packages/airflow/example_dags/example_trigger_controller_dag.py
[2024-01-30T15:34:38.780+0100] {processor.py:830} INFO - Processing file /home/ubuntu/.local/lib/python3.10/site-packages/airflow/example_dags/example_trigger_controller_dag.py for tasks to queue
[2024-01-30T15:34:38.781+0100] {logging_mixin.py:188} INFO - [2024-01-30T15:34:38.781+0100] {dagbag.py:538} INFO - Filling up the DagBag from /home/ubuntu/.local/lib/python3.10/site-packages/airflow/example_dags/example_trigger_controller_dag.py
[2024-01-30T15:34:38.789+0100] {processor.py:840} INFO - DAG(s) 'example_trigger_controller_dag' retrieved from /home/ubuntu/.local/lib/python3.10/site-packages/airflow/example_dags/example_trigger_controller_dag.py
[2024-01-30T15:34:38.811+0100] {logging_mixin.py:188} INFO - [2024-01-30T15:34:38.810+0100] {dag.py:3033} INFO - Sync 1 DAGs
[2024-01-30T15:34:38.839+0100] {logging_mixin.py:188} INFO - [2024-01-30T15:34:38.839+0100] {dag.py:3820} INFO - Setting next_dagrun for example_trigger_controller_dag to 2021-01-01T00:00:00+00:00, run_after=2021-01-01T00:00:00+00:00
[2024-01-30T15:34:38.877+0100] {processor.py:183} INFO - Processing /home/ubuntu/.local/lib/python3.10/site-packages/airflow/example_dags/example_trigger_controller_dag.py took 0.104 seconds
[2024-01-30T15:35:30.841+0100] {processor.py:161} INFO - Started process (PID=6936) to work on /home/ubuntu/.local/lib/python3.10/site-packages/airflow/example_dags/example_trigger_controller_dag.py
[2024-01-30T15:35:30.844+0100] {processor.py:830} INFO - Processing file /home/ubuntu/.local/lib/python3.10/site-packages/airflow/example_dags/example_trigger_controller_dag.py for tasks to queue
[2024-01-30T15:35:30.846+0100] {logging_mixin.py:188} INFO - [2024-01-30T15:35:30.845+0100] {dagbag.py:538} INFO - Filling up the DagBag from /home/ubuntu/.local/lib/python3.10/site-packages/airflow/example_dags/example_trigger_controller_dag.py
[2024-01-30T15:35:30.852+0100] {processor.py:840} INFO - DAG(s) 'example_trigger_controller_dag' retrieved from /home/ubuntu/.local/lib/python3.10/site-packages/airflow/example_dags/example_trigger_controller_dag.py
[2024-01-30T15:35:30.867+0100] {logging_mixin.py:188} INFO - [2024-01-30T15:35:30.867+0100] {dag.py:3033} INFO - Sync 1 DAGs
[2024-01-30T15:35:30.888+0100] {logging_mixin.py:188} INFO - [2024-01-30T15:35:30.887+0100] {dag.py:3820} INFO - Setting next_dagrun for example_trigger_controller_dag to 2021-01-01T00:00:00+00:00, run_after=2021-01-01T00:00:00+00:00
[2024-01-30T15:35:30.917+0100] {processor.py:183} INFO - Processing /home/ubuntu/.local/lib/python3.10/site-packages/airflow/example_dags/example_trigger_controller_dag.py took 0.079 seconds
[2024-01-30T15:36:19.387+0100] {processor.py:161} INFO - Started process (PID=6986) to work on /home/ubuntu/.local/lib/python3.10/site-packages/airflow/example_dags/example_trigger_controller_dag.py
[2024-01-30T15:36:19.392+0100] {processor.py:830} INFO - Processing file /home/ubuntu/.local/lib/python3.10/site-packages/airflow/example_dags/example_trigger_controller_dag.py for tasks to queue
[2024-01-30T15:36:19.394+0100] {logging_mixin.py:188} INFO - [2024-01-30T15:36:19.394+0100] {dagbag.py:538} INFO - Filling up the DagBag from /home/ubuntu/.local/lib/python3.10/site-packages/airflow/example_dags/example_trigger_controller_dag.py
[2024-01-30T15:36:19.403+0100] {processor.py:840} INFO - DAG(s) 'example_trigger_controller_dag' retrieved from /home/ubuntu/.local/lib/python3.10/site-packages/airflow/example_dags/example_trigger_controller_dag.py
[2024-01-30T15:36:19.427+0100] {logging_mixin.py:188} INFO - [2024-01-30T15:36:19.427+0100] {dag.py:3033} INFO - Sync 1 DAGs
[2024-01-30T15:36:19.461+0100] {logging_mixin.py:188} INFO - [2024-01-30T15:36:19.461+0100] {dag.py:3820} INFO - Setting next_dagrun for example_trigger_controller_dag to 2021-01-01T00:00:00+00:00, run_after=2021-01-01T00:00:00+00:00
[2024-01-30T15:36:19.493+0100] {processor.py:183} INFO - Processing /home/ubuntu/.local/lib/python3.10/site-packages/airflow/example_dags/example_trigger_controller_dag.py took 0.112 seconds
[2024-01-30T15:37:14.854+0100] {processor.py:161} INFO - Started process (PID=7043) to work on /home/ubuntu/.local/lib/python3.10/site-packages/airflow/example_dags/example_trigger_controller_dag.py
[2024-01-30T15:37:14.857+0100] {processor.py:830} INFO - Processing file /home/ubuntu/.local/lib/python3.10/site-packages/airflow/example_dags/example_trigger_controller_dag.py for tasks to queue
[2024-01-30T15:37:14.858+0100] {logging_mixin.py:188} INFO - [2024-01-30T15:37:14.858+0100] {dagbag.py:538} INFO - Filling up the DagBag from /home/ubuntu/.local/lib/python3.10/site-packages/airflow/example_dags/example_trigger_controller_dag.py
[2024-01-30T15:37:14.865+0100] {processor.py:840} INFO - DAG(s) 'example_trigger_controller_dag' retrieved from /home/ubuntu/.local/lib/python3.10/site-packages/airflow/example_dags/example_trigger_controller_dag.py
[2024-01-30T15:37:14.883+0100] {logging_mixin.py:188} INFO - [2024-01-30T15:37:14.882+0100] {dag.py:3033} INFO - Sync 1 DAGs
[2024-01-30T15:37:14.908+0100] {logging_mixin.py:188} INFO - [2024-01-30T15:37:14.908+0100] {dag.py:3820} INFO - Setting next_dagrun for example_trigger_controller_dag to 2021-01-01T00:00:00+00:00, run_after=2021-01-01T00:00:00+00:00
[2024-01-30T15:37:14.945+0100] {processor.py:183} INFO - Processing /home/ubuntu/.local/lib/python3.10/site-packages/airflow/example_dags/example_trigger_controller_dag.py took 0.095 seconds
[2024-01-30T15:38:06.356+0100] {processor.py:161} INFO - Started process (PID=7104) to work on /home/ubuntu/.local/lib/python3.10/site-packages/airflow/example_dags/example_trigger_controller_dag.py
[2024-01-30T15:38:06.358+0100] {processor.py:830} INFO - Processing file /home/ubuntu/.local/lib/python3.10/site-packages/airflow/example_dags/example_trigger_controller_dag.py for tasks to queue
[2024-01-30T15:38:06.359+0100] {logging_mixin.py:188} INFO - [2024-01-30T15:38:06.359+0100] {dagbag.py:538} INFO - Filling up the DagBag from /home/ubuntu/.local/lib/python3.10/site-packages/airflow/example_dags/example_trigger_controller_dag.py
[2024-01-30T15:38:06.365+0100] {processor.py:840} INFO - DAG(s) 'example_trigger_controller_dag' retrieved from /home/ubuntu/.local/lib/python3.10/site-packages/airflow/example_dags/example_trigger_controller_dag.py
[2024-01-30T15:38:06.381+0100] {logging_mixin.py:188} INFO - [2024-01-30T15:38:06.381+0100] {dag.py:3033} INFO - Sync 1 DAGs
[2024-01-30T15:38:06.403+0100] {logging_mixin.py:188} INFO - [2024-01-30T15:38:06.403+0100] {dag.py:3820} INFO - Setting next_dagrun for example_trigger_controller_dag to 2021-01-01T00:00:00+00:00, run_after=2021-01-01T00:00:00+00:00
[2024-01-30T15:38:06.437+0100] {processor.py:183} INFO - Processing /home/ubuntu/.local/lib/python3.10/site-packages/airflow/example_dags/example_trigger_controller_dag.py took 0.085 seconds
[2024-01-30T15:39:02.196+0100] {processor.py:161} INFO - Started process (PID=7237) to work on /home/ubuntu/.local/lib/python3.10/site-packages/airflow/example_dags/example_trigger_controller_dag.py
[2024-01-30T15:39:02.212+0100] {processor.py:830} INFO - Processing file /home/ubuntu/.local/lib/python3.10/site-packages/airflow/example_dags/example_trigger_controller_dag.py for tasks to queue
[2024-01-30T15:39:02.217+0100] {logging_mixin.py:188} INFO - [2024-01-30T15:39:02.213+0100] {dagbag.py:538} INFO - Filling up the DagBag from /home/ubuntu/.local/lib/python3.10/site-packages/airflow/example_dags/example_trigger_controller_dag.py
[2024-01-30T15:39:02.241+0100] {processor.py:840} INFO - DAG(s) 'example_trigger_controller_dag' retrieved from /home/ubuntu/.local/lib/python3.10/site-packages/airflow/example_dags/example_trigger_controller_dag.py
[2024-01-30T15:39:02.264+0100] {logging_mixin.py:188} INFO - [2024-01-30T15:39:02.264+0100] {dag.py:3033} INFO - Sync 1 DAGs
[2024-01-30T15:39:02.288+0100] {logging_mixin.py:188} INFO - [2024-01-30T15:39:02.288+0100] {dag.py:3820} INFO - Setting next_dagrun for example_trigger_controller_dag to 2021-01-01T00:00:00+00:00, run_after=2021-01-01T00:00:00+00:00
[2024-01-30T15:39:02.323+0100] {processor.py:183} INFO - Processing /home/ubuntu/.local/lib/python3.10/site-packages/airflow/example_dags/example_trigger_controller_dag.py took 0.142 seconds
[2024-01-30T15:39:58.019+0100] {processor.py:161} INFO - Started process (PID=7300) to work on /home/ubuntu/.local/lib/python3.10/site-packages/airflow/example_dags/example_trigger_controller_dag.py
[2024-01-30T15:39:58.021+0100] {processor.py:830} INFO - Processing file /home/ubuntu/.local/lib/python3.10/site-packages/airflow/example_dags/example_trigger_controller_dag.py for tasks to queue
[2024-01-30T15:39:58.022+0100] {logging_mixin.py:188} INFO - [2024-01-30T15:39:58.022+0100] {dagbag.py:538} INFO - Filling up the DagBag from /home/ubuntu/.local/lib/python3.10/site-packages/airflow/example_dags/example_trigger_controller_dag.py
[2024-01-30T15:39:58.030+0100] {processor.py:840} INFO - DAG(s) 'example_trigger_controller_dag' retrieved from /home/ubuntu/.local/lib/python3.10/site-packages/airflow/example_dags/example_trigger_controller_dag.py
[2024-01-30T15:39:58.048+0100] {logging_mixin.py:188} INFO - [2024-01-30T15:39:58.048+0100] {dag.py:3033} INFO - Sync 1 DAGs
[2024-01-30T15:39:58.068+0100] {logging_mixin.py:188} INFO - [2024-01-30T15:39:58.068+0100] {dag.py:3820} INFO - Setting next_dagrun for example_trigger_controller_dag to 2021-01-01T00:00:00+00:00, run_after=2021-01-01T00:00:00+00:00
[2024-01-30T15:39:58.113+0100] {processor.py:183} INFO - Processing /home/ubuntu/.local/lib/python3.10/site-packages/airflow/example_dags/example_trigger_controller_dag.py took 0.098 seconds
[2024-01-30T15:40:52.847+0100] {processor.py:161} INFO - Started process (PID=7353) to work on /home/ubuntu/.local/lib/python3.10/site-packages/airflow/example_dags/example_trigger_controller_dag.py
[2024-01-30T15:40:52.849+0100] {processor.py:830} INFO - Processing file /home/ubuntu/.local/lib/python3.10/site-packages/airflow/example_dags/example_trigger_controller_dag.py for tasks to queue
[2024-01-30T15:40:52.850+0100] {logging_mixin.py:188} INFO - [2024-01-30T15:40:52.850+0100] {dagbag.py:538} INFO - Filling up the DagBag from /home/ubuntu/.local/lib/python3.10/site-packages/airflow/example_dags/example_trigger_controller_dag.py
[2024-01-30T15:40:52.856+0100] {processor.py:840} INFO - DAG(s) 'example_trigger_controller_dag' retrieved from /home/ubuntu/.local/lib/python3.10/site-packages/airflow/example_dags/example_trigger_controller_dag.py
[2024-01-30T15:40:52.872+0100] {logging_mixin.py:188} INFO - [2024-01-30T15:40:52.872+0100] {dag.py:3033} INFO - Sync 1 DAGs
[2024-01-30T15:40:52.895+0100] {logging_mixin.py:188} INFO - [2024-01-30T15:40:52.895+0100] {dag.py:3820} INFO - Setting next_dagrun for example_trigger_controller_dag to 2021-01-01T00:00:00+00:00, run_after=2021-01-01T00:00:00+00:00
[2024-01-30T15:40:52.928+0100] {processor.py:183} INFO - Processing /home/ubuntu/.local/lib/python3.10/site-packages/airflow/example_dags/example_trigger_controller_dag.py took 0.084 seconds
[2024-01-30T15:41:53.126+0100] {processor.py:161} INFO - Started process (PID=7414) to work on /home/ubuntu/.local/lib/python3.10/site-packages/airflow/example_dags/example_trigger_controller_dag.py
[2024-01-30T15:41:53.129+0100] {processor.py:830} INFO - Processing file /home/ubuntu/.local/lib/python3.10/site-packages/airflow/example_dags/example_trigger_controller_dag.py for tasks to queue
[2024-01-30T15:41:53.130+0100] {logging_mixin.py:188} INFO - [2024-01-30T15:41:53.130+0100] {dagbag.py:538} INFO - Filling up the DagBag from /home/ubuntu/.local/lib/python3.10/site-packages/airflow/example_dags/example_trigger_controller_dag.py
[2024-01-30T15:41:53.139+0100] {processor.py:840} INFO - DAG(s) 'example_trigger_controller_dag' retrieved from /home/ubuntu/.local/lib/python3.10/site-packages/airflow/example_dags/example_trigger_controller_dag.py
[2024-01-30T15:41:53.166+0100] {logging_mixin.py:188} INFO - [2024-01-30T15:41:53.166+0100] {dag.py:3033} INFO - Sync 1 DAGs
[2024-01-30T15:41:53.202+0100] {logging_mixin.py:188} INFO - [2024-01-30T15:41:53.201+0100] {dag.py:3820} INFO - Setting next_dagrun for example_trigger_controller_dag to 2021-01-01T00:00:00+00:00, run_after=2021-01-01T00:00:00+00:00
[2024-01-30T15:41:53.245+0100] {processor.py:183} INFO - Processing /home/ubuntu/.local/lib/python3.10/site-packages/airflow/example_dags/example_trigger_controller_dag.py took 0.126 seconds
[2024-01-30T15:42:58.384+0100] {processor.py:161} INFO - Started process (PID=7678) to work on /home/ubuntu/.local/lib/python3.10/site-packages/airflow/example_dags/example_trigger_controller_dag.py
[2024-01-30T15:42:58.387+0100] {processor.py:830} INFO - Processing file /home/ubuntu/.local/lib/python3.10/site-packages/airflow/example_dags/example_trigger_controller_dag.py for tasks to queue
[2024-01-30T15:42:58.389+0100] {logging_mixin.py:188} INFO - [2024-01-30T15:42:58.388+0100] {dagbag.py:538} INFO - Filling up the DagBag from /home/ubuntu/.local/lib/python3.10/site-packages/airflow/example_dags/example_trigger_controller_dag.py
[2024-01-30T15:42:58.398+0100] {processor.py:840} INFO - DAG(s) 'example_trigger_controller_dag' retrieved from /home/ubuntu/.local/lib/python3.10/site-packages/airflow/example_dags/example_trigger_controller_dag.py
[2024-01-30T15:42:58.427+0100] {logging_mixin.py:188} INFO - [2024-01-30T15:42:58.427+0100] {dag.py:3033} INFO - Sync 1 DAGs
[2024-01-30T15:42:58.469+0100] {logging_mixin.py:188} INFO - [2024-01-30T15:42:58.469+0100] {dag.py:3820} INFO - Setting next_dagrun for example_trigger_controller_dag to 2021-01-01T00:00:00+00:00, run_after=2021-01-01T00:00:00+00:00
[2024-01-30T15:42:58.550+0100] {processor.py:183} INFO - Processing /home/ubuntu/.local/lib/python3.10/site-packages/airflow/example_dags/example_trigger_controller_dag.py took 0.172 seconds
[2024-01-30T15:43:55.251+0100] {processor.py:161} INFO - Started process (PID=7962) to work on /home/ubuntu/.local/lib/python3.10/site-packages/airflow/example_dags/example_trigger_controller_dag.py
[2024-01-30T15:43:55.264+0100] {processor.py:830} INFO - Processing file /home/ubuntu/.local/lib/python3.10/site-packages/airflow/example_dags/example_trigger_controller_dag.py for tasks to queue
[2024-01-30T15:43:55.265+0100] {logging_mixin.py:188} INFO - [2024-01-30T15:43:55.265+0100] {dagbag.py:538} INFO - Filling up the DagBag from /home/ubuntu/.local/lib/python3.10/site-packages/airflow/example_dags/example_trigger_controller_dag.py
[2024-01-30T15:43:55.271+0100] {processor.py:840} INFO - DAG(s) 'example_trigger_controller_dag' retrieved from /home/ubuntu/.local/lib/python3.10/site-packages/airflow/example_dags/example_trigger_controller_dag.py
[2024-01-30T15:43:55.286+0100] {logging_mixin.py:188} INFO - [2024-01-30T15:43:55.286+0100] {dag.py:3033} INFO - Sync 1 DAGs
[2024-01-30T15:43:55.305+0100] {logging_mixin.py:188} INFO - [2024-01-30T15:43:55.305+0100] {dag.py:3820} INFO - Setting next_dagrun for example_trigger_controller_dag to 2021-01-01T00:00:00+00:00, run_after=2021-01-01T00:00:00+00:00
[2024-01-30T15:43:55.360+0100] {processor.py:183} INFO - Processing /home/ubuntu/.local/lib/python3.10/site-packages/airflow/example_dags/example_trigger_controller_dag.py took 0.111 seconds
[2024-01-30T15:45:03.624+0100] {processor.py:161} INFO - Started process (PID=8230) to work on /home/ubuntu/.local/lib/python3.10/site-packages/airflow/example_dags/example_trigger_controller_dag.py
[2024-01-30T15:45:03.627+0100] {processor.py:830} INFO - Processing file /home/ubuntu/.local/lib/python3.10/site-packages/airflow/example_dags/example_trigger_controller_dag.py for tasks to queue
[2024-01-30T15:45:03.628+0100] {logging_mixin.py:188} INFO - [2024-01-30T15:45:03.628+0100] {dagbag.py:538} INFO - Filling up the DagBag from /home/ubuntu/.local/lib/python3.10/site-packages/airflow/example_dags/example_trigger_controller_dag.py
[2024-01-30T15:45:03.634+0100] {processor.py:840} INFO - DAG(s) 'example_trigger_controller_dag' retrieved from /home/ubuntu/.local/lib/python3.10/site-packages/airflow/example_dags/example_trigger_controller_dag.py
[2024-01-30T15:45:03.652+0100] {logging_mixin.py:188} INFO - [2024-01-30T15:45:03.652+0100] {dag.py:3033} INFO - Sync 1 DAGs
[2024-01-30T15:45:03.677+0100] {logging_mixin.py:188} INFO - [2024-01-30T15:45:03.677+0100] {dag.py:3820} INFO - Setting next_dagrun for example_trigger_controller_dag to 2021-01-01T00:00:00+00:00, run_after=2021-01-01T00:00:00+00:00
[2024-01-30T15:45:03.718+0100] {processor.py:183} INFO - Processing /home/ubuntu/.local/lib/python3.10/site-packages/airflow/example_dags/example_trigger_controller_dag.py took 0.097 seconds
[2024-01-30T15:45:48.629+0100] {processor.py:161} INFO - Started process (PID=8282) to work on /home/ubuntu/.local/lib/python3.10/site-packages/airflow/example_dags/example_trigger_controller_dag.py
[2024-01-30T15:45:48.631+0100] {processor.py:830} INFO - Processing file /home/ubuntu/.local/lib/python3.10/site-packages/airflow/example_dags/example_trigger_controller_dag.py for tasks to queue
[2024-01-30T15:45:48.633+0100] {logging_mixin.py:188} INFO - [2024-01-30T15:45:48.632+0100] {dagbag.py:538} INFO - Filling up the DagBag from /home/ubuntu/.local/lib/python3.10/site-packages/airflow/example_dags/example_trigger_controller_dag.py
[2024-01-30T15:45:48.640+0100] {processor.py:840} INFO - DAG(s) 'example_trigger_controller_dag' retrieved from /home/ubuntu/.local/lib/python3.10/site-packages/airflow/example_dags/example_trigger_controller_dag.py
[2024-01-30T15:45:48.663+0100] {logging_mixin.py:188} INFO - [2024-01-30T15:45:48.663+0100] {dag.py:3033} INFO - Sync 1 DAGs
[2024-01-30T15:45:48.684+0100] {logging_mixin.py:188} INFO - [2024-01-30T15:45:48.684+0100] {dag.py:3820} INFO - Setting next_dagrun for example_trigger_controller_dag to 2021-01-01T00:00:00+00:00, run_after=2021-01-01T00:00:00+00:00
[2024-01-30T15:45:48.718+0100] {processor.py:183} INFO - Processing /home/ubuntu/.local/lib/python3.10/site-packages/airflow/example_dags/example_trigger_controller_dag.py took 0.093 seconds
[2024-01-30T15:46:29.060+0100] {processor.py:161} INFO - Started process (PID=8322) to work on /home/ubuntu/.local/lib/python3.10/site-packages/airflow/example_dags/example_trigger_controller_dag.py
[2024-01-30T15:46:29.063+0100] {processor.py:830} INFO - Processing file /home/ubuntu/.local/lib/python3.10/site-packages/airflow/example_dags/example_trigger_controller_dag.py for tasks to queue
[2024-01-30T15:46:29.065+0100] {logging_mixin.py:188} INFO - [2024-01-30T15:46:29.064+0100] {dagbag.py:538} INFO - Filling up the DagBag from /home/ubuntu/.local/lib/python3.10/site-packages/airflow/example_dags/example_trigger_controller_dag.py
[2024-01-30T15:46:29.071+0100] {processor.py:840} INFO - DAG(s) 'example_trigger_controller_dag' retrieved from /home/ubuntu/.local/lib/python3.10/site-packages/airflow/example_dags/example_trigger_controller_dag.py
[2024-01-30T15:46:29.132+0100] {logging_mixin.py:188} INFO - [2024-01-30T15:46:29.132+0100] {dag.py:3033} INFO - Sync 1 DAGs
[2024-01-30T15:46:29.150+0100] {logging_mixin.py:188} INFO - [2024-01-30T15:46:29.150+0100] {dag.py:3820} INFO - Setting next_dagrun for example_trigger_controller_dag to 2021-01-01T00:00:00+00:00, run_after=2021-01-01T00:00:00+00:00
[2024-01-30T15:46:29.194+0100] {processor.py:183} INFO - Processing /home/ubuntu/.local/lib/python3.10/site-packages/airflow/example_dags/example_trigger_controller_dag.py took 0.138 seconds
[2024-01-30T15:47:16.434+0100] {processor.py:161} INFO - Started process (PID=8372) to work on /home/ubuntu/.local/lib/python3.10/site-packages/airflow/example_dags/example_trigger_controller_dag.py
[2024-01-30T15:47:16.436+0100] {processor.py:830} INFO - Processing file /home/ubuntu/.local/lib/python3.10/site-packages/airflow/example_dags/example_trigger_controller_dag.py for tasks to queue
[2024-01-30T15:47:16.438+0100] {logging_mixin.py:188} INFO - [2024-01-30T15:47:16.437+0100] {dagbag.py:538} INFO - Filling up the DagBag from /home/ubuntu/.local/lib/python3.10/site-packages/airflow/example_dags/example_trigger_controller_dag.py
[2024-01-30T15:47:16.447+0100] {processor.py:840} INFO - DAG(s) 'example_trigger_controller_dag' retrieved from /home/ubuntu/.local/lib/python3.10/site-packages/airflow/example_dags/example_trigger_controller_dag.py
[2024-01-30T15:47:16.476+0100] {logging_mixin.py:188} INFO - [2024-01-30T15:47:16.475+0100] {dag.py:3033} INFO - Sync 1 DAGs
[2024-01-30T15:47:16.518+0100] {logging_mixin.py:188} INFO - [2024-01-30T15:47:16.517+0100] {dag.py:3820} INFO - Setting next_dagrun for example_trigger_controller_dag to 2021-01-01T00:00:00+00:00, run_after=2021-01-01T00:00:00+00:00
[2024-01-30T15:47:16.566+0100] {processor.py:183} INFO - Processing /home/ubuntu/.local/lib/python3.10/site-packages/airflow/example_dags/example_trigger_controller_dag.py took 0.136 seconds
[2024-01-30T15:49:30.883+0100] {processor.py:161} INFO - Started process (PID=8840) to work on /home/ubuntu/.local/lib/python3.10/site-packages/airflow/example_dags/example_trigger_controller_dag.py
[2024-01-30T15:49:30.900+0100] {processor.py:830} INFO - Processing file /home/ubuntu/.local/lib/python3.10/site-packages/airflow/example_dags/example_trigger_controller_dag.py for tasks to queue
[2024-01-30T15:49:30.905+0100] {logging_mixin.py:188} INFO - [2024-01-30T15:49:30.904+0100] {dagbag.py:538} INFO - Filling up the DagBag from /home/ubuntu/.local/lib/python3.10/site-packages/airflow/example_dags/example_trigger_controller_dag.py
[2024-01-30T15:49:30.939+0100] {processor.py:840} INFO - DAG(s) 'example_trigger_controller_dag' retrieved from /home/ubuntu/.local/lib/python3.10/site-packages/airflow/example_dags/example_trigger_controller_dag.py
[2024-01-30T15:49:31.092+0100] {logging_mixin.py:188} INFO - [2024-01-30T15:49:31.092+0100] {dag.py:3033} INFO - Sync 1 DAGs
[2024-01-30T15:49:31.215+0100] {logging_mixin.py:188} INFO - [2024-01-30T15:49:31.209+0100] {dag.py:3820} INFO - Setting next_dagrun for example_trigger_controller_dag to 2021-01-01T00:00:00+00:00, run_after=2021-01-01T00:00:00+00:00
[2024-01-30T15:49:31.925+0100] {processor.py:183} INFO - Processing /home/ubuntu/.local/lib/python3.10/site-packages/airflow/example_dags/example_trigger_controller_dag.py took 1.081 seconds
[2024-01-30T15:52:05.769+0100] {processor.py:161} INFO - Started process (PID=9348) to work on /home/ubuntu/.local/lib/python3.10/site-packages/airflow/example_dags/example_trigger_controller_dag.py
[2024-01-30T15:52:05.779+0100] {processor.py:830} INFO - Processing file /home/ubuntu/.local/lib/python3.10/site-packages/airflow/example_dags/example_trigger_controller_dag.py for tasks to queue
[2024-01-30T15:52:05.783+0100] {logging_mixin.py:188} INFO - [2024-01-30T15:52:05.781+0100] {dagbag.py:538} INFO - Filling up the DagBag from /home/ubuntu/.local/lib/python3.10/site-packages/airflow/example_dags/example_trigger_controller_dag.py
[2024-01-30T15:52:05.838+0100] {processor.py:840} INFO - DAG(s) 'example_trigger_controller_dag' retrieved from /home/ubuntu/.local/lib/python3.10/site-packages/airflow/example_dags/example_trigger_controller_dag.py
[2024-01-30T15:52:05.909+0100] {logging_mixin.py:188} INFO - [2024-01-30T15:52:05.909+0100] {dag.py:3033} INFO - Sync 1 DAGs
[2024-01-30T15:52:06.049+0100] {logging_mixin.py:188} INFO - [2024-01-30T15:52:06.049+0100] {dag.py:3820} INFO - Setting next_dagrun for example_trigger_controller_dag to 2021-01-01T00:00:00+00:00, run_after=2021-01-01T00:00:00+00:00
[2024-01-30T15:52:06.197+0100] {processor.py:183} INFO - Processing /home/ubuntu/.local/lib/python3.10/site-packages/airflow/example_dags/example_trigger_controller_dag.py took 0.437 seconds
[2024-01-30T15:54:15.964+0100] {processor.py:161} INFO - Started process (PID=9776) to work on /home/ubuntu/.local/lib/python3.10/site-packages/airflow/example_dags/example_trigger_controller_dag.py
[2024-01-30T15:54:15.998+0100] {processor.py:830} INFO - Processing file /home/ubuntu/.local/lib/python3.10/site-packages/airflow/example_dags/example_trigger_controller_dag.py for tasks to queue
[2024-01-30T15:54:16.016+0100] {logging_mixin.py:188} INFO - [2024-01-30T15:54:15.999+0100] {dagbag.py:538} INFO - Filling up the DagBag from /home/ubuntu/.local/lib/python3.10/site-packages/airflow/example_dags/example_trigger_controller_dag.py
[2024-01-30T15:54:16.098+0100] {processor.py:840} INFO - DAG(s) 'example_trigger_controller_dag' retrieved from /home/ubuntu/.local/lib/python3.10/site-packages/airflow/example_dags/example_trigger_controller_dag.py
[2024-01-30T15:54:16.209+0100] {logging_mixin.py:188} INFO - [2024-01-30T15:54:16.208+0100] {dag.py:3033} INFO - Sync 1 DAGs
[2024-01-30T15:54:16.263+0100] {logging_mixin.py:188} INFO - [2024-01-30T15:54:16.263+0100] {dag.py:3820} INFO - Setting next_dagrun for example_trigger_controller_dag to 2021-01-01T00:00:00+00:00, run_after=2021-01-01T00:00:00+00:00
[2024-01-30T15:54:16.619+0100] {processor.py:183} INFO - Processing /home/ubuntu/.local/lib/python3.10/site-packages/airflow/example_dags/example_trigger_controller_dag.py took 0.745 seconds
[2024-01-30T15:55:40.579+0100] {processor.py:161} INFO - Started process (PID=9867) to work on /home/ubuntu/.local/lib/python3.10/site-packages/airflow/example_dags/example_trigger_controller_dag.py
[2024-01-30T15:55:40.604+0100] {processor.py:830} INFO - Processing file /home/ubuntu/.local/lib/python3.10/site-packages/airflow/example_dags/example_trigger_controller_dag.py for tasks to queue
[2024-01-30T15:55:40.610+0100] {logging_mixin.py:188} INFO - [2024-01-30T15:55:40.605+0100] {dagbag.py:538} INFO - Filling up the DagBag from /home/ubuntu/.local/lib/python3.10/site-packages/airflow/example_dags/example_trigger_controller_dag.py
[2024-01-30T15:55:40.627+0100] {processor.py:840} INFO - DAG(s) 'example_trigger_controller_dag' retrieved from /home/ubuntu/.local/lib/python3.10/site-packages/airflow/example_dags/example_trigger_controller_dag.py
[2024-01-30T15:55:40.704+0100] {logging_mixin.py:188} INFO - [2024-01-30T15:55:40.704+0100] {dag.py:3033} INFO - Sync 1 DAGs
[2024-01-30T15:55:40.789+0100] {logging_mixin.py:188} INFO - [2024-01-30T15:55:40.789+0100] {dag.py:3820} INFO - Setting next_dagrun for example_trigger_controller_dag to 2021-01-01T00:00:00+00:00, run_after=2021-01-01T00:00:00+00:00
[2024-01-30T15:55:41.107+0100] {processor.py:183} INFO - Processing /home/ubuntu/.local/lib/python3.10/site-packages/airflow/example_dags/example_trigger_controller_dag.py took 0.543 seconds
[2024-01-30T15:56:44.632+0100] {processor.py:161} INFO - Started process (PID=9929) to work on /home/ubuntu/.local/lib/python3.10/site-packages/airflow/example_dags/example_trigger_controller_dag.py
[2024-01-30T15:56:44.634+0100] {processor.py:830} INFO - Processing file /home/ubuntu/.local/lib/python3.10/site-packages/airflow/example_dags/example_trigger_controller_dag.py for tasks to queue
[2024-01-30T15:56:44.636+0100] {logging_mixin.py:188} INFO - [2024-01-30T15:56:44.635+0100] {dagbag.py:538} INFO - Filling up the DagBag from /home/ubuntu/.local/lib/python3.10/site-packages/airflow/example_dags/example_trigger_controller_dag.py
[2024-01-30T15:56:44.643+0100] {processor.py:840} INFO - DAG(s) 'example_trigger_controller_dag' retrieved from /home/ubuntu/.local/lib/python3.10/site-packages/airflow/example_dags/example_trigger_controller_dag.py
[2024-01-30T15:56:44.662+0100] {logging_mixin.py:188} INFO - [2024-01-30T15:56:44.662+0100] {dag.py:3033} INFO - Sync 1 DAGs
[2024-01-30T15:56:44.686+0100] {logging_mixin.py:188} INFO - [2024-01-30T15:56:44.686+0100] {dag.py:3820} INFO - Setting next_dagrun for example_trigger_controller_dag to 2021-01-01T00:00:00+00:00, run_after=2021-01-01T00:00:00+00:00
[2024-01-30T15:56:44.723+0100] {processor.py:183} INFO - Processing /home/ubuntu/.local/lib/python3.10/site-packages/airflow/example_dags/example_trigger_controller_dag.py took 0.094 seconds
[2024-01-30T15:57:42.874+0100] {processor.py:161} INFO - Started process (PID=9991) to work on /home/ubuntu/.local/lib/python3.10/site-packages/airflow/example_dags/example_trigger_controller_dag.py
[2024-01-30T15:57:42.876+0100] {processor.py:830} INFO - Processing file /home/ubuntu/.local/lib/python3.10/site-packages/airflow/example_dags/example_trigger_controller_dag.py for tasks to queue
[2024-01-30T15:57:42.879+0100] {logging_mixin.py:188} INFO - [2024-01-30T15:57:42.879+0100] {dagbag.py:538} INFO - Filling up the DagBag from /home/ubuntu/.local/lib/python3.10/site-packages/airflow/example_dags/example_trigger_controller_dag.py
[2024-01-30T15:57:42.887+0100] {processor.py:840} INFO - DAG(s) 'example_trigger_controller_dag' retrieved from /home/ubuntu/.local/lib/python3.10/site-packages/airflow/example_dags/example_trigger_controller_dag.py
[2024-01-30T15:57:42.917+0100] {logging_mixin.py:188} INFO - [2024-01-30T15:57:42.916+0100] {dag.py:3033} INFO - Sync 1 DAGs
[2024-01-30T15:57:42.939+0100] {logging_mixin.py:188} INFO - [2024-01-30T15:57:42.939+0100] {dag.py:3820} INFO - Setting next_dagrun for example_trigger_controller_dag to 2021-01-01T00:00:00+00:00, run_after=2021-01-01T00:00:00+00:00
[2024-01-30T15:57:42.983+0100] {processor.py:183} INFO - Processing /home/ubuntu/.local/lib/python3.10/site-packages/airflow/example_dags/example_trigger_controller_dag.py took 0.115 seconds
[2024-01-30T15:58:32.447+0100] {processor.py:161} INFO - Started process (PID=10044) to work on /home/ubuntu/.local/lib/python3.10/site-packages/airflow/example_dags/example_trigger_controller_dag.py
[2024-01-30T15:58:32.449+0100] {processor.py:830} INFO - Processing file /home/ubuntu/.local/lib/python3.10/site-packages/airflow/example_dags/example_trigger_controller_dag.py for tasks to queue
[2024-01-30T15:58:32.450+0100] {logging_mixin.py:188} INFO - [2024-01-30T15:58:32.450+0100] {dagbag.py:538} INFO - Filling up the DagBag from /home/ubuntu/.local/lib/python3.10/site-packages/airflow/example_dags/example_trigger_controller_dag.py
[2024-01-30T15:58:32.457+0100] {processor.py:840} INFO - DAG(s) 'example_trigger_controller_dag' retrieved from /home/ubuntu/.local/lib/python3.10/site-packages/airflow/example_dags/example_trigger_controller_dag.py
[2024-01-30T15:58:32.478+0100] {logging_mixin.py:188} INFO - [2024-01-30T15:58:32.478+0100] {dag.py:3033} INFO - Sync 1 DAGs
[2024-01-30T15:58:32.500+0100] {logging_mixin.py:188} INFO - [2024-01-30T15:58:32.500+0100] {dag.py:3820} INFO - Setting next_dagrun for example_trigger_controller_dag to 2021-01-01T00:00:00+00:00, run_after=2021-01-01T00:00:00+00:00
[2024-01-30T15:58:32.537+0100] {processor.py:183} INFO - Processing /home/ubuntu/.local/lib/python3.10/site-packages/airflow/example_dags/example_trigger_controller_dag.py took 0.095 seconds
[2024-01-30T15:59:27.192+0100] {processor.py:161} INFO - Started process (PID=10094) to work on /home/ubuntu/.local/lib/python3.10/site-packages/airflow/example_dags/example_trigger_controller_dag.py
[2024-01-30T15:59:27.226+0100] {processor.py:830} INFO - Processing file /home/ubuntu/.local/lib/python3.10/site-packages/airflow/example_dags/example_trigger_controller_dag.py for tasks to queue
[2024-01-30T15:59:27.230+0100] {logging_mixin.py:188} INFO - [2024-01-30T15:59:27.229+0100] {dagbag.py:538} INFO - Filling up the DagBag from /home/ubuntu/.local/lib/python3.10/site-packages/airflow/example_dags/example_trigger_controller_dag.py
[2024-01-30T15:59:27.243+0100] {processor.py:840} INFO - DAG(s) 'example_trigger_controller_dag' retrieved from /home/ubuntu/.local/lib/python3.10/site-packages/airflow/example_dags/example_trigger_controller_dag.py
[2024-01-30T15:59:27.319+0100] {logging_mixin.py:188} INFO - [2024-01-30T15:59:27.319+0100] {dag.py:3033} INFO - Sync 1 DAGs
[2024-01-30T15:59:27.412+0100] {logging_mixin.py:188} INFO - [2024-01-30T15:59:27.411+0100] {dag.py:3820} INFO - Setting next_dagrun for example_trigger_controller_dag to 2021-01-01T00:00:00+00:00, run_after=2021-01-01T00:00:00+00:00
[2024-01-30T15:59:27.677+0100] {processor.py:183} INFO - Processing /home/ubuntu/.local/lib/python3.10/site-packages/airflow/example_dags/example_trigger_controller_dag.py took 0.512 seconds
[2024-01-30T16:00:15.004+0100] {processor.py:161} INFO - Started process (PID=10145) to work on /home/ubuntu/.local/lib/python3.10/site-packages/airflow/example_dags/example_trigger_controller_dag.py
[2024-01-30T16:00:15.016+0100] {processor.py:830} INFO - Processing file /home/ubuntu/.local/lib/python3.10/site-packages/airflow/example_dags/example_trigger_controller_dag.py for tasks to queue
[2024-01-30T16:00:15.018+0100] {logging_mixin.py:188} INFO - [2024-01-30T16:00:15.017+0100] {dagbag.py:538} INFO - Filling up the DagBag from /home/ubuntu/.local/lib/python3.10/site-packages/airflow/example_dags/example_trigger_controller_dag.py
[2024-01-30T16:00:15.024+0100] {processor.py:840} INFO - DAG(s) 'example_trigger_controller_dag' retrieved from /home/ubuntu/.local/lib/python3.10/site-packages/airflow/example_dags/example_trigger_controller_dag.py
[2024-01-30T16:00:15.044+0100] {logging_mixin.py:188} INFO - [2024-01-30T16:00:15.043+0100] {dag.py:3033} INFO - Sync 1 DAGs
[2024-01-30T16:00:15.066+0100] {logging_mixin.py:188} INFO - [2024-01-30T16:00:15.066+0100] {dag.py:3820} INFO - Setting next_dagrun for example_trigger_controller_dag to 2021-01-01T00:00:00+00:00, run_after=2021-01-01T00:00:00+00:00
[2024-01-30T16:00:15.114+0100] {processor.py:183} INFO - Processing /home/ubuntu/.local/lib/python3.10/site-packages/airflow/example_dags/example_trigger_controller_dag.py took 0.114 seconds
[2024-01-30T16:01:10.701+0100] {processor.py:161} INFO - Started process (PID=10203) to work on /home/ubuntu/.local/lib/python3.10/site-packages/airflow/example_dags/example_trigger_controller_dag.py
[2024-01-30T16:01:10.703+0100] {processor.py:830} INFO - Processing file /home/ubuntu/.local/lib/python3.10/site-packages/airflow/example_dags/example_trigger_controller_dag.py for tasks to queue
[2024-01-30T16:01:10.705+0100] {logging_mixin.py:188} INFO - [2024-01-30T16:01:10.704+0100] {dagbag.py:538} INFO - Filling up the DagBag from /home/ubuntu/.local/lib/python3.10/site-packages/airflow/example_dags/example_trigger_controller_dag.py
[2024-01-30T16:01:10.711+0100] {processor.py:840} INFO - DAG(s) 'example_trigger_controller_dag' retrieved from /home/ubuntu/.local/lib/python3.10/site-packages/airflow/example_dags/example_trigger_controller_dag.py
[2024-01-30T16:01:10.731+0100] {logging_mixin.py:188} INFO - [2024-01-30T16:01:10.731+0100] {dag.py:3033} INFO - Sync 1 DAGs
[2024-01-30T16:01:10.752+0100] {logging_mixin.py:188} INFO - [2024-01-30T16:01:10.752+0100] {dag.py:3820} INFO - Setting next_dagrun for example_trigger_controller_dag to 2021-01-01T00:00:00+00:00, run_after=2021-01-01T00:00:00+00:00
[2024-01-30T16:01:10.793+0100] {processor.py:183} INFO - Processing /home/ubuntu/.local/lib/python3.10/site-packages/airflow/example_dags/example_trigger_controller_dag.py took 0.096 seconds
[2024-01-30T16:02:09.707+0100] {processor.py:161} INFO - Started process (PID=10270) to work on /home/ubuntu/.local/lib/python3.10/site-packages/airflow/example_dags/example_trigger_controller_dag.py
[2024-01-30T16:02:09.777+0100] {processor.py:830} INFO - Processing file /home/ubuntu/.local/lib/python3.10/site-packages/airflow/example_dags/example_trigger_controller_dag.py for tasks to queue
[2024-01-30T16:02:09.779+0100] {logging_mixin.py:188} INFO - [2024-01-30T16:02:09.778+0100] {dagbag.py:538} INFO - Filling up the DagBag from /home/ubuntu/.local/lib/python3.10/site-packages/airflow/example_dags/example_trigger_controller_dag.py
[2024-01-30T16:02:09.897+0100] {processor.py:840} INFO - DAG(s) 'example_trigger_controller_dag' retrieved from /home/ubuntu/.local/lib/python3.10/site-packages/airflow/example_dags/example_trigger_controller_dag.py
[2024-01-30T16:02:09.973+0100] {logging_mixin.py:188} INFO - [2024-01-30T16:02:09.969+0100] {dag.py:3033} INFO - Sync 1 DAGs
[2024-01-30T16:02:10.044+0100] {logging_mixin.py:188} INFO - [2024-01-30T16:02:10.043+0100] {dag.py:3820} INFO - Setting next_dagrun for example_trigger_controller_dag to 2021-01-01T00:00:00+00:00, run_after=2021-01-01T00:00:00+00:00
[2024-01-30T16:02:10.262+0100] {processor.py:183} INFO - Processing /home/ubuntu/.local/lib/python3.10/site-packages/airflow/example_dags/example_trigger_controller_dag.py took 0.580 seconds
[2024-01-30T16:03:50.081+0100] {processor.py:161} INFO - Started process (PID=10368) to work on /home/ubuntu/.local/lib/python3.10/site-packages/airflow/example_dags/example_trigger_controller_dag.py
[2024-01-30T16:03:50.106+0100] {processor.py:830} INFO - Processing file /home/ubuntu/.local/lib/python3.10/site-packages/airflow/example_dags/example_trigger_controller_dag.py for tasks to queue
[2024-01-30T16:03:50.111+0100] {logging_mixin.py:188} INFO - [2024-01-30T16:03:50.107+0100] {dagbag.py:538} INFO - Filling up the DagBag from /home/ubuntu/.local/lib/python3.10/site-packages/airflow/example_dags/example_trigger_controller_dag.py
[2024-01-30T16:03:50.137+0100] {processor.py:840} INFO - DAG(s) 'example_trigger_controller_dag' retrieved from /home/ubuntu/.local/lib/python3.10/site-packages/airflow/example_dags/example_trigger_controller_dag.py
[2024-01-30T16:03:50.183+0100] {logging_mixin.py:188} INFO - [2024-01-30T16:03:50.182+0100] {dag.py:3033} INFO - Sync 1 DAGs
[2024-01-30T16:03:50.311+0100] {logging_mixin.py:188} INFO - [2024-01-30T16:03:50.311+0100] {dag.py:3820} INFO - Setting next_dagrun for example_trigger_controller_dag to 2021-01-01T00:00:00+00:00, run_after=2021-01-01T00:00:00+00:00
[2024-01-30T16:03:50.522+0100] {processor.py:183} INFO - Processing /home/ubuntu/.local/lib/python3.10/site-packages/airflow/example_dags/example_trigger_controller_dag.py took 0.461 seconds
[2024-01-30T16:05:29.591+0100] {processor.py:161} INFO - Started process (PID=10462) to work on /home/ubuntu/.local/lib/python3.10/site-packages/airflow/example_dags/example_trigger_controller_dag.py
[2024-01-30T16:05:29.597+0100] {processor.py:830} INFO - Processing file /home/ubuntu/.local/lib/python3.10/site-packages/airflow/example_dags/example_trigger_controller_dag.py for tasks to queue
[2024-01-30T16:05:29.600+0100] {logging_mixin.py:188} INFO - [2024-01-30T16:05:29.599+0100] {dagbag.py:538} INFO - Filling up the DagBag from /home/ubuntu/.local/lib/python3.10/site-packages/airflow/example_dags/example_trigger_controller_dag.py
[2024-01-30T16:05:29.614+0100] {processor.py:840} INFO - DAG(s) 'example_trigger_controller_dag' retrieved from /home/ubuntu/.local/lib/python3.10/site-packages/airflow/example_dags/example_trigger_controller_dag.py
[2024-01-30T16:05:29.753+0100] {logging_mixin.py:188} INFO - [2024-01-30T16:05:29.753+0100] {dag.py:3033} INFO - Sync 1 DAGs
[2024-01-30T16:05:29.805+0100] {logging_mixin.py:188} INFO - [2024-01-30T16:05:29.805+0100] {dag.py:3820} INFO - Setting next_dagrun for example_trigger_controller_dag to 2021-01-01T00:00:00+00:00, run_after=2021-01-01T00:00:00+00:00
[2024-01-30T16:05:29.970+0100] {processor.py:183} INFO - Processing /home/ubuntu/.local/lib/python3.10/site-packages/airflow/example_dags/example_trigger_controller_dag.py took 0.399 seconds
