[2024-01-30T15:30:15.185+0100] {processor.py:161} INFO - Started process (PID=6613) to work on /home/ubuntu/.local/lib/python3.10/site-packages/airflow/example_dags/example_branch_labels.py
[2024-01-30T15:30:15.187+0100] {processor.py:830} INFO - Processing file /home/ubuntu/.local/lib/python3.10/site-packages/airflow/example_dags/example_branch_labels.py for tasks to queue
[2024-01-30T15:30:15.189+0100] {logging_mixin.py:188} INFO - [2024-01-30T15:30:15.188+0100] {dagbag.py:538} INFO - Filling up the DagBag from /home/ubuntu/.local/lib/python3.10/site-packages/airflow/example_dags/example_branch_labels.py
[2024-01-30T15:30:15.197+0100] {processor.py:840} INFO - DAG(s) 'example_branch_labels' retrieved from /home/ubuntu/.local/lib/python3.10/site-packages/airflow/example_dags/example_branch_labels.py
[2024-01-30T15:30:15.288+0100] {logging_mixin.py:188} INFO - [2024-01-30T15:30:15.287+0100] {dag.py:3033} INFO - Sync 1 DAGs
[2024-01-30T15:30:15.332+0100] {logging_mixin.py:188} INFO - [2024-01-30T15:30:15.331+0100] {dag.py:3820} INFO - Setting next_dagrun for example_branch_labels to 2024-01-29T00:00:00+00:00, run_after=2024-01-30T00:00:00+00:00
[2024-01-30T15:30:15.506+0100] {processor.py:183} INFO - Processing /home/ubuntu/.local/lib/python3.10/site-packages/airflow/example_dags/example_branch_labels.py took 0.324 seconds
[2024-01-30T15:31:15.217+0100] {processor.py:161} INFO - Started process (PID=6672) to work on /home/ubuntu/.local/lib/python3.10/site-packages/airflow/example_dags/example_branch_labels.py
[2024-01-30T15:31:15.221+0100] {processor.py:830} INFO - Processing file /home/ubuntu/.local/lib/python3.10/site-packages/airflow/example_dags/example_branch_labels.py for tasks to queue
[2024-01-30T15:31:15.222+0100] {logging_mixin.py:188} INFO - [2024-01-30T15:31:15.222+0100] {dagbag.py:538} INFO - Filling up the DagBag from /home/ubuntu/.local/lib/python3.10/site-packages/airflow/example_dags/example_branch_labels.py
[2024-01-30T15:31:15.238+0100] {processor.py:840} INFO - DAG(s) 'example_branch_labels' retrieved from /home/ubuntu/.local/lib/python3.10/site-packages/airflow/example_dags/example_branch_labels.py
[2024-01-30T15:31:15.269+0100] {logging_mixin.py:188} INFO - [2024-01-30T15:31:15.269+0100] {dag.py:3033} INFO - Sync 1 DAGs
[2024-01-30T15:31:15.304+0100] {logging_mixin.py:188} INFO - [2024-01-30T15:31:15.304+0100] {dag.py:3820} INFO - Setting next_dagrun for example_branch_labels to 2024-01-29T00:00:00+00:00, run_after=2024-01-30T00:00:00+00:00
[2024-01-30T15:31:15.333+0100] {processor.py:183} INFO - Processing /home/ubuntu/.local/lib/python3.10/site-packages/airflow/example_dags/example_branch_labels.py took 0.121 seconds
[2024-01-30T15:32:08.788+0100] {processor.py:161} INFO - Started process (PID=6730) to work on /home/ubuntu/.local/lib/python3.10/site-packages/airflow/example_dags/example_branch_labels.py
[2024-01-30T15:32:08.790+0100] {processor.py:830} INFO - Processing file /home/ubuntu/.local/lib/python3.10/site-packages/airflow/example_dags/example_branch_labels.py for tasks to queue
[2024-01-30T15:32:08.792+0100] {logging_mixin.py:188} INFO - [2024-01-30T15:32:08.792+0100] {dagbag.py:538} INFO - Filling up the DagBag from /home/ubuntu/.local/lib/python3.10/site-packages/airflow/example_dags/example_branch_labels.py
[2024-01-30T15:32:08.808+0100] {processor.py:840} INFO - DAG(s) 'example_branch_labels' retrieved from /home/ubuntu/.local/lib/python3.10/site-packages/airflow/example_dags/example_branch_labels.py
[2024-01-30T15:32:08.832+0100] {logging_mixin.py:188} INFO - [2024-01-30T15:32:08.832+0100] {dag.py:3033} INFO - Sync 1 DAGs
[2024-01-30T15:32:08.856+0100] {logging_mixin.py:188} INFO - [2024-01-30T15:32:08.856+0100] {dag.py:3820} INFO - Setting next_dagrun for example_branch_labels to 2024-01-29T00:00:00+00:00, run_after=2024-01-30T00:00:00+00:00
[2024-01-30T15:32:08.892+0100] {processor.py:183} INFO - Processing /home/ubuntu/.local/lib/python3.10/site-packages/airflow/example_dags/example_branch_labels.py took 0.109 seconds
[2024-01-30T15:33:15.135+0100] {processor.py:161} INFO - Started process (PID=6797) to work on /home/ubuntu/.local/lib/python3.10/site-packages/airflow/example_dags/example_branch_labels.py
[2024-01-30T15:33:15.137+0100] {processor.py:830} INFO - Processing file /home/ubuntu/.local/lib/python3.10/site-packages/airflow/example_dags/example_branch_labels.py for tasks to queue
[2024-01-30T15:33:15.139+0100] {logging_mixin.py:188} INFO - [2024-01-30T15:33:15.138+0100] {dagbag.py:538} INFO - Filling up the DagBag from /home/ubuntu/.local/lib/python3.10/site-packages/airflow/example_dags/example_branch_labels.py
[2024-01-30T15:33:15.161+0100] {processor.py:840} INFO - DAG(s) 'example_branch_labels' retrieved from /home/ubuntu/.local/lib/python3.10/site-packages/airflow/example_dags/example_branch_labels.py
[2024-01-30T15:33:15.185+0100] {logging_mixin.py:188} INFO - [2024-01-30T15:33:15.185+0100] {dag.py:3033} INFO - Sync 1 DAGs
[2024-01-30T15:33:15.270+0100] {logging_mixin.py:188} INFO - [2024-01-30T15:33:15.266+0100] {dag.py:3820} INFO - Setting next_dagrun for example_branch_labels to 2024-01-29T00:00:00+00:00, run_after=2024-01-30T00:00:00+00:00
[2024-01-30T15:33:15.320+0100] {processor.py:183} INFO - Processing /home/ubuntu/.local/lib/python3.10/site-packages/airflow/example_dags/example_branch_labels.py took 0.189 seconds
[2024-01-30T15:34:18.572+0100] {processor.py:161} INFO - Started process (PID=6858) to work on /home/ubuntu/.local/lib/python3.10/site-packages/airflow/example_dags/example_branch_labels.py
[2024-01-30T15:34:18.628+0100] {processor.py:830} INFO - Processing file /home/ubuntu/.local/lib/python3.10/site-packages/airflow/example_dags/example_branch_labels.py for tasks to queue
[2024-01-30T15:34:18.631+0100] {logging_mixin.py:188} INFO - [2024-01-30T15:34:18.630+0100] {dagbag.py:538} INFO - Filling up the DagBag from /home/ubuntu/.local/lib/python3.10/site-packages/airflow/example_dags/example_branch_labels.py
[2024-01-30T15:34:18.658+0100] {processor.py:840} INFO - DAG(s) 'example_branch_labels' retrieved from /home/ubuntu/.local/lib/python3.10/site-packages/airflow/example_dags/example_branch_labels.py
[2024-01-30T15:34:18.709+0100] {logging_mixin.py:188} INFO - [2024-01-30T15:34:18.708+0100] {dag.py:3033} INFO - Sync 1 DAGs
[2024-01-30T15:34:18.736+0100] {logging_mixin.py:188} INFO - [2024-01-30T15:34:18.736+0100] {dag.py:3820} INFO - Setting next_dagrun for example_branch_labels to 2024-01-29T00:00:00+00:00, run_after=2024-01-30T00:00:00+00:00
[2024-01-30T15:34:18.767+0100] {processor.py:183} INFO - Processing /home/ubuntu/.local/lib/python3.10/site-packages/airflow/example_dags/example_branch_labels.py took 0.220 seconds
[2024-01-30T15:35:13.630+0100] {processor.py:161} INFO - Started process (PID=6918) to work on /home/ubuntu/.local/lib/python3.10/site-packages/airflow/example_dags/example_branch_labels.py
[2024-01-30T15:35:13.632+0100] {processor.py:830} INFO - Processing file /home/ubuntu/.local/lib/python3.10/site-packages/airflow/example_dags/example_branch_labels.py for tasks to queue
[2024-01-30T15:35:13.634+0100] {logging_mixin.py:188} INFO - [2024-01-30T15:35:13.633+0100] {dagbag.py:538} INFO - Filling up the DagBag from /home/ubuntu/.local/lib/python3.10/site-packages/airflow/example_dags/example_branch_labels.py
[2024-01-30T15:35:13.643+0100] {processor.py:840} INFO - DAG(s) 'example_branch_labels' retrieved from /home/ubuntu/.local/lib/python3.10/site-packages/airflow/example_dags/example_branch_labels.py
[2024-01-30T15:35:13.663+0100] {logging_mixin.py:188} INFO - [2024-01-30T15:35:13.663+0100] {dag.py:3033} INFO - Sync 1 DAGs
[2024-01-30T15:35:13.692+0100] {logging_mixin.py:188} INFO - [2024-01-30T15:35:13.691+0100] {dag.py:3820} INFO - Setting next_dagrun for example_branch_labels to 2024-01-29T00:00:00+00:00, run_after=2024-01-30T00:00:00+00:00
[2024-01-30T15:35:13.726+0100] {processor.py:183} INFO - Processing /home/ubuntu/.local/lib/python3.10/site-packages/airflow/example_dags/example_branch_labels.py took 0.099 seconds
[2024-01-30T15:36:02.037+0100] {processor.py:161} INFO - Started process (PID=6971) to work on /home/ubuntu/.local/lib/python3.10/site-packages/airflow/example_dags/example_branch_labels.py
[2024-01-30T15:36:02.039+0100] {processor.py:830} INFO - Processing file /home/ubuntu/.local/lib/python3.10/site-packages/airflow/example_dags/example_branch_labels.py for tasks to queue
[2024-01-30T15:36:02.042+0100] {logging_mixin.py:188} INFO - [2024-01-30T15:36:02.041+0100] {dagbag.py:538} INFO - Filling up the DagBag from /home/ubuntu/.local/lib/python3.10/site-packages/airflow/example_dags/example_branch_labels.py
[2024-01-30T15:36:02.057+0100] {processor.py:840} INFO - DAG(s) 'example_branch_labels' retrieved from /home/ubuntu/.local/lib/python3.10/site-packages/airflow/example_dags/example_branch_labels.py
[2024-01-30T15:36:02.082+0100] {logging_mixin.py:188} INFO - [2024-01-30T15:36:02.082+0100] {dag.py:3033} INFO - Sync 1 DAGs
[2024-01-30T15:36:02.106+0100] {logging_mixin.py:188} INFO - [2024-01-30T15:36:02.106+0100] {dag.py:3820} INFO - Setting next_dagrun for example_branch_labels to 2024-01-29T00:00:00+00:00, run_after=2024-01-30T00:00:00+00:00
[2024-01-30T15:36:02.141+0100] {processor.py:183} INFO - Processing /home/ubuntu/.local/lib/python3.10/site-packages/airflow/example_dags/example_branch_labels.py took 0.111 seconds
[2024-01-30T15:36:52.022+0100] {processor.py:161} INFO - Started process (PID=7022) to work on /home/ubuntu/.local/lib/python3.10/site-packages/airflow/example_dags/example_branch_labels.py
[2024-01-30T15:36:52.024+0100] {processor.py:830} INFO - Processing file /home/ubuntu/.local/lib/python3.10/site-packages/airflow/example_dags/example_branch_labels.py for tasks to queue
[2024-01-30T15:36:52.026+0100] {logging_mixin.py:188} INFO - [2024-01-30T15:36:52.025+0100] {dagbag.py:538} INFO - Filling up the DagBag from /home/ubuntu/.local/lib/python3.10/site-packages/airflow/example_dags/example_branch_labels.py
[2024-01-30T15:36:52.036+0100] {processor.py:840} INFO - DAG(s) 'example_branch_labels' retrieved from /home/ubuntu/.local/lib/python3.10/site-packages/airflow/example_dags/example_branch_labels.py
[2024-01-30T15:36:52.059+0100] {logging_mixin.py:188} INFO - [2024-01-30T15:36:52.059+0100] {dag.py:3033} INFO - Sync 1 DAGs
[2024-01-30T15:36:52.094+0100] {logging_mixin.py:188} INFO - [2024-01-30T15:36:52.094+0100] {dag.py:3820} INFO - Setting next_dagrun for example_branch_labels to 2024-01-29T00:00:00+00:00, run_after=2024-01-30T00:00:00+00:00
[2024-01-30T15:36:52.138+0100] {processor.py:183} INFO - Processing /home/ubuntu/.local/lib/python3.10/site-packages/airflow/example_dags/example_branch_labels.py took 0.119 seconds
[2024-01-30T15:37:46.664+0100] {processor.py:161} INFO - Started process (PID=7080) to work on /home/ubuntu/.local/lib/python3.10/site-packages/airflow/example_dags/example_branch_labels.py
[2024-01-30T15:37:46.684+0100] {processor.py:830} INFO - Processing file /home/ubuntu/.local/lib/python3.10/site-packages/airflow/example_dags/example_branch_labels.py for tasks to queue
[2024-01-30T15:37:46.686+0100] {logging_mixin.py:188} INFO - [2024-01-30T15:37:46.685+0100] {dagbag.py:538} INFO - Filling up the DagBag from /home/ubuntu/.local/lib/python3.10/site-packages/airflow/example_dags/example_branch_labels.py
[2024-01-30T15:37:46.697+0100] {processor.py:840} INFO - DAG(s) 'example_branch_labels' retrieved from /home/ubuntu/.local/lib/python3.10/site-packages/airflow/example_dags/example_branch_labels.py
[2024-01-30T15:37:46.720+0100] {logging_mixin.py:188} INFO - [2024-01-30T15:37:46.720+0100] {dag.py:3033} INFO - Sync 1 DAGs
[2024-01-30T15:37:46.748+0100] {logging_mixin.py:188} INFO - [2024-01-30T15:37:46.748+0100] {dag.py:3820} INFO - Setting next_dagrun for example_branch_labels to 2024-01-29T00:00:00+00:00, run_after=2024-01-30T00:00:00+00:00
[2024-01-30T15:37:46.783+0100] {processor.py:183} INFO - Processing /home/ubuntu/.local/lib/python3.10/site-packages/airflow/example_dags/example_branch_labels.py took 0.135 seconds
[2024-01-30T15:38:36.637+0100] {processor.py:161} INFO - Started process (PID=7145) to work on /home/ubuntu/.local/lib/python3.10/site-packages/airflow/example_dags/example_branch_labels.py
[2024-01-30T15:38:36.650+0100] {processor.py:830} INFO - Processing file /home/ubuntu/.local/lib/python3.10/site-packages/airflow/example_dags/example_branch_labels.py for tasks to queue
[2024-01-30T15:38:36.652+0100] {logging_mixin.py:188} INFO - [2024-01-30T15:38:36.651+0100] {dagbag.py:538} INFO - Filling up the DagBag from /home/ubuntu/.local/lib/python3.10/site-packages/airflow/example_dags/example_branch_labels.py
[2024-01-30T15:38:36.662+0100] {processor.py:840} INFO - DAG(s) 'example_branch_labels' retrieved from /home/ubuntu/.local/lib/python3.10/site-packages/airflow/example_dags/example_branch_labels.py
[2024-01-30T15:38:36.687+0100] {logging_mixin.py:188} INFO - [2024-01-30T15:38:36.686+0100] {dag.py:3033} INFO - Sync 1 DAGs
[2024-01-30T15:38:36.739+0100] {logging_mixin.py:188} INFO - [2024-01-30T15:38:36.739+0100] {dag.py:3820} INFO - Setting next_dagrun for example_branch_labels to 2024-01-29T00:00:00+00:00, run_after=2024-01-30T00:00:00+00:00
[2024-01-30T15:38:36.831+0100] {processor.py:183} INFO - Processing /home/ubuntu/.local/lib/python3.10/site-packages/airflow/example_dags/example_branch_labels.py took 0.202 seconds
[2024-01-30T15:39:38.271+0100] {processor.py:161} INFO - Started process (PID=7282) to work on /home/ubuntu/.local/lib/python3.10/site-packages/airflow/example_dags/example_branch_labels.py
[2024-01-30T15:39:38.273+0100] {processor.py:830} INFO - Processing file /home/ubuntu/.local/lib/python3.10/site-packages/airflow/example_dags/example_branch_labels.py for tasks to queue
[2024-01-30T15:39:38.275+0100] {logging_mixin.py:188} INFO - [2024-01-30T15:39:38.274+0100] {dagbag.py:538} INFO - Filling up the DagBag from /home/ubuntu/.local/lib/python3.10/site-packages/airflow/example_dags/example_branch_labels.py
[2024-01-30T15:39:38.285+0100] {processor.py:840} INFO - DAG(s) 'example_branch_labels' retrieved from /home/ubuntu/.local/lib/python3.10/site-packages/airflow/example_dags/example_branch_labels.py
[2024-01-30T15:39:38.306+0100] {logging_mixin.py:188} INFO - [2024-01-30T15:39:38.306+0100] {dag.py:3033} INFO - Sync 1 DAGs
[2024-01-30T15:39:38.336+0100] {logging_mixin.py:188} INFO - [2024-01-30T15:39:38.336+0100] {dag.py:3820} INFO - Setting next_dagrun for example_branch_labels to 2024-01-29T00:00:00+00:00, run_after=2024-01-30T00:00:00+00:00
[2024-01-30T15:39:38.379+0100] {processor.py:183} INFO - Processing /home/ubuntu/.local/lib/python3.10/site-packages/airflow/example_dags/example_branch_labels.py took 0.113 seconds
[2024-01-30T15:40:38.547+0100] {processor.py:161} INFO - Started process (PID=7340) to work on /home/ubuntu/.local/lib/python3.10/site-packages/airflow/example_dags/example_branch_labels.py
[2024-01-30T15:40:38.549+0100] {processor.py:830} INFO - Processing file /home/ubuntu/.local/lib/python3.10/site-packages/airflow/example_dags/example_branch_labels.py for tasks to queue
[2024-01-30T15:40:38.550+0100] {logging_mixin.py:188} INFO - [2024-01-30T15:40:38.550+0100] {dagbag.py:538} INFO - Filling up the DagBag from /home/ubuntu/.local/lib/python3.10/site-packages/airflow/example_dags/example_branch_labels.py
[2024-01-30T15:40:38.562+0100] {processor.py:840} INFO - DAG(s) 'example_branch_labels' retrieved from /home/ubuntu/.local/lib/python3.10/site-packages/airflow/example_dags/example_branch_labels.py
[2024-01-30T15:40:38.590+0100] {logging_mixin.py:188} INFO - [2024-01-30T15:40:38.590+0100] {dag.py:3033} INFO - Sync 1 DAGs
[2024-01-30T15:40:38.720+0100] {logging_mixin.py:188} INFO - [2024-01-30T15:40:38.720+0100] {dag.py:3820} INFO - Setting next_dagrun for example_branch_labels to 2024-01-29T00:00:00+00:00, run_after=2024-01-30T00:00:00+00:00
[2024-01-30T15:40:38.803+0100] {processor.py:183} INFO - Processing /home/ubuntu/.local/lib/python3.10/site-packages/airflow/example_dags/example_branch_labels.py took 0.261 seconds
[2024-01-30T15:41:42.876+0100] {processor.py:161} INFO - Started process (PID=7406) to work on /home/ubuntu/.local/lib/python3.10/site-packages/airflow/example_dags/example_branch_labels.py
[2024-01-30T15:41:42.879+0100] {processor.py:830} INFO - Processing file /home/ubuntu/.local/lib/python3.10/site-packages/airflow/example_dags/example_branch_labels.py for tasks to queue
[2024-01-30T15:41:42.882+0100] {logging_mixin.py:188} INFO - [2024-01-30T15:41:42.880+0100] {dagbag.py:538} INFO - Filling up the DagBag from /home/ubuntu/.local/lib/python3.10/site-packages/airflow/example_dags/example_branch_labels.py
[2024-01-30T15:41:42.898+0100] {processor.py:840} INFO - DAG(s) 'example_branch_labels' retrieved from /home/ubuntu/.local/lib/python3.10/site-packages/airflow/example_dags/example_branch_labels.py
[2024-01-30T15:41:42.920+0100] {logging_mixin.py:188} INFO - [2024-01-30T15:41:42.920+0100] {dag.py:3033} INFO - Sync 1 DAGs
[2024-01-30T15:41:42.945+0100] {logging_mixin.py:188} INFO - [2024-01-30T15:41:42.945+0100] {dag.py:3820} INFO - Setting next_dagrun for example_branch_labels to 2024-01-29T00:00:00+00:00, run_after=2024-01-30T00:00:00+00:00
[2024-01-30T15:41:42.984+0100] {processor.py:183} INFO - Processing /home/ubuntu/.local/lib/python3.10/site-packages/airflow/example_dags/example_branch_labels.py took 0.115 seconds
[2024-01-30T15:42:48.401+0100] {processor.py:161} INFO - Started process (PID=7632) to work on /home/ubuntu/.local/lib/python3.10/site-packages/airflow/example_dags/example_branch_labels.py
[2024-01-30T15:42:48.403+0100] {processor.py:830} INFO - Processing file /home/ubuntu/.local/lib/python3.10/site-packages/airflow/example_dags/example_branch_labels.py for tasks to queue
[2024-01-30T15:42:48.405+0100] {logging_mixin.py:188} INFO - [2024-01-30T15:42:48.404+0100] {dagbag.py:538} INFO - Filling up the DagBag from /home/ubuntu/.local/lib/python3.10/site-packages/airflow/example_dags/example_branch_labels.py
[2024-01-30T15:42:48.413+0100] {processor.py:840} INFO - DAG(s) 'example_branch_labels' retrieved from /home/ubuntu/.local/lib/python3.10/site-packages/airflow/example_dags/example_branch_labels.py
[2024-01-30T15:42:48.435+0100] {logging_mixin.py:188} INFO - [2024-01-30T15:42:48.434+0100] {dag.py:3033} INFO - Sync 1 DAGs
[2024-01-30T15:42:48.461+0100] {logging_mixin.py:188} INFO - [2024-01-30T15:42:48.460+0100] {dag.py:3820} INFO - Setting next_dagrun for example_branch_labels to 2024-01-29T00:00:00+00:00, run_after=2024-01-30T00:00:00+00:00
[2024-01-30T15:42:48.508+0100] {processor.py:183} INFO - Processing /home/ubuntu/.local/lib/python3.10/site-packages/airflow/example_dags/example_branch_labels.py took 0.111 seconds
[2024-01-30T15:43:45.012+0100] {processor.py:161} INFO - Started process (PID=7909) to work on /home/ubuntu/.local/lib/python3.10/site-packages/airflow/example_dags/example_branch_labels.py
[2024-01-30T15:43:45.016+0100] {processor.py:830} INFO - Processing file /home/ubuntu/.local/lib/python3.10/site-packages/airflow/example_dags/example_branch_labels.py for tasks to queue
[2024-01-30T15:43:45.017+0100] {logging_mixin.py:188} INFO - [2024-01-30T15:43:45.017+0100] {dagbag.py:538} INFO - Filling up the DagBag from /home/ubuntu/.local/lib/python3.10/site-packages/airflow/example_dags/example_branch_labels.py
[2024-01-30T15:43:45.027+0100] {processor.py:840} INFO - DAG(s) 'example_branch_labels' retrieved from /home/ubuntu/.local/lib/python3.10/site-packages/airflow/example_dags/example_branch_labels.py
[2024-01-30T15:43:45.053+0100] {logging_mixin.py:188} INFO - [2024-01-30T15:43:45.053+0100] {dag.py:3033} INFO - Sync 1 DAGs
[2024-01-30T15:43:45.076+0100] {logging_mixin.py:188} INFO - [2024-01-30T15:43:45.076+0100] {dag.py:3820} INFO - Setting next_dagrun for example_branch_labels to 2024-01-29T00:00:00+00:00, run_after=2024-01-30T00:00:00+00:00
[2024-01-30T15:43:45.110+0100] {processor.py:183} INFO - Processing /home/ubuntu/.local/lib/python3.10/site-packages/airflow/example_dags/example_branch_labels.py took 0.102 seconds
[2024-01-30T15:44:51.100+0100] {processor.py:161} INFO - Started process (PID=8199) to work on /home/ubuntu/.local/lib/python3.10/site-packages/airflow/example_dags/example_branch_labels.py
[2024-01-30T15:44:51.106+0100] {processor.py:830} INFO - Processing file /home/ubuntu/.local/lib/python3.10/site-packages/airflow/example_dags/example_branch_labels.py for tasks to queue
[2024-01-30T15:44:51.108+0100] {logging_mixin.py:188} INFO - [2024-01-30T15:44:51.107+0100] {dagbag.py:538} INFO - Filling up the DagBag from /home/ubuntu/.local/lib/python3.10/site-packages/airflow/example_dags/example_branch_labels.py
[2024-01-30T15:44:51.118+0100] {processor.py:840} INFO - DAG(s) 'example_branch_labels' retrieved from /home/ubuntu/.local/lib/python3.10/site-packages/airflow/example_dags/example_branch_labels.py
[2024-01-30T15:44:51.142+0100] {logging_mixin.py:188} INFO - [2024-01-30T15:44:51.141+0100] {dag.py:3033} INFO - Sync 1 DAGs
[2024-01-30T15:44:51.161+0100] {logging_mixin.py:188} INFO - [2024-01-30T15:44:51.160+0100] {dag.py:3820} INFO - Setting next_dagrun for example_branch_labels to 2024-01-29T00:00:00+00:00, run_after=2024-01-30T00:00:00+00:00
[2024-01-30T15:44:51.221+0100] {processor.py:183} INFO - Processing /home/ubuntu/.local/lib/python3.10/site-packages/airflow/example_dags/example_branch_labels.py took 0.126 seconds
[2024-01-30T15:45:41.932+0100] {processor.py:161} INFO - Started process (PID=8276) to work on /home/ubuntu/.local/lib/python3.10/site-packages/airflow/example_dags/example_branch_labels.py
[2024-01-30T15:45:41.935+0100] {processor.py:830} INFO - Processing file /home/ubuntu/.local/lib/python3.10/site-packages/airflow/example_dags/example_branch_labels.py for tasks to queue
[2024-01-30T15:45:41.937+0100] {logging_mixin.py:188} INFO - [2024-01-30T15:45:41.936+0100] {dagbag.py:538} INFO - Filling up the DagBag from /home/ubuntu/.local/lib/python3.10/site-packages/airflow/example_dags/example_branch_labels.py
[2024-01-30T15:45:41.945+0100] {processor.py:840} INFO - DAG(s) 'example_branch_labels' retrieved from /home/ubuntu/.local/lib/python3.10/site-packages/airflow/example_dags/example_branch_labels.py
[2024-01-30T15:45:41.964+0100] {logging_mixin.py:188} INFO - [2024-01-30T15:45:41.964+0100] {dag.py:3033} INFO - Sync 1 DAGs
[2024-01-30T15:45:41.986+0100] {logging_mixin.py:188} INFO - [2024-01-30T15:45:41.986+0100] {dag.py:3820} INFO - Setting next_dagrun for example_branch_labels to 2024-01-29T00:00:00+00:00, run_after=2024-01-30T00:00:00+00:00
[2024-01-30T15:45:42.026+0100] {processor.py:183} INFO - Processing /home/ubuntu/.local/lib/python3.10/site-packages/airflow/example_dags/example_branch_labels.py took 0.097 seconds
[2024-01-30T15:46:41.376+0100] {processor.py:161} INFO - Started process (PID=8339) to work on /home/ubuntu/.local/lib/python3.10/site-packages/airflow/example_dags/example_branch_labels.py
[2024-01-30T15:46:41.378+0100] {processor.py:830} INFO - Processing file /home/ubuntu/.local/lib/python3.10/site-packages/airflow/example_dags/example_branch_labels.py for tasks to queue
[2024-01-30T15:46:41.380+0100] {logging_mixin.py:188} INFO - [2024-01-30T15:46:41.379+0100] {dagbag.py:538} INFO - Filling up the DagBag from /home/ubuntu/.local/lib/python3.10/site-packages/airflow/example_dags/example_branch_labels.py
[2024-01-30T15:46:41.387+0100] {processor.py:840} INFO - DAG(s) 'example_branch_labels' retrieved from /home/ubuntu/.local/lib/python3.10/site-packages/airflow/example_dags/example_branch_labels.py
[2024-01-30T15:46:41.407+0100] {logging_mixin.py:188} INFO - [2024-01-30T15:46:41.407+0100] {dag.py:3033} INFO - Sync 1 DAGs
[2024-01-30T15:46:41.432+0100] {logging_mixin.py:188} INFO - [2024-01-30T15:46:41.432+0100] {dag.py:3820} INFO - Setting next_dagrun for example_branch_labels to 2024-01-29T00:00:00+00:00, run_after=2024-01-30T00:00:00+00:00
[2024-01-30T15:46:41.476+0100] {processor.py:183} INFO - Processing /home/ubuntu/.local/lib/python3.10/site-packages/airflow/example_dags/example_branch_labels.py took 0.104 seconds
[2024-01-30T15:48:13.067+0100] {processor.py:161} INFO - Started process (PID=8538) to work on /home/ubuntu/.local/lib/python3.10/site-packages/airflow/example_dags/example_branch_labels.py
[2024-01-30T15:48:13.072+0100] {processor.py:830} INFO - Processing file /home/ubuntu/.local/lib/python3.10/site-packages/airflow/example_dags/example_branch_labels.py for tasks to queue
[2024-01-30T15:48:13.075+0100] {logging_mixin.py:188} INFO - [2024-01-30T15:48:13.073+0100] {dagbag.py:538} INFO - Filling up the DagBag from /home/ubuntu/.local/lib/python3.10/site-packages/airflow/example_dags/example_branch_labels.py
[2024-01-30T15:48:13.096+0100] {processor.py:840} INFO - DAG(s) 'example_branch_labels' retrieved from /home/ubuntu/.local/lib/python3.10/site-packages/airflow/example_dags/example_branch_labels.py
[2024-01-30T15:48:13.120+0100] {logging_mixin.py:188} INFO - [2024-01-30T15:48:13.119+0100] {dag.py:3033} INFO - Sync 1 DAGs
[2024-01-30T15:48:13.141+0100] {logging_mixin.py:188} INFO - [2024-01-30T15:48:13.141+0100] {dag.py:3820} INFO - Setting next_dagrun for example_branch_labels to 2024-01-29T00:00:00+00:00, run_after=2024-01-30T00:00:00+00:00
[2024-01-30T15:48:13.176+0100] {processor.py:183} INFO - Processing /home/ubuntu/.local/lib/python3.10/site-packages/airflow/example_dags/example_branch_labels.py took 0.125 seconds
[2024-01-30T15:51:01.056+0100] {processor.py:161} INFO - Started process (PID=9151) to work on /home/ubuntu/.local/lib/python3.10/site-packages/airflow/example_dags/example_branch_labels.py
[2024-01-30T15:51:01.096+0100] {processor.py:830} INFO - Processing file /home/ubuntu/.local/lib/python3.10/site-packages/airflow/example_dags/example_branch_labels.py for tasks to queue
[2024-01-30T15:51:01.103+0100] {logging_mixin.py:188} INFO - [2024-01-30T15:51:01.102+0100] {dagbag.py:538} INFO - Filling up the DagBag from /home/ubuntu/.local/lib/python3.10/site-packages/airflow/example_dags/example_branch_labels.py
[2024-01-30T15:51:01.243+0100] {processor.py:840} INFO - DAG(s) 'example_branch_labels' retrieved from /home/ubuntu/.local/lib/python3.10/site-packages/airflow/example_dags/example_branch_labels.py
[2024-01-30T15:51:01.386+0100] {logging_mixin.py:188} INFO - [2024-01-30T15:51:01.386+0100] {dag.py:3033} INFO - Sync 1 DAGs
[2024-01-30T15:51:01.577+0100] {logging_mixin.py:188} INFO - [2024-01-30T15:51:01.576+0100] {dag.py:3820} INFO - Setting next_dagrun for example_branch_labels to 2024-01-29T00:00:00+00:00, run_after=2024-01-30T00:00:00+00:00
[2024-01-30T15:51:01.866+0100] {processor.py:183} INFO - Processing /home/ubuntu/.local/lib/python3.10/site-packages/airflow/example_dags/example_branch_labels.py took 0.866 seconds
[2024-01-30T15:52:46.948+0100] {processor.py:161} INFO - Started process (PID=9516) to work on /home/ubuntu/.local/lib/python3.10/site-packages/airflow/example_dags/example_branch_labels.py
[2024-01-30T15:52:46.951+0100] {processor.py:830} INFO - Processing file /home/ubuntu/.local/lib/python3.10/site-packages/airflow/example_dags/example_branch_labels.py for tasks to queue
[2024-01-30T15:52:46.953+0100] {logging_mixin.py:188} INFO - [2024-01-30T15:52:46.952+0100] {dagbag.py:538} INFO - Filling up the DagBag from /home/ubuntu/.local/lib/python3.10/site-packages/airflow/example_dags/example_branch_labels.py
[2024-01-30T15:52:46.967+0100] {processor.py:840} INFO - DAG(s) 'example_branch_labels' retrieved from /home/ubuntu/.local/lib/python3.10/site-packages/airflow/example_dags/example_branch_labels.py
[2024-01-30T15:52:46.999+0100] {logging_mixin.py:188} INFO - [2024-01-30T15:52:46.998+0100] {dag.py:3033} INFO - Sync 1 DAGs
[2024-01-30T15:52:47.047+0100] {logging_mixin.py:188} INFO - [2024-01-30T15:52:47.047+0100] {dag.py:3820} INFO - Setting next_dagrun for example_branch_labels to 2024-01-29T00:00:00+00:00, run_after=2024-01-30T00:00:00+00:00
[2024-01-30T15:52:47.268+0100] {processor.py:183} INFO - Processing /home/ubuntu/.local/lib/python3.10/site-packages/airflow/example_dags/example_branch_labels.py took 0.337 seconds
[2024-01-30T15:54:51.042+0100] {processor.py:161} INFO - Started process (PID=9824) to work on /home/ubuntu/.local/lib/python3.10/site-packages/airflow/example_dags/example_branch_labels.py
[2024-01-30T15:54:51.055+0100] {processor.py:830} INFO - Processing file /home/ubuntu/.local/lib/python3.10/site-packages/airflow/example_dags/example_branch_labels.py for tasks to queue
[2024-01-30T15:54:51.077+0100] {logging_mixin.py:188} INFO - [2024-01-30T15:54:51.076+0100] {dagbag.py:538} INFO - Filling up the DagBag from /home/ubuntu/.local/lib/python3.10/site-packages/airflow/example_dags/example_branch_labels.py
[2024-01-30T15:54:51.213+0100] {processor.py:840} INFO - DAG(s) 'example_branch_labels' retrieved from /home/ubuntu/.local/lib/python3.10/site-packages/airflow/example_dags/example_branch_labels.py
[2024-01-30T15:54:51.315+0100] {logging_mixin.py:188} INFO - [2024-01-30T15:54:51.314+0100] {dag.py:3033} INFO - Sync 1 DAGs
[2024-01-30T15:54:51.412+0100] {logging_mixin.py:188} INFO - [2024-01-30T15:54:51.411+0100] {dag.py:3820} INFO - Setting next_dagrun for example_branch_labels to 2024-01-29T00:00:00+00:00, run_after=2024-01-30T00:00:00+00:00
[2024-01-30T15:54:51.604+0100] {processor.py:183} INFO - Processing /home/ubuntu/.local/lib/python3.10/site-packages/airflow/example_dags/example_branch_labels.py took 0.617 seconds
[2024-01-30T15:56:55.796+0100] {processor.py:161} INFO - Started process (PID=9943) to work on /home/ubuntu/.local/lib/python3.10/site-packages/airflow/example_dags/example_branch_labels.py
[2024-01-30T15:56:55.832+0100] {processor.py:830} INFO - Processing file /home/ubuntu/.local/lib/python3.10/site-packages/airflow/example_dags/example_branch_labels.py for tasks to queue
[2024-01-30T15:56:55.844+0100] {logging_mixin.py:188} INFO - [2024-01-30T15:56:55.833+0100] {dagbag.py:538} INFO - Filling up the DagBag from /home/ubuntu/.local/lib/python3.10/site-packages/airflow/example_dags/example_branch_labels.py
[2024-01-30T15:56:55.908+0100] {processor.py:840} INFO - DAG(s) 'example_branch_labels' retrieved from /home/ubuntu/.local/lib/python3.10/site-packages/airflow/example_dags/example_branch_labels.py
[2024-01-30T15:56:55.994+0100] {logging_mixin.py:188} INFO - [2024-01-30T15:56:55.994+0100] {dag.py:3033} INFO - Sync 1 DAGs
[2024-01-30T15:56:56.145+0100] {logging_mixin.py:188} INFO - [2024-01-30T15:56:56.145+0100] {dag.py:3820} INFO - Setting next_dagrun for example_branch_labels to 2024-01-29T00:00:00+00:00, run_after=2024-01-30T00:00:00+00:00
[2024-01-30T15:56:56.335+0100] {processor.py:183} INFO - Processing /home/ubuntu/.local/lib/python3.10/site-packages/airflow/example_dags/example_branch_labels.py took 0.547 seconds
[2024-01-30T15:58:37.792+0100] {processor.py:161} INFO - Started process (PID=10048) to work on /home/ubuntu/.local/lib/python3.10/site-packages/airflow/example_dags/example_branch_labels.py
[2024-01-30T15:58:37.796+0100] {processor.py:830} INFO - Processing file /home/ubuntu/.local/lib/python3.10/site-packages/airflow/example_dags/example_branch_labels.py for tasks to queue
[2024-01-30T15:58:37.799+0100] {logging_mixin.py:188} INFO - [2024-01-30T15:58:37.798+0100] {dagbag.py:538} INFO - Filling up the DagBag from /home/ubuntu/.local/lib/python3.10/site-packages/airflow/example_dags/example_branch_labels.py
[2024-01-30T15:58:37.819+0100] {processor.py:840} INFO - DAG(s) 'example_branch_labels' retrieved from /home/ubuntu/.local/lib/python3.10/site-packages/airflow/example_dags/example_branch_labels.py
[2024-01-30T15:58:37.845+0100] {logging_mixin.py:188} INFO - [2024-01-30T15:58:37.844+0100] {dag.py:3033} INFO - Sync 1 DAGs
[2024-01-30T15:58:37.902+0100] {logging_mixin.py:188} INFO - [2024-01-30T15:58:37.902+0100] {dag.py:3820} INFO - Setting next_dagrun for example_branch_labels to 2024-01-29T00:00:00+00:00, run_after=2024-01-30T00:00:00+00:00
[2024-01-30T15:58:37.942+0100] {processor.py:183} INFO - Processing /home/ubuntu/.local/lib/python3.10/site-packages/airflow/example_dags/example_branch_labels.py took 0.155 seconds
[2024-01-30T16:00:16.659+0100] {processor.py:161} INFO - Started process (PID=10147) to work on /home/ubuntu/.local/lib/python3.10/site-packages/airflow/example_dags/example_branch_labels.py
[2024-01-30T16:00:16.664+0100] {processor.py:830} INFO - Processing file /home/ubuntu/.local/lib/python3.10/site-packages/airflow/example_dags/example_branch_labels.py for tasks to queue
[2024-01-30T16:00:16.677+0100] {logging_mixin.py:188} INFO - [2024-01-30T16:00:16.672+0100] {dagbag.py:538} INFO - Filling up the DagBag from /home/ubuntu/.local/lib/python3.10/site-packages/airflow/example_dags/example_branch_labels.py
[2024-01-30T16:00:16.698+0100] {processor.py:840} INFO - DAG(s) 'example_branch_labels' retrieved from /home/ubuntu/.local/lib/python3.10/site-packages/airflow/example_dags/example_branch_labels.py
[2024-01-30T16:00:16.790+0100] {logging_mixin.py:188} INFO - [2024-01-30T16:00:16.790+0100] {dag.py:3033} INFO - Sync 1 DAGs
[2024-01-30T16:00:16.840+0100] {logging_mixin.py:188} INFO - [2024-01-30T16:00:16.840+0100] {dag.py:3820} INFO - Setting next_dagrun for example_branch_labels to 2024-01-29T00:00:00+00:00, run_after=2024-01-30T00:00:00+00:00
[2024-01-30T16:00:16.927+0100] {processor.py:183} INFO - Processing /home/ubuntu/.local/lib/python3.10/site-packages/airflow/example_dags/example_branch_labels.py took 0.272 seconds
[2024-01-30T16:01:13.120+0100] {processor.py:161} INFO - Started process (PID=10205) to work on /home/ubuntu/.local/lib/python3.10/site-packages/airflow/example_dags/example_branch_labels.py
[2024-01-30T16:01:13.133+0100] {processor.py:830} INFO - Processing file /home/ubuntu/.local/lib/python3.10/site-packages/airflow/example_dags/example_branch_labels.py for tasks to queue
[2024-01-30T16:01:13.135+0100] {logging_mixin.py:188} INFO - [2024-01-30T16:01:13.134+0100] {dagbag.py:538} INFO - Filling up the DagBag from /home/ubuntu/.local/lib/python3.10/site-packages/airflow/example_dags/example_branch_labels.py
[2024-01-30T16:01:13.144+0100] {processor.py:840} INFO - DAG(s) 'example_branch_labels' retrieved from /home/ubuntu/.local/lib/python3.10/site-packages/airflow/example_dags/example_branch_labels.py
[2024-01-30T16:01:13.180+0100] {logging_mixin.py:188} INFO - [2024-01-30T16:01:13.179+0100] {dag.py:3033} INFO - Sync 1 DAGs
[2024-01-30T16:01:13.328+0100] {logging_mixin.py:188} INFO - [2024-01-30T16:01:13.328+0100] {dag.py:3820} INFO - Setting next_dagrun for example_branch_labels to 2024-01-29T00:00:00+00:00, run_after=2024-01-30T00:00:00+00:00
[2024-01-30T16:01:13.473+0100] {processor.py:183} INFO - Processing /home/ubuntu/.local/lib/python3.10/site-packages/airflow/example_dags/example_branch_labels.py took 0.357 seconds
[2024-01-30T16:02:14.213+0100] {processor.py:161} INFO - Started process (PID=10276) to work on /home/ubuntu/.local/lib/python3.10/site-packages/airflow/example_dags/example_branch_labels.py
[2024-01-30T16:02:14.246+0100] {processor.py:830} INFO - Processing file /home/ubuntu/.local/lib/python3.10/site-packages/airflow/example_dags/example_branch_labels.py for tasks to queue
[2024-01-30T16:02:14.267+0100] {logging_mixin.py:188} INFO - [2024-01-30T16:02:14.266+0100] {dagbag.py:538} INFO - Filling up the DagBag from /home/ubuntu/.local/lib/python3.10/site-packages/airflow/example_dags/example_branch_labels.py
[2024-01-30T16:02:14.363+0100] {processor.py:840} INFO - DAG(s) 'example_branch_labels' retrieved from /home/ubuntu/.local/lib/python3.10/site-packages/airflow/example_dags/example_branch_labels.py
[2024-01-30T16:02:14.574+0100] {logging_mixin.py:188} INFO - [2024-01-30T16:02:14.574+0100] {dag.py:3033} INFO - Sync 1 DAGs
[2024-01-30T16:02:14.673+0100] {logging_mixin.py:188} INFO - [2024-01-30T16:02:14.673+0100] {dag.py:3820} INFO - Setting next_dagrun for example_branch_labels to 2024-01-29T00:00:00+00:00, run_after=2024-01-30T00:00:00+00:00
[2024-01-30T16:02:15.014+0100] {processor.py:183} INFO - Processing /home/ubuntu/.local/lib/python3.10/site-packages/airflow/example_dags/example_branch_labels.py took 0.866 seconds
[2024-01-30T16:03:57.296+0100] {processor.py:161} INFO - Started process (PID=10382) to work on /home/ubuntu/.local/lib/python3.10/site-packages/airflow/example_dags/example_branch_labels.py
[2024-01-30T16:03:57.315+0100] {processor.py:830} INFO - Processing file /home/ubuntu/.local/lib/python3.10/site-packages/airflow/example_dags/example_branch_labels.py for tasks to queue
[2024-01-30T16:03:57.319+0100] {logging_mixin.py:188} INFO - [2024-01-30T16:03:57.318+0100] {dagbag.py:538} INFO - Filling up the DagBag from /home/ubuntu/.local/lib/python3.10/site-packages/airflow/example_dags/example_branch_labels.py
[2024-01-30T16:03:57.341+0100] {processor.py:840} INFO - DAG(s) 'example_branch_labels' retrieved from /home/ubuntu/.local/lib/python3.10/site-packages/airflow/example_dags/example_branch_labels.py
[2024-01-30T16:03:57.443+0100] {logging_mixin.py:188} INFO - [2024-01-30T16:03:57.433+0100] {dag.py:3033} INFO - Sync 1 DAGs
[2024-01-30T16:03:57.535+0100] {logging_mixin.py:188} INFO - [2024-01-30T16:03:57.535+0100] {dag.py:3820} INFO - Setting next_dagrun for example_branch_labels to 2024-01-29T00:00:00+00:00, run_after=2024-01-30T00:00:00+00:00
[2024-01-30T16:03:57.822+0100] {processor.py:183} INFO - Processing /home/ubuntu/.local/lib/python3.10/site-packages/airflow/example_dags/example_branch_labels.py took 0.536 seconds
[2024-01-30T16:05:41.400+0100] {processor.py:161} INFO - Started process (PID=10477) to work on /home/ubuntu/.local/lib/python3.10/site-packages/airflow/example_dags/example_branch_labels.py
[2024-01-30T16:05:41.432+0100] {processor.py:830} INFO - Processing file /home/ubuntu/.local/lib/python3.10/site-packages/airflow/example_dags/example_branch_labels.py for tasks to queue
[2024-01-30T16:05:41.434+0100] {logging_mixin.py:188} INFO - [2024-01-30T16:05:41.433+0100] {dagbag.py:538} INFO - Filling up the DagBag from /home/ubuntu/.local/lib/python3.10/site-packages/airflow/example_dags/example_branch_labels.py
[2024-01-30T16:05:41.509+0100] {processor.py:840} INFO - DAG(s) 'example_branch_labels' retrieved from /home/ubuntu/.local/lib/python3.10/site-packages/airflow/example_dags/example_branch_labels.py
[2024-01-30T16:05:41.579+0100] {logging_mixin.py:188} INFO - [2024-01-30T16:05:41.579+0100] {dag.py:3033} INFO - Sync 1 DAGs
[2024-01-30T16:05:41.738+0100] {logging_mixin.py:188} INFO - [2024-01-30T16:05:41.737+0100] {dag.py:3820} INFO - Setting next_dagrun for example_branch_labels to 2024-01-29T00:00:00+00:00, run_after=2024-01-30T00:00:00+00:00
[2024-01-30T16:05:42.029+0100] {processor.py:183} INFO - Processing /home/ubuntu/.local/lib/python3.10/site-packages/airflow/example_dags/example_branch_labels.py took 0.669 seconds
