[2024-01-30T15:30:32.692+0100] {processor.py:161} INFO - Started process (PID=6629) to work on /home/ubuntu/.local/lib/python3.10/site-packages/airflow/example_dags/example_branch_datetime_operator.py
[2024-01-30T15:30:32.695+0100] {processor.py:830} INFO - Processing file /home/ubuntu/.local/lib/python3.10/site-packages/airflow/example_dags/example_branch_datetime_operator.py for tasks to queue
[2024-01-30T15:30:32.697+0100] {logging_mixin.py:188} INFO - [2024-01-30T15:30:32.697+0100] {dagbag.py:538} INFO - Filling up the DagBag from /home/ubuntu/.local/lib/python3.10/site-packages/airflow/example_dags/example_branch_datetime_operator.py
[2024-01-30T15:30:32.713+0100] {processor.py:840} INFO - DAG(s) 'example_branch_datetime_operator_2', 'example_branch_datetime_operator_3', 'example_branch_datetime_operator' retrieved from /home/ubuntu/.local/lib/python3.10/site-packages/airflow/example_dags/example_branch_datetime_operator.py
[2024-01-30T15:30:32.861+0100] {logging_mixin.py:188} INFO - [2024-01-30T15:30:32.861+0100] {dag.py:3033} INFO - Sync 3 DAGs
[2024-01-30T15:30:32.881+0100] {logging_mixin.py:188} INFO - [2024-01-30T15:30:32.881+0100] {dag.py:3820} INFO - Setting next_dagrun for example_branch_datetime_operator to 2024-01-29T00:00:00+00:00, run_after=2024-01-30T00:00:00+00:00
[2024-01-30T15:30:32.887+0100] {logging_mixin.py:188} INFO - [2024-01-30T15:30:32.886+0100] {dag.py:3820} INFO - Setting next_dagrun for example_branch_datetime_operator_2 to 2024-01-29T00:00:00+00:00, run_after=2024-01-30T00:00:00+00:00
[2024-01-30T15:30:32.894+0100] {logging_mixin.py:188} INFO - [2024-01-30T15:30:32.894+0100] {dag.py:3820} INFO - Setting next_dagrun for example_branch_datetime_operator_3 to 2024-01-29T00:00:00+00:00, run_after=2024-01-30T00:00:00+00:00
[2024-01-30T15:30:32.945+0100] {processor.py:183} INFO - Processing /home/ubuntu/.local/lib/python3.10/site-packages/airflow/example_dags/example_branch_datetime_operator.py took 0.257 seconds
[2024-01-30T15:31:29.147+0100] {processor.py:161} INFO - Started process (PID=6688) to work on /home/ubuntu/.local/lib/python3.10/site-packages/airflow/example_dags/example_branch_datetime_operator.py
[2024-01-30T15:31:29.179+0100] {processor.py:830} INFO - Processing file /home/ubuntu/.local/lib/python3.10/site-packages/airflow/example_dags/example_branch_datetime_operator.py for tasks to queue
[2024-01-30T15:31:29.187+0100] {logging_mixin.py:188} INFO - [2024-01-30T15:31:29.183+0100] {dagbag.py:538} INFO - Filling up the DagBag from /home/ubuntu/.local/lib/python3.10/site-packages/airflow/example_dags/example_branch_datetime_operator.py
[2024-01-30T15:31:29.226+0100] {processor.py:840} INFO - DAG(s) 'example_branch_datetime_operator', 'example_branch_datetime_operator_2', 'example_branch_datetime_operator_3' retrieved from /home/ubuntu/.local/lib/python3.10/site-packages/airflow/example_dags/example_branch_datetime_operator.py
[2024-01-30T15:31:29.262+0100] {logging_mixin.py:188} INFO - [2024-01-30T15:31:29.262+0100] {dag.py:3033} INFO - Sync 3 DAGs
[2024-01-30T15:31:29.305+0100] {logging_mixin.py:188} INFO - [2024-01-30T15:31:29.305+0100] {dag.py:3820} INFO - Setting next_dagrun for example_branch_datetime_operator to 2024-01-29T00:00:00+00:00, run_after=2024-01-30T00:00:00+00:00
[2024-01-30T15:31:29.316+0100] {logging_mixin.py:188} INFO - [2024-01-30T15:31:29.315+0100] {dag.py:3820} INFO - Setting next_dagrun for example_branch_datetime_operator_2 to 2024-01-29T00:00:00+00:00, run_after=2024-01-30T00:00:00+00:00
[2024-01-30T15:31:29.321+0100] {logging_mixin.py:188} INFO - [2024-01-30T15:31:29.320+0100] {dag.py:3820} INFO - Setting next_dagrun for example_branch_datetime_operator_3 to 2024-01-29T00:00:00+00:00, run_after=2024-01-30T00:00:00+00:00
[2024-01-30T15:31:29.366+0100] {processor.py:183} INFO - Processing /home/ubuntu/.local/lib/python3.10/site-packages/airflow/example_dags/example_branch_datetime_operator.py took 0.226 seconds
[2024-01-30T15:32:30.759+0100] {processor.py:161} INFO - Started process (PID=6750) to work on /home/ubuntu/.local/lib/python3.10/site-packages/airflow/example_dags/example_branch_datetime_operator.py
[2024-01-30T15:32:30.794+0100] {processor.py:830} INFO - Processing file /home/ubuntu/.local/lib/python3.10/site-packages/airflow/example_dags/example_branch_datetime_operator.py for tasks to queue
[2024-01-30T15:32:30.801+0100] {logging_mixin.py:188} INFO - [2024-01-30T15:32:30.795+0100] {dagbag.py:538} INFO - Filling up the DagBag from /home/ubuntu/.local/lib/python3.10/site-packages/airflow/example_dags/example_branch_datetime_operator.py
[2024-01-30T15:32:31.824+0100] {processor.py:840} INFO - DAG(s) 'example_branch_datetime_operator', 'example_branch_datetime_operator_3', 'example_branch_datetime_operator_2' retrieved from /home/ubuntu/.local/lib/python3.10/site-packages/airflow/example_dags/example_branch_datetime_operator.py
[2024-01-30T15:32:32.212+0100] {logging_mixin.py:188} INFO - [2024-01-30T15:32:32.212+0100] {dag.py:3033} INFO - Sync 3 DAGs
[2024-01-30T15:32:33.125+0100] {logging_mixin.py:188} INFO - [2024-01-30T15:32:33.124+0100] {dag.py:3820} INFO - Setting next_dagrun for example_branch_datetime_operator to 2024-01-29T00:00:00+00:00, run_after=2024-01-30T00:00:00+00:00
[2024-01-30T15:32:33.750+0100] {logging_mixin.py:188} INFO - [2024-01-30T15:32:33.750+0100] {dag.py:3820} INFO - Setting next_dagrun for example_branch_datetime_operator_2 to 2024-01-29T00:00:00+00:00, run_after=2024-01-30T00:00:00+00:00
[2024-01-30T15:32:33.878+0100] {logging_mixin.py:188} INFO - [2024-01-30T15:32:33.878+0100] {dag.py:3820} INFO - Setting next_dagrun for example_branch_datetime_operator_3 to 2024-01-29T00:00:00+00:00, run_after=2024-01-30T00:00:00+00:00
[2024-01-30T15:32:34.368+0100] {processor.py:183} INFO - Processing /home/ubuntu/.local/lib/python3.10/site-packages/airflow/example_dags/example_branch_datetime_operator.py took 3.638 seconds
[2024-01-30T15:33:55.755+0100] {processor.py:161} INFO - Started process (PID=6833) to work on /home/ubuntu/.local/lib/python3.10/site-packages/airflow/example_dags/example_branch_datetime_operator.py
[2024-01-30T15:33:55.757+0100] {processor.py:830} INFO - Processing file /home/ubuntu/.local/lib/python3.10/site-packages/airflow/example_dags/example_branch_datetime_operator.py for tasks to queue
[2024-01-30T15:33:55.758+0100] {logging_mixin.py:188} INFO - [2024-01-30T15:33:55.758+0100] {dagbag.py:538} INFO - Filling up the DagBag from /home/ubuntu/.local/lib/python3.10/site-packages/airflow/example_dags/example_branch_datetime_operator.py
[2024-01-30T15:33:55.770+0100] {processor.py:840} INFO - DAG(s) 'example_branch_datetime_operator_3', 'example_branch_datetime_operator', 'example_branch_datetime_operator_2' retrieved from /home/ubuntu/.local/lib/python3.10/site-packages/airflow/example_dags/example_branch_datetime_operator.py
[2024-01-30T15:33:55.796+0100] {logging_mixin.py:188} INFO - [2024-01-30T15:33:55.796+0100] {dag.py:3033} INFO - Sync 3 DAGs
[2024-01-30T15:33:55.825+0100] {logging_mixin.py:188} INFO - [2024-01-30T15:33:55.824+0100] {dag.py:3820} INFO - Setting next_dagrun for example_branch_datetime_operator to 2024-01-29T00:00:00+00:00, run_after=2024-01-30T00:00:00+00:00
[2024-01-30T15:33:55.831+0100] {logging_mixin.py:188} INFO - [2024-01-30T15:33:55.831+0100] {dag.py:3820} INFO - Setting next_dagrun for example_branch_datetime_operator_2 to 2024-01-29T00:00:00+00:00, run_after=2024-01-30T00:00:00+00:00
[2024-01-30T15:33:55.833+0100] {logging_mixin.py:188} INFO - [2024-01-30T15:33:55.833+0100] {dag.py:3820} INFO - Setting next_dagrun for example_branch_datetime_operator_3 to 2024-01-29T00:00:00+00:00, run_after=2024-01-30T00:00:00+00:00
[2024-01-30T15:33:55.863+0100] {processor.py:183} INFO - Processing /home/ubuntu/.local/lib/python3.10/site-packages/airflow/example_dags/example_branch_datetime_operator.py took 0.111 seconds
[2024-01-30T15:34:51.896+0100] {processor.py:161} INFO - Started process (PID=6892) to work on /home/ubuntu/.local/lib/python3.10/site-packages/airflow/example_dags/example_branch_datetime_operator.py
[2024-01-30T15:34:51.919+0100] {processor.py:830} INFO - Processing file /home/ubuntu/.local/lib/python3.10/site-packages/airflow/example_dags/example_branch_datetime_operator.py for tasks to queue
[2024-01-30T15:34:51.920+0100] {logging_mixin.py:188} INFO - [2024-01-30T15:34:51.920+0100] {dagbag.py:538} INFO - Filling up the DagBag from /home/ubuntu/.local/lib/python3.10/site-packages/airflow/example_dags/example_branch_datetime_operator.py
[2024-01-30T15:34:51.955+0100] {processor.py:840} INFO - DAG(s) 'example_branch_datetime_operator', 'example_branch_datetime_operator_2', 'example_branch_datetime_operator_3' retrieved from /home/ubuntu/.local/lib/python3.10/site-packages/airflow/example_dags/example_branch_datetime_operator.py
[2024-01-30T15:34:52.075+0100] {logging_mixin.py:188} INFO - [2024-01-30T15:34:52.074+0100] {dag.py:3033} INFO - Sync 3 DAGs
[2024-01-30T15:34:52.241+0100] {logging_mixin.py:188} INFO - [2024-01-30T15:34:52.241+0100] {dag.py:3820} INFO - Setting next_dagrun for example_branch_datetime_operator to 2024-01-29T00:00:00+00:00, run_after=2024-01-30T00:00:00+00:00
[2024-01-30T15:34:52.263+0100] {logging_mixin.py:188} INFO - [2024-01-30T15:34:52.263+0100] {dag.py:3820} INFO - Setting next_dagrun for example_branch_datetime_operator_2 to 2024-01-29T00:00:00+00:00, run_after=2024-01-30T00:00:00+00:00
[2024-01-30T15:34:52.265+0100] {logging_mixin.py:188} INFO - [2024-01-30T15:34:52.265+0100] {dag.py:3820} INFO - Setting next_dagrun for example_branch_datetime_operator_3 to 2024-01-29T00:00:00+00:00, run_after=2024-01-30T00:00:00+00:00
[2024-01-30T15:34:52.294+0100] {processor.py:183} INFO - Processing /home/ubuntu/.local/lib/python3.10/site-packages/airflow/example_dags/example_branch_datetime_operator.py took 0.435 seconds
[2024-01-30T15:36:04.225+0100] {processor.py:161} INFO - Started process (PID=6973) to work on /home/ubuntu/.local/lib/python3.10/site-packages/airflow/example_dags/example_branch_datetime_operator.py
[2024-01-30T15:36:04.229+0100] {processor.py:830} INFO - Processing file /home/ubuntu/.local/lib/python3.10/site-packages/airflow/example_dags/example_branch_datetime_operator.py for tasks to queue
[2024-01-30T15:36:04.231+0100] {logging_mixin.py:188} INFO - [2024-01-30T15:36:04.230+0100] {dagbag.py:538} INFO - Filling up the DagBag from /home/ubuntu/.local/lib/python3.10/site-packages/airflow/example_dags/example_branch_datetime_operator.py
[2024-01-30T15:36:04.248+0100] {processor.py:840} INFO - DAG(s) 'example_branch_datetime_operator_3', 'example_branch_datetime_operator', 'example_branch_datetime_operator_2' retrieved from /home/ubuntu/.local/lib/python3.10/site-packages/airflow/example_dags/example_branch_datetime_operator.py
[2024-01-30T15:36:04.289+0100] {logging_mixin.py:188} INFO - [2024-01-30T15:36:04.289+0100] {dag.py:3033} INFO - Sync 3 DAGs
[2024-01-30T15:36:04.322+0100] {logging_mixin.py:188} INFO - [2024-01-30T15:36:04.322+0100] {dag.py:3820} INFO - Setting next_dagrun for example_branch_datetime_operator to 2024-01-29T00:00:00+00:00, run_after=2024-01-30T00:00:00+00:00
[2024-01-30T15:36:04.330+0100] {logging_mixin.py:188} INFO - [2024-01-30T15:36:04.329+0100] {dag.py:3820} INFO - Setting next_dagrun for example_branch_datetime_operator_2 to 2024-01-29T00:00:00+00:00, run_after=2024-01-30T00:00:00+00:00
[2024-01-30T15:36:04.333+0100] {logging_mixin.py:188} INFO - [2024-01-30T15:36:04.333+0100] {dag.py:3820} INFO - Setting next_dagrun for example_branch_datetime_operator_3 to 2024-01-29T00:00:00+00:00, run_after=2024-01-30T00:00:00+00:00
[2024-01-30T15:36:04.372+0100] {processor.py:183} INFO - Processing /home/ubuntu/.local/lib/python3.10/site-packages/airflow/example_dags/example_branch_datetime_operator.py took 0.153 seconds
[2024-01-30T15:36:57.248+0100] {processor.py:161} INFO - Started process (PID=7027) to work on /home/ubuntu/.local/lib/python3.10/site-packages/airflow/example_dags/example_branch_datetime_operator.py
[2024-01-30T15:36:57.251+0100] {processor.py:830} INFO - Processing file /home/ubuntu/.local/lib/python3.10/site-packages/airflow/example_dags/example_branch_datetime_operator.py for tasks to queue
[2024-01-30T15:36:57.253+0100] {logging_mixin.py:188} INFO - [2024-01-30T15:36:57.253+0100] {dagbag.py:538} INFO - Filling up the DagBag from /home/ubuntu/.local/lib/python3.10/site-packages/airflow/example_dags/example_branch_datetime_operator.py
[2024-01-30T15:36:57.263+0100] {processor.py:840} INFO - DAG(s) 'example_branch_datetime_operator_2', 'example_branch_datetime_operator_3', 'example_branch_datetime_operator' retrieved from /home/ubuntu/.local/lib/python3.10/site-packages/airflow/example_dags/example_branch_datetime_operator.py
[2024-01-30T15:36:57.298+0100] {logging_mixin.py:188} INFO - [2024-01-30T15:36:57.297+0100] {dag.py:3033} INFO - Sync 3 DAGs
[2024-01-30T15:36:57.317+0100] {logging_mixin.py:188} INFO - [2024-01-30T15:36:57.317+0100] {dag.py:3820} INFO - Setting next_dagrun for example_branch_datetime_operator to 2024-01-29T00:00:00+00:00, run_after=2024-01-30T00:00:00+00:00
[2024-01-30T15:36:57.322+0100] {logging_mixin.py:188} INFO - [2024-01-30T15:36:57.321+0100] {dag.py:3820} INFO - Setting next_dagrun for example_branch_datetime_operator_2 to 2024-01-29T00:00:00+00:00, run_after=2024-01-30T00:00:00+00:00
[2024-01-30T15:36:57.324+0100] {logging_mixin.py:188} INFO - [2024-01-30T15:36:57.324+0100] {dag.py:3820} INFO - Setting next_dagrun for example_branch_datetime_operator_3 to 2024-01-29T00:00:00+00:00, run_after=2024-01-30T00:00:00+00:00
[2024-01-30T15:36:57.353+0100] {processor.py:183} INFO - Processing /home/ubuntu/.local/lib/python3.10/site-packages/airflow/example_dags/example_branch_datetime_operator.py took 0.108 seconds
[2024-01-30T15:37:51.106+0100] {processor.py:161} INFO - Started process (PID=7085) to work on /home/ubuntu/.local/lib/python3.10/site-packages/airflow/example_dags/example_branch_datetime_operator.py
[2024-01-30T15:37:51.110+0100] {processor.py:830} INFO - Processing file /home/ubuntu/.local/lib/python3.10/site-packages/airflow/example_dags/example_branch_datetime_operator.py for tasks to queue
[2024-01-30T15:37:51.112+0100] {logging_mixin.py:188} INFO - [2024-01-30T15:37:51.111+0100] {dagbag.py:538} INFO - Filling up the DagBag from /home/ubuntu/.local/lib/python3.10/site-packages/airflow/example_dags/example_branch_datetime_operator.py
[2024-01-30T15:37:51.126+0100] {processor.py:840} INFO - DAG(s) 'example_branch_datetime_operator_2', 'example_branch_datetime_operator_3', 'example_branch_datetime_operator' retrieved from /home/ubuntu/.local/lib/python3.10/site-packages/airflow/example_dags/example_branch_datetime_operator.py
[2024-01-30T15:37:51.155+0100] {logging_mixin.py:188} INFO - [2024-01-30T15:37:51.155+0100] {dag.py:3033} INFO - Sync 3 DAGs
[2024-01-30T15:37:51.177+0100] {logging_mixin.py:188} INFO - [2024-01-30T15:37:51.177+0100] {dag.py:3820} INFO - Setting next_dagrun for example_branch_datetime_operator to 2024-01-29T00:00:00+00:00, run_after=2024-01-30T00:00:00+00:00
[2024-01-30T15:37:51.182+0100] {logging_mixin.py:188} INFO - [2024-01-30T15:37:51.182+0100] {dag.py:3820} INFO - Setting next_dagrun for example_branch_datetime_operator_2 to 2024-01-29T00:00:00+00:00, run_after=2024-01-30T00:00:00+00:00
[2024-01-30T15:37:51.185+0100] {logging_mixin.py:188} INFO - [2024-01-30T15:37:51.184+0100] {dag.py:3820} INFO - Setting next_dagrun for example_branch_datetime_operator_3 to 2024-01-29T00:00:00+00:00, run_after=2024-01-30T00:00:00+00:00
[2024-01-30T15:37:51.217+0100] {processor.py:183} INFO - Processing /home/ubuntu/.local/lib/python3.10/site-packages/airflow/example_dags/example_branch_datetime_operator.py took 0.116 seconds
[2024-01-30T15:39:14.854+0100] {processor.py:161} INFO - Started process (PID=7250) to work on /home/ubuntu/.local/lib/python3.10/site-packages/airflow/example_dags/example_branch_datetime_operator.py
[2024-01-30T15:39:14.856+0100] {processor.py:830} INFO - Processing file /home/ubuntu/.local/lib/python3.10/site-packages/airflow/example_dags/example_branch_datetime_operator.py for tasks to queue
[2024-01-30T15:39:14.858+0100] {logging_mixin.py:188} INFO - [2024-01-30T15:39:14.858+0100] {dagbag.py:538} INFO - Filling up the DagBag from /home/ubuntu/.local/lib/python3.10/site-packages/airflow/example_dags/example_branch_datetime_operator.py
[2024-01-30T15:39:14.869+0100] {processor.py:840} INFO - DAG(s) 'example_branch_datetime_operator_3', 'example_branch_datetime_operator_2', 'example_branch_datetime_operator' retrieved from /home/ubuntu/.local/lib/python3.10/site-packages/airflow/example_dags/example_branch_datetime_operator.py
[2024-01-30T15:39:14.896+0100] {logging_mixin.py:188} INFO - [2024-01-30T15:39:14.896+0100] {dag.py:3033} INFO - Sync 3 DAGs
[2024-01-30T15:39:14.923+0100] {logging_mixin.py:188} INFO - [2024-01-30T15:39:14.923+0100] {dag.py:3820} INFO - Setting next_dagrun for example_branch_datetime_operator to 2024-01-29T00:00:00+00:00, run_after=2024-01-30T00:00:00+00:00
[2024-01-30T15:39:14.929+0100] {logging_mixin.py:188} INFO - [2024-01-30T15:39:14.928+0100] {dag.py:3820} INFO - Setting next_dagrun for example_branch_datetime_operator_2 to 2024-01-29T00:00:00+00:00, run_after=2024-01-30T00:00:00+00:00
[2024-01-30T15:39:14.932+0100] {logging_mixin.py:188} INFO - [2024-01-30T15:39:14.931+0100] {dag.py:3820} INFO - Setting next_dagrun for example_branch_datetime_operator_3 to 2024-01-29T00:00:00+00:00, run_after=2024-01-30T00:00:00+00:00
[2024-01-30T15:39:14.964+0100] {processor.py:183} INFO - Processing /home/ubuntu/.local/lib/python3.10/site-packages/airflow/example_dags/example_branch_datetime_operator.py took 0.114 seconds
[2024-01-30T15:40:08.558+0100] {processor.py:161} INFO - Started process (PID=7310) to work on /home/ubuntu/.local/lib/python3.10/site-packages/airflow/example_dags/example_branch_datetime_operator.py
[2024-01-30T15:40:08.561+0100] {processor.py:830} INFO - Processing file /home/ubuntu/.local/lib/python3.10/site-packages/airflow/example_dags/example_branch_datetime_operator.py for tasks to queue
[2024-01-30T15:40:08.563+0100] {logging_mixin.py:188} INFO - [2024-01-30T15:40:08.563+0100] {dagbag.py:538} INFO - Filling up the DagBag from /home/ubuntu/.local/lib/python3.10/site-packages/airflow/example_dags/example_branch_datetime_operator.py
[2024-01-30T15:40:08.582+0100] {processor.py:840} INFO - DAG(s) 'example_branch_datetime_operator_2', 'example_branch_datetime_operator_3', 'example_branch_datetime_operator' retrieved from /home/ubuntu/.local/lib/python3.10/site-packages/airflow/example_dags/example_branch_datetime_operator.py
[2024-01-30T15:40:08.677+0100] {logging_mixin.py:188} INFO - [2024-01-30T15:40:08.677+0100] {dag.py:3033} INFO - Sync 3 DAGs
[2024-01-30T15:40:08.703+0100] {logging_mixin.py:188} INFO - [2024-01-30T15:40:08.703+0100] {dag.py:3820} INFO - Setting next_dagrun for example_branch_datetime_operator to 2024-01-29T00:00:00+00:00, run_after=2024-01-30T00:00:00+00:00
[2024-01-30T15:40:08.709+0100] {logging_mixin.py:188} INFO - [2024-01-30T15:40:08.709+0100] {dag.py:3820} INFO - Setting next_dagrun for example_branch_datetime_operator_2 to 2024-01-29T00:00:00+00:00, run_after=2024-01-30T00:00:00+00:00
[2024-01-30T15:40:08.713+0100] {logging_mixin.py:188} INFO - [2024-01-30T15:40:08.713+0100] {dag.py:3820} INFO - Setting next_dagrun for example_branch_datetime_operator_3 to 2024-01-29T00:00:00+00:00, run_after=2024-01-30T00:00:00+00:00
[2024-01-30T15:40:08.743+0100] {processor.py:183} INFO - Processing /home/ubuntu/.local/lib/python3.10/site-packages/airflow/example_dags/example_branch_datetime_operator.py took 0.191 seconds
[2024-01-30T15:41:04.673+0100] {processor.py:161} INFO - Started process (PID=7364) to work on /home/ubuntu/.local/lib/python3.10/site-packages/airflow/example_dags/example_branch_datetime_operator.py
[2024-01-30T15:41:04.674+0100] {processor.py:830} INFO - Processing file /home/ubuntu/.local/lib/python3.10/site-packages/airflow/example_dags/example_branch_datetime_operator.py for tasks to queue
[2024-01-30T15:41:04.676+0100] {logging_mixin.py:188} INFO - [2024-01-30T15:41:04.675+0100] {dagbag.py:538} INFO - Filling up the DagBag from /home/ubuntu/.local/lib/python3.10/site-packages/airflow/example_dags/example_branch_datetime_operator.py
[2024-01-30T15:41:04.689+0100] {processor.py:840} INFO - DAG(s) 'example_branch_datetime_operator', 'example_branch_datetime_operator_2', 'example_branch_datetime_operator_3' retrieved from /home/ubuntu/.local/lib/python3.10/site-packages/airflow/example_dags/example_branch_datetime_operator.py
[2024-01-30T15:41:04.778+0100] {logging_mixin.py:188} INFO - [2024-01-30T15:41:04.778+0100] {dag.py:3033} INFO - Sync 3 DAGs
[2024-01-30T15:41:04.832+0100] {logging_mixin.py:188} INFO - [2024-01-30T15:41:04.832+0100] {dag.py:3820} INFO - Setting next_dagrun for example_branch_datetime_operator to 2024-01-29T00:00:00+00:00, run_after=2024-01-30T00:00:00+00:00
[2024-01-30T15:41:04.837+0100] {logging_mixin.py:188} INFO - [2024-01-30T15:41:04.837+0100] {dag.py:3820} INFO - Setting next_dagrun for example_branch_datetime_operator_2 to 2024-01-29T00:00:00+00:00, run_after=2024-01-30T00:00:00+00:00
[2024-01-30T15:41:04.840+0100] {logging_mixin.py:188} INFO - [2024-01-30T15:41:04.840+0100] {dag.py:3820} INFO - Setting next_dagrun for example_branch_datetime_operator_3 to 2024-01-29T00:00:00+00:00, run_after=2024-01-30T00:00:00+00:00
[2024-01-30T15:41:04.877+0100] {processor.py:183} INFO - Processing /home/ubuntu/.local/lib/python3.10/site-packages/airflow/example_dags/example_branch_datetime_operator.py took 0.208 seconds
[2024-01-30T15:42:07.598+0100] {processor.py:161} INFO - Started process (PID=7458) to work on /home/ubuntu/.local/lib/python3.10/site-packages/airflow/example_dags/example_branch_datetime_operator.py
[2024-01-30T15:42:07.600+0100] {processor.py:830} INFO - Processing file /home/ubuntu/.local/lib/python3.10/site-packages/airflow/example_dags/example_branch_datetime_operator.py for tasks to queue
[2024-01-30T15:42:07.601+0100] {logging_mixin.py:188} INFO - [2024-01-30T15:42:07.601+0100] {dagbag.py:538} INFO - Filling up the DagBag from /home/ubuntu/.local/lib/python3.10/site-packages/airflow/example_dags/example_branch_datetime_operator.py
[2024-01-30T15:42:07.628+0100] {processor.py:840} INFO - DAG(s) 'example_branch_datetime_operator_2', 'example_branch_datetime_operator', 'example_branch_datetime_operator_3' retrieved from /home/ubuntu/.local/lib/python3.10/site-packages/airflow/example_dags/example_branch_datetime_operator.py
[2024-01-30T15:42:07.678+0100] {logging_mixin.py:188} INFO - [2024-01-30T15:42:07.678+0100] {dag.py:3033} INFO - Sync 3 DAGs
[2024-01-30T15:42:07.706+0100] {logging_mixin.py:188} INFO - [2024-01-30T15:42:07.706+0100] {dag.py:3820} INFO - Setting next_dagrun for example_branch_datetime_operator to 2024-01-29T00:00:00+00:00, run_after=2024-01-30T00:00:00+00:00
[2024-01-30T15:42:07.712+0100] {logging_mixin.py:188} INFO - [2024-01-30T15:42:07.712+0100] {dag.py:3820} INFO - Setting next_dagrun for example_branch_datetime_operator_2 to 2024-01-29T00:00:00+00:00, run_after=2024-01-30T00:00:00+00:00
[2024-01-30T15:42:07.714+0100] {logging_mixin.py:188} INFO - [2024-01-30T15:42:07.714+0100] {dag.py:3820} INFO - Setting next_dagrun for example_branch_datetime_operator_3 to 2024-01-29T00:00:00+00:00, run_after=2024-01-30T00:00:00+00:00
[2024-01-30T15:42:07.743+0100] {processor.py:183} INFO - Processing /home/ubuntu/.local/lib/python3.10/site-packages/airflow/example_dags/example_branch_datetime_operator.py took 0.150 seconds
[2024-01-30T15:43:11.792+0100] {processor.py:161} INFO - Started process (PID=7739) to work on /home/ubuntu/.local/lib/python3.10/site-packages/airflow/example_dags/example_branch_datetime_operator.py
[2024-01-30T15:43:11.812+0100] {processor.py:830} INFO - Processing file /home/ubuntu/.local/lib/python3.10/site-packages/airflow/example_dags/example_branch_datetime_operator.py for tasks to queue
[2024-01-30T15:43:11.814+0100] {logging_mixin.py:188} INFO - [2024-01-30T15:43:11.814+0100] {dagbag.py:538} INFO - Filling up the DagBag from /home/ubuntu/.local/lib/python3.10/site-packages/airflow/example_dags/example_branch_datetime_operator.py
[2024-01-30T15:43:11.826+0100] {processor.py:840} INFO - DAG(s) 'example_branch_datetime_operator_2', 'example_branch_datetime_operator', 'example_branch_datetime_operator_3' retrieved from /home/ubuntu/.local/lib/python3.10/site-packages/airflow/example_dags/example_branch_datetime_operator.py
[2024-01-30T15:43:11.857+0100] {logging_mixin.py:188} INFO - [2024-01-30T15:43:11.856+0100] {dag.py:3033} INFO - Sync 3 DAGs
[2024-01-30T15:43:11.882+0100] {logging_mixin.py:188} INFO - [2024-01-30T15:43:11.882+0100] {dag.py:3820} INFO - Setting next_dagrun for example_branch_datetime_operator to 2024-01-29T00:00:00+00:00, run_after=2024-01-30T00:00:00+00:00
[2024-01-30T15:43:11.888+0100] {logging_mixin.py:188} INFO - [2024-01-30T15:43:11.888+0100] {dag.py:3820} INFO - Setting next_dagrun for example_branch_datetime_operator_2 to 2024-01-29T00:00:00+00:00, run_after=2024-01-30T00:00:00+00:00
[2024-01-30T15:43:11.893+0100] {logging_mixin.py:188} INFO - [2024-01-30T15:43:11.892+0100] {dag.py:3820} INFO - Setting next_dagrun for example_branch_datetime_operator_3 to 2024-01-29T00:00:00+00:00, run_after=2024-01-30T00:00:00+00:00
[2024-01-30T15:43:11.923+0100] {processor.py:183} INFO - Processing /home/ubuntu/.local/lib/python3.10/site-packages/airflow/example_dags/example_branch_datetime_operator.py took 0.157 seconds
[2024-01-30T15:44:12.442+0100] {processor.py:161} INFO - Started process (PID=8027) to work on /home/ubuntu/.local/lib/python3.10/site-packages/airflow/example_dags/example_branch_datetime_operator.py
[2024-01-30T15:44:12.446+0100] {processor.py:830} INFO - Processing file /home/ubuntu/.local/lib/python3.10/site-packages/airflow/example_dags/example_branch_datetime_operator.py for tasks to queue
[2024-01-30T15:44:12.447+0100] {logging_mixin.py:188} INFO - [2024-01-30T15:44:12.447+0100] {dagbag.py:538} INFO - Filling up the DagBag from /home/ubuntu/.local/lib/python3.10/site-packages/airflow/example_dags/example_branch_datetime_operator.py
[2024-01-30T15:44:12.459+0100] {processor.py:840} INFO - DAG(s) 'example_branch_datetime_operator', 'example_branch_datetime_operator_2', 'example_branch_datetime_operator_3' retrieved from /home/ubuntu/.local/lib/python3.10/site-packages/airflow/example_dags/example_branch_datetime_operator.py
[2024-01-30T15:44:12.489+0100] {logging_mixin.py:188} INFO - [2024-01-30T15:44:12.488+0100] {dag.py:3033} INFO - Sync 3 DAGs
[2024-01-30T15:44:12.516+0100] {logging_mixin.py:188} INFO - [2024-01-30T15:44:12.516+0100] {dag.py:3820} INFO - Setting next_dagrun for example_branch_datetime_operator to 2024-01-29T00:00:00+00:00, run_after=2024-01-30T00:00:00+00:00
[2024-01-30T15:44:12.523+0100] {logging_mixin.py:188} INFO - [2024-01-30T15:44:12.522+0100] {dag.py:3820} INFO - Setting next_dagrun for example_branch_datetime_operator_2 to 2024-01-29T00:00:00+00:00, run_after=2024-01-30T00:00:00+00:00
[2024-01-30T15:44:12.529+0100] {logging_mixin.py:188} INFO - [2024-01-30T15:44:12.529+0100] {dag.py:3820} INFO - Setting next_dagrun for example_branch_datetime_operator_3 to 2024-01-29T00:00:00+00:00, run_after=2024-01-30T00:00:00+00:00
[2024-01-30T15:44:12.559+0100] {processor.py:183} INFO - Processing /home/ubuntu/.local/lib/python3.10/site-packages/airflow/example_dags/example_branch_datetime_operator.py took 0.120 seconds
[2024-01-30T15:45:14.148+0100] {processor.py:161} INFO - Started process (PID=8240) to work on /home/ubuntu/.local/lib/python3.10/site-packages/airflow/example_dags/example_branch_datetime_operator.py
[2024-01-30T15:45:14.150+0100] {processor.py:830} INFO - Processing file /home/ubuntu/.local/lib/python3.10/site-packages/airflow/example_dags/example_branch_datetime_operator.py for tasks to queue
[2024-01-30T15:45:14.151+0100] {logging_mixin.py:188} INFO - [2024-01-30T15:45:14.151+0100] {dagbag.py:538} INFO - Filling up the DagBag from /home/ubuntu/.local/lib/python3.10/site-packages/airflow/example_dags/example_branch_datetime_operator.py
[2024-01-30T15:45:14.167+0100] {processor.py:840} INFO - DAG(s) 'example_branch_datetime_operator_2', 'example_branch_datetime_operator_3', 'example_branch_datetime_operator' retrieved from /home/ubuntu/.local/lib/python3.10/site-packages/airflow/example_dags/example_branch_datetime_operator.py
[2024-01-30T15:45:14.194+0100] {logging_mixin.py:188} INFO - [2024-01-30T15:45:14.193+0100] {dag.py:3033} INFO - Sync 3 DAGs
[2024-01-30T15:45:14.220+0100] {logging_mixin.py:188} INFO - [2024-01-30T15:45:14.220+0100] {dag.py:3820} INFO - Setting next_dagrun for example_branch_datetime_operator to 2024-01-29T00:00:00+00:00, run_after=2024-01-30T00:00:00+00:00
[2024-01-30T15:45:14.225+0100] {logging_mixin.py:188} INFO - [2024-01-30T15:45:14.225+0100] {dag.py:3820} INFO - Setting next_dagrun for example_branch_datetime_operator_2 to 2024-01-29T00:00:00+00:00, run_after=2024-01-30T00:00:00+00:00
[2024-01-30T15:45:14.230+0100] {logging_mixin.py:188} INFO - [2024-01-30T15:45:14.229+0100] {dag.py:3820} INFO - Setting next_dagrun for example_branch_datetime_operator_3 to 2024-01-29T00:00:00+00:00, run_after=2024-01-30T00:00:00+00:00
[2024-01-30T15:45:14.265+0100] {processor.py:183} INFO - Processing /home/ubuntu/.local/lib/python3.10/site-packages/airflow/example_dags/example_branch_datetime_operator.py took 0.120 seconds
[2024-01-30T15:46:14.887+0100] {processor.py:161} INFO - Started process (PID=8307) to work on /home/ubuntu/.local/lib/python3.10/site-packages/airflow/example_dags/example_branch_datetime_operator.py
[2024-01-30T15:46:14.889+0100] {processor.py:830} INFO - Processing file /home/ubuntu/.local/lib/python3.10/site-packages/airflow/example_dags/example_branch_datetime_operator.py for tasks to queue
[2024-01-30T15:46:14.891+0100] {logging_mixin.py:188} INFO - [2024-01-30T15:46:14.890+0100] {dagbag.py:538} INFO - Filling up the DagBag from /home/ubuntu/.local/lib/python3.10/site-packages/airflow/example_dags/example_branch_datetime_operator.py
[2024-01-30T15:46:14.902+0100] {processor.py:840} INFO - DAG(s) 'example_branch_datetime_operator_3', 'example_branch_datetime_operator_2', 'example_branch_datetime_operator' retrieved from /home/ubuntu/.local/lib/python3.10/site-packages/airflow/example_dags/example_branch_datetime_operator.py
[2024-01-30T15:46:14.931+0100] {logging_mixin.py:188} INFO - [2024-01-30T15:46:14.931+0100] {dag.py:3033} INFO - Sync 3 DAGs
[2024-01-30T15:46:14.954+0100] {logging_mixin.py:188} INFO - [2024-01-30T15:46:14.954+0100] {dag.py:3820} INFO - Setting next_dagrun for example_branch_datetime_operator to 2024-01-29T00:00:00+00:00, run_after=2024-01-30T00:00:00+00:00
[2024-01-30T15:46:14.962+0100] {logging_mixin.py:188} INFO - [2024-01-30T15:46:14.961+0100] {dag.py:3820} INFO - Setting next_dagrun for example_branch_datetime_operator_2 to 2024-01-29T00:00:00+00:00, run_after=2024-01-30T00:00:00+00:00
[2024-01-30T15:46:14.965+0100] {logging_mixin.py:188} INFO - [2024-01-30T15:46:14.965+0100] {dag.py:3820} INFO - Setting next_dagrun for example_branch_datetime_operator_3 to 2024-01-29T00:00:00+00:00, run_after=2024-01-30T00:00:00+00:00
[2024-01-30T15:46:14.998+0100] {processor.py:183} INFO - Processing /home/ubuntu/.local/lib/python3.10/site-packages/airflow/example_dags/example_branch_datetime_operator.py took 0.113 seconds
[2024-01-30T15:47:06.159+0100] {processor.py:161} INFO - Started process (PID=8362) to work on /home/ubuntu/.local/lib/python3.10/site-packages/airflow/example_dags/example_branch_datetime_operator.py
[2024-01-30T15:47:06.161+0100] {processor.py:830} INFO - Processing file /home/ubuntu/.local/lib/python3.10/site-packages/airflow/example_dags/example_branch_datetime_operator.py for tasks to queue
[2024-01-30T15:47:06.162+0100] {logging_mixin.py:188} INFO - [2024-01-30T15:47:06.162+0100] {dagbag.py:538} INFO - Filling up the DagBag from /home/ubuntu/.local/lib/python3.10/site-packages/airflow/example_dags/example_branch_datetime_operator.py
[2024-01-30T15:47:06.174+0100] {processor.py:840} INFO - DAG(s) 'example_branch_datetime_operator_3', 'example_branch_datetime_operator_2', 'example_branch_datetime_operator' retrieved from /home/ubuntu/.local/lib/python3.10/site-packages/airflow/example_dags/example_branch_datetime_operator.py
[2024-01-30T15:47:06.202+0100] {logging_mixin.py:188} INFO - [2024-01-30T15:47:06.202+0100] {dag.py:3033} INFO - Sync 3 DAGs
[2024-01-30T15:47:06.224+0100] {logging_mixin.py:188} INFO - [2024-01-30T15:47:06.224+0100] {dag.py:3820} INFO - Setting next_dagrun for example_branch_datetime_operator to 2024-01-29T00:00:00+00:00, run_after=2024-01-30T00:00:00+00:00
[2024-01-30T15:47:06.230+0100] {logging_mixin.py:188} INFO - [2024-01-30T15:47:06.230+0100] {dag.py:3820} INFO - Setting next_dagrun for example_branch_datetime_operator_2 to 2024-01-29T00:00:00+00:00, run_after=2024-01-30T00:00:00+00:00
[2024-01-30T15:47:06.236+0100] {logging_mixin.py:188} INFO - [2024-01-30T15:47:06.236+0100] {dag.py:3820} INFO - Setting next_dagrun for example_branch_datetime_operator_3 to 2024-01-29T00:00:00+00:00, run_after=2024-01-30T00:00:00+00:00
[2024-01-30T15:47:06.267+0100] {processor.py:183} INFO - Processing /home/ubuntu/.local/lib/python3.10/site-packages/airflow/example_dags/example_branch_datetime_operator.py took 0.111 seconds
[2024-01-30T15:48:35.703+0100] {processor.py:161} INFO - Started process (PID=8644) to work on /home/ubuntu/.local/lib/python3.10/site-packages/airflow/example_dags/example_branch_datetime_operator.py
[2024-01-30T15:48:35.709+0100] {processor.py:830} INFO - Processing file /home/ubuntu/.local/lib/python3.10/site-packages/airflow/example_dags/example_branch_datetime_operator.py for tasks to queue
[2024-01-30T15:48:35.711+0100] {logging_mixin.py:188} INFO - [2024-01-30T15:48:35.710+0100] {dagbag.py:538} INFO - Filling up the DagBag from /home/ubuntu/.local/lib/python3.10/site-packages/airflow/example_dags/example_branch_datetime_operator.py
[2024-01-30T15:48:35.761+0100] {processor.py:840} INFO - DAG(s) 'example_branch_datetime_operator_3', 'example_branch_datetime_operator', 'example_branch_datetime_operator_2' retrieved from /home/ubuntu/.local/lib/python3.10/site-packages/airflow/example_dags/example_branch_datetime_operator.py
[2024-01-30T15:48:35.882+0100] {logging_mixin.py:188} INFO - [2024-01-30T15:48:35.881+0100] {dag.py:3033} INFO - Sync 3 DAGs
[2024-01-30T15:48:35.971+0100] {logging_mixin.py:188} INFO - [2024-01-30T15:48:35.965+0100] {dag.py:3820} INFO - Setting next_dagrun for example_branch_datetime_operator to 2024-01-29T00:00:00+00:00, run_after=2024-01-30T00:00:00+00:00
[2024-01-30T15:48:36.023+0100] {logging_mixin.py:188} INFO - [2024-01-30T15:48:36.022+0100] {dag.py:3820} INFO - Setting next_dagrun for example_branch_datetime_operator_2 to 2024-01-29T00:00:00+00:00, run_after=2024-01-30T00:00:00+00:00
[2024-01-30T15:48:36.065+0100] {logging_mixin.py:188} INFO - [2024-01-30T15:48:36.065+0100] {dag.py:3820} INFO - Setting next_dagrun for example_branch_datetime_operator_3 to 2024-01-29T00:00:00+00:00, run_after=2024-01-30T00:00:00+00:00
[2024-01-30T15:48:36.369+0100] {processor.py:183} INFO - Processing /home/ubuntu/.local/lib/python3.10/site-packages/airflow/example_dags/example_branch_datetime_operator.py took 0.673 seconds
[2024-01-30T15:53:33.164+0100] {processor.py:161} INFO - Started process (PID=9693) to work on /home/ubuntu/.local/lib/python3.10/site-packages/airflow/example_dags/example_branch_datetime_operator.py
[2024-01-30T15:53:33.169+0100] {processor.py:830} INFO - Processing file /home/ubuntu/.local/lib/python3.10/site-packages/airflow/example_dags/example_branch_datetime_operator.py for tasks to queue
[2024-01-30T15:53:33.195+0100] {logging_mixin.py:188} INFO - [2024-01-30T15:53:33.186+0100] {dagbag.py:538} INFO - Filling up the DagBag from /home/ubuntu/.local/lib/python3.10/site-packages/airflow/example_dags/example_branch_datetime_operator.py
[2024-01-30T15:53:33.282+0100] {processor.py:840} INFO - DAG(s) 'example_branch_datetime_operator', 'example_branch_datetime_operator_2', 'example_branch_datetime_operator_3' retrieved from /home/ubuntu/.local/lib/python3.10/site-packages/airflow/example_dags/example_branch_datetime_operator.py
[2024-01-30T15:53:33.338+0100] {logging_mixin.py:188} INFO - [2024-01-30T15:53:33.338+0100] {dag.py:3033} INFO - Sync 3 DAGs
[2024-01-30T15:53:33.368+0100] {logging_mixin.py:188} INFO - [2024-01-30T15:53:33.368+0100] {dag.py:3820} INFO - Setting next_dagrun for example_branch_datetime_operator to 2024-01-29T00:00:00+00:00, run_after=2024-01-30T00:00:00+00:00
[2024-01-30T15:53:33.375+0100] {logging_mixin.py:188} INFO - [2024-01-30T15:53:33.374+0100] {dag.py:3820} INFO - Setting next_dagrun for example_branch_datetime_operator_2 to 2024-01-29T00:00:00+00:00, run_after=2024-01-30T00:00:00+00:00
[2024-01-30T15:53:33.378+0100] {logging_mixin.py:188} INFO - [2024-01-30T15:53:33.377+0100] {dag.py:3820} INFO - Setting next_dagrun for example_branch_datetime_operator_3 to 2024-01-29T00:00:00+00:00, run_after=2024-01-30T00:00:00+00:00
[2024-01-30T15:53:33.411+0100] {processor.py:183} INFO - Processing /home/ubuntu/.local/lib/python3.10/site-packages/airflow/example_dags/example_branch_datetime_operator.py took 0.261 seconds
[2024-01-30T15:56:10.194+0100] {processor.py:161} INFO - Started process (PID=9895) to work on /home/ubuntu/.local/lib/python3.10/site-packages/airflow/example_dags/example_branch_datetime_operator.py
[2024-01-30T15:56:10.226+0100] {processor.py:830} INFO - Processing file /home/ubuntu/.local/lib/python3.10/site-packages/airflow/example_dags/example_branch_datetime_operator.py for tasks to queue
[2024-01-30T15:56:10.228+0100] {logging_mixin.py:188} INFO - [2024-01-30T15:56:10.227+0100] {dagbag.py:538} INFO - Filling up the DagBag from /home/ubuntu/.local/lib/python3.10/site-packages/airflow/example_dags/example_branch_datetime_operator.py
[2024-01-30T15:56:10.240+0100] {processor.py:840} INFO - DAG(s) 'example_branch_datetime_operator_3', 'example_branch_datetime_operator_2', 'example_branch_datetime_operator' retrieved from /home/ubuntu/.local/lib/python3.10/site-packages/airflow/example_dags/example_branch_datetime_operator.py
[2024-01-30T15:56:10.271+0100] {logging_mixin.py:188} INFO - [2024-01-30T15:56:10.270+0100] {dag.py:3033} INFO - Sync 3 DAGs
[2024-01-30T15:56:10.298+0100] {logging_mixin.py:188} INFO - [2024-01-30T15:56:10.298+0100] {dag.py:3820} INFO - Setting next_dagrun for example_branch_datetime_operator to 2024-01-29T00:00:00+00:00, run_after=2024-01-30T00:00:00+00:00
[2024-01-30T15:56:10.304+0100] {logging_mixin.py:188} INFO - [2024-01-30T15:56:10.304+0100] {dag.py:3820} INFO - Setting next_dagrun for example_branch_datetime_operator_2 to 2024-01-29T00:00:00+00:00, run_after=2024-01-30T00:00:00+00:00
[2024-01-30T15:56:10.308+0100] {logging_mixin.py:188} INFO - [2024-01-30T15:56:10.308+0100] {dag.py:3820} INFO - Setting next_dagrun for example_branch_datetime_operator_3 to 2024-01-29T00:00:00+00:00, run_after=2024-01-30T00:00:00+00:00
[2024-01-30T15:56:10.356+0100] {processor.py:183} INFO - Processing /home/ubuntu/.local/lib/python3.10/site-packages/airflow/example_dags/example_branch_datetime_operator.py took 0.181 seconds
[2024-01-30T15:58:06.325+0100] {processor.py:161} INFO - Started process (PID=10021) to work on /home/ubuntu/.local/lib/python3.10/site-packages/airflow/example_dags/example_branch_datetime_operator.py
[2024-01-30T15:58:06.357+0100] {processor.py:830} INFO - Processing file /home/ubuntu/.local/lib/python3.10/site-packages/airflow/example_dags/example_branch_datetime_operator.py for tasks to queue
[2024-01-30T15:58:06.358+0100] {logging_mixin.py:188} INFO - [2024-01-30T15:58:06.357+0100] {dagbag.py:538} INFO - Filling up the DagBag from /home/ubuntu/.local/lib/python3.10/site-packages/airflow/example_dags/example_branch_datetime_operator.py
[2024-01-30T15:58:06.421+0100] {processor.py:840} INFO - DAG(s) 'example_branch_datetime_operator_3', 'example_branch_datetime_operator_2', 'example_branch_datetime_operator' retrieved from /home/ubuntu/.local/lib/python3.10/site-packages/airflow/example_dags/example_branch_datetime_operator.py
[2024-01-30T15:58:06.530+0100] {logging_mixin.py:188} INFO - [2024-01-30T15:58:06.530+0100] {dag.py:3033} INFO - Sync 3 DAGs
[2024-01-30T15:58:06.667+0100] {logging_mixin.py:188} INFO - [2024-01-30T15:58:06.667+0100] {dag.py:3820} INFO - Setting next_dagrun for example_branch_datetime_operator to 2024-01-29T00:00:00+00:00, run_after=2024-01-30T00:00:00+00:00
[2024-01-30T15:58:06.677+0100] {logging_mixin.py:188} INFO - [2024-01-30T15:58:06.677+0100] {dag.py:3820} INFO - Setting next_dagrun for example_branch_datetime_operator_2 to 2024-01-29T00:00:00+00:00, run_after=2024-01-30T00:00:00+00:00
[2024-01-30T15:58:06.708+0100] {logging_mixin.py:188} INFO - [2024-01-30T15:58:06.708+0100] {dag.py:3820} INFO - Setting next_dagrun for example_branch_datetime_operator_3 to 2024-01-29T00:00:00+00:00, run_after=2024-01-30T00:00:00+00:00
[2024-01-30T15:58:07.025+0100] {processor.py:183} INFO - Processing /home/ubuntu/.local/lib/python3.10/site-packages/airflow/example_dags/example_branch_datetime_operator.py took 0.713 seconds
[2024-01-30T15:59:53.244+0100] {processor.py:161} INFO - Started process (PID=10125) to work on /home/ubuntu/.local/lib/python3.10/site-packages/airflow/example_dags/example_branch_datetime_operator.py
[2024-01-30T15:59:53.258+0100] {processor.py:830} INFO - Processing file /home/ubuntu/.local/lib/python3.10/site-packages/airflow/example_dags/example_branch_datetime_operator.py for tasks to queue
[2024-01-30T15:59:53.260+0100] {logging_mixin.py:188} INFO - [2024-01-30T15:59:53.260+0100] {dagbag.py:538} INFO - Filling up the DagBag from /home/ubuntu/.local/lib/python3.10/site-packages/airflow/example_dags/example_branch_datetime_operator.py
[2024-01-30T15:59:53.280+0100] {processor.py:840} INFO - DAG(s) 'example_branch_datetime_operator_2', 'example_branch_datetime_operator_3', 'example_branch_datetime_operator' retrieved from /home/ubuntu/.local/lib/python3.10/site-packages/airflow/example_dags/example_branch_datetime_operator.py
[2024-01-30T15:59:53.324+0100] {logging_mixin.py:188} INFO - [2024-01-30T15:59:53.323+0100] {dag.py:3033} INFO - Sync 3 DAGs
[2024-01-30T15:59:53.367+0100] {logging_mixin.py:188} INFO - [2024-01-30T15:59:53.367+0100] {dag.py:3820} INFO - Setting next_dagrun for example_branch_datetime_operator to 2024-01-29T00:00:00+00:00, run_after=2024-01-30T00:00:00+00:00
[2024-01-30T15:59:53.375+0100] {logging_mixin.py:188} INFO - [2024-01-30T15:59:53.374+0100] {dag.py:3820} INFO - Setting next_dagrun for example_branch_datetime_operator_2 to 2024-01-29T00:00:00+00:00, run_after=2024-01-30T00:00:00+00:00
[2024-01-30T15:59:53.379+0100] {logging_mixin.py:188} INFO - [2024-01-30T15:59:53.378+0100] {dag.py:3820} INFO - Setting next_dagrun for example_branch_datetime_operator_3 to 2024-01-29T00:00:00+00:00, run_after=2024-01-30T00:00:00+00:00
[2024-01-30T15:59:53.421+0100] {processor.py:183} INFO - Processing /home/ubuntu/.local/lib/python3.10/site-packages/airflow/example_dags/example_branch_datetime_operator.py took 0.185 seconds
[2024-01-30T16:00:47.721+0100] {processor.py:161} INFO - Started process (PID=10183) to work on /home/ubuntu/.local/lib/python3.10/site-packages/airflow/example_dags/example_branch_datetime_operator.py
[2024-01-30T16:00:47.724+0100] {processor.py:830} INFO - Processing file /home/ubuntu/.local/lib/python3.10/site-packages/airflow/example_dags/example_branch_datetime_operator.py for tasks to queue
[2024-01-30T16:00:47.726+0100] {logging_mixin.py:188} INFO - [2024-01-30T16:00:47.725+0100] {dagbag.py:538} INFO - Filling up the DagBag from /home/ubuntu/.local/lib/python3.10/site-packages/airflow/example_dags/example_branch_datetime_operator.py
[2024-01-30T16:00:47.736+0100] {processor.py:840} INFO - DAG(s) 'example_branch_datetime_operator_2', 'example_branch_datetime_operator', 'example_branch_datetime_operator_3' retrieved from /home/ubuntu/.local/lib/python3.10/site-packages/airflow/example_dags/example_branch_datetime_operator.py
[2024-01-30T16:00:47.758+0100] {logging_mixin.py:188} INFO - [2024-01-30T16:00:47.758+0100] {dag.py:3033} INFO - Sync 3 DAGs
[2024-01-30T16:00:47.780+0100] {logging_mixin.py:188} INFO - [2024-01-30T16:00:47.779+0100] {dag.py:3820} INFO - Setting next_dagrun for example_branch_datetime_operator to 2024-01-29T00:00:00+00:00, run_after=2024-01-30T00:00:00+00:00
[2024-01-30T16:00:47.785+0100] {logging_mixin.py:188} INFO - [2024-01-30T16:00:47.785+0100] {dag.py:3820} INFO - Setting next_dagrun for example_branch_datetime_operator_2 to 2024-01-29T00:00:00+00:00, run_after=2024-01-30T00:00:00+00:00
[2024-01-30T16:00:47.787+0100] {logging_mixin.py:188} INFO - [2024-01-30T16:00:47.787+0100] {dag.py:3820} INFO - Setting next_dagrun for example_branch_datetime_operator_3 to 2024-01-29T00:00:00+00:00, run_after=2024-01-30T00:00:00+00:00
[2024-01-30T16:00:47.829+0100] {processor.py:183} INFO - Processing /home/ubuntu/.local/lib/python3.10/site-packages/airflow/example_dags/example_branch_datetime_operator.py took 0.111 seconds
[2024-01-30T16:01:42.243+0100] {processor.py:161} INFO - Started process (PID=10239) to work on /home/ubuntu/.local/lib/python3.10/site-packages/airflow/example_dags/example_branch_datetime_operator.py
[2024-01-30T16:01:42.246+0100] {processor.py:830} INFO - Processing file /home/ubuntu/.local/lib/python3.10/site-packages/airflow/example_dags/example_branch_datetime_operator.py for tasks to queue
[2024-01-30T16:01:42.248+0100] {logging_mixin.py:188} INFO - [2024-01-30T16:01:42.247+0100] {dagbag.py:538} INFO - Filling up the DagBag from /home/ubuntu/.local/lib/python3.10/site-packages/airflow/example_dags/example_branch_datetime_operator.py
[2024-01-30T16:01:42.269+0100] {processor.py:840} INFO - DAG(s) 'example_branch_datetime_operator_2', 'example_branch_datetime_operator_3', 'example_branch_datetime_operator' retrieved from /home/ubuntu/.local/lib/python3.10/site-packages/airflow/example_dags/example_branch_datetime_operator.py
[2024-01-30T16:01:42.315+0100] {logging_mixin.py:188} INFO - [2024-01-30T16:01:42.314+0100] {dag.py:3033} INFO - Sync 3 DAGs
[2024-01-30T16:01:42.346+0100] {logging_mixin.py:188} INFO - [2024-01-30T16:01:42.346+0100] {dag.py:3820} INFO - Setting next_dagrun for example_branch_datetime_operator to 2024-01-29T00:00:00+00:00, run_after=2024-01-30T00:00:00+00:00
[2024-01-30T16:01:42.350+0100] {logging_mixin.py:188} INFO - [2024-01-30T16:01:42.350+0100] {dag.py:3820} INFO - Setting next_dagrun for example_branch_datetime_operator_2 to 2024-01-29T00:00:00+00:00, run_after=2024-01-30T00:00:00+00:00
[2024-01-30T16:01:42.354+0100] {logging_mixin.py:188} INFO - [2024-01-30T16:01:42.354+0100] {dag.py:3820} INFO - Setting next_dagrun for example_branch_datetime_operator_3 to 2024-01-29T00:00:00+00:00, run_after=2024-01-30T00:00:00+00:00
[2024-01-30T16:01:42.382+0100] {processor.py:183} INFO - Processing /home/ubuntu/.local/lib/python3.10/site-packages/airflow/example_dags/example_branch_datetime_operator.py took 0.146 seconds
[2024-01-30T16:03:15.142+0100] {processor.py:161} INFO - Started process (PID=10336) to work on /home/ubuntu/.local/lib/python3.10/site-packages/airflow/example_dags/example_branch_datetime_operator.py
[2024-01-30T16:03:15.154+0100] {processor.py:830} INFO - Processing file /home/ubuntu/.local/lib/python3.10/site-packages/airflow/example_dags/example_branch_datetime_operator.py for tasks to queue
[2024-01-30T16:03:15.156+0100] {logging_mixin.py:188} INFO - [2024-01-30T16:03:15.155+0100] {dagbag.py:538} INFO - Filling up the DagBag from /home/ubuntu/.local/lib/python3.10/site-packages/airflow/example_dags/example_branch_datetime_operator.py
[2024-01-30T16:03:15.166+0100] {processor.py:840} INFO - DAG(s) 'example_branch_datetime_operator_2', 'example_branch_datetime_operator_3', 'example_branch_datetime_operator' retrieved from /home/ubuntu/.local/lib/python3.10/site-packages/airflow/example_dags/example_branch_datetime_operator.py
[2024-01-30T16:03:15.190+0100] {logging_mixin.py:188} INFO - [2024-01-30T16:03:15.189+0100] {dag.py:3033} INFO - Sync 3 DAGs
[2024-01-30T16:03:15.212+0100] {logging_mixin.py:188} INFO - [2024-01-30T16:03:15.212+0100] {dag.py:3820} INFO - Setting next_dagrun for example_branch_datetime_operator to 2024-01-29T00:00:00+00:00, run_after=2024-01-30T00:00:00+00:00
[2024-01-30T16:03:15.217+0100] {logging_mixin.py:188} INFO - [2024-01-30T16:03:15.217+0100] {dag.py:3820} INFO - Setting next_dagrun for example_branch_datetime_operator_2 to 2024-01-29T00:00:00+00:00, run_after=2024-01-30T00:00:00+00:00
[2024-01-30T16:03:15.221+0100] {logging_mixin.py:188} INFO - [2024-01-30T16:03:15.221+0100] {dag.py:3820} INFO - Setting next_dagrun for example_branch_datetime_operator_3 to 2024-01-29T00:00:00+00:00, run_after=2024-01-30T00:00:00+00:00
[2024-01-30T16:03:15.252+0100] {processor.py:183} INFO - Processing /home/ubuntu/.local/lib/python3.10/site-packages/airflow/example_dags/example_branch_datetime_operator.py took 0.114 seconds
[2024-01-30T16:04:48.987+0100] {processor.py:161} INFO - Started process (PID=10434) to work on /home/ubuntu/.local/lib/python3.10/site-packages/airflow/example_dags/example_branch_datetime_operator.py
[2024-01-30T16:04:48.990+0100] {processor.py:830} INFO - Processing file /home/ubuntu/.local/lib/python3.10/site-packages/airflow/example_dags/example_branch_datetime_operator.py for tasks to queue
[2024-01-30T16:04:48.991+0100] {logging_mixin.py:188} INFO - [2024-01-30T16:04:48.990+0100] {dagbag.py:538} INFO - Filling up the DagBag from /home/ubuntu/.local/lib/python3.10/site-packages/airflow/example_dags/example_branch_datetime_operator.py
[2024-01-30T16:04:49.004+0100] {processor.py:840} INFO - DAG(s) 'example_branch_datetime_operator', 'example_branch_datetime_operator_2', 'example_branch_datetime_operator_3' retrieved from /home/ubuntu/.local/lib/python3.10/site-packages/airflow/example_dags/example_branch_datetime_operator.py
[2024-01-30T16:04:49.030+0100] {logging_mixin.py:188} INFO - [2024-01-30T16:04:49.030+0100] {dag.py:3033} INFO - Sync 3 DAGs
[2024-01-30T16:04:49.058+0100] {logging_mixin.py:188} INFO - [2024-01-30T16:04:49.057+0100] {dag.py:3820} INFO - Setting next_dagrun for example_branch_datetime_operator to 2024-01-29T00:00:00+00:00, run_after=2024-01-30T00:00:00+00:00
[2024-01-30T16:04:49.063+0100] {logging_mixin.py:188} INFO - [2024-01-30T16:04:49.063+0100] {dag.py:3820} INFO - Setting next_dagrun for example_branch_datetime_operator_2 to 2024-01-29T00:00:00+00:00, run_after=2024-01-30T00:00:00+00:00
[2024-01-30T16:04:49.067+0100] {logging_mixin.py:188} INFO - [2024-01-30T16:04:49.065+0100] {dag.py:3820} INFO - Setting next_dagrun for example_branch_datetime_operator_3 to 2024-01-29T00:00:00+00:00, run_after=2024-01-30T00:00:00+00:00
[2024-01-30T16:04:49.100+0100] {processor.py:183} INFO - Processing /home/ubuntu/.local/lib/python3.10/site-packages/airflow/example_dags/example_branch_datetime_operator.py took 0.120 seconds
[2024-01-30T16:06:37.445+0100] {processor.py:161} INFO - Started process (PID=10523) to work on /home/ubuntu/.local/lib/python3.10/site-packages/airflow/example_dags/example_branch_datetime_operator.py
[2024-01-30T16:06:37.469+0100] {processor.py:830} INFO - Processing file /home/ubuntu/.local/lib/python3.10/site-packages/airflow/example_dags/example_branch_datetime_operator.py for tasks to queue
[2024-01-30T16:06:37.473+0100] {logging_mixin.py:188} INFO - [2024-01-30T16:06:37.471+0100] {dagbag.py:538} INFO - Filling up the DagBag from /home/ubuntu/.local/lib/python3.10/site-packages/airflow/example_dags/example_branch_datetime_operator.py
[2024-01-30T16:06:37.506+0100] {processor.py:840} INFO - DAG(s) 'example_branch_datetime_operator', 'example_branch_datetime_operator_3', 'example_branch_datetime_operator_2' retrieved from /home/ubuntu/.local/lib/python3.10/site-packages/airflow/example_dags/example_branch_datetime_operator.py
[2024-01-30T16:06:37.650+0100] {logging_mixin.py:188} INFO - [2024-01-30T16:06:37.650+0100] {dag.py:3033} INFO - Sync 3 DAGs
[2024-01-30T16:06:37.723+0100] {logging_mixin.py:188} INFO - [2024-01-30T16:06:37.722+0100] {dag.py:3820} INFO - Setting next_dagrun for example_branch_datetime_operator to 2024-01-29T00:00:00+00:00, run_after=2024-01-30T00:00:00+00:00
[2024-01-30T16:06:37.768+0100] {logging_mixin.py:188} INFO - [2024-01-30T16:06:37.764+0100] {dag.py:3820} INFO - Setting next_dagrun for example_branch_datetime_operator_2 to 2024-01-29T00:00:00+00:00, run_after=2024-01-30T00:00:00+00:00
[2024-01-30T16:06:37.777+0100] {logging_mixin.py:188} INFO - [2024-01-30T16:06:37.777+0100] {dag.py:3820} INFO - Setting next_dagrun for example_branch_datetime_operator_3 to 2024-01-29T00:00:00+00:00, run_after=2024-01-30T00:00:00+00:00
[2024-01-30T16:06:38.013+0100] {processor.py:183} INFO - Processing /home/ubuntu/.local/lib/python3.10/site-packages/airflow/example_dags/example_branch_datetime_operator.py took 0.676 seconds
