[2024-01-30T15:30:20.597+0100] {processor.py:161} INFO - Started process (PID=6620) to work on /home/ubuntu/.local/lib/python3.10/site-packages/airflow/example_dags/example_branch_operator_decorator.py
[2024-01-30T15:30:20.599+0100] {processor.py:830} INFO - Processing file /home/ubuntu/.local/lib/python3.10/site-packages/airflow/example_dags/example_branch_operator_decorator.py for tasks to queue
[2024-01-30T15:30:20.600+0100] {logging_mixin.py:188} INFO - [2024-01-30T15:30:20.599+0100] {dagbag.py:538} INFO - Filling up the DagBag from /home/ubuntu/.local/lib/python3.10/site-packages/airflow/example_dags/example_branch_operator_decorator.py
[2024-01-30T15:30:20.641+0100] {processor.py:840} INFO - DAG(s) 'example_branch_python_operator_decorator' retrieved from /home/ubuntu/.local/lib/python3.10/site-packages/airflow/example_dags/example_branch_operator_decorator.py
[2024-01-30T15:30:20.780+0100] {logging_mixin.py:188} INFO - [2024-01-30T15:30:20.780+0100] {dag.py:3033} INFO - Sync 1 DAGs
[2024-01-30T15:30:20.802+0100] {logging_mixin.py:188} INFO - [2024-01-30T15:30:20.802+0100] {dag.py:3820} INFO - Setting next_dagrun for example_branch_python_operator_decorator to 2024-01-29T00:00:00+00:00, run_after=2024-01-30T00:00:00+00:00
[2024-01-30T15:30:20.862+0100] {processor.py:183} INFO - Processing /home/ubuntu/.local/lib/python3.10/site-packages/airflow/example_dags/example_branch_operator_decorator.py took 0.272 seconds
[2024-01-30T15:31:20.104+0100] {processor.py:161} INFO - Started process (PID=6679) to work on /home/ubuntu/.local/lib/python3.10/site-packages/airflow/example_dags/example_branch_operator_decorator.py
[2024-01-30T15:31:20.119+0100] {processor.py:830} INFO - Processing file /home/ubuntu/.local/lib/python3.10/site-packages/airflow/example_dags/example_branch_operator_decorator.py for tasks to queue
[2024-01-30T15:31:20.120+0100] {logging_mixin.py:188} INFO - [2024-01-30T15:31:20.120+0100] {dagbag.py:538} INFO - Filling up the DagBag from /home/ubuntu/.local/lib/python3.10/site-packages/airflow/example_dags/example_branch_operator_decorator.py
[2024-01-30T15:31:20.141+0100] {processor.py:840} INFO - DAG(s) 'example_branch_python_operator_decorator' retrieved from /home/ubuntu/.local/lib/python3.10/site-packages/airflow/example_dags/example_branch_operator_decorator.py
[2024-01-30T15:31:20.163+0100] {logging_mixin.py:188} INFO - [2024-01-30T15:31:20.163+0100] {dag.py:3033} INFO - Sync 1 DAGs
[2024-01-30T15:31:20.187+0100] {logging_mixin.py:188} INFO - [2024-01-30T15:31:20.187+0100] {dag.py:3820} INFO - Setting next_dagrun for example_branch_python_operator_decorator to 2024-01-29T00:00:00+00:00, run_after=2024-01-30T00:00:00+00:00
[2024-01-30T15:31:20.221+0100] {processor.py:183} INFO - Processing /home/ubuntu/.local/lib/python3.10/site-packages/airflow/example_dags/example_branch_operator_decorator.py took 0.121 seconds
[2024-01-30T15:32:13.026+0100] {processor.py:161} INFO - Started process (PID=6734) to work on /home/ubuntu/.local/lib/python3.10/site-packages/airflow/example_dags/example_branch_operator_decorator.py
[2024-01-30T15:32:13.028+0100] {processor.py:830} INFO - Processing file /home/ubuntu/.local/lib/python3.10/site-packages/airflow/example_dags/example_branch_operator_decorator.py for tasks to queue
[2024-01-30T15:32:13.029+0100] {logging_mixin.py:188} INFO - [2024-01-30T15:32:13.029+0100] {dagbag.py:538} INFO - Filling up the DagBag from /home/ubuntu/.local/lib/python3.10/site-packages/airflow/example_dags/example_branch_operator_decorator.py
[2024-01-30T15:32:13.049+0100] {processor.py:840} INFO - DAG(s) 'example_branch_python_operator_decorator' retrieved from /home/ubuntu/.local/lib/python3.10/site-packages/airflow/example_dags/example_branch_operator_decorator.py
[2024-01-30T15:32:13.077+0100] {logging_mixin.py:188} INFO - [2024-01-30T15:32:13.077+0100] {dag.py:3033} INFO - Sync 1 DAGs
[2024-01-30T15:32:13.110+0100] {logging_mixin.py:188} INFO - [2024-01-30T15:32:13.110+0100] {dag.py:3820} INFO - Setting next_dagrun for example_branch_python_operator_decorator to 2024-01-29T00:00:00+00:00, run_after=2024-01-30T00:00:00+00:00
[2024-01-30T15:32:13.154+0100] {processor.py:183} INFO - Processing /home/ubuntu/.local/lib/python3.10/site-packages/airflow/example_dags/example_branch_operator_decorator.py took 0.132 seconds
[2024-01-30T15:33:43.907+0100] {processor.py:161} INFO - Started process (PID=6824) to work on /home/ubuntu/.local/lib/python3.10/site-packages/airflow/example_dags/example_branch_operator_decorator.py
[2024-01-30T15:33:43.909+0100] {processor.py:830} INFO - Processing file /home/ubuntu/.local/lib/python3.10/site-packages/airflow/example_dags/example_branch_operator_decorator.py for tasks to queue
[2024-01-30T15:33:43.911+0100] {logging_mixin.py:188} INFO - [2024-01-30T15:33:43.910+0100] {dagbag.py:538} INFO - Filling up the DagBag from /home/ubuntu/.local/lib/python3.10/site-packages/airflow/example_dags/example_branch_operator_decorator.py
[2024-01-30T15:33:43.942+0100] {processor.py:840} INFO - DAG(s) 'example_branch_python_operator_decorator' retrieved from /home/ubuntu/.local/lib/python3.10/site-packages/airflow/example_dags/example_branch_operator_decorator.py
[2024-01-30T15:33:43.967+0100] {logging_mixin.py:188} INFO - [2024-01-30T15:33:43.967+0100] {dag.py:3033} INFO - Sync 1 DAGs
[2024-01-30T15:33:43.995+0100] {logging_mixin.py:188} INFO - [2024-01-30T15:33:43.995+0100] {dag.py:3820} INFO - Setting next_dagrun for example_branch_python_operator_decorator to 2024-01-29T00:00:00+00:00, run_after=2024-01-30T00:00:00+00:00
[2024-01-30T15:33:44.026+0100] {processor.py:183} INFO - Processing /home/ubuntu/.local/lib/python3.10/site-packages/airflow/example_dags/example_branch_operator_decorator.py took 0.123 seconds
[2024-01-30T15:34:41.454+0100] {processor.py:161} INFO - Started process (PID=6883) to work on /home/ubuntu/.local/lib/python3.10/site-packages/airflow/example_dags/example_branch_operator_decorator.py
[2024-01-30T15:34:41.458+0100] {processor.py:830} INFO - Processing file /home/ubuntu/.local/lib/python3.10/site-packages/airflow/example_dags/example_branch_operator_decorator.py for tasks to queue
[2024-01-30T15:34:41.463+0100] {logging_mixin.py:188} INFO - [2024-01-30T15:34:41.461+0100] {dagbag.py:538} INFO - Filling up the DagBag from /home/ubuntu/.local/lib/python3.10/site-packages/airflow/example_dags/example_branch_operator_decorator.py
[2024-01-30T15:34:41.486+0100] {processor.py:840} INFO - DAG(s) 'example_branch_python_operator_decorator' retrieved from /home/ubuntu/.local/lib/python3.10/site-packages/airflow/example_dags/example_branch_operator_decorator.py
[2024-01-30T15:34:41.514+0100] {logging_mixin.py:188} INFO - [2024-01-30T15:34:41.513+0100] {dag.py:3033} INFO - Sync 1 DAGs
[2024-01-30T15:34:41.588+0100] {logging_mixin.py:188} INFO - [2024-01-30T15:34:41.588+0100] {dag.py:3820} INFO - Setting next_dagrun for example_branch_python_operator_decorator to 2024-01-29T00:00:00+00:00, run_after=2024-01-30T00:00:00+00:00
[2024-01-30T15:34:41.741+0100] {processor.py:183} INFO - Processing /home/ubuntu/.local/lib/python3.10/site-packages/airflow/example_dags/example_branch_operator_decorator.py took 0.310 seconds
[2024-01-30T15:35:32.661+0100] {processor.py:161} INFO - Started process (PID=6938) to work on /home/ubuntu/.local/lib/python3.10/site-packages/airflow/example_dags/example_branch_operator_decorator.py
[2024-01-30T15:35:32.663+0100] {processor.py:830} INFO - Processing file /home/ubuntu/.local/lib/python3.10/site-packages/airflow/example_dags/example_branch_operator_decorator.py for tasks to queue
[2024-01-30T15:35:32.665+0100] {logging_mixin.py:188} INFO - [2024-01-30T15:35:32.664+0100] {dagbag.py:538} INFO - Filling up the DagBag from /home/ubuntu/.local/lib/python3.10/site-packages/airflow/example_dags/example_branch_operator_decorator.py
[2024-01-30T15:35:32.684+0100] {processor.py:840} INFO - DAG(s) 'example_branch_python_operator_decorator' retrieved from /home/ubuntu/.local/lib/python3.10/site-packages/airflow/example_dags/example_branch_operator_decorator.py
[2024-01-30T15:35:32.709+0100] {logging_mixin.py:188} INFO - [2024-01-30T15:35:32.709+0100] {dag.py:3033} INFO - Sync 1 DAGs
[2024-01-30T15:35:32.748+0100] {logging_mixin.py:188} INFO - [2024-01-30T15:35:32.748+0100] {dag.py:3820} INFO - Setting next_dagrun for example_branch_python_operator_decorator to 2024-01-29T00:00:00+00:00, run_after=2024-01-30T00:00:00+00:00
[2024-01-30T15:35:32.796+0100] {processor.py:183} INFO - Processing /home/ubuntu/.local/lib/python3.10/site-packages/airflow/example_dags/example_branch_operator_decorator.py took 0.138 seconds
[2024-01-30T15:36:24.142+0100] {processor.py:161} INFO - Started process (PID=6992) to work on /home/ubuntu/.local/lib/python3.10/site-packages/airflow/example_dags/example_branch_operator_decorator.py
[2024-01-30T15:36:24.145+0100] {processor.py:830} INFO - Processing file /home/ubuntu/.local/lib/python3.10/site-packages/airflow/example_dags/example_branch_operator_decorator.py for tasks to queue
[2024-01-30T15:36:24.147+0100] {logging_mixin.py:188} INFO - [2024-01-30T15:36:24.146+0100] {dagbag.py:538} INFO - Filling up the DagBag from /home/ubuntu/.local/lib/python3.10/site-packages/airflow/example_dags/example_branch_operator_decorator.py
[2024-01-30T15:36:24.168+0100] {processor.py:840} INFO - DAG(s) 'example_branch_python_operator_decorator' retrieved from /home/ubuntu/.local/lib/python3.10/site-packages/airflow/example_dags/example_branch_operator_decorator.py
[2024-01-30T15:36:24.190+0100] {logging_mixin.py:188} INFO - [2024-01-30T15:36:24.190+0100] {dag.py:3033} INFO - Sync 1 DAGs
[2024-01-30T15:36:24.215+0100] {logging_mixin.py:188} INFO - [2024-01-30T15:36:24.215+0100] {dag.py:3820} INFO - Setting next_dagrun for example_branch_python_operator_decorator to 2024-01-29T00:00:00+00:00, run_after=2024-01-30T00:00:00+00:00
[2024-01-30T15:36:24.247+0100] {processor.py:183} INFO - Processing /home/ubuntu/.local/lib/python3.10/site-packages/airflow/example_dags/example_branch_operator_decorator.py took 0.110 seconds
[2024-01-30T15:37:19.484+0100] {processor.py:161} INFO - Started process (PID=7047) to work on /home/ubuntu/.local/lib/python3.10/site-packages/airflow/example_dags/example_branch_operator_decorator.py
[2024-01-30T15:37:19.487+0100] {processor.py:830} INFO - Processing file /home/ubuntu/.local/lib/python3.10/site-packages/airflow/example_dags/example_branch_operator_decorator.py for tasks to queue
[2024-01-30T15:37:19.489+0100] {logging_mixin.py:188} INFO - [2024-01-30T15:37:19.489+0100] {dagbag.py:538} INFO - Filling up the DagBag from /home/ubuntu/.local/lib/python3.10/site-packages/airflow/example_dags/example_branch_operator_decorator.py
[2024-01-30T15:37:19.526+0100] {processor.py:840} INFO - DAG(s) 'example_branch_python_operator_decorator' retrieved from /home/ubuntu/.local/lib/python3.10/site-packages/airflow/example_dags/example_branch_operator_decorator.py
[2024-01-30T15:37:19.557+0100] {logging_mixin.py:188} INFO - [2024-01-30T15:37:19.556+0100] {dag.py:3033} INFO - Sync 1 DAGs
[2024-01-30T15:37:19.591+0100] {logging_mixin.py:188} INFO - [2024-01-30T15:37:19.590+0100] {dag.py:3820} INFO - Setting next_dagrun for example_branch_python_operator_decorator to 2024-01-29T00:00:00+00:00, run_after=2024-01-30T00:00:00+00:00
[2024-01-30T15:37:19.625+0100] {processor.py:183} INFO - Processing /home/ubuntu/.local/lib/python3.10/site-packages/airflow/example_dags/example_branch_operator_decorator.py took 0.148 seconds
[2024-01-30T15:38:11.141+0100] {processor.py:161} INFO - Started process (PID=7108) to work on /home/ubuntu/.local/lib/python3.10/site-packages/airflow/example_dags/example_branch_operator_decorator.py
[2024-01-30T15:38:11.142+0100] {processor.py:830} INFO - Processing file /home/ubuntu/.local/lib/python3.10/site-packages/airflow/example_dags/example_branch_operator_decorator.py for tasks to queue
[2024-01-30T15:38:11.143+0100] {logging_mixin.py:188} INFO - [2024-01-30T15:38:11.143+0100] {dagbag.py:538} INFO - Filling up the DagBag from /home/ubuntu/.local/lib/python3.10/site-packages/airflow/example_dags/example_branch_operator_decorator.py
[2024-01-30T15:38:11.163+0100] {processor.py:840} INFO - DAG(s) 'example_branch_python_operator_decorator' retrieved from /home/ubuntu/.local/lib/python3.10/site-packages/airflow/example_dags/example_branch_operator_decorator.py
[2024-01-30T15:38:11.188+0100] {logging_mixin.py:188} INFO - [2024-01-30T15:38:11.188+0100] {dag.py:3033} INFO - Sync 1 DAGs
[2024-01-30T15:38:11.219+0100] {logging_mixin.py:188} INFO - [2024-01-30T15:38:11.218+0100] {dag.py:3820} INFO - Setting next_dagrun for example_branch_python_operator_decorator to 2024-01-29T00:00:00+00:00, run_after=2024-01-30T00:00:00+00:00
[2024-01-30T15:38:11.262+0100] {processor.py:183} INFO - Processing /home/ubuntu/.local/lib/python3.10/site-packages/airflow/example_dags/example_branch_operator_decorator.py took 0.125 seconds
[2024-01-30T15:39:07.719+0100] {processor.py:161} INFO - Started process (PID=7244) to work on /home/ubuntu/.local/lib/python3.10/site-packages/airflow/example_dags/example_branch_operator_decorator.py
[2024-01-30T15:39:07.721+0100] {processor.py:830} INFO - Processing file /home/ubuntu/.local/lib/python3.10/site-packages/airflow/example_dags/example_branch_operator_decorator.py for tasks to queue
[2024-01-30T15:39:07.723+0100] {logging_mixin.py:188} INFO - [2024-01-30T15:39:07.722+0100] {dagbag.py:538} INFO - Filling up the DagBag from /home/ubuntu/.local/lib/python3.10/site-packages/airflow/example_dags/example_branch_operator_decorator.py
[2024-01-30T15:39:07.748+0100] {processor.py:840} INFO - DAG(s) 'example_branch_python_operator_decorator' retrieved from /home/ubuntu/.local/lib/python3.10/site-packages/airflow/example_dags/example_branch_operator_decorator.py
[2024-01-30T15:39:07.775+0100] {logging_mixin.py:188} INFO - [2024-01-30T15:39:07.774+0100] {dag.py:3033} INFO - Sync 1 DAGs
[2024-01-30T15:39:07.796+0100] {logging_mixin.py:188} INFO - [2024-01-30T15:39:07.796+0100] {dag.py:3820} INFO - Setting next_dagrun for example_branch_python_operator_decorator to 2024-01-29T00:00:00+00:00, run_after=2024-01-30T00:00:00+00:00
[2024-01-30T15:39:07.835+0100] {processor.py:183} INFO - Processing /home/ubuntu/.local/lib/python3.10/site-packages/airflow/example_dags/example_branch_operator_decorator.py took 0.123 seconds
[2024-01-30T15:40:02.138+0100] {processor.py:161} INFO - Started process (PID=7304) to work on /home/ubuntu/.local/lib/python3.10/site-packages/airflow/example_dags/example_branch_operator_decorator.py
[2024-01-30T15:40:02.140+0100] {processor.py:830} INFO - Processing file /home/ubuntu/.local/lib/python3.10/site-packages/airflow/example_dags/example_branch_operator_decorator.py for tasks to queue
[2024-01-30T15:40:02.141+0100] {logging_mixin.py:188} INFO - [2024-01-30T15:40:02.141+0100] {dagbag.py:538} INFO - Filling up the DagBag from /home/ubuntu/.local/lib/python3.10/site-packages/airflow/example_dags/example_branch_operator_decorator.py
[2024-01-30T15:40:02.170+0100] {processor.py:840} INFO - DAG(s) 'example_branch_python_operator_decorator' retrieved from /home/ubuntu/.local/lib/python3.10/site-packages/airflow/example_dags/example_branch_operator_decorator.py
[2024-01-30T15:40:02.212+0100] {logging_mixin.py:188} INFO - [2024-01-30T15:40:02.212+0100] {dag.py:3033} INFO - Sync 1 DAGs
[2024-01-30T15:40:02.250+0100] {logging_mixin.py:188} INFO - [2024-01-30T15:40:02.250+0100] {dag.py:3820} INFO - Setting next_dagrun for example_branch_python_operator_decorator to 2024-01-29T00:00:00+00:00, run_after=2024-01-30T00:00:00+00:00
[2024-01-30T15:40:02.292+0100] {processor.py:183} INFO - Processing /home/ubuntu/.local/lib/python3.10/site-packages/airflow/example_dags/example_branch_operator_decorator.py took 0.158 seconds
[2024-01-30T15:40:58.096+0100] {processor.py:161} INFO - Started process (PID=7357) to work on /home/ubuntu/.local/lib/python3.10/site-packages/airflow/example_dags/example_branch_operator_decorator.py
[2024-01-30T15:40:58.098+0100] {processor.py:830} INFO - Processing file /home/ubuntu/.local/lib/python3.10/site-packages/airflow/example_dags/example_branch_operator_decorator.py for tasks to queue
[2024-01-30T15:40:58.099+0100] {logging_mixin.py:188} INFO - [2024-01-30T15:40:58.099+0100] {dagbag.py:538} INFO - Filling up the DagBag from /home/ubuntu/.local/lib/python3.10/site-packages/airflow/example_dags/example_branch_operator_decorator.py
[2024-01-30T15:40:58.122+0100] {processor.py:840} INFO - DAG(s) 'example_branch_python_operator_decorator' retrieved from /home/ubuntu/.local/lib/python3.10/site-packages/airflow/example_dags/example_branch_operator_decorator.py
[2024-01-30T15:40:58.151+0100] {logging_mixin.py:188} INFO - [2024-01-30T15:40:58.151+0100] {dag.py:3033} INFO - Sync 1 DAGs
[2024-01-30T15:40:58.172+0100] {logging_mixin.py:188} INFO - [2024-01-30T15:40:58.172+0100] {dag.py:3820} INFO - Setting next_dagrun for example_branch_python_operator_decorator to 2024-01-29T00:00:00+00:00, run_after=2024-01-30T00:00:00+00:00
[2024-01-30T15:40:58.240+0100] {processor.py:183} INFO - Processing /home/ubuntu/.local/lib/python3.10/site-packages/airflow/example_dags/example_branch_operator_decorator.py took 0.148 seconds
[2024-01-30T15:41:59.145+0100] {processor.py:161} INFO - Started process (PID=7418) to work on /home/ubuntu/.local/lib/python3.10/site-packages/airflow/example_dags/example_branch_operator_decorator.py
[2024-01-30T15:41:59.149+0100] {processor.py:830} INFO - Processing file /home/ubuntu/.local/lib/python3.10/site-packages/airflow/example_dags/example_branch_operator_decorator.py for tasks to queue
[2024-01-30T15:41:59.151+0100] {logging_mixin.py:188} INFO - [2024-01-30T15:41:59.150+0100] {dagbag.py:538} INFO - Filling up the DagBag from /home/ubuntu/.local/lib/python3.10/site-packages/airflow/example_dags/example_branch_operator_decorator.py
[2024-01-30T15:41:59.296+0100] {processor.py:840} INFO - DAG(s) 'example_branch_python_operator_decorator' retrieved from /home/ubuntu/.local/lib/python3.10/site-packages/airflow/example_dags/example_branch_operator_decorator.py
[2024-01-30T15:41:59.382+0100] {logging_mixin.py:188} INFO - [2024-01-30T15:41:59.382+0100] {dag.py:3033} INFO - Sync 1 DAGs
[2024-01-30T15:41:59.508+0100] {logging_mixin.py:188} INFO - [2024-01-30T15:41:59.508+0100] {dag.py:3820} INFO - Setting next_dagrun for example_branch_python_operator_decorator to 2024-01-29T00:00:00+00:00, run_after=2024-01-30T00:00:00+00:00
[2024-01-30T15:41:59.681+0100] {processor.py:183} INFO - Processing /home/ubuntu/.local/lib/python3.10/site-packages/airflow/example_dags/example_branch_operator_decorator.py took 0.551 seconds
[2024-01-30T15:43:04.109+0100] {processor.py:161} INFO - Started process (PID=7696) to work on /home/ubuntu/.local/lib/python3.10/site-packages/airflow/example_dags/example_branch_operator_decorator.py
[2024-01-30T15:43:04.111+0100] {processor.py:830} INFO - Processing file /home/ubuntu/.local/lib/python3.10/site-packages/airflow/example_dags/example_branch_operator_decorator.py for tasks to queue
[2024-01-30T15:43:04.112+0100] {logging_mixin.py:188} INFO - [2024-01-30T15:43:04.111+0100] {dagbag.py:538} INFO - Filling up the DagBag from /home/ubuntu/.local/lib/python3.10/site-packages/airflow/example_dags/example_branch_operator_decorator.py
[2024-01-30T15:43:04.133+0100] {processor.py:840} INFO - DAG(s) 'example_branch_python_operator_decorator' retrieved from /home/ubuntu/.local/lib/python3.10/site-packages/airflow/example_dags/example_branch_operator_decorator.py
[2024-01-30T15:43:04.160+0100] {logging_mixin.py:188} INFO - [2024-01-30T15:43:04.160+0100] {dag.py:3033} INFO - Sync 1 DAGs
[2024-01-30T15:43:04.183+0100] {logging_mixin.py:188} INFO - [2024-01-30T15:43:04.183+0100] {dag.py:3820} INFO - Setting next_dagrun for example_branch_python_operator_decorator to 2024-01-29T00:00:00+00:00, run_after=2024-01-30T00:00:00+00:00
[2024-01-30T15:43:04.216+0100] {processor.py:183} INFO - Processing /home/ubuntu/.local/lib/python3.10/site-packages/airflow/example_dags/example_branch_operator_decorator.py took 0.111 seconds
[2024-01-30T15:44:01.154+0100] {processor.py:161} INFO - Started process (PID=7995) to work on /home/ubuntu/.local/lib/python3.10/site-packages/airflow/example_dags/example_branch_operator_decorator.py
[2024-01-30T15:44:01.212+0100] {processor.py:830} INFO - Processing file /home/ubuntu/.local/lib/python3.10/site-packages/airflow/example_dags/example_branch_operator_decorator.py for tasks to queue
[2024-01-30T15:44:01.218+0100] {logging_mixin.py:188} INFO - [2024-01-30T15:44:01.216+0100] {dagbag.py:538} INFO - Filling up the DagBag from /home/ubuntu/.local/lib/python3.10/site-packages/airflow/example_dags/example_branch_operator_decorator.py
[2024-01-30T15:44:01.312+0100] {processor.py:840} INFO - DAG(s) 'example_branch_python_operator_decorator' retrieved from /home/ubuntu/.local/lib/python3.10/site-packages/airflow/example_dags/example_branch_operator_decorator.py
[2024-01-30T15:44:01.690+0100] {logging_mixin.py:188} INFO - [2024-01-30T15:44:01.689+0100] {dag.py:3033} INFO - Sync 1 DAGs
[2024-01-30T15:44:01.831+0100] {logging_mixin.py:188} INFO - [2024-01-30T15:44:01.831+0100] {dag.py:3820} INFO - Setting next_dagrun for example_branch_python_operator_decorator to 2024-01-29T00:00:00+00:00, run_after=2024-01-30T00:00:00+00:00
[2024-01-30T15:44:02.067+0100] {processor.py:183} INFO - Processing /home/ubuntu/.local/lib/python3.10/site-packages/airflow/example_dags/example_branch_operator_decorator.py took 0.940 seconds
[2024-01-30T15:45:07.739+0100] {processor.py:161} INFO - Started process (PID=8234) to work on /home/ubuntu/.local/lib/python3.10/site-packages/airflow/example_dags/example_branch_operator_decorator.py
[2024-01-30T15:45:07.742+0100] {processor.py:830} INFO - Processing file /home/ubuntu/.local/lib/python3.10/site-packages/airflow/example_dags/example_branch_operator_decorator.py for tasks to queue
[2024-01-30T15:45:07.743+0100] {logging_mixin.py:188} INFO - [2024-01-30T15:45:07.742+0100] {dagbag.py:538} INFO - Filling up the DagBag from /home/ubuntu/.local/lib/python3.10/site-packages/airflow/example_dags/example_branch_operator_decorator.py
[2024-01-30T15:45:07.764+0100] {processor.py:840} INFO - DAG(s) 'example_branch_python_operator_decorator' retrieved from /home/ubuntu/.local/lib/python3.10/site-packages/airflow/example_dags/example_branch_operator_decorator.py
[2024-01-30T15:45:07.789+0100] {logging_mixin.py:188} INFO - [2024-01-30T15:45:07.789+0100] {dag.py:3033} INFO - Sync 1 DAGs
[2024-01-30T15:45:07.813+0100] {logging_mixin.py:188} INFO - [2024-01-30T15:45:07.813+0100] {dag.py:3820} INFO - Setting next_dagrun for example_branch_python_operator_decorator to 2024-01-29T00:00:00+00:00, run_after=2024-01-30T00:00:00+00:00
[2024-01-30T15:45:07.848+0100] {processor.py:183} INFO - Processing /home/ubuntu/.local/lib/python3.10/site-packages/airflow/example_dags/example_branch_operator_decorator.py took 0.112 seconds
[2024-01-30T15:45:52.083+0100] {processor.py:161} INFO - Started process (PID=8286) to work on /home/ubuntu/.local/lib/python3.10/site-packages/airflow/example_dags/example_branch_operator_decorator.py
[2024-01-30T15:45:52.086+0100] {processor.py:830} INFO - Processing file /home/ubuntu/.local/lib/python3.10/site-packages/airflow/example_dags/example_branch_operator_decorator.py for tasks to queue
[2024-01-30T15:45:52.087+0100] {logging_mixin.py:188} INFO - [2024-01-30T15:45:52.086+0100] {dagbag.py:538} INFO - Filling up the DagBag from /home/ubuntu/.local/lib/python3.10/site-packages/airflow/example_dags/example_branch_operator_decorator.py
[2024-01-30T15:45:52.111+0100] {processor.py:840} INFO - DAG(s) 'example_branch_python_operator_decorator' retrieved from /home/ubuntu/.local/lib/python3.10/site-packages/airflow/example_dags/example_branch_operator_decorator.py
[2024-01-30T15:45:52.139+0100] {logging_mixin.py:188} INFO - [2024-01-30T15:45:52.138+0100] {dag.py:3033} INFO - Sync 1 DAGs
[2024-01-30T15:45:52.164+0100] {logging_mixin.py:188} INFO - [2024-01-30T15:45:52.164+0100] {dag.py:3820} INFO - Setting next_dagrun for example_branch_python_operator_decorator to 2024-01-29T00:00:00+00:00, run_after=2024-01-30T00:00:00+00:00
[2024-01-30T15:45:52.197+0100] {processor.py:183} INFO - Processing /home/ubuntu/.local/lib/python3.10/site-packages/airflow/example_dags/example_branch_operator_decorator.py took 0.118 seconds
[2024-01-30T15:46:45.619+0100] {processor.py:161} INFO - Started process (PID=8343) to work on /home/ubuntu/.local/lib/python3.10/site-packages/airflow/example_dags/example_branch_operator_decorator.py
[2024-01-30T15:46:45.621+0100] {processor.py:830} INFO - Processing file /home/ubuntu/.local/lib/python3.10/site-packages/airflow/example_dags/example_branch_operator_decorator.py for tasks to queue
[2024-01-30T15:46:45.622+0100] {logging_mixin.py:188} INFO - [2024-01-30T15:46:45.622+0100] {dagbag.py:538} INFO - Filling up the DagBag from /home/ubuntu/.local/lib/python3.10/site-packages/airflow/example_dags/example_branch_operator_decorator.py
[2024-01-30T15:46:45.649+0100] {processor.py:840} INFO - DAG(s) 'example_branch_python_operator_decorator' retrieved from /home/ubuntu/.local/lib/python3.10/site-packages/airflow/example_dags/example_branch_operator_decorator.py
[2024-01-30T15:46:45.674+0100] {logging_mixin.py:188} INFO - [2024-01-30T15:46:45.674+0100] {dag.py:3033} INFO - Sync 1 DAGs
[2024-01-30T15:46:45.697+0100] {logging_mixin.py:188} INFO - [2024-01-30T15:46:45.697+0100] {dag.py:3820} INFO - Setting next_dagrun for example_branch_python_operator_decorator to 2024-01-29T00:00:00+00:00, run_after=2024-01-30T00:00:00+00:00
[2024-01-30T15:46:45.731+0100] {processor.py:183} INFO - Processing /home/ubuntu/.local/lib/python3.10/site-packages/airflow/example_dags/example_branch_operator_decorator.py took 0.115 seconds
[2024-01-30T15:48:18.996+0100] {processor.py:161} INFO - Started process (PID=8574) to work on /home/ubuntu/.local/lib/python3.10/site-packages/airflow/example_dags/example_branch_operator_decorator.py
[2024-01-30T15:48:18.999+0100] {processor.py:830} INFO - Processing file /home/ubuntu/.local/lib/python3.10/site-packages/airflow/example_dags/example_branch_operator_decorator.py for tasks to queue
[2024-01-30T15:48:19.002+0100] {logging_mixin.py:188} INFO - [2024-01-30T15:48:19.001+0100] {dagbag.py:538} INFO - Filling up the DagBag from /home/ubuntu/.local/lib/python3.10/site-packages/airflow/example_dags/example_branch_operator_decorator.py
[2024-01-30T15:48:19.051+0100] {processor.py:840} INFO - DAG(s) 'example_branch_python_operator_decorator' retrieved from /home/ubuntu/.local/lib/python3.10/site-packages/airflow/example_dags/example_branch_operator_decorator.py
[2024-01-30T15:48:19.111+0100] {logging_mixin.py:188} INFO - [2024-01-30T15:48:19.111+0100] {dag.py:3033} INFO - Sync 1 DAGs
[2024-01-30T15:48:19.147+0100] {logging_mixin.py:188} INFO - [2024-01-30T15:48:19.147+0100] {dag.py:3820} INFO - Setting next_dagrun for example_branch_python_operator_decorator to 2024-01-29T00:00:00+00:00, run_after=2024-01-30T00:00:00+00:00
[2024-01-30T15:48:19.253+0100] {processor.py:183} INFO - Processing /home/ubuntu/.local/lib/python3.10/site-packages/airflow/example_dags/example_branch_operator_decorator.py took 0.271 seconds
[2024-01-30T15:53:03.701+0100] {processor.py:161} INFO - Started process (PID=9574) to work on /home/ubuntu/.local/lib/python3.10/site-packages/airflow/example_dags/example_branch_operator_decorator.py
[2024-01-30T15:53:03.743+0100] {processor.py:830} INFO - Processing file /home/ubuntu/.local/lib/python3.10/site-packages/airflow/example_dags/example_branch_operator_decorator.py for tasks to queue
[2024-01-30T15:53:03.746+0100] {logging_mixin.py:188} INFO - [2024-01-30T15:53:03.745+0100] {dagbag.py:538} INFO - Filling up the DagBag from /home/ubuntu/.local/lib/python3.10/site-packages/airflow/example_dags/example_branch_operator_decorator.py
[2024-01-30T15:53:03.844+0100] {processor.py:840} INFO - DAG(s) 'example_branch_python_operator_decorator' retrieved from /home/ubuntu/.local/lib/python3.10/site-packages/airflow/example_dags/example_branch_operator_decorator.py
[2024-01-30T15:53:03.880+0100] {logging_mixin.py:188} INFO - [2024-01-30T15:53:03.880+0100] {dag.py:3033} INFO - Sync 1 DAGs
[2024-01-30T15:53:03.969+0100] {logging_mixin.py:188} INFO - [2024-01-30T15:53:03.966+0100] {dag.py:3820} INFO - Setting next_dagrun for example_branch_python_operator_decorator to 2024-01-29T00:00:00+00:00, run_after=2024-01-30T00:00:00+00:00
[2024-01-30T15:53:04.406+0100] {processor.py:183} INFO - Processing /home/ubuntu/.local/lib/python3.10/site-packages/airflow/example_dags/example_branch_operator_decorator.py took 0.721 seconds
[2024-01-30T15:55:00.799+0100] {processor.py:161} INFO - Started process (PID=9833) to work on /home/ubuntu/.local/lib/python3.10/site-packages/airflow/example_dags/example_branch_operator_decorator.py
[2024-01-30T15:55:00.826+0100] {processor.py:830} INFO - Processing file /home/ubuntu/.local/lib/python3.10/site-packages/airflow/example_dags/example_branch_operator_decorator.py for tasks to queue
[2024-01-30T15:55:00.846+0100] {logging_mixin.py:188} INFO - [2024-01-30T15:55:00.833+0100] {dagbag.py:538} INFO - Filling up the DagBag from /home/ubuntu/.local/lib/python3.10/site-packages/airflow/example_dags/example_branch_operator_decorator.py
[2024-01-30T15:55:00.994+0100] {processor.py:840} INFO - DAG(s) 'example_branch_python_operator_decorator' retrieved from /home/ubuntu/.local/lib/python3.10/site-packages/airflow/example_dags/example_branch_operator_decorator.py
[2024-01-30T15:55:01.090+0100] {logging_mixin.py:188} INFO - [2024-01-30T15:55:01.089+0100] {dag.py:3033} INFO - Sync 1 DAGs
[2024-01-30T15:55:01.199+0100] {logging_mixin.py:188} INFO - [2024-01-30T15:55:01.199+0100] {dag.py:3820} INFO - Setting next_dagrun for example_branch_python_operator_decorator to 2024-01-29T00:00:00+00:00, run_after=2024-01-30T00:00:00+00:00
[2024-01-30T15:55:01.395+0100] {processor.py:183} INFO - Processing /home/ubuntu/.local/lib/python3.10/site-packages/airflow/example_dags/example_branch_operator_decorator.py took 0.604 seconds
[2024-01-30T15:57:05.030+0100] {processor.py:161} INFO - Started process (PID=9947) to work on /home/ubuntu/.local/lib/python3.10/site-packages/airflow/example_dags/example_branch_operator_decorator.py
[2024-01-30T15:57:05.052+0100] {processor.py:830} INFO - Processing file /home/ubuntu/.local/lib/python3.10/site-packages/airflow/example_dags/example_branch_operator_decorator.py for tasks to queue
[2024-01-30T15:57:05.054+0100] {logging_mixin.py:188} INFO - [2024-01-30T15:57:05.054+0100] {dagbag.py:538} INFO - Filling up the DagBag from /home/ubuntu/.local/lib/python3.10/site-packages/airflow/example_dags/example_branch_operator_decorator.py
[2024-01-30T15:57:05.241+0100] {processor.py:840} INFO - DAG(s) 'example_branch_python_operator_decorator' retrieved from /home/ubuntu/.local/lib/python3.10/site-packages/airflow/example_dags/example_branch_operator_decorator.py
[2024-01-30T15:57:05.512+0100] {logging_mixin.py:188} INFO - [2024-01-30T15:57:05.511+0100] {dag.py:3033} INFO - Sync 1 DAGs
[2024-01-30T15:57:05.674+0100] {logging_mixin.py:188} INFO - [2024-01-30T15:57:05.674+0100] {dag.py:3820} INFO - Setting next_dagrun for example_branch_python_operator_decorator to 2024-01-29T00:00:00+00:00, run_after=2024-01-30T00:00:00+00:00
[2024-01-30T15:57:06.013+0100] {processor.py:183} INFO - Processing /home/ubuntu/.local/lib/python3.10/site-packages/airflow/example_dags/example_branch_operator_decorator.py took 0.990 seconds
[2024-01-30T15:58:45.331+0100] {processor.py:161} INFO - Started process (PID=10057) to work on /home/ubuntu/.local/lib/python3.10/site-packages/airflow/example_dags/example_branch_operator_decorator.py
[2024-01-30T15:58:45.346+0100] {processor.py:830} INFO - Processing file /home/ubuntu/.local/lib/python3.10/site-packages/airflow/example_dags/example_branch_operator_decorator.py for tasks to queue
[2024-01-30T15:58:45.363+0100] {logging_mixin.py:188} INFO - [2024-01-30T15:58:45.363+0100] {dagbag.py:538} INFO - Filling up the DagBag from /home/ubuntu/.local/lib/python3.10/site-packages/airflow/example_dags/example_branch_operator_decorator.py
[2024-01-30T15:58:45.565+0100] {processor.py:840} INFO - DAG(s) 'example_branch_python_operator_decorator' retrieved from /home/ubuntu/.local/lib/python3.10/site-packages/airflow/example_dags/example_branch_operator_decorator.py
[2024-01-30T15:58:45.620+0100] {logging_mixin.py:188} INFO - [2024-01-30T15:58:45.619+0100] {dag.py:3033} INFO - Sync 1 DAGs
[2024-01-30T15:58:45.743+0100] {logging_mixin.py:188} INFO - [2024-01-30T15:58:45.743+0100] {dag.py:3820} INFO - Setting next_dagrun for example_branch_python_operator_decorator to 2024-01-29T00:00:00+00:00, run_after=2024-01-30T00:00:00+00:00
[2024-01-30T15:58:45.992+0100] {processor.py:183} INFO - Processing /home/ubuntu/.local/lib/python3.10/site-packages/airflow/example_dags/example_branch_operator_decorator.py took 0.668 seconds
[2024-01-30T16:00:21.367+0100] {processor.py:161} INFO - Started process (PID=10151) to work on /home/ubuntu/.local/lib/python3.10/site-packages/airflow/example_dags/example_branch_operator_decorator.py
[2024-01-30T16:00:21.380+0100] {processor.py:830} INFO - Processing file /home/ubuntu/.local/lib/python3.10/site-packages/airflow/example_dags/example_branch_operator_decorator.py for tasks to queue
[2024-01-30T16:00:21.382+0100] {logging_mixin.py:188} INFO - [2024-01-30T16:00:21.382+0100] {dagbag.py:538} INFO - Filling up the DagBag from /home/ubuntu/.local/lib/python3.10/site-packages/airflow/example_dags/example_branch_operator_decorator.py
[2024-01-30T16:00:21.402+0100] {processor.py:840} INFO - DAG(s) 'example_branch_python_operator_decorator' retrieved from /home/ubuntu/.local/lib/python3.10/site-packages/airflow/example_dags/example_branch_operator_decorator.py
[2024-01-30T16:00:21.424+0100] {logging_mixin.py:188} INFO - [2024-01-30T16:00:21.424+0100] {dag.py:3033} INFO - Sync 1 DAGs
[2024-01-30T16:00:21.453+0100] {logging_mixin.py:188} INFO - [2024-01-30T16:00:21.453+0100] {dag.py:3820} INFO - Setting next_dagrun for example_branch_python_operator_decorator to 2024-01-29T00:00:00+00:00, run_after=2024-01-30T00:00:00+00:00
[2024-01-30T16:00:21.487+0100] {processor.py:183} INFO - Processing /home/ubuntu/.local/lib/python3.10/site-packages/airflow/example_dags/example_branch_operator_decorator.py took 0.124 seconds
[2024-01-30T16:01:18.418+0100] {processor.py:161} INFO - Started process (PID=10209) to work on /home/ubuntu/.local/lib/python3.10/site-packages/airflow/example_dags/example_branch_operator_decorator.py
[2024-01-30T16:01:18.432+0100] {processor.py:830} INFO - Processing file /home/ubuntu/.local/lib/python3.10/site-packages/airflow/example_dags/example_branch_operator_decorator.py for tasks to queue
[2024-01-30T16:01:18.435+0100] {logging_mixin.py:188} INFO - [2024-01-30T16:01:18.433+0100] {dagbag.py:538} INFO - Filling up the DagBag from /home/ubuntu/.local/lib/python3.10/site-packages/airflow/example_dags/example_branch_operator_decorator.py
[2024-01-30T16:01:18.464+0100] {processor.py:840} INFO - DAG(s) 'example_branch_python_operator_decorator' retrieved from /home/ubuntu/.local/lib/python3.10/site-packages/airflow/example_dags/example_branch_operator_decorator.py
[2024-01-30T16:01:18.505+0100] {logging_mixin.py:188} INFO - [2024-01-30T16:01:18.505+0100] {dag.py:3033} INFO - Sync 1 DAGs
[2024-01-30T16:01:18.547+0100] {logging_mixin.py:188} INFO - [2024-01-30T16:01:18.546+0100] {dag.py:3820} INFO - Setting next_dagrun for example_branch_python_operator_decorator to 2024-01-29T00:00:00+00:00, run_after=2024-01-30T00:00:00+00:00
[2024-01-30T16:01:18.592+0100] {processor.py:183} INFO - Processing /home/ubuntu/.local/lib/python3.10/site-packages/airflow/example_dags/example_branch_operator_decorator.py took 0.178 seconds
[2024-01-30T16:02:24.576+0100] {processor.py:161} INFO - Started process (PID=10282) to work on /home/ubuntu/.local/lib/python3.10/site-packages/airflow/example_dags/example_branch_operator_decorator.py
[2024-01-30T16:02:24.621+0100] {processor.py:830} INFO - Processing file /home/ubuntu/.local/lib/python3.10/site-packages/airflow/example_dags/example_branch_operator_decorator.py for tasks to queue
[2024-01-30T16:02:24.624+0100] {logging_mixin.py:188} INFO - [2024-01-30T16:02:24.623+0100] {dagbag.py:538} INFO - Filling up the DagBag from /home/ubuntu/.local/lib/python3.10/site-packages/airflow/example_dags/example_branch_operator_decorator.py
[2024-01-30T16:02:24.754+0100] {processor.py:840} INFO - DAG(s) 'example_branch_python_operator_decorator' retrieved from /home/ubuntu/.local/lib/python3.10/site-packages/airflow/example_dags/example_branch_operator_decorator.py
[2024-01-30T16:02:24.834+0100] {logging_mixin.py:188} INFO - [2024-01-30T16:02:24.833+0100] {dag.py:3033} INFO - Sync 1 DAGs
[2024-01-30T16:02:24.954+0100] {logging_mixin.py:188} INFO - [2024-01-30T16:02:24.954+0100] {dag.py:3820} INFO - Setting next_dagrun for example_branch_python_operator_decorator to 2024-01-29T00:00:00+00:00, run_after=2024-01-30T00:00:00+00:00
[2024-01-30T16:02:25.074+0100] {processor.py:183} INFO - Processing /home/ubuntu/.local/lib/python3.10/site-packages/airflow/example_dags/example_branch_operator_decorator.py took 0.518 seconds
[2024-01-30T16:04:05.377+0100] {processor.py:161} INFO - Started process (PID=10391) to work on /home/ubuntu/.local/lib/python3.10/site-packages/airflow/example_dags/example_branch_operator_decorator.py
[2024-01-30T16:04:05.380+0100] {processor.py:830} INFO - Processing file /home/ubuntu/.local/lib/python3.10/site-packages/airflow/example_dags/example_branch_operator_decorator.py for tasks to queue
[2024-01-30T16:04:05.382+0100] {logging_mixin.py:188} INFO - [2024-01-30T16:04:05.381+0100] {dagbag.py:538} INFO - Filling up the DagBag from /home/ubuntu/.local/lib/python3.10/site-packages/airflow/example_dags/example_branch_operator_decorator.py
[2024-01-30T16:04:05.501+0100] {processor.py:840} INFO - DAG(s) 'example_branch_python_operator_decorator' retrieved from /home/ubuntu/.local/lib/python3.10/site-packages/airflow/example_dags/example_branch_operator_decorator.py
[2024-01-30T16:04:05.943+0100] {logging_mixin.py:188} INFO - [2024-01-30T16:04:05.943+0100] {dag.py:3033} INFO - Sync 1 DAGs
[2024-01-30T16:04:06.211+0100] {logging_mixin.py:188} INFO - [2024-01-30T16:04:06.211+0100] {dag.py:3820} INFO - Setting next_dagrun for example_branch_python_operator_decorator to 2024-01-29T00:00:00+00:00, run_after=2024-01-30T00:00:00+00:00
[2024-01-30T16:04:06.774+0100] {processor.py:183} INFO - Processing /home/ubuntu/.local/lib/python3.10/site-packages/airflow/example_dags/example_branch_operator_decorator.py took 1.416 seconds
[2024-01-30T16:05:47.600+0100] {processor.py:161} INFO - Started process (PID=10481) to work on /home/ubuntu/.local/lib/python3.10/site-packages/airflow/example_dags/example_branch_operator_decorator.py
[2024-01-30T16:05:47.607+0100] {processor.py:830} INFO - Processing file /home/ubuntu/.local/lib/python3.10/site-packages/airflow/example_dags/example_branch_operator_decorator.py for tasks to queue
[2024-01-30T16:05:47.610+0100] {logging_mixin.py:188} INFO - [2024-01-30T16:05:47.609+0100] {dagbag.py:538} INFO - Filling up the DagBag from /home/ubuntu/.local/lib/python3.10/site-packages/airflow/example_dags/example_branch_operator_decorator.py
[2024-01-30T16:05:47.786+0100] {processor.py:840} INFO - DAG(s) 'example_branch_python_operator_decorator' retrieved from /home/ubuntu/.local/lib/python3.10/site-packages/airflow/example_dags/example_branch_operator_decorator.py
[2024-01-30T16:05:47.891+0100] {logging_mixin.py:188} INFO - [2024-01-30T16:05:47.887+0100] {dag.py:3033} INFO - Sync 1 DAGs
[2024-01-30T16:05:47.971+0100] {logging_mixin.py:188} INFO - [2024-01-30T16:05:47.971+0100] {dag.py:3820} INFO - Setting next_dagrun for example_branch_python_operator_decorator to 2024-01-29T00:00:00+00:00, run_after=2024-01-30T00:00:00+00:00
[2024-01-30T16:05:48.271+0100] {processor.py:183} INFO - Processing /home/ubuntu/.local/lib/python3.10/site-packages/airflow/example_dags/example_branch_operator_decorator.py took 0.679 seconds
