[2024-01-30T15:29:49.394+0100] {processor.py:161} INFO - Started process (PID=6585) to work on /home/ubuntu/.local/lib/python3.10/site-packages/airflow/example_dags/example_trigger_target_dag.py
[2024-01-30T15:29:49.428+0100] {processor.py:830} INFO - Processing file /home/ubuntu/.local/lib/python3.10/site-packages/airflow/example_dags/example_trigger_target_dag.py for tasks to queue
[2024-01-30T15:29:49.446+0100] {logging_mixin.py:188} INFO - [2024-01-30T15:29:49.438+0100] {dagbag.py:538} INFO - Filling up the DagBag from /home/ubuntu/.local/lib/python3.10/site-packages/airflow/example_dags/example_trigger_target_dag.py
[2024-01-30T15:29:50.004+0100] {processor.py:840} INFO - DAG(s) 'example_trigger_target_dag' retrieved from /home/ubuntu/.local/lib/python3.10/site-packages/airflow/example_dags/example_trigger_target_dag.py
[2024-01-30T15:29:50.184+0100] {logging_mixin.py:188} INFO - [2024-01-30T15:29:50.183+0100] {dag.py:3033} INFO - Sync 1 DAGs
[2024-01-30T15:29:50.329+0100] {logging_mixin.py:188} INFO - [2024-01-30T15:29:50.328+0100] {dag.py:3820} INFO - Setting next_dagrun for example_trigger_target_dag to None, run_after=None
[2024-01-30T15:29:50.517+0100] {processor.py:183} INFO - Processing /home/ubuntu/.local/lib/python3.10/site-packages/airflow/example_dags/example_trigger_target_dag.py took 1.247 seconds
[2024-01-30T15:30:54.634+0100] {processor.py:161} INFO - Started process (PID=6647) to work on /home/ubuntu/.local/lib/python3.10/site-packages/airflow/example_dags/example_trigger_target_dag.py
[2024-01-30T15:30:54.636+0100] {processor.py:830} INFO - Processing file /home/ubuntu/.local/lib/python3.10/site-packages/airflow/example_dags/example_trigger_target_dag.py for tasks to queue
[2024-01-30T15:30:54.637+0100] {logging_mixin.py:188} INFO - [2024-01-30T15:30:54.637+0100] {dagbag.py:538} INFO - Filling up the DagBag from /home/ubuntu/.local/lib/python3.10/site-packages/airflow/example_dags/example_trigger_target_dag.py
[2024-01-30T15:30:54.644+0100] {processor.py:840} INFO - DAG(s) 'example_trigger_target_dag' retrieved from /home/ubuntu/.local/lib/python3.10/site-packages/airflow/example_dags/example_trigger_target_dag.py
[2024-01-30T15:30:54.769+0100] {logging_mixin.py:188} INFO - [2024-01-30T15:30:54.769+0100] {dag.py:3033} INFO - Sync 1 DAGs
[2024-01-30T15:30:54.789+0100] {logging_mixin.py:188} INFO - [2024-01-30T15:30:54.789+0100] {dag.py:3820} INFO - Setting next_dagrun for example_trigger_target_dag to None, run_after=None
[2024-01-30T15:30:54.838+0100] {processor.py:183} INFO - Processing /home/ubuntu/.local/lib/python3.10/site-packages/airflow/example_dags/example_trigger_target_dag.py took 0.207 seconds
[2024-01-30T15:31:47.918+0100] {processor.py:161} INFO - Started process (PID=6705) to work on /home/ubuntu/.local/lib/python3.10/site-packages/airflow/example_dags/example_trigger_target_dag.py
[2024-01-30T15:31:47.921+0100] {processor.py:830} INFO - Processing file /home/ubuntu/.local/lib/python3.10/site-packages/airflow/example_dags/example_trigger_target_dag.py for tasks to queue
[2024-01-30T15:31:47.923+0100] {logging_mixin.py:188} INFO - [2024-01-30T15:31:47.922+0100] {dagbag.py:538} INFO - Filling up the DagBag from /home/ubuntu/.local/lib/python3.10/site-packages/airflow/example_dags/example_trigger_target_dag.py
[2024-01-30T15:31:47.931+0100] {processor.py:840} INFO - DAG(s) 'example_trigger_target_dag' retrieved from /home/ubuntu/.local/lib/python3.10/site-packages/airflow/example_dags/example_trigger_target_dag.py
[2024-01-30T15:31:47.952+0100] {logging_mixin.py:188} INFO - [2024-01-30T15:31:47.952+0100] {dag.py:3033} INFO - Sync 1 DAGs
[2024-01-30T15:31:47.966+0100] {logging_mixin.py:188} INFO - [2024-01-30T15:31:47.965+0100] {dag.py:3820} INFO - Setting next_dagrun for example_trigger_target_dag to None, run_after=None
[2024-01-30T15:31:47.997+0100] {processor.py:183} INFO - Processing /home/ubuntu/.local/lib/python3.10/site-packages/airflow/example_dags/example_trigger_target_dag.py took 0.084 seconds
[2024-01-30T15:32:52.438+0100] {processor.py:161} INFO - Started process (PID=6772) to work on /home/ubuntu/.local/lib/python3.10/site-packages/airflow/example_dags/example_trigger_target_dag.py
[2024-01-30T15:32:52.440+0100] {processor.py:830} INFO - Processing file /home/ubuntu/.local/lib/python3.10/site-packages/airflow/example_dags/example_trigger_target_dag.py for tasks to queue
[2024-01-30T15:32:52.442+0100] {logging_mixin.py:188} INFO - [2024-01-30T15:32:52.441+0100] {dagbag.py:538} INFO - Filling up the DagBag from /home/ubuntu/.local/lib/python3.10/site-packages/airflow/example_dags/example_trigger_target_dag.py
[2024-01-30T15:32:52.450+0100] {processor.py:840} INFO - DAG(s) 'example_trigger_target_dag' retrieved from /home/ubuntu/.local/lib/python3.10/site-packages/airflow/example_dags/example_trigger_target_dag.py
[2024-01-30T15:32:52.469+0100] {logging_mixin.py:188} INFO - [2024-01-30T15:32:52.469+0100] {dag.py:3033} INFO - Sync 1 DAGs
[2024-01-30T15:32:52.484+0100] {logging_mixin.py:188} INFO - [2024-01-30T15:32:52.483+0100] {dag.py:3820} INFO - Setting next_dagrun for example_trigger_target_dag to None, run_after=None
[2024-01-30T15:32:52.580+0100] {processor.py:183} INFO - Processing /home/ubuntu/.local/lib/python3.10/site-packages/airflow/example_dags/example_trigger_target_dag.py took 0.145 seconds
[2024-01-30T15:33:35.937+0100] {processor.py:161} INFO - Started process (PID=6817) to work on /home/ubuntu/.local/lib/python3.10/site-packages/airflow/example_dags/example_trigger_target_dag.py
[2024-01-30T15:33:35.939+0100] {processor.py:830} INFO - Processing file /home/ubuntu/.local/lib/python3.10/site-packages/airflow/example_dags/example_trigger_target_dag.py for tasks to queue
[2024-01-30T15:33:35.941+0100] {logging_mixin.py:188} INFO - [2024-01-30T15:33:35.940+0100] {dagbag.py:538} INFO - Filling up the DagBag from /home/ubuntu/.local/lib/python3.10/site-packages/airflow/example_dags/example_trigger_target_dag.py
[2024-01-30T15:33:35.948+0100] {processor.py:840} INFO - DAG(s) 'example_trigger_target_dag' retrieved from /home/ubuntu/.local/lib/python3.10/site-packages/airflow/example_dags/example_trigger_target_dag.py
[2024-01-30T15:33:35.968+0100] {logging_mixin.py:188} INFO - [2024-01-30T15:33:35.968+0100] {dag.py:3033} INFO - Sync 1 DAGs
[2024-01-30T15:33:35.979+0100] {logging_mixin.py:188} INFO - [2024-01-30T15:33:35.978+0100] {dag.py:3820} INFO - Setting next_dagrun for example_trigger_target_dag to None, run_after=None
[2024-01-30T15:33:36.010+0100] {processor.py:183} INFO - Processing /home/ubuntu/.local/lib/python3.10/site-packages/airflow/example_dags/example_trigger_target_dag.py took 0.077 seconds
[2024-01-30T15:34:34.066+0100] {processor.py:161} INFO - Started process (PID=6876) to work on /home/ubuntu/.local/lib/python3.10/site-packages/airflow/example_dags/example_trigger_target_dag.py
[2024-01-30T15:34:34.067+0100] {processor.py:830} INFO - Processing file /home/ubuntu/.local/lib/python3.10/site-packages/airflow/example_dags/example_trigger_target_dag.py for tasks to queue
[2024-01-30T15:34:34.069+0100] {logging_mixin.py:188} INFO - [2024-01-30T15:34:34.068+0100] {dagbag.py:538} INFO - Filling up the DagBag from /home/ubuntu/.local/lib/python3.10/site-packages/airflow/example_dags/example_trigger_target_dag.py
[2024-01-30T15:34:34.076+0100] {processor.py:840} INFO - DAG(s) 'example_trigger_target_dag' retrieved from /home/ubuntu/.local/lib/python3.10/site-packages/airflow/example_dags/example_trigger_target_dag.py
[2024-01-30T15:34:34.098+0100] {logging_mixin.py:188} INFO - [2024-01-30T15:34:34.098+0100] {dag.py:3033} INFO - Sync 1 DAGs
[2024-01-30T15:34:34.111+0100] {logging_mixin.py:188} INFO - [2024-01-30T15:34:34.111+0100] {dag.py:3820} INFO - Setting next_dagrun for example_trigger_target_dag to None, run_after=None
[2024-01-30T15:34:34.142+0100] {processor.py:183} INFO - Processing /home/ubuntu/.local/lib/python3.10/site-packages/airflow/example_dags/example_trigger_target_dag.py took 0.080 seconds
[2024-01-30T15:35:25.679+0100] {processor.py:161} INFO - Started process (PID=6931) to work on /home/ubuntu/.local/lib/python3.10/site-packages/airflow/example_dags/example_trigger_target_dag.py
[2024-01-30T15:35:25.681+0100] {processor.py:830} INFO - Processing file /home/ubuntu/.local/lib/python3.10/site-packages/airflow/example_dags/example_trigger_target_dag.py for tasks to queue
[2024-01-30T15:35:25.682+0100] {logging_mixin.py:188} INFO - [2024-01-30T15:35:25.682+0100] {dagbag.py:538} INFO - Filling up the DagBag from /home/ubuntu/.local/lib/python3.10/site-packages/airflow/example_dags/example_trigger_target_dag.py
[2024-01-30T15:35:25.688+0100] {processor.py:840} INFO - DAG(s) 'example_trigger_target_dag' retrieved from /home/ubuntu/.local/lib/python3.10/site-packages/airflow/example_dags/example_trigger_target_dag.py
[2024-01-30T15:35:25.706+0100] {logging_mixin.py:188} INFO - [2024-01-30T15:35:25.705+0100] {dag.py:3033} INFO - Sync 1 DAGs
[2024-01-30T15:35:25.722+0100] {logging_mixin.py:188} INFO - [2024-01-30T15:35:25.722+0100] {dag.py:3820} INFO - Setting next_dagrun for example_trigger_target_dag to None, run_after=None
[2024-01-30T15:35:25.754+0100] {processor.py:183} INFO - Processing /home/ubuntu/.local/lib/python3.10/site-packages/airflow/example_dags/example_trigger_target_dag.py took 0.078 seconds
[2024-01-30T15:36:13.596+0100] {processor.py:161} INFO - Started process (PID=6981) to work on /home/ubuntu/.local/lib/python3.10/site-packages/airflow/example_dags/example_trigger_target_dag.py
[2024-01-30T15:36:13.599+0100] {processor.py:830} INFO - Processing file /home/ubuntu/.local/lib/python3.10/site-packages/airflow/example_dags/example_trigger_target_dag.py for tasks to queue
[2024-01-30T15:36:13.601+0100] {logging_mixin.py:188} INFO - [2024-01-30T15:36:13.601+0100] {dagbag.py:538} INFO - Filling up the DagBag from /home/ubuntu/.local/lib/python3.10/site-packages/airflow/example_dags/example_trigger_target_dag.py
[2024-01-30T15:36:13.612+0100] {processor.py:840} INFO - DAG(s) 'example_trigger_target_dag' retrieved from /home/ubuntu/.local/lib/python3.10/site-packages/airflow/example_dags/example_trigger_target_dag.py
[2024-01-30T15:36:13.687+0100] {logging_mixin.py:188} INFO - [2024-01-30T15:36:13.687+0100] {dag.py:3033} INFO - Sync 1 DAGs
[2024-01-30T15:36:13.729+0100] {logging_mixin.py:188} INFO - [2024-01-30T15:36:13.729+0100] {dag.py:3820} INFO - Setting next_dagrun for example_trigger_target_dag to None, run_after=None
[2024-01-30T15:36:13.769+0100] {processor.py:183} INFO - Processing /home/ubuntu/.local/lib/python3.10/site-packages/airflow/example_dags/example_trigger_target_dag.py took 0.177 seconds
[2024-01-30T15:37:09.170+0100] {processor.py:161} INFO - Started process (PID=7037) to work on /home/ubuntu/.local/lib/python3.10/site-packages/airflow/example_dags/example_trigger_target_dag.py
[2024-01-30T15:37:09.174+0100] {processor.py:830} INFO - Processing file /home/ubuntu/.local/lib/python3.10/site-packages/airflow/example_dags/example_trigger_target_dag.py for tasks to queue
[2024-01-30T15:37:09.175+0100] {logging_mixin.py:188} INFO - [2024-01-30T15:37:09.175+0100] {dagbag.py:538} INFO - Filling up the DagBag from /home/ubuntu/.local/lib/python3.10/site-packages/airflow/example_dags/example_trigger_target_dag.py
[2024-01-30T15:37:09.184+0100] {processor.py:840} INFO - DAG(s) 'example_trigger_target_dag' retrieved from /home/ubuntu/.local/lib/python3.10/site-packages/airflow/example_dags/example_trigger_target_dag.py
[2024-01-30T15:37:09.204+0100] {logging_mixin.py:188} INFO - [2024-01-30T15:37:09.204+0100] {dag.py:3033} INFO - Sync 1 DAGs
[2024-01-30T15:37:09.222+0100] {logging_mixin.py:188} INFO - [2024-01-30T15:37:09.222+0100] {dag.py:3820} INFO - Setting next_dagrun for example_trigger_target_dag to None, run_after=None
[2024-01-30T15:37:09.259+0100] {processor.py:183} INFO - Processing /home/ubuntu/.local/lib/python3.10/site-packages/airflow/example_dags/example_trigger_target_dag.py took 0.093 seconds
[2024-01-30T15:38:00.808+0100] {processor.py:161} INFO - Started process (PID=7094) to work on /home/ubuntu/.local/lib/python3.10/site-packages/airflow/example_dags/example_trigger_target_dag.py
[2024-01-30T15:38:00.811+0100] {processor.py:830} INFO - Processing file /home/ubuntu/.local/lib/python3.10/site-packages/airflow/example_dags/example_trigger_target_dag.py for tasks to queue
[2024-01-30T15:38:00.813+0100] {logging_mixin.py:188} INFO - [2024-01-30T15:38:00.812+0100] {dagbag.py:538} INFO - Filling up the DagBag from /home/ubuntu/.local/lib/python3.10/site-packages/airflow/example_dags/example_trigger_target_dag.py
[2024-01-30T15:38:00.823+0100] {processor.py:840} INFO - DAG(s) 'example_trigger_target_dag' retrieved from /home/ubuntu/.local/lib/python3.10/site-packages/airflow/example_dags/example_trigger_target_dag.py
[2024-01-30T15:38:00.849+0100] {logging_mixin.py:188} INFO - [2024-01-30T15:38:00.849+0100] {dag.py:3033} INFO - Sync 1 DAGs
[2024-01-30T15:38:00.866+0100] {logging_mixin.py:188} INFO - [2024-01-30T15:38:00.866+0100] {dag.py:3820} INFO - Setting next_dagrun for example_trigger_target_dag to None, run_after=None
[2024-01-30T15:38:00.938+0100] {processor.py:183} INFO - Processing /home/ubuntu/.local/lib/python3.10/site-packages/airflow/example_dags/example_trigger_target_dag.py took 0.137 seconds
[2024-01-30T15:38:54.895+0100] {processor.py:161} INFO - Started process (PID=7227) to work on /home/ubuntu/.local/lib/python3.10/site-packages/airflow/example_dags/example_trigger_target_dag.py
[2024-01-30T15:38:54.897+0100] {processor.py:830} INFO - Processing file /home/ubuntu/.local/lib/python3.10/site-packages/airflow/example_dags/example_trigger_target_dag.py for tasks to queue
[2024-01-30T15:38:54.898+0100] {logging_mixin.py:188} INFO - [2024-01-30T15:38:54.898+0100] {dagbag.py:538} INFO - Filling up the DagBag from /home/ubuntu/.local/lib/python3.10/site-packages/airflow/example_dags/example_trigger_target_dag.py
[2024-01-30T15:38:54.907+0100] {processor.py:840} INFO - DAG(s) 'example_trigger_target_dag' retrieved from /home/ubuntu/.local/lib/python3.10/site-packages/airflow/example_dags/example_trigger_target_dag.py
[2024-01-30T15:38:54.923+0100] {logging_mixin.py:188} INFO - [2024-01-30T15:38:54.923+0100] {dag.py:3033} INFO - Sync 1 DAGs
[2024-01-30T15:38:54.937+0100] {logging_mixin.py:188} INFO - [2024-01-30T15:38:54.937+0100] {dag.py:3820} INFO - Setting next_dagrun for example_trigger_target_dag to None, run_after=None
[2024-01-30T15:38:54.982+0100] {processor.py:183} INFO - Processing /home/ubuntu/.local/lib/python3.10/site-packages/airflow/example_dags/example_trigger_target_dag.py took 0.091 seconds
[2024-01-30T15:39:52.832+0100] {processor.py:161} INFO - Started process (PID=7295) to work on /home/ubuntu/.local/lib/python3.10/site-packages/airflow/example_dags/example_trigger_target_dag.py
[2024-01-30T15:39:52.835+0100] {processor.py:830} INFO - Processing file /home/ubuntu/.local/lib/python3.10/site-packages/airflow/example_dags/example_trigger_target_dag.py for tasks to queue
[2024-01-30T15:39:52.837+0100] {logging_mixin.py:188} INFO - [2024-01-30T15:39:52.836+0100] {dagbag.py:538} INFO - Filling up the DagBag from /home/ubuntu/.local/lib/python3.10/site-packages/airflow/example_dags/example_trigger_target_dag.py
[2024-01-30T15:39:52.847+0100] {processor.py:840} INFO - DAG(s) 'example_trigger_target_dag' retrieved from /home/ubuntu/.local/lib/python3.10/site-packages/airflow/example_dags/example_trigger_target_dag.py
[2024-01-30T15:39:52.864+0100] {logging_mixin.py:188} INFO - [2024-01-30T15:39:52.864+0100] {dag.py:3033} INFO - Sync 1 DAGs
[2024-01-30T15:39:52.878+0100] {logging_mixin.py:188} INFO - [2024-01-30T15:39:52.878+0100] {dag.py:3820} INFO - Setting next_dagrun for example_trigger_target_dag to None, run_after=None
[2024-01-30T15:39:52.911+0100] {processor.py:183} INFO - Processing /home/ubuntu/.local/lib/python3.10/site-packages/airflow/example_dags/example_trigger_target_dag.py took 0.083 seconds
[2024-01-30T15:40:47.603+0100] {processor.py:161} INFO - Started process (PID=7348) to work on /home/ubuntu/.local/lib/python3.10/site-packages/airflow/example_dags/example_trigger_target_dag.py
[2024-01-30T15:40:47.605+0100] {processor.py:830} INFO - Processing file /home/ubuntu/.local/lib/python3.10/site-packages/airflow/example_dags/example_trigger_target_dag.py for tasks to queue
[2024-01-30T15:40:47.606+0100] {logging_mixin.py:188} INFO - [2024-01-30T15:40:47.606+0100] {dagbag.py:538} INFO - Filling up the DagBag from /home/ubuntu/.local/lib/python3.10/site-packages/airflow/example_dags/example_trigger_target_dag.py
[2024-01-30T15:40:47.614+0100] {processor.py:840} INFO - DAG(s) 'example_trigger_target_dag' retrieved from /home/ubuntu/.local/lib/python3.10/site-packages/airflow/example_dags/example_trigger_target_dag.py
[2024-01-30T15:40:47.633+0100] {logging_mixin.py:188} INFO - [2024-01-30T15:40:47.633+0100] {dag.py:3033} INFO - Sync 1 DAGs
[2024-01-30T15:40:47.646+0100] {logging_mixin.py:188} INFO - [2024-01-30T15:40:47.645+0100] {dag.py:3820} INFO - Setting next_dagrun for example_trigger_target_dag to None, run_after=None
[2024-01-30T15:40:47.687+0100] {processor.py:183} INFO - Processing /home/ubuntu/.local/lib/python3.10/site-packages/airflow/example_dags/example_trigger_target_dag.py took 0.088 seconds
[2024-01-30T15:41:28.627+0100] {processor.py:161} INFO - Started process (PID=7387) to work on /home/ubuntu/.local/lib/python3.10/site-packages/airflow/example_dags/example_trigger_target_dag.py
[2024-01-30T15:41:28.632+0100] {processor.py:830} INFO - Processing file /home/ubuntu/.local/lib/python3.10/site-packages/airflow/example_dags/example_trigger_target_dag.py for tasks to queue
[2024-01-30T15:41:28.633+0100] {logging_mixin.py:188} INFO - [2024-01-30T15:41:28.633+0100] {dagbag.py:538} INFO - Filling up the DagBag from /home/ubuntu/.local/lib/python3.10/site-packages/airflow/example_dags/example_trigger_target_dag.py
[2024-01-30T15:41:28.642+0100] {processor.py:840} INFO - DAG(s) 'example_trigger_target_dag' retrieved from /home/ubuntu/.local/lib/python3.10/site-packages/airflow/example_dags/example_trigger_target_dag.py
[2024-01-30T15:41:28.661+0100] {logging_mixin.py:188} INFO - [2024-01-30T15:41:28.660+0100] {dag.py:3033} INFO - Sync 1 DAGs
[2024-01-30T15:41:28.683+0100] {logging_mixin.py:188} INFO - [2024-01-30T15:41:28.682+0100] {dag.py:3820} INFO - Setting next_dagrun for example_trigger_target_dag to None, run_after=None
[2024-01-30T15:41:28.735+0100] {processor.py:183} INFO - Processing /home/ubuntu/.local/lib/python3.10/site-packages/airflow/example_dags/example_trigger_target_dag.py took 0.112 seconds
[2024-01-30T15:42:30.565+0100] {processor.py:161} INFO - Started process (PID=7550) to work on /home/ubuntu/.local/lib/python3.10/site-packages/airflow/example_dags/example_trigger_target_dag.py
[2024-01-30T15:42:30.567+0100] {processor.py:830} INFO - Processing file /home/ubuntu/.local/lib/python3.10/site-packages/airflow/example_dags/example_trigger_target_dag.py for tasks to queue
[2024-01-30T15:42:30.568+0100] {logging_mixin.py:188} INFO - [2024-01-30T15:42:30.567+0100] {dagbag.py:538} INFO - Filling up the DagBag from /home/ubuntu/.local/lib/python3.10/site-packages/airflow/example_dags/example_trigger_target_dag.py
[2024-01-30T15:42:30.577+0100] {processor.py:840} INFO - DAG(s) 'example_trigger_target_dag' retrieved from /home/ubuntu/.local/lib/python3.10/site-packages/airflow/example_dags/example_trigger_target_dag.py
[2024-01-30T15:42:30.595+0100] {logging_mixin.py:188} INFO - [2024-01-30T15:42:30.595+0100] {dag.py:3033} INFO - Sync 1 DAGs
[2024-01-30T15:42:30.608+0100] {logging_mixin.py:188} INFO - [2024-01-30T15:42:30.607+0100] {dag.py:3820} INFO - Setting next_dagrun for example_trigger_target_dag to None, run_after=None
[2024-01-30T15:42:30.644+0100] {processor.py:183} INFO - Processing /home/ubuntu/.local/lib/python3.10/site-packages/airflow/example_dags/example_trigger_target_dag.py took 0.083 seconds
[2024-01-30T15:43:28.710+0100] {processor.py:161} INFO - Started process (PID=7819) to work on /home/ubuntu/.local/lib/python3.10/site-packages/airflow/example_dags/example_trigger_target_dag.py
[2024-01-30T15:43:28.713+0100] {processor.py:830} INFO - Processing file /home/ubuntu/.local/lib/python3.10/site-packages/airflow/example_dags/example_trigger_target_dag.py for tasks to queue
[2024-01-30T15:43:28.715+0100] {logging_mixin.py:188} INFO - [2024-01-30T15:43:28.715+0100] {dagbag.py:538} INFO - Filling up the DagBag from /home/ubuntu/.local/lib/python3.10/site-packages/airflow/example_dags/example_trigger_target_dag.py
[2024-01-30T15:43:28.722+0100] {processor.py:840} INFO - DAG(s) 'example_trigger_target_dag' retrieved from /home/ubuntu/.local/lib/python3.10/site-packages/airflow/example_dags/example_trigger_target_dag.py
[2024-01-30T15:43:28.739+0100] {logging_mixin.py:188} INFO - [2024-01-30T15:43:28.738+0100] {dag.py:3033} INFO - Sync 1 DAGs
[2024-01-30T15:43:28.752+0100] {logging_mixin.py:188} INFO - [2024-01-30T15:43:28.752+0100] {dag.py:3820} INFO - Setting next_dagrun for example_trigger_target_dag to None, run_after=None
[2024-01-30T15:43:28.796+0100] {processor.py:183} INFO - Processing /home/ubuntu/.local/lib/python3.10/site-packages/airflow/example_dags/example_trigger_target_dag.py took 0.089 seconds
[2024-01-30T15:44:33.102+0100] {processor.py:161} INFO - Started process (PID=8088) to work on /home/ubuntu/.local/lib/python3.10/site-packages/airflow/example_dags/example_trigger_target_dag.py
[2024-01-30T15:44:33.106+0100] {processor.py:830} INFO - Processing file /home/ubuntu/.local/lib/python3.10/site-packages/airflow/example_dags/example_trigger_target_dag.py for tasks to queue
[2024-01-30T15:44:33.107+0100] {logging_mixin.py:188} INFO - [2024-01-30T15:44:33.106+0100] {dagbag.py:538} INFO - Filling up the DagBag from /home/ubuntu/.local/lib/python3.10/site-packages/airflow/example_dags/example_trigger_target_dag.py
[2024-01-30T15:44:33.117+0100] {processor.py:840} INFO - DAG(s) 'example_trigger_target_dag' retrieved from /home/ubuntu/.local/lib/python3.10/site-packages/airflow/example_dags/example_trigger_target_dag.py
[2024-01-30T15:44:33.137+0100] {logging_mixin.py:188} INFO - [2024-01-30T15:44:33.137+0100] {dag.py:3033} INFO - Sync 1 DAGs
[2024-01-30T15:44:33.149+0100] {logging_mixin.py:188} INFO - [2024-01-30T15:44:33.149+0100] {dag.py:3820} INFO - Setting next_dagrun for example_trigger_target_dag to None, run_after=None
[2024-01-30T15:44:33.204+0100] {processor.py:183} INFO - Processing /home/ubuntu/.local/lib/python3.10/site-packages/airflow/example_dags/example_trigger_target_dag.py took 0.106 seconds
[2024-01-30T15:45:26.985+0100] {processor.py:161} INFO - Started process (PID=8254) to work on /home/ubuntu/.local/lib/python3.10/site-packages/airflow/example_dags/example_trigger_target_dag.py
[2024-01-30T15:45:26.987+0100] {processor.py:830} INFO - Processing file /home/ubuntu/.local/lib/python3.10/site-packages/airflow/example_dags/example_trigger_target_dag.py for tasks to queue
[2024-01-30T15:45:26.988+0100] {logging_mixin.py:188} INFO - [2024-01-30T15:45:26.988+0100] {dagbag.py:538} INFO - Filling up the DagBag from /home/ubuntu/.local/lib/python3.10/site-packages/airflow/example_dags/example_trigger_target_dag.py
[2024-01-30T15:45:26.996+0100] {processor.py:840} INFO - DAG(s) 'example_trigger_target_dag' retrieved from /home/ubuntu/.local/lib/python3.10/site-packages/airflow/example_dags/example_trigger_target_dag.py
[2024-01-30T15:45:27.016+0100] {logging_mixin.py:188} INFO - [2024-01-30T15:45:27.015+0100] {dag.py:3033} INFO - Sync 1 DAGs
[2024-01-30T15:45:27.029+0100] {logging_mixin.py:188} INFO - [2024-01-30T15:45:27.028+0100] {dag.py:3820} INFO - Setting next_dagrun for example_trigger_target_dag to None, run_after=None
[2024-01-30T15:45:27.058+0100] {processor.py:183} INFO - Processing /home/ubuntu/.local/lib/python3.10/site-packages/airflow/example_dags/example_trigger_target_dag.py took 0.077 seconds
[2024-01-30T15:46:08.050+0100] {processor.py:161} INFO - Started process (PID=8300) to work on /home/ubuntu/.local/lib/python3.10/site-packages/airflow/example_dags/example_trigger_target_dag.py
[2024-01-30T15:46:08.052+0100] {processor.py:830} INFO - Processing file /home/ubuntu/.local/lib/python3.10/site-packages/airflow/example_dags/example_trigger_target_dag.py for tasks to queue
[2024-01-30T15:46:08.053+0100] {logging_mixin.py:188} INFO - [2024-01-30T15:46:08.053+0100] {dagbag.py:538} INFO - Filling up the DagBag from /home/ubuntu/.local/lib/python3.10/site-packages/airflow/example_dags/example_trigger_target_dag.py
[2024-01-30T15:46:08.062+0100] {processor.py:840} INFO - DAG(s) 'example_trigger_target_dag' retrieved from /home/ubuntu/.local/lib/python3.10/site-packages/airflow/example_dags/example_trigger_target_dag.py
[2024-01-30T15:46:08.080+0100] {logging_mixin.py:188} INFO - [2024-01-30T15:46:08.080+0100] {dag.py:3033} INFO - Sync 1 DAGs
[2024-01-30T15:46:08.095+0100] {logging_mixin.py:188} INFO - [2024-01-30T15:46:08.095+0100] {dag.py:3820} INFO - Setting next_dagrun for example_trigger_target_dag to None, run_after=None
[2024-01-30T15:46:08.129+0100] {processor.py:183} INFO - Processing /home/ubuntu/.local/lib/python3.10/site-packages/airflow/example_dags/example_trigger_target_dag.py took 0.082 seconds
[2024-01-30T15:46:51.861+0100] {processor.py:161} INFO - Started process (PID=8349) to work on /home/ubuntu/.local/lib/python3.10/site-packages/airflow/example_dags/example_trigger_target_dag.py
[2024-01-30T15:46:51.869+0100] {processor.py:830} INFO - Processing file /home/ubuntu/.local/lib/python3.10/site-packages/airflow/example_dags/example_trigger_target_dag.py for tasks to queue
[2024-01-30T15:46:51.870+0100] {logging_mixin.py:188} INFO - [2024-01-30T15:46:51.870+0100] {dagbag.py:538} INFO - Filling up the DagBag from /home/ubuntu/.local/lib/python3.10/site-packages/airflow/example_dags/example_trigger_target_dag.py
[2024-01-30T15:46:51.878+0100] {processor.py:840} INFO - DAG(s) 'example_trigger_target_dag' retrieved from /home/ubuntu/.local/lib/python3.10/site-packages/airflow/example_dags/example_trigger_target_dag.py
[2024-01-30T15:46:51.898+0100] {logging_mixin.py:188} INFO - [2024-01-30T15:46:51.897+0100] {dag.py:3033} INFO - Sync 1 DAGs
[2024-01-30T15:46:51.910+0100] {logging_mixin.py:188} INFO - [2024-01-30T15:46:51.910+0100] {dag.py:3820} INFO - Setting next_dagrun for example_trigger_target_dag to None, run_after=None
[2024-01-30T15:46:51.949+0100] {processor.py:183} INFO - Processing /home/ubuntu/.local/lib/python3.10/site-packages/airflow/example_dags/example_trigger_target_dag.py took 0.091 seconds
[2024-01-30T15:48:05.410+0100] {processor.py:161} INFO - Started process (PID=8507) to work on /home/ubuntu/.local/lib/python3.10/site-packages/airflow/example_dags/example_trigger_target_dag.py
[2024-01-30T15:48:05.455+0100] {processor.py:830} INFO - Processing file /home/ubuntu/.local/lib/python3.10/site-packages/airflow/example_dags/example_trigger_target_dag.py for tasks to queue
[2024-01-30T15:48:05.456+0100] {logging_mixin.py:188} INFO - [2024-01-30T15:48:05.456+0100] {dagbag.py:538} INFO - Filling up the DagBag from /home/ubuntu/.local/lib/python3.10/site-packages/airflow/example_dags/example_trigger_target_dag.py
[2024-01-30T15:48:05.499+0100] {processor.py:840} INFO - DAG(s) 'example_trigger_target_dag' retrieved from /home/ubuntu/.local/lib/python3.10/site-packages/airflow/example_dags/example_trigger_target_dag.py
[2024-01-30T15:48:05.620+0100] {logging_mixin.py:188} INFO - [2024-01-30T15:48:05.619+0100] {dag.py:3033} INFO - Sync 1 DAGs
[2024-01-30T15:48:05.687+0100] {logging_mixin.py:188} INFO - [2024-01-30T15:48:05.687+0100] {dag.py:3820} INFO - Setting next_dagrun for example_trigger_target_dag to None, run_after=None
[2024-01-30T15:48:05.897+0100] {processor.py:183} INFO - Processing /home/ubuntu/.local/lib/python3.10/site-packages/airflow/example_dags/example_trigger_target_dag.py took 0.497 seconds
[2024-01-30T15:49:13.025+0100] {processor.py:161} INFO - Started process (PID=8778) to work on /home/ubuntu/.local/lib/python3.10/site-packages/airflow/example_dags/example_trigger_target_dag.py
[2024-01-30T15:49:13.070+0100] {processor.py:830} INFO - Processing file /home/ubuntu/.local/lib/python3.10/site-packages/airflow/example_dags/example_trigger_target_dag.py for tasks to queue
[2024-01-30T15:49:13.102+0100] {logging_mixin.py:188} INFO - [2024-01-30T15:49:13.092+0100] {dagbag.py:538} INFO - Filling up the DagBag from /home/ubuntu/.local/lib/python3.10/site-packages/airflow/example_dags/example_trigger_target_dag.py
[2024-01-30T15:49:13.174+0100] {processor.py:840} INFO - DAG(s) 'example_trigger_target_dag' retrieved from /home/ubuntu/.local/lib/python3.10/site-packages/airflow/example_dags/example_trigger_target_dag.py
[2024-01-30T15:49:13.428+0100] {logging_mixin.py:188} INFO - [2024-01-30T15:49:13.427+0100] {dag.py:3033} INFO - Sync 1 DAGs
[2024-01-30T15:49:13.487+0100] {logging_mixin.py:188} INFO - [2024-01-30T15:49:13.486+0100] {dag.py:3820} INFO - Setting next_dagrun for example_trigger_target_dag to None, run_after=None
[2024-01-30T15:49:13.732+0100] {processor.py:183} INFO - Processing /home/ubuntu/.local/lib/python3.10/site-packages/airflow/example_dags/example_trigger_target_dag.py took 0.751 seconds
[2024-01-30T15:51:57.935+0100] {processor.py:161} INFO - Started process (PID=9312) to work on /home/ubuntu/.local/lib/python3.10/site-packages/airflow/example_dags/example_trigger_target_dag.py
[2024-01-30T15:51:57.948+0100] {processor.py:830} INFO - Processing file /home/ubuntu/.local/lib/python3.10/site-packages/airflow/example_dags/example_trigger_target_dag.py for tasks to queue
[2024-01-30T15:51:57.950+0100] {logging_mixin.py:188} INFO - [2024-01-30T15:51:57.950+0100] {dagbag.py:538} INFO - Filling up the DagBag from /home/ubuntu/.local/lib/python3.10/site-packages/airflow/example_dags/example_trigger_target_dag.py
[2024-01-30T15:51:57.960+0100] {processor.py:840} INFO - DAG(s) 'example_trigger_target_dag' retrieved from /home/ubuntu/.local/lib/python3.10/site-packages/airflow/example_dags/example_trigger_target_dag.py
[2024-01-30T15:51:57.983+0100] {logging_mixin.py:188} INFO - [2024-01-30T15:51:57.983+0100] {dag.py:3033} INFO - Sync 1 DAGs
[2024-01-30T15:51:58.000+0100] {logging_mixin.py:188} INFO - [2024-01-30T15:51:57.999+0100] {dag.py:3820} INFO - Setting next_dagrun for example_trigger_target_dag to None, run_after=None
[2024-01-30T15:51:58.072+0100] {processor.py:183} INFO - Processing /home/ubuntu/.local/lib/python3.10/site-packages/airflow/example_dags/example_trigger_target_dag.py took 0.143 seconds
[2024-01-30T15:54:03.500+0100] {processor.py:161} INFO - Started process (PID=9767) to work on /home/ubuntu/.local/lib/python3.10/site-packages/airflow/example_dags/example_trigger_target_dag.py
[2024-01-30T15:54:03.555+0100] {processor.py:830} INFO - Processing file /home/ubuntu/.local/lib/python3.10/site-packages/airflow/example_dags/example_trigger_target_dag.py for tasks to queue
[2024-01-30T15:54:03.559+0100] {logging_mixin.py:188} INFO - [2024-01-30T15:54:03.559+0100] {dagbag.py:538} INFO - Filling up the DagBag from /home/ubuntu/.local/lib/python3.10/site-packages/airflow/example_dags/example_trigger_target_dag.py
[2024-01-30T15:54:03.582+0100] {processor.py:840} INFO - DAG(s) 'example_trigger_target_dag' retrieved from /home/ubuntu/.local/lib/python3.10/site-packages/airflow/example_dags/example_trigger_target_dag.py
[2024-01-30T15:54:03.632+0100] {logging_mixin.py:188} INFO - [2024-01-30T15:54:03.632+0100] {dag.py:3033} INFO - Sync 1 DAGs
[2024-01-30T15:54:03.650+0100] {logging_mixin.py:188} INFO - [2024-01-30T15:54:03.650+0100] {dag.py:3820} INFO - Setting next_dagrun for example_trigger_target_dag to None, run_after=None
[2024-01-30T15:54:03.751+0100] {processor.py:183} INFO - Processing /home/ubuntu/.local/lib/python3.10/site-packages/airflow/example_dags/example_trigger_target_dag.py took 0.303 seconds
[2024-01-30T15:55:31.230+0100] {processor.py:161} INFO - Started process (PID=9861) to work on /home/ubuntu/.local/lib/python3.10/site-packages/airflow/example_dags/example_trigger_target_dag.py
[2024-01-30T15:55:31.242+0100] {processor.py:830} INFO - Processing file /home/ubuntu/.local/lib/python3.10/site-packages/airflow/example_dags/example_trigger_target_dag.py for tasks to queue
[2024-01-30T15:55:31.243+0100] {logging_mixin.py:188} INFO - [2024-01-30T15:55:31.243+0100] {dagbag.py:538} INFO - Filling up the DagBag from /home/ubuntu/.local/lib/python3.10/site-packages/airflow/example_dags/example_trigger_target_dag.py
[2024-01-30T15:55:31.261+0100] {processor.py:840} INFO - DAG(s) 'example_trigger_target_dag' retrieved from /home/ubuntu/.local/lib/python3.10/site-packages/airflow/example_dags/example_trigger_target_dag.py
[2024-01-30T15:55:31.337+0100] {logging_mixin.py:188} INFO - [2024-01-30T15:55:31.336+0100] {dag.py:3033} INFO - Sync 1 DAGs
[2024-01-30T15:55:31.372+0100] {logging_mixin.py:188} INFO - [2024-01-30T15:55:31.372+0100] {dag.py:3820} INFO - Setting next_dagrun for example_trigger_target_dag to None, run_after=None
[2024-01-30T15:55:31.510+0100] {processor.py:183} INFO - Processing /home/ubuntu/.local/lib/python3.10/site-packages/airflow/example_dags/example_trigger_target_dag.py took 0.287 seconds
[2024-01-30T15:56:35.544+0100] {processor.py:161} INFO - Started process (PID=9923) to work on /home/ubuntu/.local/lib/python3.10/site-packages/airflow/example_dags/example_trigger_target_dag.py
[2024-01-30T15:56:35.588+0100] {processor.py:830} INFO - Processing file /home/ubuntu/.local/lib/python3.10/site-packages/airflow/example_dags/example_trigger_target_dag.py for tasks to queue
[2024-01-30T15:56:35.602+0100] {logging_mixin.py:188} INFO - [2024-01-30T15:56:35.596+0100] {dagbag.py:538} INFO - Filling up the DagBag from /home/ubuntu/.local/lib/python3.10/site-packages/airflow/example_dags/example_trigger_target_dag.py
[2024-01-30T15:56:35.658+0100] {processor.py:840} INFO - DAG(s) 'example_trigger_target_dag' retrieved from /home/ubuntu/.local/lib/python3.10/site-packages/airflow/example_dags/example_trigger_target_dag.py
[2024-01-30T15:56:35.755+0100] {logging_mixin.py:188} INFO - [2024-01-30T15:56:35.754+0100] {dag.py:3033} INFO - Sync 1 DAGs
[2024-01-30T15:56:35.801+0100] {logging_mixin.py:188} INFO - [2024-01-30T15:56:35.801+0100] {dag.py:3820} INFO - Setting next_dagrun for example_trigger_target_dag to None, run_after=None
[2024-01-30T15:56:36.132+0100] {processor.py:183} INFO - Processing /home/ubuntu/.local/lib/python3.10/site-packages/airflow/example_dags/example_trigger_target_dag.py took 0.619 seconds
[2024-01-30T15:57:36.595+0100] {processor.py:161} INFO - Started process (PID=9986) to work on /home/ubuntu/.local/lib/python3.10/site-packages/airflow/example_dags/example_trigger_target_dag.py
[2024-01-30T15:57:36.608+0100] {processor.py:830} INFO - Processing file /home/ubuntu/.local/lib/python3.10/site-packages/airflow/example_dags/example_trigger_target_dag.py for tasks to queue
[2024-01-30T15:57:36.610+0100] {logging_mixin.py:188} INFO - [2024-01-30T15:57:36.610+0100] {dagbag.py:538} INFO - Filling up the DagBag from /home/ubuntu/.local/lib/python3.10/site-packages/airflow/example_dags/example_trigger_target_dag.py
[2024-01-30T15:57:36.628+0100] {processor.py:840} INFO - DAG(s) 'example_trigger_target_dag' retrieved from /home/ubuntu/.local/lib/python3.10/site-packages/airflow/example_dags/example_trigger_target_dag.py
[2024-01-30T15:57:36.673+0100] {logging_mixin.py:188} INFO - [2024-01-30T15:57:36.672+0100] {dag.py:3033} INFO - Sync 1 DAGs
[2024-01-30T15:57:36.692+0100] {logging_mixin.py:188} INFO - [2024-01-30T15:57:36.692+0100] {dag.py:3820} INFO - Setting next_dagrun for example_trigger_target_dag to None, run_after=None
[2024-01-30T15:57:36.732+0100] {processor.py:183} INFO - Processing /home/ubuntu/.local/lib/python3.10/site-packages/airflow/example_dags/example_trigger_target_dag.py took 0.144 seconds
[2024-01-30T15:58:25.433+0100] {processor.py:161} INFO - Started process (PID=10036) to work on /home/ubuntu/.local/lib/python3.10/site-packages/airflow/example_dags/example_trigger_target_dag.py
[2024-01-30T15:58:25.436+0100] {processor.py:830} INFO - Processing file /home/ubuntu/.local/lib/python3.10/site-packages/airflow/example_dags/example_trigger_target_dag.py for tasks to queue
[2024-01-30T15:58:25.438+0100] {logging_mixin.py:188} INFO - [2024-01-30T15:58:25.437+0100] {dagbag.py:538} INFO - Filling up the DagBag from /home/ubuntu/.local/lib/python3.10/site-packages/airflow/example_dags/example_trigger_target_dag.py
[2024-01-30T15:58:25.445+0100] {processor.py:840} INFO - DAG(s) 'example_trigger_target_dag' retrieved from /home/ubuntu/.local/lib/python3.10/site-packages/airflow/example_dags/example_trigger_target_dag.py
[2024-01-30T15:58:25.462+0100] {logging_mixin.py:188} INFO - [2024-01-30T15:58:25.462+0100] {dag.py:3033} INFO - Sync 1 DAGs
[2024-01-30T15:58:25.474+0100] {logging_mixin.py:188} INFO - [2024-01-30T15:58:25.474+0100] {dag.py:3820} INFO - Setting next_dagrun for example_trigger_target_dag to None, run_after=None
[2024-01-30T15:58:25.506+0100] {processor.py:183} INFO - Processing /home/ubuntu/.local/lib/python3.10/site-packages/airflow/example_dags/example_trigger_target_dag.py took 0.076 seconds
[2024-01-30T15:59:20.187+0100] {processor.py:161} INFO - Started process (PID=10082) to work on /home/ubuntu/.local/lib/python3.10/site-packages/airflow/example_dags/example_trigger_target_dag.py
[2024-01-30T15:59:20.206+0100] {processor.py:830} INFO - Processing file /home/ubuntu/.local/lib/python3.10/site-packages/airflow/example_dags/example_trigger_target_dag.py for tasks to queue
[2024-01-30T15:59:20.207+0100] {logging_mixin.py:188} INFO - [2024-01-30T15:59:20.207+0100] {dagbag.py:538} INFO - Filling up the DagBag from /home/ubuntu/.local/lib/python3.10/site-packages/airflow/example_dags/example_trigger_target_dag.py
[2024-01-30T15:59:20.261+0100] {processor.py:840} INFO - DAG(s) 'example_trigger_target_dag' retrieved from /home/ubuntu/.local/lib/python3.10/site-packages/airflow/example_dags/example_trigger_target_dag.py
[2024-01-30T15:59:20.395+0100] {logging_mixin.py:188} INFO - [2024-01-30T15:59:20.394+0100] {dag.py:3033} INFO - Sync 1 DAGs
[2024-01-30T15:59:20.477+0100] {logging_mixin.py:188} INFO - [2024-01-30T15:59:20.476+0100] {dag.py:3820} INFO - Setting next_dagrun for example_trigger_target_dag to None, run_after=None
[2024-01-30T15:59:20.643+0100] {processor.py:183} INFO - Processing /home/ubuntu/.local/lib/python3.10/site-packages/airflow/example_dags/example_trigger_target_dag.py took 0.485 seconds
[2024-01-30T16:00:09.269+0100] {processor.py:161} INFO - Started process (PID=10140) to work on /home/ubuntu/.local/lib/python3.10/site-packages/airflow/example_dags/example_trigger_target_dag.py
[2024-01-30T16:00:09.272+0100] {processor.py:830} INFO - Processing file /home/ubuntu/.local/lib/python3.10/site-packages/airflow/example_dags/example_trigger_target_dag.py for tasks to queue
[2024-01-30T16:00:09.274+0100] {logging_mixin.py:188} INFO - [2024-01-30T16:00:09.273+0100] {dagbag.py:538} INFO - Filling up the DagBag from /home/ubuntu/.local/lib/python3.10/site-packages/airflow/example_dags/example_trigger_target_dag.py
[2024-01-30T16:00:09.287+0100] {processor.py:840} INFO - DAG(s) 'example_trigger_target_dag' retrieved from /home/ubuntu/.local/lib/python3.10/site-packages/airflow/example_dags/example_trigger_target_dag.py
[2024-01-30T16:00:09.320+0100] {logging_mixin.py:188} INFO - [2024-01-30T16:00:09.320+0100] {dag.py:3033} INFO - Sync 1 DAGs
[2024-01-30T16:00:09.341+0100] {logging_mixin.py:188} INFO - [2024-01-30T16:00:09.340+0100] {dag.py:3820} INFO - Setting next_dagrun for example_trigger_target_dag to None, run_after=None
[2024-01-30T16:00:09.381+0100] {processor.py:183} INFO - Processing /home/ubuntu/.local/lib/python3.10/site-packages/airflow/example_dags/example_trigger_target_dag.py took 0.118 seconds
[2024-01-30T16:01:04.505+0100] {processor.py:161} INFO - Started process (PID=10198) to work on /home/ubuntu/.local/lib/python3.10/site-packages/airflow/example_dags/example_trigger_target_dag.py
[2024-01-30T16:01:04.507+0100] {processor.py:830} INFO - Processing file /home/ubuntu/.local/lib/python3.10/site-packages/airflow/example_dags/example_trigger_target_dag.py for tasks to queue
[2024-01-30T16:01:04.509+0100] {logging_mixin.py:188} INFO - [2024-01-30T16:01:04.509+0100] {dagbag.py:538} INFO - Filling up the DagBag from /home/ubuntu/.local/lib/python3.10/site-packages/airflow/example_dags/example_trigger_target_dag.py
[2024-01-30T16:01:04.517+0100] {processor.py:840} INFO - DAG(s) 'example_trigger_target_dag' retrieved from /home/ubuntu/.local/lib/python3.10/site-packages/airflow/example_dags/example_trigger_target_dag.py
[2024-01-30T16:01:04.536+0100] {logging_mixin.py:188} INFO - [2024-01-30T16:01:04.536+0100] {dag.py:3033} INFO - Sync 1 DAGs
[2024-01-30T16:01:04.553+0100] {logging_mixin.py:188} INFO - [2024-01-30T16:01:04.553+0100] {dag.py:3820} INFO - Setting next_dagrun for example_trigger_target_dag to None, run_after=None
[2024-01-30T16:01:04.595+0100] {processor.py:183} INFO - Processing /home/ubuntu/.local/lib/python3.10/site-packages/airflow/example_dags/example_trigger_target_dag.py took 0.094 seconds
[2024-01-30T16:02:02.102+0100] {processor.py:161} INFO - Started process (PID=10259) to work on /home/ubuntu/.local/lib/python3.10/site-packages/airflow/example_dags/example_trigger_target_dag.py
[2024-01-30T16:02:02.144+0100] {processor.py:830} INFO - Processing file /home/ubuntu/.local/lib/python3.10/site-packages/airflow/example_dags/example_trigger_target_dag.py for tasks to queue
[2024-01-30T16:02:02.152+0100] {logging_mixin.py:188} INFO - [2024-01-30T16:02:02.151+0100] {dagbag.py:538} INFO - Filling up the DagBag from /home/ubuntu/.local/lib/python3.10/site-packages/airflow/example_dags/example_trigger_target_dag.py
[2024-01-30T16:02:02.181+0100] {processor.py:840} INFO - DAG(s) 'example_trigger_target_dag' retrieved from /home/ubuntu/.local/lib/python3.10/site-packages/airflow/example_dags/example_trigger_target_dag.py
[2024-01-30T16:02:02.261+0100] {logging_mixin.py:188} INFO - [2024-01-30T16:02:02.261+0100] {dag.py:3033} INFO - Sync 1 DAGs
[2024-01-30T16:02:02.300+0100] {logging_mixin.py:188} INFO - [2024-01-30T16:02:02.300+0100] {dag.py:3820} INFO - Setting next_dagrun for example_trigger_target_dag to None, run_after=None
[2024-01-30T16:02:02.555+0100] {processor.py:183} INFO - Processing /home/ubuntu/.local/lib/python3.10/site-packages/airflow/example_dags/example_trigger_target_dag.py took 0.458 seconds
[2024-01-30T16:02:51.693+0100] {processor.py:161} INFO - Started process (PID=10310) to work on /home/ubuntu/.local/lib/python3.10/site-packages/airflow/example_dags/example_trigger_target_dag.py
[2024-01-30T16:02:51.696+0100] {processor.py:830} INFO - Processing file /home/ubuntu/.local/lib/python3.10/site-packages/airflow/example_dags/example_trigger_target_dag.py for tasks to queue
[2024-01-30T16:02:51.698+0100] {logging_mixin.py:188} INFO - [2024-01-30T16:02:51.697+0100] {dagbag.py:538} INFO - Filling up the DagBag from /home/ubuntu/.local/lib/python3.10/site-packages/airflow/example_dags/example_trigger_target_dag.py
[2024-01-30T16:02:51.705+0100] {processor.py:840} INFO - DAG(s) 'example_trigger_target_dag' retrieved from /home/ubuntu/.local/lib/python3.10/site-packages/airflow/example_dags/example_trigger_target_dag.py
[2024-01-30T16:02:51.724+0100] {logging_mixin.py:188} INFO - [2024-01-30T16:02:51.724+0100] {dag.py:3033} INFO - Sync 1 DAGs
[2024-01-30T16:02:51.738+0100] {logging_mixin.py:188} INFO - [2024-01-30T16:02:51.738+0100] {dag.py:3820} INFO - Setting next_dagrun for example_trigger_target_dag to None, run_after=None
[2024-01-30T16:02:51.776+0100] {processor.py:183} INFO - Processing /home/ubuntu/.local/lib/python3.10/site-packages/airflow/example_dags/example_trigger_target_dag.py took 0.088 seconds
[2024-01-30T16:03:37.784+0100] {processor.py:161} INFO - Started process (PID=10359) to work on /home/ubuntu/.local/lib/python3.10/site-packages/airflow/example_dags/example_trigger_target_dag.py
[2024-01-30T16:03:37.799+0100] {processor.py:830} INFO - Processing file /home/ubuntu/.local/lib/python3.10/site-packages/airflow/example_dags/example_trigger_target_dag.py for tasks to queue
[2024-01-30T16:03:37.804+0100] {logging_mixin.py:188} INFO - [2024-01-30T16:03:37.800+0100] {dagbag.py:538} INFO - Filling up the DagBag from /home/ubuntu/.local/lib/python3.10/site-packages/airflow/example_dags/example_trigger_target_dag.py
[2024-01-30T16:03:37.844+0100] {processor.py:840} INFO - DAG(s) 'example_trigger_target_dag' retrieved from /home/ubuntu/.local/lib/python3.10/site-packages/airflow/example_dags/example_trigger_target_dag.py
[2024-01-30T16:03:37.914+0100] {logging_mixin.py:188} INFO - [2024-01-30T16:03:37.914+0100] {dag.py:3033} INFO - Sync 1 DAGs
[2024-01-30T16:03:37.937+0100] {logging_mixin.py:188} INFO - [2024-01-30T16:03:37.937+0100] {dag.py:3820} INFO - Setting next_dagrun for example_trigger_target_dag to None, run_after=None
[2024-01-30T16:03:38.085+0100] {processor.py:183} INFO - Processing /home/ubuntu/.local/lib/python3.10/site-packages/airflow/example_dags/example_trigger_target_dag.py took 0.308 seconds
[2024-01-30T16:04:27.924+0100] {processor.py:161} INFO - Started process (PID=10413) to work on /home/ubuntu/.local/lib/python3.10/site-packages/airflow/example_dags/example_trigger_target_dag.py
[2024-01-30T16:04:27.937+0100] {processor.py:830} INFO - Processing file /home/ubuntu/.local/lib/python3.10/site-packages/airflow/example_dags/example_trigger_target_dag.py for tasks to queue
[2024-01-30T16:04:27.939+0100] {logging_mixin.py:188} INFO - [2024-01-30T16:04:27.938+0100] {dagbag.py:538} INFO - Filling up the DagBag from /home/ubuntu/.local/lib/python3.10/site-packages/airflow/example_dags/example_trigger_target_dag.py
[2024-01-30T16:04:27.947+0100] {processor.py:840} INFO - DAG(s) 'example_trigger_target_dag' retrieved from /home/ubuntu/.local/lib/python3.10/site-packages/airflow/example_dags/example_trigger_target_dag.py
[2024-01-30T16:04:27.968+0100] {logging_mixin.py:188} INFO - [2024-01-30T16:04:27.968+0100] {dag.py:3033} INFO - Sync 1 DAGs
[2024-01-30T16:04:27.981+0100] {logging_mixin.py:188} INFO - [2024-01-30T16:04:27.981+0100] {dag.py:3820} INFO - Setting next_dagrun for example_trigger_target_dag to None, run_after=None
[2024-01-30T16:04:28.015+0100] {processor.py:183} INFO - Processing /home/ubuntu/.local/lib/python3.10/site-packages/airflow/example_dags/example_trigger_target_dag.py took 0.097 seconds
[2024-01-30T16:05:22.420+0100] {processor.py:161} INFO - Started process (PID=10457) to work on /home/ubuntu/.local/lib/python3.10/site-packages/airflow/example_dags/example_trigger_target_dag.py
[2024-01-30T16:05:22.454+0100] {processor.py:830} INFO - Processing file /home/ubuntu/.local/lib/python3.10/site-packages/airflow/example_dags/example_trigger_target_dag.py for tasks to queue
[2024-01-30T16:05:22.455+0100] {logging_mixin.py:188} INFO - [2024-01-30T16:05:22.455+0100] {dagbag.py:538} INFO - Filling up the DagBag from /home/ubuntu/.local/lib/python3.10/site-packages/airflow/example_dags/example_trigger_target_dag.py
[2024-01-30T16:05:22.491+0100] {processor.py:840} INFO - DAG(s) 'example_trigger_target_dag' retrieved from /home/ubuntu/.local/lib/python3.10/site-packages/airflow/example_dags/example_trigger_target_dag.py
[2024-01-30T16:05:22.539+0100] {logging_mixin.py:188} INFO - [2024-01-30T16:05:22.538+0100] {dag.py:3033} INFO - Sync 1 DAGs
[2024-01-30T16:05:22.575+0100] {logging_mixin.py:188} INFO - [2024-01-30T16:05:22.573+0100] {dag.py:3820} INFO - Setting next_dagrun for example_trigger_target_dag to None, run_after=None
[2024-01-30T16:05:22.796+0100] {processor.py:183} INFO - Processing /home/ubuntu/.local/lib/python3.10/site-packages/airflow/example_dags/example_trigger_target_dag.py took 0.389 seconds
[2024-01-30T16:06:09.145+0100] {processor.py:161} INFO - Started process (PID=10501) to work on /home/ubuntu/.local/lib/python3.10/site-packages/airflow/example_dags/example_trigger_target_dag.py
[2024-01-30T16:06:09.182+0100] {processor.py:830} INFO - Processing file /home/ubuntu/.local/lib/python3.10/site-packages/airflow/example_dags/example_trigger_target_dag.py for tasks to queue
[2024-01-30T16:06:09.192+0100] {logging_mixin.py:188} INFO - [2024-01-30T16:06:09.183+0100] {dagbag.py:538} INFO - Filling up the DagBag from /home/ubuntu/.local/lib/python3.10/site-packages/airflow/example_dags/example_trigger_target_dag.py
[2024-01-30T16:06:09.258+0100] {processor.py:840} INFO - DAG(s) 'example_trigger_target_dag' retrieved from /home/ubuntu/.local/lib/python3.10/site-packages/airflow/example_dags/example_trigger_target_dag.py
[2024-01-30T16:06:09.300+0100] {logging_mixin.py:188} INFO - [2024-01-30T16:06:09.299+0100] {dag.py:3033} INFO - Sync 1 DAGs
[2024-01-30T16:06:09.363+0100] {logging_mixin.py:188} INFO - [2024-01-30T16:06:09.363+0100] {dag.py:3820} INFO - Setting next_dagrun for example_trigger_target_dag to None, run_after=None
[2024-01-30T16:06:09.529+0100] {processor.py:183} INFO - Processing /home/ubuntu/.local/lib/python3.10/site-packages/airflow/example_dags/example_trigger_target_dag.py took 0.432 seconds
