[2024-01-30T15:30:29.729+0100] {processor.py:161} INFO - Started process (PID=6627) to work on /home/ubuntu/.local/lib/python3.10/site-packages/airflow/example_dags/example_setup_teardown_taskflow.py
[2024-01-30T15:30:29.731+0100] {processor.py:830} INFO - Processing file /home/ubuntu/.local/lib/python3.10/site-packages/airflow/example_dags/example_setup_teardown_taskflow.py for tasks to queue
[2024-01-30T15:30:29.734+0100] {logging_mixin.py:188} INFO - [2024-01-30T15:30:29.733+0100] {dagbag.py:538} INFO - Filling up the DagBag from /home/ubuntu/.local/lib/python3.10/site-packages/airflow/example_dags/example_setup_teardown_taskflow.py
[2024-01-30T15:30:29.754+0100] {processor.py:840} INFO - DAG(s) 'example_setup_teardown_taskflow' retrieved from /home/ubuntu/.local/lib/python3.10/site-packages/airflow/example_dags/example_setup_teardown_taskflow.py
[2024-01-30T15:30:29.907+0100] {logging_mixin.py:188} INFO - [2024-01-30T15:30:29.907+0100] {dag.py:3033} INFO - Sync 1 DAGs
[2024-01-30T15:30:29.928+0100] {logging_mixin.py:188} INFO - [2024-01-30T15:30:29.928+0100] {dag.py:3820} INFO - Setting next_dagrun for example_setup_teardown_taskflow to 2024-01-29T00:00:00+00:00, run_after=2024-01-30T00:00:00+00:00
[2024-01-30T15:30:29.963+0100] {processor.py:183} INFO - Processing /home/ubuntu/.local/lib/python3.10/site-packages/airflow/example_dags/example_setup_teardown_taskflow.py took 0.240 seconds
[2024-01-30T15:31:27.389+0100] {processor.py:161} INFO - Started process (PID=6686) to work on /home/ubuntu/.local/lib/python3.10/site-packages/airflow/example_dags/example_setup_teardown_taskflow.py
[2024-01-30T15:31:27.392+0100] {processor.py:830} INFO - Processing file /home/ubuntu/.local/lib/python3.10/site-packages/airflow/example_dags/example_setup_teardown_taskflow.py for tasks to queue
[2024-01-30T15:31:27.394+0100] {logging_mixin.py:188} INFO - [2024-01-30T15:31:27.393+0100] {dagbag.py:538} INFO - Filling up the DagBag from /home/ubuntu/.local/lib/python3.10/site-packages/airflow/example_dags/example_setup_teardown_taskflow.py
[2024-01-30T15:31:27.411+0100] {processor.py:840} INFO - DAG(s) 'example_setup_teardown_taskflow' retrieved from /home/ubuntu/.local/lib/python3.10/site-packages/airflow/example_dags/example_setup_teardown_taskflow.py
[2024-01-30T15:31:27.434+0100] {logging_mixin.py:188} INFO - [2024-01-30T15:31:27.434+0100] {dag.py:3033} INFO - Sync 1 DAGs
[2024-01-30T15:31:27.455+0100] {logging_mixin.py:188} INFO - [2024-01-30T15:31:27.455+0100] {dag.py:3820} INFO - Setting next_dagrun for example_setup_teardown_taskflow to 2024-01-29T00:00:00+00:00, run_after=2024-01-30T00:00:00+00:00
[2024-01-30T15:31:27.495+0100] {processor.py:183} INFO - Processing /home/ubuntu/.local/lib/python3.10/site-packages/airflow/example_dags/example_setup_teardown_taskflow.py took 0.109 seconds
[2024-01-30T15:32:22.253+0100] {processor.py:161} INFO - Started process (PID=6743) to work on /home/ubuntu/.local/lib/python3.10/site-packages/airflow/example_dags/example_setup_teardown_taskflow.py
[2024-01-30T15:32:22.277+0100] {processor.py:830} INFO - Processing file /home/ubuntu/.local/lib/python3.10/site-packages/airflow/example_dags/example_setup_teardown_taskflow.py for tasks to queue
[2024-01-30T15:32:22.310+0100] {logging_mixin.py:188} INFO - [2024-01-30T15:32:22.297+0100] {dagbag.py:538} INFO - Filling up the DagBag from /home/ubuntu/.local/lib/python3.10/site-packages/airflow/example_dags/example_setup_teardown_taskflow.py
[2024-01-30T15:32:22.470+0100] {processor.py:840} INFO - DAG(s) 'example_setup_teardown_taskflow' retrieved from /home/ubuntu/.local/lib/python3.10/site-packages/airflow/example_dags/example_setup_teardown_taskflow.py
[2024-01-30T15:32:22.613+0100] {logging_mixin.py:188} INFO - [2024-01-30T15:32:22.613+0100] {dag.py:3033} INFO - Sync 1 DAGs
[2024-01-30T15:32:22.707+0100] {logging_mixin.py:188} INFO - [2024-01-30T15:32:22.706+0100] {dag.py:3820} INFO - Setting next_dagrun for example_setup_teardown_taskflow to 2024-01-29T00:00:00+00:00, run_after=2024-01-30T00:00:00+00:00
[2024-01-30T15:32:22.847+0100] {processor.py:183} INFO - Processing /home/ubuntu/.local/lib/python3.10/site-packages/airflow/example_dags/example_setup_teardown_taskflow.py took 0.636 seconds
[2024-01-30T15:33:53.107+0100] {processor.py:161} INFO - Started process (PID=6831) to work on /home/ubuntu/.local/lib/python3.10/site-packages/airflow/example_dags/example_setup_teardown_taskflow.py
[2024-01-30T15:33:53.110+0100] {processor.py:830} INFO - Processing file /home/ubuntu/.local/lib/python3.10/site-packages/airflow/example_dags/example_setup_teardown_taskflow.py for tasks to queue
[2024-01-30T15:33:53.112+0100] {logging_mixin.py:188} INFO - [2024-01-30T15:33:53.111+0100] {dagbag.py:538} INFO - Filling up the DagBag from /home/ubuntu/.local/lib/python3.10/site-packages/airflow/example_dags/example_setup_teardown_taskflow.py
[2024-01-30T15:33:53.127+0100] {processor.py:840} INFO - DAG(s) 'example_setup_teardown_taskflow' retrieved from /home/ubuntu/.local/lib/python3.10/site-packages/airflow/example_dags/example_setup_teardown_taskflow.py
[2024-01-30T15:33:53.147+0100] {logging_mixin.py:188} INFO - [2024-01-30T15:33:53.147+0100] {dag.py:3033} INFO - Sync 1 DAGs
[2024-01-30T15:33:53.170+0100] {logging_mixin.py:188} INFO - [2024-01-30T15:33:53.170+0100] {dag.py:3820} INFO - Setting next_dagrun for example_setup_teardown_taskflow to 2024-01-29T00:00:00+00:00, run_after=2024-01-30T00:00:00+00:00
[2024-01-30T15:33:53.206+0100] {processor.py:183} INFO - Processing /home/ubuntu/.local/lib/python3.10/site-packages/airflow/example_dags/example_setup_teardown_taskflow.py took 0.102 seconds
[2024-01-30T15:34:49.203+0100] {processor.py:161} INFO - Started process (PID=6890) to work on /home/ubuntu/.local/lib/python3.10/site-packages/airflow/example_dags/example_setup_teardown_taskflow.py
[2024-01-30T15:34:49.205+0100] {processor.py:830} INFO - Processing file /home/ubuntu/.local/lib/python3.10/site-packages/airflow/example_dags/example_setup_teardown_taskflow.py for tasks to queue
[2024-01-30T15:34:49.207+0100] {logging_mixin.py:188} INFO - [2024-01-30T15:34:49.206+0100] {dagbag.py:538} INFO - Filling up the DagBag from /home/ubuntu/.local/lib/python3.10/site-packages/airflow/example_dags/example_setup_teardown_taskflow.py
[2024-01-30T15:34:49.220+0100] {processor.py:840} INFO - DAG(s) 'example_setup_teardown_taskflow' retrieved from /home/ubuntu/.local/lib/python3.10/site-packages/airflow/example_dags/example_setup_teardown_taskflow.py
[2024-01-30T15:34:49.239+0100] {logging_mixin.py:188} INFO - [2024-01-30T15:34:49.238+0100] {dag.py:3033} INFO - Sync 1 DAGs
[2024-01-30T15:34:49.261+0100] {logging_mixin.py:188} INFO - [2024-01-30T15:34:49.261+0100] {dag.py:3820} INFO - Setting next_dagrun for example_setup_teardown_taskflow to 2024-01-29T00:00:00+00:00, run_after=2024-01-30T00:00:00+00:00
[2024-01-30T15:34:49.330+0100] {processor.py:183} INFO - Processing /home/ubuntu/.local/lib/python3.10/site-packages/airflow/example_dags/example_setup_teardown_taskflow.py took 0.131 seconds
[2024-01-30T15:35:39.581+0100] {processor.py:161} INFO - Started process (PID=6945) to work on /home/ubuntu/.local/lib/python3.10/site-packages/airflow/example_dags/example_setup_teardown_taskflow.py
[2024-01-30T15:35:39.583+0100] {processor.py:830} INFO - Processing file /home/ubuntu/.local/lib/python3.10/site-packages/airflow/example_dags/example_setup_teardown_taskflow.py for tasks to queue
[2024-01-30T15:35:39.584+0100] {logging_mixin.py:188} INFO - [2024-01-30T15:35:39.584+0100] {dagbag.py:538} INFO - Filling up the DagBag from /home/ubuntu/.local/lib/python3.10/site-packages/airflow/example_dags/example_setup_teardown_taskflow.py
[2024-01-30T15:35:39.597+0100] {processor.py:840} INFO - DAG(s) 'example_setup_teardown_taskflow' retrieved from /home/ubuntu/.local/lib/python3.10/site-packages/airflow/example_dags/example_setup_teardown_taskflow.py
[2024-01-30T15:35:39.615+0100] {logging_mixin.py:188} INFO - [2024-01-30T15:35:39.615+0100] {dag.py:3033} INFO - Sync 1 DAGs
[2024-01-30T15:35:39.640+0100] {logging_mixin.py:188} INFO - [2024-01-30T15:35:39.639+0100] {dag.py:3820} INFO - Setting next_dagrun for example_setup_teardown_taskflow to 2024-01-29T00:00:00+00:00, run_after=2024-01-30T00:00:00+00:00
[2024-01-30T15:35:39.670+0100] {processor.py:183} INFO - Processing /home/ubuntu/.local/lib/python3.10/site-packages/airflow/example_dags/example_setup_teardown_taskflow.py took 0.093 seconds
[2024-01-30T15:36:54.701+0100] {processor.py:161} INFO - Started process (PID=7025) to work on /home/ubuntu/.local/lib/python3.10/site-packages/airflow/example_dags/example_setup_teardown_taskflow.py
[2024-01-30T15:36:54.704+0100] {processor.py:830} INFO - Processing file /home/ubuntu/.local/lib/python3.10/site-packages/airflow/example_dags/example_setup_teardown_taskflow.py for tasks to queue
[2024-01-30T15:36:54.705+0100] {logging_mixin.py:188} INFO - [2024-01-30T15:36:54.705+0100] {dagbag.py:538} INFO - Filling up the DagBag from /home/ubuntu/.local/lib/python3.10/site-packages/airflow/example_dags/example_setup_teardown_taskflow.py
[2024-01-30T15:36:54.717+0100] {processor.py:840} INFO - DAG(s) 'example_setup_teardown_taskflow' retrieved from /home/ubuntu/.local/lib/python3.10/site-packages/airflow/example_dags/example_setup_teardown_taskflow.py
[2024-01-30T15:36:54.735+0100] {logging_mixin.py:188} INFO - [2024-01-30T15:36:54.735+0100] {dag.py:3033} INFO - Sync 1 DAGs
[2024-01-30T15:36:54.756+0100] {logging_mixin.py:188} INFO - [2024-01-30T15:36:54.756+0100] {dag.py:3820} INFO - Setting next_dagrun for example_setup_teardown_taskflow to 2024-01-29T00:00:00+00:00, run_after=2024-01-30T00:00:00+00:00
[2024-01-30T15:36:54.792+0100] {processor.py:183} INFO - Processing /home/ubuntu/.local/lib/python3.10/site-packages/airflow/example_dags/example_setup_teardown_taskflow.py took 0.096 seconds
[2024-01-30T15:37:49.343+0100] {processor.py:161} INFO - Started process (PID=7083) to work on /home/ubuntu/.local/lib/python3.10/site-packages/airflow/example_dags/example_setup_teardown_taskflow.py
[2024-01-30T15:37:49.347+0100] {processor.py:830} INFO - Processing file /home/ubuntu/.local/lib/python3.10/site-packages/airflow/example_dags/example_setup_teardown_taskflow.py for tasks to queue
[2024-01-30T15:37:49.350+0100] {logging_mixin.py:188} INFO - [2024-01-30T15:37:49.348+0100] {dagbag.py:538} INFO - Filling up the DagBag from /home/ubuntu/.local/lib/python3.10/site-packages/airflow/example_dags/example_setup_teardown_taskflow.py
[2024-01-30T15:37:49.364+0100] {processor.py:840} INFO - DAG(s) 'example_setup_teardown_taskflow' retrieved from /home/ubuntu/.local/lib/python3.10/site-packages/airflow/example_dags/example_setup_teardown_taskflow.py
[2024-01-30T15:37:49.476+0100] {logging_mixin.py:188} INFO - [2024-01-30T15:37:49.476+0100] {dag.py:3033} INFO - Sync 1 DAGs
[2024-01-30T15:37:49.572+0100] {logging_mixin.py:188} INFO - [2024-01-30T15:37:49.571+0100] {dag.py:3820} INFO - Setting next_dagrun for example_setup_teardown_taskflow to 2024-01-29T00:00:00+00:00, run_after=2024-01-30T00:00:00+00:00
[2024-01-30T15:37:49.611+0100] {processor.py:183} INFO - Processing /home/ubuntu/.local/lib/python3.10/site-packages/airflow/example_dags/example_setup_teardown_taskflow.py took 0.274 seconds
[2024-01-30T15:38:39.859+0100] {processor.py:161} INFO - Started process (PID=7157) to work on /home/ubuntu/.local/lib/python3.10/site-packages/airflow/example_dags/example_setup_teardown_taskflow.py
[2024-01-30T15:38:39.861+0100] {processor.py:830} INFO - Processing file /home/ubuntu/.local/lib/python3.10/site-packages/airflow/example_dags/example_setup_teardown_taskflow.py for tasks to queue
[2024-01-30T15:38:39.862+0100] {logging_mixin.py:188} INFO - [2024-01-30T15:38:39.862+0100] {dagbag.py:538} INFO - Filling up the DagBag from /home/ubuntu/.local/lib/python3.10/site-packages/airflow/example_dags/example_setup_teardown_taskflow.py
[2024-01-30T15:38:39.874+0100] {processor.py:840} INFO - DAG(s) 'example_setup_teardown_taskflow' retrieved from /home/ubuntu/.local/lib/python3.10/site-packages/airflow/example_dags/example_setup_teardown_taskflow.py
[2024-01-30T15:38:39.892+0100] {logging_mixin.py:188} INFO - [2024-01-30T15:38:39.892+0100] {dag.py:3033} INFO - Sync 1 DAGs
[2024-01-30T15:38:39.913+0100] {logging_mixin.py:188} INFO - [2024-01-30T15:38:39.913+0100] {dag.py:3820} INFO - Setting next_dagrun for example_setup_teardown_taskflow to 2024-01-29T00:00:00+00:00, run_after=2024-01-30T00:00:00+00:00
[2024-01-30T15:38:39.939+0100] {processor.py:183} INFO - Processing /home/ubuntu/.local/lib/python3.10/site-packages/airflow/example_dags/example_setup_teardown_taskflow.py took 0.084 seconds
[2024-01-30T15:39:41.962+0100] {processor.py:161} INFO - Started process (PID=7285) to work on /home/ubuntu/.local/lib/python3.10/site-packages/airflow/example_dags/example_setup_teardown_taskflow.py
[2024-01-30T15:39:41.964+0100] {processor.py:830} INFO - Processing file /home/ubuntu/.local/lib/python3.10/site-packages/airflow/example_dags/example_setup_teardown_taskflow.py for tasks to queue
[2024-01-30T15:39:41.966+0100] {logging_mixin.py:188} INFO - [2024-01-30T15:39:41.966+0100] {dagbag.py:538} INFO - Filling up the DagBag from /home/ubuntu/.local/lib/python3.10/site-packages/airflow/example_dags/example_setup_teardown_taskflow.py
[2024-01-30T15:39:41.977+0100] {processor.py:840} INFO - DAG(s) 'example_setup_teardown_taskflow' retrieved from /home/ubuntu/.local/lib/python3.10/site-packages/airflow/example_dags/example_setup_teardown_taskflow.py
[2024-01-30T15:39:41.999+0100] {logging_mixin.py:188} INFO - [2024-01-30T15:39:41.999+0100] {dag.py:3033} INFO - Sync 1 DAGs
[2024-01-30T15:39:42.021+0100] {logging_mixin.py:188} INFO - [2024-01-30T15:39:42.021+0100] {dag.py:3820} INFO - Setting next_dagrun for example_setup_teardown_taskflow to 2024-01-29T00:00:00+00:00, run_after=2024-01-30T00:00:00+00:00
[2024-01-30T15:39:42.052+0100] {processor.py:183} INFO - Processing /home/ubuntu/.local/lib/python3.10/site-packages/airflow/example_dags/example_setup_teardown_taskflow.py took 0.094 seconds
[2024-01-30T15:40:42.084+0100] {processor.py:161} INFO - Started process (PID=7343) to work on /home/ubuntu/.local/lib/python3.10/site-packages/airflow/example_dags/example_setup_teardown_taskflow.py
[2024-01-30T15:40:42.086+0100] {processor.py:830} INFO - Processing file /home/ubuntu/.local/lib/python3.10/site-packages/airflow/example_dags/example_setup_teardown_taskflow.py for tasks to queue
[2024-01-30T15:40:42.087+0100] {logging_mixin.py:188} INFO - [2024-01-30T15:40:42.087+0100] {dagbag.py:538} INFO - Filling up the DagBag from /home/ubuntu/.local/lib/python3.10/site-packages/airflow/example_dags/example_setup_teardown_taskflow.py
[2024-01-30T15:40:42.119+0100] {processor.py:840} INFO - DAG(s) 'example_setup_teardown_taskflow' retrieved from /home/ubuntu/.local/lib/python3.10/site-packages/airflow/example_dags/example_setup_teardown_taskflow.py
[2024-01-30T15:40:42.151+0100] {logging_mixin.py:188} INFO - [2024-01-30T15:40:42.151+0100] {dag.py:3033} INFO - Sync 1 DAGs
[2024-01-30T15:40:42.183+0100] {logging_mixin.py:188} INFO - [2024-01-30T15:40:42.183+0100] {dag.py:3820} INFO - Setting next_dagrun for example_setup_teardown_taskflow to 2024-01-29T00:00:00+00:00, run_after=2024-01-30T00:00:00+00:00
[2024-01-30T15:40:42.218+0100] {processor.py:183} INFO - Processing /home/ubuntu/.local/lib/python3.10/site-packages/airflow/example_dags/example_setup_teardown_taskflow.py took 0.138 seconds
[2024-01-30T15:41:46.924+0100] {processor.py:161} INFO - Started process (PID=7409) to work on /home/ubuntu/.local/lib/python3.10/site-packages/airflow/example_dags/example_setup_teardown_taskflow.py
[2024-01-30T15:41:46.927+0100] {processor.py:830} INFO - Processing file /home/ubuntu/.local/lib/python3.10/site-packages/airflow/example_dags/example_setup_teardown_taskflow.py for tasks to queue
[2024-01-30T15:41:46.930+0100] {logging_mixin.py:188} INFO - [2024-01-30T15:41:46.929+0100] {dagbag.py:538} INFO - Filling up the DagBag from /home/ubuntu/.local/lib/python3.10/site-packages/airflow/example_dags/example_setup_teardown_taskflow.py
[2024-01-30T15:41:46.948+0100] {processor.py:840} INFO - DAG(s) 'example_setup_teardown_taskflow' retrieved from /home/ubuntu/.local/lib/python3.10/site-packages/airflow/example_dags/example_setup_teardown_taskflow.py
[2024-01-30T15:41:46.978+0100] {logging_mixin.py:188} INFO - [2024-01-30T15:41:46.977+0100] {dag.py:3033} INFO - Sync 1 DAGs
[2024-01-30T15:41:47.013+0100] {logging_mixin.py:188} INFO - [2024-01-30T15:41:47.012+0100] {dag.py:3820} INFO - Setting next_dagrun for example_setup_teardown_taskflow to 2024-01-29T00:00:00+00:00, run_after=2024-01-30T00:00:00+00:00
[2024-01-30T15:41:47.116+0100] {processor.py:183} INFO - Processing /home/ubuntu/.local/lib/python3.10/site-packages/airflow/example_dags/example_setup_teardown_taskflow.py took 0.197 seconds
[2024-01-30T15:42:52.397+0100] {processor.py:161} INFO - Started process (PID=7660) to work on /home/ubuntu/.local/lib/python3.10/site-packages/airflow/example_dags/example_setup_teardown_taskflow.py
[2024-01-30T15:42:52.398+0100] {processor.py:830} INFO - Processing file /home/ubuntu/.local/lib/python3.10/site-packages/airflow/example_dags/example_setup_teardown_taskflow.py for tasks to queue
[2024-01-30T15:42:52.400+0100] {logging_mixin.py:188} INFO - [2024-01-30T15:42:52.399+0100] {dagbag.py:538} INFO - Filling up the DagBag from /home/ubuntu/.local/lib/python3.10/site-packages/airflow/example_dags/example_setup_teardown_taskflow.py
[2024-01-30T15:42:52.411+0100] {processor.py:840} INFO - DAG(s) 'example_setup_teardown_taskflow' retrieved from /home/ubuntu/.local/lib/python3.10/site-packages/airflow/example_dags/example_setup_teardown_taskflow.py
[2024-01-30T15:42:52.434+0100] {logging_mixin.py:188} INFO - [2024-01-30T15:42:52.433+0100] {dag.py:3033} INFO - Sync 1 DAGs
[2024-01-30T15:42:52.458+0100] {logging_mixin.py:188} INFO - [2024-01-30T15:42:52.457+0100] {dag.py:3820} INFO - Setting next_dagrun for example_setup_teardown_taskflow to 2024-01-29T00:00:00+00:00, run_after=2024-01-30T00:00:00+00:00
[2024-01-30T15:42:52.506+0100] {processor.py:183} INFO - Processing /home/ubuntu/.local/lib/python3.10/site-packages/airflow/example_dags/example_setup_teardown_taskflow.py took 0.113 seconds
[2024-01-30T15:43:48.737+0100] {processor.py:161} INFO - Started process (PID=7930) to work on /home/ubuntu/.local/lib/python3.10/site-packages/airflow/example_dags/example_setup_teardown_taskflow.py
[2024-01-30T15:43:48.747+0100] {processor.py:830} INFO - Processing file /home/ubuntu/.local/lib/python3.10/site-packages/airflow/example_dags/example_setup_teardown_taskflow.py for tasks to queue
[2024-01-30T15:43:48.750+0100] {logging_mixin.py:188} INFO - [2024-01-30T15:43:48.749+0100] {dagbag.py:538} INFO - Filling up the DagBag from /home/ubuntu/.local/lib/python3.10/site-packages/airflow/example_dags/example_setup_teardown_taskflow.py
[2024-01-30T15:43:48.773+0100] {processor.py:840} INFO - DAG(s) 'example_setup_teardown_taskflow' retrieved from /home/ubuntu/.local/lib/python3.10/site-packages/airflow/example_dags/example_setup_teardown_taskflow.py
[2024-01-30T15:43:48.791+0100] {logging_mixin.py:188} INFO - [2024-01-30T15:43:48.790+0100] {dag.py:3033} INFO - Sync 1 DAGs
[2024-01-30T15:43:48.812+0100] {logging_mixin.py:188} INFO - [2024-01-30T15:43:48.812+0100] {dag.py:3820} INFO - Setting next_dagrun for example_setup_teardown_taskflow to 2024-01-29T00:00:00+00:00, run_after=2024-01-30T00:00:00+00:00
[2024-01-30T15:43:48.846+0100] {processor.py:183} INFO - Processing /home/ubuntu/.local/lib/python3.10/site-packages/airflow/example_dags/example_setup_teardown_taskflow.py took 0.112 seconds
[2024-01-30T15:44:54.883+0100] {processor.py:161} INFO - Started process (PID=8210) to work on /home/ubuntu/.local/lib/python3.10/site-packages/airflow/example_dags/example_setup_teardown_taskflow.py
[2024-01-30T15:44:54.888+0100] {processor.py:830} INFO - Processing file /home/ubuntu/.local/lib/python3.10/site-packages/airflow/example_dags/example_setup_teardown_taskflow.py for tasks to queue
[2024-01-30T15:44:54.891+0100] {logging_mixin.py:188} INFO - [2024-01-30T15:44:54.890+0100] {dagbag.py:538} INFO - Filling up the DagBag from /home/ubuntu/.local/lib/python3.10/site-packages/airflow/example_dags/example_setup_teardown_taskflow.py
[2024-01-30T15:44:54.909+0100] {processor.py:840} INFO - DAG(s) 'example_setup_teardown_taskflow' retrieved from /home/ubuntu/.local/lib/python3.10/site-packages/airflow/example_dags/example_setup_teardown_taskflow.py
[2024-01-30T15:44:54.936+0100] {logging_mixin.py:188} INFO - [2024-01-30T15:44:54.936+0100] {dag.py:3033} INFO - Sync 1 DAGs
[2024-01-30T15:44:54.959+0100] {logging_mixin.py:188} INFO - [2024-01-30T15:44:54.959+0100] {dag.py:3820} INFO - Setting next_dagrun for example_setup_teardown_taskflow to 2024-01-29T00:00:00+00:00, run_after=2024-01-30T00:00:00+00:00
[2024-01-30T15:44:55.000+0100] {processor.py:183} INFO - Processing /home/ubuntu/.local/lib/python3.10/site-packages/airflow/example_dags/example_setup_teardown_taskflow.py took 0.122 seconds
[2024-01-30T15:46:00.493+0100] {processor.py:161} INFO - Started process (PID=8293) to work on /home/ubuntu/.local/lib/python3.10/site-packages/airflow/example_dags/example_setup_teardown_taskflow.py
[2024-01-30T15:46:00.495+0100] {processor.py:830} INFO - Processing file /home/ubuntu/.local/lib/python3.10/site-packages/airflow/example_dags/example_setup_teardown_taskflow.py for tasks to queue
[2024-01-30T15:46:00.497+0100] {logging_mixin.py:188} INFO - [2024-01-30T15:46:00.496+0100] {dagbag.py:538} INFO - Filling up the DagBag from /home/ubuntu/.local/lib/python3.10/site-packages/airflow/example_dags/example_setup_teardown_taskflow.py
[2024-01-30T15:46:00.509+0100] {processor.py:840} INFO - DAG(s) 'example_setup_teardown_taskflow' retrieved from /home/ubuntu/.local/lib/python3.10/site-packages/airflow/example_dags/example_setup_teardown_taskflow.py
[2024-01-30T15:46:00.535+0100] {logging_mixin.py:188} INFO - [2024-01-30T15:46:00.535+0100] {dag.py:3033} INFO - Sync 1 DAGs
[2024-01-30T15:46:00.564+0100] {logging_mixin.py:188} INFO - [2024-01-30T15:46:00.563+0100] {dag.py:3820} INFO - Setting next_dagrun for example_setup_teardown_taskflow to 2024-01-29T00:00:00+00:00, run_after=2024-01-30T00:00:00+00:00
[2024-01-30T15:46:00.598+0100] {processor.py:183} INFO - Processing /home/ubuntu/.local/lib/python3.10/site-packages/airflow/example_dags/example_setup_teardown_taskflow.py took 0.109 seconds
[2024-01-30T15:47:03.626+0100] {processor.py:161} INFO - Started process (PID=8360) to work on /home/ubuntu/.local/lib/python3.10/site-packages/airflow/example_dags/example_setup_teardown_taskflow.py
[2024-01-30T15:47:03.630+0100] {processor.py:830} INFO - Processing file /home/ubuntu/.local/lib/python3.10/site-packages/airflow/example_dags/example_setup_teardown_taskflow.py for tasks to queue
[2024-01-30T15:47:03.634+0100] {logging_mixin.py:188} INFO - [2024-01-30T15:47:03.633+0100] {dagbag.py:538} INFO - Filling up the DagBag from /home/ubuntu/.local/lib/python3.10/site-packages/airflow/example_dags/example_setup_teardown_taskflow.py
[2024-01-30T15:47:03.653+0100] {processor.py:840} INFO - DAG(s) 'example_setup_teardown_taskflow' retrieved from /home/ubuntu/.local/lib/python3.10/site-packages/airflow/example_dags/example_setup_teardown_taskflow.py
[2024-01-30T15:47:03.679+0100] {logging_mixin.py:188} INFO - [2024-01-30T15:47:03.679+0100] {dag.py:3033} INFO - Sync 1 DAGs
[2024-01-30T15:47:03.712+0100] {logging_mixin.py:188} INFO - [2024-01-30T15:47:03.712+0100] {dag.py:3820} INFO - Setting next_dagrun for example_setup_teardown_taskflow to 2024-01-29T00:00:00+00:00, run_after=2024-01-30T00:00:00+00:00
[2024-01-30T15:47:03.755+0100] {processor.py:183} INFO - Processing /home/ubuntu/.local/lib/python3.10/site-packages/airflow/example_dags/example_setup_teardown_taskflow.py took 0.134 seconds
[2024-01-30T15:48:30.948+0100] {processor.py:161} INFO - Started process (PID=8625) to work on /home/ubuntu/.local/lib/python3.10/site-packages/airflow/example_dags/example_setup_teardown_taskflow.py
[2024-01-30T15:48:30.954+0100] {processor.py:830} INFO - Processing file /home/ubuntu/.local/lib/python3.10/site-packages/airflow/example_dags/example_setup_teardown_taskflow.py for tasks to queue
[2024-01-30T15:48:30.956+0100] {logging_mixin.py:188} INFO - [2024-01-30T15:48:30.955+0100] {dagbag.py:538} INFO - Filling up the DagBag from /home/ubuntu/.local/lib/python3.10/site-packages/airflow/example_dags/example_setup_teardown_taskflow.py
[2024-01-30T15:48:31.055+0100] {processor.py:840} INFO - DAG(s) 'example_setup_teardown_taskflow' retrieved from /home/ubuntu/.local/lib/python3.10/site-packages/airflow/example_dags/example_setup_teardown_taskflow.py
[2024-01-30T15:48:31.144+0100] {logging_mixin.py:188} INFO - [2024-01-30T15:48:31.143+0100] {dag.py:3033} INFO - Sync 1 DAGs
[2024-01-30T15:48:31.276+0100] {logging_mixin.py:188} INFO - [2024-01-30T15:48:31.276+0100] {dag.py:3820} INFO - Setting next_dagrun for example_setup_teardown_taskflow to 2024-01-29T00:00:00+00:00, run_after=2024-01-30T00:00:00+00:00
[2024-01-30T15:48:31.561+0100] {processor.py:183} INFO - Processing /home/ubuntu/.local/lib/python3.10/site-packages/airflow/example_dags/example_setup_teardown_taskflow.py took 0.634 seconds
[2024-01-30T15:53:28.351+0100] {processor.py:161} INFO - Started process (PID=9674) to work on /home/ubuntu/.local/lib/python3.10/site-packages/airflow/example_dags/example_setup_teardown_taskflow.py
[2024-01-30T15:53:28.383+0100] {processor.py:830} INFO - Processing file /home/ubuntu/.local/lib/python3.10/site-packages/airflow/example_dags/example_setup_teardown_taskflow.py for tasks to queue
[2024-01-30T15:53:28.385+0100] {logging_mixin.py:188} INFO - [2024-01-30T15:53:28.384+0100] {dagbag.py:538} INFO - Filling up the DagBag from /home/ubuntu/.local/lib/python3.10/site-packages/airflow/example_dags/example_setup_teardown_taskflow.py
[2024-01-30T15:53:28.403+0100] {processor.py:840} INFO - DAG(s) 'example_setup_teardown_taskflow' retrieved from /home/ubuntu/.local/lib/python3.10/site-packages/airflow/example_dags/example_setup_teardown_taskflow.py
[2024-01-30T15:53:28.429+0100] {logging_mixin.py:188} INFO - [2024-01-30T15:53:28.429+0100] {dag.py:3033} INFO - Sync 1 DAGs
[2024-01-30T15:53:28.451+0100] {logging_mixin.py:188} INFO - [2024-01-30T15:53:28.451+0100] {dag.py:3820} INFO - Setting next_dagrun for example_setup_teardown_taskflow to 2024-01-29T00:00:00+00:00, run_after=2024-01-30T00:00:00+00:00
[2024-01-30T15:53:28.494+0100] {processor.py:183} INFO - Processing /home/ubuntu/.local/lib/python3.10/site-packages/airflow/example_dags/example_setup_teardown_taskflow.py took 0.169 seconds
[2024-01-30T15:56:06.675+0100] {processor.py:161} INFO - Started process (PID=9893) to work on /home/ubuntu/.local/lib/python3.10/site-packages/airflow/example_dags/example_setup_teardown_taskflow.py
[2024-01-30T15:56:06.703+0100] {processor.py:830} INFO - Processing file /home/ubuntu/.local/lib/python3.10/site-packages/airflow/example_dags/example_setup_teardown_taskflow.py for tasks to queue
[2024-01-30T15:56:06.705+0100] {logging_mixin.py:188} INFO - [2024-01-30T15:56:06.704+0100] {dagbag.py:538} INFO - Filling up the DagBag from /home/ubuntu/.local/lib/python3.10/site-packages/airflow/example_dags/example_setup_teardown_taskflow.py
[2024-01-30T15:56:06.768+0100] {processor.py:840} INFO - DAG(s) 'example_setup_teardown_taskflow' retrieved from /home/ubuntu/.local/lib/python3.10/site-packages/airflow/example_dags/example_setup_teardown_taskflow.py
[2024-01-30T15:56:06.911+0100] {logging_mixin.py:188} INFO - [2024-01-30T15:56:06.910+0100] {dag.py:3033} INFO - Sync 1 DAGs
[2024-01-30T15:56:07.002+0100] {logging_mixin.py:188} INFO - [2024-01-30T15:56:07.002+0100] {dag.py:3820} INFO - Setting next_dagrun for example_setup_teardown_taskflow to 2024-01-29T00:00:00+00:00, run_after=2024-01-30T00:00:00+00:00
[2024-01-30T15:56:07.293+0100] {processor.py:183} INFO - Processing /home/ubuntu/.local/lib/python3.10/site-packages/airflow/example_dags/example_setup_teardown_taskflow.py took 0.637 seconds
[2024-01-30T15:58:02.287+0100] {processor.py:161} INFO - Started process (PID=10016) to work on /home/ubuntu/.local/lib/python3.10/site-packages/airflow/example_dags/example_setup_teardown_taskflow.py
[2024-01-30T15:58:02.290+0100] {processor.py:830} INFO - Processing file /home/ubuntu/.local/lib/python3.10/site-packages/airflow/example_dags/example_setup_teardown_taskflow.py for tasks to queue
[2024-01-30T15:58:02.292+0100] {logging_mixin.py:188} INFO - [2024-01-30T15:58:02.292+0100] {dagbag.py:538} INFO - Filling up the DagBag from /home/ubuntu/.local/lib/python3.10/site-packages/airflow/example_dags/example_setup_teardown_taskflow.py
[2024-01-30T15:58:02.330+0100] {processor.py:840} INFO - DAG(s) 'example_setup_teardown_taskflow' retrieved from /home/ubuntu/.local/lib/python3.10/site-packages/airflow/example_dags/example_setup_teardown_taskflow.py
[2024-01-30T15:58:02.456+0100] {logging_mixin.py:188} INFO - [2024-01-30T15:58:02.456+0100] {dag.py:3033} INFO - Sync 1 DAGs
[2024-01-30T15:58:02.557+0100] {logging_mixin.py:188} INFO - [2024-01-30T15:58:02.556+0100] {dag.py:3820} INFO - Setting next_dagrun for example_setup_teardown_taskflow to 2024-01-29T00:00:00+00:00, run_after=2024-01-30T00:00:00+00:00
[2024-01-30T15:58:02.599+0100] {processor.py:183} INFO - Processing /home/ubuntu/.local/lib/python3.10/site-packages/airflow/example_dags/example_setup_teardown_taskflow.py took 0.318 seconds
[2024-01-30T15:59:50.489+0100] {processor.py:161} INFO - Started process (PID=10123) to work on /home/ubuntu/.local/lib/python3.10/site-packages/airflow/example_dags/example_setup_teardown_taskflow.py
[2024-01-30T15:59:50.520+0100] {processor.py:830} INFO - Processing file /home/ubuntu/.local/lib/python3.10/site-packages/airflow/example_dags/example_setup_teardown_taskflow.py for tasks to queue
[2024-01-30T15:59:50.524+0100] {logging_mixin.py:188} INFO - [2024-01-30T15:59:50.522+0100] {dagbag.py:538} INFO - Filling up the DagBag from /home/ubuntu/.local/lib/python3.10/site-packages/airflow/example_dags/example_setup_teardown_taskflow.py
[2024-01-30T15:59:50.553+0100] {processor.py:840} INFO - DAG(s) 'example_setup_teardown_taskflow' retrieved from /home/ubuntu/.local/lib/python3.10/site-packages/airflow/example_dags/example_setup_teardown_taskflow.py
[2024-01-30T15:59:50.636+0100] {logging_mixin.py:188} INFO - [2024-01-30T15:59:50.636+0100] {dag.py:3033} INFO - Sync 1 DAGs
[2024-01-30T15:59:50.691+0100] {logging_mixin.py:188} INFO - [2024-01-30T15:59:50.683+0100] {dag.py:3820} INFO - Setting next_dagrun for example_setup_teardown_taskflow to 2024-01-29T00:00:00+00:00, run_after=2024-01-30T00:00:00+00:00
[2024-01-30T15:59:50.783+0100] {processor.py:183} INFO - Processing /home/ubuntu/.local/lib/python3.10/site-packages/airflow/example_dags/example_setup_teardown_taskflow.py took 0.331 seconds
[2024-01-30T16:00:45.443+0100] {processor.py:161} INFO - Started process (PID=10181) to work on /home/ubuntu/.local/lib/python3.10/site-packages/airflow/example_dags/example_setup_teardown_taskflow.py
[2024-01-30T16:00:45.446+0100] {processor.py:830} INFO - Processing file /home/ubuntu/.local/lib/python3.10/site-packages/airflow/example_dags/example_setup_teardown_taskflow.py for tasks to queue
[2024-01-30T16:00:45.449+0100] {logging_mixin.py:188} INFO - [2024-01-30T16:00:45.448+0100] {dagbag.py:538} INFO - Filling up the DagBag from /home/ubuntu/.local/lib/python3.10/site-packages/airflow/example_dags/example_setup_teardown_taskflow.py
[2024-01-30T16:00:45.469+0100] {processor.py:840} INFO - DAG(s) 'example_setup_teardown_taskflow' retrieved from /home/ubuntu/.local/lib/python3.10/site-packages/airflow/example_dags/example_setup_teardown_taskflow.py
[2024-01-30T16:00:45.500+0100] {logging_mixin.py:188} INFO - [2024-01-30T16:00:45.500+0100] {dag.py:3033} INFO - Sync 1 DAGs
[2024-01-30T16:00:45.532+0100] {logging_mixin.py:188} INFO - [2024-01-30T16:00:45.532+0100] {dag.py:3820} INFO - Setting next_dagrun for example_setup_teardown_taskflow to 2024-01-29T00:00:00+00:00, run_after=2024-01-30T00:00:00+00:00
[2024-01-30T16:00:45.574+0100] {processor.py:183} INFO - Processing /home/ubuntu/.local/lib/python3.10/site-packages/airflow/example_dags/example_setup_teardown_taskflow.py took 0.138 seconds
[2024-01-30T16:01:40.655+0100] {processor.py:161} INFO - Started process (PID=10237) to work on /home/ubuntu/.local/lib/python3.10/site-packages/airflow/example_dags/example_setup_teardown_taskflow.py
[2024-01-30T16:01:40.657+0100] {processor.py:830} INFO - Processing file /home/ubuntu/.local/lib/python3.10/site-packages/airflow/example_dags/example_setup_teardown_taskflow.py for tasks to queue
[2024-01-30T16:01:40.658+0100] {logging_mixin.py:188} INFO - [2024-01-30T16:01:40.658+0100] {dagbag.py:538} INFO - Filling up the DagBag from /home/ubuntu/.local/lib/python3.10/site-packages/airflow/example_dags/example_setup_teardown_taskflow.py
[2024-01-30T16:01:40.670+0100] {processor.py:840} INFO - DAG(s) 'example_setup_teardown_taskflow' retrieved from /home/ubuntu/.local/lib/python3.10/site-packages/airflow/example_dags/example_setup_teardown_taskflow.py
[2024-01-30T16:01:40.687+0100] {logging_mixin.py:188} INFO - [2024-01-30T16:01:40.687+0100] {dag.py:3033} INFO - Sync 1 DAGs
[2024-01-30T16:01:40.713+0100] {logging_mixin.py:188} INFO - [2024-01-30T16:01:40.712+0100] {dag.py:3820} INFO - Setting next_dagrun for example_setup_teardown_taskflow to 2024-01-29T00:00:00+00:00, run_after=2024-01-30T00:00:00+00:00
[2024-01-30T16:01:40.777+0100] {processor.py:183} INFO - Processing /home/ubuntu/.local/lib/python3.10/site-packages/airflow/example_dags/example_setup_teardown_taskflow.py took 0.127 seconds
[2024-01-30T16:03:12.526+0100] {processor.py:161} INFO - Started process (PID=10333) to work on /home/ubuntu/.local/lib/python3.10/site-packages/airflow/example_dags/example_setup_teardown_taskflow.py
[2024-01-30T16:03:12.540+0100] {processor.py:830} INFO - Processing file /home/ubuntu/.local/lib/python3.10/site-packages/airflow/example_dags/example_setup_teardown_taskflow.py for tasks to queue
[2024-01-30T16:03:12.547+0100] {logging_mixin.py:188} INFO - [2024-01-30T16:03:12.546+0100] {dagbag.py:538} INFO - Filling up the DagBag from /home/ubuntu/.local/lib/python3.10/site-packages/airflow/example_dags/example_setup_teardown_taskflow.py
[2024-01-30T16:03:12.569+0100] {processor.py:840} INFO - DAG(s) 'example_setup_teardown_taskflow' retrieved from /home/ubuntu/.local/lib/python3.10/site-packages/airflow/example_dags/example_setup_teardown_taskflow.py
[2024-01-30T16:03:12.686+0100] {logging_mixin.py:188} INFO - [2024-01-30T16:03:12.686+0100] {dag.py:3033} INFO - Sync 1 DAGs
[2024-01-30T16:03:12.726+0100] {logging_mixin.py:188} INFO - [2024-01-30T16:03:12.726+0100] {dag.py:3820} INFO - Setting next_dagrun for example_setup_teardown_taskflow to 2024-01-29T00:00:00+00:00, run_after=2024-01-30T00:00:00+00:00
[2024-01-30T16:03:12.760+0100] {processor.py:183} INFO - Processing /home/ubuntu/.local/lib/python3.10/site-packages/airflow/example_dags/example_setup_teardown_taskflow.py took 0.241 seconds
[2024-01-30T16:04:46.325+0100] {processor.py:161} INFO - Started process (PID=10432) to work on /home/ubuntu/.local/lib/python3.10/site-packages/airflow/example_dags/example_setup_teardown_taskflow.py
[2024-01-30T16:04:46.338+0100] {processor.py:830} INFO - Processing file /home/ubuntu/.local/lib/python3.10/site-packages/airflow/example_dags/example_setup_teardown_taskflow.py for tasks to queue
[2024-01-30T16:04:46.339+0100] {logging_mixin.py:188} INFO - [2024-01-30T16:04:46.339+0100] {dagbag.py:538} INFO - Filling up the DagBag from /home/ubuntu/.local/lib/python3.10/site-packages/airflow/example_dags/example_setup_teardown_taskflow.py
[2024-01-30T16:04:46.355+0100] {processor.py:840} INFO - DAG(s) 'example_setup_teardown_taskflow' retrieved from /home/ubuntu/.local/lib/python3.10/site-packages/airflow/example_dags/example_setup_teardown_taskflow.py
[2024-01-30T16:04:46.379+0100] {logging_mixin.py:188} INFO - [2024-01-30T16:04:46.379+0100] {dag.py:3033} INFO - Sync 1 DAGs
[2024-01-30T16:04:46.404+0100] {logging_mixin.py:188} INFO - [2024-01-30T16:04:46.404+0100] {dag.py:3820} INFO - Setting next_dagrun for example_setup_teardown_taskflow to 2024-01-29T00:00:00+00:00, run_after=2024-01-30T00:00:00+00:00
[2024-01-30T16:04:46.438+0100] {processor.py:183} INFO - Processing /home/ubuntu/.local/lib/python3.10/site-packages/airflow/example_dags/example_setup_teardown_taskflow.py took 0.116 seconds
[2024-01-30T16:06:33.143+0100] {processor.py:161} INFO - Started process (PID=10518) to work on /home/ubuntu/.local/lib/python3.10/site-packages/airflow/example_dags/example_setup_teardown_taskflow.py
[2024-01-30T16:06:33.182+0100] {processor.py:830} INFO - Processing file /home/ubuntu/.local/lib/python3.10/site-packages/airflow/example_dags/example_setup_teardown_taskflow.py for tasks to queue
[2024-01-30T16:06:33.183+0100] {logging_mixin.py:188} INFO - [2024-01-30T16:06:33.182+0100] {dagbag.py:538} INFO - Filling up the DagBag from /home/ubuntu/.local/lib/python3.10/site-packages/airflow/example_dags/example_setup_teardown_taskflow.py
[2024-01-30T16:06:33.258+0100] {processor.py:840} INFO - DAG(s) 'example_setup_teardown_taskflow' retrieved from /home/ubuntu/.local/lib/python3.10/site-packages/airflow/example_dags/example_setup_teardown_taskflow.py
[2024-01-30T16:06:33.311+0100] {logging_mixin.py:188} INFO - [2024-01-30T16:06:33.311+0100] {dag.py:3033} INFO - Sync 1 DAGs
[2024-01-30T16:06:33.431+0100] {logging_mixin.py:188} INFO - [2024-01-30T16:06:33.431+0100] {dag.py:3820} INFO - Setting next_dagrun for example_setup_teardown_taskflow to 2024-01-29T00:00:00+00:00, run_after=2024-01-30T00:00:00+00:00
[2024-01-30T16:06:33.643+0100] {processor.py:183} INFO - Processing /home/ubuntu/.local/lib/python3.10/site-packages/airflow/example_dags/example_setup_teardown_taskflow.py took 0.555 seconds
