[2024-01-30T15:30:31.141+0100] {processor.py:161} INFO - Started process (PID=6628) to work on /home/ubuntu/.local/lib/python3.10/site-packages/airflow/example_dags/example_datasets.py
[2024-01-30T15:30:31.143+0100] {processor.py:830} INFO - Processing file /home/ubuntu/.local/lib/python3.10/site-packages/airflow/example_dags/example_datasets.py for tasks to queue
[2024-01-30T15:30:31.145+0100] {logging_mixin.py:188} INFO - [2024-01-30T15:30:31.144+0100] {dagbag.py:538} INFO - Filling up the DagBag from /home/ubuntu/.local/lib/python3.10/site-packages/airflow/example_dags/example_datasets.py
[2024-01-30T15:30:31.158+0100] {processor.py:840} INFO - DAG(s) 'dataset_produces_1', 'dataset_consumes_1_and_2', 'dataset_consumes_1', 'dataset_consumes_unknown_never_scheduled', 'dataset_consumes_1_never_scheduled', 'dataset_produces_2' retrieved from /home/ubuntu/.local/lib/python3.10/site-packages/airflow/example_dags/example_datasets.py
[2024-01-30T15:30:31.296+0100] {logging_mixin.py:188} INFO - [2024-01-30T15:30:31.296+0100] {dag.py:3033} INFO - Sync 6 DAGs
[2024-01-30T15:30:31.370+0100] {logging_mixin.py:188} INFO - [2024-01-30T15:30:31.370+0100] {dag.py:3820} INFO - Setting next_dagrun for dataset_consumes_1 to None, run_after=None
[2024-01-30T15:30:31.384+0100] {logging_mixin.py:188} INFO - [2024-01-30T15:30:31.382+0100] {dag.py:3820} INFO - Setting next_dagrun for dataset_consumes_1_and_2 to None, run_after=None
[2024-01-30T15:30:31.387+0100] {logging_mixin.py:188} INFO - [2024-01-30T15:30:31.386+0100] {dag.py:3820} INFO - Setting next_dagrun for dataset_consumes_1_never_scheduled to None, run_after=None
[2024-01-30T15:30:31.391+0100] {logging_mixin.py:188} INFO - [2024-01-30T15:30:31.390+0100] {dag.py:3820} INFO - Setting next_dagrun for dataset_consumes_unknown_never_scheduled to None, run_after=None
[2024-01-30T15:30:31.397+0100] {logging_mixin.py:188} INFO - [2024-01-30T15:30:31.397+0100] {dag.py:3820} INFO - Setting next_dagrun for dataset_produces_1 to 2024-01-29T00:00:00+00:00, run_after=2024-01-30T00:00:00+00:00
[2024-01-30T15:30:31.409+0100] {logging_mixin.py:188} INFO - [2024-01-30T15:30:31.404+0100] {dag.py:3820} INFO - Setting next_dagrun for dataset_produces_2 to None, run_after=None
[2024-01-30T15:30:31.612+0100] {processor.py:183} INFO - Processing /home/ubuntu/.local/lib/python3.10/site-packages/airflow/example_dags/example_datasets.py took 0.475 seconds
[2024-01-30T15:31:27.844+0100] {processor.py:161} INFO - Started process (PID=6687) to work on /home/ubuntu/.local/lib/python3.10/site-packages/airflow/example_dags/example_datasets.py
[2024-01-30T15:31:27.846+0100] {processor.py:830} INFO - Processing file /home/ubuntu/.local/lib/python3.10/site-packages/airflow/example_dags/example_datasets.py for tasks to queue
[2024-01-30T15:31:27.848+0100] {logging_mixin.py:188} INFO - [2024-01-30T15:31:27.847+0100] {dagbag.py:538} INFO - Filling up the DagBag from /home/ubuntu/.local/lib/python3.10/site-packages/airflow/example_dags/example_datasets.py
[2024-01-30T15:31:27.870+0100] {processor.py:840} INFO - DAG(s) 'dataset_produces_1', 'dataset_consumes_1_and_2', 'dataset_consumes_1_never_scheduled', 'dataset_consumes_unknown_never_scheduled', 'dataset_produces_2', 'dataset_consumes_1' retrieved from /home/ubuntu/.local/lib/python3.10/site-packages/airflow/example_dags/example_datasets.py
[2024-01-30T15:31:27.925+0100] {logging_mixin.py:188} INFO - [2024-01-30T15:31:27.925+0100] {dag.py:3033} INFO - Sync 6 DAGs
[2024-01-30T15:31:27.969+0100] {logging_mixin.py:188} INFO - [2024-01-30T15:31:27.969+0100] {dag.py:3820} INFO - Setting next_dagrun for dataset_consumes_1 to None, run_after=None
[2024-01-30T15:31:27.976+0100] {logging_mixin.py:188} INFO - [2024-01-30T15:31:27.975+0100] {dag.py:3820} INFO - Setting next_dagrun for dataset_consumes_1_and_2 to None, run_after=None
[2024-01-30T15:31:27.978+0100] {logging_mixin.py:188} INFO - [2024-01-30T15:31:27.978+0100] {dag.py:3820} INFO - Setting next_dagrun for dataset_consumes_1_never_scheduled to None, run_after=None
[2024-01-30T15:31:27.981+0100] {logging_mixin.py:188} INFO - [2024-01-30T15:31:27.980+0100] {dag.py:3820} INFO - Setting next_dagrun for dataset_consumes_unknown_never_scheduled to None, run_after=None
[2024-01-30T15:31:27.986+0100] {logging_mixin.py:188} INFO - [2024-01-30T15:31:27.985+0100] {dag.py:3820} INFO - Setting next_dagrun for dataset_produces_1 to 2024-01-29T00:00:00+00:00, run_after=2024-01-30T00:00:00+00:00
[2024-01-30T15:31:27.988+0100] {logging_mixin.py:188} INFO - [2024-01-30T15:31:27.988+0100] {dag.py:3820} INFO - Setting next_dagrun for dataset_produces_2 to None, run_after=None
[2024-01-30T15:31:28.038+0100] {processor.py:183} INFO - Processing /home/ubuntu/.local/lib/python3.10/site-packages/airflow/example_dags/example_datasets.py took 0.198 seconds
[2024-01-30T15:32:24.711+0100] {processor.py:161} INFO - Started process (PID=6748) to work on /home/ubuntu/.local/lib/python3.10/site-packages/airflow/example_dags/example_datasets.py
[2024-01-30T15:32:24.742+0100] {processor.py:830} INFO - Processing file /home/ubuntu/.local/lib/python3.10/site-packages/airflow/example_dags/example_datasets.py for tasks to queue
[2024-01-30T15:32:24.803+0100] {logging_mixin.py:188} INFO - [2024-01-30T15:32:24.802+0100] {dagbag.py:538} INFO - Filling up the DagBag from /home/ubuntu/.local/lib/python3.10/site-packages/airflow/example_dags/example_datasets.py
[2024-01-30T15:32:24.941+0100] {processor.py:840} INFO - DAG(s) 'dataset_consumes_unknown_never_scheduled', 'dataset_produces_1', 'dataset_consumes_1_and_2', 'dataset_consumes_1_never_scheduled', 'dataset_produces_2', 'dataset_consumes_1' retrieved from /home/ubuntu/.local/lib/python3.10/site-packages/airflow/example_dags/example_datasets.py
[2024-01-30T15:32:25.567+0100] {logging_mixin.py:188} INFO - [2024-01-30T15:32:25.566+0100] {dag.py:3033} INFO - Sync 6 DAGs
[2024-01-30T15:32:26.632+0100] {logging_mixin.py:188} INFO - [2024-01-30T15:32:26.632+0100] {dag.py:3820} INFO - Setting next_dagrun for dataset_consumes_1 to None, run_after=None
[2024-01-30T15:32:26.796+0100] {logging_mixin.py:188} INFO - [2024-01-30T15:32:26.795+0100] {dag.py:3820} INFO - Setting next_dagrun for dataset_consumes_1_and_2 to None, run_after=None
[2024-01-30T15:32:26.823+0100] {logging_mixin.py:188} INFO - [2024-01-30T15:32:26.822+0100] {dag.py:3820} INFO - Setting next_dagrun for dataset_consumes_1_never_scheduled to None, run_after=None
[2024-01-30T15:32:26.839+0100] {logging_mixin.py:188} INFO - [2024-01-30T15:32:26.838+0100] {dag.py:3820} INFO - Setting next_dagrun for dataset_consumes_unknown_never_scheduled to None, run_after=None
[2024-01-30T15:32:26.848+0100] {logging_mixin.py:188} INFO - [2024-01-30T15:32:26.848+0100] {dag.py:3820} INFO - Setting next_dagrun for dataset_produces_1 to 2024-01-29T00:00:00+00:00, run_after=2024-01-30T00:00:00+00:00
[2024-01-30T15:32:26.851+0100] {logging_mixin.py:188} INFO - [2024-01-30T15:32:26.851+0100] {dag.py:3820} INFO - Setting next_dagrun for dataset_produces_2 to None, run_after=None
[2024-01-30T15:32:27.970+0100] {processor.py:183} INFO - Processing /home/ubuntu/.local/lib/python3.10/site-packages/airflow/example_dags/example_datasets.py took 3.434 seconds
[2024-01-30T15:33:54.429+0100] {processor.py:161} INFO - Started process (PID=6832) to work on /home/ubuntu/.local/lib/python3.10/site-packages/airflow/example_dags/example_datasets.py
[2024-01-30T15:33:54.453+0100] {processor.py:830} INFO - Processing file /home/ubuntu/.local/lib/python3.10/site-packages/airflow/example_dags/example_datasets.py for tasks to queue
[2024-01-30T15:33:54.455+0100] {logging_mixin.py:188} INFO - [2024-01-30T15:33:54.455+0100] {dagbag.py:538} INFO - Filling up the DagBag from /home/ubuntu/.local/lib/python3.10/site-packages/airflow/example_dags/example_datasets.py
[2024-01-30T15:33:54.504+0100] {processor.py:840} INFO - DAG(s) 'dataset_consumes_1_never_scheduled', 'dataset_consumes_unknown_never_scheduled', 'dataset_produces_2', 'dataset_consumes_1_and_2', 'dataset_produces_1', 'dataset_consumes_1' retrieved from /home/ubuntu/.local/lib/python3.10/site-packages/airflow/example_dags/example_datasets.py
[2024-01-30T15:33:54.576+0100] {logging_mixin.py:188} INFO - [2024-01-30T15:33:54.576+0100] {dag.py:3033} INFO - Sync 6 DAGs
[2024-01-30T15:33:54.603+0100] {logging_mixin.py:188} INFO - [2024-01-30T15:33:54.603+0100] {dag.py:3820} INFO - Setting next_dagrun for dataset_consumes_1 to None, run_after=None
[2024-01-30T15:33:54.607+0100] {logging_mixin.py:188} INFO - [2024-01-30T15:33:54.607+0100] {dag.py:3820} INFO - Setting next_dagrun for dataset_consumes_1_and_2 to None, run_after=None
[2024-01-30T15:33:54.608+0100] {logging_mixin.py:188} INFO - [2024-01-30T15:33:54.608+0100] {dag.py:3820} INFO - Setting next_dagrun for dataset_consumes_1_never_scheduled to None, run_after=None
[2024-01-30T15:33:54.610+0100] {logging_mixin.py:188} INFO - [2024-01-30T15:33:54.610+0100] {dag.py:3820} INFO - Setting next_dagrun for dataset_consumes_unknown_never_scheduled to None, run_after=None
[2024-01-30T15:33:54.613+0100] {logging_mixin.py:188} INFO - [2024-01-30T15:33:54.613+0100] {dag.py:3820} INFO - Setting next_dagrun for dataset_produces_1 to 2024-01-29T00:00:00+00:00, run_after=2024-01-30T00:00:00+00:00
[2024-01-30T15:33:54.614+0100] {logging_mixin.py:188} INFO - [2024-01-30T15:33:54.614+0100] {dag.py:3820} INFO - Setting next_dagrun for dataset_produces_2 to None, run_after=None
[2024-01-30T15:33:54.678+0100] {processor.py:183} INFO - Processing /home/ubuntu/.local/lib/python3.10/site-packages/airflow/example_dags/example_datasets.py took 0.266 seconds
[2024-01-30T15:34:50.507+0100] {processor.py:161} INFO - Started process (PID=6891) to work on /home/ubuntu/.local/lib/python3.10/site-packages/airflow/example_dags/example_datasets.py
[2024-01-30T15:34:50.509+0100] {processor.py:830} INFO - Processing file /home/ubuntu/.local/lib/python3.10/site-packages/airflow/example_dags/example_datasets.py for tasks to queue
[2024-01-30T15:34:50.512+0100] {logging_mixin.py:188} INFO - [2024-01-30T15:34:50.511+0100] {dagbag.py:538} INFO - Filling up the DagBag from /home/ubuntu/.local/lib/python3.10/site-packages/airflow/example_dags/example_datasets.py
[2024-01-30T15:34:50.527+0100] {processor.py:840} INFO - DAG(s) 'dataset_produces_1', 'dataset_consumes_1_and_2', 'dataset_consumes_1', 'dataset_produces_2', 'dataset_consumes_unknown_never_scheduled', 'dataset_consumes_1_never_scheduled' retrieved from /home/ubuntu/.local/lib/python3.10/site-packages/airflow/example_dags/example_datasets.py
[2024-01-30T15:34:50.560+0100] {logging_mixin.py:188} INFO - [2024-01-30T15:34:50.560+0100] {dag.py:3033} INFO - Sync 6 DAGs
[2024-01-30T15:34:50.594+0100] {logging_mixin.py:188} INFO - [2024-01-30T15:34:50.593+0100] {dag.py:3820} INFO - Setting next_dagrun for dataset_consumes_1 to None, run_after=None
[2024-01-30T15:34:50.600+0100] {logging_mixin.py:188} INFO - [2024-01-30T15:34:50.600+0100] {dag.py:3820} INFO - Setting next_dagrun for dataset_consumes_1_and_2 to None, run_after=None
[2024-01-30T15:34:50.602+0100] {logging_mixin.py:188} INFO - [2024-01-30T15:34:50.602+0100] {dag.py:3820} INFO - Setting next_dagrun for dataset_consumes_1_never_scheduled to None, run_after=None
[2024-01-30T15:34:50.606+0100] {logging_mixin.py:188} INFO - [2024-01-30T15:34:50.605+0100] {dag.py:3820} INFO - Setting next_dagrun for dataset_consumes_unknown_never_scheduled to None, run_after=None
[2024-01-30T15:34:50.610+0100] {logging_mixin.py:188} INFO - [2024-01-30T15:34:50.610+0100] {dag.py:3820} INFO - Setting next_dagrun for dataset_produces_1 to 2024-01-29T00:00:00+00:00, run_after=2024-01-30T00:00:00+00:00
[2024-01-30T15:34:50.612+0100] {logging_mixin.py:188} INFO - [2024-01-30T15:34:50.612+0100] {dag.py:3820} INFO - Setting next_dagrun for dataset_produces_2 to None, run_after=None
[2024-01-30T15:34:50.679+0100] {processor.py:183} INFO - Processing /home/ubuntu/.local/lib/python3.10/site-packages/airflow/example_dags/example_datasets.py took 0.176 seconds
[2024-01-30T15:36:02.985+0100] {processor.py:161} INFO - Started process (PID=6972) to work on /home/ubuntu/.local/lib/python3.10/site-packages/airflow/example_dags/example_datasets.py
[2024-01-30T15:36:02.989+0100] {processor.py:830} INFO - Processing file /home/ubuntu/.local/lib/python3.10/site-packages/airflow/example_dags/example_datasets.py for tasks to queue
[2024-01-30T15:36:02.992+0100] {logging_mixin.py:188} INFO - [2024-01-30T15:36:02.991+0100] {dagbag.py:538} INFO - Filling up the DagBag from /home/ubuntu/.local/lib/python3.10/site-packages/airflow/example_dags/example_datasets.py
[2024-01-30T15:36:03.019+0100] {processor.py:840} INFO - DAG(s) 'dataset_consumes_unknown_never_scheduled', 'dataset_consumes_1_and_2', 'dataset_consumes_1', 'dataset_consumes_1_never_scheduled', 'dataset_produces_1', 'dataset_produces_2' retrieved from /home/ubuntu/.local/lib/python3.10/site-packages/airflow/example_dags/example_datasets.py
[2024-01-30T15:36:03.092+0100] {logging_mixin.py:188} INFO - [2024-01-30T15:36:03.092+0100] {dag.py:3033} INFO - Sync 6 DAGs
[2024-01-30T15:36:03.115+0100] {logging_mixin.py:188} INFO - [2024-01-30T15:36:03.115+0100] {dag.py:3820} INFO - Setting next_dagrun for dataset_consumes_1 to None, run_after=None
[2024-01-30T15:36:03.119+0100] {logging_mixin.py:188} INFO - [2024-01-30T15:36:03.119+0100] {dag.py:3820} INFO - Setting next_dagrun for dataset_consumes_1_and_2 to None, run_after=None
[2024-01-30T15:36:03.120+0100] {logging_mixin.py:188} INFO - [2024-01-30T15:36:03.120+0100] {dag.py:3820} INFO - Setting next_dagrun for dataset_consumes_1_never_scheduled to None, run_after=None
[2024-01-30T15:36:03.121+0100] {logging_mixin.py:188} INFO - [2024-01-30T15:36:03.121+0100] {dag.py:3820} INFO - Setting next_dagrun for dataset_consumes_unknown_never_scheduled to None, run_after=None
[2024-01-30T15:36:03.124+0100] {logging_mixin.py:188} INFO - [2024-01-30T15:36:03.124+0100] {dag.py:3820} INFO - Setting next_dagrun for dataset_produces_1 to 2024-01-29T00:00:00+00:00, run_after=2024-01-30T00:00:00+00:00
[2024-01-30T15:36:03.125+0100] {logging_mixin.py:188} INFO - [2024-01-30T15:36:03.125+0100] {dag.py:3820} INFO - Setting next_dagrun for dataset_produces_2 to None, run_after=None
[2024-01-30T15:36:03.165+0100] {processor.py:183} INFO - Processing /home/ubuntu/.local/lib/python3.10/site-packages/airflow/example_dags/example_datasets.py took 0.190 seconds
[2024-01-30T15:36:55.866+0100] {processor.py:161} INFO - Started process (PID=7026) to work on /home/ubuntu/.local/lib/python3.10/site-packages/airflow/example_dags/example_datasets.py
[2024-01-30T15:36:55.868+0100] {processor.py:830} INFO - Processing file /home/ubuntu/.local/lib/python3.10/site-packages/airflow/example_dags/example_datasets.py for tasks to queue
[2024-01-30T15:36:55.869+0100] {logging_mixin.py:188} INFO - [2024-01-30T15:36:55.869+0100] {dagbag.py:538} INFO - Filling up the DagBag from /home/ubuntu/.local/lib/python3.10/site-packages/airflow/example_dags/example_datasets.py
[2024-01-30T15:36:55.887+0100] {processor.py:840} INFO - DAG(s) 'dataset_consumes_1_never_scheduled', 'dataset_produces_2', 'dataset_consumes_unknown_never_scheduled', 'dataset_consumes_1', 'dataset_consumes_1_and_2', 'dataset_produces_1' retrieved from /home/ubuntu/.local/lib/python3.10/site-packages/airflow/example_dags/example_datasets.py
[2024-01-30T15:36:55.918+0100] {logging_mixin.py:188} INFO - [2024-01-30T15:36:55.917+0100] {dag.py:3033} INFO - Sync 6 DAGs
[2024-01-30T15:36:55.977+0100] {logging_mixin.py:188} INFO - [2024-01-30T15:36:55.977+0100] {dag.py:3820} INFO - Setting next_dagrun for dataset_consumes_1 to None, run_after=None
[2024-01-30T15:36:56.012+0100] {logging_mixin.py:188} INFO - [2024-01-30T15:36:56.012+0100] {dag.py:3820} INFO - Setting next_dagrun for dataset_consumes_1_and_2 to None, run_after=None
[2024-01-30T15:36:56.017+0100] {logging_mixin.py:188} INFO - [2024-01-30T15:36:56.017+0100] {dag.py:3820} INFO - Setting next_dagrun for dataset_consumes_1_never_scheduled to None, run_after=None
[2024-01-30T15:36:56.024+0100] {logging_mixin.py:188} INFO - [2024-01-30T15:36:56.019+0100] {dag.py:3820} INFO - Setting next_dagrun for dataset_consumes_unknown_never_scheduled to None, run_after=None
[2024-01-30T15:36:56.048+0100] {logging_mixin.py:188} INFO - [2024-01-30T15:36:56.047+0100] {dag.py:3820} INFO - Setting next_dagrun for dataset_produces_1 to 2024-01-29T00:00:00+00:00, run_after=2024-01-30T00:00:00+00:00
[2024-01-30T15:36:56.051+0100] {logging_mixin.py:188} INFO - [2024-01-30T15:36:56.050+0100] {dag.py:3820} INFO - Setting next_dagrun for dataset_produces_2 to None, run_after=None
[2024-01-30T15:36:56.110+0100] {processor.py:183} INFO - Processing /home/ubuntu/.local/lib/python3.10/site-packages/airflow/example_dags/example_datasets.py took 0.247 seconds
[2024-01-30T15:37:50.748+0100] {processor.py:161} INFO - Started process (PID=7084) to work on /home/ubuntu/.local/lib/python3.10/site-packages/airflow/example_dags/example_datasets.py
[2024-01-30T15:37:50.752+0100] {processor.py:830} INFO - Processing file /home/ubuntu/.local/lib/python3.10/site-packages/airflow/example_dags/example_datasets.py for tasks to queue
[2024-01-30T15:37:50.753+0100] {logging_mixin.py:188} INFO - [2024-01-30T15:37:50.752+0100] {dagbag.py:538} INFO - Filling up the DagBag from /home/ubuntu/.local/lib/python3.10/site-packages/airflow/example_dags/example_datasets.py
[2024-01-30T15:37:50.778+0100] {processor.py:840} INFO - DAG(s) 'dataset_consumes_1', 'dataset_produces_2', 'dataset_produces_1', 'dataset_consumes_unknown_never_scheduled', 'dataset_consumes_1_and_2', 'dataset_consumes_1_never_scheduled' retrieved from /home/ubuntu/.local/lib/python3.10/site-packages/airflow/example_dags/example_datasets.py
[2024-01-30T15:37:50.820+0100] {logging_mixin.py:188} INFO - [2024-01-30T15:37:50.820+0100] {dag.py:3033} INFO - Sync 6 DAGs
[2024-01-30T15:37:50.847+0100] {logging_mixin.py:188} INFO - [2024-01-30T15:37:50.847+0100] {dag.py:3820} INFO - Setting next_dagrun for dataset_consumes_1 to None, run_after=None
[2024-01-30T15:37:50.851+0100] {logging_mixin.py:188} INFO - [2024-01-30T15:37:50.851+0100] {dag.py:3820} INFO - Setting next_dagrun for dataset_consumes_1_and_2 to None, run_after=None
[2024-01-30T15:37:50.853+0100] {logging_mixin.py:188} INFO - [2024-01-30T15:37:50.853+0100] {dag.py:3820} INFO - Setting next_dagrun for dataset_consumes_1_never_scheduled to None, run_after=None
[2024-01-30T15:37:50.855+0100] {logging_mixin.py:188} INFO - [2024-01-30T15:37:50.855+0100] {dag.py:3820} INFO - Setting next_dagrun for dataset_consumes_unknown_never_scheduled to None, run_after=None
[2024-01-30T15:37:50.858+0100] {logging_mixin.py:188} INFO - [2024-01-30T15:37:50.858+0100] {dag.py:3820} INFO - Setting next_dagrun for dataset_produces_1 to 2024-01-29T00:00:00+00:00, run_after=2024-01-30T00:00:00+00:00
[2024-01-30T15:37:50.859+0100] {logging_mixin.py:188} INFO - [2024-01-30T15:37:50.859+0100] {dag.py:3820} INFO - Setting next_dagrun for dataset_produces_2 to None, run_after=None
[2024-01-30T15:37:50.915+0100] {processor.py:183} INFO - Processing /home/ubuntu/.local/lib/python3.10/site-packages/airflow/example_dags/example_datasets.py took 0.172 seconds
[2024-01-30T15:39:13.462+0100] {processor.py:161} INFO - Started process (PID=7249) to work on /home/ubuntu/.local/lib/python3.10/site-packages/airflow/example_dags/example_datasets.py
[2024-01-30T15:39:13.463+0100] {processor.py:830} INFO - Processing file /home/ubuntu/.local/lib/python3.10/site-packages/airflow/example_dags/example_datasets.py for tasks to queue
[2024-01-30T15:39:13.465+0100] {logging_mixin.py:188} INFO - [2024-01-30T15:39:13.465+0100] {dagbag.py:538} INFO - Filling up the DagBag from /home/ubuntu/.local/lib/python3.10/site-packages/airflow/example_dags/example_datasets.py
[2024-01-30T15:39:13.477+0100] {processor.py:840} INFO - DAG(s) 'dataset_consumes_1_never_scheduled', 'dataset_produces_1', 'dataset_consumes_1_and_2', 'dataset_consumes_1', 'dataset_produces_2', 'dataset_consumes_unknown_never_scheduled' retrieved from /home/ubuntu/.local/lib/python3.10/site-packages/airflow/example_dags/example_datasets.py
[2024-01-30T15:39:13.539+0100] {logging_mixin.py:188} INFO - [2024-01-30T15:39:13.538+0100] {dag.py:3033} INFO - Sync 6 DAGs
[2024-01-30T15:39:13.608+0100] {logging_mixin.py:188} INFO - [2024-01-30T15:39:13.607+0100] {dag.py:3820} INFO - Setting next_dagrun for dataset_consumes_1 to None, run_after=None
[2024-01-30T15:39:13.643+0100] {logging_mixin.py:188} INFO - [2024-01-30T15:39:13.642+0100] {dag.py:3820} INFO - Setting next_dagrun for dataset_consumes_1_and_2 to None, run_after=None
[2024-01-30T15:39:13.645+0100] {logging_mixin.py:188} INFO - [2024-01-30T15:39:13.645+0100] {dag.py:3820} INFO - Setting next_dagrun for dataset_consumes_1_never_scheduled to None, run_after=None
[2024-01-30T15:39:13.647+0100] {logging_mixin.py:188} INFO - [2024-01-30T15:39:13.647+0100] {dag.py:3820} INFO - Setting next_dagrun for dataset_consumes_unknown_never_scheduled to None, run_after=None
[2024-01-30T15:39:13.654+0100] {logging_mixin.py:188} INFO - [2024-01-30T15:39:13.654+0100] {dag.py:3820} INFO - Setting next_dagrun for dataset_produces_1 to 2024-01-29T00:00:00+00:00, run_after=2024-01-30T00:00:00+00:00
[2024-01-30T15:39:13.659+0100] {logging_mixin.py:188} INFO - [2024-01-30T15:39:13.659+0100] {dag.py:3820} INFO - Setting next_dagrun for dataset_produces_2 to None, run_after=None
[2024-01-30T15:39:13.715+0100] {processor.py:183} INFO - Processing /home/ubuntu/.local/lib/python3.10/site-packages/airflow/example_dags/example_datasets.py took 0.257 seconds
[2024-01-30T15:40:07.303+0100] {processor.py:161} INFO - Started process (PID=7309) to work on /home/ubuntu/.local/lib/python3.10/site-packages/airflow/example_dags/example_datasets.py
[2024-01-30T15:40:07.305+0100] {processor.py:830} INFO - Processing file /home/ubuntu/.local/lib/python3.10/site-packages/airflow/example_dags/example_datasets.py for tasks to queue
[2024-01-30T15:40:07.307+0100] {logging_mixin.py:188} INFO - [2024-01-30T15:40:07.307+0100] {dagbag.py:538} INFO - Filling up the DagBag from /home/ubuntu/.local/lib/python3.10/site-packages/airflow/example_dags/example_datasets.py
[2024-01-30T15:40:07.324+0100] {processor.py:840} INFO - DAG(s) 'dataset_consumes_1', 'dataset_produces_1', 'dataset_produces_2', 'dataset_consumes_unknown_never_scheduled', 'dataset_consumes_1_and_2', 'dataset_consumes_1_never_scheduled' retrieved from /home/ubuntu/.local/lib/python3.10/site-packages/airflow/example_dags/example_datasets.py
[2024-01-30T15:40:07.369+0100] {logging_mixin.py:188} INFO - [2024-01-30T15:40:07.368+0100] {dag.py:3033} INFO - Sync 6 DAGs
[2024-01-30T15:40:07.410+0100] {logging_mixin.py:188} INFO - [2024-01-30T15:40:07.410+0100] {dag.py:3820} INFO - Setting next_dagrun for dataset_consumes_1 to None, run_after=None
[2024-01-30T15:40:07.418+0100] {logging_mixin.py:188} INFO - [2024-01-30T15:40:07.417+0100] {dag.py:3820} INFO - Setting next_dagrun for dataset_consumes_1_and_2 to None, run_after=None
[2024-01-30T15:40:07.422+0100] {logging_mixin.py:188} INFO - [2024-01-30T15:40:07.421+0100] {dag.py:3820} INFO - Setting next_dagrun for dataset_consumes_1_never_scheduled to None, run_after=None
[2024-01-30T15:40:07.426+0100] {logging_mixin.py:188} INFO - [2024-01-30T15:40:07.425+0100] {dag.py:3820} INFO - Setting next_dagrun for dataset_consumes_unknown_never_scheduled to None, run_after=None
[2024-01-30T15:40:07.431+0100] {logging_mixin.py:188} INFO - [2024-01-30T15:40:07.430+0100] {dag.py:3820} INFO - Setting next_dagrun for dataset_produces_1 to 2024-01-29T00:00:00+00:00, run_after=2024-01-30T00:00:00+00:00
[2024-01-30T15:40:07.433+0100] {logging_mixin.py:188} INFO - [2024-01-30T15:40:07.433+0100] {dag.py:3820} INFO - Setting next_dagrun for dataset_produces_2 to None, run_after=None
[2024-01-30T15:40:07.478+0100] {processor.py:183} INFO - Processing /home/ubuntu/.local/lib/python3.10/site-packages/airflow/example_dags/example_datasets.py took 0.180 seconds
[2024-01-30T15:41:03.422+0100] {processor.py:161} INFO - Started process (PID=7363) to work on /home/ubuntu/.local/lib/python3.10/site-packages/airflow/example_dags/example_datasets.py
[2024-01-30T15:41:03.424+0100] {processor.py:830} INFO - Processing file /home/ubuntu/.local/lib/python3.10/site-packages/airflow/example_dags/example_datasets.py for tasks to queue
[2024-01-30T15:41:03.426+0100] {logging_mixin.py:188} INFO - [2024-01-30T15:41:03.426+0100] {dagbag.py:538} INFO - Filling up the DagBag from /home/ubuntu/.local/lib/python3.10/site-packages/airflow/example_dags/example_datasets.py
[2024-01-30T15:41:03.440+0100] {processor.py:840} INFO - DAG(s) 'dataset_consumes_1_and_2', 'dataset_consumes_unknown_never_scheduled', 'dataset_consumes_1_never_scheduled', 'dataset_produces_1', 'dataset_produces_2', 'dataset_consumes_1' retrieved from /home/ubuntu/.local/lib/python3.10/site-packages/airflow/example_dags/example_datasets.py
[2024-01-30T15:41:03.486+0100] {logging_mixin.py:188} INFO - [2024-01-30T15:41:03.485+0100] {dag.py:3033} INFO - Sync 6 DAGs
[2024-01-30T15:41:03.520+0100] {logging_mixin.py:188} INFO - [2024-01-30T15:41:03.519+0100] {dag.py:3820} INFO - Setting next_dagrun for dataset_consumes_1 to None, run_after=None
[2024-01-30T15:41:03.527+0100] {logging_mixin.py:188} INFO - [2024-01-30T15:41:03.527+0100] {dag.py:3820} INFO - Setting next_dagrun for dataset_consumes_1_and_2 to None, run_after=None
[2024-01-30T15:41:03.528+0100] {logging_mixin.py:188} INFO - [2024-01-30T15:41:03.528+0100] {dag.py:3820} INFO - Setting next_dagrun for dataset_consumes_1_never_scheduled to None, run_after=None
[2024-01-30T15:41:03.530+0100] {logging_mixin.py:188} INFO - [2024-01-30T15:41:03.530+0100] {dag.py:3820} INFO - Setting next_dagrun for dataset_consumes_unknown_never_scheduled to None, run_after=None
[2024-01-30T15:41:03.533+0100] {logging_mixin.py:188} INFO - [2024-01-30T15:41:03.533+0100] {dag.py:3820} INFO - Setting next_dagrun for dataset_produces_1 to 2024-01-29T00:00:00+00:00, run_after=2024-01-30T00:00:00+00:00
[2024-01-30T15:41:03.535+0100] {logging_mixin.py:188} INFO - [2024-01-30T15:41:03.535+0100] {dag.py:3820} INFO - Setting next_dagrun for dataset_produces_2 to None, run_after=None
[2024-01-30T15:41:03.582+0100] {processor.py:183} INFO - Processing /home/ubuntu/.local/lib/python3.10/site-packages/airflow/example_dags/example_datasets.py took 0.165 seconds
[2024-01-30T15:42:06.349+0100] {processor.py:161} INFO - Started process (PID=7457) to work on /home/ubuntu/.local/lib/python3.10/site-packages/airflow/example_dags/example_datasets.py
[2024-01-30T15:42:06.352+0100] {processor.py:830} INFO - Processing file /home/ubuntu/.local/lib/python3.10/site-packages/airflow/example_dags/example_datasets.py for tasks to queue
[2024-01-30T15:42:06.354+0100] {logging_mixin.py:188} INFO - [2024-01-30T15:42:06.353+0100] {dagbag.py:538} INFO - Filling up the DagBag from /home/ubuntu/.local/lib/python3.10/site-packages/airflow/example_dags/example_datasets.py
[2024-01-30T15:42:06.370+0100] {processor.py:840} INFO - DAG(s) 'dataset_consumes_1', 'dataset_consumes_unknown_never_scheduled', 'dataset_consumes_1_and_2', 'dataset_consumes_1_never_scheduled', 'dataset_produces_1', 'dataset_produces_2' retrieved from /home/ubuntu/.local/lib/python3.10/site-packages/airflow/example_dags/example_datasets.py
[2024-01-30T15:42:06.423+0100] {logging_mixin.py:188} INFO - [2024-01-30T15:42:06.422+0100] {dag.py:3033} INFO - Sync 6 DAGs
[2024-01-30T15:42:06.455+0100] {logging_mixin.py:188} INFO - [2024-01-30T15:42:06.455+0100] {dag.py:3820} INFO - Setting next_dagrun for dataset_consumes_1 to None, run_after=None
[2024-01-30T15:42:06.461+0100] {logging_mixin.py:188} INFO - [2024-01-30T15:42:06.461+0100] {dag.py:3820} INFO - Setting next_dagrun for dataset_consumes_1_and_2 to None, run_after=None
[2024-01-30T15:42:06.464+0100] {logging_mixin.py:188} INFO - [2024-01-30T15:42:06.463+0100] {dag.py:3820} INFO - Setting next_dagrun for dataset_consumes_1_never_scheduled to None, run_after=None
[2024-01-30T15:42:06.466+0100] {logging_mixin.py:188} INFO - [2024-01-30T15:42:06.465+0100] {dag.py:3820} INFO - Setting next_dagrun for dataset_consumes_unknown_never_scheduled to None, run_after=None
[2024-01-30T15:42:06.469+0100] {logging_mixin.py:188} INFO - [2024-01-30T15:42:06.468+0100] {dag.py:3820} INFO - Setting next_dagrun for dataset_produces_1 to 2024-01-29T00:00:00+00:00, run_after=2024-01-30T00:00:00+00:00
[2024-01-30T15:42:06.470+0100] {logging_mixin.py:188} INFO - [2024-01-30T15:42:06.470+0100] {dag.py:3820} INFO - Setting next_dagrun for dataset_produces_2 to None, run_after=None
[2024-01-30T15:42:06.517+0100] {processor.py:183} INFO - Processing /home/ubuntu/.local/lib/python3.10/site-packages/airflow/example_dags/example_datasets.py took 0.174 seconds
[2024-01-30T15:43:10.326+0100] {processor.py:161} INFO - Started process (PID=7735) to work on /home/ubuntu/.local/lib/python3.10/site-packages/airflow/example_dags/example_datasets.py
[2024-01-30T15:43:10.329+0100] {processor.py:830} INFO - Processing file /home/ubuntu/.local/lib/python3.10/site-packages/airflow/example_dags/example_datasets.py for tasks to queue
[2024-01-30T15:43:10.333+0100] {logging_mixin.py:188} INFO - [2024-01-30T15:43:10.331+0100] {dagbag.py:538} INFO - Filling up the DagBag from /home/ubuntu/.local/lib/python3.10/site-packages/airflow/example_dags/example_datasets.py
[2024-01-30T15:43:10.369+0100] {processor.py:840} INFO - DAG(s) 'dataset_produces_2', 'dataset_consumes_1', 'dataset_consumes_1_never_scheduled', 'dataset_consumes_1_and_2', 'dataset_produces_1', 'dataset_consumes_unknown_never_scheduled' retrieved from /home/ubuntu/.local/lib/python3.10/site-packages/airflow/example_dags/example_datasets.py
[2024-01-30T15:43:10.458+0100] {logging_mixin.py:188} INFO - [2024-01-30T15:43:10.458+0100] {dag.py:3033} INFO - Sync 6 DAGs
[2024-01-30T15:43:10.487+0100] {logging_mixin.py:188} INFO - [2024-01-30T15:43:10.487+0100] {dag.py:3820} INFO - Setting next_dagrun for dataset_consumes_1 to None, run_after=None
[2024-01-30T15:43:10.491+0100] {logging_mixin.py:188} INFO - [2024-01-30T15:43:10.491+0100] {dag.py:3820} INFO - Setting next_dagrun for dataset_consumes_1_and_2 to None, run_after=None
[2024-01-30T15:43:10.493+0100] {logging_mixin.py:188} INFO - [2024-01-30T15:43:10.492+0100] {dag.py:3820} INFO - Setting next_dagrun for dataset_consumes_1_never_scheduled to None, run_after=None
[2024-01-30T15:43:10.494+0100] {logging_mixin.py:188} INFO - [2024-01-30T15:43:10.494+0100] {dag.py:3820} INFO - Setting next_dagrun for dataset_consumes_unknown_never_scheduled to None, run_after=None
[2024-01-30T15:43:10.498+0100] {logging_mixin.py:188} INFO - [2024-01-30T15:43:10.497+0100] {dag.py:3820} INFO - Setting next_dagrun for dataset_produces_1 to 2024-01-29T00:00:00+00:00, run_after=2024-01-30T00:00:00+00:00
[2024-01-30T15:43:10.499+0100] {logging_mixin.py:188} INFO - [2024-01-30T15:43:10.499+0100] {dag.py:3820} INFO - Setting next_dagrun for dataset_produces_2 to None, run_after=None
[2024-01-30T15:43:10.562+0100] {processor.py:183} INFO - Processing /home/ubuntu/.local/lib/python3.10/site-packages/airflow/example_dags/example_datasets.py took 0.245 seconds
[2024-01-30T15:44:11.195+0100] {processor.py:161} INFO - Started process (PID=8026) to work on /home/ubuntu/.local/lib/python3.10/site-packages/airflow/example_dags/example_datasets.py
[2024-01-30T15:44:11.200+0100] {processor.py:830} INFO - Processing file /home/ubuntu/.local/lib/python3.10/site-packages/airflow/example_dags/example_datasets.py for tasks to queue
[2024-01-30T15:44:11.201+0100] {logging_mixin.py:188} INFO - [2024-01-30T15:44:11.201+0100] {dagbag.py:538} INFO - Filling up the DagBag from /home/ubuntu/.local/lib/python3.10/site-packages/airflow/example_dags/example_datasets.py
[2024-01-30T15:44:11.221+0100] {processor.py:840} INFO - DAG(s) 'dataset_consumes_1_never_scheduled', 'dataset_produces_1', 'dataset_produces_2', 'dataset_consumes_unknown_never_scheduled', 'dataset_consumes_1_and_2', 'dataset_consumes_1' retrieved from /home/ubuntu/.local/lib/python3.10/site-packages/airflow/example_dags/example_datasets.py
[2024-01-30T15:44:11.272+0100] {logging_mixin.py:188} INFO - [2024-01-30T15:44:11.271+0100] {dag.py:3033} INFO - Sync 6 DAGs
[2024-01-30T15:44:11.314+0100] {logging_mixin.py:188} INFO - [2024-01-30T15:44:11.314+0100] {dag.py:3820} INFO - Setting next_dagrun for dataset_consumes_1 to None, run_after=None
[2024-01-30T15:44:11.320+0100] {logging_mixin.py:188} INFO - [2024-01-30T15:44:11.319+0100] {dag.py:3820} INFO - Setting next_dagrun for dataset_consumes_1_and_2 to None, run_after=None
[2024-01-30T15:44:11.322+0100] {logging_mixin.py:188} INFO - [2024-01-30T15:44:11.321+0100] {dag.py:3820} INFO - Setting next_dagrun for dataset_consumes_1_never_scheduled to None, run_after=None
[2024-01-30T15:44:11.323+0100] {logging_mixin.py:188} INFO - [2024-01-30T15:44:11.323+0100] {dag.py:3820} INFO - Setting next_dagrun for dataset_consumes_unknown_never_scheduled to None, run_after=None
[2024-01-30T15:44:11.327+0100] {logging_mixin.py:188} INFO - [2024-01-30T15:44:11.327+0100] {dag.py:3820} INFO - Setting next_dagrun for dataset_produces_1 to 2024-01-29T00:00:00+00:00, run_after=2024-01-30T00:00:00+00:00
[2024-01-30T15:44:11.329+0100] {logging_mixin.py:188} INFO - [2024-01-30T15:44:11.329+0100] {dag.py:3820} INFO - Setting next_dagrun for dataset_produces_2 to None, run_after=None
[2024-01-30T15:44:11.375+0100] {processor.py:183} INFO - Processing /home/ubuntu/.local/lib/python3.10/site-packages/airflow/example_dags/example_datasets.py took 0.186 seconds
[2024-01-30T15:45:12.901+0100] {processor.py:161} INFO - Started process (PID=8239) to work on /home/ubuntu/.local/lib/python3.10/site-packages/airflow/example_dags/example_datasets.py
[2024-01-30T15:45:12.904+0100] {processor.py:830} INFO - Processing file /home/ubuntu/.local/lib/python3.10/site-packages/airflow/example_dags/example_datasets.py for tasks to queue
[2024-01-30T15:45:12.905+0100] {logging_mixin.py:188} INFO - [2024-01-30T15:45:12.905+0100] {dagbag.py:538} INFO - Filling up the DagBag from /home/ubuntu/.local/lib/python3.10/site-packages/airflow/example_dags/example_datasets.py
[2024-01-30T15:45:12.917+0100] {processor.py:840} INFO - DAG(s) 'dataset_consumes_1', 'dataset_produces_2', 'dataset_consumes_unknown_never_scheduled', 'dataset_produces_1', 'dataset_consumes_1_never_scheduled', 'dataset_consumes_1_and_2' retrieved from /home/ubuntu/.local/lib/python3.10/site-packages/airflow/example_dags/example_datasets.py
[2024-01-30T15:45:12.951+0100] {logging_mixin.py:188} INFO - [2024-01-30T15:45:12.951+0100] {dag.py:3033} INFO - Sync 6 DAGs
[2024-01-30T15:45:12.974+0100] {logging_mixin.py:188} INFO - [2024-01-30T15:45:12.973+0100] {dag.py:3820} INFO - Setting next_dagrun for dataset_consumes_1 to None, run_after=None
[2024-01-30T15:45:12.978+0100] {logging_mixin.py:188} INFO - [2024-01-30T15:45:12.978+0100] {dag.py:3820} INFO - Setting next_dagrun for dataset_consumes_1_and_2 to None, run_after=None
[2024-01-30T15:45:12.980+0100] {logging_mixin.py:188} INFO - [2024-01-30T15:45:12.980+0100] {dag.py:3820} INFO - Setting next_dagrun for dataset_consumes_1_never_scheduled to None, run_after=None
[2024-01-30T15:45:12.982+0100] {logging_mixin.py:188} INFO - [2024-01-30T15:45:12.982+0100] {dag.py:3820} INFO - Setting next_dagrun for dataset_consumes_unknown_never_scheduled to None, run_after=None
[2024-01-30T15:45:12.986+0100] {logging_mixin.py:188} INFO - [2024-01-30T15:45:12.986+0100] {dag.py:3820} INFO - Setting next_dagrun for dataset_produces_1 to 2024-01-29T00:00:00+00:00, run_after=2024-01-30T00:00:00+00:00
[2024-01-30T15:45:12.988+0100] {logging_mixin.py:188} INFO - [2024-01-30T15:45:12.987+0100] {dag.py:3820} INFO - Setting next_dagrun for dataset_produces_2 to None, run_after=None
[2024-01-30T15:45:13.029+0100] {processor.py:183} INFO - Processing /home/ubuntu/.local/lib/python3.10/site-packages/airflow/example_dags/example_datasets.py took 0.131 seconds
[2024-01-30T15:46:13.635+0100] {processor.py:161} INFO - Started process (PID=8306) to work on /home/ubuntu/.local/lib/python3.10/site-packages/airflow/example_dags/example_datasets.py
[2024-01-30T15:46:13.638+0100] {processor.py:830} INFO - Processing file /home/ubuntu/.local/lib/python3.10/site-packages/airflow/example_dags/example_datasets.py for tasks to queue
[2024-01-30T15:46:13.640+0100] {logging_mixin.py:188} INFO - [2024-01-30T15:46:13.640+0100] {dagbag.py:538} INFO - Filling up the DagBag from /home/ubuntu/.local/lib/python3.10/site-packages/airflow/example_dags/example_datasets.py
[2024-01-30T15:46:13.653+0100] {processor.py:840} INFO - DAG(s) 'dataset_consumes_1_never_scheduled', 'dataset_consumes_unknown_never_scheduled', 'dataset_produces_2', 'dataset_consumes_1', 'dataset_produces_1', 'dataset_consumes_1_and_2' retrieved from /home/ubuntu/.local/lib/python3.10/site-packages/airflow/example_dags/example_datasets.py
[2024-01-30T15:46:13.731+0100] {logging_mixin.py:188} INFO - [2024-01-30T15:46:13.731+0100] {dag.py:3033} INFO - Sync 6 DAGs
[2024-01-30T15:46:13.763+0100] {logging_mixin.py:188} INFO - [2024-01-30T15:46:13.763+0100] {dag.py:3820} INFO - Setting next_dagrun for dataset_consumes_1 to None, run_after=None
[2024-01-30T15:46:13.772+0100] {logging_mixin.py:188} INFO - [2024-01-30T15:46:13.772+0100] {dag.py:3820} INFO - Setting next_dagrun for dataset_consumes_1_and_2 to None, run_after=None
[2024-01-30T15:46:13.774+0100] {logging_mixin.py:188} INFO - [2024-01-30T15:46:13.774+0100] {dag.py:3820} INFO - Setting next_dagrun for dataset_consumes_1_never_scheduled to None, run_after=None
[2024-01-30T15:46:13.775+0100] {logging_mixin.py:188} INFO - [2024-01-30T15:46:13.775+0100] {dag.py:3820} INFO - Setting next_dagrun for dataset_consumes_unknown_never_scheduled to None, run_after=None
[2024-01-30T15:46:13.780+0100] {logging_mixin.py:188} INFO - [2024-01-30T15:46:13.780+0100] {dag.py:3820} INFO - Setting next_dagrun for dataset_produces_1 to 2024-01-29T00:00:00+00:00, run_after=2024-01-30T00:00:00+00:00
[2024-01-30T15:46:13.782+0100] {logging_mixin.py:188} INFO - [2024-01-30T15:46:13.782+0100] {dag.py:3820} INFO - Setting next_dagrun for dataset_produces_2 to None, run_after=None
[2024-01-30T15:46:13.834+0100] {processor.py:183} INFO - Processing /home/ubuntu/.local/lib/python3.10/site-packages/airflow/example_dags/example_datasets.py took 0.204 seconds
[2024-01-30T15:47:04.916+0100] {processor.py:161} INFO - Started process (PID=8361) to work on /home/ubuntu/.local/lib/python3.10/site-packages/airflow/example_dags/example_datasets.py
[2024-01-30T15:47:04.919+0100] {processor.py:830} INFO - Processing file /home/ubuntu/.local/lib/python3.10/site-packages/airflow/example_dags/example_datasets.py for tasks to queue
[2024-01-30T15:47:04.920+0100] {logging_mixin.py:188} INFO - [2024-01-30T15:47:04.920+0100] {dagbag.py:538} INFO - Filling up the DagBag from /home/ubuntu/.local/lib/python3.10/site-packages/airflow/example_dags/example_datasets.py
[2024-01-30T15:47:04.934+0100] {processor.py:840} INFO - DAG(s) 'dataset_produces_2', 'dataset_consumes_1_never_scheduled', 'dataset_produces_1', 'dataset_consumes_1', 'dataset_consumes_unknown_never_scheduled', 'dataset_consumes_1_and_2' retrieved from /home/ubuntu/.local/lib/python3.10/site-packages/airflow/example_dags/example_datasets.py
[2024-01-30T15:47:04.973+0100] {logging_mixin.py:188} INFO - [2024-01-30T15:47:04.972+0100] {dag.py:3033} INFO - Sync 6 DAGs
[2024-01-30T15:47:05.003+0100] {logging_mixin.py:188} INFO - [2024-01-30T15:47:05.002+0100] {dag.py:3820} INFO - Setting next_dagrun for dataset_consumes_1 to None, run_after=None
[2024-01-30T15:47:05.008+0100] {logging_mixin.py:188} INFO - [2024-01-30T15:47:05.008+0100] {dag.py:3820} INFO - Setting next_dagrun for dataset_consumes_1_and_2 to None, run_after=None
[2024-01-30T15:47:05.013+0100] {logging_mixin.py:188} INFO - [2024-01-30T15:47:05.013+0100] {dag.py:3820} INFO - Setting next_dagrun for dataset_consumes_1_never_scheduled to None, run_after=None
[2024-01-30T15:47:05.015+0100] {logging_mixin.py:188} INFO - [2024-01-30T15:47:05.015+0100] {dag.py:3820} INFO - Setting next_dagrun for dataset_consumes_unknown_never_scheduled to None, run_after=None
[2024-01-30T15:47:05.019+0100] {logging_mixin.py:188} INFO - [2024-01-30T15:47:05.019+0100] {dag.py:3820} INFO - Setting next_dagrun for dataset_produces_1 to 2024-01-29T00:00:00+00:00, run_after=2024-01-30T00:00:00+00:00
[2024-01-30T15:47:05.020+0100] {logging_mixin.py:188} INFO - [2024-01-30T15:47:05.020+0100] {dag.py:3820} INFO - Setting next_dagrun for dataset_produces_2 to None, run_after=None
[2024-01-30T15:47:05.069+0100] {processor.py:183} INFO - Processing /home/ubuntu/.local/lib/python3.10/site-packages/airflow/example_dags/example_datasets.py took 0.159 seconds
[2024-01-30T15:48:33.315+0100] {processor.py:161} INFO - Started process (PID=8636) to work on /home/ubuntu/.local/lib/python3.10/site-packages/airflow/example_dags/example_datasets.py
[2024-01-30T15:48:33.338+0100] {processor.py:830} INFO - Processing file /home/ubuntu/.local/lib/python3.10/site-packages/airflow/example_dags/example_datasets.py for tasks to queue
[2024-01-30T15:48:33.353+0100] {logging_mixin.py:188} INFO - [2024-01-30T15:48:33.352+0100] {dagbag.py:538} INFO - Filling up the DagBag from /home/ubuntu/.local/lib/python3.10/site-packages/airflow/example_dags/example_datasets.py
[2024-01-30T15:48:33.412+0100] {processor.py:840} INFO - DAG(s) 'dataset_consumes_1_never_scheduled', 'dataset_produces_1', 'dataset_consumes_1', 'dataset_produces_2', 'dataset_consumes_unknown_never_scheduled', 'dataset_consumes_1_and_2' retrieved from /home/ubuntu/.local/lib/python3.10/site-packages/airflow/example_dags/example_datasets.py
[2024-01-30T15:48:33.685+0100] {logging_mixin.py:188} INFO - [2024-01-30T15:48:33.685+0100] {dag.py:3033} INFO - Sync 6 DAGs
[2024-01-30T15:48:33.753+0100] {logging_mixin.py:188} INFO - [2024-01-30T15:48:33.753+0100] {dag.py:3820} INFO - Setting next_dagrun for dataset_consumes_1 to None, run_after=None
[2024-01-30T15:48:33.772+0100] {logging_mixin.py:188} INFO - [2024-01-30T15:48:33.772+0100] {dag.py:3820} INFO - Setting next_dagrun for dataset_consumes_1_and_2 to None, run_after=None
[2024-01-30T15:48:33.786+0100] {logging_mixin.py:188} INFO - [2024-01-30T15:48:33.785+0100] {dag.py:3820} INFO - Setting next_dagrun for dataset_consumes_1_never_scheduled to None, run_after=None
[2024-01-30T15:48:33.787+0100] {logging_mixin.py:188} INFO - [2024-01-30T15:48:33.787+0100] {dag.py:3820} INFO - Setting next_dagrun for dataset_consumes_unknown_never_scheduled to None, run_after=None
[2024-01-30T15:48:33.799+0100] {logging_mixin.py:188} INFO - [2024-01-30T15:48:33.799+0100] {dag.py:3820} INFO - Setting next_dagrun for dataset_produces_1 to 2024-01-29T00:00:00+00:00, run_after=2024-01-30T00:00:00+00:00
[2024-01-30T15:48:33.809+0100] {logging_mixin.py:188} INFO - [2024-01-30T15:48:33.800+0100] {dag.py:3820} INFO - Setting next_dagrun for dataset_produces_2 to None, run_after=None
[2024-01-30T15:48:34.267+0100] {processor.py:183} INFO - Processing /home/ubuntu/.local/lib/python3.10/site-packages/airflow/example_dags/example_datasets.py took 0.964 seconds
[2024-01-30T15:53:29.872+0100] {processor.py:161} INFO - Started process (PID=9675) to work on /home/ubuntu/.local/lib/python3.10/site-packages/airflow/example_dags/example_datasets.py
[2024-01-30T15:53:29.918+0100] {processor.py:830} INFO - Processing file /home/ubuntu/.local/lib/python3.10/site-packages/airflow/example_dags/example_datasets.py for tasks to queue
[2024-01-30T15:53:29.945+0100] {logging_mixin.py:188} INFO - [2024-01-30T15:53:29.933+0100] {dagbag.py:538} INFO - Filling up the DagBag from /home/ubuntu/.local/lib/python3.10/site-packages/airflow/example_dags/example_datasets.py
[2024-01-30T15:53:30.049+0100] {processor.py:840} INFO - DAG(s) 'dataset_consumes_1_never_scheduled', 'dataset_consumes_1_and_2', 'dataset_consumes_unknown_never_scheduled', 'dataset_produces_1', 'dataset_produces_2', 'dataset_consumes_1' retrieved from /home/ubuntu/.local/lib/python3.10/site-packages/airflow/example_dags/example_datasets.py
[2024-01-30T15:53:30.265+0100] {logging_mixin.py:188} INFO - [2024-01-30T15:53:30.264+0100] {dag.py:3033} INFO - Sync 6 DAGs
[2024-01-30T15:53:30.379+0100] {logging_mixin.py:188} INFO - [2024-01-30T15:53:30.378+0100] {dag.py:3820} INFO - Setting next_dagrun for dataset_consumes_1 to None, run_after=None
[2024-01-30T15:53:30.399+0100] {logging_mixin.py:188} INFO - [2024-01-30T15:53:30.398+0100] {dag.py:3820} INFO - Setting next_dagrun for dataset_consumes_1_and_2 to None, run_after=None
[2024-01-30T15:53:30.407+0100] {logging_mixin.py:188} INFO - [2024-01-30T15:53:30.407+0100] {dag.py:3820} INFO - Setting next_dagrun for dataset_consumes_1_never_scheduled to None, run_after=None
[2024-01-30T15:53:30.409+0100] {logging_mixin.py:188} INFO - [2024-01-30T15:53:30.408+0100] {dag.py:3820} INFO - Setting next_dagrun for dataset_consumes_unknown_never_scheduled to None, run_after=None
[2024-01-30T15:53:30.416+0100] {logging_mixin.py:188} INFO - [2024-01-30T15:53:30.416+0100] {dag.py:3820} INFO - Setting next_dagrun for dataset_produces_1 to 2024-01-29T00:00:00+00:00, run_after=2024-01-30T00:00:00+00:00
[2024-01-30T15:53:30.425+0100] {logging_mixin.py:188} INFO - [2024-01-30T15:53:30.425+0100] {dag.py:3820} INFO - Setting next_dagrun for dataset_produces_2 to None, run_after=None
[2024-01-30T15:53:30.917+0100] {processor.py:183} INFO - Processing /home/ubuntu/.local/lib/python3.10/site-packages/airflow/example_dags/example_datasets.py took 1.071 seconds
[2024-01-30T15:56:08.145+0100] {processor.py:161} INFO - Started process (PID=9894) to work on /home/ubuntu/.local/lib/python3.10/site-packages/airflow/example_dags/example_datasets.py
[2024-01-30T15:56:08.195+0100] {processor.py:830} INFO - Processing file /home/ubuntu/.local/lib/python3.10/site-packages/airflow/example_dags/example_datasets.py for tasks to queue
[2024-01-30T15:56:08.220+0100] {logging_mixin.py:188} INFO - [2024-01-30T15:56:08.196+0100] {dagbag.py:538} INFO - Filling up the DagBag from /home/ubuntu/.local/lib/python3.10/site-packages/airflow/example_dags/example_datasets.py
[2024-01-30T15:56:08.272+0100] {processor.py:840} INFO - DAG(s) 'dataset_consumes_1_never_scheduled', 'dataset_produces_1', 'dataset_consumes_unknown_never_scheduled', 'dataset_consumes_1', 'dataset_produces_2', 'dataset_consumes_1_and_2' retrieved from /home/ubuntu/.local/lib/python3.10/site-packages/airflow/example_dags/example_datasets.py
[2024-01-30T15:56:08.406+0100] {logging_mixin.py:188} INFO - [2024-01-30T15:56:08.406+0100] {dag.py:3033} INFO - Sync 6 DAGs
[2024-01-30T15:56:08.523+0100] {logging_mixin.py:188} INFO - [2024-01-30T15:56:08.522+0100] {dag.py:3820} INFO - Setting next_dagrun for dataset_consumes_1 to None, run_after=None
[2024-01-30T15:56:08.578+0100] {logging_mixin.py:188} INFO - [2024-01-30T15:56:08.568+0100] {dag.py:3820} INFO - Setting next_dagrun for dataset_consumes_1_and_2 to None, run_after=None
[2024-01-30T15:56:08.581+0100] {logging_mixin.py:188} INFO - [2024-01-30T15:56:08.580+0100] {dag.py:3820} INFO - Setting next_dagrun for dataset_consumes_1_never_scheduled to None, run_after=None
[2024-01-30T15:56:08.583+0100] {logging_mixin.py:188} INFO - [2024-01-30T15:56:08.583+0100] {dag.py:3820} INFO - Setting next_dagrun for dataset_consumes_unknown_never_scheduled to None, run_after=None
[2024-01-30T15:56:08.603+0100] {logging_mixin.py:188} INFO - [2024-01-30T15:56:08.598+0100] {dag.py:3820} INFO - Setting next_dagrun for dataset_produces_1 to 2024-01-29T00:00:00+00:00, run_after=2024-01-30T00:00:00+00:00
[2024-01-30T15:56:08.611+0100] {logging_mixin.py:188} INFO - [2024-01-30T15:56:08.611+0100] {dag.py:3820} INFO - Setting next_dagrun for dataset_produces_2 to None, run_after=None
[2024-01-30T15:56:08.962+0100] {processor.py:183} INFO - Processing /home/ubuntu/.local/lib/python3.10/site-packages/airflow/example_dags/example_datasets.py took 0.843 seconds
[2024-01-30T15:58:03.851+0100] {processor.py:161} INFO - Started process (PID=10018) to work on /home/ubuntu/.local/lib/python3.10/site-packages/airflow/example_dags/example_datasets.py
[2024-01-30T15:58:03.897+0100] {processor.py:830} INFO - Processing file /home/ubuntu/.local/lib/python3.10/site-packages/airflow/example_dags/example_datasets.py for tasks to queue
[2024-01-30T15:58:03.912+0100] {logging_mixin.py:188} INFO - [2024-01-30T15:58:03.898+0100] {dagbag.py:538} INFO - Filling up the DagBag from /home/ubuntu/.local/lib/python3.10/site-packages/airflow/example_dags/example_datasets.py
[2024-01-30T15:58:03.978+0100] {processor.py:840} INFO - DAG(s) 'dataset_consumes_1_never_scheduled', 'dataset_consumes_1_and_2', 'dataset_consumes_1', 'dataset_consumes_unknown_never_scheduled', 'dataset_produces_1', 'dataset_produces_2' retrieved from /home/ubuntu/.local/lib/python3.10/site-packages/airflow/example_dags/example_datasets.py
[2024-01-30T15:58:04.429+0100] {logging_mixin.py:188} INFO - [2024-01-30T15:58:04.428+0100] {dag.py:3033} INFO - Sync 6 DAGs
[2024-01-30T15:58:04.755+0100] {logging_mixin.py:188} INFO - [2024-01-30T15:58:04.754+0100] {dag.py:3820} INFO - Setting next_dagrun for dataset_consumes_1 to None, run_after=None
[2024-01-30T15:58:04.773+0100] {logging_mixin.py:188} INFO - [2024-01-30T15:58:04.773+0100] {dag.py:3820} INFO - Setting next_dagrun for dataset_consumes_1_and_2 to None, run_after=None
[2024-01-30T15:58:04.798+0100] {logging_mixin.py:188} INFO - [2024-01-30T15:58:04.798+0100] {dag.py:3820} INFO - Setting next_dagrun for dataset_consumes_1_never_scheduled to None, run_after=None
[2024-01-30T15:58:04.844+0100] {logging_mixin.py:188} INFO - [2024-01-30T15:58:04.843+0100] {dag.py:3820} INFO - Setting next_dagrun for dataset_consumes_unknown_never_scheduled to None, run_after=None
[2024-01-30T15:58:04.889+0100] {logging_mixin.py:188} INFO - [2024-01-30T15:58:04.888+0100] {dag.py:3820} INFO - Setting next_dagrun for dataset_produces_1 to 2024-01-29T00:00:00+00:00, run_after=2024-01-30T00:00:00+00:00
[2024-01-30T15:58:04.929+0100] {logging_mixin.py:188} INFO - [2024-01-30T15:58:04.929+0100] {dag.py:3820} INFO - Setting next_dagrun for dataset_produces_2 to None, run_after=None
[2024-01-30T15:58:05.308+0100] {processor.py:183} INFO - Processing /home/ubuntu/.local/lib/python3.10/site-packages/airflow/example_dags/example_datasets.py took 1.491 seconds
[2024-01-30T15:59:51.963+0100] {processor.py:161} INFO - Started process (PID=10124) to work on /home/ubuntu/.local/lib/python3.10/site-packages/airflow/example_dags/example_datasets.py
[2024-01-30T15:59:51.966+0100] {processor.py:830} INFO - Processing file /home/ubuntu/.local/lib/python3.10/site-packages/airflow/example_dags/example_datasets.py for tasks to queue
[2024-01-30T15:59:51.968+0100] {logging_mixin.py:188} INFO - [2024-01-30T15:59:51.967+0100] {dagbag.py:538} INFO - Filling up the DagBag from /home/ubuntu/.local/lib/python3.10/site-packages/airflow/example_dags/example_datasets.py
[2024-01-30T15:59:51.982+0100] {processor.py:840} INFO - DAG(s) 'dataset_produces_2', 'dataset_produces_1', 'dataset_consumes_1_and_2', 'dataset_consumes_unknown_never_scheduled', 'dataset_consumes_1_never_scheduled', 'dataset_consumes_1' retrieved from /home/ubuntu/.local/lib/python3.10/site-packages/airflow/example_dags/example_datasets.py
[2024-01-30T15:59:52.011+0100] {logging_mixin.py:188} INFO - [2024-01-30T15:59:52.010+0100] {dag.py:3033} INFO - Sync 6 DAGs
[2024-01-30T15:59:52.049+0100] {logging_mixin.py:188} INFO - [2024-01-30T15:59:52.049+0100] {dag.py:3820} INFO - Setting next_dagrun for dataset_consumes_1 to None, run_after=None
[2024-01-30T15:59:52.054+0100] {logging_mixin.py:188} INFO - [2024-01-30T15:59:52.054+0100] {dag.py:3820} INFO - Setting next_dagrun for dataset_consumes_1_and_2 to None, run_after=None
[2024-01-30T15:59:52.058+0100] {logging_mixin.py:188} INFO - [2024-01-30T15:59:52.058+0100] {dag.py:3820} INFO - Setting next_dagrun for dataset_consumes_1_never_scheduled to None, run_after=None
[2024-01-30T15:59:52.061+0100] {logging_mixin.py:188} INFO - [2024-01-30T15:59:52.061+0100] {dag.py:3820} INFO - Setting next_dagrun for dataset_consumes_unknown_never_scheduled to None, run_after=None
[2024-01-30T15:59:52.066+0100] {logging_mixin.py:188} INFO - [2024-01-30T15:59:52.065+0100] {dag.py:3820} INFO - Setting next_dagrun for dataset_produces_1 to 2024-01-29T00:00:00+00:00, run_after=2024-01-30T00:00:00+00:00
[2024-01-30T15:59:52.070+0100] {logging_mixin.py:188} INFO - [2024-01-30T15:59:52.069+0100] {dag.py:3820} INFO - Setting next_dagrun for dataset_produces_2 to None, run_after=None
[2024-01-30T15:59:52.127+0100] {processor.py:183} INFO - Processing /home/ubuntu/.local/lib/python3.10/site-packages/airflow/example_dags/example_datasets.py took 0.170 seconds
[2024-01-30T16:00:46.691+0100] {processor.py:161} INFO - Started process (PID=10182) to work on /home/ubuntu/.local/lib/python3.10/site-packages/airflow/example_dags/example_datasets.py
[2024-01-30T16:00:46.693+0100] {processor.py:830} INFO - Processing file /home/ubuntu/.local/lib/python3.10/site-packages/airflow/example_dags/example_datasets.py for tasks to queue
[2024-01-30T16:00:46.694+0100] {logging_mixin.py:188} INFO - [2024-01-30T16:00:46.694+0100] {dagbag.py:538} INFO - Filling up the DagBag from /home/ubuntu/.local/lib/python3.10/site-packages/airflow/example_dags/example_datasets.py
[2024-01-30T16:00:46.707+0100] {processor.py:840} INFO - DAG(s) 'dataset_produces_2', 'dataset_consumes_1_never_scheduled', 'dataset_consumes_unknown_never_scheduled', 'dataset_consumes_1', 'dataset_produces_1', 'dataset_consumes_1_and_2' retrieved from /home/ubuntu/.local/lib/python3.10/site-packages/airflow/example_dags/example_datasets.py
[2024-01-30T16:00:46.740+0100] {logging_mixin.py:188} INFO - [2024-01-30T16:00:46.739+0100] {dag.py:3033} INFO - Sync 6 DAGs
[2024-01-30T16:00:46.764+0100] {logging_mixin.py:188} INFO - [2024-01-30T16:00:46.763+0100] {dag.py:3820} INFO - Setting next_dagrun for dataset_consumes_1 to None, run_after=None
[2024-01-30T16:00:46.768+0100] {logging_mixin.py:188} INFO - [2024-01-30T16:00:46.767+0100] {dag.py:3820} INFO - Setting next_dagrun for dataset_consumes_1_and_2 to None, run_after=None
[2024-01-30T16:00:46.769+0100] {logging_mixin.py:188} INFO - [2024-01-30T16:00:46.769+0100] {dag.py:3820} INFO - Setting next_dagrun for dataset_consumes_1_never_scheduled to None, run_after=None
[2024-01-30T16:00:46.771+0100] {logging_mixin.py:188} INFO - [2024-01-30T16:00:46.770+0100] {dag.py:3820} INFO - Setting next_dagrun for dataset_consumes_unknown_never_scheduled to None, run_after=None
[2024-01-30T16:00:46.775+0100] {logging_mixin.py:188} INFO - [2024-01-30T16:00:46.775+0100] {dag.py:3820} INFO - Setting next_dagrun for dataset_produces_1 to 2024-01-29T00:00:00+00:00, run_after=2024-01-30T00:00:00+00:00
[2024-01-30T16:00:46.777+0100] {logging_mixin.py:188} INFO - [2024-01-30T16:00:46.776+0100] {dag.py:3820} INFO - Setting next_dagrun for dataset_produces_2 to None, run_after=None
[2024-01-30T16:00:46.833+0100] {processor.py:183} INFO - Processing /home/ubuntu/.local/lib/python3.10/site-packages/airflow/example_dags/example_datasets.py took 0.146 seconds
[2024-01-30T16:01:41.922+0100] {processor.py:161} INFO - Started process (PID=10238) to work on /home/ubuntu/.local/lib/python3.10/site-packages/airflow/example_dags/example_datasets.py
[2024-01-30T16:01:41.936+0100] {processor.py:830} INFO - Processing file /home/ubuntu/.local/lib/python3.10/site-packages/airflow/example_dags/example_datasets.py for tasks to queue
[2024-01-30T16:01:41.937+0100] {logging_mixin.py:188} INFO - [2024-01-30T16:01:41.937+0100] {dagbag.py:538} INFO - Filling up the DagBag from /home/ubuntu/.local/lib/python3.10/site-packages/airflow/example_dags/example_datasets.py
[2024-01-30T16:01:41.949+0100] {processor.py:840} INFO - DAG(s) 'dataset_consumes_1_and_2', 'dataset_produces_1', 'dataset_consumes_1', 'dataset_consumes_1_never_scheduled', 'dataset_produces_2', 'dataset_consumes_unknown_never_scheduled' retrieved from /home/ubuntu/.local/lib/python3.10/site-packages/airflow/example_dags/example_datasets.py
[2024-01-30T16:01:41.981+0100] {logging_mixin.py:188} INFO - [2024-01-30T16:01:41.981+0100] {dag.py:3033} INFO - Sync 6 DAGs
[2024-01-30T16:01:42.005+0100] {logging_mixin.py:188} INFO - [2024-01-30T16:01:42.005+0100] {dag.py:3820} INFO - Setting next_dagrun for dataset_consumes_1 to None, run_after=None
[2024-01-30T16:01:42.009+0100] {logging_mixin.py:188} INFO - [2024-01-30T16:01:42.009+0100] {dag.py:3820} INFO - Setting next_dagrun for dataset_consumes_1_and_2 to None, run_after=None
[2024-01-30T16:01:42.010+0100] {logging_mixin.py:188} INFO - [2024-01-30T16:01:42.010+0100] {dag.py:3820} INFO - Setting next_dagrun for dataset_consumes_1_never_scheduled to None, run_after=None
[2024-01-30T16:01:42.011+0100] {logging_mixin.py:188} INFO - [2024-01-30T16:01:42.011+0100] {dag.py:3820} INFO - Setting next_dagrun for dataset_consumes_unknown_never_scheduled to None, run_after=None
[2024-01-30T16:01:42.014+0100] {logging_mixin.py:188} INFO - [2024-01-30T16:01:42.014+0100] {dag.py:3820} INFO - Setting next_dagrun for dataset_produces_1 to 2024-01-29T00:00:00+00:00, run_after=2024-01-30T00:00:00+00:00
[2024-01-30T16:01:42.015+0100] {logging_mixin.py:188} INFO - [2024-01-30T16:01:42.015+0100] {dag.py:3820} INFO - Setting next_dagrun for dataset_produces_2 to None, run_after=None
[2024-01-30T16:01:42.055+0100] {processor.py:183} INFO - Processing /home/ubuntu/.local/lib/python3.10/site-packages/airflow/example_dags/example_datasets.py took 0.138 seconds
[2024-01-30T16:03:13.895+0100] {processor.py:161} INFO - Started process (PID=10334) to work on /home/ubuntu/.local/lib/python3.10/site-packages/airflow/example_dags/example_datasets.py
[2024-01-30T16:03:13.908+0100] {processor.py:830} INFO - Processing file /home/ubuntu/.local/lib/python3.10/site-packages/airflow/example_dags/example_datasets.py for tasks to queue
[2024-01-30T16:03:13.911+0100] {logging_mixin.py:188} INFO - [2024-01-30T16:03:13.910+0100] {dagbag.py:538} INFO - Filling up the DagBag from /home/ubuntu/.local/lib/python3.10/site-packages/airflow/example_dags/example_datasets.py
[2024-01-30T16:03:13.923+0100] {processor.py:840} INFO - DAG(s) 'dataset_consumes_1_and_2', 'dataset_produces_1', 'dataset_consumes_1', 'dataset_produces_2', 'dataset_consumes_1_never_scheduled', 'dataset_consumes_unknown_never_scheduled' retrieved from /home/ubuntu/.local/lib/python3.10/site-packages/airflow/example_dags/example_datasets.py
[2024-01-30T16:03:13.954+0100] {logging_mixin.py:188} INFO - [2024-01-30T16:03:13.954+0100] {dag.py:3033} INFO - Sync 6 DAGs
[2024-01-30T16:03:13.975+0100] {logging_mixin.py:188} INFO - [2024-01-30T16:03:13.975+0100] {dag.py:3820} INFO - Setting next_dagrun for dataset_consumes_1 to None, run_after=None
[2024-01-30T16:03:13.981+0100] {logging_mixin.py:188} INFO - [2024-01-30T16:03:13.981+0100] {dag.py:3820} INFO - Setting next_dagrun for dataset_consumes_1_and_2 to None, run_after=None
[2024-01-30T16:03:13.983+0100] {logging_mixin.py:188} INFO - [2024-01-30T16:03:13.983+0100] {dag.py:3820} INFO - Setting next_dagrun for dataset_consumes_1_never_scheduled to None, run_after=None
[2024-01-30T16:03:13.986+0100] {logging_mixin.py:188} INFO - [2024-01-30T16:03:13.986+0100] {dag.py:3820} INFO - Setting next_dagrun for dataset_consumes_unknown_never_scheduled to None, run_after=None
[2024-01-30T16:03:13.991+0100] {logging_mixin.py:188} INFO - [2024-01-30T16:03:13.991+0100] {dag.py:3820} INFO - Setting next_dagrun for dataset_produces_1 to 2024-01-29T00:00:00+00:00, run_after=2024-01-30T00:00:00+00:00
[2024-01-30T16:03:13.994+0100] {logging_mixin.py:188} INFO - [2024-01-30T16:03:13.994+0100] {dag.py:3820} INFO - Setting next_dagrun for dataset_produces_2 to None, run_after=None
[2024-01-30T16:03:14.077+0100] {processor.py:183} INFO - Processing /home/ubuntu/.local/lib/python3.10/site-packages/airflow/example_dags/example_datasets.py took 0.187 seconds
[2024-01-30T16:04:47.198+0100] {processor.py:161} INFO - Started process (PID=10433) to work on /home/ubuntu/.local/lib/python3.10/site-packages/airflow/example_dags/example_datasets.py
[2024-01-30T16:04:47.224+0100] {processor.py:830} INFO - Processing file /home/ubuntu/.local/lib/python3.10/site-packages/airflow/example_dags/example_datasets.py for tasks to queue
[2024-01-30T16:04:47.232+0100] {logging_mixin.py:188} INFO - [2024-01-30T16:04:47.229+0100] {dagbag.py:538} INFO - Filling up the DagBag from /home/ubuntu/.local/lib/python3.10/site-packages/airflow/example_dags/example_datasets.py
[2024-01-30T16:04:47.273+0100] {processor.py:840} INFO - DAG(s) 'dataset_produces_1', 'dataset_consumes_1_never_scheduled', 'dataset_consumes_unknown_never_scheduled', 'dataset_consumes_1_and_2', 'dataset_produces_2', 'dataset_consumes_1' retrieved from /home/ubuntu/.local/lib/python3.10/site-packages/airflow/example_dags/example_datasets.py
[2024-01-30T16:04:47.335+0100] {logging_mixin.py:188} INFO - [2024-01-30T16:04:47.335+0100] {dag.py:3033} INFO - Sync 6 DAGs
[2024-01-30T16:04:47.412+0100] {logging_mixin.py:188} INFO - [2024-01-30T16:04:47.411+0100] {dag.py:3820} INFO - Setting next_dagrun for dataset_consumes_1 to None, run_after=None
[2024-01-30T16:04:47.424+0100] {logging_mixin.py:188} INFO - [2024-01-30T16:04:47.424+0100] {dag.py:3820} INFO - Setting next_dagrun for dataset_consumes_1_and_2 to None, run_after=None
[2024-01-30T16:04:47.439+0100] {logging_mixin.py:188} INFO - [2024-01-30T16:04:47.439+0100] {dag.py:3820} INFO - Setting next_dagrun for dataset_consumes_1_never_scheduled to None, run_after=None
[2024-01-30T16:04:47.448+0100] {logging_mixin.py:188} INFO - [2024-01-30T16:04:47.448+0100] {dag.py:3820} INFO - Setting next_dagrun for dataset_consumes_unknown_never_scheduled to None, run_after=None
[2024-01-30T16:04:47.456+0100] {logging_mixin.py:188} INFO - [2024-01-30T16:04:47.455+0100] {dag.py:3820} INFO - Setting next_dagrun for dataset_produces_1 to 2024-01-29T00:00:00+00:00, run_after=2024-01-30T00:00:00+00:00
[2024-01-30T16:04:47.459+0100] {logging_mixin.py:188} INFO - [2024-01-30T16:04:47.458+0100] {dag.py:3820} INFO - Setting next_dagrun for dataset_produces_2 to None, run_after=None
[2024-01-30T16:04:47.707+0100] {processor.py:183} INFO - Processing /home/ubuntu/.local/lib/python3.10/site-packages/airflow/example_dags/example_datasets.py took 0.532 seconds
[2024-01-30T16:06:35.238+0100] {processor.py:161} INFO - Started process (PID=10522) to work on /home/ubuntu/.local/lib/python3.10/site-packages/airflow/example_dags/example_datasets.py
[2024-01-30T16:06:35.245+0100] {processor.py:830} INFO - Processing file /home/ubuntu/.local/lib/python3.10/site-packages/airflow/example_dags/example_datasets.py for tasks to queue
[2024-01-30T16:06:35.248+0100] {logging_mixin.py:188} INFO - [2024-01-30T16:06:35.247+0100] {dagbag.py:538} INFO - Filling up the DagBag from /home/ubuntu/.local/lib/python3.10/site-packages/airflow/example_dags/example_datasets.py
[2024-01-30T16:06:35.346+0100] {processor.py:840} INFO - DAG(s) 'dataset_consumes_1_and_2', 'dataset_produces_2', 'dataset_consumes_1_never_scheduled', 'dataset_consumes_1', 'dataset_produces_1', 'dataset_consumes_unknown_never_scheduled' retrieved from /home/ubuntu/.local/lib/python3.10/site-packages/airflow/example_dags/example_datasets.py
[2024-01-30T16:06:35.505+0100] {logging_mixin.py:188} INFO - [2024-01-30T16:06:35.505+0100] {dag.py:3033} INFO - Sync 6 DAGs
[2024-01-30T16:06:35.685+0100] {logging_mixin.py:188} INFO - [2024-01-30T16:06:35.684+0100] {dag.py:3820} INFO - Setting next_dagrun for dataset_consumes_1 to None, run_after=None
[2024-01-30T16:06:35.692+0100] {logging_mixin.py:188} INFO - [2024-01-30T16:06:35.691+0100] {dag.py:3820} INFO - Setting next_dagrun for dataset_consumes_1_and_2 to None, run_after=None
[2024-01-30T16:06:35.697+0100] {logging_mixin.py:188} INFO - [2024-01-30T16:06:35.697+0100] {dag.py:3820} INFO - Setting next_dagrun for dataset_consumes_1_never_scheduled to None, run_after=None
[2024-01-30T16:06:35.699+0100] {logging_mixin.py:188} INFO - [2024-01-30T16:06:35.699+0100] {dag.py:3820} INFO - Setting next_dagrun for dataset_consumes_unknown_never_scheduled to None, run_after=None
[2024-01-30T16:06:35.706+0100] {logging_mixin.py:188} INFO - [2024-01-30T16:06:35.706+0100] {dag.py:3820} INFO - Setting next_dagrun for dataset_produces_1 to 2024-01-29T00:00:00+00:00, run_after=2024-01-30T00:00:00+00:00
[2024-01-30T16:06:35.712+0100] {logging_mixin.py:188} INFO - [2024-01-30T16:06:35.712+0100] {dag.py:3820} INFO - Setting next_dagrun for dataset_produces_2 to None, run_after=None
[2024-01-30T16:06:35.966+0100] {processor.py:183} INFO - Processing /home/ubuntu/.local/lib/python3.10/site-packages/airflow/example_dags/example_datasets.py took 0.736 seconds
