[2024-01-30T15:30:34.068+0100] {processor.py:161} INFO - Started process (PID=6630) to work on /home/ubuntu/.local/lib/python3.10/site-packages/airflow/example_dags/example_latest_only_with_trigger.py
[2024-01-30T15:30:34.069+0100] {processor.py:830} INFO - Processing file /home/ubuntu/.local/lib/python3.10/site-packages/airflow/example_dags/example_latest_only_with_trigger.py for tasks to queue
[2024-01-30T15:30:34.071+0100] {logging_mixin.py:188} INFO - [2024-01-30T15:30:34.070+0100] {dagbag.py:538} INFO - Filling up the DagBag from /home/ubuntu/.local/lib/python3.10/site-packages/airflow/example_dags/example_latest_only_with_trigger.py
[2024-01-30T15:30:34.079+0100] {processor.py:840} INFO - DAG(s) 'latest_only_with_trigger' retrieved from /home/ubuntu/.local/lib/python3.10/site-packages/airflow/example_dags/example_latest_only_with_trigger.py
[2024-01-30T15:30:34.194+0100] {logging_mixin.py:188} INFO - [2024-01-30T15:30:34.194+0100] {dag.py:3033} INFO - Sync 1 DAGs
[2024-01-30T15:30:34.230+0100] {logging_mixin.py:188} INFO - [2024-01-30T15:30:34.230+0100] {dag.py:3820} INFO - Setting next_dagrun for latest_only_with_trigger to 2024-01-30T08:00:00+00:00, run_after=2024-01-30T12:00:00+00:00
[2024-01-30T15:30:34.279+0100] {processor.py:183} INFO - Processing /home/ubuntu/.local/lib/python3.10/site-packages/airflow/example_dags/example_latest_only_with_trigger.py took 0.215 seconds
[2024-01-30T15:31:30.499+0100] {processor.py:161} INFO - Started process (PID=6689) to work on /home/ubuntu/.local/lib/python3.10/site-packages/airflow/example_dags/example_latest_only_with_trigger.py
[2024-01-30T15:31:30.504+0100] {processor.py:830} INFO - Processing file /home/ubuntu/.local/lib/python3.10/site-packages/airflow/example_dags/example_latest_only_with_trigger.py for tasks to queue
[2024-01-30T15:31:30.506+0100] {logging_mixin.py:188} INFO - [2024-01-30T15:31:30.505+0100] {dagbag.py:538} INFO - Filling up the DagBag from /home/ubuntu/.local/lib/python3.10/site-packages/airflow/example_dags/example_latest_only_with_trigger.py
[2024-01-30T15:31:30.517+0100] {processor.py:840} INFO - DAG(s) 'latest_only_with_trigger' retrieved from /home/ubuntu/.local/lib/python3.10/site-packages/airflow/example_dags/example_latest_only_with_trigger.py
[2024-01-30T15:31:30.543+0100] {logging_mixin.py:188} INFO - [2024-01-30T15:31:30.542+0100] {dag.py:3033} INFO - Sync 1 DAGs
[2024-01-30T15:31:30.562+0100] {logging_mixin.py:188} INFO - [2024-01-30T15:31:30.562+0100] {dag.py:3820} INFO - Setting next_dagrun for latest_only_with_trigger to 2024-01-30T08:00:00+00:00, run_after=2024-01-30T12:00:00+00:00
[2024-01-30T15:31:30.595+0100] {processor.py:183} INFO - Processing /home/ubuntu/.local/lib/python3.10/site-packages/airflow/example_dags/example_latest_only_with_trigger.py took 0.099 seconds
[2024-01-30T15:32:34.926+0100] {processor.py:161} INFO - Started process (PID=6751) to work on /home/ubuntu/.local/lib/python3.10/site-packages/airflow/example_dags/example_latest_only_with_trigger.py
[2024-01-30T15:32:34.981+0100] {processor.py:830} INFO - Processing file /home/ubuntu/.local/lib/python3.10/site-packages/airflow/example_dags/example_latest_only_with_trigger.py for tasks to queue
[2024-01-30T15:32:35.003+0100] {logging_mixin.py:188} INFO - [2024-01-30T15:32:34.997+0100] {dagbag.py:538} INFO - Filling up the DagBag from /home/ubuntu/.local/lib/python3.10/site-packages/airflow/example_dags/example_latest_only_with_trigger.py
[2024-01-30T15:32:35.041+0100] {processor.py:840} INFO - DAG(s) 'latest_only_with_trigger' retrieved from /home/ubuntu/.local/lib/python3.10/site-packages/airflow/example_dags/example_latest_only_with_trigger.py
[2024-01-30T15:32:35.145+0100] {logging_mixin.py:188} INFO - [2024-01-30T15:32:35.145+0100] {dag.py:3033} INFO - Sync 1 DAGs
[2024-01-30T15:32:35.388+0100] {logging_mixin.py:188} INFO - [2024-01-30T15:32:35.387+0100] {dag.py:3820} INFO - Setting next_dagrun for latest_only_with_trigger to 2024-01-30T08:00:00+00:00, run_after=2024-01-30T12:00:00+00:00
[2024-01-30T15:32:35.670+0100] {processor.py:183} INFO - Processing /home/ubuntu/.local/lib/python3.10/site-packages/airflow/example_dags/example_latest_only_with_trigger.py took 0.753 seconds
[2024-01-30T15:33:57.036+0100] {processor.py:161} INFO - Started process (PID=6834) to work on /home/ubuntu/.local/lib/python3.10/site-packages/airflow/example_dags/example_latest_only_with_trigger.py
[2024-01-30T15:33:57.039+0100] {processor.py:830} INFO - Processing file /home/ubuntu/.local/lib/python3.10/site-packages/airflow/example_dags/example_latest_only_with_trigger.py for tasks to queue
[2024-01-30T15:33:57.040+0100] {logging_mixin.py:188} INFO - [2024-01-30T15:33:57.039+0100] {dagbag.py:538} INFO - Filling up the DagBag from /home/ubuntu/.local/lib/python3.10/site-packages/airflow/example_dags/example_latest_only_with_trigger.py
[2024-01-30T15:33:57.048+0100] {processor.py:840} INFO - DAG(s) 'latest_only_with_trigger' retrieved from /home/ubuntu/.local/lib/python3.10/site-packages/airflow/example_dags/example_latest_only_with_trigger.py
[2024-01-30T15:33:57.065+0100] {logging_mixin.py:188} INFO - [2024-01-30T15:33:57.065+0100] {dag.py:3033} INFO - Sync 1 DAGs
[2024-01-30T15:33:57.088+0100] {logging_mixin.py:188} INFO - [2024-01-30T15:33:57.088+0100] {dag.py:3820} INFO - Setting next_dagrun for latest_only_with_trigger to 2024-01-30T08:00:00+00:00, run_after=2024-01-30T12:00:00+00:00
[2024-01-30T15:33:57.121+0100] {processor.py:183} INFO - Processing /home/ubuntu/.local/lib/python3.10/site-packages/airflow/example_dags/example_latest_only_with_trigger.py took 0.089 seconds
[2024-01-30T15:34:53.436+0100] {processor.py:161} INFO - Started process (PID=6893) to work on /home/ubuntu/.local/lib/python3.10/site-packages/airflow/example_dags/example_latest_only_with_trigger.py
[2024-01-30T15:34:53.439+0100] {processor.py:830} INFO - Processing file /home/ubuntu/.local/lib/python3.10/site-packages/airflow/example_dags/example_latest_only_with_trigger.py for tasks to queue
[2024-01-30T15:34:53.440+0100] {logging_mixin.py:188} INFO - [2024-01-30T15:34:53.439+0100] {dagbag.py:538} INFO - Filling up the DagBag from /home/ubuntu/.local/lib/python3.10/site-packages/airflow/example_dags/example_latest_only_with_trigger.py
[2024-01-30T15:34:53.450+0100] {processor.py:840} INFO - DAG(s) 'latest_only_with_trigger' retrieved from /home/ubuntu/.local/lib/python3.10/site-packages/airflow/example_dags/example_latest_only_with_trigger.py
[2024-01-30T15:34:53.469+0100] {logging_mixin.py:188} INFO - [2024-01-30T15:34:53.469+0100] {dag.py:3033} INFO - Sync 1 DAGs
[2024-01-30T15:34:53.492+0100] {logging_mixin.py:188} INFO - [2024-01-30T15:34:53.491+0100] {dag.py:3820} INFO - Setting next_dagrun for latest_only_with_trigger to 2024-01-30T08:00:00+00:00, run_after=2024-01-30T12:00:00+00:00
[2024-01-30T15:34:53.530+0100] {processor.py:183} INFO - Processing /home/ubuntu/.local/lib/python3.10/site-packages/airflow/example_dags/example_latest_only_with_trigger.py took 0.098 seconds
[2024-01-30T15:36:05.570+0100] {processor.py:161} INFO - Started process (PID=6974) to work on /home/ubuntu/.local/lib/python3.10/site-packages/airflow/example_dags/example_latest_only_with_trigger.py
[2024-01-30T15:36:05.578+0100] {processor.py:830} INFO - Processing file /home/ubuntu/.local/lib/python3.10/site-packages/airflow/example_dags/example_latest_only_with_trigger.py for tasks to queue
[2024-01-30T15:36:05.579+0100] {logging_mixin.py:188} INFO - [2024-01-30T15:36:05.578+0100] {dagbag.py:538} INFO - Filling up the DagBag from /home/ubuntu/.local/lib/python3.10/site-packages/airflow/example_dags/example_latest_only_with_trigger.py
[2024-01-30T15:36:05.627+0100] {processor.py:840} INFO - DAG(s) 'latest_only_with_trigger' retrieved from /home/ubuntu/.local/lib/python3.10/site-packages/airflow/example_dags/example_latest_only_with_trigger.py
[2024-01-30T15:36:05.687+0100] {logging_mixin.py:188} INFO - [2024-01-30T15:36:05.687+0100] {dag.py:3033} INFO - Sync 1 DAGs
[2024-01-30T15:36:05.712+0100] {logging_mixin.py:188} INFO - [2024-01-30T15:36:05.712+0100] {dag.py:3820} INFO - Setting next_dagrun for latest_only_with_trigger to 2024-01-30T08:00:00+00:00, run_after=2024-01-30T12:00:00+00:00
[2024-01-30T15:36:05.744+0100] {processor.py:183} INFO - Processing /home/ubuntu/.local/lib/python3.10/site-packages/airflow/example_dags/example_latest_only_with_trigger.py took 0.190 seconds
[2024-01-30T15:37:23.868+0100] {processor.py:161} INFO - Started process (PID=7055) to work on /home/ubuntu/.local/lib/python3.10/site-packages/airflow/example_dags/example_latest_only_with_trigger.py
[2024-01-30T15:37:23.870+0100] {processor.py:830} INFO - Processing file /home/ubuntu/.local/lib/python3.10/site-packages/airflow/example_dags/example_latest_only_with_trigger.py for tasks to queue
[2024-01-30T15:37:23.872+0100] {logging_mixin.py:188} INFO - [2024-01-30T15:37:23.871+0100] {dagbag.py:538} INFO - Filling up the DagBag from /home/ubuntu/.local/lib/python3.10/site-packages/airflow/example_dags/example_latest_only_with_trigger.py
[2024-01-30T15:37:23.880+0100] {processor.py:840} INFO - DAG(s) 'latest_only_with_trigger' retrieved from /home/ubuntu/.local/lib/python3.10/site-packages/airflow/example_dags/example_latest_only_with_trigger.py
[2024-01-30T15:37:23.899+0100] {logging_mixin.py:188} INFO - [2024-01-30T15:37:23.899+0100] {dag.py:3033} INFO - Sync 1 DAGs
[2024-01-30T15:37:23.921+0100] {logging_mixin.py:188} INFO - [2024-01-30T15:37:23.921+0100] {dag.py:3820} INFO - Setting next_dagrun for latest_only_with_trigger to 2024-01-30T08:00:00+00:00, run_after=2024-01-30T12:00:00+00:00
[2024-01-30T15:37:23.958+0100] {processor.py:183} INFO - Processing /home/ubuntu/.local/lib/python3.10/site-packages/airflow/example_dags/example_latest_only_with_trigger.py took 0.095 seconds
[2024-01-30T15:38:16.345+0100] {processor.py:161} INFO - Started process (PID=7113) to work on /home/ubuntu/.local/lib/python3.10/site-packages/airflow/example_dags/example_latest_only_with_trigger.py
[2024-01-30T15:38:16.348+0100] {processor.py:830} INFO - Processing file /home/ubuntu/.local/lib/python3.10/site-packages/airflow/example_dags/example_latest_only_with_trigger.py for tasks to queue
[2024-01-30T15:38:16.350+0100] {logging_mixin.py:188} INFO - [2024-01-30T15:38:16.349+0100] {dagbag.py:538} INFO - Filling up the DagBag from /home/ubuntu/.local/lib/python3.10/site-packages/airflow/example_dags/example_latest_only_with_trigger.py
[2024-01-30T15:38:16.359+0100] {processor.py:840} INFO - DAG(s) 'latest_only_with_trigger' retrieved from /home/ubuntu/.local/lib/python3.10/site-packages/airflow/example_dags/example_latest_only_with_trigger.py
[2024-01-30T15:38:16.378+0100] {logging_mixin.py:188} INFO - [2024-01-30T15:38:16.377+0100] {dag.py:3033} INFO - Sync 1 DAGs
[2024-01-30T15:38:16.399+0100] {logging_mixin.py:188} INFO - [2024-01-30T15:38:16.399+0100] {dag.py:3820} INFO - Setting next_dagrun for latest_only_with_trigger to 2024-01-30T08:00:00+00:00, run_after=2024-01-30T12:00:00+00:00
[2024-01-30T15:38:16.434+0100] {processor.py:183} INFO - Processing /home/ubuntu/.local/lib/python3.10/site-packages/airflow/example_dags/example_latest_only_with_trigger.py took 0.094 seconds
[2024-01-30T15:39:16.100+0100] {processor.py:161} INFO - Started process (PID=7251) to work on /home/ubuntu/.local/lib/python3.10/site-packages/airflow/example_dags/example_latest_only_with_trigger.py
[2024-01-30T15:39:16.120+0100] {processor.py:830} INFO - Processing file /home/ubuntu/.local/lib/python3.10/site-packages/airflow/example_dags/example_latest_only_with_trigger.py for tasks to queue
[2024-01-30T15:39:16.128+0100] {logging_mixin.py:188} INFO - [2024-01-30T15:39:16.125+0100] {dagbag.py:538} INFO - Filling up the DagBag from /home/ubuntu/.local/lib/python3.10/site-packages/airflow/example_dags/example_latest_only_with_trigger.py
[2024-01-30T15:39:16.165+0100] {processor.py:840} INFO - DAG(s) 'latest_only_with_trigger' retrieved from /home/ubuntu/.local/lib/python3.10/site-packages/airflow/example_dags/example_latest_only_with_trigger.py
[2024-01-30T15:39:16.187+0100] {logging_mixin.py:188} INFO - [2024-01-30T15:39:16.187+0100] {dag.py:3033} INFO - Sync 1 DAGs
[2024-01-30T15:39:16.213+0100] {logging_mixin.py:188} INFO - [2024-01-30T15:39:16.213+0100] {dag.py:3820} INFO - Setting next_dagrun for latest_only_with_trigger to 2024-01-30T08:00:00+00:00, run_after=2024-01-30T12:00:00+00:00
[2024-01-30T15:39:16.243+0100] {processor.py:183} INFO - Processing /home/ubuntu/.local/lib/python3.10/site-packages/airflow/example_dags/example_latest_only_with_trigger.py took 0.153 seconds
[2024-01-30T15:40:08.946+0100] {processor.py:161} INFO - Started process (PID=7311) to work on /home/ubuntu/.local/lib/python3.10/site-packages/airflow/example_dags/example_latest_only_with_trigger.py
[2024-01-30T15:40:08.948+0100] {processor.py:830} INFO - Processing file /home/ubuntu/.local/lib/python3.10/site-packages/airflow/example_dags/example_latest_only_with_trigger.py for tasks to queue
[2024-01-30T15:40:08.949+0100] {logging_mixin.py:188} INFO - [2024-01-30T15:40:08.949+0100] {dagbag.py:538} INFO - Filling up the DagBag from /home/ubuntu/.local/lib/python3.10/site-packages/airflow/example_dags/example_latest_only_with_trigger.py
[2024-01-30T15:40:08.958+0100] {processor.py:840} INFO - DAG(s) 'latest_only_with_trigger' retrieved from /home/ubuntu/.local/lib/python3.10/site-packages/airflow/example_dags/example_latest_only_with_trigger.py
[2024-01-30T15:40:08.976+0100] {logging_mixin.py:188} INFO - [2024-01-30T15:40:08.976+0100] {dag.py:3033} INFO - Sync 1 DAGs
[2024-01-30T15:40:08.997+0100] {logging_mixin.py:188} INFO - [2024-01-30T15:40:08.996+0100] {dag.py:3820} INFO - Setting next_dagrun for latest_only_with_trigger to 2024-01-30T08:00:00+00:00, run_after=2024-01-30T12:00:00+00:00
[2024-01-30T15:40:09.034+0100] {processor.py:183} INFO - Processing /home/ubuntu/.local/lib/python3.10/site-packages/airflow/example_dags/example_latest_only_with_trigger.py took 0.092 seconds
[2024-01-30T15:41:06.038+0100] {processor.py:161} INFO - Started process (PID=7365) to work on /home/ubuntu/.local/lib/python3.10/site-packages/airflow/example_dags/example_latest_only_with_trigger.py
[2024-01-30T15:41:06.040+0100] {processor.py:830} INFO - Processing file /home/ubuntu/.local/lib/python3.10/site-packages/airflow/example_dags/example_latest_only_with_trigger.py for tasks to queue
[2024-01-30T15:41:06.042+0100] {logging_mixin.py:188} INFO - [2024-01-30T15:41:06.041+0100] {dagbag.py:538} INFO - Filling up the DagBag from /home/ubuntu/.local/lib/python3.10/site-packages/airflow/example_dags/example_latest_only_with_trigger.py
[2024-01-30T15:41:06.054+0100] {processor.py:840} INFO - DAG(s) 'latest_only_with_trigger' retrieved from /home/ubuntu/.local/lib/python3.10/site-packages/airflow/example_dags/example_latest_only_with_trigger.py
[2024-01-30T15:41:06.082+0100] {logging_mixin.py:188} INFO - [2024-01-30T15:41:06.081+0100] {dag.py:3033} INFO - Sync 1 DAGs
[2024-01-30T15:41:06.115+0100] {logging_mixin.py:188} INFO - [2024-01-30T15:41:06.114+0100] {dag.py:3820} INFO - Setting next_dagrun for latest_only_with_trigger to 2024-01-30T08:00:00+00:00, run_after=2024-01-30T12:00:00+00:00
[2024-01-30T15:41:06.161+0100] {processor.py:183} INFO - Processing /home/ubuntu/.local/lib/python3.10/site-packages/airflow/example_dags/example_latest_only_with_trigger.py took 0.129 seconds
[2024-01-30T15:42:08.839+0100] {processor.py:161} INFO - Started process (PID=7459) to work on /home/ubuntu/.local/lib/python3.10/site-packages/airflow/example_dags/example_latest_only_with_trigger.py
[2024-01-30T15:42:08.841+0100] {processor.py:830} INFO - Processing file /home/ubuntu/.local/lib/python3.10/site-packages/airflow/example_dags/example_latest_only_with_trigger.py for tasks to queue
[2024-01-30T15:42:08.843+0100] {logging_mixin.py:188} INFO - [2024-01-30T15:42:08.842+0100] {dagbag.py:538} INFO - Filling up the DagBag from /home/ubuntu/.local/lib/python3.10/site-packages/airflow/example_dags/example_latest_only_with_trigger.py
[2024-01-30T15:42:08.856+0100] {processor.py:840} INFO - DAG(s) 'latest_only_with_trigger' retrieved from /home/ubuntu/.local/lib/python3.10/site-packages/airflow/example_dags/example_latest_only_with_trigger.py
[2024-01-30T15:42:08.886+0100] {logging_mixin.py:188} INFO - [2024-01-30T15:42:08.886+0100] {dag.py:3033} INFO - Sync 1 DAGs
[2024-01-30T15:42:08.909+0100] {logging_mixin.py:188} INFO - [2024-01-30T15:42:08.908+0100] {dag.py:3820} INFO - Setting next_dagrun for latest_only_with_trigger to 2024-01-30T08:00:00+00:00, run_after=2024-01-30T12:00:00+00:00
[2024-01-30T15:42:08.947+0100] {processor.py:183} INFO - Processing /home/ubuntu/.local/lib/python3.10/site-packages/airflow/example_dags/example_latest_only_with_trigger.py took 0.113 seconds
[2024-01-30T15:43:13.003+0100] {processor.py:161} INFO - Started process (PID=7740) to work on /home/ubuntu/.local/lib/python3.10/site-packages/airflow/example_dags/example_latest_only_with_trigger.py
[2024-01-30T15:43:13.009+0100] {processor.py:830} INFO - Processing file /home/ubuntu/.local/lib/python3.10/site-packages/airflow/example_dags/example_latest_only_with_trigger.py for tasks to queue
[2024-01-30T15:43:13.011+0100] {logging_mixin.py:188} INFO - [2024-01-30T15:43:13.011+0100] {dagbag.py:538} INFO - Filling up the DagBag from /home/ubuntu/.local/lib/python3.10/site-packages/airflow/example_dags/example_latest_only_with_trigger.py
[2024-01-30T15:43:13.019+0100] {processor.py:840} INFO - DAG(s) 'latest_only_with_trigger' retrieved from /home/ubuntu/.local/lib/python3.10/site-packages/airflow/example_dags/example_latest_only_with_trigger.py
[2024-01-30T15:43:13.040+0100] {logging_mixin.py:188} INFO - [2024-01-30T15:43:13.040+0100] {dag.py:3033} INFO - Sync 1 DAGs
[2024-01-30T15:43:13.064+0100] {logging_mixin.py:188} INFO - [2024-01-30T15:43:13.064+0100] {dag.py:3820} INFO - Setting next_dagrun for latest_only_with_trigger to 2024-01-30T08:00:00+00:00, run_after=2024-01-30T12:00:00+00:00
[2024-01-30T15:43:13.102+0100] {processor.py:183} INFO - Processing /home/ubuntu/.local/lib/python3.10/site-packages/airflow/example_dags/example_latest_only_with_trigger.py took 0.102 seconds
[2024-01-30T15:44:12.807+0100] {processor.py:161} INFO - Started process (PID=8028) to work on /home/ubuntu/.local/lib/python3.10/site-packages/airflow/example_dags/example_latest_only_with_trigger.py
[2024-01-30T15:44:12.810+0100] {processor.py:830} INFO - Processing file /home/ubuntu/.local/lib/python3.10/site-packages/airflow/example_dags/example_latest_only_with_trigger.py for tasks to queue
[2024-01-30T15:44:12.813+0100] {logging_mixin.py:188} INFO - [2024-01-30T15:44:12.812+0100] {dagbag.py:538} INFO - Filling up the DagBag from /home/ubuntu/.local/lib/python3.10/site-packages/airflow/example_dags/example_latest_only_with_trigger.py
[2024-01-30T15:44:12.824+0100] {processor.py:840} INFO - DAG(s) 'latest_only_with_trigger' retrieved from /home/ubuntu/.local/lib/python3.10/site-packages/airflow/example_dags/example_latest_only_with_trigger.py
[2024-01-30T15:44:12.842+0100] {logging_mixin.py:188} INFO - [2024-01-30T15:44:12.842+0100] {dag.py:3033} INFO - Sync 1 DAGs
[2024-01-30T15:44:12.866+0100] {logging_mixin.py:188} INFO - [2024-01-30T15:44:12.866+0100] {dag.py:3820} INFO - Setting next_dagrun for latest_only_with_trigger to 2024-01-30T08:00:00+00:00, run_after=2024-01-30T12:00:00+00:00
[2024-01-30T15:44:12.901+0100] {processor.py:183} INFO - Processing /home/ubuntu/.local/lib/python3.10/site-packages/airflow/example_dags/example_latest_only_with_trigger.py took 0.097 seconds
[2024-01-30T15:45:15.393+0100] {processor.py:161} INFO - Started process (PID=8241) to work on /home/ubuntu/.local/lib/python3.10/site-packages/airflow/example_dags/example_latest_only_with_trigger.py
[2024-01-30T15:45:15.395+0100] {processor.py:830} INFO - Processing file /home/ubuntu/.local/lib/python3.10/site-packages/airflow/example_dags/example_latest_only_with_trigger.py for tasks to queue
[2024-01-30T15:45:15.397+0100] {logging_mixin.py:188} INFO - [2024-01-30T15:45:15.396+0100] {dagbag.py:538} INFO - Filling up the DagBag from /home/ubuntu/.local/lib/python3.10/site-packages/airflow/example_dags/example_latest_only_with_trigger.py
[2024-01-30T15:45:15.405+0100] {processor.py:840} INFO - DAG(s) 'latest_only_with_trigger' retrieved from /home/ubuntu/.local/lib/python3.10/site-packages/airflow/example_dags/example_latest_only_with_trigger.py
[2024-01-30T15:45:15.431+0100] {logging_mixin.py:188} INFO - [2024-01-30T15:45:15.430+0100] {dag.py:3033} INFO - Sync 1 DAGs
[2024-01-30T15:45:15.458+0100] {logging_mixin.py:188} INFO - [2024-01-30T15:45:15.458+0100] {dag.py:3820} INFO - Setting next_dagrun for latest_only_with_trigger to 2024-01-30T08:00:00+00:00, run_after=2024-01-30T12:00:00+00:00
[2024-01-30T15:45:15.497+0100] {processor.py:183} INFO - Processing /home/ubuntu/.local/lib/python3.10/site-packages/airflow/example_dags/example_latest_only_with_trigger.py took 0.107 seconds
[2024-01-30T15:46:16.169+0100] {processor.py:161} INFO - Started process (PID=8308) to work on /home/ubuntu/.local/lib/python3.10/site-packages/airflow/example_dags/example_latest_only_with_trigger.py
[2024-01-30T15:46:16.172+0100] {processor.py:830} INFO - Processing file /home/ubuntu/.local/lib/python3.10/site-packages/airflow/example_dags/example_latest_only_with_trigger.py for tasks to queue
[2024-01-30T15:46:16.173+0100] {logging_mixin.py:188} INFO - [2024-01-30T15:46:16.173+0100] {dagbag.py:538} INFO - Filling up the DagBag from /home/ubuntu/.local/lib/python3.10/site-packages/airflow/example_dags/example_latest_only_with_trigger.py
[2024-01-30T15:46:16.181+0100] {processor.py:840} INFO - DAG(s) 'latest_only_with_trigger' retrieved from /home/ubuntu/.local/lib/python3.10/site-packages/airflow/example_dags/example_latest_only_with_trigger.py
[2024-01-30T15:46:16.200+0100] {logging_mixin.py:188} INFO - [2024-01-30T15:46:16.200+0100] {dag.py:3033} INFO - Sync 1 DAGs
[2024-01-30T15:46:16.223+0100] {logging_mixin.py:188} INFO - [2024-01-30T15:46:16.223+0100] {dag.py:3820} INFO - Setting next_dagrun for latest_only_with_trigger to 2024-01-30T08:00:00+00:00, run_after=2024-01-30T12:00:00+00:00
[2024-01-30T15:46:16.255+0100] {processor.py:183} INFO - Processing /home/ubuntu/.local/lib/python3.10/site-packages/airflow/example_dags/example_latest_only_with_trigger.py took 0.089 seconds
[2024-01-30T15:47:06.551+0100] {processor.py:161} INFO - Started process (PID=8363) to work on /home/ubuntu/.local/lib/python3.10/site-packages/airflow/example_dags/example_latest_only_with_trigger.py
[2024-01-30T15:47:06.553+0100] {processor.py:830} INFO - Processing file /home/ubuntu/.local/lib/python3.10/site-packages/airflow/example_dags/example_latest_only_with_trigger.py for tasks to queue
[2024-01-30T15:47:06.555+0100] {logging_mixin.py:188} INFO - [2024-01-30T15:47:06.554+0100] {dagbag.py:538} INFO - Filling up the DagBag from /home/ubuntu/.local/lib/python3.10/site-packages/airflow/example_dags/example_latest_only_with_trigger.py
[2024-01-30T15:47:06.564+0100] {processor.py:840} INFO - DAG(s) 'latest_only_with_trigger' retrieved from /home/ubuntu/.local/lib/python3.10/site-packages/airflow/example_dags/example_latest_only_with_trigger.py
[2024-01-30T15:47:06.583+0100] {logging_mixin.py:188} INFO - [2024-01-30T15:47:06.583+0100] {dag.py:3033} INFO - Sync 1 DAGs
[2024-01-30T15:47:06.609+0100] {logging_mixin.py:188} INFO - [2024-01-30T15:47:06.608+0100] {dag.py:3820} INFO - Setting next_dagrun for latest_only_with_trigger to 2024-01-30T08:00:00+00:00, run_after=2024-01-30T12:00:00+00:00
[2024-01-30T15:47:06.672+0100] {processor.py:183} INFO - Processing /home/ubuntu/.local/lib/python3.10/site-packages/airflow/example_dags/example_latest_only_with_trigger.py took 0.127 seconds
[2024-01-30T15:48:37.275+0100] {processor.py:161} INFO - Started process (PID=8647) to work on /home/ubuntu/.local/lib/python3.10/site-packages/airflow/example_dags/example_latest_only_with_trigger.py
[2024-01-30T15:48:37.299+0100] {processor.py:830} INFO - Processing file /home/ubuntu/.local/lib/python3.10/site-packages/airflow/example_dags/example_latest_only_with_trigger.py for tasks to queue
[2024-01-30T15:48:37.308+0100] {logging_mixin.py:188} INFO - [2024-01-30T15:48:37.307+0100] {dagbag.py:538} INFO - Filling up the DagBag from /home/ubuntu/.local/lib/python3.10/site-packages/airflow/example_dags/example_latest_only_with_trigger.py
[2024-01-30T15:48:37.332+0100] {processor.py:840} INFO - DAG(s) 'latest_only_with_trigger' retrieved from /home/ubuntu/.local/lib/python3.10/site-packages/airflow/example_dags/example_latest_only_with_trigger.py
[2024-01-30T15:48:37.431+0100] {logging_mixin.py:188} INFO - [2024-01-30T15:48:37.431+0100] {dag.py:3033} INFO - Sync 1 DAGs
[2024-01-30T15:48:37.504+0100] {logging_mixin.py:188} INFO - [2024-01-30T15:48:37.503+0100] {dag.py:3820} INFO - Setting next_dagrun for latest_only_with_trigger to 2024-01-30T08:00:00+00:00, run_after=2024-01-30T12:00:00+00:00
[2024-01-30T15:48:37.756+0100] {processor.py:183} INFO - Processing /home/ubuntu/.local/lib/python3.10/site-packages/airflow/example_dags/example_latest_only_with_trigger.py took 0.495 seconds
[2024-01-30T15:53:33.876+0100] {processor.py:161} INFO - Started process (PID=9694) to work on /home/ubuntu/.local/lib/python3.10/site-packages/airflow/example_dags/example_latest_only_with_trigger.py
[2024-01-30T15:53:33.957+0100] {processor.py:830} INFO - Processing file /home/ubuntu/.local/lib/python3.10/site-packages/airflow/example_dags/example_latest_only_with_trigger.py for tasks to queue
[2024-01-30T15:53:34.009+0100] {logging_mixin.py:188} INFO - [2024-01-30T15:53:34.004+0100] {dagbag.py:538} INFO - Filling up the DagBag from /home/ubuntu/.local/lib/python3.10/site-packages/airflow/example_dags/example_latest_only_with_trigger.py
[2024-01-30T15:53:34.182+0100] {processor.py:840} INFO - DAG(s) 'latest_only_with_trigger' retrieved from /home/ubuntu/.local/lib/python3.10/site-packages/airflow/example_dags/example_latest_only_with_trigger.py
[2024-01-30T15:53:34.331+0100] {logging_mixin.py:188} INFO - [2024-01-30T15:53:34.330+0100] {dag.py:3033} INFO - Sync 1 DAGs
[2024-01-30T15:53:34.519+0100] {logging_mixin.py:188} INFO - [2024-01-30T15:53:34.516+0100] {dag.py:3820} INFO - Setting next_dagrun for latest_only_with_trigger to 2024-01-30T08:00:00+00:00, run_after=2024-01-30T12:00:00+00:00
[2024-01-30T15:53:34.670+0100] {processor.py:183} INFO - Processing /home/ubuntu/.local/lib/python3.10/site-packages/airflow/example_dags/example_latest_only_with_trigger.py took 0.844 seconds
[2024-01-30T15:56:11.679+0100] {processor.py:161} INFO - Started process (PID=9896) to work on /home/ubuntu/.local/lib/python3.10/site-packages/airflow/example_dags/example_latest_only_with_trigger.py
[2024-01-30T15:56:11.721+0100] {processor.py:830} INFO - Processing file /home/ubuntu/.local/lib/python3.10/site-packages/airflow/example_dags/example_latest_only_with_trigger.py for tasks to queue
[2024-01-30T15:56:11.732+0100] {logging_mixin.py:188} INFO - [2024-01-30T15:56:11.731+0100] {dagbag.py:538} INFO - Filling up the DagBag from /home/ubuntu/.local/lib/python3.10/site-packages/airflow/example_dags/example_latest_only_with_trigger.py
[2024-01-30T15:56:11.763+0100] {processor.py:840} INFO - DAG(s) 'latest_only_with_trigger' retrieved from /home/ubuntu/.local/lib/python3.10/site-packages/airflow/example_dags/example_latest_only_with_trigger.py
[2024-01-30T15:56:12.076+0100] {logging_mixin.py:188} INFO - [2024-01-30T15:56:12.070+0100] {dag.py:3033} INFO - Sync 1 DAGs
[2024-01-30T15:56:12.278+0100] {logging_mixin.py:188} INFO - [2024-01-30T15:56:12.273+0100] {dag.py:3820} INFO - Setting next_dagrun for latest_only_with_trigger to 2024-01-30T08:00:00+00:00, run_after=2024-01-30T12:00:00+00:00
[2024-01-30T15:56:12.732+0100] {processor.py:183} INFO - Processing /home/ubuntu/.local/lib/python3.10/site-packages/airflow/example_dags/example_latest_only_with_trigger.py took 1.113 seconds
[2024-01-30T15:58:08.335+0100] {processor.py:161} INFO - Started process (PID=10022) to work on /home/ubuntu/.local/lib/python3.10/site-packages/airflow/example_dags/example_latest_only_with_trigger.py
[2024-01-30T15:58:08.375+0100] {processor.py:830} INFO - Processing file /home/ubuntu/.local/lib/python3.10/site-packages/airflow/example_dags/example_latest_only_with_trigger.py for tasks to queue
[2024-01-30T15:58:08.386+0100] {logging_mixin.py:188} INFO - [2024-01-30T15:58:08.385+0100] {dagbag.py:538} INFO - Filling up the DagBag from /home/ubuntu/.local/lib/python3.10/site-packages/airflow/example_dags/example_latest_only_with_trigger.py
[2024-01-30T15:58:08.427+0100] {processor.py:840} INFO - DAG(s) 'latest_only_with_trigger' retrieved from /home/ubuntu/.local/lib/python3.10/site-packages/airflow/example_dags/example_latest_only_with_trigger.py
[2024-01-30T15:58:08.520+0100] {logging_mixin.py:188} INFO - [2024-01-30T15:58:08.520+0100] {dag.py:3033} INFO - Sync 1 DAGs
[2024-01-30T15:58:08.697+0100] {logging_mixin.py:188} INFO - [2024-01-30T15:58:08.696+0100] {dag.py:3820} INFO - Setting next_dagrun for latest_only_with_trigger to 2024-01-30T08:00:00+00:00, run_after=2024-01-30T12:00:00+00:00
[2024-01-30T15:58:08.878+0100] {processor.py:183} INFO - Processing /home/ubuntu/.local/lib/python3.10/site-packages/airflow/example_dags/example_latest_only_with_trigger.py took 0.574 seconds
[2024-01-30T15:59:54.549+0100] {processor.py:161} INFO - Started process (PID=10126) to work on /home/ubuntu/.local/lib/python3.10/site-packages/airflow/example_dags/example_latest_only_with_trigger.py
[2024-01-30T15:59:54.554+0100] {processor.py:830} INFO - Processing file /home/ubuntu/.local/lib/python3.10/site-packages/airflow/example_dags/example_latest_only_with_trigger.py for tasks to queue
[2024-01-30T15:59:54.555+0100] {logging_mixin.py:188} INFO - [2024-01-30T15:59:54.555+0100] {dagbag.py:538} INFO - Filling up the DagBag from /home/ubuntu/.local/lib/python3.10/site-packages/airflow/example_dags/example_latest_only_with_trigger.py
[2024-01-30T15:59:54.567+0100] {processor.py:840} INFO - DAG(s) 'latest_only_with_trigger' retrieved from /home/ubuntu/.local/lib/python3.10/site-packages/airflow/example_dags/example_latest_only_with_trigger.py
[2024-01-30T15:59:54.595+0100] {logging_mixin.py:188} INFO - [2024-01-30T15:59:54.594+0100] {dag.py:3033} INFO - Sync 1 DAGs
[2024-01-30T15:59:54.625+0100] {logging_mixin.py:188} INFO - [2024-01-30T15:59:54.625+0100] {dag.py:3820} INFO - Setting next_dagrun for latest_only_with_trigger to 2024-01-30T08:00:00+00:00, run_after=2024-01-30T12:00:00+00:00
[2024-01-30T15:59:54.701+0100] {processor.py:183} INFO - Processing /home/ubuntu/.local/lib/python3.10/site-packages/airflow/example_dags/example_latest_only_with_trigger.py took 0.156 seconds
[2024-01-30T16:00:48.795+0100] {processor.py:161} INFO - Started process (PID=10184) to work on /home/ubuntu/.local/lib/python3.10/site-packages/airflow/example_dags/example_latest_only_with_trigger.py
[2024-01-30T16:00:48.799+0100] {processor.py:830} INFO - Processing file /home/ubuntu/.local/lib/python3.10/site-packages/airflow/example_dags/example_latest_only_with_trigger.py for tasks to queue
[2024-01-30T16:00:48.802+0100] {logging_mixin.py:188} INFO - [2024-01-30T16:00:48.801+0100] {dagbag.py:538} INFO - Filling up the DagBag from /home/ubuntu/.local/lib/python3.10/site-packages/airflow/example_dags/example_latest_only_with_trigger.py
[2024-01-30T16:00:48.817+0100] {processor.py:840} INFO - DAG(s) 'latest_only_with_trigger' retrieved from /home/ubuntu/.local/lib/python3.10/site-packages/airflow/example_dags/example_latest_only_with_trigger.py
[2024-01-30T16:00:48.843+0100] {logging_mixin.py:188} INFO - [2024-01-30T16:00:48.843+0100] {dag.py:3033} INFO - Sync 1 DAGs
[2024-01-30T16:00:48.885+0100] {logging_mixin.py:188} INFO - [2024-01-30T16:00:48.885+0100] {dag.py:3820} INFO - Setting next_dagrun for latest_only_with_trigger to 2024-01-30T08:00:00+00:00, run_after=2024-01-30T12:00:00+00:00
[2024-01-30T16:00:48.923+0100] {processor.py:183} INFO - Processing /home/ubuntu/.local/lib/python3.10/site-packages/airflow/example_dags/example_latest_only_with_trigger.py took 0.133 seconds
[2024-01-30T16:01:43.559+0100] {processor.py:161} INFO - Started process (PID=10240) to work on /home/ubuntu/.local/lib/python3.10/site-packages/airflow/example_dags/example_latest_only_with_trigger.py
[2024-01-30T16:01:43.564+0100] {processor.py:830} INFO - Processing file /home/ubuntu/.local/lib/python3.10/site-packages/airflow/example_dags/example_latest_only_with_trigger.py for tasks to queue
[2024-01-30T16:01:43.567+0100] {logging_mixin.py:188} INFO - [2024-01-30T16:01:43.566+0100] {dagbag.py:538} INFO - Filling up the DagBag from /home/ubuntu/.local/lib/python3.10/site-packages/airflow/example_dags/example_latest_only_with_trigger.py
[2024-01-30T16:01:43.629+0100] {processor.py:840} INFO - DAG(s) 'latest_only_with_trigger' retrieved from /home/ubuntu/.local/lib/python3.10/site-packages/airflow/example_dags/example_latest_only_with_trigger.py
[2024-01-30T16:01:43.682+0100] {logging_mixin.py:188} INFO - [2024-01-30T16:01:43.681+0100] {dag.py:3033} INFO - Sync 1 DAGs
[2024-01-30T16:01:43.717+0100] {logging_mixin.py:188} INFO - [2024-01-30T16:01:43.717+0100] {dag.py:3820} INFO - Setting next_dagrun for latest_only_with_trigger to 2024-01-30T08:00:00+00:00, run_after=2024-01-30T12:00:00+00:00
[2024-01-30T16:01:43.759+0100] {processor.py:183} INFO - Processing /home/ubuntu/.local/lib/python3.10/site-packages/airflow/example_dags/example_latest_only_with_trigger.py took 0.211 seconds
[2024-01-30T16:03:16.477+0100] {processor.py:161} INFO - Started process (PID=10337) to work on /home/ubuntu/.local/lib/python3.10/site-packages/airflow/example_dags/example_latest_only_with_trigger.py
[2024-01-30T16:03:16.491+0100] {processor.py:830} INFO - Processing file /home/ubuntu/.local/lib/python3.10/site-packages/airflow/example_dags/example_latest_only_with_trigger.py for tasks to queue
[2024-01-30T16:03:16.493+0100] {logging_mixin.py:188} INFO - [2024-01-30T16:03:16.492+0100] {dagbag.py:538} INFO - Filling up the DagBag from /home/ubuntu/.local/lib/python3.10/site-packages/airflow/example_dags/example_latest_only_with_trigger.py
[2024-01-30T16:03:16.502+0100] {processor.py:840} INFO - DAG(s) 'latest_only_with_trigger' retrieved from /home/ubuntu/.local/lib/python3.10/site-packages/airflow/example_dags/example_latest_only_with_trigger.py
[2024-01-30T16:03:16.524+0100] {logging_mixin.py:188} INFO - [2024-01-30T16:03:16.524+0100] {dag.py:3033} INFO - Sync 1 DAGs
[2024-01-30T16:03:16.559+0100] {logging_mixin.py:188} INFO - [2024-01-30T16:03:16.559+0100] {dag.py:3820} INFO - Setting next_dagrun for latest_only_with_trigger to 2024-01-30T08:00:00+00:00, run_after=2024-01-30T12:00:00+00:00
[2024-01-30T16:03:16.722+0100] {processor.py:183} INFO - Processing /home/ubuntu/.local/lib/python3.10/site-packages/airflow/example_dags/example_latest_only_with_trigger.py took 0.249 seconds
[2024-01-30T16:04:49.717+0100] {processor.py:161} INFO - Started process (PID=10435) to work on /home/ubuntu/.local/lib/python3.10/site-packages/airflow/example_dags/example_latest_only_with_trigger.py
[2024-01-30T16:04:49.724+0100] {processor.py:830} INFO - Processing file /home/ubuntu/.local/lib/python3.10/site-packages/airflow/example_dags/example_latest_only_with_trigger.py for tasks to queue
[2024-01-30T16:04:49.725+0100] {logging_mixin.py:188} INFO - [2024-01-30T16:04:49.725+0100] {dagbag.py:538} INFO - Filling up the DagBag from /home/ubuntu/.local/lib/python3.10/site-packages/airflow/example_dags/example_latest_only_with_trigger.py
[2024-01-30T16:04:49.743+0100] {processor.py:840} INFO - DAG(s) 'latest_only_with_trigger' retrieved from /home/ubuntu/.local/lib/python3.10/site-packages/airflow/example_dags/example_latest_only_with_trigger.py
[2024-01-30T16:04:49.761+0100] {logging_mixin.py:188} INFO - [2024-01-30T16:04:49.761+0100] {dag.py:3033} INFO - Sync 1 DAGs
[2024-01-30T16:04:49.783+0100] {logging_mixin.py:188} INFO - [2024-01-30T16:04:49.783+0100] {dag.py:3820} INFO - Setting next_dagrun for latest_only_with_trigger to 2024-01-30T08:00:00+00:00, run_after=2024-01-30T12:00:00+00:00
[2024-01-30T16:04:49.987+0100] {processor.py:183} INFO - Processing /home/ubuntu/.local/lib/python3.10/site-packages/airflow/example_dags/example_latest_only_with_trigger.py took 0.273 seconds
[2024-01-30T16:06:39.113+0100] {processor.py:161} INFO - Started process (PID=10524) to work on /home/ubuntu/.local/lib/python3.10/site-packages/airflow/example_dags/example_latest_only_with_trigger.py
[2024-01-30T16:06:39.163+0100] {processor.py:830} INFO - Processing file /home/ubuntu/.local/lib/python3.10/site-packages/airflow/example_dags/example_latest_only_with_trigger.py for tasks to queue
[2024-01-30T16:06:39.165+0100] {logging_mixin.py:188} INFO - [2024-01-30T16:06:39.164+0100] {dagbag.py:538} INFO - Filling up the DagBag from /home/ubuntu/.local/lib/python3.10/site-packages/airflow/example_dags/example_latest_only_with_trigger.py
[2024-01-30T16:06:39.202+0100] {processor.py:840} INFO - DAG(s) 'latest_only_with_trigger' retrieved from /home/ubuntu/.local/lib/python3.10/site-packages/airflow/example_dags/example_latest_only_with_trigger.py
[2024-01-30T16:06:39.233+0100] {logging_mixin.py:188} INFO - [2024-01-30T16:06:39.233+0100] {dag.py:3033} INFO - Sync 1 DAGs
[2024-01-30T16:06:39.294+0100] {logging_mixin.py:188} INFO - [2024-01-30T16:06:39.293+0100] {dag.py:3820} INFO - Setting next_dagrun for latest_only_with_trigger to 2024-01-30T08:00:00+00:00, run_after=2024-01-30T12:00:00+00:00
[2024-01-30T16:06:39.589+0100] {processor.py:183} INFO - Processing /home/ubuntu/.local/lib/python3.10/site-packages/airflow/example_dags/example_latest_only_with_trigger.py took 0.491 seconds
