[2024-01-30T15:30:24.360+0100] {processor.py:161} INFO - Started process (PID=6623) to work on /home/ubuntu/.local/lib/python3.10/site-packages/airflow/example_dags/example_skip_dag.py
[2024-01-30T15:30:24.362+0100] {processor.py:830} INFO - Processing file /home/ubuntu/.local/lib/python3.10/site-packages/airflow/example_dags/example_skip_dag.py for tasks to queue
[2024-01-30T15:30:24.363+0100] {logging_mixin.py:188} INFO - [2024-01-30T15:30:24.363+0100] {dagbag.py:538} INFO - Filling up the DagBag from /home/ubuntu/.local/lib/python3.10/site-packages/airflow/example_dags/example_skip_dag.py
[2024-01-30T15:30:24.373+0100] {processor.py:840} INFO - DAG(s) 'example_skip_dag' retrieved from /home/ubuntu/.local/lib/python3.10/site-packages/airflow/example_dags/example_skip_dag.py
[2024-01-30T15:30:24.464+0100] {logging_mixin.py:188} INFO - [2024-01-30T15:30:24.464+0100] {dag.py:3033} INFO - Sync 1 DAGs
[2024-01-30T15:30:24.528+0100] {logging_mixin.py:188} INFO - [2024-01-30T15:30:24.527+0100] {dag.py:3820} INFO - Setting next_dagrun for example_skip_dag to 2024-01-29T00:00:00+00:00, run_after=2024-01-30T00:00:00+00:00
[2024-01-30T15:30:24.586+0100] {processor.py:183} INFO - Processing /home/ubuntu/.local/lib/python3.10/site-packages/airflow/example_dags/example_skip_dag.py took 0.229 seconds
[2024-01-30T15:31:23.397+0100] {processor.py:161} INFO - Started process (PID=6682) to work on /home/ubuntu/.local/lib/python3.10/site-packages/airflow/example_dags/example_skip_dag.py
[2024-01-30T15:31:23.400+0100] {processor.py:830} INFO - Processing file /home/ubuntu/.local/lib/python3.10/site-packages/airflow/example_dags/example_skip_dag.py for tasks to queue
[2024-01-30T15:31:23.402+0100] {logging_mixin.py:188} INFO - [2024-01-30T15:31:23.402+0100] {dagbag.py:538} INFO - Filling up the DagBag from /home/ubuntu/.local/lib/python3.10/site-packages/airflow/example_dags/example_skip_dag.py
[2024-01-30T15:31:23.413+0100] {processor.py:840} INFO - DAG(s) 'example_skip_dag' retrieved from /home/ubuntu/.local/lib/python3.10/site-packages/airflow/example_dags/example_skip_dag.py
[2024-01-30T15:31:23.437+0100] {logging_mixin.py:188} INFO - [2024-01-30T15:31:23.437+0100] {dag.py:3033} INFO - Sync 1 DAGs
[2024-01-30T15:31:23.461+0100] {logging_mixin.py:188} INFO - [2024-01-30T15:31:23.461+0100] {dag.py:3820} INFO - Setting next_dagrun for example_skip_dag to 2024-01-29T00:00:00+00:00, run_after=2024-01-30T00:00:00+00:00
[2024-01-30T15:31:23.547+0100] {processor.py:183} INFO - Processing /home/ubuntu/.local/lib/python3.10/site-packages/airflow/example_dags/example_skip_dag.py took 0.153 seconds
[2024-01-30T15:32:16.696+0100] {processor.py:161} INFO - Started process (PID=6737) to work on /home/ubuntu/.local/lib/python3.10/site-packages/airflow/example_dags/example_skip_dag.py
[2024-01-30T15:32:16.707+0100] {processor.py:830} INFO - Processing file /home/ubuntu/.local/lib/python3.10/site-packages/airflow/example_dags/example_skip_dag.py for tasks to queue
[2024-01-30T15:32:16.715+0100] {logging_mixin.py:188} INFO - [2024-01-30T15:32:16.711+0100] {dagbag.py:538} INFO - Filling up the DagBag from /home/ubuntu/.local/lib/python3.10/site-packages/airflow/example_dags/example_skip_dag.py
[2024-01-30T15:32:16.724+0100] {processor.py:840} INFO - DAG(s) 'example_skip_dag' retrieved from /home/ubuntu/.local/lib/python3.10/site-packages/airflow/example_dags/example_skip_dag.py
[2024-01-30T15:32:16.741+0100] {logging_mixin.py:188} INFO - [2024-01-30T15:32:16.741+0100] {dag.py:3033} INFO - Sync 1 DAGs
[2024-01-30T15:32:16.762+0100] {logging_mixin.py:188} INFO - [2024-01-30T15:32:16.762+0100] {dag.py:3820} INFO - Setting next_dagrun for example_skip_dag to 2024-01-29T00:00:00+00:00, run_after=2024-01-30T00:00:00+00:00
[2024-01-30T15:32:16.802+0100] {processor.py:183} INFO - Processing /home/ubuntu/.local/lib/python3.10/site-packages/airflow/example_dags/example_skip_dag.py took 0.108 seconds
[2024-01-30T15:33:48.027+0100] {processor.py:161} INFO - Started process (PID=6827) to work on /home/ubuntu/.local/lib/python3.10/site-packages/airflow/example_dags/example_skip_dag.py
[2024-01-30T15:33:48.029+0100] {processor.py:830} INFO - Processing file /home/ubuntu/.local/lib/python3.10/site-packages/airflow/example_dags/example_skip_dag.py for tasks to queue
[2024-01-30T15:33:48.030+0100] {logging_mixin.py:188} INFO - [2024-01-30T15:33:48.030+0100] {dagbag.py:538} INFO - Filling up the DagBag from /home/ubuntu/.local/lib/python3.10/site-packages/airflow/example_dags/example_skip_dag.py
[2024-01-30T15:33:48.041+0100] {processor.py:840} INFO - DAG(s) 'example_skip_dag' retrieved from /home/ubuntu/.local/lib/python3.10/site-packages/airflow/example_dags/example_skip_dag.py
[2024-01-30T15:33:48.059+0100] {logging_mixin.py:188} INFO - [2024-01-30T15:33:48.059+0100] {dag.py:3033} INFO - Sync 1 DAGs
[2024-01-30T15:33:48.084+0100] {logging_mixin.py:188} INFO - [2024-01-30T15:33:48.084+0100] {dag.py:3820} INFO - Setting next_dagrun for example_skip_dag to 2024-01-29T00:00:00+00:00, run_after=2024-01-30T00:00:00+00:00
[2024-01-30T15:33:48.114+0100] {processor.py:183} INFO - Processing /home/ubuntu/.local/lib/python3.10/site-packages/airflow/example_dags/example_skip_dag.py took 0.091 seconds
[2024-01-30T15:34:45.216+0100] {processor.py:161} INFO - Started process (PID=6886) to work on /home/ubuntu/.local/lib/python3.10/site-packages/airflow/example_dags/example_skip_dag.py
[2024-01-30T15:34:45.218+0100] {processor.py:830} INFO - Processing file /home/ubuntu/.local/lib/python3.10/site-packages/airflow/example_dags/example_skip_dag.py for tasks to queue
[2024-01-30T15:34:45.220+0100] {logging_mixin.py:188} INFO - [2024-01-30T15:34:45.219+0100] {dagbag.py:538} INFO - Filling up the DagBag from /home/ubuntu/.local/lib/python3.10/site-packages/airflow/example_dags/example_skip_dag.py
[2024-01-30T15:34:45.228+0100] {processor.py:840} INFO - DAG(s) 'example_skip_dag' retrieved from /home/ubuntu/.local/lib/python3.10/site-packages/airflow/example_dags/example_skip_dag.py
[2024-01-30T15:34:45.247+0100] {logging_mixin.py:188} INFO - [2024-01-30T15:34:45.247+0100] {dag.py:3033} INFO - Sync 1 DAGs
[2024-01-30T15:34:45.269+0100] {logging_mixin.py:188} INFO - [2024-01-30T15:34:45.269+0100] {dag.py:3820} INFO - Setting next_dagrun for example_skip_dag to 2024-01-29T00:00:00+00:00, run_after=2024-01-30T00:00:00+00:00
[2024-01-30T15:34:45.303+0100] {processor.py:183} INFO - Processing /home/ubuntu/.local/lib/python3.10/site-packages/airflow/example_dags/example_skip_dag.py took 0.089 seconds
[2024-01-30T15:35:36.010+0100] {processor.py:161} INFO - Started process (PID=6941) to work on /home/ubuntu/.local/lib/python3.10/site-packages/airflow/example_dags/example_skip_dag.py
[2024-01-30T15:35:36.013+0100] {processor.py:830} INFO - Processing file /home/ubuntu/.local/lib/python3.10/site-packages/airflow/example_dags/example_skip_dag.py for tasks to queue
[2024-01-30T15:35:36.017+0100] {logging_mixin.py:188} INFO - [2024-01-30T15:35:36.016+0100] {dagbag.py:538} INFO - Filling up the DagBag from /home/ubuntu/.local/lib/python3.10/site-packages/airflow/example_dags/example_skip_dag.py
[2024-01-30T15:35:36.028+0100] {processor.py:840} INFO - DAG(s) 'example_skip_dag' retrieved from /home/ubuntu/.local/lib/python3.10/site-packages/airflow/example_dags/example_skip_dag.py
[2024-01-30T15:35:36.047+0100] {logging_mixin.py:188} INFO - [2024-01-30T15:35:36.047+0100] {dag.py:3033} INFO - Sync 1 DAGs
[2024-01-30T15:35:36.068+0100] {logging_mixin.py:188} INFO - [2024-01-30T15:35:36.068+0100] {dag.py:3820} INFO - Setting next_dagrun for example_skip_dag to 2024-01-29T00:00:00+00:00, run_after=2024-01-30T00:00:00+00:00
[2024-01-30T15:35:36.100+0100] {processor.py:183} INFO - Processing /home/ubuntu/.local/lib/python3.10/site-packages/airflow/example_dags/example_skip_dag.py took 0.096 seconds
[2024-01-30T15:36:28.021+0100] {processor.py:161} INFO - Started process (PID=6995) to work on /home/ubuntu/.local/lib/python3.10/site-packages/airflow/example_dags/example_skip_dag.py
[2024-01-30T15:36:28.024+0100] {processor.py:830} INFO - Processing file /home/ubuntu/.local/lib/python3.10/site-packages/airflow/example_dags/example_skip_dag.py for tasks to queue
[2024-01-30T15:36:28.025+0100] {logging_mixin.py:188} INFO - [2024-01-30T15:36:28.024+0100] {dagbag.py:538} INFO - Filling up the DagBag from /home/ubuntu/.local/lib/python3.10/site-packages/airflow/example_dags/example_skip_dag.py
[2024-01-30T15:36:28.034+0100] {processor.py:840} INFO - DAG(s) 'example_skip_dag' retrieved from /home/ubuntu/.local/lib/python3.10/site-packages/airflow/example_dags/example_skip_dag.py
[2024-01-30T15:36:28.050+0100] {logging_mixin.py:188} INFO - [2024-01-30T15:36:28.050+0100] {dag.py:3033} INFO - Sync 1 DAGs
[2024-01-30T15:36:28.071+0100] {logging_mixin.py:188} INFO - [2024-01-30T15:36:28.070+0100] {dag.py:3820} INFO - Setting next_dagrun for example_skip_dag to 2024-01-29T00:00:00+00:00, run_after=2024-01-30T00:00:00+00:00
[2024-01-30T15:36:28.102+0100] {processor.py:183} INFO - Processing /home/ubuntu/.local/lib/python3.10/site-packages/airflow/example_dags/example_skip_dag.py took 0.084 seconds
[2024-01-30T15:37:22.056+0100] {processor.py:161} INFO - Started process (PID=7053) to work on /home/ubuntu/.local/lib/python3.10/site-packages/airflow/example_dags/example_skip_dag.py
[2024-01-30T15:37:22.058+0100] {processor.py:830} INFO - Processing file /home/ubuntu/.local/lib/python3.10/site-packages/airflow/example_dags/example_skip_dag.py for tasks to queue
[2024-01-30T15:37:22.060+0100] {logging_mixin.py:188} INFO - [2024-01-30T15:37:22.060+0100] {dagbag.py:538} INFO - Filling up the DagBag from /home/ubuntu/.local/lib/python3.10/site-packages/airflow/example_dags/example_skip_dag.py
[2024-01-30T15:37:22.068+0100] {processor.py:840} INFO - DAG(s) 'example_skip_dag' retrieved from /home/ubuntu/.local/lib/python3.10/site-packages/airflow/example_dags/example_skip_dag.py
[2024-01-30T15:37:22.126+0100] {logging_mixin.py:188} INFO - [2024-01-30T15:37:22.126+0100] {dag.py:3033} INFO - Sync 1 DAGs
[2024-01-30T15:37:22.153+0100] {logging_mixin.py:188} INFO - [2024-01-30T15:37:22.153+0100] {dag.py:3820} INFO - Setting next_dagrun for example_skip_dag to 2024-01-29T00:00:00+00:00, run_after=2024-01-30T00:00:00+00:00
[2024-01-30T15:37:22.182+0100] {processor.py:183} INFO - Processing /home/ubuntu/.local/lib/python3.10/site-packages/airflow/example_dags/example_skip_dag.py took 0.131 seconds
[2024-01-30T15:38:13.898+0100] {processor.py:161} INFO - Started process (PID=7111) to work on /home/ubuntu/.local/lib/python3.10/site-packages/airflow/example_dags/example_skip_dag.py
[2024-01-30T15:38:13.900+0100] {processor.py:830} INFO - Processing file /home/ubuntu/.local/lib/python3.10/site-packages/airflow/example_dags/example_skip_dag.py for tasks to queue
[2024-01-30T15:38:13.902+0100] {logging_mixin.py:188} INFO - [2024-01-30T15:38:13.901+0100] {dagbag.py:538} INFO - Filling up the DagBag from /home/ubuntu/.local/lib/python3.10/site-packages/airflow/example_dags/example_skip_dag.py
[2024-01-30T15:38:13.911+0100] {processor.py:840} INFO - DAG(s) 'example_skip_dag' retrieved from /home/ubuntu/.local/lib/python3.10/site-packages/airflow/example_dags/example_skip_dag.py
[2024-01-30T15:38:13.932+0100] {logging_mixin.py:188} INFO - [2024-01-30T15:38:13.932+0100] {dag.py:3033} INFO - Sync 1 DAGs
[2024-01-30T15:38:13.963+0100] {logging_mixin.py:188} INFO - [2024-01-30T15:38:13.963+0100] {dag.py:3820} INFO - Setting next_dagrun for example_skip_dag to 2024-01-29T00:00:00+00:00, run_after=2024-01-30T00:00:00+00:00
[2024-01-30T15:38:14.004+0100] {processor.py:183} INFO - Processing /home/ubuntu/.local/lib/python3.10/site-packages/airflow/example_dags/example_skip_dag.py took 0.110 seconds
[2024-01-30T15:39:11.153+0100] {processor.py:161} INFO - Started process (PID=7247) to work on /home/ubuntu/.local/lib/python3.10/site-packages/airflow/example_dags/example_skip_dag.py
[2024-01-30T15:39:11.157+0100] {processor.py:830} INFO - Processing file /home/ubuntu/.local/lib/python3.10/site-packages/airflow/example_dags/example_skip_dag.py for tasks to queue
[2024-01-30T15:39:11.159+0100] {logging_mixin.py:188} INFO - [2024-01-30T15:39:11.159+0100] {dagbag.py:538} INFO - Filling up the DagBag from /home/ubuntu/.local/lib/python3.10/site-packages/airflow/example_dags/example_skip_dag.py
[2024-01-30T15:39:11.170+0100] {processor.py:840} INFO - DAG(s) 'example_skip_dag' retrieved from /home/ubuntu/.local/lib/python3.10/site-packages/airflow/example_dags/example_skip_dag.py
[2024-01-30T15:39:11.189+0100] {logging_mixin.py:188} INFO - [2024-01-30T15:39:11.189+0100] {dag.py:3033} INFO - Sync 1 DAGs
[2024-01-30T15:39:11.211+0100] {logging_mixin.py:188} INFO - [2024-01-30T15:39:11.211+0100] {dag.py:3820} INFO - Setting next_dagrun for example_skip_dag to 2024-01-29T00:00:00+00:00, run_after=2024-01-30T00:00:00+00:00
[2024-01-30T15:39:11.246+0100] {processor.py:183} INFO - Processing /home/ubuntu/.local/lib/python3.10/site-packages/airflow/example_dags/example_skip_dag.py took 0.099 seconds
[2024-01-30T15:40:05.826+0100] {processor.py:161} INFO - Started process (PID=7307) to work on /home/ubuntu/.local/lib/python3.10/site-packages/airflow/example_dags/example_skip_dag.py
[2024-01-30T15:40:05.829+0100] {processor.py:830} INFO - Processing file /home/ubuntu/.local/lib/python3.10/site-packages/airflow/example_dags/example_skip_dag.py for tasks to queue
[2024-01-30T15:40:05.831+0100] {logging_mixin.py:188} INFO - [2024-01-30T15:40:05.830+0100] {dagbag.py:538} INFO - Filling up the DagBag from /home/ubuntu/.local/lib/python3.10/site-packages/airflow/example_dags/example_skip_dag.py
[2024-01-30T15:40:05.848+0100] {processor.py:840} INFO - DAG(s) 'example_skip_dag' retrieved from /home/ubuntu/.local/lib/python3.10/site-packages/airflow/example_dags/example_skip_dag.py
[2024-01-30T15:40:05.874+0100] {logging_mixin.py:188} INFO - [2024-01-30T15:40:05.873+0100] {dag.py:3033} INFO - Sync 1 DAGs
[2024-01-30T15:40:05.896+0100] {logging_mixin.py:188} INFO - [2024-01-30T15:40:05.896+0100] {dag.py:3820} INFO - Setting next_dagrun for example_skip_dag to 2024-01-29T00:00:00+00:00, run_after=2024-01-30T00:00:00+00:00
[2024-01-30T15:40:05.928+0100] {processor.py:183} INFO - Processing /home/ubuntu/.local/lib/python3.10/site-packages/airflow/example_dags/example_skip_dag.py took 0.107 seconds
[2024-01-30T15:41:01.273+0100] {processor.py:161} INFO - Started process (PID=7361) to work on /home/ubuntu/.local/lib/python3.10/site-packages/airflow/example_dags/example_skip_dag.py
[2024-01-30T15:41:01.275+0100] {processor.py:830} INFO - Processing file /home/ubuntu/.local/lib/python3.10/site-packages/airflow/example_dags/example_skip_dag.py for tasks to queue
[2024-01-30T15:41:01.277+0100] {logging_mixin.py:188} INFO - [2024-01-30T15:41:01.277+0100] {dagbag.py:538} INFO - Filling up the DagBag from /home/ubuntu/.local/lib/python3.10/site-packages/airflow/example_dags/example_skip_dag.py
[2024-01-30T15:41:01.286+0100] {processor.py:840} INFO - DAG(s) 'example_skip_dag' retrieved from /home/ubuntu/.local/lib/python3.10/site-packages/airflow/example_dags/example_skip_dag.py
[2024-01-30T15:41:01.306+0100] {logging_mixin.py:188} INFO - [2024-01-30T15:41:01.306+0100] {dag.py:3033} INFO - Sync 1 DAGs
[2024-01-30T15:41:01.329+0100] {logging_mixin.py:188} INFO - [2024-01-30T15:41:01.329+0100] {dag.py:3820} INFO - Setting next_dagrun for example_skip_dag to 2024-01-29T00:00:00+00:00, run_after=2024-01-30T00:00:00+00:00
[2024-01-30T15:41:01.362+0100] {processor.py:183} INFO - Processing /home/ubuntu/.local/lib/python3.10/site-packages/airflow/example_dags/example_skip_dag.py took 0.095 seconds
[2024-01-30T15:42:03.531+0100] {processor.py:161} INFO - Started process (PID=7443) to work on /home/ubuntu/.local/lib/python3.10/site-packages/airflow/example_dags/example_skip_dag.py
[2024-01-30T15:42:03.566+0100] {processor.py:830} INFO - Processing file /home/ubuntu/.local/lib/python3.10/site-packages/airflow/example_dags/example_skip_dag.py for tasks to queue
[2024-01-30T15:42:03.577+0100] {logging_mixin.py:188} INFO - [2024-01-30T15:42:03.567+0100] {dagbag.py:538} INFO - Filling up the DagBag from /home/ubuntu/.local/lib/python3.10/site-packages/airflow/example_dags/example_skip_dag.py
[2024-01-30T15:42:03.617+0100] {processor.py:840} INFO - DAG(s) 'example_skip_dag' retrieved from /home/ubuntu/.local/lib/python3.10/site-packages/airflow/example_dags/example_skip_dag.py
[2024-01-30T15:42:03.788+0100] {logging_mixin.py:188} INFO - [2024-01-30T15:42:03.784+0100] {dag.py:3033} INFO - Sync 1 DAGs
[2024-01-30T15:42:03.827+0100] {logging_mixin.py:188} INFO - [2024-01-30T15:42:03.827+0100] {dag.py:3820} INFO - Setting next_dagrun for example_skip_dag to 2024-01-29T00:00:00+00:00, run_after=2024-01-30T00:00:00+00:00
[2024-01-30T15:42:03.994+0100] {processor.py:183} INFO - Processing /home/ubuntu/.local/lib/python3.10/site-packages/airflow/example_dags/example_skip_dag.py took 0.492 seconds
[2024-01-30T15:43:07.872+0100] {processor.py:161} INFO - Started process (PID=7721) to work on /home/ubuntu/.local/lib/python3.10/site-packages/airflow/example_dags/example_skip_dag.py
[2024-01-30T15:43:07.874+0100] {processor.py:830} INFO - Processing file /home/ubuntu/.local/lib/python3.10/site-packages/airflow/example_dags/example_skip_dag.py for tasks to queue
[2024-01-30T15:43:07.875+0100] {logging_mixin.py:188} INFO - [2024-01-30T15:43:07.875+0100] {dagbag.py:538} INFO - Filling up the DagBag from /home/ubuntu/.local/lib/python3.10/site-packages/airflow/example_dags/example_skip_dag.py
[2024-01-30T15:43:07.884+0100] {processor.py:840} INFO - DAG(s) 'example_skip_dag' retrieved from /home/ubuntu/.local/lib/python3.10/site-packages/airflow/example_dags/example_skip_dag.py
[2024-01-30T15:43:07.910+0100] {logging_mixin.py:188} INFO - [2024-01-30T15:43:07.909+0100] {dag.py:3033} INFO - Sync 1 DAGs
[2024-01-30T15:43:07.937+0100] {logging_mixin.py:188} INFO - [2024-01-30T15:43:07.936+0100] {dag.py:3820} INFO - Setting next_dagrun for example_skip_dag to 2024-01-29T00:00:00+00:00, run_after=2024-01-30T00:00:00+00:00
[2024-01-30T15:43:07.973+0100] {processor.py:183} INFO - Processing /home/ubuntu/.local/lib/python3.10/site-packages/airflow/example_dags/example_skip_dag.py took 0.105 seconds
[2024-01-30T15:44:08.691+0100] {processor.py:161} INFO - Started process (PID=8013) to work on /home/ubuntu/.local/lib/python3.10/site-packages/airflow/example_dags/example_skip_dag.py
[2024-01-30T15:44:08.695+0100] {processor.py:830} INFO - Processing file /home/ubuntu/.local/lib/python3.10/site-packages/airflow/example_dags/example_skip_dag.py for tasks to queue
[2024-01-30T15:44:08.697+0100] {logging_mixin.py:188} INFO - [2024-01-30T15:44:08.696+0100] {dagbag.py:538} INFO - Filling up the DagBag from /home/ubuntu/.local/lib/python3.10/site-packages/airflow/example_dags/example_skip_dag.py
[2024-01-30T15:44:08.715+0100] {processor.py:840} INFO - DAG(s) 'example_skip_dag' retrieved from /home/ubuntu/.local/lib/python3.10/site-packages/airflow/example_dags/example_skip_dag.py
[2024-01-30T15:44:08.747+0100] {logging_mixin.py:188} INFO - [2024-01-30T15:44:08.747+0100] {dag.py:3033} INFO - Sync 1 DAGs
[2024-01-30T15:44:08.781+0100] {logging_mixin.py:188} INFO - [2024-01-30T15:44:08.781+0100] {dag.py:3820} INFO - Setting next_dagrun for example_skip_dag to 2024-01-29T00:00:00+00:00, run_after=2024-01-30T00:00:00+00:00
[2024-01-30T15:44:08.834+0100] {processor.py:183} INFO - Processing /home/ubuntu/.local/lib/python3.10/site-packages/airflow/example_dags/example_skip_dag.py took 0.156 seconds
[2024-01-30T15:45:11.475+0100] {processor.py:161} INFO - Started process (PID=8237) to work on /home/ubuntu/.local/lib/python3.10/site-packages/airflow/example_dags/example_skip_dag.py
[2024-01-30T15:45:11.478+0100] {processor.py:830} INFO - Processing file /home/ubuntu/.local/lib/python3.10/site-packages/airflow/example_dags/example_skip_dag.py for tasks to queue
[2024-01-30T15:45:11.480+0100] {logging_mixin.py:188} INFO - [2024-01-30T15:45:11.479+0100] {dagbag.py:538} INFO - Filling up the DagBag from /home/ubuntu/.local/lib/python3.10/site-packages/airflow/example_dags/example_skip_dag.py
[2024-01-30T15:45:11.488+0100] {processor.py:840} INFO - DAG(s) 'example_skip_dag' retrieved from /home/ubuntu/.local/lib/python3.10/site-packages/airflow/example_dags/example_skip_dag.py
[2024-01-30T15:45:11.505+0100] {logging_mixin.py:188} INFO - [2024-01-30T15:45:11.505+0100] {dag.py:3033} INFO - Sync 1 DAGs
[2024-01-30T15:45:11.532+0100] {logging_mixin.py:188} INFO - [2024-01-30T15:45:11.532+0100] {dag.py:3820} INFO - Setting next_dagrun for example_skip_dag to 2024-01-29T00:00:00+00:00, run_after=2024-01-30T00:00:00+00:00
[2024-01-30T15:45:11.566+0100] {processor.py:183} INFO - Processing /home/ubuntu/.local/lib/python3.10/site-packages/airflow/example_dags/example_skip_dag.py took 0.094 seconds
[2024-01-30T15:45:55.426+0100] {processor.py:161} INFO - Started process (PID=8289) to work on /home/ubuntu/.local/lib/python3.10/site-packages/airflow/example_dags/example_skip_dag.py
[2024-01-30T15:45:55.429+0100] {processor.py:830} INFO - Processing file /home/ubuntu/.local/lib/python3.10/site-packages/airflow/example_dags/example_skip_dag.py for tasks to queue
[2024-01-30T15:45:55.431+0100] {logging_mixin.py:188} INFO - [2024-01-30T15:45:55.430+0100] {dagbag.py:538} INFO - Filling up the DagBag from /home/ubuntu/.local/lib/python3.10/site-packages/airflow/example_dags/example_skip_dag.py
[2024-01-30T15:45:55.442+0100] {processor.py:840} INFO - DAG(s) 'example_skip_dag' retrieved from /home/ubuntu/.local/lib/python3.10/site-packages/airflow/example_dags/example_skip_dag.py
[2024-01-30T15:45:55.465+0100] {logging_mixin.py:188} INFO - [2024-01-30T15:45:55.465+0100] {dag.py:3033} INFO - Sync 1 DAGs
[2024-01-30T15:45:55.492+0100] {logging_mixin.py:188} INFO - [2024-01-30T15:45:55.491+0100] {dag.py:3820} INFO - Setting next_dagrun for example_skip_dag to 2024-01-29T00:00:00+00:00, run_after=2024-01-30T00:00:00+00:00
[2024-01-30T15:45:55.531+0100] {processor.py:183} INFO - Processing /home/ubuntu/.local/lib/python3.10/site-packages/airflow/example_dags/example_skip_dag.py took 0.110 seconds
[2024-01-30T15:46:59.587+0100] {processor.py:161} INFO - Started process (PID=8356) to work on /home/ubuntu/.local/lib/python3.10/site-packages/airflow/example_dags/example_skip_dag.py
[2024-01-30T15:46:59.591+0100] {processor.py:830} INFO - Processing file /home/ubuntu/.local/lib/python3.10/site-packages/airflow/example_dags/example_skip_dag.py for tasks to queue
[2024-01-30T15:46:59.593+0100] {logging_mixin.py:188} INFO - [2024-01-30T15:46:59.593+0100] {dagbag.py:538} INFO - Filling up the DagBag from /home/ubuntu/.local/lib/python3.10/site-packages/airflow/example_dags/example_skip_dag.py
[2024-01-30T15:46:59.609+0100] {processor.py:840} INFO - DAG(s) 'example_skip_dag' retrieved from /home/ubuntu/.local/lib/python3.10/site-packages/airflow/example_dags/example_skip_dag.py
[2024-01-30T15:46:59.641+0100] {logging_mixin.py:188} INFO - [2024-01-30T15:46:59.640+0100] {dag.py:3033} INFO - Sync 1 DAGs
[2024-01-30T15:46:59.671+0100] {logging_mixin.py:188} INFO - [2024-01-30T15:46:59.671+0100] {dag.py:3820} INFO - Setting next_dagrun for example_skip_dag to 2024-01-29T00:00:00+00:00, run_after=2024-01-30T00:00:00+00:00
[2024-01-30T15:46:59.706+0100] {processor.py:183} INFO - Processing /home/ubuntu/.local/lib/python3.10/site-packages/airflow/example_dags/example_skip_dag.py took 0.126 seconds
[2024-01-30T15:48:22.953+0100] {processor.py:161} INFO - Started process (PID=8599) to work on /home/ubuntu/.local/lib/python3.10/site-packages/airflow/example_dags/example_skip_dag.py
[2024-01-30T15:48:22.984+0100] {processor.py:830} INFO - Processing file /home/ubuntu/.local/lib/python3.10/site-packages/airflow/example_dags/example_skip_dag.py for tasks to queue
[2024-01-30T15:48:22.992+0100] {logging_mixin.py:188} INFO - [2024-01-30T15:48:22.985+0100] {dagbag.py:538} INFO - Filling up the DagBag from /home/ubuntu/.local/lib/python3.10/site-packages/airflow/example_dags/example_skip_dag.py
[2024-01-30T15:48:23.064+0100] {processor.py:840} INFO - DAG(s) 'example_skip_dag' retrieved from /home/ubuntu/.local/lib/python3.10/site-packages/airflow/example_dags/example_skip_dag.py
[2024-01-30T15:48:23.136+0100] {logging_mixin.py:188} INFO - [2024-01-30T15:48:23.136+0100] {dag.py:3033} INFO - Sync 1 DAGs
[2024-01-30T15:48:23.225+0100] {logging_mixin.py:188} INFO - [2024-01-30T15:48:23.225+0100] {dag.py:3820} INFO - Setting next_dagrun for example_skip_dag to 2024-01-29T00:00:00+00:00, run_after=2024-01-30T00:00:00+00:00
[2024-01-30T15:48:23.440+0100] {processor.py:183} INFO - Processing /home/ubuntu/.local/lib/python3.10/site-packages/airflow/example_dags/example_skip_dag.py took 0.498 seconds
[2024-01-30T15:53:07.261+0100] {processor.py:161} INFO - Started process (PID=9595) to work on /home/ubuntu/.local/lib/python3.10/site-packages/airflow/example_dags/example_skip_dag.py
[2024-01-30T15:53:07.265+0100] {processor.py:830} INFO - Processing file /home/ubuntu/.local/lib/python3.10/site-packages/airflow/example_dags/example_skip_dag.py for tasks to queue
[2024-01-30T15:53:07.266+0100] {logging_mixin.py:188} INFO - [2024-01-30T15:53:07.266+0100] {dagbag.py:538} INFO - Filling up the DagBag from /home/ubuntu/.local/lib/python3.10/site-packages/airflow/example_dags/example_skip_dag.py
[2024-01-30T15:53:07.279+0100] {processor.py:840} INFO - DAG(s) 'example_skip_dag' retrieved from /home/ubuntu/.local/lib/python3.10/site-packages/airflow/example_dags/example_skip_dag.py
[2024-01-30T15:53:07.303+0100] {logging_mixin.py:188} INFO - [2024-01-30T15:53:07.302+0100] {dag.py:3033} INFO - Sync 1 DAGs
[2024-01-30T15:53:07.330+0100] {logging_mixin.py:188} INFO - [2024-01-30T15:53:07.330+0100] {dag.py:3820} INFO - Setting next_dagrun for example_skip_dag to 2024-01-29T00:00:00+00:00, run_after=2024-01-30T00:00:00+00:00
[2024-01-30T15:53:07.369+0100] {processor.py:183} INFO - Processing /home/ubuntu/.local/lib/python3.10/site-packages/airflow/example_dags/example_skip_dag.py took 0.114 seconds
[2024-01-30T15:55:06.156+0100] {processor.py:161} INFO - Started process (PID=9836) to work on /home/ubuntu/.local/lib/python3.10/site-packages/airflow/example_dags/example_skip_dag.py
[2024-01-30T15:55:06.214+0100] {processor.py:830} INFO - Processing file /home/ubuntu/.local/lib/python3.10/site-packages/airflow/example_dags/example_skip_dag.py for tasks to queue
[2024-01-30T15:55:06.215+0100] {logging_mixin.py:188} INFO - [2024-01-30T15:55:06.215+0100] {dagbag.py:538} INFO - Filling up the DagBag from /home/ubuntu/.local/lib/python3.10/site-packages/airflow/example_dags/example_skip_dag.py
[2024-01-30T15:55:06.255+0100] {processor.py:840} INFO - DAG(s) 'example_skip_dag' retrieved from /home/ubuntu/.local/lib/python3.10/site-packages/airflow/example_dags/example_skip_dag.py
[2024-01-30T15:55:06.330+0100] {logging_mixin.py:188} INFO - [2024-01-30T15:55:06.329+0100] {dag.py:3033} INFO - Sync 1 DAGs
[2024-01-30T15:55:06.408+0100] {logging_mixin.py:188} INFO - [2024-01-30T15:55:06.407+0100] {dag.py:3820} INFO - Setting next_dagrun for example_skip_dag to 2024-01-29T00:00:00+00:00, run_after=2024-01-30T00:00:00+00:00
[2024-01-30T15:55:06.576+0100] {processor.py:183} INFO - Processing /home/ubuntu/.local/lib/python3.10/site-packages/airflow/example_dags/example_skip_dag.py took 0.426 seconds
[2024-01-30T15:57:10.668+0100] {processor.py:161} INFO - Started process (PID=9962) to work on /home/ubuntu/.local/lib/python3.10/site-packages/airflow/example_dags/example_skip_dag.py
[2024-01-30T15:57:10.670+0100] {processor.py:830} INFO - Processing file /home/ubuntu/.local/lib/python3.10/site-packages/airflow/example_dags/example_skip_dag.py for tasks to queue
[2024-01-30T15:57:10.673+0100] {logging_mixin.py:188} INFO - [2024-01-30T15:57:10.672+0100] {dagbag.py:538} INFO - Filling up the DagBag from /home/ubuntu/.local/lib/python3.10/site-packages/airflow/example_dags/example_skip_dag.py
[2024-01-30T15:57:10.686+0100] {processor.py:840} INFO - DAG(s) 'example_skip_dag' retrieved from /home/ubuntu/.local/lib/python3.10/site-packages/airflow/example_dags/example_skip_dag.py
[2024-01-30T15:57:10.712+0100] {logging_mixin.py:188} INFO - [2024-01-30T15:57:10.711+0100] {dag.py:3033} INFO - Sync 1 DAGs
[2024-01-30T15:57:10.742+0100] {logging_mixin.py:188} INFO - [2024-01-30T15:57:10.741+0100] {dag.py:3820} INFO - Setting next_dagrun for example_skip_dag to 2024-01-29T00:00:00+00:00, run_after=2024-01-30T00:00:00+00:00
[2024-01-30T15:57:10.790+0100] {processor.py:183} INFO - Processing /home/ubuntu/.local/lib/python3.10/site-packages/airflow/example_dags/example_skip_dag.py took 0.127 seconds
[2024-01-30T15:58:51.543+0100] {processor.py:161} INFO - Started process (PID=10060) to work on /home/ubuntu/.local/lib/python3.10/site-packages/airflow/example_dags/example_skip_dag.py
[2024-01-30T15:58:51.566+0100] {processor.py:830} INFO - Processing file /home/ubuntu/.local/lib/python3.10/site-packages/airflow/example_dags/example_skip_dag.py for tasks to queue
[2024-01-30T15:58:51.568+0100] {logging_mixin.py:188} INFO - [2024-01-30T15:58:51.567+0100] {dagbag.py:538} INFO - Filling up the DagBag from /home/ubuntu/.local/lib/python3.10/site-packages/airflow/example_dags/example_skip_dag.py
[2024-01-30T15:58:51.602+0100] {processor.py:840} INFO - DAG(s) 'example_skip_dag' retrieved from /home/ubuntu/.local/lib/python3.10/site-packages/airflow/example_dags/example_skip_dag.py
[2024-01-30T15:58:51.694+0100] {logging_mixin.py:188} INFO - [2024-01-30T15:58:51.685+0100] {dag.py:3033} INFO - Sync 1 DAGs
[2024-01-30T15:58:51.735+0100] {logging_mixin.py:188} INFO - [2024-01-30T15:58:51.735+0100] {dag.py:3820} INFO - Setting next_dagrun for example_skip_dag to 2024-01-29T00:00:00+00:00, run_after=2024-01-30T00:00:00+00:00
[2024-01-30T15:58:51.988+0100] {processor.py:183} INFO - Processing /home/ubuntu/.local/lib/python3.10/site-packages/airflow/example_dags/example_skip_dag.py took 0.457 seconds
[2024-01-30T16:00:25.071+0100] {processor.py:161} INFO - Started process (PID=10154) to work on /home/ubuntu/.local/lib/python3.10/site-packages/airflow/example_dags/example_skip_dag.py
[2024-01-30T16:00:25.073+0100] {processor.py:830} INFO - Processing file /home/ubuntu/.local/lib/python3.10/site-packages/airflow/example_dags/example_skip_dag.py for tasks to queue
[2024-01-30T16:00:25.076+0100] {logging_mixin.py:188} INFO - [2024-01-30T16:00:25.075+0100] {dagbag.py:538} INFO - Filling up the DagBag from /home/ubuntu/.local/lib/python3.10/site-packages/airflow/example_dags/example_skip_dag.py
[2024-01-30T16:00:25.085+0100] {processor.py:840} INFO - DAG(s) 'example_skip_dag' retrieved from /home/ubuntu/.local/lib/python3.10/site-packages/airflow/example_dags/example_skip_dag.py
[2024-01-30T16:00:25.102+0100] {logging_mixin.py:188} INFO - [2024-01-30T16:00:25.102+0100] {dag.py:3033} INFO - Sync 1 DAGs
[2024-01-30T16:00:25.121+0100] {logging_mixin.py:188} INFO - [2024-01-30T16:00:25.121+0100] {dag.py:3820} INFO - Setting next_dagrun for example_skip_dag to 2024-01-29T00:00:00+00:00, run_after=2024-01-30T00:00:00+00:00
[2024-01-30T16:00:25.156+0100] {processor.py:183} INFO - Processing /home/ubuntu/.local/lib/python3.10/site-packages/airflow/example_dags/example_skip_dag.py took 0.089 seconds
[2024-01-30T16:01:36.630+0100] {processor.py:161} INFO - Started process (PID=10233) to work on /home/ubuntu/.local/lib/python3.10/site-packages/airflow/example_dags/example_skip_dag.py
[2024-01-30T16:01:36.633+0100] {processor.py:830} INFO - Processing file /home/ubuntu/.local/lib/python3.10/site-packages/airflow/example_dags/example_skip_dag.py for tasks to queue
[2024-01-30T16:01:36.634+0100] {logging_mixin.py:188} INFO - [2024-01-30T16:01:36.634+0100] {dagbag.py:538} INFO - Filling up the DagBag from /home/ubuntu/.local/lib/python3.10/site-packages/airflow/example_dags/example_skip_dag.py
[2024-01-30T16:01:36.644+0100] {processor.py:840} INFO - DAG(s) 'example_skip_dag' retrieved from /home/ubuntu/.local/lib/python3.10/site-packages/airflow/example_dags/example_skip_dag.py
[2024-01-30T16:01:36.663+0100] {logging_mixin.py:188} INFO - [2024-01-30T16:01:36.663+0100] {dag.py:3033} INFO - Sync 1 DAGs
[2024-01-30T16:01:36.684+0100] {logging_mixin.py:188} INFO - [2024-01-30T16:01:36.684+0100] {dag.py:3820} INFO - Setting next_dagrun for example_skip_dag to 2024-01-29T00:00:00+00:00, run_after=2024-01-30T00:00:00+00:00
[2024-01-30T16:01:36.725+0100] {processor.py:183} INFO - Processing /home/ubuntu/.local/lib/python3.10/site-packages/airflow/example_dags/example_skip_dag.py took 0.100 seconds
[2024-01-30T16:03:07.438+0100] {processor.py:161} INFO - Started process (PID=10328) to work on /home/ubuntu/.local/lib/python3.10/site-packages/airflow/example_dags/example_skip_dag.py
[2024-01-30T16:03:07.442+0100] {processor.py:830} INFO - Processing file /home/ubuntu/.local/lib/python3.10/site-packages/airflow/example_dags/example_skip_dag.py for tasks to queue
[2024-01-30T16:03:07.444+0100] {logging_mixin.py:188} INFO - [2024-01-30T16:03:07.443+0100] {dagbag.py:538} INFO - Filling up the DagBag from /home/ubuntu/.local/lib/python3.10/site-packages/airflow/example_dags/example_skip_dag.py
[2024-01-30T16:03:07.458+0100] {processor.py:840} INFO - DAG(s) 'example_skip_dag' retrieved from /home/ubuntu/.local/lib/python3.10/site-packages/airflow/example_dags/example_skip_dag.py
[2024-01-30T16:03:07.486+0100] {logging_mixin.py:188} INFO - [2024-01-30T16:03:07.486+0100] {dag.py:3033} INFO - Sync 1 DAGs
[2024-01-30T16:03:07.525+0100] {logging_mixin.py:188} INFO - [2024-01-30T16:03:07.525+0100] {dag.py:3820} INFO - Setting next_dagrun for example_skip_dag to 2024-01-29T00:00:00+00:00, run_after=2024-01-30T00:00:00+00:00
[2024-01-30T16:03:07.578+0100] {processor.py:183} INFO - Processing /home/ubuntu/.local/lib/python3.10/site-packages/airflow/example_dags/example_skip_dag.py took 0.147 seconds
[2024-01-30T16:04:41.960+0100] {processor.py:161} INFO - Started process (PID=10428) to work on /home/ubuntu/.local/lib/python3.10/site-packages/airflow/example_dags/example_skip_dag.py
[2024-01-30T16:04:41.963+0100] {processor.py:830} INFO - Processing file /home/ubuntu/.local/lib/python3.10/site-packages/airflow/example_dags/example_skip_dag.py for tasks to queue
[2024-01-30T16:04:41.966+0100] {logging_mixin.py:188} INFO - [2024-01-30T16:04:41.966+0100] {dagbag.py:538} INFO - Filling up the DagBag from /home/ubuntu/.local/lib/python3.10/site-packages/airflow/example_dags/example_skip_dag.py
[2024-01-30T16:04:41.988+0100] {processor.py:840} INFO - DAG(s) 'example_skip_dag' retrieved from /home/ubuntu/.local/lib/python3.10/site-packages/airflow/example_dags/example_skip_dag.py
[2024-01-30T16:04:42.006+0100] {logging_mixin.py:188} INFO - [2024-01-30T16:04:42.006+0100] {dag.py:3033} INFO - Sync 1 DAGs
[2024-01-30T16:04:42.035+0100] {logging_mixin.py:188} INFO - [2024-01-30T16:04:42.035+0100] {dag.py:3820} INFO - Setting next_dagrun for example_skip_dag to 2024-01-29T00:00:00+00:00, run_after=2024-01-30T00:00:00+00:00
[2024-01-30T16:04:42.071+0100] {processor.py:183} INFO - Processing /home/ubuntu/.local/lib/python3.10/site-packages/airflow/example_dags/example_skip_dag.py took 0.115 seconds
[2024-01-30T16:06:23.844+0100] {processor.py:161} INFO - Started process (PID=10514) to work on /home/ubuntu/.local/lib/python3.10/site-packages/airflow/example_dags/example_skip_dag.py
[2024-01-30T16:06:23.915+0100] {processor.py:830} INFO - Processing file /home/ubuntu/.local/lib/python3.10/site-packages/airflow/example_dags/example_skip_dag.py for tasks to queue
[2024-01-30T16:06:23.917+0100] {logging_mixin.py:188} INFO - [2024-01-30T16:06:23.917+0100] {dagbag.py:538} INFO - Filling up the DagBag from /home/ubuntu/.local/lib/python3.10/site-packages/airflow/example_dags/example_skip_dag.py
[2024-01-30T16:06:23.968+0100] {processor.py:840} INFO - DAG(s) 'example_skip_dag' retrieved from /home/ubuntu/.local/lib/python3.10/site-packages/airflow/example_dags/example_skip_dag.py
[2024-01-30T16:06:25.158+0100] {logging_mixin.py:188} INFO - [2024-01-30T16:06:25.157+0100] {dag.py:3033} INFO - Sync 1 DAGs
[2024-01-30T16:06:25.806+0100] {logging_mixin.py:188} INFO - [2024-01-30T16:06:25.727+0100] {dag.py:3820} INFO - Setting next_dagrun for example_skip_dag to 2024-01-29T00:00:00+00:00, run_after=2024-01-30T00:00:00+00:00
[2024-01-30T16:06:27.313+0100] {processor.py:183} INFO - Processing /home/ubuntu/.local/lib/python3.10/site-packages/airflow/example_dags/example_skip_dag.py took 3.512 seconds
