[2024-01-30T15:30:35.138+0100] {processor.py:161} INFO - Started process (PID=6631) to work on /home/ubuntu/.local/lib/python3.10/site-packages/airflow/example_dags/example_dynamic_task_mapping_with_no_taskflow_operators.py
[2024-01-30T15:30:35.139+0100] {processor.py:830} INFO - Processing file /home/ubuntu/.local/lib/python3.10/site-packages/airflow/example_dags/example_dynamic_task_mapping_with_no_taskflow_operators.py for tasks to queue
[2024-01-30T15:30:35.140+0100] {logging_mixin.py:188} INFO - [2024-01-30T15:30:35.139+0100] {dagbag.py:538} INFO - Filling up the DagBag from /home/ubuntu/.local/lib/python3.10/site-packages/airflow/example_dags/example_dynamic_task_mapping_with_no_taskflow_operators.py
[2024-01-30T15:30:35.150+0100] {processor.py:840} INFO - DAG(s) 'example_dynamic_task_mapping_with_no_taskflow_operators' retrieved from /home/ubuntu/.local/lib/python3.10/site-packages/airflow/example_dags/example_dynamic_task_mapping_with_no_taskflow_operators.py
[2024-01-30T15:30:35.267+0100] {logging_mixin.py:188} INFO - [2024-01-30T15:30:35.267+0100] {dag.py:3033} INFO - Sync 1 DAGs
[2024-01-30T15:30:35.288+0100] {logging_mixin.py:188} INFO - [2024-01-30T15:30:35.288+0100] {dag.py:3820} INFO - Setting next_dagrun for example_dynamic_task_mapping_with_no_taskflow_operators to 2024-01-29T00:00:00+00:00, run_after=2024-01-30T00:00:00+00:00
[2024-01-30T15:30:35.334+0100] {processor.py:183} INFO - Processing /home/ubuntu/.local/lib/python3.10/site-packages/airflow/example_dags/example_dynamic_task_mapping_with_no_taskflow_operators.py took 0.200 seconds
[2024-01-30T15:31:31.650+0100] {processor.py:161} INFO - Started process (PID=6690) to work on /home/ubuntu/.local/lib/python3.10/site-packages/airflow/example_dags/example_dynamic_task_mapping_with_no_taskflow_operators.py
[2024-01-30T15:31:31.653+0100] {processor.py:830} INFO - Processing file /home/ubuntu/.local/lib/python3.10/site-packages/airflow/example_dags/example_dynamic_task_mapping_with_no_taskflow_operators.py for tasks to queue
[2024-01-30T15:31:31.654+0100] {logging_mixin.py:188} INFO - [2024-01-30T15:31:31.653+0100] {dagbag.py:538} INFO - Filling up the DagBag from /home/ubuntu/.local/lib/python3.10/site-packages/airflow/example_dags/example_dynamic_task_mapping_with_no_taskflow_operators.py
[2024-01-30T15:31:31.663+0100] {processor.py:840} INFO - DAG(s) 'example_dynamic_task_mapping_with_no_taskflow_operators' retrieved from /home/ubuntu/.local/lib/python3.10/site-packages/airflow/example_dags/example_dynamic_task_mapping_with_no_taskflow_operators.py
[2024-01-30T15:31:31.683+0100] {logging_mixin.py:188} INFO - [2024-01-30T15:31:31.683+0100] {dag.py:3033} INFO - Sync 1 DAGs
[2024-01-30T15:31:31.715+0100] {logging_mixin.py:188} INFO - [2024-01-30T15:31:31.715+0100] {dag.py:3820} INFO - Setting next_dagrun for example_dynamic_task_mapping_with_no_taskflow_operators to 2024-01-29T00:00:00+00:00, run_after=2024-01-30T00:00:00+00:00
[2024-01-30T15:31:31.761+0100] {processor.py:183} INFO - Processing /home/ubuntu/.local/lib/python3.10/site-packages/airflow/example_dags/example_dynamic_task_mapping_with_no_taskflow_operators.py took 0.115 seconds
[2024-01-30T15:32:37.308+0100] {processor.py:161} INFO - Started process (PID=6757) to work on /home/ubuntu/.local/lib/python3.10/site-packages/airflow/example_dags/example_dynamic_task_mapping_with_no_taskflow_operators.py
[2024-01-30T15:32:37.316+0100] {processor.py:830} INFO - Processing file /home/ubuntu/.local/lib/python3.10/site-packages/airflow/example_dags/example_dynamic_task_mapping_with_no_taskflow_operators.py for tasks to queue
[2024-01-30T15:32:37.319+0100] {logging_mixin.py:188} INFO - [2024-01-30T15:32:37.318+0100] {dagbag.py:538} INFO - Filling up the DagBag from /home/ubuntu/.local/lib/python3.10/site-packages/airflow/example_dags/example_dynamic_task_mapping_with_no_taskflow_operators.py
[2024-01-30T15:32:37.377+0100] {processor.py:840} INFO - DAG(s) 'example_dynamic_task_mapping_with_no_taskflow_operators' retrieved from /home/ubuntu/.local/lib/python3.10/site-packages/airflow/example_dags/example_dynamic_task_mapping_with_no_taskflow_operators.py
[2024-01-30T15:32:37.505+0100] {logging_mixin.py:188} INFO - [2024-01-30T15:32:37.505+0100] {dag.py:3033} INFO - Sync 1 DAGs
[2024-01-30T15:32:37.689+0100] {logging_mixin.py:188} INFO - [2024-01-30T15:32:37.688+0100] {dag.py:3820} INFO - Setting next_dagrun for example_dynamic_task_mapping_with_no_taskflow_operators to 2024-01-29T00:00:00+00:00, run_after=2024-01-30T00:00:00+00:00
[2024-01-30T15:32:37.879+0100] {processor.py:183} INFO - Processing /home/ubuntu/.local/lib/python3.10/site-packages/airflow/example_dags/example_dynamic_task_mapping_with_no_taskflow_operators.py took 0.585 seconds
[2024-01-30T15:33:58.181+0100] {processor.py:161} INFO - Started process (PID=6835) to work on /home/ubuntu/.local/lib/python3.10/site-packages/airflow/example_dags/example_dynamic_task_mapping_with_no_taskflow_operators.py
[2024-01-30T15:33:58.188+0100] {processor.py:830} INFO - Processing file /home/ubuntu/.local/lib/python3.10/site-packages/airflow/example_dags/example_dynamic_task_mapping_with_no_taskflow_operators.py for tasks to queue
[2024-01-30T15:33:58.190+0100] {logging_mixin.py:188} INFO - [2024-01-30T15:33:58.189+0100] {dagbag.py:538} INFO - Filling up the DagBag from /home/ubuntu/.local/lib/python3.10/site-packages/airflow/example_dags/example_dynamic_task_mapping_with_no_taskflow_operators.py
[2024-01-30T15:33:58.207+0100] {processor.py:840} INFO - DAG(s) 'example_dynamic_task_mapping_with_no_taskflow_operators' retrieved from /home/ubuntu/.local/lib/python3.10/site-packages/airflow/example_dags/example_dynamic_task_mapping_with_no_taskflow_operators.py
[2024-01-30T15:33:58.249+0100] {logging_mixin.py:188} INFO - [2024-01-30T15:33:58.249+0100] {dag.py:3033} INFO - Sync 1 DAGs
[2024-01-30T15:33:58.296+0100] {logging_mixin.py:188} INFO - [2024-01-30T15:33:58.296+0100] {dag.py:3820} INFO - Setting next_dagrun for example_dynamic_task_mapping_with_no_taskflow_operators to 2024-01-29T00:00:00+00:00, run_after=2024-01-30T00:00:00+00:00
[2024-01-30T15:33:58.368+0100] {processor.py:183} INFO - Processing /home/ubuntu/.local/lib/python3.10/site-packages/airflow/example_dags/example_dynamic_task_mapping_with_no_taskflow_operators.py took 0.190 seconds
[2024-01-30T15:34:54.534+0100] {processor.py:161} INFO - Started process (PID=6894) to work on /home/ubuntu/.local/lib/python3.10/site-packages/airflow/example_dags/example_dynamic_task_mapping_with_no_taskflow_operators.py
[2024-01-30T15:34:54.536+0100] {processor.py:830} INFO - Processing file /home/ubuntu/.local/lib/python3.10/site-packages/airflow/example_dags/example_dynamic_task_mapping_with_no_taskflow_operators.py for tasks to queue
[2024-01-30T15:34:54.537+0100] {logging_mixin.py:188} INFO - [2024-01-30T15:34:54.536+0100] {dagbag.py:538} INFO - Filling up the DagBag from /home/ubuntu/.local/lib/python3.10/site-packages/airflow/example_dags/example_dynamic_task_mapping_with_no_taskflow_operators.py
[2024-01-30T15:34:54.548+0100] {processor.py:840} INFO - DAG(s) 'example_dynamic_task_mapping_with_no_taskflow_operators' retrieved from /home/ubuntu/.local/lib/python3.10/site-packages/airflow/example_dags/example_dynamic_task_mapping_with_no_taskflow_operators.py
[2024-01-30T15:34:54.564+0100] {logging_mixin.py:188} INFO - [2024-01-30T15:34:54.564+0100] {dag.py:3033} INFO - Sync 1 DAGs
[2024-01-30T15:34:54.585+0100] {logging_mixin.py:188} INFO - [2024-01-30T15:34:54.585+0100] {dag.py:3820} INFO - Setting next_dagrun for example_dynamic_task_mapping_with_no_taskflow_operators to 2024-01-29T00:00:00+00:00, run_after=2024-01-30T00:00:00+00:00
[2024-01-30T15:34:54.617+0100] {processor.py:183} INFO - Processing /home/ubuntu/.local/lib/python3.10/site-packages/airflow/example_dags/example_dynamic_task_mapping_with_no_taskflow_operators.py took 0.093 seconds
[2024-01-30T15:36:06.818+0100] {processor.py:161} INFO - Started process (PID=6975) to work on /home/ubuntu/.local/lib/python3.10/site-packages/airflow/example_dags/example_dynamic_task_mapping_with_no_taskflow_operators.py
[2024-01-30T15:36:06.821+0100] {processor.py:830} INFO - Processing file /home/ubuntu/.local/lib/python3.10/site-packages/airflow/example_dags/example_dynamic_task_mapping_with_no_taskflow_operators.py for tasks to queue
[2024-01-30T15:36:06.823+0100] {logging_mixin.py:188} INFO - [2024-01-30T15:36:06.822+0100] {dagbag.py:538} INFO - Filling up the DagBag from /home/ubuntu/.local/lib/python3.10/site-packages/airflow/example_dags/example_dynamic_task_mapping_with_no_taskflow_operators.py
[2024-01-30T15:36:06.831+0100] {processor.py:840} INFO - DAG(s) 'example_dynamic_task_mapping_with_no_taskflow_operators' retrieved from /home/ubuntu/.local/lib/python3.10/site-packages/airflow/example_dags/example_dynamic_task_mapping_with_no_taskflow_operators.py
[2024-01-30T15:36:06.850+0100] {logging_mixin.py:188} INFO - [2024-01-30T15:36:06.849+0100] {dag.py:3033} INFO - Sync 1 DAGs
[2024-01-30T15:36:06.871+0100] {logging_mixin.py:188} INFO - [2024-01-30T15:36:06.871+0100] {dag.py:3820} INFO - Setting next_dagrun for example_dynamic_task_mapping_with_no_taskflow_operators to 2024-01-29T00:00:00+00:00, run_after=2024-01-30T00:00:00+00:00
[2024-01-30T15:36:06.902+0100] {processor.py:183} INFO - Processing /home/ubuntu/.local/lib/python3.10/site-packages/airflow/example_dags/example_dynamic_task_mapping_with_no_taskflow_operators.py took 0.089 seconds
[2024-01-30T15:37:25.012+0100] {processor.py:161} INFO - Started process (PID=7056) to work on /home/ubuntu/.local/lib/python3.10/site-packages/airflow/example_dags/example_dynamic_task_mapping_with_no_taskflow_operators.py
[2024-01-30T15:37:25.014+0100] {processor.py:830} INFO - Processing file /home/ubuntu/.local/lib/python3.10/site-packages/airflow/example_dags/example_dynamic_task_mapping_with_no_taskflow_operators.py for tasks to queue
[2024-01-30T15:37:25.016+0100] {logging_mixin.py:188} INFO - [2024-01-30T15:37:25.015+0100] {dagbag.py:538} INFO - Filling up the DagBag from /home/ubuntu/.local/lib/python3.10/site-packages/airflow/example_dags/example_dynamic_task_mapping_with_no_taskflow_operators.py
[2024-01-30T15:37:25.023+0100] {processor.py:840} INFO - DAG(s) 'example_dynamic_task_mapping_with_no_taskflow_operators' retrieved from /home/ubuntu/.local/lib/python3.10/site-packages/airflow/example_dags/example_dynamic_task_mapping_with_no_taskflow_operators.py
[2024-01-30T15:37:25.039+0100] {logging_mixin.py:188} INFO - [2024-01-30T15:37:25.039+0100] {dag.py:3033} INFO - Sync 1 DAGs
[2024-01-30T15:37:25.060+0100] {logging_mixin.py:188} INFO - [2024-01-30T15:37:25.059+0100] {dag.py:3820} INFO - Setting next_dagrun for example_dynamic_task_mapping_with_no_taskflow_operators to 2024-01-29T00:00:00+00:00, run_after=2024-01-30T00:00:00+00:00
[2024-01-30T15:37:25.101+0100] {processor.py:183} INFO - Processing /home/ubuntu/.local/lib/python3.10/site-packages/airflow/example_dags/example_dynamic_task_mapping_with_no_taskflow_operators.py took 0.092 seconds
[2024-01-30T15:38:41.037+0100] {processor.py:161} INFO - Started process (PID=7159) to work on /home/ubuntu/.local/lib/python3.10/site-packages/airflow/example_dags/example_dynamic_task_mapping_with_no_taskflow_operators.py
[2024-01-30T15:38:41.038+0100] {processor.py:830} INFO - Processing file /home/ubuntu/.local/lib/python3.10/site-packages/airflow/example_dags/example_dynamic_task_mapping_with_no_taskflow_operators.py for tasks to queue
[2024-01-30T15:38:41.041+0100] {logging_mixin.py:188} INFO - [2024-01-30T15:38:41.039+0100] {dagbag.py:538} INFO - Filling up the DagBag from /home/ubuntu/.local/lib/python3.10/site-packages/airflow/example_dags/example_dynamic_task_mapping_with_no_taskflow_operators.py
[2024-01-30T15:38:41.055+0100] {processor.py:840} INFO - DAG(s) 'example_dynamic_task_mapping_with_no_taskflow_operators' retrieved from /home/ubuntu/.local/lib/python3.10/site-packages/airflow/example_dags/example_dynamic_task_mapping_with_no_taskflow_operators.py
[2024-01-30T15:38:41.073+0100] {logging_mixin.py:188} INFO - [2024-01-30T15:38:41.073+0100] {dag.py:3033} INFO - Sync 1 DAGs
[2024-01-30T15:38:41.099+0100] {logging_mixin.py:188} INFO - [2024-01-30T15:38:41.099+0100] {dag.py:3820} INFO - Setting next_dagrun for example_dynamic_task_mapping_with_no_taskflow_operators to 2024-01-29T00:00:00+00:00, run_after=2024-01-30T00:00:00+00:00
[2024-01-30T15:38:41.144+0100] {processor.py:183} INFO - Processing /home/ubuntu/.local/lib/python3.10/site-packages/airflow/example_dags/example_dynamic_task_mapping_with_no_taskflow_operators.py took 0.111 seconds
[2024-01-30T15:39:43.141+0100] {processor.py:161} INFO - Started process (PID=7286) to work on /home/ubuntu/.local/lib/python3.10/site-packages/airflow/example_dags/example_dynamic_task_mapping_with_no_taskflow_operators.py
[2024-01-30T15:39:43.176+0100] {processor.py:830} INFO - Processing file /home/ubuntu/.local/lib/python3.10/site-packages/airflow/example_dags/example_dynamic_task_mapping_with_no_taskflow_operators.py for tasks to queue
[2024-01-30T15:39:43.178+0100] {logging_mixin.py:188} INFO - [2024-01-30T15:39:43.177+0100] {dagbag.py:538} INFO - Filling up the DagBag from /home/ubuntu/.local/lib/python3.10/site-packages/airflow/example_dags/example_dynamic_task_mapping_with_no_taskflow_operators.py
[2024-01-30T15:39:43.190+0100] {processor.py:840} INFO - DAG(s) 'example_dynamic_task_mapping_with_no_taskflow_operators' retrieved from /home/ubuntu/.local/lib/python3.10/site-packages/airflow/example_dags/example_dynamic_task_mapping_with_no_taskflow_operators.py
[2024-01-30T15:39:43.213+0100] {logging_mixin.py:188} INFO - [2024-01-30T15:39:43.213+0100] {dag.py:3033} INFO - Sync 1 DAGs
[2024-01-30T15:39:43.234+0100] {logging_mixin.py:188} INFO - [2024-01-30T15:39:43.234+0100] {dag.py:3820} INFO - Setting next_dagrun for example_dynamic_task_mapping_with_no_taskflow_operators to 2024-01-29T00:00:00+00:00, run_after=2024-01-30T00:00:00+00:00
[2024-01-30T15:39:43.274+0100] {processor.py:183} INFO - Processing /home/ubuntu/.local/lib/python3.10/site-packages/airflow/example_dags/example_dynamic_task_mapping_with_no_taskflow_operators.py took 0.144 seconds
[2024-01-30T15:41:07.438+0100] {processor.py:161} INFO - Started process (PID=7366) to work on /home/ubuntu/.local/lib/python3.10/site-packages/airflow/example_dags/example_dynamic_task_mapping_with_no_taskflow_operators.py
[2024-01-30T15:41:07.458+0100] {processor.py:830} INFO - Processing file /home/ubuntu/.local/lib/python3.10/site-packages/airflow/example_dags/example_dynamic_task_mapping_with_no_taskflow_operators.py for tasks to queue
[2024-01-30T15:41:07.461+0100] {logging_mixin.py:188} INFO - [2024-01-30T15:41:07.460+0100] {dagbag.py:538} INFO - Filling up the DagBag from /home/ubuntu/.local/lib/python3.10/site-packages/airflow/example_dags/example_dynamic_task_mapping_with_no_taskflow_operators.py
[2024-01-30T15:41:07.528+0100] {processor.py:840} INFO - DAG(s) 'example_dynamic_task_mapping_with_no_taskflow_operators' retrieved from /home/ubuntu/.local/lib/python3.10/site-packages/airflow/example_dags/example_dynamic_task_mapping_with_no_taskflow_operators.py
[2024-01-30T15:41:07.607+0100] {logging_mixin.py:188} INFO - [2024-01-30T15:41:07.607+0100] {dag.py:3033} INFO - Sync 1 DAGs
[2024-01-30T15:41:07.631+0100] {logging_mixin.py:188} INFO - [2024-01-30T15:41:07.630+0100] {dag.py:3820} INFO - Setting next_dagrun for example_dynamic_task_mapping_with_no_taskflow_operators to 2024-01-29T00:00:00+00:00, run_after=2024-01-30T00:00:00+00:00
[2024-01-30T15:41:07.693+0100] {processor.py:183} INFO - Processing /home/ubuntu/.local/lib/python3.10/site-packages/airflow/example_dags/example_dynamic_task_mapping_with_no_taskflow_operators.py took 0.314 seconds
[2024-01-30T15:42:10.102+0100] {processor.py:161} INFO - Started process (PID=7469) to work on /home/ubuntu/.local/lib/python3.10/site-packages/airflow/example_dags/example_dynamic_task_mapping_with_no_taskflow_operators.py
[2024-01-30T15:42:10.109+0100] {processor.py:830} INFO - Processing file /home/ubuntu/.local/lib/python3.10/site-packages/airflow/example_dags/example_dynamic_task_mapping_with_no_taskflow_operators.py for tasks to queue
[2024-01-30T15:42:10.111+0100] {logging_mixin.py:188} INFO - [2024-01-30T15:42:10.110+0100] {dagbag.py:538} INFO - Filling up the DagBag from /home/ubuntu/.local/lib/python3.10/site-packages/airflow/example_dags/example_dynamic_task_mapping_with_no_taskflow_operators.py
[2024-01-30T15:42:10.125+0100] {processor.py:840} INFO - DAG(s) 'example_dynamic_task_mapping_with_no_taskflow_operators' retrieved from /home/ubuntu/.local/lib/python3.10/site-packages/airflow/example_dags/example_dynamic_task_mapping_with_no_taskflow_operators.py
[2024-01-30T15:42:10.148+0100] {logging_mixin.py:188} INFO - [2024-01-30T15:42:10.148+0100] {dag.py:3033} INFO - Sync 1 DAGs
[2024-01-30T15:42:10.169+0100] {logging_mixin.py:188} INFO - [2024-01-30T15:42:10.169+0100] {dag.py:3820} INFO - Setting next_dagrun for example_dynamic_task_mapping_with_no_taskflow_operators to 2024-01-29T00:00:00+00:00, run_after=2024-01-30T00:00:00+00:00
[2024-01-30T15:42:10.203+0100] {processor.py:183} INFO - Processing /home/ubuntu/.local/lib/python3.10/site-packages/airflow/example_dags/example_dynamic_task_mapping_with_no_taskflow_operators.py took 0.106 seconds
[2024-01-30T15:43:13.718+0100] {processor.py:161} INFO - Started process (PID=7741) to work on /home/ubuntu/.local/lib/python3.10/site-packages/airflow/example_dags/example_dynamic_task_mapping_with_no_taskflow_operators.py
[2024-01-30T15:43:13.721+0100] {processor.py:830} INFO - Processing file /home/ubuntu/.local/lib/python3.10/site-packages/airflow/example_dags/example_dynamic_task_mapping_with_no_taskflow_operators.py for tasks to queue
[2024-01-30T15:43:13.722+0100] {logging_mixin.py:188} INFO - [2024-01-30T15:43:13.721+0100] {dagbag.py:538} INFO - Filling up the DagBag from /home/ubuntu/.local/lib/python3.10/site-packages/airflow/example_dags/example_dynamic_task_mapping_with_no_taskflow_operators.py
[2024-01-30T15:43:13.733+0100] {processor.py:840} INFO - DAG(s) 'example_dynamic_task_mapping_with_no_taskflow_operators' retrieved from /home/ubuntu/.local/lib/python3.10/site-packages/airflow/example_dags/example_dynamic_task_mapping_with_no_taskflow_operators.py
[2024-01-30T15:43:13.752+0100] {logging_mixin.py:188} INFO - [2024-01-30T15:43:13.751+0100] {dag.py:3033} INFO - Sync 1 DAGs
[2024-01-30T15:43:13.773+0100] {logging_mixin.py:188} INFO - [2024-01-30T15:43:13.773+0100] {dag.py:3820} INFO - Setting next_dagrun for example_dynamic_task_mapping_with_no_taskflow_operators to 2024-01-29T00:00:00+00:00, run_after=2024-01-30T00:00:00+00:00
[2024-01-30T15:43:13.804+0100] {processor.py:183} INFO - Processing /home/ubuntu/.local/lib/python3.10/site-packages/airflow/example_dags/example_dynamic_task_mapping_with_no_taskflow_operators.py took 0.090 seconds
[2024-01-30T15:44:13.957+0100] {processor.py:161} INFO - Started process (PID=8039) to work on /home/ubuntu/.local/lib/python3.10/site-packages/airflow/example_dags/example_dynamic_task_mapping_with_no_taskflow_operators.py
[2024-01-30T15:44:13.961+0100] {processor.py:830} INFO - Processing file /home/ubuntu/.local/lib/python3.10/site-packages/airflow/example_dags/example_dynamic_task_mapping_with_no_taskflow_operators.py for tasks to queue
[2024-01-30T15:44:13.963+0100] {logging_mixin.py:188} INFO - [2024-01-30T15:44:13.962+0100] {dagbag.py:538} INFO - Filling up the DagBag from /home/ubuntu/.local/lib/python3.10/site-packages/airflow/example_dags/example_dynamic_task_mapping_with_no_taskflow_operators.py
[2024-01-30T15:44:13.974+0100] {processor.py:840} INFO - DAG(s) 'example_dynamic_task_mapping_with_no_taskflow_operators' retrieved from /home/ubuntu/.local/lib/python3.10/site-packages/airflow/example_dags/example_dynamic_task_mapping_with_no_taskflow_operators.py
[2024-01-30T15:44:13.991+0100] {logging_mixin.py:188} INFO - [2024-01-30T15:44:13.990+0100] {dag.py:3033} INFO - Sync 1 DAGs
[2024-01-30T15:44:14.013+0100] {logging_mixin.py:188} INFO - [2024-01-30T15:44:14.013+0100] {dag.py:3820} INFO - Setting next_dagrun for example_dynamic_task_mapping_with_no_taskflow_operators to 2024-01-29T00:00:00+00:00, run_after=2024-01-30T00:00:00+00:00
[2024-01-30T15:44:14.054+0100] {processor.py:183} INFO - Processing /home/ubuntu/.local/lib/python3.10/site-packages/airflow/example_dags/example_dynamic_task_mapping_with_no_taskflow_operators.py took 0.100 seconds
[2024-01-30T15:45:16.576+0100] {processor.py:161} INFO - Started process (PID=8242) to work on /home/ubuntu/.local/lib/python3.10/site-packages/airflow/example_dags/example_dynamic_task_mapping_with_no_taskflow_operators.py
[2024-01-30T15:45:16.580+0100] {processor.py:830} INFO - Processing file /home/ubuntu/.local/lib/python3.10/site-packages/airflow/example_dags/example_dynamic_task_mapping_with_no_taskflow_operators.py for tasks to queue
[2024-01-30T15:45:16.581+0100] {logging_mixin.py:188} INFO - [2024-01-30T15:45:16.581+0100] {dagbag.py:538} INFO - Filling up the DagBag from /home/ubuntu/.local/lib/python3.10/site-packages/airflow/example_dags/example_dynamic_task_mapping_with_no_taskflow_operators.py
[2024-01-30T15:45:16.590+0100] {processor.py:840} INFO - DAG(s) 'example_dynamic_task_mapping_with_no_taskflow_operators' retrieved from /home/ubuntu/.local/lib/python3.10/site-packages/airflow/example_dags/example_dynamic_task_mapping_with_no_taskflow_operators.py
[2024-01-30T15:45:16.605+0100] {logging_mixin.py:188} INFO - [2024-01-30T15:45:16.605+0100] {dag.py:3033} INFO - Sync 1 DAGs
[2024-01-30T15:45:16.624+0100] {logging_mixin.py:188} INFO - [2024-01-30T15:45:16.623+0100] {dag.py:3820} INFO - Setting next_dagrun for example_dynamic_task_mapping_with_no_taskflow_operators to 2024-01-29T00:00:00+00:00, run_after=2024-01-30T00:00:00+00:00
[2024-01-30T15:45:16.657+0100] {processor.py:183} INFO - Processing /home/ubuntu/.local/lib/python3.10/site-packages/airflow/example_dags/example_dynamic_task_mapping_with_no_taskflow_operators.py took 0.084 seconds
[2024-01-30T15:46:17.317+0100] {processor.py:161} INFO - Started process (PID=8309) to work on /home/ubuntu/.local/lib/python3.10/site-packages/airflow/example_dags/example_dynamic_task_mapping_with_no_taskflow_operators.py
[2024-01-30T15:46:17.319+0100] {processor.py:830} INFO - Processing file /home/ubuntu/.local/lib/python3.10/site-packages/airflow/example_dags/example_dynamic_task_mapping_with_no_taskflow_operators.py for tasks to queue
[2024-01-30T15:46:17.322+0100] {logging_mixin.py:188} INFO - [2024-01-30T15:46:17.321+0100] {dagbag.py:538} INFO - Filling up the DagBag from /home/ubuntu/.local/lib/python3.10/site-packages/airflow/example_dags/example_dynamic_task_mapping_with_no_taskflow_operators.py
[2024-01-30T15:46:17.335+0100] {processor.py:840} INFO - DAG(s) 'example_dynamic_task_mapping_with_no_taskflow_operators' retrieved from /home/ubuntu/.local/lib/python3.10/site-packages/airflow/example_dags/example_dynamic_task_mapping_with_no_taskflow_operators.py
[2024-01-30T15:46:17.358+0100] {logging_mixin.py:188} INFO - [2024-01-30T15:46:17.358+0100] {dag.py:3033} INFO - Sync 1 DAGs
[2024-01-30T15:46:17.390+0100] {logging_mixin.py:188} INFO - [2024-01-30T15:46:17.389+0100] {dag.py:3820} INFO - Setting next_dagrun for example_dynamic_task_mapping_with_no_taskflow_operators to 2024-01-29T00:00:00+00:00, run_after=2024-01-30T00:00:00+00:00
[2024-01-30T15:46:17.431+0100] {processor.py:183} INFO - Processing /home/ubuntu/.local/lib/python3.10/site-packages/airflow/example_dags/example_dynamic_task_mapping_with_no_taskflow_operators.py took 0.120 seconds
[2024-01-30T15:47:07.306+0100] {processor.py:161} INFO - Started process (PID=8364) to work on /home/ubuntu/.local/lib/python3.10/site-packages/airflow/example_dags/example_dynamic_task_mapping_with_no_taskflow_operators.py
[2024-01-30T15:47:07.308+0100] {processor.py:830} INFO - Processing file /home/ubuntu/.local/lib/python3.10/site-packages/airflow/example_dags/example_dynamic_task_mapping_with_no_taskflow_operators.py for tasks to queue
[2024-01-30T15:47:07.310+0100] {logging_mixin.py:188} INFO - [2024-01-30T15:47:07.310+0100] {dagbag.py:538} INFO - Filling up the DagBag from /home/ubuntu/.local/lib/python3.10/site-packages/airflow/example_dags/example_dynamic_task_mapping_with_no_taskflow_operators.py
[2024-01-30T15:47:07.324+0100] {processor.py:840} INFO - DAG(s) 'example_dynamic_task_mapping_with_no_taskflow_operators' retrieved from /home/ubuntu/.local/lib/python3.10/site-packages/airflow/example_dags/example_dynamic_task_mapping_with_no_taskflow_operators.py
[2024-01-30T15:47:07.345+0100] {logging_mixin.py:188} INFO - [2024-01-30T15:47:07.345+0100] {dag.py:3033} INFO - Sync 1 DAGs
[2024-01-30T15:47:07.368+0100] {logging_mixin.py:188} INFO - [2024-01-30T15:47:07.367+0100] {dag.py:3820} INFO - Setting next_dagrun for example_dynamic_task_mapping_with_no_taskflow_operators to 2024-01-29T00:00:00+00:00, run_after=2024-01-30T00:00:00+00:00
[2024-01-30T15:47:07.408+0100] {processor.py:183} INFO - Processing /home/ubuntu/.local/lib/python3.10/site-packages/airflow/example_dags/example_dynamic_task_mapping_with_no_taskflow_operators.py took 0.106 seconds
[2024-01-30T15:48:39.288+0100] {processor.py:161} INFO - Started process (PID=8658) to work on /home/ubuntu/.local/lib/python3.10/site-packages/airflow/example_dags/example_dynamic_task_mapping_with_no_taskflow_operators.py
[2024-01-30T15:48:39.317+0100] {processor.py:830} INFO - Processing file /home/ubuntu/.local/lib/python3.10/site-packages/airflow/example_dags/example_dynamic_task_mapping_with_no_taskflow_operators.py for tasks to queue
[2024-01-30T15:48:39.350+0100] {logging_mixin.py:188} INFO - [2024-01-30T15:48:39.350+0100] {dagbag.py:538} INFO - Filling up the DagBag from /home/ubuntu/.local/lib/python3.10/site-packages/airflow/example_dags/example_dynamic_task_mapping_with_no_taskflow_operators.py
[2024-01-30T15:48:39.370+0100] {processor.py:840} INFO - DAG(s) 'example_dynamic_task_mapping_with_no_taskflow_operators' retrieved from /home/ubuntu/.local/lib/python3.10/site-packages/airflow/example_dags/example_dynamic_task_mapping_with_no_taskflow_operators.py
[2024-01-30T15:48:39.433+0100] {logging_mixin.py:188} INFO - [2024-01-30T15:48:39.432+0100] {dag.py:3033} INFO - Sync 1 DAGs
[2024-01-30T15:48:39.531+0100] {logging_mixin.py:188} INFO - [2024-01-30T15:48:39.531+0100] {dag.py:3820} INFO - Setting next_dagrun for example_dynamic_task_mapping_with_no_taskflow_operators to 2024-01-29T00:00:00+00:00, run_after=2024-01-30T00:00:00+00:00
[2024-01-30T15:48:39.904+0100] {processor.py:183} INFO - Processing /home/ubuntu/.local/lib/python3.10/site-packages/airflow/example_dags/example_dynamic_task_mapping_with_no_taskflow_operators.py took 0.624 seconds
[2024-01-30T15:53:35.904+0100] {processor.py:161} INFO - Started process (PID=9705) to work on /home/ubuntu/.local/lib/python3.10/site-packages/airflow/example_dags/example_dynamic_task_mapping_with_no_taskflow_operators.py
[2024-01-30T15:53:35.933+0100] {processor.py:830} INFO - Processing file /home/ubuntu/.local/lib/python3.10/site-packages/airflow/example_dags/example_dynamic_task_mapping_with_no_taskflow_operators.py for tasks to queue
[2024-01-30T15:53:35.936+0100] {logging_mixin.py:188} INFO - [2024-01-30T15:53:35.935+0100] {dagbag.py:538} INFO - Filling up the DagBag from /home/ubuntu/.local/lib/python3.10/site-packages/airflow/example_dags/example_dynamic_task_mapping_with_no_taskflow_operators.py
[2024-01-30T15:53:35.957+0100] {processor.py:840} INFO - DAG(s) 'example_dynamic_task_mapping_with_no_taskflow_operators' retrieved from /home/ubuntu/.local/lib/python3.10/site-packages/airflow/example_dags/example_dynamic_task_mapping_with_no_taskflow_operators.py
[2024-01-30T15:53:35.995+0100] {logging_mixin.py:188} INFO - [2024-01-30T15:53:35.995+0100] {dag.py:3033} INFO - Sync 1 DAGs
[2024-01-30T15:53:36.066+0100] {logging_mixin.py:188} INFO - [2024-01-30T15:53:36.066+0100] {dag.py:3820} INFO - Setting next_dagrun for example_dynamic_task_mapping_with_no_taskflow_operators to 2024-01-29T00:00:00+00:00, run_after=2024-01-30T00:00:00+00:00
[2024-01-30T15:53:36.116+0100] {processor.py:183} INFO - Processing /home/ubuntu/.local/lib/python3.10/site-packages/airflow/example_dags/example_dynamic_task_mapping_with_no_taskflow_operators.py took 0.221 seconds
[2024-01-30T15:56:14.109+0100] {processor.py:161} INFO - Started process (PID=9900) to work on /home/ubuntu/.local/lib/python3.10/site-packages/airflow/example_dags/example_dynamic_task_mapping_with_no_taskflow_operators.py
[2024-01-30T15:56:14.151+0100] {processor.py:830} INFO - Processing file /home/ubuntu/.local/lib/python3.10/site-packages/airflow/example_dags/example_dynamic_task_mapping_with_no_taskflow_operators.py for tasks to queue
[2024-01-30T15:56:14.166+0100] {logging_mixin.py:188} INFO - [2024-01-30T15:56:14.165+0100] {dagbag.py:538} INFO - Filling up the DagBag from /home/ubuntu/.local/lib/python3.10/site-packages/airflow/example_dags/example_dynamic_task_mapping_with_no_taskflow_operators.py
[2024-01-30T15:56:14.247+0100] {processor.py:840} INFO - DAG(s) 'example_dynamic_task_mapping_with_no_taskflow_operators' retrieved from /home/ubuntu/.local/lib/python3.10/site-packages/airflow/example_dags/example_dynamic_task_mapping_with_no_taskflow_operators.py
[2024-01-30T15:56:14.521+0100] {logging_mixin.py:188} INFO - [2024-01-30T15:56:14.512+0100] {dag.py:3033} INFO - Sync 1 DAGs
[2024-01-30T15:56:14.641+0100] {logging_mixin.py:188} INFO - [2024-01-30T15:56:14.640+0100] {dag.py:3820} INFO - Setting next_dagrun for example_dynamic_task_mapping_with_no_taskflow_operators to 2024-01-29T00:00:00+00:00, run_after=2024-01-30T00:00:00+00:00
[2024-01-30T15:56:14.929+0100] {processor.py:183} INFO - Processing /home/ubuntu/.local/lib/python3.10/site-packages/airflow/example_dags/example_dynamic_task_mapping_with_no_taskflow_operators.py took 0.841 seconds
[2024-01-30T15:58:10.103+0100] {processor.py:161} INFO - Started process (PID=10023) to work on /home/ubuntu/.local/lib/python3.10/site-packages/airflow/example_dags/example_dynamic_task_mapping_with_no_taskflow_operators.py
[2024-01-30T15:58:10.107+0100] {processor.py:830} INFO - Processing file /home/ubuntu/.local/lib/python3.10/site-packages/airflow/example_dags/example_dynamic_task_mapping_with_no_taskflow_operators.py for tasks to queue
[2024-01-30T15:58:10.109+0100] {logging_mixin.py:188} INFO - [2024-01-30T15:58:10.108+0100] {dagbag.py:538} INFO - Filling up the DagBag from /home/ubuntu/.local/lib/python3.10/site-packages/airflow/example_dags/example_dynamic_task_mapping_with_no_taskflow_operators.py
[2024-01-30T15:58:10.123+0100] {processor.py:840} INFO - DAG(s) 'example_dynamic_task_mapping_with_no_taskflow_operators' retrieved from /home/ubuntu/.local/lib/python3.10/site-packages/airflow/example_dags/example_dynamic_task_mapping_with_no_taskflow_operators.py
[2024-01-30T15:58:10.149+0100] {logging_mixin.py:188} INFO - [2024-01-30T15:58:10.149+0100] {dag.py:3033} INFO - Sync 1 DAGs
[2024-01-30T15:58:10.179+0100] {logging_mixin.py:188} INFO - [2024-01-30T15:58:10.179+0100] {dag.py:3820} INFO - Setting next_dagrun for example_dynamic_task_mapping_with_no_taskflow_operators to 2024-01-29T00:00:00+00:00, run_after=2024-01-30T00:00:00+00:00
[2024-01-30T15:58:10.226+0100] {processor.py:183} INFO - Processing /home/ubuntu/.local/lib/python3.10/site-packages/airflow/example_dags/example_dynamic_task_mapping_with_no_taskflow_operators.py took 0.132 seconds
[2024-01-30T15:59:55.498+0100] {processor.py:161} INFO - Started process (PID=10128) to work on /home/ubuntu/.local/lib/python3.10/site-packages/airflow/example_dags/example_dynamic_task_mapping_with_no_taskflow_operators.py
[2024-01-30T15:59:55.533+0100] {processor.py:830} INFO - Processing file /home/ubuntu/.local/lib/python3.10/site-packages/airflow/example_dags/example_dynamic_task_mapping_with_no_taskflow_operators.py for tasks to queue
[2024-01-30T15:59:55.556+0100] {logging_mixin.py:188} INFO - [2024-01-30T15:59:55.553+0100] {dagbag.py:538} INFO - Filling up the DagBag from /home/ubuntu/.local/lib/python3.10/site-packages/airflow/example_dags/example_dynamic_task_mapping_with_no_taskflow_operators.py
[2024-01-30T15:59:55.582+0100] {processor.py:840} INFO - DAG(s) 'example_dynamic_task_mapping_with_no_taskflow_operators' retrieved from /home/ubuntu/.local/lib/python3.10/site-packages/airflow/example_dags/example_dynamic_task_mapping_with_no_taskflow_operators.py
[2024-01-30T15:59:55.646+0100] {logging_mixin.py:188} INFO - [2024-01-30T15:59:55.641+0100] {dag.py:3033} INFO - Sync 1 DAGs
[2024-01-30T15:59:55.756+0100] {logging_mixin.py:188} INFO - [2024-01-30T15:59:55.755+0100] {dag.py:3820} INFO - Setting next_dagrun for example_dynamic_task_mapping_with_no_taskflow_operators to 2024-01-29T00:00:00+00:00, run_after=2024-01-30T00:00:00+00:00
[2024-01-30T15:59:55.992+0100] {processor.py:183} INFO - Processing /home/ubuntu/.local/lib/python3.10/site-packages/airflow/example_dags/example_dynamic_task_mapping_with_no_taskflow_operators.py took 0.517 seconds
[2024-01-30T16:00:50.102+0100] {processor.py:161} INFO - Started process (PID=10185) to work on /home/ubuntu/.local/lib/python3.10/site-packages/airflow/example_dags/example_dynamic_task_mapping_with_no_taskflow_operators.py
[2024-01-30T16:00:50.119+0100] {processor.py:830} INFO - Processing file /home/ubuntu/.local/lib/python3.10/site-packages/airflow/example_dags/example_dynamic_task_mapping_with_no_taskflow_operators.py for tasks to queue
[2024-01-30T16:00:50.120+0100] {logging_mixin.py:188} INFO - [2024-01-30T16:00:50.120+0100] {dagbag.py:538} INFO - Filling up the DagBag from /home/ubuntu/.local/lib/python3.10/site-packages/airflow/example_dags/example_dynamic_task_mapping_with_no_taskflow_operators.py
[2024-01-30T16:00:50.162+0100] {processor.py:840} INFO - DAG(s) 'example_dynamic_task_mapping_with_no_taskflow_operators' retrieved from /home/ubuntu/.local/lib/python3.10/site-packages/airflow/example_dags/example_dynamic_task_mapping_with_no_taskflow_operators.py
[2024-01-30T16:00:50.224+0100] {logging_mixin.py:188} INFO - [2024-01-30T16:00:50.217+0100] {dag.py:3033} INFO - Sync 1 DAGs
[2024-01-30T16:00:50.323+0100] {logging_mixin.py:188} INFO - [2024-01-30T16:00:50.323+0100] {dag.py:3820} INFO - Setting next_dagrun for example_dynamic_task_mapping_with_no_taskflow_operators to 2024-01-29T00:00:00+00:00, run_after=2024-01-30T00:00:00+00:00
[2024-01-30T16:00:50.359+0100] {processor.py:183} INFO - Processing /home/ubuntu/.local/lib/python3.10/site-packages/airflow/example_dags/example_dynamic_task_mapping_with_no_taskflow_operators.py took 0.289 seconds
[2024-01-30T16:01:44.888+0100] {processor.py:161} INFO - Started process (PID=10241) to work on /home/ubuntu/.local/lib/python3.10/site-packages/airflow/example_dags/example_dynamic_task_mapping_with_no_taskflow_operators.py
[2024-01-30T16:01:44.905+0100] {processor.py:830} INFO - Processing file /home/ubuntu/.local/lib/python3.10/site-packages/airflow/example_dags/example_dynamic_task_mapping_with_no_taskflow_operators.py for tasks to queue
[2024-01-30T16:01:44.910+0100] {logging_mixin.py:188} INFO - [2024-01-30T16:01:44.909+0100] {dagbag.py:538} INFO - Filling up the DagBag from /home/ubuntu/.local/lib/python3.10/site-packages/airflow/example_dags/example_dynamic_task_mapping_with_no_taskflow_operators.py
[2024-01-30T16:01:44.925+0100] {processor.py:840} INFO - DAG(s) 'example_dynamic_task_mapping_with_no_taskflow_operators' retrieved from /home/ubuntu/.local/lib/python3.10/site-packages/airflow/example_dags/example_dynamic_task_mapping_with_no_taskflow_operators.py
[2024-01-30T16:01:44.946+0100] {logging_mixin.py:188} INFO - [2024-01-30T16:01:44.946+0100] {dag.py:3033} INFO - Sync 1 DAGs
[2024-01-30T16:01:44.966+0100] {logging_mixin.py:188} INFO - [2024-01-30T16:01:44.966+0100] {dag.py:3820} INFO - Setting next_dagrun for example_dynamic_task_mapping_with_no_taskflow_operators to 2024-01-29T00:00:00+00:00, run_after=2024-01-30T00:00:00+00:00
[2024-01-30T16:01:44.997+0100] {processor.py:183} INFO - Processing /home/ubuntu/.local/lib/python3.10/site-packages/airflow/example_dags/example_dynamic_task_mapping_with_no_taskflow_operators.py took 0.116 seconds
[2024-01-30T16:03:17.855+0100] {processor.py:161} INFO - Started process (PID=10338) to work on /home/ubuntu/.local/lib/python3.10/site-packages/airflow/example_dags/example_dynamic_task_mapping_with_no_taskflow_operators.py
[2024-01-30T16:03:17.857+0100] {processor.py:830} INFO - Processing file /home/ubuntu/.local/lib/python3.10/site-packages/airflow/example_dags/example_dynamic_task_mapping_with_no_taskflow_operators.py for tasks to queue
[2024-01-30T16:03:17.858+0100] {logging_mixin.py:188} INFO - [2024-01-30T16:03:17.858+0100] {dagbag.py:538} INFO - Filling up the DagBag from /home/ubuntu/.local/lib/python3.10/site-packages/airflow/example_dags/example_dynamic_task_mapping_with_no_taskflow_operators.py
[2024-01-30T16:03:17.870+0100] {processor.py:840} INFO - DAG(s) 'example_dynamic_task_mapping_with_no_taskflow_operators' retrieved from /home/ubuntu/.local/lib/python3.10/site-packages/airflow/example_dags/example_dynamic_task_mapping_with_no_taskflow_operators.py
[2024-01-30T16:03:17.889+0100] {logging_mixin.py:188} INFO - [2024-01-30T16:03:17.889+0100] {dag.py:3033} INFO - Sync 1 DAGs
[2024-01-30T16:03:17.916+0100] {logging_mixin.py:188} INFO - [2024-01-30T16:03:17.915+0100] {dag.py:3820} INFO - Setting next_dagrun for example_dynamic_task_mapping_with_no_taskflow_operators to 2024-01-29T00:00:00+00:00, run_after=2024-01-30T00:00:00+00:00
[2024-01-30T16:03:17.959+0100] {processor.py:183} INFO - Processing /home/ubuntu/.local/lib/python3.10/site-packages/airflow/example_dags/example_dynamic_task_mapping_with_no_taskflow_operators.py took 0.108 seconds
[2024-01-30T16:04:50.394+0100] {processor.py:161} INFO - Started process (PID=10436) to work on /home/ubuntu/.local/lib/python3.10/site-packages/airflow/example_dags/example_dynamic_task_mapping_with_no_taskflow_operators.py
[2024-01-30T16:04:50.397+0100] {processor.py:830} INFO - Processing file /home/ubuntu/.local/lib/python3.10/site-packages/airflow/example_dags/example_dynamic_task_mapping_with_no_taskflow_operators.py for tasks to queue
[2024-01-30T16:04:50.400+0100] {logging_mixin.py:188} INFO - [2024-01-30T16:04:50.398+0100] {dagbag.py:538} INFO - Filling up the DagBag from /home/ubuntu/.local/lib/python3.10/site-packages/airflow/example_dags/example_dynamic_task_mapping_with_no_taskflow_operators.py
[2024-01-30T16:04:50.434+0100] {processor.py:840} INFO - DAG(s) 'example_dynamic_task_mapping_with_no_taskflow_operators' retrieved from /home/ubuntu/.local/lib/python3.10/site-packages/airflow/example_dags/example_dynamic_task_mapping_with_no_taskflow_operators.py
[2024-01-30T16:04:50.523+0100] {logging_mixin.py:188} INFO - [2024-01-30T16:04:50.510+0100] {dag.py:3033} INFO - Sync 1 DAGs
[2024-01-30T16:04:50.816+0100] {logging_mixin.py:188} INFO - [2024-01-30T16:04:50.815+0100] {dag.py:3820} INFO - Setting next_dagrun for example_dynamic_task_mapping_with_no_taskflow_operators to 2024-01-29T00:00:00+00:00, run_after=2024-01-30T00:00:00+00:00
[2024-01-30T16:04:51.182+0100] {processor.py:183} INFO - Processing /home/ubuntu/.local/lib/python3.10/site-packages/airflow/example_dags/example_dynamic_task_mapping_with_no_taskflow_operators.py took 0.800 seconds
[2024-01-30T16:06:41.016+0100] {processor.py:161} INFO - Started process (PID=10525) to work on /home/ubuntu/.local/lib/python3.10/site-packages/airflow/example_dags/example_dynamic_task_mapping_with_no_taskflow_operators.py
[2024-01-30T16:06:41.035+0100] {processor.py:830} INFO - Processing file /home/ubuntu/.local/lib/python3.10/site-packages/airflow/example_dags/example_dynamic_task_mapping_with_no_taskflow_operators.py for tasks to queue
[2024-01-30T16:06:41.036+0100] {logging_mixin.py:188} INFO - [2024-01-30T16:06:41.036+0100] {dagbag.py:538} INFO - Filling up the DagBag from /home/ubuntu/.local/lib/python3.10/site-packages/airflow/example_dags/example_dynamic_task_mapping_with_no_taskflow_operators.py
[2024-01-30T16:06:41.067+0100] {processor.py:840} INFO - DAG(s) 'example_dynamic_task_mapping_with_no_taskflow_operators' retrieved from /home/ubuntu/.local/lib/python3.10/site-packages/airflow/example_dags/example_dynamic_task_mapping_with_no_taskflow_operators.py
[2024-01-30T16:06:41.119+0100] {logging_mixin.py:188} INFO - [2024-01-30T16:06:41.119+0100] {dag.py:3033} INFO - Sync 1 DAGs
[2024-01-30T16:06:41.190+0100] {logging_mixin.py:188} INFO - [2024-01-30T16:06:41.189+0100] {dag.py:3820} INFO - Setting next_dagrun for example_dynamic_task_mapping_with_no_taskflow_operators to 2024-01-29T00:00:00+00:00, run_after=2024-01-30T00:00:00+00:00
[2024-01-30T16:06:41.448+0100] {processor.py:183} INFO - Processing /home/ubuntu/.local/lib/python3.10/site-packages/airflow/example_dags/example_dynamic_task_mapping_with_no_taskflow_operators.py took 0.460 seconds
