[2024-01-30T15:30:27.107+0100] {processor.py:161} INFO - Started process (PID=6625) to work on /home/ubuntu/.local/lib/python3.10/site-packages/airflow/example_dags/example_short_circuit_decorator.py
[2024-01-30T15:30:27.110+0100] {processor.py:830} INFO - Processing file /home/ubuntu/.local/lib/python3.10/site-packages/airflow/example_dags/example_short_circuit_decorator.py for tasks to queue
[2024-01-30T15:30:27.113+0100] {logging_mixin.py:188} INFO - [2024-01-30T15:30:27.111+0100] {dagbag.py:538} INFO - Filling up the DagBag from /home/ubuntu/.local/lib/python3.10/site-packages/airflow/example_dags/example_short_circuit_decorator.py
[2024-01-30T15:30:27.142+0100] {processor.py:840} INFO - DAG(s) 'example_short_circuit_decorator' retrieved from /home/ubuntu/.local/lib/python3.10/site-packages/airflow/example_dags/example_short_circuit_decorator.py
[2024-01-30T15:30:27.349+0100] {logging_mixin.py:188} INFO - [2024-01-30T15:30:27.349+0100] {dag.py:3033} INFO - Sync 1 DAGs
[2024-01-30T15:30:27.379+0100] {logging_mixin.py:188} INFO - [2024-01-30T15:30:27.379+0100] {dag.py:3820} INFO - Setting next_dagrun for example_short_circuit_decorator to 2024-01-29T00:00:00+00:00, run_after=2024-01-30T00:00:00+00:00
[2024-01-30T15:30:27.428+0100] {processor.py:183} INFO - Processing /home/ubuntu/.local/lib/python3.10/site-packages/airflow/example_dags/example_short_circuit_decorator.py took 0.340 seconds
[2024-01-30T15:31:24.882+0100] {processor.py:161} INFO - Started process (PID=6684) to work on /home/ubuntu/.local/lib/python3.10/site-packages/airflow/example_dags/example_short_circuit_decorator.py
[2024-01-30T15:31:24.886+0100] {processor.py:830} INFO - Processing file /home/ubuntu/.local/lib/python3.10/site-packages/airflow/example_dags/example_short_circuit_decorator.py for tasks to queue
[2024-01-30T15:31:24.888+0100] {logging_mixin.py:188} INFO - [2024-01-30T15:31:24.888+0100] {dagbag.py:538} INFO - Filling up the DagBag from /home/ubuntu/.local/lib/python3.10/site-packages/airflow/example_dags/example_short_circuit_decorator.py
[2024-01-30T15:31:24.907+0100] {processor.py:840} INFO - DAG(s) 'example_short_circuit_decorator' retrieved from /home/ubuntu/.local/lib/python3.10/site-packages/airflow/example_dags/example_short_circuit_decorator.py
[2024-01-30T15:31:24.942+0100] {logging_mixin.py:188} INFO - [2024-01-30T15:31:24.941+0100] {dag.py:3033} INFO - Sync 1 DAGs
[2024-01-30T15:31:24.976+0100] {logging_mixin.py:188} INFO - [2024-01-30T15:31:24.976+0100] {dag.py:3820} INFO - Setting next_dagrun for example_short_circuit_decorator to 2024-01-29T00:00:00+00:00, run_after=2024-01-30T00:00:00+00:00
[2024-01-30T15:31:25.009+0100] {processor.py:183} INFO - Processing /home/ubuntu/.local/lib/python3.10/site-packages/airflow/example_dags/example_short_circuit_decorator.py took 0.132 seconds
[2024-01-30T15:32:19.048+0100] {processor.py:161} INFO - Started process (PID=6739) to work on /home/ubuntu/.local/lib/python3.10/site-packages/airflow/example_dags/example_short_circuit_decorator.py
[2024-01-30T15:32:19.052+0100] {processor.py:830} INFO - Processing file /home/ubuntu/.local/lib/python3.10/site-packages/airflow/example_dags/example_short_circuit_decorator.py for tasks to queue
[2024-01-30T15:32:19.060+0100] {logging_mixin.py:188} INFO - [2024-01-30T15:32:19.054+0100] {dagbag.py:538} INFO - Filling up the DagBag from /home/ubuntu/.local/lib/python3.10/site-packages/airflow/example_dags/example_short_circuit_decorator.py
[2024-01-30T15:32:19.096+0100] {processor.py:840} INFO - DAG(s) 'example_short_circuit_decorator' retrieved from /home/ubuntu/.local/lib/python3.10/site-packages/airflow/example_dags/example_short_circuit_decorator.py
[2024-01-30T15:32:19.144+0100] {logging_mixin.py:188} INFO - [2024-01-30T15:32:19.144+0100] {dag.py:3033} INFO - Sync 1 DAGs
[2024-01-30T15:32:19.353+0100] {logging_mixin.py:188} INFO - [2024-01-30T15:32:19.353+0100] {dag.py:3820} INFO - Setting next_dagrun for example_short_circuit_decorator to 2024-01-29T00:00:00+00:00, run_after=2024-01-30T00:00:00+00:00
[2024-01-30T15:32:19.515+0100] {processor.py:183} INFO - Processing /home/ubuntu/.local/lib/python3.10/site-packages/airflow/example_dags/example_short_circuit_decorator.py took 0.472 seconds
[2024-01-30T15:33:50.588+0100] {processor.py:161} INFO - Started process (PID=6829) to work on /home/ubuntu/.local/lib/python3.10/site-packages/airflow/example_dags/example_short_circuit_decorator.py
[2024-01-30T15:33:50.591+0100] {processor.py:830} INFO - Processing file /home/ubuntu/.local/lib/python3.10/site-packages/airflow/example_dags/example_short_circuit_decorator.py for tasks to queue
[2024-01-30T15:33:50.592+0100] {logging_mixin.py:188} INFO - [2024-01-30T15:33:50.592+0100] {dagbag.py:538} INFO - Filling up the DagBag from /home/ubuntu/.local/lib/python3.10/site-packages/airflow/example_dags/example_short_circuit_decorator.py
[2024-01-30T15:33:50.607+0100] {processor.py:840} INFO - DAG(s) 'example_short_circuit_decorator' retrieved from /home/ubuntu/.local/lib/python3.10/site-packages/airflow/example_dags/example_short_circuit_decorator.py
[2024-01-30T15:33:50.627+0100] {logging_mixin.py:188} INFO - [2024-01-30T15:33:50.627+0100] {dag.py:3033} INFO - Sync 1 DAGs
[2024-01-30T15:33:50.652+0100] {logging_mixin.py:188} INFO - [2024-01-30T15:33:50.652+0100] {dag.py:3820} INFO - Setting next_dagrun for example_short_circuit_decorator to 2024-01-29T00:00:00+00:00, run_after=2024-01-30T00:00:00+00:00
[2024-01-30T15:33:50.683+0100] {processor.py:183} INFO - Processing /home/ubuntu/.local/lib/python3.10/site-packages/airflow/example_dags/example_short_circuit_decorator.py took 0.101 seconds
[2024-01-30T15:34:47.506+0100] {processor.py:161} INFO - Started process (PID=6888) to work on /home/ubuntu/.local/lib/python3.10/site-packages/airflow/example_dags/example_short_circuit_decorator.py
[2024-01-30T15:34:47.509+0100] {processor.py:830} INFO - Processing file /home/ubuntu/.local/lib/python3.10/site-packages/airflow/example_dags/example_short_circuit_decorator.py for tasks to queue
[2024-01-30T15:34:47.511+0100] {logging_mixin.py:188} INFO - [2024-01-30T15:34:47.511+0100] {dagbag.py:538} INFO - Filling up the DagBag from /home/ubuntu/.local/lib/python3.10/site-packages/airflow/example_dags/example_short_circuit_decorator.py
[2024-01-30T15:34:47.528+0100] {processor.py:840} INFO - DAG(s) 'example_short_circuit_decorator' retrieved from /home/ubuntu/.local/lib/python3.10/site-packages/airflow/example_dags/example_short_circuit_decorator.py
[2024-01-30T15:34:47.555+0100] {logging_mixin.py:188} INFO - [2024-01-30T15:34:47.554+0100] {dag.py:3033} INFO - Sync 1 DAGs
[2024-01-30T15:34:47.586+0100] {logging_mixin.py:188} INFO - [2024-01-30T15:34:47.586+0100] {dag.py:3820} INFO - Setting next_dagrun for example_short_circuit_decorator to 2024-01-29T00:00:00+00:00, run_after=2024-01-30T00:00:00+00:00
[2024-01-30T15:34:47.625+0100] {processor.py:183} INFO - Processing /home/ubuntu/.local/lib/python3.10/site-packages/airflow/example_dags/example_short_circuit_decorator.py took 0.122 seconds
[2024-01-30T15:35:37.548+0100] {processor.py:161} INFO - Started process (PID=6943) to work on /home/ubuntu/.local/lib/python3.10/site-packages/airflow/example_dags/example_short_circuit_decorator.py
[2024-01-30T15:35:37.550+0100] {processor.py:830} INFO - Processing file /home/ubuntu/.local/lib/python3.10/site-packages/airflow/example_dags/example_short_circuit_decorator.py for tasks to queue
[2024-01-30T15:35:37.551+0100] {logging_mixin.py:188} INFO - [2024-01-30T15:35:37.550+0100] {dagbag.py:538} INFO - Filling up the DagBag from /home/ubuntu/.local/lib/python3.10/site-packages/airflow/example_dags/example_short_circuit_decorator.py
[2024-01-30T15:35:37.562+0100] {processor.py:840} INFO - DAG(s) 'example_short_circuit_decorator' retrieved from /home/ubuntu/.local/lib/python3.10/site-packages/airflow/example_dags/example_short_circuit_decorator.py
[2024-01-30T15:35:37.584+0100] {logging_mixin.py:188} INFO - [2024-01-30T15:35:37.583+0100] {dag.py:3033} INFO - Sync 1 DAGs
[2024-01-30T15:35:37.605+0100] {logging_mixin.py:188} INFO - [2024-01-30T15:35:37.605+0100] {dag.py:3820} INFO - Setting next_dagrun for example_short_circuit_decorator to 2024-01-29T00:00:00+00:00, run_after=2024-01-30T00:00:00+00:00
[2024-01-30T15:35:37.638+0100] {processor.py:183} INFO - Processing /home/ubuntu/.local/lib/python3.10/site-packages/airflow/example_dags/example_short_circuit_decorator.py took 0.094 seconds
[2024-01-30T15:36:52.316+0100] {processor.py:161} INFO - Started process (PID=7023) to work on /home/ubuntu/.local/lib/python3.10/site-packages/airflow/example_dags/example_short_circuit_decorator.py
[2024-01-30T15:36:52.318+0100] {processor.py:830} INFO - Processing file /home/ubuntu/.local/lib/python3.10/site-packages/airflow/example_dags/example_short_circuit_decorator.py for tasks to queue
[2024-01-30T15:36:52.319+0100] {logging_mixin.py:188} INFO - [2024-01-30T15:36:52.319+0100] {dagbag.py:538} INFO - Filling up the DagBag from /home/ubuntu/.local/lib/python3.10/site-packages/airflow/example_dags/example_short_circuit_decorator.py
[2024-01-30T15:36:52.330+0100] {processor.py:840} INFO - DAG(s) 'example_short_circuit_decorator' retrieved from /home/ubuntu/.local/lib/python3.10/site-packages/airflow/example_dags/example_short_circuit_decorator.py
[2024-01-30T15:36:52.349+0100] {logging_mixin.py:188} INFO - [2024-01-30T15:36:52.349+0100] {dag.py:3033} INFO - Sync 1 DAGs
[2024-01-30T15:36:52.371+0100] {logging_mixin.py:188} INFO - [2024-01-30T15:36:52.371+0100] {dag.py:3820} INFO - Setting next_dagrun for example_short_circuit_decorator to 2024-01-29T00:00:00+00:00, run_after=2024-01-30T00:00:00+00:00
[2024-01-30T15:36:52.399+0100] {processor.py:183} INFO - Processing /home/ubuntu/.local/lib/python3.10/site-packages/airflow/example_dags/example_short_circuit_decorator.py took 0.087 seconds
[2024-01-30T15:37:47.042+0100] {processor.py:161} INFO - Started process (PID=7081) to work on /home/ubuntu/.local/lib/python3.10/site-packages/airflow/example_dags/example_short_circuit_decorator.py
[2024-01-30T15:37:47.045+0100] {processor.py:830} INFO - Processing file /home/ubuntu/.local/lib/python3.10/site-packages/airflow/example_dags/example_short_circuit_decorator.py for tasks to queue
[2024-01-30T15:37:47.046+0100] {logging_mixin.py:188} INFO - [2024-01-30T15:37:47.045+0100] {dagbag.py:538} INFO - Filling up the DagBag from /home/ubuntu/.local/lib/python3.10/site-packages/airflow/example_dags/example_short_circuit_decorator.py
[2024-01-30T15:37:47.057+0100] {processor.py:840} INFO - DAG(s) 'example_short_circuit_decorator' retrieved from /home/ubuntu/.local/lib/python3.10/site-packages/airflow/example_dags/example_short_circuit_decorator.py
[2024-01-30T15:37:47.081+0100] {logging_mixin.py:188} INFO - [2024-01-30T15:37:47.081+0100] {dag.py:3033} INFO - Sync 1 DAGs
[2024-01-30T15:37:47.102+0100] {logging_mixin.py:188} INFO - [2024-01-30T15:37:47.102+0100] {dag.py:3820} INFO - Setting next_dagrun for example_short_circuit_decorator to 2024-01-29T00:00:00+00:00, run_after=2024-01-30T00:00:00+00:00
[2024-01-30T15:37:47.132+0100] {processor.py:183} INFO - Processing /home/ubuntu/.local/lib/python3.10/site-packages/airflow/example_dags/example_short_circuit_decorator.py took 0.093 seconds
[2024-01-30T15:38:38.014+0100] {processor.py:161} INFO - Started process (PID=7155) to work on /home/ubuntu/.local/lib/python3.10/site-packages/airflow/example_dags/example_short_circuit_decorator.py
[2024-01-30T15:38:38.017+0100] {processor.py:830} INFO - Processing file /home/ubuntu/.local/lib/python3.10/site-packages/airflow/example_dags/example_short_circuit_decorator.py for tasks to queue
[2024-01-30T15:38:38.018+0100] {logging_mixin.py:188} INFO - [2024-01-30T15:38:38.018+0100] {dagbag.py:538} INFO - Filling up the DagBag from /home/ubuntu/.local/lib/python3.10/site-packages/airflow/example_dags/example_short_circuit_decorator.py
[2024-01-30T15:38:38.030+0100] {processor.py:840} INFO - DAG(s) 'example_short_circuit_decorator' retrieved from /home/ubuntu/.local/lib/python3.10/site-packages/airflow/example_dags/example_short_circuit_decorator.py
[2024-01-30T15:38:38.050+0100] {logging_mixin.py:188} INFO - [2024-01-30T15:38:38.050+0100] {dag.py:3033} INFO - Sync 1 DAGs
[2024-01-30T15:38:38.073+0100] {logging_mixin.py:188} INFO - [2024-01-30T15:38:38.073+0100] {dag.py:3820} INFO - Setting next_dagrun for example_short_circuit_decorator to 2024-01-29T00:00:00+00:00, run_after=2024-01-30T00:00:00+00:00
[2024-01-30T15:38:38.103+0100] {processor.py:183} INFO - Processing /home/ubuntu/.local/lib/python3.10/site-packages/airflow/example_dags/example_short_circuit_decorator.py took 0.094 seconds
[2024-01-30T15:39:39.547+0100] {processor.py:161} INFO - Started process (PID=7283) to work on /home/ubuntu/.local/lib/python3.10/site-packages/airflow/example_dags/example_short_circuit_decorator.py
[2024-01-30T15:39:39.550+0100] {processor.py:830} INFO - Processing file /home/ubuntu/.local/lib/python3.10/site-packages/airflow/example_dags/example_short_circuit_decorator.py for tasks to queue
[2024-01-30T15:39:39.553+0100] {logging_mixin.py:188} INFO - [2024-01-30T15:39:39.551+0100] {dagbag.py:538} INFO - Filling up the DagBag from /home/ubuntu/.local/lib/python3.10/site-packages/airflow/example_dags/example_short_circuit_decorator.py
[2024-01-30T15:39:39.575+0100] {processor.py:840} INFO - DAG(s) 'example_short_circuit_decorator' retrieved from /home/ubuntu/.local/lib/python3.10/site-packages/airflow/example_dags/example_short_circuit_decorator.py
[2024-01-30T15:39:39.665+0100] {logging_mixin.py:188} INFO - [2024-01-30T15:39:39.664+0100] {dag.py:3033} INFO - Sync 1 DAGs
[2024-01-30T15:39:39.690+0100] {logging_mixin.py:188} INFO - [2024-01-30T15:39:39.689+0100] {dag.py:3820} INFO - Setting next_dagrun for example_short_circuit_decorator to 2024-01-29T00:00:00+00:00, run_after=2024-01-30T00:00:00+00:00
[2024-01-30T15:39:39.729+0100] {processor.py:183} INFO - Processing /home/ubuntu/.local/lib/python3.10/site-packages/airflow/example_dags/example_short_circuit_decorator.py took 0.189 seconds
[2024-01-30T15:40:39.955+0100] {processor.py:161} INFO - Started process (PID=7341) to work on /home/ubuntu/.local/lib/python3.10/site-packages/airflow/example_dags/example_short_circuit_decorator.py
[2024-01-30T15:40:39.958+0100] {processor.py:830} INFO - Processing file /home/ubuntu/.local/lib/python3.10/site-packages/airflow/example_dags/example_short_circuit_decorator.py for tasks to queue
[2024-01-30T15:40:39.960+0100] {logging_mixin.py:188} INFO - [2024-01-30T15:40:39.959+0100] {dagbag.py:538} INFO - Filling up the DagBag from /home/ubuntu/.local/lib/python3.10/site-packages/airflow/example_dags/example_short_circuit_decorator.py
[2024-01-30T15:40:39.975+0100] {processor.py:840} INFO - DAG(s) 'example_short_circuit_decorator' retrieved from /home/ubuntu/.local/lib/python3.10/site-packages/airflow/example_dags/example_short_circuit_decorator.py
[2024-01-30T15:40:40.006+0100] {logging_mixin.py:188} INFO - [2024-01-30T15:40:40.006+0100] {dag.py:3033} INFO - Sync 1 DAGs
[2024-01-30T15:40:40.039+0100] {logging_mixin.py:188} INFO - [2024-01-30T15:40:40.038+0100] {dag.py:3820} INFO - Setting next_dagrun for example_short_circuit_decorator to 2024-01-29T00:00:00+00:00, run_after=2024-01-30T00:00:00+00:00
[2024-01-30T15:40:40.084+0100] {processor.py:183} INFO - Processing /home/ubuntu/.local/lib/python3.10/site-packages/airflow/example_dags/example_short_circuit_decorator.py took 0.133 seconds
[2024-01-30T15:41:44.175+0100] {processor.py:161} INFO - Started process (PID=7407) to work on /home/ubuntu/.local/lib/python3.10/site-packages/airflow/example_dags/example_short_circuit_decorator.py
[2024-01-30T15:41:44.177+0100] {processor.py:830} INFO - Processing file /home/ubuntu/.local/lib/python3.10/site-packages/airflow/example_dags/example_short_circuit_decorator.py for tasks to queue
[2024-01-30T15:41:44.179+0100] {logging_mixin.py:188} INFO - [2024-01-30T15:41:44.178+0100] {dagbag.py:538} INFO - Filling up the DagBag from /home/ubuntu/.local/lib/python3.10/site-packages/airflow/example_dags/example_short_circuit_decorator.py
[2024-01-30T15:41:44.204+0100] {processor.py:840} INFO - DAG(s) 'example_short_circuit_decorator' retrieved from /home/ubuntu/.local/lib/python3.10/site-packages/airflow/example_dags/example_short_circuit_decorator.py
[2024-01-30T15:41:44.237+0100] {logging_mixin.py:188} INFO - [2024-01-30T15:41:44.236+0100] {dag.py:3033} INFO - Sync 1 DAGs
[2024-01-30T15:41:44.263+0100] {logging_mixin.py:188} INFO - [2024-01-30T15:41:44.263+0100] {dag.py:3820} INFO - Setting next_dagrun for example_short_circuit_decorator to 2024-01-29T00:00:00+00:00, run_after=2024-01-30T00:00:00+00:00
[2024-01-30T15:41:44.298+0100] {processor.py:183} INFO - Processing /home/ubuntu/.local/lib/python3.10/site-packages/airflow/example_dags/example_short_circuit_decorator.py took 0.129 seconds
[2024-01-30T15:42:49.758+0100] {processor.py:161} INFO - Started process (PID=7643) to work on /home/ubuntu/.local/lib/python3.10/site-packages/airflow/example_dags/example_short_circuit_decorator.py
[2024-01-30T15:42:49.762+0100] {processor.py:830} INFO - Processing file /home/ubuntu/.local/lib/python3.10/site-packages/airflow/example_dags/example_short_circuit_decorator.py for tasks to queue
[2024-01-30T15:42:49.765+0100] {logging_mixin.py:188} INFO - [2024-01-30T15:42:49.763+0100] {dagbag.py:538} INFO - Filling up the DagBag from /home/ubuntu/.local/lib/python3.10/site-packages/airflow/example_dags/example_short_circuit_decorator.py
[2024-01-30T15:42:49.787+0100] {processor.py:840} INFO - DAG(s) 'example_short_circuit_decorator' retrieved from /home/ubuntu/.local/lib/python3.10/site-packages/airflow/example_dags/example_short_circuit_decorator.py
[2024-01-30T15:42:49.836+0100] {logging_mixin.py:188} INFO - [2024-01-30T15:42:49.836+0100] {dag.py:3033} INFO - Sync 1 DAGs
[2024-01-30T15:42:49.928+0100] {logging_mixin.py:188} INFO - [2024-01-30T15:42:49.927+0100] {dag.py:3820} INFO - Setting next_dagrun for example_short_circuit_decorator to 2024-01-29T00:00:00+00:00, run_after=2024-01-30T00:00:00+00:00
[2024-01-30T15:42:49.970+0100] {processor.py:183} INFO - Processing /home/ubuntu/.local/lib/python3.10/site-packages/airflow/example_dags/example_short_circuit_decorator.py took 0.240 seconds
[2024-01-30T15:43:46.324+0100] {processor.py:161} INFO - Started process (PID=7914) to work on /home/ubuntu/.local/lib/python3.10/site-packages/airflow/example_dags/example_short_circuit_decorator.py
[2024-01-30T15:43:46.327+0100] {processor.py:830} INFO - Processing file /home/ubuntu/.local/lib/python3.10/site-packages/airflow/example_dags/example_short_circuit_decorator.py for tasks to queue
[2024-01-30T15:43:46.329+0100] {logging_mixin.py:188} INFO - [2024-01-30T15:43:46.328+0100] {dagbag.py:538} INFO - Filling up the DagBag from /home/ubuntu/.local/lib/python3.10/site-packages/airflow/example_dags/example_short_circuit_decorator.py
[2024-01-30T15:43:46.350+0100] {processor.py:840} INFO - DAG(s) 'example_short_circuit_decorator' retrieved from /home/ubuntu/.local/lib/python3.10/site-packages/airflow/example_dags/example_short_circuit_decorator.py
[2024-01-30T15:43:46.383+0100] {logging_mixin.py:188} INFO - [2024-01-30T15:43:46.383+0100] {dag.py:3033} INFO - Sync 1 DAGs
[2024-01-30T15:43:46.419+0100] {logging_mixin.py:188} INFO - [2024-01-30T15:43:46.419+0100] {dag.py:3820} INFO - Setting next_dagrun for example_short_circuit_decorator to 2024-01-29T00:00:00+00:00, run_after=2024-01-30T00:00:00+00:00
[2024-01-30T15:43:46.452+0100] {processor.py:183} INFO - Processing /home/ubuntu/.local/lib/python3.10/site-packages/airflow/example_dags/example_short_circuit_decorator.py took 0.132 seconds
[2024-01-30T15:44:52.352+0100] {processor.py:161} INFO - Started process (PID=8208) to work on /home/ubuntu/.local/lib/python3.10/site-packages/airflow/example_dags/example_short_circuit_decorator.py
[2024-01-30T15:44:52.355+0100] {processor.py:830} INFO - Processing file /home/ubuntu/.local/lib/python3.10/site-packages/airflow/example_dags/example_short_circuit_decorator.py for tasks to queue
[2024-01-30T15:44:52.357+0100] {logging_mixin.py:188} INFO - [2024-01-30T15:44:52.356+0100] {dagbag.py:538} INFO - Filling up the DagBag from /home/ubuntu/.local/lib/python3.10/site-packages/airflow/example_dags/example_short_circuit_decorator.py
[2024-01-30T15:44:52.369+0100] {processor.py:840} INFO - DAG(s) 'example_short_circuit_decorator' retrieved from /home/ubuntu/.local/lib/python3.10/site-packages/airflow/example_dags/example_short_circuit_decorator.py
[2024-01-30T15:44:52.392+0100] {logging_mixin.py:188} INFO - [2024-01-30T15:44:52.392+0100] {dag.py:3033} INFO - Sync 1 DAGs
[2024-01-30T15:44:52.413+0100] {logging_mixin.py:188} INFO - [2024-01-30T15:44:52.413+0100] {dag.py:3820} INFO - Setting next_dagrun for example_short_circuit_decorator to 2024-01-29T00:00:00+00:00, run_after=2024-01-30T00:00:00+00:00
[2024-01-30T15:44:52.457+0100] {processor.py:183} INFO - Processing /home/ubuntu/.local/lib/python3.10/site-packages/airflow/example_dags/example_short_circuit_decorator.py took 0.109 seconds
[2024-01-30T15:45:57.937+0100] {processor.py:161} INFO - Started process (PID=8291) to work on /home/ubuntu/.local/lib/python3.10/site-packages/airflow/example_dags/example_short_circuit_decorator.py
[2024-01-30T15:45:57.940+0100] {processor.py:830} INFO - Processing file /home/ubuntu/.local/lib/python3.10/site-packages/airflow/example_dags/example_short_circuit_decorator.py for tasks to queue
[2024-01-30T15:45:57.943+0100] {logging_mixin.py:188} INFO - [2024-01-30T15:45:57.943+0100] {dagbag.py:538} INFO - Filling up the DagBag from /home/ubuntu/.local/lib/python3.10/site-packages/airflow/example_dags/example_short_circuit_decorator.py
[2024-01-30T15:45:57.960+0100] {processor.py:840} INFO - DAG(s) 'example_short_circuit_decorator' retrieved from /home/ubuntu/.local/lib/python3.10/site-packages/airflow/example_dags/example_short_circuit_decorator.py
[2024-01-30T15:45:57.985+0100] {logging_mixin.py:188} INFO - [2024-01-30T15:45:57.985+0100] {dag.py:3033} INFO - Sync 1 DAGs
[2024-01-30T15:45:58.011+0100] {logging_mixin.py:188} INFO - [2024-01-30T15:45:58.010+0100] {dag.py:3820} INFO - Setting next_dagrun for example_short_circuit_decorator to 2024-01-29T00:00:00+00:00, run_after=2024-01-30T00:00:00+00:00
[2024-01-30T15:45:58.057+0100] {processor.py:183} INFO - Processing /home/ubuntu/.local/lib/python3.10/site-packages/airflow/example_dags/example_short_circuit_decorator.py took 0.125 seconds
[2024-01-30T15:47:02.134+0100] {processor.py:161} INFO - Started process (PID=8358) to work on /home/ubuntu/.local/lib/python3.10/site-packages/airflow/example_dags/example_short_circuit_decorator.py
[2024-01-30T15:47:02.137+0100] {processor.py:830} INFO - Processing file /home/ubuntu/.local/lib/python3.10/site-packages/airflow/example_dags/example_short_circuit_decorator.py for tasks to queue
[2024-01-30T15:47:02.138+0100] {logging_mixin.py:188} INFO - [2024-01-30T15:47:02.138+0100] {dagbag.py:538} INFO - Filling up the DagBag from /home/ubuntu/.local/lib/python3.10/site-packages/airflow/example_dags/example_short_circuit_decorator.py
[2024-01-30T15:47:02.155+0100] {processor.py:840} INFO - DAG(s) 'example_short_circuit_decorator' retrieved from /home/ubuntu/.local/lib/python3.10/site-packages/airflow/example_dags/example_short_circuit_decorator.py
[2024-01-30T15:47:02.175+0100] {logging_mixin.py:188} INFO - [2024-01-30T15:47:02.175+0100] {dag.py:3033} INFO - Sync 1 DAGs
[2024-01-30T15:47:02.194+0100] {logging_mixin.py:188} INFO - [2024-01-30T15:47:02.194+0100] {dag.py:3820} INFO - Setting next_dagrun for example_short_circuit_decorator to 2024-01-29T00:00:00+00:00, run_after=2024-01-30T00:00:00+00:00
[2024-01-30T15:47:02.227+0100] {processor.py:183} INFO - Processing /home/ubuntu/.local/lib/python3.10/site-packages/airflow/example_dags/example_short_circuit_decorator.py took 0.096 seconds
[2024-01-30T15:48:27.026+0100] {processor.py:161} INFO - Started process (PID=8608) to work on /home/ubuntu/.local/lib/python3.10/site-packages/airflow/example_dags/example_short_circuit_decorator.py
[2024-01-30T15:48:27.062+0100] {processor.py:830} INFO - Processing file /home/ubuntu/.local/lib/python3.10/site-packages/airflow/example_dags/example_short_circuit_decorator.py for tasks to queue
[2024-01-30T15:48:27.063+0100] {logging_mixin.py:188} INFO - [2024-01-30T15:48:27.063+0100] {dagbag.py:538} INFO - Filling up the DagBag from /home/ubuntu/.local/lib/python3.10/site-packages/airflow/example_dags/example_short_circuit_decorator.py
[2024-01-30T15:48:27.157+0100] {processor.py:840} INFO - DAG(s) 'example_short_circuit_decorator' retrieved from /home/ubuntu/.local/lib/python3.10/site-packages/airflow/example_dags/example_short_circuit_decorator.py
[2024-01-30T15:48:27.340+0100] {logging_mixin.py:188} INFO - [2024-01-30T15:48:27.340+0100] {dag.py:3033} INFO - Sync 1 DAGs
[2024-01-30T15:48:27.477+0100] {logging_mixin.py:188} INFO - [2024-01-30T15:48:27.477+0100] {dag.py:3820} INFO - Setting next_dagrun for example_short_circuit_decorator to 2024-01-29T00:00:00+00:00, run_after=2024-01-30T00:00:00+00:00
[2024-01-30T15:48:28.040+0100] {processor.py:183} INFO - Processing /home/ubuntu/.local/lib/python3.10/site-packages/airflow/example_dags/example_short_circuit_decorator.py took 1.046 seconds
[2024-01-30T15:53:24.848+0100] {processor.py:161} INFO - Started process (PID=9652) to work on /home/ubuntu/.local/lib/python3.10/site-packages/airflow/example_dags/example_short_circuit_decorator.py
[2024-01-30T15:53:24.890+0100] {processor.py:830} INFO - Processing file /home/ubuntu/.local/lib/python3.10/site-packages/airflow/example_dags/example_short_circuit_decorator.py for tasks to queue
[2024-01-30T15:53:25.137+0100] {logging_mixin.py:188} INFO - [2024-01-30T15:53:24.946+0100] {dagbag.py:538} INFO - Filling up the DagBag from /home/ubuntu/.local/lib/python3.10/site-packages/airflow/example_dags/example_short_circuit_decorator.py
[2024-01-30T15:53:25.294+0100] {processor.py:840} INFO - DAG(s) 'example_short_circuit_decorator' retrieved from /home/ubuntu/.local/lib/python3.10/site-packages/airflow/example_dags/example_short_circuit_decorator.py
[2024-01-30T15:53:25.523+0100] {logging_mixin.py:188} INFO - [2024-01-30T15:53:25.523+0100] {dag.py:3033} INFO - Sync 1 DAGs
[2024-01-30T15:53:25.585+0100] {logging_mixin.py:188} INFO - [2024-01-30T15:53:25.585+0100] {dag.py:3820} INFO - Setting next_dagrun for example_short_circuit_decorator to 2024-01-29T00:00:00+00:00, run_after=2024-01-30T00:00:00+00:00
[2024-01-30T15:53:25.646+0100] {processor.py:183} INFO - Processing /home/ubuntu/.local/lib/python3.10/site-packages/airflow/example_dags/example_short_circuit_decorator.py took 0.994 seconds
[2024-01-30T15:56:03.960+0100] {processor.py:161} INFO - Started process (PID=9891) to work on /home/ubuntu/.local/lib/python3.10/site-packages/airflow/example_dags/example_short_circuit_decorator.py
[2024-01-30T15:56:03.966+0100] {processor.py:830} INFO - Processing file /home/ubuntu/.local/lib/python3.10/site-packages/airflow/example_dags/example_short_circuit_decorator.py for tasks to queue
[2024-01-30T15:56:03.970+0100] {logging_mixin.py:188} INFO - [2024-01-30T15:56:03.968+0100] {dagbag.py:538} INFO - Filling up the DagBag from /home/ubuntu/.local/lib/python3.10/site-packages/airflow/example_dags/example_short_circuit_decorator.py
[2024-01-30T15:56:04.041+0100] {processor.py:840} INFO - DAG(s) 'example_short_circuit_decorator' retrieved from /home/ubuntu/.local/lib/python3.10/site-packages/airflow/example_dags/example_short_circuit_decorator.py
[2024-01-30T15:56:04.174+0100] {logging_mixin.py:188} INFO - [2024-01-30T15:56:04.174+0100] {dag.py:3033} INFO - Sync 1 DAGs
[2024-01-30T15:56:04.234+0100] {logging_mixin.py:188} INFO - [2024-01-30T15:56:04.234+0100] {dag.py:3820} INFO - Setting next_dagrun for example_short_circuit_decorator to 2024-01-29T00:00:00+00:00, run_after=2024-01-30T00:00:00+00:00
[2024-01-30T15:56:04.291+0100] {processor.py:183} INFO - Processing /home/ubuntu/.local/lib/python3.10/site-packages/airflow/example_dags/example_short_circuit_decorator.py took 0.340 seconds
[2024-01-30T15:58:00.050+0100] {processor.py:161} INFO - Started process (PID=10014) to work on /home/ubuntu/.local/lib/python3.10/site-packages/airflow/example_dags/example_short_circuit_decorator.py
[2024-01-30T15:58:00.053+0100] {processor.py:830} INFO - Processing file /home/ubuntu/.local/lib/python3.10/site-packages/airflow/example_dags/example_short_circuit_decorator.py for tasks to queue
[2024-01-30T15:58:00.056+0100] {logging_mixin.py:188} INFO - [2024-01-30T15:58:00.055+0100] {dagbag.py:538} INFO - Filling up the DagBag from /home/ubuntu/.local/lib/python3.10/site-packages/airflow/example_dags/example_short_circuit_decorator.py
[2024-01-30T15:58:00.076+0100] {processor.py:840} INFO - DAG(s) 'example_short_circuit_decorator' retrieved from /home/ubuntu/.local/lib/python3.10/site-packages/airflow/example_dags/example_short_circuit_decorator.py
[2024-01-30T15:58:00.161+0100] {logging_mixin.py:188} INFO - [2024-01-30T15:58:00.160+0100] {dag.py:3033} INFO - Sync 1 DAGs
[2024-01-30T15:58:00.211+0100] {logging_mixin.py:188} INFO - [2024-01-30T15:58:00.211+0100] {dag.py:3820} INFO - Setting next_dagrun for example_short_circuit_decorator to 2024-01-29T00:00:00+00:00, run_after=2024-01-30T00:00:00+00:00
[2024-01-30T15:58:00.261+0100] {processor.py:183} INFO - Processing /home/ubuntu/.local/lib/python3.10/site-packages/airflow/example_dags/example_short_circuit_decorator.py took 0.217 seconds
[2024-01-30T15:59:47.747+0100] {processor.py:161} INFO - Started process (PID=10121) to work on /home/ubuntu/.local/lib/python3.10/site-packages/airflow/example_dags/example_short_circuit_decorator.py
[2024-01-30T15:59:47.766+0100] {processor.py:830} INFO - Processing file /home/ubuntu/.local/lib/python3.10/site-packages/airflow/example_dags/example_short_circuit_decorator.py for tasks to queue
[2024-01-30T15:59:47.769+0100] {logging_mixin.py:188} INFO - [2024-01-30T15:59:47.768+0100] {dagbag.py:538} INFO - Filling up the DagBag from /home/ubuntu/.local/lib/python3.10/site-packages/airflow/example_dags/example_short_circuit_decorator.py
[2024-01-30T15:59:47.820+0100] {processor.py:840} INFO - DAG(s) 'example_short_circuit_decorator' retrieved from /home/ubuntu/.local/lib/python3.10/site-packages/airflow/example_dags/example_short_circuit_decorator.py
[2024-01-30T15:59:47.906+0100] {logging_mixin.py:188} INFO - [2024-01-30T15:59:47.906+0100] {dag.py:3033} INFO - Sync 1 DAGs
[2024-01-30T15:59:47.986+0100] {logging_mixin.py:188} INFO - [2024-01-30T15:59:47.986+0100] {dag.py:3820} INFO - Setting next_dagrun for example_short_circuit_decorator to 2024-01-29T00:00:00+00:00, run_after=2024-01-30T00:00:00+00:00
[2024-01-30T15:59:48.165+0100] {processor.py:183} INFO - Processing /home/ubuntu/.local/lib/python3.10/site-packages/airflow/example_dags/example_short_circuit_decorator.py took 0.441 seconds
[2024-01-30T16:00:43.531+0100] {processor.py:161} INFO - Started process (PID=10179) to work on /home/ubuntu/.local/lib/python3.10/site-packages/airflow/example_dags/example_short_circuit_decorator.py
[2024-01-30T16:00:43.534+0100] {processor.py:830} INFO - Processing file /home/ubuntu/.local/lib/python3.10/site-packages/airflow/example_dags/example_short_circuit_decorator.py for tasks to queue
[2024-01-30T16:00:43.537+0100] {logging_mixin.py:188} INFO - [2024-01-30T16:00:43.535+0100] {dagbag.py:538} INFO - Filling up the DagBag from /home/ubuntu/.local/lib/python3.10/site-packages/airflow/example_dags/example_short_circuit_decorator.py
[2024-01-30T16:00:43.551+0100] {processor.py:840} INFO - DAG(s) 'example_short_circuit_decorator' retrieved from /home/ubuntu/.local/lib/python3.10/site-packages/airflow/example_dags/example_short_circuit_decorator.py
[2024-01-30T16:00:43.572+0100] {logging_mixin.py:188} INFO - [2024-01-30T16:00:43.571+0100] {dag.py:3033} INFO - Sync 1 DAGs
[2024-01-30T16:00:43.592+0100] {logging_mixin.py:188} INFO - [2024-01-30T16:00:43.592+0100] {dag.py:3820} INFO - Setting next_dagrun for example_short_circuit_decorator to 2024-01-29T00:00:00+00:00, run_after=2024-01-30T00:00:00+00:00
[2024-01-30T16:00:43.625+0100] {processor.py:183} INFO - Processing /home/ubuntu/.local/lib/python3.10/site-packages/airflow/example_dags/example_short_circuit_decorator.py took 0.100 seconds
[2024-01-30T16:01:38.855+0100] {processor.py:161} INFO - Started process (PID=10235) to work on /home/ubuntu/.local/lib/python3.10/site-packages/airflow/example_dags/example_short_circuit_decorator.py
[2024-01-30T16:01:38.857+0100] {processor.py:830} INFO - Processing file /home/ubuntu/.local/lib/python3.10/site-packages/airflow/example_dags/example_short_circuit_decorator.py for tasks to queue
[2024-01-30T16:01:38.859+0100] {logging_mixin.py:188} INFO - [2024-01-30T16:01:38.858+0100] {dagbag.py:538} INFO - Filling up the DagBag from /home/ubuntu/.local/lib/python3.10/site-packages/airflow/example_dags/example_short_circuit_decorator.py
[2024-01-30T16:01:38.871+0100] {processor.py:840} INFO - DAG(s) 'example_short_circuit_decorator' retrieved from /home/ubuntu/.local/lib/python3.10/site-packages/airflow/example_dags/example_short_circuit_decorator.py
[2024-01-30T16:01:38.896+0100] {logging_mixin.py:188} INFO - [2024-01-30T16:01:38.895+0100] {dag.py:3033} INFO - Sync 1 DAGs
[2024-01-30T16:01:38.919+0100] {logging_mixin.py:188} INFO - [2024-01-30T16:01:38.919+0100] {dag.py:3820} INFO - Setting next_dagrun for example_short_circuit_decorator to 2024-01-29T00:00:00+00:00, run_after=2024-01-30T00:00:00+00:00
[2024-01-30T16:01:38.960+0100] {processor.py:183} INFO - Processing /home/ubuntu/.local/lib/python3.10/site-packages/airflow/example_dags/example_short_circuit_decorator.py took 0.108 seconds
[2024-01-30T16:03:09.851+0100] {processor.py:161} INFO - Started process (PID=10330) to work on /home/ubuntu/.local/lib/python3.10/site-packages/airflow/example_dags/example_short_circuit_decorator.py
[2024-01-30T16:03:09.865+0100] {processor.py:830} INFO - Processing file /home/ubuntu/.local/lib/python3.10/site-packages/airflow/example_dags/example_short_circuit_decorator.py for tasks to queue
[2024-01-30T16:03:09.866+0100] {logging_mixin.py:188} INFO - [2024-01-30T16:03:09.866+0100] {dagbag.py:538} INFO - Filling up the DagBag from /home/ubuntu/.local/lib/python3.10/site-packages/airflow/example_dags/example_short_circuit_decorator.py
[2024-01-30T16:03:09.878+0100] {processor.py:840} INFO - DAG(s) 'example_short_circuit_decorator' retrieved from /home/ubuntu/.local/lib/python3.10/site-packages/airflow/example_dags/example_short_circuit_decorator.py
[2024-01-30T16:03:09.900+0100] {logging_mixin.py:188} INFO - [2024-01-30T16:03:09.900+0100] {dag.py:3033} INFO - Sync 1 DAGs
[2024-01-30T16:03:09.926+0100] {logging_mixin.py:188} INFO - [2024-01-30T16:03:09.925+0100] {dag.py:3820} INFO - Setting next_dagrun for example_short_circuit_decorator to 2024-01-29T00:00:00+00:00, run_after=2024-01-30T00:00:00+00:00
[2024-01-30T16:03:09.961+0100] {processor.py:183} INFO - Processing /home/ubuntu/.local/lib/python3.10/site-packages/airflow/example_dags/example_short_circuit_decorator.py took 0.115 seconds
[2024-01-30T16:04:44.573+0100] {processor.py:161} INFO - Started process (PID=10430) to work on /home/ubuntu/.local/lib/python3.10/site-packages/airflow/example_dags/example_short_circuit_decorator.py
[2024-01-30T16:04:44.586+0100] {processor.py:830} INFO - Processing file /home/ubuntu/.local/lib/python3.10/site-packages/airflow/example_dags/example_short_circuit_decorator.py for tasks to queue
[2024-01-30T16:04:44.587+0100] {logging_mixin.py:188} INFO - [2024-01-30T16:04:44.587+0100] {dagbag.py:538} INFO - Filling up the DagBag from /home/ubuntu/.local/lib/python3.10/site-packages/airflow/example_dags/example_short_circuit_decorator.py
[2024-01-30T16:04:44.603+0100] {processor.py:840} INFO - DAG(s) 'example_short_circuit_decorator' retrieved from /home/ubuntu/.local/lib/python3.10/site-packages/airflow/example_dags/example_short_circuit_decorator.py
[2024-01-30T16:04:44.636+0100] {logging_mixin.py:188} INFO - [2024-01-30T16:04:44.636+0100] {dag.py:3033} INFO - Sync 1 DAGs
[2024-01-30T16:04:44.673+0100] {logging_mixin.py:188} INFO - [2024-01-30T16:04:44.672+0100] {dag.py:3820} INFO - Setting next_dagrun for example_short_circuit_decorator to 2024-01-29T00:00:00+00:00, run_after=2024-01-30T00:00:00+00:00
[2024-01-30T16:04:44.776+0100] {processor.py:183} INFO - Processing /home/ubuntu/.local/lib/python3.10/site-packages/airflow/example_dags/example_short_circuit_decorator.py took 0.209 seconds
[2024-01-30T16:06:30.095+0100] {processor.py:161} INFO - Started process (PID=10516) to work on /home/ubuntu/.local/lib/python3.10/site-packages/airflow/example_dags/example_short_circuit_decorator.py
[2024-01-30T16:06:30.098+0100] {processor.py:830} INFO - Processing file /home/ubuntu/.local/lib/python3.10/site-packages/airflow/example_dags/example_short_circuit_decorator.py for tasks to queue
[2024-01-30T16:06:30.100+0100] {logging_mixin.py:188} INFO - [2024-01-30T16:06:30.099+0100] {dagbag.py:538} INFO - Filling up the DagBag from /home/ubuntu/.local/lib/python3.10/site-packages/airflow/example_dags/example_short_circuit_decorator.py
[2024-01-30T16:06:30.120+0100] {processor.py:840} INFO - DAG(s) 'example_short_circuit_decorator' retrieved from /home/ubuntu/.local/lib/python3.10/site-packages/airflow/example_dags/example_short_circuit_decorator.py
[2024-01-30T16:06:30.173+0100] {logging_mixin.py:188} INFO - [2024-01-30T16:06:30.172+0100] {dag.py:3033} INFO - Sync 1 DAGs
[2024-01-30T16:06:30.234+0100] {logging_mixin.py:188} INFO - [2024-01-30T16:06:30.234+0100] {dag.py:3820} INFO - Setting next_dagrun for example_short_circuit_decorator to 2024-01-29T00:00:00+00:00, run_after=2024-01-30T00:00:00+00:00
[2024-01-30T16:06:30.478+0100] {processor.py:183} INFO - Processing /home/ubuntu/.local/lib/python3.10/site-packages/airflow/example_dags/example_short_circuit_decorator.py took 0.388 seconds
