[2024-01-30T15:30:05.610+0100] {processor.py:161} INFO - Started process (PID=6606) to work on /home/ubuntu/.local/lib/python3.10/site-packages/airflow/example_dags/example_short_circuit_operator.py
[2024-01-30T15:30:05.613+0100] {processor.py:830} INFO - Processing file /home/ubuntu/.local/lib/python3.10/site-packages/airflow/example_dags/example_short_circuit_operator.py for tasks to queue
[2024-01-30T15:30:05.616+0100] {logging_mixin.py:188} INFO - [2024-01-30T15:30:05.615+0100] {dagbag.py:538} INFO - Filling up the DagBag from /home/ubuntu/.local/lib/python3.10/site-packages/airflow/example_dags/example_short_circuit_operator.py
[2024-01-30T15:30:05.627+0100] {processor.py:840} INFO - DAG(s) 'example_short_circuit_operator' retrieved from /home/ubuntu/.local/lib/python3.10/site-packages/airflow/example_dags/example_short_circuit_operator.py
[2024-01-30T15:30:06.016+0100] {logging_mixin.py:188} INFO - [2024-01-30T15:30:06.015+0100] {dag.py:3033} INFO - Sync 1 DAGs
[2024-01-30T15:30:06.037+0100] {logging_mixin.py:188} INFO - [2024-01-30T15:30:06.037+0100] {dag.py:3820} INFO - Setting next_dagrun for example_short_circuit_operator to 2024-01-29T00:00:00+00:00, run_after=2024-01-30T00:00:00+00:00
[2024-01-30T15:30:06.081+0100] {processor.py:183} INFO - Processing /home/ubuntu/.local/lib/python3.10/site-packages/airflow/example_dags/example_short_circuit_operator.py took 0.475 seconds
[2024-01-30T15:31:07.299+0100] {processor.py:161} INFO - Started process (PID=6665) to work on /home/ubuntu/.local/lib/python3.10/site-packages/airflow/example_dags/example_short_circuit_operator.py
[2024-01-30T15:31:07.302+0100] {processor.py:830} INFO - Processing file /home/ubuntu/.local/lib/python3.10/site-packages/airflow/example_dags/example_short_circuit_operator.py for tasks to queue
[2024-01-30T15:31:07.303+0100] {logging_mixin.py:188} INFO - [2024-01-30T15:31:07.302+0100] {dagbag.py:538} INFO - Filling up the DagBag from /home/ubuntu/.local/lib/python3.10/site-packages/airflow/example_dags/example_short_circuit_operator.py
[2024-01-30T15:31:07.313+0100] {processor.py:840} INFO - DAG(s) 'example_short_circuit_operator' retrieved from /home/ubuntu/.local/lib/python3.10/site-packages/airflow/example_dags/example_short_circuit_operator.py
[2024-01-30T15:31:07.333+0100] {logging_mixin.py:188} INFO - [2024-01-30T15:31:07.333+0100] {dag.py:3033} INFO - Sync 1 DAGs
[2024-01-30T15:31:07.355+0100] {logging_mixin.py:188} INFO - [2024-01-30T15:31:07.355+0100] {dag.py:3820} INFO - Setting next_dagrun for example_short_circuit_operator to 2024-01-29T00:00:00+00:00, run_after=2024-01-30T00:00:00+00:00
[2024-01-30T15:31:07.387+0100] {processor.py:183} INFO - Processing /home/ubuntu/.local/lib/python3.10/site-packages/airflow/example_dags/example_short_circuit_operator.py took 0.091 seconds
[2024-01-30T15:31:59.793+0100] {processor.py:161} INFO - Started process (PID=6722) to work on /home/ubuntu/.local/lib/python3.10/site-packages/airflow/example_dags/example_short_circuit_operator.py
[2024-01-30T15:31:59.796+0100] {processor.py:830} INFO - Processing file /home/ubuntu/.local/lib/python3.10/site-packages/airflow/example_dags/example_short_circuit_operator.py for tasks to queue
[2024-01-30T15:31:59.798+0100] {logging_mixin.py:188} INFO - [2024-01-30T15:31:59.797+0100] {dagbag.py:538} INFO - Filling up the DagBag from /home/ubuntu/.local/lib/python3.10/site-packages/airflow/example_dags/example_short_circuit_operator.py
[2024-01-30T15:31:59.806+0100] {processor.py:840} INFO - DAG(s) 'example_short_circuit_operator' retrieved from /home/ubuntu/.local/lib/python3.10/site-packages/airflow/example_dags/example_short_circuit_operator.py
[2024-01-30T15:31:59.823+0100] {logging_mixin.py:188} INFO - [2024-01-30T15:31:59.823+0100] {dag.py:3033} INFO - Sync 1 DAGs
[2024-01-30T15:31:59.844+0100] {logging_mixin.py:188} INFO - [2024-01-30T15:31:59.844+0100] {dag.py:3820} INFO - Setting next_dagrun for example_short_circuit_operator to 2024-01-29T00:00:00+00:00, run_after=2024-01-30T00:00:00+00:00
[2024-01-30T15:31:59.895+0100] {processor.py:183} INFO - Processing /home/ubuntu/.local/lib/python3.10/site-packages/airflow/example_dags/example_short_circuit_operator.py took 0.105 seconds
[2024-01-30T15:33:06.301+0100] {processor.py:161} INFO - Started process (PID=6790) to work on /home/ubuntu/.local/lib/python3.10/site-packages/airflow/example_dags/example_short_circuit_operator.py
[2024-01-30T15:33:06.304+0100] {processor.py:830} INFO - Processing file /home/ubuntu/.local/lib/python3.10/site-packages/airflow/example_dags/example_short_circuit_operator.py for tasks to queue
[2024-01-30T15:33:06.305+0100] {logging_mixin.py:188} INFO - [2024-01-30T15:33:06.304+0100] {dagbag.py:538} INFO - Filling up the DagBag from /home/ubuntu/.local/lib/python3.10/site-packages/airflow/example_dags/example_short_circuit_operator.py
[2024-01-30T15:33:06.316+0100] {processor.py:840} INFO - DAG(s) 'example_short_circuit_operator' retrieved from /home/ubuntu/.local/lib/python3.10/site-packages/airflow/example_dags/example_short_circuit_operator.py
[2024-01-30T15:33:06.339+0100] {logging_mixin.py:188} INFO - [2024-01-30T15:33:06.339+0100] {dag.py:3033} INFO - Sync 1 DAGs
[2024-01-30T15:33:06.362+0100] {logging_mixin.py:188} INFO - [2024-01-30T15:33:06.361+0100] {dag.py:3820} INFO - Setting next_dagrun for example_short_circuit_operator to 2024-01-29T00:00:00+00:00, run_after=2024-01-30T00:00:00+00:00
[2024-01-30T15:33:06.394+0100] {processor.py:183} INFO - Processing /home/ubuntu/.local/lib/python3.10/site-packages/airflow/example_dags/example_short_circuit_operator.py took 0.097 seconds
[2024-01-30T15:34:10.462+0100] {processor.py:161} INFO - Started process (PID=6851) to work on /home/ubuntu/.local/lib/python3.10/site-packages/airflow/example_dags/example_short_circuit_operator.py
[2024-01-30T15:34:10.477+0100] {processor.py:830} INFO - Processing file /home/ubuntu/.local/lib/python3.10/site-packages/airflow/example_dags/example_short_circuit_operator.py for tasks to queue
[2024-01-30T15:34:10.493+0100] {logging_mixin.py:188} INFO - [2024-01-30T15:34:10.492+0100] {dagbag.py:538} INFO - Filling up the DagBag from /home/ubuntu/.local/lib/python3.10/site-packages/airflow/example_dags/example_short_circuit_operator.py
[2024-01-30T15:34:10.533+0100] {processor.py:840} INFO - DAG(s) 'example_short_circuit_operator' retrieved from /home/ubuntu/.local/lib/python3.10/site-packages/airflow/example_dags/example_short_circuit_operator.py
[2024-01-30T15:34:10.594+0100] {logging_mixin.py:188} INFO - [2024-01-30T15:34:10.593+0100] {dag.py:3033} INFO - Sync 1 DAGs
[2024-01-30T15:34:10.619+0100] {logging_mixin.py:188} INFO - [2024-01-30T15:34:10.619+0100] {dag.py:3820} INFO - Setting next_dagrun for example_short_circuit_operator to 2024-01-29T00:00:00+00:00, run_after=2024-01-30T00:00:00+00:00
[2024-01-30T15:34:10.656+0100] {processor.py:183} INFO - Processing /home/ubuntu/.local/lib/python3.10/site-packages/airflow/example_dags/example_short_circuit_operator.py took 0.200 seconds
[2024-01-30T15:35:04.862+0100] {processor.py:161} INFO - Started process (PID=6911) to work on /home/ubuntu/.local/lib/python3.10/site-packages/airflow/example_dags/example_short_circuit_operator.py
[2024-01-30T15:35:04.864+0100] {processor.py:830} INFO - Processing file /home/ubuntu/.local/lib/python3.10/site-packages/airflow/example_dags/example_short_circuit_operator.py for tasks to queue
[2024-01-30T15:35:04.866+0100] {logging_mixin.py:188} INFO - [2024-01-30T15:35:04.865+0100] {dagbag.py:538} INFO - Filling up the DagBag from /home/ubuntu/.local/lib/python3.10/site-packages/airflow/example_dags/example_short_circuit_operator.py
[2024-01-30T15:35:04.874+0100] {processor.py:840} INFO - DAG(s) 'example_short_circuit_operator' retrieved from /home/ubuntu/.local/lib/python3.10/site-packages/airflow/example_dags/example_short_circuit_operator.py
[2024-01-30T15:35:04.894+0100] {logging_mixin.py:188} INFO - [2024-01-30T15:35:04.894+0100] {dag.py:3033} INFO - Sync 1 DAGs
[2024-01-30T15:35:04.919+0100] {logging_mixin.py:188} INFO - [2024-01-30T15:35:04.919+0100] {dag.py:3820} INFO - Setting next_dagrun for example_short_circuit_operator to 2024-01-29T00:00:00+00:00, run_after=2024-01-30T00:00:00+00:00
[2024-01-30T15:35:04.975+0100] {processor.py:183} INFO - Processing /home/ubuntu/.local/lib/python3.10/site-packages/airflow/example_dags/example_short_circuit_operator.py took 0.116 seconds
[2024-01-30T15:35:54.150+0100] {processor.py:161} INFO - Started process (PID=6964) to work on /home/ubuntu/.local/lib/python3.10/site-packages/airflow/example_dags/example_short_circuit_operator.py
[2024-01-30T15:35:54.153+0100] {processor.py:830} INFO - Processing file /home/ubuntu/.local/lib/python3.10/site-packages/airflow/example_dags/example_short_circuit_operator.py for tasks to queue
[2024-01-30T15:35:54.154+0100] {logging_mixin.py:188} INFO - [2024-01-30T15:35:54.154+0100] {dagbag.py:538} INFO - Filling up the DagBag from /home/ubuntu/.local/lib/python3.10/site-packages/airflow/example_dags/example_short_circuit_operator.py
[2024-01-30T15:35:54.168+0100] {processor.py:840} INFO - DAG(s) 'example_short_circuit_operator' retrieved from /home/ubuntu/.local/lib/python3.10/site-packages/airflow/example_dags/example_short_circuit_operator.py
[2024-01-30T15:35:54.191+0100] {logging_mixin.py:188} INFO - [2024-01-30T15:35:54.191+0100] {dag.py:3033} INFO - Sync 1 DAGs
[2024-01-30T15:35:54.216+0100] {logging_mixin.py:188} INFO - [2024-01-30T15:35:54.215+0100] {dag.py:3820} INFO - Setting next_dagrun for example_short_circuit_operator to 2024-01-29T00:00:00+00:00, run_after=2024-01-30T00:00:00+00:00
[2024-01-30T15:35:54.247+0100] {processor.py:183} INFO - Processing /home/ubuntu/.local/lib/python3.10/site-packages/airflow/example_dags/example_short_circuit_operator.py took 0.103 seconds
[2024-01-30T15:36:44.262+0100] {processor.py:161} INFO - Started process (PID=7015) to work on /home/ubuntu/.local/lib/python3.10/site-packages/airflow/example_dags/example_short_circuit_operator.py
[2024-01-30T15:36:44.265+0100] {processor.py:830} INFO - Processing file /home/ubuntu/.local/lib/python3.10/site-packages/airflow/example_dags/example_short_circuit_operator.py for tasks to queue
[2024-01-30T15:36:44.266+0100] {logging_mixin.py:188} INFO - [2024-01-30T15:36:44.266+0100] {dagbag.py:538} INFO - Filling up the DagBag from /home/ubuntu/.local/lib/python3.10/site-packages/airflow/example_dags/example_short_circuit_operator.py
[2024-01-30T15:36:44.281+0100] {processor.py:840} INFO - DAG(s) 'example_short_circuit_operator' retrieved from /home/ubuntu/.local/lib/python3.10/site-packages/airflow/example_dags/example_short_circuit_operator.py
[2024-01-30T15:36:44.308+0100] {logging_mixin.py:188} INFO - [2024-01-30T15:36:44.307+0100] {dag.py:3033} INFO - Sync 1 DAGs
[2024-01-30T15:36:44.328+0100] {logging_mixin.py:188} INFO - [2024-01-30T15:36:44.328+0100] {dag.py:3820} INFO - Setting next_dagrun for example_short_circuit_operator to 2024-01-29T00:00:00+00:00, run_after=2024-01-30T00:00:00+00:00
[2024-01-30T15:36:44.359+0100] {processor.py:183} INFO - Processing /home/ubuntu/.local/lib/python3.10/site-packages/airflow/example_dags/example_short_circuit_operator.py took 0.102 seconds
[2024-01-30T15:37:38.923+0100] {processor.py:161} INFO - Started process (PID=7073) to work on /home/ubuntu/.local/lib/python3.10/site-packages/airflow/example_dags/example_short_circuit_operator.py
[2024-01-30T15:37:38.926+0100] {processor.py:830} INFO - Processing file /home/ubuntu/.local/lib/python3.10/site-packages/airflow/example_dags/example_short_circuit_operator.py for tasks to queue
[2024-01-30T15:37:38.928+0100] {logging_mixin.py:188} INFO - [2024-01-30T15:37:38.927+0100] {dagbag.py:538} INFO - Filling up the DagBag from /home/ubuntu/.local/lib/python3.10/site-packages/airflow/example_dags/example_short_circuit_operator.py
[2024-01-30T15:37:38.938+0100] {processor.py:840} INFO - DAG(s) 'example_short_circuit_operator' retrieved from /home/ubuntu/.local/lib/python3.10/site-packages/airflow/example_dags/example_short_circuit_operator.py
[2024-01-30T15:37:38.961+0100] {logging_mixin.py:188} INFO - [2024-01-30T15:37:38.961+0100] {dag.py:3033} INFO - Sync 1 DAGs
[2024-01-30T15:37:38.985+0100] {logging_mixin.py:188} INFO - [2024-01-30T15:37:38.985+0100] {dag.py:3820} INFO - Setting next_dagrun for example_short_circuit_operator to 2024-01-29T00:00:00+00:00, run_after=2024-01-30T00:00:00+00:00
[2024-01-30T15:37:39.016+0100] {processor.py:183} INFO - Processing /home/ubuntu/.local/lib/python3.10/site-packages/airflow/example_dags/example_short_circuit_operator.py took 0.096 seconds
[2024-01-30T15:38:29.518+0100] {processor.py:161} INFO - Started process (PID=7133) to work on /home/ubuntu/.local/lib/python3.10/site-packages/airflow/example_dags/example_short_circuit_operator.py
[2024-01-30T15:38:29.521+0100] {processor.py:830} INFO - Processing file /home/ubuntu/.local/lib/python3.10/site-packages/airflow/example_dags/example_short_circuit_operator.py for tasks to queue
[2024-01-30T15:38:29.523+0100] {logging_mixin.py:188} INFO - [2024-01-30T15:38:29.522+0100] {dagbag.py:538} INFO - Filling up the DagBag from /home/ubuntu/.local/lib/python3.10/site-packages/airflow/example_dags/example_short_circuit_operator.py
[2024-01-30T15:38:29.533+0100] {processor.py:840} INFO - DAG(s) 'example_short_circuit_operator' retrieved from /home/ubuntu/.local/lib/python3.10/site-packages/airflow/example_dags/example_short_circuit_operator.py
[2024-01-30T15:38:29.553+0100] {logging_mixin.py:188} INFO - [2024-01-30T15:38:29.552+0100] {dag.py:3033} INFO - Sync 1 DAGs
[2024-01-30T15:38:29.581+0100] {logging_mixin.py:188} INFO - [2024-01-30T15:38:29.581+0100] {dag.py:3820} INFO - Setting next_dagrun for example_short_circuit_operator to 2024-01-29T00:00:00+00:00, run_after=2024-01-30T00:00:00+00:00
[2024-01-30T15:38:29.616+0100] {processor.py:183} INFO - Processing /home/ubuntu/.local/lib/python3.10/site-packages/airflow/example_dags/example_short_circuit_operator.py took 0.102 seconds
[2024-01-30T15:39:31.693+0100] {processor.py:161} INFO - Started process (PID=7275) to work on /home/ubuntu/.local/lib/python3.10/site-packages/airflow/example_dags/example_short_circuit_operator.py
[2024-01-30T15:39:31.697+0100] {processor.py:830} INFO - Processing file /home/ubuntu/.local/lib/python3.10/site-packages/airflow/example_dags/example_short_circuit_operator.py for tasks to queue
[2024-01-30T15:39:31.700+0100] {logging_mixin.py:188} INFO - [2024-01-30T15:39:31.698+0100] {dagbag.py:538} INFO - Filling up the DagBag from /home/ubuntu/.local/lib/python3.10/site-packages/airflow/example_dags/example_short_circuit_operator.py
[2024-01-30T15:39:31.710+0100] {processor.py:840} INFO - DAG(s) 'example_short_circuit_operator' retrieved from /home/ubuntu/.local/lib/python3.10/site-packages/airflow/example_dags/example_short_circuit_operator.py
[2024-01-30T15:39:31.737+0100] {logging_mixin.py:188} INFO - [2024-01-30T15:39:31.736+0100] {dag.py:3033} INFO - Sync 1 DAGs
[2024-01-30T15:39:31.759+0100] {logging_mixin.py:188} INFO - [2024-01-30T15:39:31.759+0100] {dag.py:3820} INFO - Setting next_dagrun for example_short_circuit_operator to 2024-01-29T00:00:00+00:00, run_after=2024-01-30T00:00:00+00:00
[2024-01-30T15:39:31.793+0100] {processor.py:183} INFO - Processing /home/ubuntu/.local/lib/python3.10/site-packages/airflow/example_dags/example_short_circuit_operator.py took 0.104 seconds
[2024-01-30T15:40:28.476+0100] {processor.py:161} INFO - Started process (PID=7333) to work on /home/ubuntu/.local/lib/python3.10/site-packages/airflow/example_dags/example_short_circuit_operator.py
[2024-01-30T15:40:28.482+0100] {processor.py:830} INFO - Processing file /home/ubuntu/.local/lib/python3.10/site-packages/airflow/example_dags/example_short_circuit_operator.py for tasks to queue
[2024-01-30T15:40:28.484+0100] {logging_mixin.py:188} INFO - [2024-01-30T15:40:28.483+0100] {dagbag.py:538} INFO - Filling up the DagBag from /home/ubuntu/.local/lib/python3.10/site-packages/airflow/example_dags/example_short_circuit_operator.py
[2024-01-30T15:40:28.499+0100] {processor.py:840} INFO - DAG(s) 'example_short_circuit_operator' retrieved from /home/ubuntu/.local/lib/python3.10/site-packages/airflow/example_dags/example_short_circuit_operator.py
[2024-01-30T15:40:28.540+0100] {logging_mixin.py:188} INFO - [2024-01-30T15:40:28.539+0100] {dag.py:3033} INFO - Sync 1 DAGs
[2024-01-30T15:40:28.583+0100] {logging_mixin.py:188} INFO - [2024-01-30T15:40:28.582+0100] {dag.py:3820} INFO - Setting next_dagrun for example_short_circuit_operator to 2024-01-29T00:00:00+00:00, run_after=2024-01-30T00:00:00+00:00
[2024-01-30T15:40:28.718+0100] {processor.py:183} INFO - Processing /home/ubuntu/.local/lib/python3.10/site-packages/airflow/example_dags/example_short_circuit_operator.py took 0.250 seconds
[2024-01-30T15:41:36.379+0100] {processor.py:161} INFO - Started process (PID=7399) to work on /home/ubuntu/.local/lib/python3.10/site-packages/airflow/example_dags/example_short_circuit_operator.py
[2024-01-30T15:41:36.381+0100] {processor.py:830} INFO - Processing file /home/ubuntu/.local/lib/python3.10/site-packages/airflow/example_dags/example_short_circuit_operator.py for tasks to queue
[2024-01-30T15:41:36.383+0100] {logging_mixin.py:188} INFO - [2024-01-30T15:41:36.382+0100] {dagbag.py:538} INFO - Filling up the DagBag from /home/ubuntu/.local/lib/python3.10/site-packages/airflow/example_dags/example_short_circuit_operator.py
[2024-01-30T15:41:36.395+0100] {processor.py:840} INFO - DAG(s) 'example_short_circuit_operator' retrieved from /home/ubuntu/.local/lib/python3.10/site-packages/airflow/example_dags/example_short_circuit_operator.py
[2024-01-30T15:41:36.421+0100] {logging_mixin.py:188} INFO - [2024-01-30T15:41:36.420+0100] {dag.py:3033} INFO - Sync 1 DAGs
[2024-01-30T15:41:36.456+0100] {logging_mixin.py:188} INFO - [2024-01-30T15:41:36.455+0100] {dag.py:3820} INFO - Setting next_dagrun for example_short_circuit_operator to 2024-01-29T00:00:00+00:00, run_after=2024-01-30T00:00:00+00:00
[2024-01-30T15:41:36.497+0100] {processor.py:183} INFO - Processing /home/ubuntu/.local/lib/python3.10/site-packages/airflow/example_dags/example_short_circuit_operator.py took 0.122 seconds
[2024-01-30T15:42:40.098+0100] {processor.py:161} INFO - Started process (PID=7600) to work on /home/ubuntu/.local/lib/python3.10/site-packages/airflow/example_dags/example_short_circuit_operator.py
[2024-01-30T15:42:40.102+0100] {processor.py:830} INFO - Processing file /home/ubuntu/.local/lib/python3.10/site-packages/airflow/example_dags/example_short_circuit_operator.py for tasks to queue
[2024-01-30T15:42:40.103+0100] {logging_mixin.py:188} INFO - [2024-01-30T15:42:40.103+0100] {dagbag.py:538} INFO - Filling up the DagBag from /home/ubuntu/.local/lib/python3.10/site-packages/airflow/example_dags/example_short_circuit_operator.py
[2024-01-30T15:42:40.121+0100] {processor.py:840} INFO - DAG(s) 'example_short_circuit_operator' retrieved from /home/ubuntu/.local/lib/python3.10/site-packages/airflow/example_dags/example_short_circuit_operator.py
[2024-01-30T15:42:40.152+0100] {logging_mixin.py:188} INFO - [2024-01-30T15:42:40.152+0100] {dag.py:3033} INFO - Sync 1 DAGs
[2024-01-30T15:42:40.182+0100] {logging_mixin.py:188} INFO - [2024-01-30T15:42:40.181+0100] {dag.py:3820} INFO - Setting next_dagrun for example_short_circuit_operator to 2024-01-29T00:00:00+00:00, run_after=2024-01-30T00:00:00+00:00
[2024-01-30T15:42:40.213+0100] {processor.py:183} INFO - Processing /home/ubuntu/.local/lib/python3.10/site-packages/airflow/example_dags/example_short_circuit_operator.py took 0.122 seconds
[2024-01-30T15:43:36.625+0100] {processor.py:161} INFO - Started process (PID=7857) to work on /home/ubuntu/.local/lib/python3.10/site-packages/airflow/example_dags/example_short_circuit_operator.py
[2024-01-30T15:43:36.627+0100] {processor.py:830} INFO - Processing file /home/ubuntu/.local/lib/python3.10/site-packages/airflow/example_dags/example_short_circuit_operator.py for tasks to queue
[2024-01-30T15:43:36.629+0100] {logging_mixin.py:188} INFO - [2024-01-30T15:43:36.629+0100] {dagbag.py:538} INFO - Filling up the DagBag from /home/ubuntu/.local/lib/python3.10/site-packages/airflow/example_dags/example_short_circuit_operator.py
[2024-01-30T15:43:36.638+0100] {processor.py:840} INFO - DAG(s) 'example_short_circuit_operator' retrieved from /home/ubuntu/.local/lib/python3.10/site-packages/airflow/example_dags/example_short_circuit_operator.py
[2024-01-30T15:43:36.662+0100] {logging_mixin.py:188} INFO - [2024-01-30T15:43:36.662+0100] {dag.py:3033} INFO - Sync 1 DAGs
[2024-01-30T15:43:36.684+0100] {logging_mixin.py:188} INFO - [2024-01-30T15:43:36.684+0100] {dag.py:3820} INFO - Setting next_dagrun for example_short_circuit_operator to 2024-01-29T00:00:00+00:00, run_after=2024-01-30T00:00:00+00:00
[2024-01-30T15:43:36.718+0100] {processor.py:183} INFO - Processing /home/ubuntu/.local/lib/python3.10/site-packages/airflow/example_dags/example_short_circuit_operator.py took 0.098 seconds
[2024-01-30T15:44:43.355+0100] {processor.py:161} INFO - Started process (PID=8166) to work on /home/ubuntu/.local/lib/python3.10/site-packages/airflow/example_dags/example_short_circuit_operator.py
[2024-01-30T15:44:43.358+0100] {processor.py:830} INFO - Processing file /home/ubuntu/.local/lib/python3.10/site-packages/airflow/example_dags/example_short_circuit_operator.py for tasks to queue
[2024-01-30T15:44:43.359+0100] {logging_mixin.py:188} INFO - [2024-01-30T15:44:43.359+0100] {dagbag.py:538} INFO - Filling up the DagBag from /home/ubuntu/.local/lib/python3.10/site-packages/airflow/example_dags/example_short_circuit_operator.py
[2024-01-30T15:44:43.370+0100] {processor.py:840} INFO - DAG(s) 'example_short_circuit_operator' retrieved from /home/ubuntu/.local/lib/python3.10/site-packages/airflow/example_dags/example_short_circuit_operator.py
[2024-01-30T15:44:43.393+0100] {logging_mixin.py:188} INFO - [2024-01-30T15:44:43.393+0100] {dag.py:3033} INFO - Sync 1 DAGs
[2024-01-30T15:44:43.418+0100] {logging_mixin.py:188} INFO - [2024-01-30T15:44:43.418+0100] {dag.py:3820} INFO - Setting next_dagrun for example_short_circuit_operator to 2024-01-29T00:00:00+00:00, run_after=2024-01-30T00:00:00+00:00
[2024-01-30T15:44:43.459+0100] {processor.py:183} INFO - Processing /home/ubuntu/.local/lib/python3.10/site-packages/airflow/example_dags/example_short_circuit_operator.py took 0.133 seconds
[2024-01-30T15:45:36.142+0100] {processor.py:161} INFO - Started process (PID=8269) to work on /home/ubuntu/.local/lib/python3.10/site-packages/airflow/example_dags/example_short_circuit_operator.py
[2024-01-30T15:45:36.145+0100] {processor.py:830} INFO - Processing file /home/ubuntu/.local/lib/python3.10/site-packages/airflow/example_dags/example_short_circuit_operator.py for tasks to queue
[2024-01-30T15:45:36.147+0100] {logging_mixin.py:188} INFO - [2024-01-30T15:45:36.146+0100] {dagbag.py:538} INFO - Filling up the DagBag from /home/ubuntu/.local/lib/python3.10/site-packages/airflow/example_dags/example_short_circuit_operator.py
[2024-01-30T15:45:36.162+0100] {processor.py:840} INFO - DAG(s) 'example_short_circuit_operator' retrieved from /home/ubuntu/.local/lib/python3.10/site-packages/airflow/example_dags/example_short_circuit_operator.py
[2024-01-30T15:45:36.190+0100] {logging_mixin.py:188} INFO - [2024-01-30T15:45:36.190+0100] {dag.py:3033} INFO - Sync 1 DAGs
[2024-01-30T15:45:36.222+0100] {logging_mixin.py:188} INFO - [2024-01-30T15:45:36.222+0100] {dag.py:3820} INFO - Setting next_dagrun for example_short_circuit_operator to 2024-01-29T00:00:00+00:00, run_after=2024-01-30T00:00:00+00:00
[2024-01-30T15:45:36.267+0100] {processor.py:183} INFO - Processing /home/ubuntu/.local/lib/python3.10/site-packages/airflow/example_dags/example_short_circuit_operator.py took 0.132 seconds
[2024-01-30T15:46:33.918+0100] {processor.py:161} INFO - Started process (PID=8332) to work on /home/ubuntu/.local/lib/python3.10/site-packages/airflow/example_dags/example_short_circuit_operator.py
[2024-01-30T15:46:33.920+0100] {processor.py:830} INFO - Processing file /home/ubuntu/.local/lib/python3.10/site-packages/airflow/example_dags/example_short_circuit_operator.py for tasks to queue
[2024-01-30T15:46:33.922+0100] {logging_mixin.py:188} INFO - [2024-01-30T15:46:33.921+0100] {dagbag.py:538} INFO - Filling up the DagBag from /home/ubuntu/.local/lib/python3.10/site-packages/airflow/example_dags/example_short_circuit_operator.py
[2024-01-30T15:46:33.932+0100] {processor.py:840} INFO - DAG(s) 'example_short_circuit_operator' retrieved from /home/ubuntu/.local/lib/python3.10/site-packages/airflow/example_dags/example_short_circuit_operator.py
[2024-01-30T15:46:33.953+0100] {logging_mixin.py:188} INFO - [2024-01-30T15:46:33.953+0100] {dag.py:3033} INFO - Sync 1 DAGs
[2024-01-30T15:46:33.973+0100] {logging_mixin.py:188} INFO - [2024-01-30T15:46:33.973+0100] {dag.py:3820} INFO - Setting next_dagrun for example_short_circuit_operator to 2024-01-29T00:00:00+00:00, run_after=2024-01-30T00:00:00+00:00
[2024-01-30T15:46:34.006+0100] {processor.py:183} INFO - Processing /home/ubuntu/.local/lib/python3.10/site-packages/airflow/example_dags/example_short_circuit_operator.py took 0.092 seconds
[2024-01-30T15:47:23.009+0100] {processor.py:161} INFO - Started process (PID=8384) to work on /home/ubuntu/.local/lib/python3.10/site-packages/airflow/example_dags/example_short_circuit_operator.py
[2024-01-30T15:47:23.017+0100] {processor.py:830} INFO - Processing file /home/ubuntu/.local/lib/python3.10/site-packages/airflow/example_dags/example_short_circuit_operator.py for tasks to queue
[2024-01-30T15:47:23.020+0100] {logging_mixin.py:188} INFO - [2024-01-30T15:47:23.018+0100] {dagbag.py:538} INFO - Filling up the DagBag from /home/ubuntu/.local/lib/python3.10/site-packages/airflow/example_dags/example_short_circuit_operator.py
[2024-01-30T15:47:23.053+0100] {processor.py:840} INFO - DAG(s) 'example_short_circuit_operator' retrieved from /home/ubuntu/.local/lib/python3.10/site-packages/airflow/example_dags/example_short_circuit_operator.py
[2024-01-30T15:47:23.121+0100] {logging_mixin.py:188} INFO - [2024-01-30T15:47:23.121+0100] {dag.py:3033} INFO - Sync 1 DAGs
[2024-01-30T15:47:23.197+0100] {logging_mixin.py:188} INFO - [2024-01-30T15:47:23.197+0100] {dag.py:3820} INFO - Setting next_dagrun for example_short_circuit_operator to 2024-01-29T00:00:00+00:00, run_after=2024-01-30T00:00:00+00:00
[2024-01-30T15:47:23.290+0100] {processor.py:183} INFO - Processing /home/ubuntu/.local/lib/python3.10/site-packages/airflow/example_dags/example_short_circuit_operator.py took 0.289 seconds
[2024-01-30T15:50:38.351+0100] {processor.py:161} INFO - Started process (PID=9070) to work on /home/ubuntu/.local/lib/python3.10/site-packages/airflow/example_dags/example_short_circuit_operator.py
[2024-01-30T15:50:38.395+0100] {processor.py:830} INFO - Processing file /home/ubuntu/.local/lib/python3.10/site-packages/airflow/example_dags/example_short_circuit_operator.py for tasks to queue
[2024-01-30T15:50:38.403+0100] {logging_mixin.py:188} INFO - [2024-01-30T15:50:38.396+0100] {dagbag.py:538} INFO - Filling up the DagBag from /home/ubuntu/.local/lib/python3.10/site-packages/airflow/example_dags/example_short_circuit_operator.py
[2024-01-30T15:50:40.537+0100] {processor.py:840} INFO - DAG(s) 'example_short_circuit_operator' retrieved from /home/ubuntu/.local/lib/python3.10/site-packages/airflow/example_dags/example_short_circuit_operator.py
[2024-01-30T15:50:41.340+0100] {logging_mixin.py:188} INFO - [2024-01-30T15:50:41.340+0100] {dag.py:3033} INFO - Sync 1 DAGs
[2024-01-30T15:50:41.956+0100] {logging_mixin.py:188} INFO - [2024-01-30T15:50:41.955+0100] {dag.py:3820} INFO - Setting next_dagrun for example_short_circuit_operator to 2024-01-29T00:00:00+00:00, run_after=2024-01-30T00:00:00+00:00
[2024-01-30T15:50:42.345+0100] {processor.py:183} INFO - Processing /home/ubuntu/.local/lib/python3.10/site-packages/airflow/example_dags/example_short_circuit_operator.py took 4.126 seconds
[2024-01-30T15:52:20.087+0100] {processor.py:161} INFO - Started process (PID=9399) to work on /home/ubuntu/.local/lib/python3.10/site-packages/airflow/example_dags/example_short_circuit_operator.py
[2024-01-30T15:52:20.137+0100] {processor.py:830} INFO - Processing file /home/ubuntu/.local/lib/python3.10/site-packages/airflow/example_dags/example_short_circuit_operator.py for tasks to queue
[2024-01-30T15:52:20.139+0100] {logging_mixin.py:188} INFO - [2024-01-30T15:52:20.138+0100] {dagbag.py:538} INFO - Filling up the DagBag from /home/ubuntu/.local/lib/python3.10/site-packages/airflow/example_dags/example_short_circuit_operator.py
[2024-01-30T15:52:20.371+0100] {processor.py:840} INFO - DAG(s) 'example_short_circuit_operator' retrieved from /home/ubuntu/.local/lib/python3.10/site-packages/airflow/example_dags/example_short_circuit_operator.py
[2024-01-30T15:52:20.536+0100] {logging_mixin.py:188} INFO - [2024-01-30T15:52:20.511+0100] {dag.py:3033} INFO - Sync 1 DAGs
[2024-01-30T15:52:20.655+0100] {logging_mixin.py:188} INFO - [2024-01-30T15:52:20.655+0100] {dag.py:3820} INFO - Setting next_dagrun for example_short_circuit_operator to 2024-01-29T00:00:00+00:00, run_after=2024-01-30T00:00:00+00:00
[2024-01-30T15:52:21.876+0100] {processor.py:183} INFO - Processing /home/ubuntu/.local/lib/python3.10/site-packages/airflow/example_dags/example_short_circuit_operator.py took 1.852 seconds
[2024-01-30T15:54:35.906+0100] {processor.py:161} INFO - Started process (PID=9803) to work on /home/ubuntu/.local/lib/python3.10/site-packages/airflow/example_dags/example_short_circuit_operator.py
[2024-01-30T15:54:35.952+0100] {processor.py:830} INFO - Processing file /home/ubuntu/.local/lib/python3.10/site-packages/airflow/example_dags/example_short_circuit_operator.py for tasks to queue
[2024-01-30T15:54:35.954+0100] {logging_mixin.py:188} INFO - [2024-01-30T15:54:35.953+0100] {dagbag.py:538} INFO - Filling up the DagBag from /home/ubuntu/.local/lib/python3.10/site-packages/airflow/example_dags/example_short_circuit_operator.py
[2024-01-30T15:54:35.990+0100] {processor.py:840} INFO - DAG(s) 'example_short_circuit_operator' retrieved from /home/ubuntu/.local/lib/python3.10/site-packages/airflow/example_dags/example_short_circuit_operator.py
[2024-01-30T15:54:36.441+0100] {logging_mixin.py:188} INFO - [2024-01-30T15:54:36.440+0100] {dag.py:3033} INFO - Sync 1 DAGs
[2024-01-30T15:54:36.509+0100] {logging_mixin.py:188} INFO - [2024-01-30T15:54:36.508+0100] {dag.py:3820} INFO - Setting next_dagrun for example_short_circuit_operator to 2024-01-29T00:00:00+00:00, run_after=2024-01-30T00:00:00+00:00
[2024-01-30T15:54:36.897+0100] {processor.py:183} INFO - Processing /home/ubuntu/.local/lib/python3.10/site-packages/airflow/example_dags/example_short_circuit_operator.py took 1.046 seconds
[2024-01-30T15:55:49.888+0100] {processor.py:161} INFO - Started process (PID=9879) to work on /home/ubuntu/.local/lib/python3.10/site-packages/airflow/example_dags/example_short_circuit_operator.py
[2024-01-30T15:55:49.898+0100] {processor.py:830} INFO - Processing file /home/ubuntu/.local/lib/python3.10/site-packages/airflow/example_dags/example_short_circuit_operator.py for tasks to queue
[2024-01-30T15:55:49.899+0100] {logging_mixin.py:188} INFO - [2024-01-30T15:55:49.899+0100] {dagbag.py:538} INFO - Filling up the DagBag from /home/ubuntu/.local/lib/python3.10/site-packages/airflow/example_dags/example_short_circuit_operator.py
[2024-01-30T15:55:49.912+0100] {processor.py:840} INFO - DAG(s) 'example_short_circuit_operator' retrieved from /home/ubuntu/.local/lib/python3.10/site-packages/airflow/example_dags/example_short_circuit_operator.py
[2024-01-30T15:55:49.984+0100] {logging_mixin.py:188} INFO - [2024-01-30T15:55:49.984+0100] {dag.py:3033} INFO - Sync 1 DAGs
[2024-01-30T15:55:50.008+0100] {logging_mixin.py:188} INFO - [2024-01-30T15:55:50.008+0100] {dag.py:3820} INFO - Setting next_dagrun for example_short_circuit_operator to 2024-01-29T00:00:00+00:00, run_after=2024-01-30T00:00:00+00:00
[2024-01-30T15:55:50.079+0100] {processor.py:183} INFO - Processing /home/ubuntu/.local/lib/python3.10/site-packages/airflow/example_dags/example_short_circuit_operator.py took 0.195 seconds
[2024-01-30T15:56:52.902+0100] {processor.py:161} INFO - Started process (PID=9941) to work on /home/ubuntu/.local/lib/python3.10/site-packages/airflow/example_dags/example_short_circuit_operator.py
[2024-01-30T15:56:52.918+0100] {processor.py:830} INFO - Processing file /home/ubuntu/.local/lib/python3.10/site-packages/airflow/example_dags/example_short_circuit_operator.py for tasks to queue
[2024-01-30T15:56:52.922+0100] {logging_mixin.py:188} INFO - [2024-01-30T15:56:52.921+0100] {dagbag.py:538} INFO - Filling up the DagBag from /home/ubuntu/.local/lib/python3.10/site-packages/airflow/example_dags/example_short_circuit_operator.py
[2024-01-30T15:56:52.955+0100] {processor.py:840} INFO - DAG(s) 'example_short_circuit_operator' retrieved from /home/ubuntu/.local/lib/python3.10/site-packages/airflow/example_dags/example_short_circuit_operator.py
[2024-01-30T15:56:53.050+0100] {logging_mixin.py:188} INFO - [2024-01-30T15:56:53.050+0100] {dag.py:3033} INFO - Sync 1 DAGs
[2024-01-30T15:56:53.114+0100] {logging_mixin.py:188} INFO - [2024-01-30T15:56:53.114+0100] {dag.py:3820} INFO - Setting next_dagrun for example_short_circuit_operator to 2024-01-29T00:00:00+00:00, run_after=2024-01-30T00:00:00+00:00
[2024-01-30T15:56:53.380+0100] {processor.py:183} INFO - Processing /home/ubuntu/.local/lib/python3.10/site-packages/airflow/example_dags/example_short_circuit_operator.py took 0.496 seconds
[2024-01-30T15:57:50.003+0100] {processor.py:161} INFO - Started process (PID=10004) to work on /home/ubuntu/.local/lib/python3.10/site-packages/airflow/example_dags/example_short_circuit_operator.py
[2024-01-30T15:57:50.006+0100] {processor.py:830} INFO - Processing file /home/ubuntu/.local/lib/python3.10/site-packages/airflow/example_dags/example_short_circuit_operator.py for tasks to queue
[2024-01-30T15:57:50.007+0100] {logging_mixin.py:188} INFO - [2024-01-30T15:57:50.007+0100] {dagbag.py:538} INFO - Filling up the DagBag from /home/ubuntu/.local/lib/python3.10/site-packages/airflow/example_dags/example_short_circuit_operator.py
[2024-01-30T15:57:50.019+0100] {processor.py:840} INFO - DAG(s) 'example_short_circuit_operator' retrieved from /home/ubuntu/.local/lib/python3.10/site-packages/airflow/example_dags/example_short_circuit_operator.py
[2024-01-30T15:57:50.039+0100] {logging_mixin.py:188} INFO - [2024-01-30T15:57:50.039+0100] {dag.py:3033} INFO - Sync 1 DAGs
[2024-01-30T15:57:50.064+0100] {logging_mixin.py:188} INFO - [2024-01-30T15:57:50.064+0100] {dag.py:3820} INFO - Setting next_dagrun for example_short_circuit_operator to 2024-01-29T00:00:00+00:00, run_after=2024-01-30T00:00:00+00:00
[2024-01-30T15:57:50.113+0100] {processor.py:183} INFO - Processing /home/ubuntu/.local/lib/python3.10/site-packages/airflow/example_dags/example_short_circuit_operator.py took 0.115 seconds
[2024-01-30T15:59:37.449+0100] {processor.py:161} INFO - Started process (PID=10111) to work on /home/ubuntu/.local/lib/python3.10/site-packages/airflow/example_dags/example_short_circuit_operator.py
[2024-01-30T15:59:37.466+0100] {processor.py:830} INFO - Processing file /home/ubuntu/.local/lib/python3.10/site-packages/airflow/example_dags/example_short_circuit_operator.py for tasks to queue
[2024-01-30T15:59:37.467+0100] {logging_mixin.py:188} INFO - [2024-01-30T15:59:37.467+0100] {dagbag.py:538} INFO - Filling up the DagBag from /home/ubuntu/.local/lib/python3.10/site-packages/airflow/example_dags/example_short_circuit_operator.py
[2024-01-30T15:59:37.488+0100] {processor.py:840} INFO - DAG(s) 'example_short_circuit_operator' retrieved from /home/ubuntu/.local/lib/python3.10/site-packages/airflow/example_dags/example_short_circuit_operator.py
[2024-01-30T15:59:37.526+0100] {logging_mixin.py:188} INFO - [2024-01-30T15:59:37.526+0100] {dag.py:3033} INFO - Sync 1 DAGs
[2024-01-30T15:59:37.582+0100] {logging_mixin.py:188} INFO - [2024-01-30T15:59:37.581+0100] {dag.py:3820} INFO - Setting next_dagrun for example_short_circuit_operator to 2024-01-29T00:00:00+00:00, run_after=2024-01-30T00:00:00+00:00
[2024-01-30T15:59:37.685+0100] {processor.py:183} INFO - Processing /home/ubuntu/.local/lib/python3.10/site-packages/airflow/example_dags/example_short_circuit_operator.py took 0.241 seconds
[2024-01-30T16:00:35.406+0100] {processor.py:161} INFO - Started process (PID=10171) to work on /home/ubuntu/.local/lib/python3.10/site-packages/airflow/example_dags/example_short_circuit_operator.py
[2024-01-30T16:00:35.409+0100] {processor.py:830} INFO - Processing file /home/ubuntu/.local/lib/python3.10/site-packages/airflow/example_dags/example_short_circuit_operator.py for tasks to queue
[2024-01-30T16:00:35.411+0100] {logging_mixin.py:188} INFO - [2024-01-30T16:00:35.411+0100] {dagbag.py:538} INFO - Filling up the DagBag from /home/ubuntu/.local/lib/python3.10/site-packages/airflow/example_dags/example_short_circuit_operator.py
[2024-01-30T16:00:35.423+0100] {processor.py:840} INFO - DAG(s) 'example_short_circuit_operator' retrieved from /home/ubuntu/.local/lib/python3.10/site-packages/airflow/example_dags/example_short_circuit_operator.py
[2024-01-30T16:00:35.445+0100] {logging_mixin.py:188} INFO - [2024-01-30T16:00:35.445+0100] {dag.py:3033} INFO - Sync 1 DAGs
[2024-01-30T16:00:35.467+0100] {logging_mixin.py:188} INFO - [2024-01-30T16:00:35.467+0100] {dag.py:3820} INFO - Setting next_dagrun for example_short_circuit_operator to 2024-01-29T00:00:00+00:00, run_after=2024-01-30T00:00:00+00:00
[2024-01-30T16:00:35.497+0100] {processor.py:183} INFO - Processing /home/ubuntu/.local/lib/python3.10/site-packages/airflow/example_dags/example_short_circuit_operator.py took 0.096 seconds
[2024-01-30T16:01:27.370+0100] {processor.py:161} INFO - Started process (PID=10222) to work on /home/ubuntu/.local/lib/python3.10/site-packages/airflow/example_dags/example_short_circuit_operator.py
[2024-01-30T16:01:27.383+0100] {processor.py:830} INFO - Processing file /home/ubuntu/.local/lib/python3.10/site-packages/airflow/example_dags/example_short_circuit_operator.py for tasks to queue
[2024-01-30T16:01:27.385+0100] {logging_mixin.py:188} INFO - [2024-01-30T16:01:27.384+0100] {dagbag.py:538} INFO - Filling up the DagBag from /home/ubuntu/.local/lib/python3.10/site-packages/airflow/example_dags/example_short_circuit_operator.py
[2024-01-30T16:01:27.396+0100] {processor.py:840} INFO - DAG(s) 'example_short_circuit_operator' retrieved from /home/ubuntu/.local/lib/python3.10/site-packages/airflow/example_dags/example_short_circuit_operator.py
[2024-01-30T16:01:27.422+0100] {logging_mixin.py:188} INFO - [2024-01-30T16:01:27.422+0100] {dag.py:3033} INFO - Sync 1 DAGs
[2024-01-30T16:01:27.446+0100] {logging_mixin.py:188} INFO - [2024-01-30T16:01:27.446+0100] {dag.py:3820} INFO - Setting next_dagrun for example_short_circuit_operator to 2024-01-29T00:00:00+00:00, run_after=2024-01-30T00:00:00+00:00
[2024-01-30T16:01:27.511+0100] {processor.py:183} INFO - Processing /home/ubuntu/.local/lib/python3.10/site-packages/airflow/example_dags/example_short_circuit_operator.py took 0.145 seconds
[2024-01-30T16:02:58.004+0100] {processor.py:161} INFO - Started process (PID=10321) to work on /home/ubuntu/.local/lib/python3.10/site-packages/airflow/example_dags/example_short_circuit_operator.py
[2024-01-30T16:02:58.006+0100] {processor.py:830} INFO - Processing file /home/ubuntu/.local/lib/python3.10/site-packages/airflow/example_dags/example_short_circuit_operator.py for tasks to queue
[2024-01-30T16:02:58.008+0100] {logging_mixin.py:188} INFO - [2024-01-30T16:02:58.007+0100] {dagbag.py:538} INFO - Filling up the DagBag from /home/ubuntu/.local/lib/python3.10/site-packages/airflow/example_dags/example_short_circuit_operator.py
[2024-01-30T16:02:58.019+0100] {processor.py:840} INFO - DAG(s) 'example_short_circuit_operator' retrieved from /home/ubuntu/.local/lib/python3.10/site-packages/airflow/example_dags/example_short_circuit_operator.py
[2024-01-30T16:02:58.041+0100] {logging_mixin.py:188} INFO - [2024-01-30T16:02:58.040+0100] {dag.py:3033} INFO - Sync 1 DAGs
[2024-01-30T16:02:58.063+0100] {logging_mixin.py:188} INFO - [2024-01-30T16:02:58.063+0100] {dag.py:3820} INFO - Setting next_dagrun for example_short_circuit_operator to 2024-01-29T00:00:00+00:00, run_after=2024-01-30T00:00:00+00:00
[2024-01-30T16:02:58.118+0100] {processor.py:183} INFO - Processing /home/ubuntu/.local/lib/python3.10/site-packages/airflow/example_dags/example_short_circuit_operator.py took 0.117 seconds
[2024-01-30T16:04:34.280+0100] {processor.py:161} INFO - Started process (PID=10421) to work on /home/ubuntu/.local/lib/python3.10/site-packages/airflow/example_dags/example_short_circuit_operator.py
[2024-01-30T16:04:34.283+0100] {processor.py:830} INFO - Processing file /home/ubuntu/.local/lib/python3.10/site-packages/airflow/example_dags/example_short_circuit_operator.py for tasks to queue
[2024-01-30T16:04:34.287+0100] {logging_mixin.py:188} INFO - [2024-01-30T16:04:34.286+0100] {dagbag.py:538} INFO - Filling up the DagBag from /home/ubuntu/.local/lib/python3.10/site-packages/airflow/example_dags/example_short_circuit_operator.py
[2024-01-30T16:04:34.303+0100] {processor.py:840} INFO - DAG(s) 'example_short_circuit_operator' retrieved from /home/ubuntu/.local/lib/python3.10/site-packages/airflow/example_dags/example_short_circuit_operator.py
[2024-01-30T16:04:34.332+0100] {logging_mixin.py:188} INFO - [2024-01-30T16:04:34.332+0100] {dag.py:3033} INFO - Sync 1 DAGs
[2024-01-30T16:04:34.381+0100] {logging_mixin.py:188} INFO - [2024-01-30T16:04:34.381+0100] {dag.py:3820} INFO - Setting next_dagrun for example_short_circuit_operator to 2024-01-29T00:00:00+00:00, run_after=2024-01-30T00:00:00+00:00
[2024-01-30T16:04:34.468+0100] {processor.py:183} INFO - Processing /home/ubuntu/.local/lib/python3.10/site-packages/airflow/example_dags/example_short_circuit_operator.py took 0.194 seconds
[2024-01-30T16:05:40.497+0100] {processor.py:161} INFO - Started process (PID=10476) to work on /home/ubuntu/.local/lib/python3.10/site-packages/airflow/example_dags/example_short_circuit_operator.py
[2024-01-30T16:05:40.500+0100] {processor.py:830} INFO - Processing file /home/ubuntu/.local/lib/python3.10/site-packages/airflow/example_dags/example_short_circuit_operator.py for tasks to queue
[2024-01-30T16:05:40.503+0100] {logging_mixin.py:188} INFO - [2024-01-30T16:05:40.502+0100] {dagbag.py:538} INFO - Filling up the DagBag from /home/ubuntu/.local/lib/python3.10/site-packages/airflow/example_dags/example_short_circuit_operator.py
[2024-01-30T16:05:40.525+0100] {processor.py:840} INFO - DAG(s) 'example_short_circuit_operator' retrieved from /home/ubuntu/.local/lib/python3.10/site-packages/airflow/example_dags/example_short_circuit_operator.py
[2024-01-30T16:05:40.643+0100] {logging_mixin.py:188} INFO - [2024-01-30T16:05:40.643+0100] {dag.py:3033} INFO - Sync 1 DAGs
[2024-01-30T16:05:40.748+0100] {logging_mixin.py:188} INFO - [2024-01-30T16:05:40.747+0100] {dag.py:3820} INFO - Setting next_dagrun for example_short_circuit_operator to 2024-01-29T00:00:00+00:00, run_after=2024-01-30T00:00:00+00:00
[2024-01-30T16:05:40.905+0100] {processor.py:183} INFO - Processing /home/ubuntu/.local/lib/python3.10/site-packages/airflow/example_dags/example_short_circuit_operator.py took 0.439 seconds
