[2024-01-30T15:30:41.826+0100] {processor.py:161} INFO - Started process (PID=6636) to work on /home/ubuntu/.local/lib/python3.10/site-packages/airflow/example_dags/example_python_operator.py
[2024-01-30T15:30:41.827+0100] {processor.py:830} INFO - Processing file /home/ubuntu/.local/lib/python3.10/site-packages/airflow/example_dags/example_python_operator.py for tasks to queue
[2024-01-30T15:30:41.828+0100] {logging_mixin.py:188} INFO - [2024-01-30T15:30:41.828+0100] {dagbag.py:538} INFO - Filling up the DagBag from /home/ubuntu/.local/lib/python3.10/site-packages/airflow/example_dags/example_python_operator.py
[2024-01-30T15:30:41.839+0100] {processor.py:840} INFO - DAG(s) 'example_python_operator' retrieved from /home/ubuntu/.local/lib/python3.10/site-packages/airflow/example_dags/example_python_operator.py
[2024-01-30T15:30:41.926+0100] {logging_mixin.py:188} INFO - [2024-01-30T15:30:41.926+0100] {dag.py:3033} INFO - Sync 1 DAGs
[2024-01-30T15:30:41.937+0100] {logging_mixin.py:188} INFO - [2024-01-30T15:30:41.937+0100] {dag.py:3820} INFO - Setting next_dagrun for example_python_operator to None, run_after=None
[2024-01-30T15:30:41.984+0100] {processor.py:183} INFO - Processing /home/ubuntu/.local/lib/python3.10/site-packages/airflow/example_dags/example_python_operator.py took 0.172 seconds
[2024-01-30T15:31:37.938+0100] {processor.py:161} INFO - Started process (PID=6695) to work on /home/ubuntu/.local/lib/python3.10/site-packages/airflow/example_dags/example_python_operator.py
[2024-01-30T15:31:37.940+0100] {processor.py:830} INFO - Processing file /home/ubuntu/.local/lib/python3.10/site-packages/airflow/example_dags/example_python_operator.py for tasks to queue
[2024-01-30T15:31:37.942+0100] {logging_mixin.py:188} INFO - [2024-01-30T15:31:37.941+0100] {dagbag.py:538} INFO - Filling up the DagBag from /home/ubuntu/.local/lib/python3.10/site-packages/airflow/example_dags/example_python_operator.py
[2024-01-30T15:31:37.955+0100] {processor.py:840} INFO - DAG(s) 'example_python_operator' retrieved from /home/ubuntu/.local/lib/python3.10/site-packages/airflow/example_dags/example_python_operator.py
[2024-01-30T15:31:37.975+0100] {logging_mixin.py:188} INFO - [2024-01-30T15:31:37.975+0100] {dag.py:3033} INFO - Sync 1 DAGs
[2024-01-30T15:31:37.986+0100] {logging_mixin.py:188} INFO - [2024-01-30T15:31:37.986+0100] {dag.py:3820} INFO - Setting next_dagrun for example_python_operator to None, run_after=None
[2024-01-30T15:31:38.018+0100] {processor.py:183} INFO - Processing /home/ubuntu/.local/lib/python3.10/site-packages/airflow/example_dags/example_python_operator.py took 0.084 seconds
[2024-01-30T15:33:25.396+0100] {processor.py:161} INFO - Started process (PID=6805) to work on /home/ubuntu/.local/lib/python3.10/site-packages/airflow/example_dags/example_python_operator.py
[2024-01-30T15:33:25.398+0100] {processor.py:830} INFO - Processing file /home/ubuntu/.local/lib/python3.10/site-packages/airflow/example_dags/example_python_operator.py for tasks to queue
[2024-01-30T15:33:25.399+0100] {logging_mixin.py:188} INFO - [2024-01-30T15:33:25.398+0100] {dagbag.py:538} INFO - Filling up the DagBag from /home/ubuntu/.local/lib/python3.10/site-packages/airflow/example_dags/example_python_operator.py
[2024-01-30T15:33:25.427+0100] {processor.py:840} INFO - DAG(s) 'example_python_operator' retrieved from /home/ubuntu/.local/lib/python3.10/site-packages/airflow/example_dags/example_python_operator.py
[2024-01-30T15:33:25.456+0100] {logging_mixin.py:188} INFO - [2024-01-30T15:33:25.456+0100] {dag.py:3033} INFO - Sync 1 DAGs
[2024-01-30T15:33:25.469+0100] {logging_mixin.py:188} INFO - [2024-01-30T15:33:25.469+0100] {dag.py:3820} INFO - Setting next_dagrun for example_python_operator to None, run_after=None
[2024-01-30T15:33:25.504+0100] {processor.py:183} INFO - Processing /home/ubuntu/.local/lib/python3.10/site-packages/airflow/example_dags/example_python_operator.py took 0.112 seconds
[2024-01-30T15:34:27.171+0100] {processor.py:161} INFO - Started process (PID=6866) to work on /home/ubuntu/.local/lib/python3.10/site-packages/airflow/example_dags/example_python_operator.py
[2024-01-30T15:34:27.173+0100] {processor.py:830} INFO - Processing file /home/ubuntu/.local/lib/python3.10/site-packages/airflow/example_dags/example_python_operator.py for tasks to queue
[2024-01-30T15:34:27.174+0100] {logging_mixin.py:188} INFO - [2024-01-30T15:34:27.174+0100] {dagbag.py:538} INFO - Filling up the DagBag from /home/ubuntu/.local/lib/python3.10/site-packages/airflow/example_dags/example_python_operator.py
[2024-01-30T15:34:27.186+0100] {processor.py:840} INFO - DAG(s) 'example_python_operator' retrieved from /home/ubuntu/.local/lib/python3.10/site-packages/airflow/example_dags/example_python_operator.py
[2024-01-30T15:34:27.205+0100] {logging_mixin.py:188} INFO - [2024-01-30T15:34:27.204+0100] {dag.py:3033} INFO - Sync 1 DAGs
[2024-01-30T15:34:27.216+0100] {logging_mixin.py:188} INFO - [2024-01-30T15:34:27.215+0100] {dag.py:3820} INFO - Setting next_dagrun for example_python_operator to None, run_after=None
[2024-01-30T15:34:27.245+0100] {processor.py:183} INFO - Processing /home/ubuntu/.local/lib/python3.10/site-packages/airflow/example_dags/example_python_operator.py took 0.077 seconds
[2024-01-30T15:35:41.180+0100] {processor.py:161} INFO - Started process (PID=6947) to work on /home/ubuntu/.local/lib/python3.10/site-packages/airflow/example_dags/example_python_operator.py
[2024-01-30T15:35:41.182+0100] {processor.py:830} INFO - Processing file /home/ubuntu/.local/lib/python3.10/site-packages/airflow/example_dags/example_python_operator.py for tasks to queue
[2024-01-30T15:35:41.183+0100] {logging_mixin.py:188} INFO - [2024-01-30T15:35:41.182+0100] {dagbag.py:538} INFO - Filling up the DagBag from /home/ubuntu/.local/lib/python3.10/site-packages/airflow/example_dags/example_python_operator.py
[2024-01-30T15:35:41.195+0100] {processor.py:840} INFO - DAG(s) 'example_python_operator' retrieved from /home/ubuntu/.local/lib/python3.10/site-packages/airflow/example_dags/example_python_operator.py
[2024-01-30T15:35:41.216+0100] {logging_mixin.py:188} INFO - [2024-01-30T15:35:41.215+0100] {dag.py:3033} INFO - Sync 1 DAGs
[2024-01-30T15:35:41.229+0100] {logging_mixin.py:188} INFO - [2024-01-30T15:35:41.228+0100] {dag.py:3820} INFO - Setting next_dagrun for example_python_operator to None, run_after=None
[2024-01-30T15:35:41.256+0100] {processor.py:183} INFO - Processing /home/ubuntu/.local/lib/python3.10/site-packages/airflow/example_dags/example_python_operator.py took 0.080 seconds
[2024-01-30T15:36:59.744+0100] {processor.py:161} INFO - Started process (PID=7029) to work on /home/ubuntu/.local/lib/python3.10/site-packages/airflow/example_dags/example_python_operator.py
[2024-01-30T15:36:59.746+0100] {processor.py:830} INFO - Processing file /home/ubuntu/.local/lib/python3.10/site-packages/airflow/example_dags/example_python_operator.py for tasks to queue
[2024-01-30T15:36:59.747+0100] {logging_mixin.py:188} INFO - [2024-01-30T15:36:59.747+0100] {dagbag.py:538} INFO - Filling up the DagBag from /home/ubuntu/.local/lib/python3.10/site-packages/airflow/example_dags/example_python_operator.py
[2024-01-30T15:36:59.761+0100] {processor.py:840} INFO - DAG(s) 'example_python_operator' retrieved from /home/ubuntu/.local/lib/python3.10/site-packages/airflow/example_dags/example_python_operator.py
[2024-01-30T15:36:59.785+0100] {logging_mixin.py:188} INFO - [2024-01-30T15:36:59.785+0100] {dag.py:3033} INFO - Sync 1 DAGs
[2024-01-30T15:36:59.804+0100] {logging_mixin.py:188} INFO - [2024-01-30T15:36:59.804+0100] {dag.py:3820} INFO - Setting next_dagrun for example_python_operator to None, run_after=None
[2024-01-30T15:36:59.865+0100] {processor.py:183} INFO - Processing /home/ubuntu/.local/lib/python3.10/site-packages/airflow/example_dags/example_python_operator.py took 0.125 seconds
[2024-01-30T15:38:17.488+0100] {processor.py:161} INFO - Started process (PID=7114) to work on /home/ubuntu/.local/lib/python3.10/site-packages/airflow/example_dags/example_python_operator.py
[2024-01-30T15:38:17.490+0100] {processor.py:830} INFO - Processing file /home/ubuntu/.local/lib/python3.10/site-packages/airflow/example_dags/example_python_operator.py for tasks to queue
[2024-01-30T15:38:17.491+0100] {logging_mixin.py:188} INFO - [2024-01-30T15:38:17.491+0100] {dagbag.py:538} INFO - Filling up the DagBag from /home/ubuntu/.local/lib/python3.10/site-packages/airflow/example_dags/example_python_operator.py
[2024-01-30T15:38:17.504+0100] {processor.py:840} INFO - DAG(s) 'example_python_operator' retrieved from /home/ubuntu/.local/lib/python3.10/site-packages/airflow/example_dags/example_python_operator.py
[2024-01-30T15:38:17.534+0100] {logging_mixin.py:188} INFO - [2024-01-30T15:38:17.533+0100] {dag.py:3033} INFO - Sync 1 DAGs
[2024-01-30T15:38:17.547+0100] {logging_mixin.py:188} INFO - [2024-01-30T15:38:17.547+0100] {dag.py:3820} INFO - Setting next_dagrun for example_python_operator to None, run_after=None
[2024-01-30T15:38:17.588+0100] {processor.py:183} INFO - Processing /home/ubuntu/.local/lib/python3.10/site-packages/airflow/example_dags/example_python_operator.py took 0.103 seconds
[2024-01-30T15:39:46.410+0100] {processor.py:161} INFO - Started process (PID=7289) to work on /home/ubuntu/.local/lib/python3.10/site-packages/airflow/example_dags/example_python_operator.py
[2024-01-30T15:39:46.415+0100] {processor.py:830} INFO - Processing file /home/ubuntu/.local/lib/python3.10/site-packages/airflow/example_dags/example_python_operator.py for tasks to queue
[2024-01-30T15:39:46.419+0100] {logging_mixin.py:188} INFO - [2024-01-30T15:39:46.418+0100] {dagbag.py:538} INFO - Filling up the DagBag from /home/ubuntu/.local/lib/python3.10/site-packages/airflow/example_dags/example_python_operator.py
[2024-01-30T15:39:46.436+0100] {processor.py:840} INFO - DAG(s) 'example_python_operator' retrieved from /home/ubuntu/.local/lib/python3.10/site-packages/airflow/example_dags/example_python_operator.py
[2024-01-30T15:39:46.458+0100] {logging_mixin.py:188} INFO - [2024-01-30T15:39:46.457+0100] {dag.py:3033} INFO - Sync 1 DAGs
[2024-01-30T15:39:46.471+0100] {logging_mixin.py:188} INFO - [2024-01-30T15:39:46.471+0100] {dag.py:3820} INFO - Setting next_dagrun for example_python_operator to None, run_after=None
[2024-01-30T15:39:46.508+0100] {processor.py:183} INFO - Processing /home/ubuntu/.local/lib/python3.10/site-packages/airflow/example_dags/example_python_operator.py took 0.102 seconds
[2024-01-30T15:41:14.362+0100] {processor.py:161} INFO - Started process (PID=7371) to work on /home/ubuntu/.local/lib/python3.10/site-packages/airflow/example_dags/example_python_operator.py
[2024-01-30T15:41:14.381+0100] {processor.py:830} INFO - Processing file /home/ubuntu/.local/lib/python3.10/site-packages/airflow/example_dags/example_python_operator.py for tasks to queue
[2024-01-30T15:41:14.416+0100] {logging_mixin.py:188} INFO - [2024-01-30T15:41:14.415+0100] {dagbag.py:538} INFO - Filling up the DagBag from /home/ubuntu/.local/lib/python3.10/site-packages/airflow/example_dags/example_python_operator.py
[2024-01-30T15:41:14.447+0100] {processor.py:840} INFO - DAG(s) 'example_python_operator' retrieved from /home/ubuntu/.local/lib/python3.10/site-packages/airflow/example_dags/example_python_operator.py
[2024-01-30T15:41:14.515+0100] {logging_mixin.py:188} INFO - [2024-01-30T15:41:14.508+0100] {dag.py:3033} INFO - Sync 1 DAGs
[2024-01-30T15:41:14.574+0100] {logging_mixin.py:188} INFO - [2024-01-30T15:41:14.573+0100] {dag.py:3820} INFO - Setting next_dagrun for example_python_operator to None, run_after=None
[2024-01-30T15:41:14.689+0100] {processor.py:183} INFO - Processing /home/ubuntu/.local/lib/python3.10/site-packages/airflow/example_dags/example_python_operator.py took 0.378 seconds
[2024-01-30T15:42:16.675+0100] {processor.py:161} INFO - Started process (PID=7477) to work on /home/ubuntu/.local/lib/python3.10/site-packages/airflow/example_dags/example_python_operator.py
[2024-01-30T15:42:16.678+0100] {processor.py:830} INFO - Processing file /home/ubuntu/.local/lib/python3.10/site-packages/airflow/example_dags/example_python_operator.py for tasks to queue
[2024-01-30T15:42:16.679+0100] {logging_mixin.py:188} INFO - [2024-01-30T15:42:16.679+0100] {dagbag.py:538} INFO - Filling up the DagBag from /home/ubuntu/.local/lib/python3.10/site-packages/airflow/example_dags/example_python_operator.py
[2024-01-30T15:42:16.693+0100] {processor.py:840} INFO - DAG(s) 'example_python_operator' retrieved from /home/ubuntu/.local/lib/python3.10/site-packages/airflow/example_dags/example_python_operator.py
[2024-01-30T15:42:16.714+0100] {logging_mixin.py:188} INFO - [2024-01-30T15:42:16.714+0100] {dag.py:3033} INFO - Sync 1 DAGs
[2024-01-30T15:42:16.727+0100] {logging_mixin.py:188} INFO - [2024-01-30T15:42:16.727+0100] {dag.py:3820} INFO - Setting next_dagrun for example_python_operator to None, run_after=None
[2024-01-30T15:42:16.759+0100] {processor.py:183} INFO - Processing /home/ubuntu/.local/lib/python3.10/site-packages/airflow/example_dags/example_python_operator.py took 0.088 seconds
[2024-01-30T15:43:19.524+0100] {processor.py:161} INFO - Started process (PID=7770) to work on /home/ubuntu/.local/lib/python3.10/site-packages/airflow/example_dags/example_python_operator.py
[2024-01-30T15:43:19.526+0100] {processor.py:830} INFO - Processing file /home/ubuntu/.local/lib/python3.10/site-packages/airflow/example_dags/example_python_operator.py for tasks to queue
[2024-01-30T15:43:19.529+0100] {logging_mixin.py:188} INFO - [2024-01-30T15:43:19.528+0100] {dagbag.py:538} INFO - Filling up the DagBag from /home/ubuntu/.local/lib/python3.10/site-packages/airflow/example_dags/example_python_operator.py
[2024-01-30T15:43:19.542+0100] {processor.py:840} INFO - DAG(s) 'example_python_operator' retrieved from /home/ubuntu/.local/lib/python3.10/site-packages/airflow/example_dags/example_python_operator.py
[2024-01-30T15:43:19.563+0100] {logging_mixin.py:188} INFO - [2024-01-30T15:43:19.563+0100] {dag.py:3033} INFO - Sync 1 DAGs
[2024-01-30T15:43:19.575+0100] {logging_mixin.py:188} INFO - [2024-01-30T15:43:19.575+0100] {dag.py:3820} INFO - Setting next_dagrun for example_python_operator to None, run_after=None
[2024-01-30T15:43:19.609+0100] {processor.py:183} INFO - Processing /home/ubuntu/.local/lib/python3.10/site-packages/airflow/example_dags/example_python_operator.py took 0.089 seconds
[2024-01-30T15:44:22.936+0100] {processor.py:161} INFO - Started process (PID=8065) to work on /home/ubuntu/.local/lib/python3.10/site-packages/airflow/example_dags/example_python_operator.py
[2024-01-30T15:44:22.939+0100] {processor.py:830} INFO - Processing file /home/ubuntu/.local/lib/python3.10/site-packages/airflow/example_dags/example_python_operator.py for tasks to queue
[2024-01-30T15:44:22.941+0100] {logging_mixin.py:188} INFO - [2024-01-30T15:44:22.940+0100] {dagbag.py:538} INFO - Filling up the DagBag from /home/ubuntu/.local/lib/python3.10/site-packages/airflow/example_dags/example_python_operator.py
[2024-01-30T15:44:22.957+0100] {processor.py:840} INFO - DAG(s) 'example_python_operator' retrieved from /home/ubuntu/.local/lib/python3.10/site-packages/airflow/example_dags/example_python_operator.py
[2024-01-30T15:44:22.979+0100] {logging_mixin.py:188} INFO - [2024-01-30T15:44:22.978+0100] {dag.py:3033} INFO - Sync 1 DAGs
[2024-01-30T15:44:22.992+0100] {logging_mixin.py:188} INFO - [2024-01-30T15:44:22.992+0100] {dag.py:3820} INFO - Setting next_dagrun for example_python_operator to None, run_after=None
[2024-01-30T15:44:23.024+0100] {processor.py:183} INFO - Processing /home/ubuntu/.local/lib/python3.10/site-packages/airflow/example_dags/example_python_operator.py took 0.091 seconds
[2024-01-30T15:45:21.629+0100] {processor.py:161} INFO - Started process (PID=8249) to work on /home/ubuntu/.local/lib/python3.10/site-packages/airflow/example_dags/example_python_operator.py
[2024-01-30T15:45:21.633+0100] {processor.py:830} INFO - Processing file /home/ubuntu/.local/lib/python3.10/site-packages/airflow/example_dags/example_python_operator.py for tasks to queue
[2024-01-30T15:45:21.634+0100] {logging_mixin.py:188} INFO - [2024-01-30T15:45:21.634+0100] {dagbag.py:538} INFO - Filling up the DagBag from /home/ubuntu/.local/lib/python3.10/site-packages/airflow/example_dags/example_python_operator.py
[2024-01-30T15:45:21.651+0100] {processor.py:840} INFO - DAG(s) 'example_python_operator' retrieved from /home/ubuntu/.local/lib/python3.10/site-packages/airflow/example_dags/example_python_operator.py
[2024-01-30T15:45:21.669+0100] {logging_mixin.py:188} INFO - [2024-01-30T15:45:21.669+0100] {dag.py:3033} INFO - Sync 1 DAGs
[2024-01-30T15:45:21.680+0100] {logging_mixin.py:188} INFO - [2024-01-30T15:45:21.680+0100] {dag.py:3820} INFO - Setting next_dagrun for example_python_operator to None, run_after=None
[2024-01-30T15:45:21.710+0100] {processor.py:183} INFO - Processing /home/ubuntu/.local/lib/python3.10/site-packages/airflow/example_dags/example_python_operator.py took 0.084 seconds
[2024-01-30T15:46:22.630+0100] {processor.py:161} INFO - Started process (PID=8316) to work on /home/ubuntu/.local/lib/python3.10/site-packages/airflow/example_dags/example_python_operator.py
[2024-01-30T15:46:22.632+0100] {processor.py:830} INFO - Processing file /home/ubuntu/.local/lib/python3.10/site-packages/airflow/example_dags/example_python_operator.py for tasks to queue
[2024-01-30T15:46:22.633+0100] {logging_mixin.py:188} INFO - [2024-01-30T15:46:22.633+0100] {dagbag.py:538} INFO - Filling up the DagBag from /home/ubuntu/.local/lib/python3.10/site-packages/airflow/example_dags/example_python_operator.py
[2024-01-30T15:46:22.648+0100] {processor.py:840} INFO - DAG(s) 'example_python_operator' retrieved from /home/ubuntu/.local/lib/python3.10/site-packages/airflow/example_dags/example_python_operator.py
[2024-01-30T15:46:22.676+0100] {logging_mixin.py:188} INFO - [2024-01-30T15:46:22.675+0100] {dag.py:3033} INFO - Sync 1 DAGs
[2024-01-30T15:46:22.688+0100] {logging_mixin.py:188} INFO - [2024-01-30T15:46:22.688+0100] {dag.py:3820} INFO - Setting next_dagrun for example_python_operator to None, run_after=None
[2024-01-30T15:46:22.720+0100] {processor.py:183} INFO - Processing /home/ubuntu/.local/lib/python3.10/site-packages/airflow/example_dags/example_python_operator.py took 0.093 seconds
[2024-01-30T15:47:42.204+0100] {processor.py:161} INFO - Started process (PID=8434) to work on /home/ubuntu/.local/lib/python3.10/site-packages/airflow/example_dags/example_python_operator.py
[2024-01-30T15:47:42.219+0100] {processor.py:830} INFO - Processing file /home/ubuntu/.local/lib/python3.10/site-packages/airflow/example_dags/example_python_operator.py for tasks to queue
[2024-01-30T15:47:42.220+0100] {logging_mixin.py:188} INFO - [2024-01-30T15:47:42.220+0100] {dagbag.py:538} INFO - Filling up the DagBag from /home/ubuntu/.local/lib/python3.10/site-packages/airflow/example_dags/example_python_operator.py
[2024-01-30T15:47:42.302+0100] {processor.py:840} INFO - DAG(s) 'example_python_operator' retrieved from /home/ubuntu/.local/lib/python3.10/site-packages/airflow/example_dags/example_python_operator.py
[2024-01-30T15:47:42.395+0100] {logging_mixin.py:188} INFO - [2024-01-30T15:47:42.390+0100] {dag.py:3033} INFO - Sync 1 DAGs
[2024-01-30T15:47:42.483+0100] {logging_mixin.py:188} INFO - [2024-01-30T15:47:42.482+0100] {dag.py:3820} INFO - Setting next_dagrun for example_python_operator to None, run_after=None
[2024-01-30T15:47:42.846+0100] {processor.py:183} INFO - Processing /home/ubuntu/.local/lib/python3.10/site-packages/airflow/example_dags/example_python_operator.py took 0.673 seconds
[2024-01-30T15:51:41.928+0100] {processor.py:161} INFO - Started process (PID=9281) to work on /home/ubuntu/.local/lib/python3.10/site-packages/airflow/example_dags/example_python_operator.py
[2024-01-30T15:51:41.939+0100] {processor.py:830} INFO - Processing file /home/ubuntu/.local/lib/python3.10/site-packages/airflow/example_dags/example_python_operator.py for tasks to queue
[2024-01-30T15:51:41.940+0100] {logging_mixin.py:188} INFO - [2024-01-30T15:51:41.940+0100] {dagbag.py:538} INFO - Filling up the DagBag from /home/ubuntu/.local/lib/python3.10/site-packages/airflow/example_dags/example_python_operator.py
[2024-01-30T15:51:41.962+0100] {processor.py:840} INFO - DAG(s) 'example_python_operator' retrieved from /home/ubuntu/.local/lib/python3.10/site-packages/airflow/example_dags/example_python_operator.py
[2024-01-30T15:51:42.008+0100] {logging_mixin.py:188} INFO - [2024-01-30T15:51:42.008+0100] {dag.py:3033} INFO - Sync 1 DAGs
[2024-01-30T15:51:42.031+0100] {logging_mixin.py:188} INFO - [2024-01-30T15:51:42.031+0100] {dag.py:3820} INFO - Setting next_dagrun for example_python_operator to None, run_after=None
[2024-01-30T15:51:42.087+0100] {processor.py:183} INFO - Processing /home/ubuntu/.local/lib/python3.10/site-packages/airflow/example_dags/example_python_operator.py took 0.166 seconds
[2024-01-30T15:55:15.121+0100] {processor.py:161} INFO - Started process (PID=9844) to work on /home/ubuntu/.local/lib/python3.10/site-packages/airflow/example_dags/example_python_operator.py
[2024-01-30T15:55:15.156+0100] {processor.py:830} INFO - Processing file /home/ubuntu/.local/lib/python3.10/site-packages/airflow/example_dags/example_python_operator.py for tasks to queue
[2024-01-30T15:55:15.226+0100] {logging_mixin.py:188} INFO - [2024-01-30T15:55:15.226+0100] {dagbag.py:538} INFO - Filling up the DagBag from /home/ubuntu/.local/lib/python3.10/site-packages/airflow/example_dags/example_python_operator.py
[2024-01-30T15:55:15.280+0100] {processor.py:840} INFO - DAG(s) 'example_python_operator' retrieved from /home/ubuntu/.local/lib/python3.10/site-packages/airflow/example_dags/example_python_operator.py
[2024-01-30T15:55:15.468+0100] {logging_mixin.py:188} INFO - [2024-01-30T15:55:15.468+0100] {dag.py:3033} INFO - Sync 1 DAGs
[2024-01-30T15:55:15.550+0100] {logging_mixin.py:188} INFO - [2024-01-30T15:55:15.550+0100] {dag.py:3820} INFO - Setting next_dagrun for example_python_operator to None, run_after=None
[2024-01-30T15:55:15.696+0100] {processor.py:183} INFO - Processing /home/ubuntu/.local/lib/python3.10/site-packages/airflow/example_dags/example_python_operator.py took 0.587 seconds
[2024-01-30T15:57:22.678+0100] {processor.py:161} INFO - Started process (PID=9967) to work on /home/ubuntu/.local/lib/python3.10/site-packages/airflow/example_dags/example_python_operator.py
[2024-01-30T15:57:22.682+0100] {processor.py:830} INFO - Processing file /home/ubuntu/.local/lib/python3.10/site-packages/airflow/example_dags/example_python_operator.py for tasks to queue
[2024-01-30T15:57:22.683+0100] {logging_mixin.py:188} INFO - [2024-01-30T15:57:22.683+0100] {dagbag.py:538} INFO - Filling up the DagBag from /home/ubuntu/.local/lib/python3.10/site-packages/airflow/example_dags/example_python_operator.py
[2024-01-30T15:57:22.702+0100] {processor.py:840} INFO - DAG(s) 'example_python_operator' retrieved from /home/ubuntu/.local/lib/python3.10/site-packages/airflow/example_dags/example_python_operator.py
[2024-01-30T15:57:22.737+0100] {logging_mixin.py:188} INFO - [2024-01-30T15:57:22.737+0100] {dag.py:3033} INFO - Sync 1 DAGs
[2024-01-30T15:57:22.772+0100] {logging_mixin.py:188} INFO - [2024-01-30T15:57:22.771+0100] {dag.py:3820} INFO - Setting next_dagrun for example_python_operator to None, run_after=None
[2024-01-30T15:57:22.879+0100] {processor.py:183} INFO - Processing /home/ubuntu/.local/lib/python3.10/site-packages/airflow/example_dags/example_python_operator.py took 0.206 seconds
[2024-01-30T15:59:05.261+0100] {processor.py:161} INFO - Started process (PID=10071) to work on /home/ubuntu/.local/lib/python3.10/site-packages/airflow/example_dags/example_python_operator.py
[2024-01-30T15:59:05.291+0100] {processor.py:830} INFO - Processing file /home/ubuntu/.local/lib/python3.10/site-packages/airflow/example_dags/example_python_operator.py for tasks to queue
[2024-01-30T15:59:05.293+0100] {logging_mixin.py:188} INFO - [2024-01-30T15:59:05.292+0100] {dagbag.py:538} INFO - Filling up the DagBag from /home/ubuntu/.local/lib/python3.10/site-packages/airflow/example_dags/example_python_operator.py
[2024-01-30T15:59:05.347+0100] {processor.py:840} INFO - DAG(s) 'example_python_operator' retrieved from /home/ubuntu/.local/lib/python3.10/site-packages/airflow/example_dags/example_python_operator.py
[2024-01-30T15:59:05.542+0100] {logging_mixin.py:188} INFO - [2024-01-30T15:59:05.542+0100] {dag.py:3033} INFO - Sync 1 DAGs
[2024-01-30T15:59:05.566+0100] {logging_mixin.py:188} INFO - [2024-01-30T15:59:05.566+0100] {dag.py:3820} INFO - Setting next_dagrun for example_python_operator to None, run_after=None
[2024-01-30T15:59:05.638+0100] {processor.py:183} INFO - Processing /home/ubuntu/.local/lib/python3.10/site-packages/airflow/example_dags/example_python_operator.py took 0.420 seconds
[2024-01-30T16:00:29.009+0100] {processor.py:161} INFO - Started process (PID=10158) to work on /home/ubuntu/.local/lib/python3.10/site-packages/airflow/example_dags/example_python_operator.py
[2024-01-30T16:00:29.012+0100] {processor.py:830} INFO - Processing file /home/ubuntu/.local/lib/python3.10/site-packages/airflow/example_dags/example_python_operator.py for tasks to queue
[2024-01-30T16:00:29.013+0100] {logging_mixin.py:188} INFO - [2024-01-30T16:00:29.012+0100] {dagbag.py:538} INFO - Filling up the DagBag from /home/ubuntu/.local/lib/python3.10/site-packages/airflow/example_dags/example_python_operator.py
[2024-01-30T16:00:29.027+0100] {processor.py:840} INFO - DAG(s) 'example_python_operator' retrieved from /home/ubuntu/.local/lib/python3.10/site-packages/airflow/example_dags/example_python_operator.py
[2024-01-30T16:00:29.049+0100] {logging_mixin.py:188} INFO - [2024-01-30T16:00:29.048+0100] {dag.py:3033} INFO - Sync 1 DAGs
[2024-01-30T16:00:29.062+0100] {logging_mixin.py:188} INFO - [2024-01-30T16:00:29.062+0100] {dag.py:3820} INFO - Setting next_dagrun for example_python_operator to None, run_after=None
[2024-01-30T16:00:29.097+0100] {processor.py:183} INFO - Processing /home/ubuntu/.local/lib/python3.10/site-packages/airflow/example_dags/example_python_operator.py took 0.093 seconds
[2024-01-30T16:01:50.394+0100] {processor.py:161} INFO - Started process (PID=10246) to work on /home/ubuntu/.local/lib/python3.10/site-packages/airflow/example_dags/example_python_operator.py
[2024-01-30T16:01:50.396+0100] {processor.py:830} INFO - Processing file /home/ubuntu/.local/lib/python3.10/site-packages/airflow/example_dags/example_python_operator.py for tasks to queue
[2024-01-30T16:01:50.397+0100] {logging_mixin.py:188} INFO - [2024-01-30T16:01:50.396+0100] {dagbag.py:538} INFO - Filling up the DagBag from /home/ubuntu/.local/lib/python3.10/site-packages/airflow/example_dags/example_python_operator.py
[2024-01-30T16:01:50.419+0100] {processor.py:840} INFO - DAG(s) 'example_python_operator' retrieved from /home/ubuntu/.local/lib/python3.10/site-packages/airflow/example_dags/example_python_operator.py
[2024-01-30T16:01:50.452+0100] {logging_mixin.py:188} INFO - [2024-01-30T16:01:50.452+0100] {dag.py:3033} INFO - Sync 1 DAGs
[2024-01-30T16:01:50.470+0100] {logging_mixin.py:188} INFO - [2024-01-30T16:01:50.469+0100] {dag.py:3820} INFO - Setting next_dagrun for example_python_operator to None, run_after=None
[2024-01-30T16:01:50.687+0100] {processor.py:183} INFO - Processing /home/ubuntu/.local/lib/python3.10/site-packages/airflow/example_dags/example_python_operator.py took 0.298 seconds
[2024-01-30T16:03:24.147+0100] {processor.py:161} INFO - Started process (PID=10343) to work on /home/ubuntu/.local/lib/python3.10/site-packages/airflow/example_dags/example_python_operator.py
[2024-01-30T16:03:24.149+0100] {processor.py:830} INFO - Processing file /home/ubuntu/.local/lib/python3.10/site-packages/airflow/example_dags/example_python_operator.py for tasks to queue
[2024-01-30T16:03:24.150+0100] {logging_mixin.py:188} INFO - [2024-01-30T16:03:24.150+0100] {dagbag.py:538} INFO - Filling up the DagBag from /home/ubuntu/.local/lib/python3.10/site-packages/airflow/example_dags/example_python_operator.py
[2024-01-30T16:03:24.164+0100] {processor.py:840} INFO - DAG(s) 'example_python_operator' retrieved from /home/ubuntu/.local/lib/python3.10/site-packages/airflow/example_dags/example_python_operator.py
[2024-01-30T16:03:24.183+0100] {logging_mixin.py:188} INFO - [2024-01-30T16:03:24.183+0100] {dag.py:3033} INFO - Sync 1 DAGs
[2024-01-30T16:03:24.199+0100] {logging_mixin.py:188} INFO - [2024-01-30T16:03:24.199+0100] {dag.py:3820} INFO - Setting next_dagrun for example_python_operator to None, run_after=None
[2024-01-30T16:03:24.249+0100] {processor.py:183} INFO - Processing /home/ubuntu/.local/lib/python3.10/site-packages/airflow/example_dags/example_python_operator.py took 0.106 seconds
[2024-01-30T16:05:04.390+0100] {processor.py:161} INFO - Started process (PID=10447) to work on /home/ubuntu/.local/lib/python3.10/site-packages/airflow/example_dags/example_python_operator.py
[2024-01-30T16:05:04.404+0100] {processor.py:830} INFO - Processing file /home/ubuntu/.local/lib/python3.10/site-packages/airflow/example_dags/example_python_operator.py for tasks to queue
[2024-01-30T16:05:04.406+0100] {logging_mixin.py:188} INFO - [2024-01-30T16:05:04.405+0100] {dagbag.py:538} INFO - Filling up the DagBag from /home/ubuntu/.local/lib/python3.10/site-packages/airflow/example_dags/example_python_operator.py
[2024-01-30T16:05:04.422+0100] {processor.py:840} INFO - DAG(s) 'example_python_operator' retrieved from /home/ubuntu/.local/lib/python3.10/site-packages/airflow/example_dags/example_python_operator.py
[2024-01-30T16:05:04.444+0100] {logging_mixin.py:188} INFO - [2024-01-30T16:05:04.444+0100] {dag.py:3033} INFO - Sync 1 DAGs
[2024-01-30T16:05:04.458+0100] {logging_mixin.py:188} INFO - [2024-01-30T16:05:04.457+0100] {dag.py:3820} INFO - Setting next_dagrun for example_python_operator to None, run_after=None
[2024-01-30T16:05:04.491+0100] {processor.py:183} INFO - Processing /home/ubuntu/.local/lib/python3.10/site-packages/airflow/example_dags/example_python_operator.py took 0.105 seconds
