[2024-01-30T15:30:39.432+0100] {processor.py:161} INFO - Started process (PID=6634) to work on /home/ubuntu/.local/lib/python3.10/site-packages/airflow/example_dags/example_local_kubernetes_executor.py
[2024-01-30T15:30:39.434+0100] {processor.py:830} INFO - Processing file /home/ubuntu/.local/lib/python3.10/site-packages/airflow/example_dags/example_local_kubernetes_executor.py for tasks to queue
[2024-01-30T15:30:39.435+0100] {logging_mixin.py:188} INFO - [2024-01-30T15:30:39.435+0100] {dagbag.py:538} INFO - Filling up the DagBag from /home/ubuntu/.local/lib/python3.10/site-packages/airflow/example_dags/example_local_kubernetes_executor.py
[2024-01-30T15:30:39.829+0100] {processor.py:840} INFO - DAG(s) 'example_local_kubernetes_executor' retrieved from /home/ubuntu/.local/lib/python3.10/site-packages/airflow/example_dags/example_local_kubernetes_executor.py
[2024-01-30T15:30:39.845+0100] {logging_mixin.py:188} WARNING - /home/ubuntu/.local/lib/python3.10/site-packages/airflow/serialization/serialized_objects.py:1563 DeprecationWarning: This module is deprecated. The `cncf.kubernetes` provider before version 7.4.0 uses this module - you should migrate to a newer version of `cncf.kubernetes` to get rid of this warning. If you import the module via `airflow.kubernetes` import, please use `cncf.kubernetes' provider 7.4.0+ and switch all your imports to use `apache.airflow.providers.cncf.kubernetes` to get rid of the warning.
[2024-01-30T15:30:39.922+0100] {logging_mixin.py:188} INFO - [2024-01-30T15:30:39.922+0100] {dag.py:3033} INFO - Sync 1 DAGs
[2024-01-30T15:30:39.936+0100] {logging_mixin.py:188} INFO - [2024-01-30T15:30:39.936+0100] {dag.py:3820} INFO - Setting next_dagrun for example_local_kubernetes_executor to None, run_after=None
[2024-01-30T15:30:39.969+0100] {processor.py:183} INFO - Processing /home/ubuntu/.local/lib/python3.10/site-packages/airflow/example_dags/example_local_kubernetes_executor.py took 0.544 seconds
[2024-01-30T15:31:35.749+0100] {processor.py:161} INFO - Started process (PID=6693) to work on /home/ubuntu/.local/lib/python3.10/site-packages/airflow/example_dags/example_local_kubernetes_executor.py
[2024-01-30T15:31:35.752+0100] {processor.py:830} INFO - Processing file /home/ubuntu/.local/lib/python3.10/site-packages/airflow/example_dags/example_local_kubernetes_executor.py for tasks to queue
[2024-01-30T15:31:35.753+0100] {logging_mixin.py:188} INFO - [2024-01-30T15:31:35.753+0100] {dagbag.py:538} INFO - Filling up the DagBag from /home/ubuntu/.local/lib/python3.10/site-packages/airflow/example_dags/example_local_kubernetes_executor.py
[2024-01-30T15:31:36.147+0100] {processor.py:840} INFO - DAG(s) 'example_local_kubernetes_executor' retrieved from /home/ubuntu/.local/lib/python3.10/site-packages/airflow/example_dags/example_local_kubernetes_executor.py
[2024-01-30T15:31:36.162+0100] {logging_mixin.py:188} WARNING - /home/ubuntu/.local/lib/python3.10/site-packages/airflow/serialization/serialized_objects.py:1563 DeprecationWarning: This module is deprecated. The `cncf.kubernetes` provider before version 7.4.0 uses this module - you should migrate to a newer version of `cncf.kubernetes` to get rid of this warning. If you import the module via `airflow.kubernetes` import, please use `cncf.kubernetes' provider 7.4.0+ and switch all your imports to use `apache.airflow.providers.cncf.kubernetes` to get rid of the warning.
[2024-01-30T15:31:36.169+0100] {logging_mixin.py:188} INFO - [2024-01-30T15:31:36.168+0100] {dag.py:3033} INFO - Sync 1 DAGs
[2024-01-30T15:31:36.179+0100] {logging_mixin.py:188} INFO - [2024-01-30T15:31:36.178+0100] {dag.py:3820} INFO - Setting next_dagrun for example_local_kubernetes_executor to None, run_after=None
[2024-01-30T15:31:36.208+0100] {processor.py:183} INFO - Processing /home/ubuntu/.local/lib/python3.10/site-packages/airflow/example_dags/example_local_kubernetes_executor.py took 0.463 seconds
[2024-01-30T15:33:23.626+0100] {processor.py:161} INFO - Started process (PID=6803) to work on /home/ubuntu/.local/lib/python3.10/site-packages/airflow/example_dags/example_local_kubernetes_executor.py
[2024-01-30T15:33:23.629+0100] {processor.py:830} INFO - Processing file /home/ubuntu/.local/lib/python3.10/site-packages/airflow/example_dags/example_local_kubernetes_executor.py for tasks to queue
[2024-01-30T15:33:23.630+0100] {logging_mixin.py:188} INFO - [2024-01-30T15:33:23.630+0100] {dagbag.py:538} INFO - Filling up the DagBag from /home/ubuntu/.local/lib/python3.10/site-packages/airflow/example_dags/example_local_kubernetes_executor.py
[2024-01-30T15:33:23.973+0100] {processor.py:840} INFO - DAG(s) 'example_local_kubernetes_executor' retrieved from /home/ubuntu/.local/lib/python3.10/site-packages/airflow/example_dags/example_local_kubernetes_executor.py
[2024-01-30T15:33:23.992+0100] {logging_mixin.py:188} WARNING - /home/ubuntu/.local/lib/python3.10/site-packages/airflow/serialization/serialized_objects.py:1563 DeprecationWarning: This module is deprecated. The `cncf.kubernetes` provider before version 7.4.0 uses this module - you should migrate to a newer version of `cncf.kubernetes` to get rid of this warning. If you import the module via `airflow.kubernetes` import, please use `cncf.kubernetes' provider 7.4.0+ and switch all your imports to use `apache.airflow.providers.cncf.kubernetes` to get rid of the warning.
[2024-01-30T15:33:24.002+0100] {logging_mixin.py:188} INFO - [2024-01-30T15:33:24.001+0100] {dag.py:3033} INFO - Sync 1 DAGs
[2024-01-30T15:33:24.018+0100] {logging_mixin.py:188} INFO - [2024-01-30T15:33:24.018+0100] {dag.py:3820} INFO - Setting next_dagrun for example_local_kubernetes_executor to None, run_after=None
[2024-01-30T15:33:24.059+0100] {processor.py:183} INFO - Processing /home/ubuntu/.local/lib/python3.10/site-packages/airflow/example_dags/example_local_kubernetes_executor.py took 0.436 seconds
[2024-01-30T15:34:24.257+0100] {processor.py:161} INFO - Started process (PID=6864) to work on /home/ubuntu/.local/lib/python3.10/site-packages/airflow/example_dags/example_local_kubernetes_executor.py
[2024-01-30T15:34:24.259+0100] {processor.py:830} INFO - Processing file /home/ubuntu/.local/lib/python3.10/site-packages/airflow/example_dags/example_local_kubernetes_executor.py for tasks to queue
[2024-01-30T15:34:24.261+0100] {logging_mixin.py:188} INFO - [2024-01-30T15:34:24.261+0100] {dagbag.py:538} INFO - Filling up the DagBag from /home/ubuntu/.local/lib/python3.10/site-packages/airflow/example_dags/example_local_kubernetes_executor.py
[2024-01-30T15:34:24.722+0100] {processor.py:840} INFO - DAG(s) 'example_local_kubernetes_executor' retrieved from /home/ubuntu/.local/lib/python3.10/site-packages/airflow/example_dags/example_local_kubernetes_executor.py
[2024-01-30T15:34:24.758+0100] {logging_mixin.py:188} WARNING - /home/ubuntu/.local/lib/python3.10/site-packages/airflow/serialization/serialized_objects.py:1563 DeprecationWarning: This module is deprecated. The `cncf.kubernetes` provider before version 7.4.0 uses this module - you should migrate to a newer version of `cncf.kubernetes` to get rid of this warning. If you import the module via `airflow.kubernetes` import, please use `cncf.kubernetes' provider 7.4.0+ and switch all your imports to use `apache.airflow.providers.cncf.kubernetes` to get rid of the warning.
[2024-01-30T15:34:24.766+0100] {logging_mixin.py:188} INFO - [2024-01-30T15:34:24.765+0100] {dag.py:3033} INFO - Sync 1 DAGs
[2024-01-30T15:34:24.774+0100] {logging_mixin.py:188} INFO - [2024-01-30T15:34:24.774+0100] {dag.py:3820} INFO - Setting next_dagrun for example_local_kubernetes_executor to None, run_after=None
[2024-01-30T15:34:24.803+0100] {processor.py:183} INFO - Processing /home/ubuntu/.local/lib/python3.10/site-packages/airflow/example_dags/example_local_kubernetes_executor.py took 0.550 seconds
[2024-01-30T15:35:18.671+0100] {processor.py:161} INFO - Started process (PID=6923) to work on /home/ubuntu/.local/lib/python3.10/site-packages/airflow/example_dags/example_local_kubernetes_executor.py
[2024-01-30T15:35:18.673+0100] {processor.py:830} INFO - Processing file /home/ubuntu/.local/lib/python3.10/site-packages/airflow/example_dags/example_local_kubernetes_executor.py for tasks to queue
[2024-01-30T15:35:18.675+0100] {logging_mixin.py:188} INFO - [2024-01-30T15:35:18.674+0100] {dagbag.py:538} INFO - Filling up the DagBag from /home/ubuntu/.local/lib/python3.10/site-packages/airflow/example_dags/example_local_kubernetes_executor.py
[2024-01-30T15:35:18.987+0100] {processor.py:840} INFO - DAG(s) 'example_local_kubernetes_executor' retrieved from /home/ubuntu/.local/lib/python3.10/site-packages/airflow/example_dags/example_local_kubernetes_executor.py
[2024-01-30T15:35:19.010+0100] {logging_mixin.py:188} WARNING - /home/ubuntu/.local/lib/python3.10/site-packages/airflow/serialization/serialized_objects.py:1563 DeprecationWarning: This module is deprecated. The `cncf.kubernetes` provider before version 7.4.0 uses this module - you should migrate to a newer version of `cncf.kubernetes` to get rid of this warning. If you import the module via `airflow.kubernetes` import, please use `cncf.kubernetes' provider 7.4.0+ and switch all your imports to use `apache.airflow.providers.cncf.kubernetes` to get rid of the warning.
[2024-01-30T15:35:19.021+0100] {logging_mixin.py:188} INFO - [2024-01-30T15:35:19.020+0100] {dag.py:3033} INFO - Sync 1 DAGs
[2024-01-30T15:35:19.038+0100] {logging_mixin.py:188} INFO - [2024-01-30T15:35:19.038+0100] {dag.py:3820} INFO - Setting next_dagrun for example_local_kubernetes_executor to None, run_after=None
[2024-01-30T15:35:19.085+0100] {processor.py:183} INFO - Processing /home/ubuntu/.local/lib/python3.10/site-packages/airflow/example_dags/example_local_kubernetes_executor.py took 0.417 seconds
[2024-01-30T15:36:33.184+0100] {processor.py:161} INFO - Started process (PID=6999) to work on /home/ubuntu/.local/lib/python3.10/site-packages/airflow/example_dags/example_local_kubernetes_executor.py
[2024-01-30T15:36:33.190+0100] {processor.py:830} INFO - Processing file /home/ubuntu/.local/lib/python3.10/site-packages/airflow/example_dags/example_local_kubernetes_executor.py for tasks to queue
[2024-01-30T15:36:33.199+0100] {logging_mixin.py:188} INFO - [2024-01-30T15:36:33.198+0100] {dagbag.py:538} INFO - Filling up the DagBag from /home/ubuntu/.local/lib/python3.10/site-packages/airflow/example_dags/example_local_kubernetes_executor.py
[2024-01-30T15:36:33.494+0100] {processor.py:840} INFO - DAG(s) 'example_local_kubernetes_executor' retrieved from /home/ubuntu/.local/lib/python3.10/site-packages/airflow/example_dags/example_local_kubernetes_executor.py
[2024-01-30T15:36:33.540+0100] {logging_mixin.py:188} WARNING - /home/ubuntu/.local/lib/python3.10/site-packages/airflow/serialization/serialized_objects.py:1563 DeprecationWarning: This module is deprecated. The `cncf.kubernetes` provider before version 7.4.0 uses this module - you should migrate to a newer version of `cncf.kubernetes` to get rid of this warning. If you import the module via `airflow.kubernetes` import, please use `cncf.kubernetes' provider 7.4.0+ and switch all your imports to use `apache.airflow.providers.cncf.kubernetes` to get rid of the warning.
[2024-01-30T15:36:33.574+0100] {logging_mixin.py:188} INFO - [2024-01-30T15:36:33.572+0100] {dag.py:3033} INFO - Sync 1 DAGs
[2024-01-30T15:36:33.641+0100] {logging_mixin.py:188} INFO - [2024-01-30T15:36:33.641+0100] {dag.py:3820} INFO - Setting next_dagrun for example_local_kubernetes_executor to None, run_after=None
[2024-01-30T15:36:33.818+0100] {processor.py:183} INFO - Processing /home/ubuntu/.local/lib/python3.10/site-packages/airflow/example_dags/example_local_kubernetes_executor.py took 0.638 seconds
[2024-01-30T15:37:52.238+0100] {processor.py:161} INFO - Started process (PID=7086) to work on /home/ubuntu/.local/lib/python3.10/site-packages/airflow/example_dags/example_local_kubernetes_executor.py
[2024-01-30T15:37:52.252+0100] {processor.py:830} INFO - Processing file /home/ubuntu/.local/lib/python3.10/site-packages/airflow/example_dags/example_local_kubernetes_executor.py for tasks to queue
[2024-01-30T15:37:52.253+0100] {logging_mixin.py:188} INFO - [2024-01-30T15:37:52.252+0100] {dagbag.py:538} INFO - Filling up the DagBag from /home/ubuntu/.local/lib/python3.10/site-packages/airflow/example_dags/example_local_kubernetes_executor.py
[2024-01-30T15:37:52.771+0100] {processor.py:840} INFO - DAG(s) 'example_local_kubernetes_executor' retrieved from /home/ubuntu/.local/lib/python3.10/site-packages/airflow/example_dags/example_local_kubernetes_executor.py
[2024-01-30T15:37:52.784+0100] {logging_mixin.py:188} WARNING - /home/ubuntu/.local/lib/python3.10/site-packages/airflow/serialization/serialized_objects.py:1563 DeprecationWarning: This module is deprecated. The `cncf.kubernetes` provider before version 7.4.0 uses this module - you should migrate to a newer version of `cncf.kubernetes` to get rid of this warning. If you import the module via `airflow.kubernetes` import, please use `cncf.kubernetes' provider 7.4.0+ and switch all your imports to use `apache.airflow.providers.cncf.kubernetes` to get rid of the warning.
[2024-01-30T15:37:52.791+0100] {logging_mixin.py:188} INFO - [2024-01-30T15:37:52.790+0100] {dag.py:3033} INFO - Sync 1 DAGs
[2024-01-30T15:37:52.802+0100] {logging_mixin.py:188} INFO - [2024-01-30T15:37:52.802+0100] {dag.py:3820} INFO - Setting next_dagrun for example_local_kubernetes_executor to None, run_after=None
[2024-01-30T15:37:52.837+0100] {processor.py:183} INFO - Processing /home/ubuntu/.local/lib/python3.10/site-packages/airflow/example_dags/example_local_kubernetes_executor.py took 0.602 seconds
[2024-01-30T15:39:17.147+0100] {processor.py:161} INFO - Started process (PID=7252) to work on /home/ubuntu/.local/lib/python3.10/site-packages/airflow/example_dags/example_local_kubernetes_executor.py
[2024-01-30T15:39:17.150+0100] {processor.py:830} INFO - Processing file /home/ubuntu/.local/lib/python3.10/site-packages/airflow/example_dags/example_local_kubernetes_executor.py for tasks to queue
[2024-01-30T15:39:17.152+0100] {logging_mixin.py:188} INFO - [2024-01-30T15:39:17.151+0100] {dagbag.py:538} INFO - Filling up the DagBag from /home/ubuntu/.local/lib/python3.10/site-packages/airflow/example_dags/example_local_kubernetes_executor.py
[2024-01-30T15:39:17.497+0100] {processor.py:840} INFO - DAG(s) 'example_local_kubernetes_executor' retrieved from /home/ubuntu/.local/lib/python3.10/site-packages/airflow/example_dags/example_local_kubernetes_executor.py
[2024-01-30T15:39:17.519+0100] {logging_mixin.py:188} WARNING - /home/ubuntu/.local/lib/python3.10/site-packages/airflow/serialization/serialized_objects.py:1563 DeprecationWarning: This module is deprecated. The `cncf.kubernetes` provider before version 7.4.0 uses this module - you should migrate to a newer version of `cncf.kubernetes` to get rid of this warning. If you import the module via `airflow.kubernetes` import, please use `cncf.kubernetes' provider 7.4.0+ and switch all your imports to use `apache.airflow.providers.cncf.kubernetes` to get rid of the warning.
[2024-01-30T15:39:17.537+0100] {logging_mixin.py:188} INFO - [2024-01-30T15:39:17.536+0100] {dag.py:3033} INFO - Sync 1 DAGs
[2024-01-30T15:39:17.559+0100] {logging_mixin.py:188} INFO - [2024-01-30T15:39:17.558+0100] {dag.py:3820} INFO - Setting next_dagrun for example_local_kubernetes_executor to None, run_after=None
[2024-01-30T15:39:17.611+0100] {processor.py:183} INFO - Processing /home/ubuntu/.local/lib/python3.10/site-packages/airflow/example_dags/example_local_kubernetes_executor.py took 0.467 seconds
[2024-01-30T15:40:10.101+0100] {processor.py:161} INFO - Started process (PID=7312) to work on /home/ubuntu/.local/lib/python3.10/site-packages/airflow/example_dags/example_local_kubernetes_executor.py
[2024-01-30T15:40:10.139+0100] {processor.py:830} INFO - Processing file /home/ubuntu/.local/lib/python3.10/site-packages/airflow/example_dags/example_local_kubernetes_executor.py for tasks to queue
[2024-01-30T15:40:10.141+0100] {logging_mixin.py:188} INFO - [2024-01-30T15:40:10.140+0100] {dagbag.py:538} INFO - Filling up the DagBag from /home/ubuntu/.local/lib/python3.10/site-packages/airflow/example_dags/example_local_kubernetes_executor.py
[2024-01-30T15:40:10.496+0100] {processor.py:840} INFO - DAG(s) 'example_local_kubernetes_executor' retrieved from /home/ubuntu/.local/lib/python3.10/site-packages/airflow/example_dags/example_local_kubernetes_executor.py
[2024-01-30T15:40:10.516+0100] {logging_mixin.py:188} WARNING - /home/ubuntu/.local/lib/python3.10/site-packages/airflow/serialization/serialized_objects.py:1563 DeprecationWarning: This module is deprecated. The `cncf.kubernetes` provider before version 7.4.0 uses this module - you should migrate to a newer version of `cncf.kubernetes` to get rid of this warning. If you import the module via `airflow.kubernetes` import, please use `cncf.kubernetes' provider 7.4.0+ and switch all your imports to use `apache.airflow.providers.cncf.kubernetes` to get rid of the warning.
[2024-01-30T15:40:10.527+0100] {logging_mixin.py:188} INFO - [2024-01-30T15:40:10.526+0100] {dag.py:3033} INFO - Sync 1 DAGs
[2024-01-30T15:40:10.538+0100] {logging_mixin.py:188} INFO - [2024-01-30T15:40:10.538+0100] {dag.py:3820} INFO - Setting next_dagrun for example_local_kubernetes_executor to None, run_after=None
[2024-01-30T15:40:10.571+0100] {processor.py:183} INFO - Processing /home/ubuntu/.local/lib/python3.10/site-packages/airflow/example_dags/example_local_kubernetes_executor.py took 0.476 seconds
[2024-01-30T15:41:10.850+0100] {processor.py:161} INFO - Started process (PID=7369) to work on /home/ubuntu/.local/lib/python3.10/site-packages/airflow/example_dags/example_local_kubernetes_executor.py
[2024-01-30T15:41:10.853+0100] {processor.py:830} INFO - Processing file /home/ubuntu/.local/lib/python3.10/site-packages/airflow/example_dags/example_local_kubernetes_executor.py for tasks to queue
[2024-01-30T15:41:10.855+0100] {logging_mixin.py:188} INFO - [2024-01-30T15:41:10.855+0100] {dagbag.py:538} INFO - Filling up the DagBag from /home/ubuntu/.local/lib/python3.10/site-packages/airflow/example_dags/example_local_kubernetes_executor.py
[2024-01-30T15:41:11.362+0100] {processor.py:840} INFO - DAG(s) 'example_local_kubernetes_executor' retrieved from /home/ubuntu/.local/lib/python3.10/site-packages/airflow/example_dags/example_local_kubernetes_executor.py
[2024-01-30T15:41:11.382+0100] {logging_mixin.py:188} WARNING - /home/ubuntu/.local/lib/python3.10/site-packages/airflow/serialization/serialized_objects.py:1563 DeprecationWarning: This module is deprecated. The `cncf.kubernetes` provider before version 7.4.0 uses this module - you should migrate to a newer version of `cncf.kubernetes` to get rid of this warning. If you import the module via `airflow.kubernetes` import, please use `cncf.kubernetes' provider 7.4.0+ and switch all your imports to use `apache.airflow.providers.cncf.kubernetes` to get rid of the warning.
[2024-01-30T15:41:11.398+0100] {logging_mixin.py:188} INFO - [2024-01-30T15:41:11.395+0100] {dag.py:3033} INFO - Sync 1 DAGs
[2024-01-30T15:41:11.429+0100] {logging_mixin.py:188} INFO - [2024-01-30T15:41:11.428+0100] {dag.py:3820} INFO - Setting next_dagrun for example_local_kubernetes_executor to None, run_after=None
[2024-01-30T15:41:11.684+0100] {processor.py:183} INFO - Processing /home/ubuntu/.local/lib/python3.10/site-packages/airflow/example_dags/example_local_kubernetes_executor.py took 0.837 seconds
[2024-01-30T15:42:14.061+0100] {processor.py:161} INFO - Started process (PID=7475) to work on /home/ubuntu/.local/lib/python3.10/site-packages/airflow/example_dags/example_local_kubernetes_executor.py
[2024-01-30T15:42:14.064+0100] {processor.py:830} INFO - Processing file /home/ubuntu/.local/lib/python3.10/site-packages/airflow/example_dags/example_local_kubernetes_executor.py for tasks to queue
[2024-01-30T15:42:14.073+0100] {logging_mixin.py:188} INFO - [2024-01-30T15:42:14.072+0100] {dagbag.py:538} INFO - Filling up the DagBag from /home/ubuntu/.local/lib/python3.10/site-packages/airflow/example_dags/example_local_kubernetes_executor.py
[2024-01-30T15:42:14.383+0100] {processor.py:840} INFO - DAG(s) 'example_local_kubernetes_executor' retrieved from /home/ubuntu/.local/lib/python3.10/site-packages/airflow/example_dags/example_local_kubernetes_executor.py
[2024-01-30T15:42:14.396+0100] {logging_mixin.py:188} WARNING - /home/ubuntu/.local/lib/python3.10/site-packages/airflow/serialization/serialized_objects.py:1563 DeprecationWarning: This module is deprecated. The `cncf.kubernetes` provider before version 7.4.0 uses this module - you should migrate to a newer version of `cncf.kubernetes` to get rid of this warning. If you import the module via `airflow.kubernetes` import, please use `cncf.kubernetes' provider 7.4.0+ and switch all your imports to use `apache.airflow.providers.cncf.kubernetes` to get rid of the warning.
[2024-01-30T15:42:14.403+0100] {logging_mixin.py:188} INFO - [2024-01-30T15:42:14.401+0100] {dag.py:3033} INFO - Sync 1 DAGs
[2024-01-30T15:42:14.413+0100] {logging_mixin.py:188} INFO - [2024-01-30T15:42:14.413+0100] {dag.py:3820} INFO - Setting next_dagrun for example_local_kubernetes_executor to None, run_after=None
[2024-01-30T15:42:14.442+0100] {processor.py:183} INFO - Processing /home/ubuntu/.local/lib/python3.10/site-packages/airflow/example_dags/example_local_kubernetes_executor.py took 0.384 seconds
[2024-01-30T15:43:17.276+0100] {processor.py:161} INFO - Started process (PID=7756) to work on /home/ubuntu/.local/lib/python3.10/site-packages/airflow/example_dags/example_local_kubernetes_executor.py
[2024-01-30T15:43:17.284+0100] {processor.py:830} INFO - Processing file /home/ubuntu/.local/lib/python3.10/site-packages/airflow/example_dags/example_local_kubernetes_executor.py for tasks to queue
[2024-01-30T15:43:17.286+0100] {logging_mixin.py:188} INFO - [2024-01-30T15:43:17.286+0100] {dagbag.py:538} INFO - Filling up the DagBag from /home/ubuntu/.local/lib/python3.10/site-packages/airflow/example_dags/example_local_kubernetes_executor.py
[2024-01-30T15:43:17.642+0100] {processor.py:840} INFO - DAG(s) 'example_local_kubernetes_executor' retrieved from /home/ubuntu/.local/lib/python3.10/site-packages/airflow/example_dags/example_local_kubernetes_executor.py
[2024-01-30T15:43:17.660+0100] {logging_mixin.py:188} WARNING - /home/ubuntu/.local/lib/python3.10/site-packages/airflow/serialization/serialized_objects.py:1563 DeprecationWarning: This module is deprecated. The `cncf.kubernetes` provider before version 7.4.0 uses this module - you should migrate to a newer version of `cncf.kubernetes` to get rid of this warning. If you import the module via `airflow.kubernetes` import, please use `cncf.kubernetes' provider 7.4.0+ and switch all your imports to use `apache.airflow.providers.cncf.kubernetes` to get rid of the warning.
[2024-01-30T15:43:17.667+0100] {logging_mixin.py:188} INFO - [2024-01-30T15:43:17.667+0100] {dag.py:3033} INFO - Sync 1 DAGs
[2024-01-30T15:43:17.680+0100] {logging_mixin.py:188} INFO - [2024-01-30T15:43:17.679+0100] {dag.py:3820} INFO - Setting next_dagrun for example_local_kubernetes_executor to None, run_after=None
[2024-01-30T15:43:17.713+0100] {processor.py:183} INFO - Processing /home/ubuntu/.local/lib/python3.10/site-packages/airflow/example_dags/example_local_kubernetes_executor.py took 0.455 seconds
[2024-01-30T15:44:19.106+0100] {processor.py:161} INFO - Started process (PID=8057) to work on /home/ubuntu/.local/lib/python3.10/site-packages/airflow/example_dags/example_local_kubernetes_executor.py
[2024-01-30T15:44:19.158+0100] {processor.py:830} INFO - Processing file /home/ubuntu/.local/lib/python3.10/site-packages/airflow/example_dags/example_local_kubernetes_executor.py for tasks to queue
[2024-01-30T15:44:19.159+0100] {logging_mixin.py:188} INFO - [2024-01-30T15:44:19.159+0100] {dagbag.py:538} INFO - Filling up the DagBag from /home/ubuntu/.local/lib/python3.10/site-packages/airflow/example_dags/example_local_kubernetes_executor.py
[2024-01-30T15:44:20.534+0100] {processor.py:840} INFO - DAG(s) 'example_local_kubernetes_executor' retrieved from /home/ubuntu/.local/lib/python3.10/site-packages/airflow/example_dags/example_local_kubernetes_executor.py
[2024-01-30T15:44:20.548+0100] {logging_mixin.py:188} WARNING - /home/ubuntu/.local/lib/python3.10/site-packages/airflow/serialization/serialized_objects.py:1563 DeprecationWarning: This module is deprecated. The `cncf.kubernetes` provider before version 7.4.0 uses this module - you should migrate to a newer version of `cncf.kubernetes` to get rid of this warning. If you import the module via `airflow.kubernetes` import, please use `cncf.kubernetes' provider 7.4.0+ and switch all your imports to use `apache.airflow.providers.cncf.kubernetes` to get rid of the warning.
[2024-01-30T15:44:20.556+0100] {logging_mixin.py:188} INFO - [2024-01-30T15:44:20.554+0100] {dag.py:3033} INFO - Sync 1 DAGs
[2024-01-30T15:44:20.569+0100] {logging_mixin.py:188} INFO - [2024-01-30T15:44:20.568+0100] {dag.py:3820} INFO - Setting next_dagrun for example_local_kubernetes_executor to None, run_after=None
[2024-01-30T15:44:20.606+0100] {processor.py:183} INFO - Processing /home/ubuntu/.local/lib/python3.10/site-packages/airflow/example_dags/example_local_kubernetes_executor.py took 1.522 seconds
[2024-01-30T15:45:19.342+0100] {processor.py:161} INFO - Started process (PID=8245) to work on /home/ubuntu/.local/lib/python3.10/site-packages/airflow/example_dags/example_local_kubernetes_executor.py
[2024-01-30T15:45:19.344+0100] {processor.py:830} INFO - Processing file /home/ubuntu/.local/lib/python3.10/site-packages/airflow/example_dags/example_local_kubernetes_executor.py for tasks to queue
[2024-01-30T15:45:19.345+0100] {logging_mixin.py:188} INFO - [2024-01-30T15:45:19.345+0100] {dagbag.py:538} INFO - Filling up the DagBag from /home/ubuntu/.local/lib/python3.10/site-packages/airflow/example_dags/example_local_kubernetes_executor.py
[2024-01-30T15:45:19.713+0100] {processor.py:840} INFO - DAG(s) 'example_local_kubernetes_executor' retrieved from /home/ubuntu/.local/lib/python3.10/site-packages/airflow/example_dags/example_local_kubernetes_executor.py
[2024-01-30T15:45:19.735+0100] {logging_mixin.py:188} WARNING - /home/ubuntu/.local/lib/python3.10/site-packages/airflow/serialization/serialized_objects.py:1563 DeprecationWarning: This module is deprecated. The `cncf.kubernetes` provider before version 7.4.0 uses this module - you should migrate to a newer version of `cncf.kubernetes` to get rid of this warning. If you import the module via `airflow.kubernetes` import, please use `cncf.kubernetes' provider 7.4.0+ and switch all your imports to use `apache.airflow.providers.cncf.kubernetes` to get rid of the warning.
[2024-01-30T15:45:19.745+0100] {logging_mixin.py:188} INFO - [2024-01-30T15:45:19.743+0100] {dag.py:3033} INFO - Sync 1 DAGs
[2024-01-30T15:45:19.760+0100] {logging_mixin.py:188} INFO - [2024-01-30T15:45:19.759+0100] {dag.py:3820} INFO - Setting next_dagrun for example_local_kubernetes_executor to None, run_after=None
[2024-01-30T15:45:19.797+0100] {processor.py:183} INFO - Processing /home/ubuntu/.local/lib/python3.10/site-packages/airflow/example_dags/example_local_kubernetes_executor.py took 0.459 seconds
[2024-01-30T15:46:20.900+0100] {processor.py:161} INFO - Started process (PID=8314) to work on /home/ubuntu/.local/lib/python3.10/site-packages/airflow/example_dags/example_local_kubernetes_executor.py
[2024-01-30T15:46:20.902+0100] {processor.py:830} INFO - Processing file /home/ubuntu/.local/lib/python3.10/site-packages/airflow/example_dags/example_local_kubernetes_executor.py for tasks to queue
[2024-01-30T15:46:20.903+0100] {logging_mixin.py:188} INFO - [2024-01-30T15:46:20.903+0100] {dagbag.py:538} INFO - Filling up the DagBag from /home/ubuntu/.local/lib/python3.10/site-packages/airflow/example_dags/example_local_kubernetes_executor.py
[2024-01-30T15:46:21.215+0100] {processor.py:840} INFO - DAG(s) 'example_local_kubernetes_executor' retrieved from /home/ubuntu/.local/lib/python3.10/site-packages/airflow/example_dags/example_local_kubernetes_executor.py
[2024-01-30T15:46:21.228+0100] {logging_mixin.py:188} WARNING - /home/ubuntu/.local/lib/python3.10/site-packages/airflow/serialization/serialized_objects.py:1563 DeprecationWarning: This module is deprecated. The `cncf.kubernetes` provider before version 7.4.0 uses this module - you should migrate to a newer version of `cncf.kubernetes` to get rid of this warning. If you import the module via `airflow.kubernetes` import, please use `cncf.kubernetes' provider 7.4.0+ and switch all your imports to use `apache.airflow.providers.cncf.kubernetes` to get rid of the warning.
[2024-01-30T15:46:21.235+0100] {logging_mixin.py:188} INFO - [2024-01-30T15:46:21.234+0100] {dag.py:3033} INFO - Sync 1 DAGs
[2024-01-30T15:46:21.248+0100] {logging_mixin.py:188} INFO - [2024-01-30T15:46:21.247+0100] {dag.py:3820} INFO - Setting next_dagrun for example_local_kubernetes_executor to None, run_after=None
[2024-01-30T15:46:21.275+0100] {processor.py:183} INFO - Processing /home/ubuntu/.local/lib/python3.10/site-packages/airflow/example_dags/example_local_kubernetes_executor.py took 0.378 seconds
[2024-01-30T15:47:38.259+0100] {processor.py:161} INFO - Started process (PID=8416) to work on /home/ubuntu/.local/lib/python3.10/site-packages/airflow/example_dags/example_local_kubernetes_executor.py
[2024-01-30T15:47:38.267+0100] {processor.py:830} INFO - Processing file /home/ubuntu/.local/lib/python3.10/site-packages/airflow/example_dags/example_local_kubernetes_executor.py for tasks to queue
[2024-01-30T15:47:38.273+0100] {logging_mixin.py:188} INFO - [2024-01-30T15:47:38.269+0100] {dagbag.py:538} INFO - Filling up the DagBag from /home/ubuntu/.local/lib/python3.10/site-packages/airflow/example_dags/example_local_kubernetes_executor.py
[2024-01-30T15:47:39.490+0100] {processor.py:840} INFO - DAG(s) 'example_local_kubernetes_executor' retrieved from /home/ubuntu/.local/lib/python3.10/site-packages/airflow/example_dags/example_local_kubernetes_executor.py
[2024-01-30T15:47:39.520+0100] {logging_mixin.py:188} WARNING - /home/ubuntu/.local/lib/python3.10/site-packages/airflow/serialization/serialized_objects.py:1563 DeprecationWarning: This module is deprecated. The `cncf.kubernetes` provider before version 7.4.0 uses this module - you should migrate to a newer version of `cncf.kubernetes` to get rid of this warning. If you import the module via `airflow.kubernetes` import, please use `cncf.kubernetes' provider 7.4.0+ and switch all your imports to use `apache.airflow.providers.cncf.kubernetes` to get rid of the warning.
[2024-01-30T15:47:39.542+0100] {logging_mixin.py:188} INFO - [2024-01-30T15:47:39.540+0100] {dag.py:3033} INFO - Sync 1 DAGs
[2024-01-30T15:47:39.575+0100] {logging_mixin.py:188} INFO - [2024-01-30T15:47:39.574+0100] {dag.py:3820} INFO - Setting next_dagrun for example_local_kubernetes_executor to None, run_after=None
[2024-01-30T15:47:39.638+0100] {processor.py:183} INFO - Processing /home/ubuntu/.local/lib/python3.10/site-packages/airflow/example_dags/example_local_kubernetes_executor.py took 1.419 seconds
[2024-01-30T15:51:36.866+0100] {processor.py:161} INFO - Started process (PID=9264) to work on /home/ubuntu/.local/lib/python3.10/site-packages/airflow/example_dags/example_local_kubernetes_executor.py
[2024-01-30T15:51:36.887+0100] {processor.py:830} INFO - Processing file /home/ubuntu/.local/lib/python3.10/site-packages/airflow/example_dags/example_local_kubernetes_executor.py for tasks to queue
[2024-01-30T15:51:36.910+0100] {logging_mixin.py:188} INFO - [2024-01-30T15:51:36.897+0100] {dagbag.py:538} INFO - Filling up the DagBag from /home/ubuntu/.local/lib/python3.10/site-packages/airflow/example_dags/example_local_kubernetes_executor.py
[2024-01-30T15:51:39.752+0100] {processor.py:840} INFO - DAG(s) 'example_local_kubernetes_executor' retrieved from /home/ubuntu/.local/lib/python3.10/site-packages/airflow/example_dags/example_local_kubernetes_executor.py
[2024-01-30T15:51:39.818+0100] {logging_mixin.py:188} WARNING - /home/ubuntu/.local/lib/python3.10/site-packages/airflow/serialization/serialized_objects.py:1563 DeprecationWarning: This module is deprecated. The `cncf.kubernetes` provider before version 7.4.0 uses this module - you should migrate to a newer version of `cncf.kubernetes` to get rid of this warning. If you import the module via `airflow.kubernetes` import, please use `cncf.kubernetes' provider 7.4.0+ and switch all your imports to use `apache.airflow.providers.cncf.kubernetes` to get rid of the warning.
[2024-01-30T15:51:39.894+0100] {logging_mixin.py:188} INFO - [2024-01-30T15:51:39.870+0100] {dag.py:3033} INFO - Sync 1 DAGs
[2024-01-30T15:51:39.934+0100] {logging_mixin.py:188} INFO - [2024-01-30T15:51:39.933+0100] {dag.py:3820} INFO - Setting next_dagrun for example_local_kubernetes_executor to None, run_after=None
[2024-01-30T15:51:40.014+0100] {processor.py:183} INFO - Processing /home/ubuntu/.local/lib/python3.10/site-packages/airflow/example_dags/example_local_kubernetes_executor.py took 3.183 seconds
[2024-01-30T15:55:11.576+0100] {processor.py:161} INFO - Started process (PID=9839) to work on /home/ubuntu/.local/lib/python3.10/site-packages/airflow/example_dags/example_local_kubernetes_executor.py
[2024-01-30T15:55:11.611+0100] {processor.py:830} INFO - Processing file /home/ubuntu/.local/lib/python3.10/site-packages/airflow/example_dags/example_local_kubernetes_executor.py for tasks to queue
[2024-01-30T15:55:11.613+0100] {logging_mixin.py:188} INFO - [2024-01-30T15:55:11.612+0100] {dagbag.py:538} INFO - Filling up the DagBag from /home/ubuntu/.local/lib/python3.10/site-packages/airflow/example_dags/example_local_kubernetes_executor.py
[2024-01-30T15:55:12.399+0100] {processor.py:840} INFO - DAG(s) 'example_local_kubernetes_executor' retrieved from /home/ubuntu/.local/lib/python3.10/site-packages/airflow/example_dags/example_local_kubernetes_executor.py
[2024-01-30T15:55:12.416+0100] {logging_mixin.py:188} WARNING - /home/ubuntu/.local/lib/python3.10/site-packages/airflow/serialization/serialized_objects.py:1563 DeprecationWarning: This module is deprecated. The `cncf.kubernetes` provider before version 7.4.0 uses this module - you should migrate to a newer version of `cncf.kubernetes` to get rid of this warning. If you import the module via `airflow.kubernetes` import, please use `cncf.kubernetes' provider 7.4.0+ and switch all your imports to use `apache.airflow.providers.cncf.kubernetes` to get rid of the warning.
[2024-01-30T15:55:12.461+0100] {logging_mixin.py:188} INFO - [2024-01-30T15:55:12.461+0100] {dag.py:3033} INFO - Sync 1 DAGs
[2024-01-30T15:55:12.521+0100] {logging_mixin.py:188} INFO - [2024-01-30T15:55:12.520+0100] {dag.py:3820} INFO - Setting next_dagrun for example_local_kubernetes_executor to None, run_after=None
[2024-01-30T15:55:12.818+0100] {processor.py:183} INFO - Processing /home/ubuntu/.local/lib/python3.10/site-packages/airflow/example_dags/example_local_kubernetes_executor.py took 1.248 seconds
[2024-01-30T15:57:18.824+0100] {processor.py:161} INFO - Started process (PID=9965) to work on /home/ubuntu/.local/lib/python3.10/site-packages/airflow/example_dags/example_local_kubernetes_executor.py
[2024-01-30T15:57:18.845+0100] {processor.py:830} INFO - Processing file /home/ubuntu/.local/lib/python3.10/site-packages/airflow/example_dags/example_local_kubernetes_executor.py for tasks to queue
[2024-01-30T15:57:18.855+0100] {logging_mixin.py:188} INFO - [2024-01-30T15:57:18.855+0100] {dagbag.py:538} INFO - Filling up the DagBag from /home/ubuntu/.local/lib/python3.10/site-packages/airflow/example_dags/example_local_kubernetes_executor.py
[2024-01-30T15:57:19.670+0100] {processor.py:840} INFO - DAG(s) 'example_local_kubernetes_executor' retrieved from /home/ubuntu/.local/lib/python3.10/site-packages/airflow/example_dags/example_local_kubernetes_executor.py
[2024-01-30T15:57:19.800+0100] {logging_mixin.py:188} WARNING - /home/ubuntu/.local/lib/python3.10/site-packages/airflow/serialization/serialized_objects.py:1563 DeprecationWarning: This module is deprecated. The `cncf.kubernetes` provider before version 7.4.0 uses this module - you should migrate to a newer version of `cncf.kubernetes` to get rid of this warning. If you import the module via `airflow.kubernetes` import, please use `cncf.kubernetes' provider 7.4.0+ and switch all your imports to use `apache.airflow.providers.cncf.kubernetes` to get rid of the warning.
[2024-01-30T15:57:19.831+0100] {logging_mixin.py:188} INFO - [2024-01-30T15:57:19.830+0100] {dag.py:3033} INFO - Sync 1 DAGs
[2024-01-30T15:57:19.873+0100] {logging_mixin.py:188} INFO - [2024-01-30T15:57:19.872+0100] {dag.py:3820} INFO - Setting next_dagrun for example_local_kubernetes_executor to None, run_after=None
[2024-01-30T15:57:20.022+0100] {processor.py:183} INFO - Processing /home/ubuntu/.local/lib/python3.10/site-packages/airflow/example_dags/example_local_kubernetes_executor.py took 1.265 seconds
[2024-01-30T15:58:56.507+0100] {processor.py:161} INFO - Started process (PID=10062) to work on /home/ubuntu/.local/lib/python3.10/site-packages/airflow/example_dags/example_local_kubernetes_executor.py
[2024-01-30T15:58:56.514+0100] {processor.py:830} INFO - Processing file /home/ubuntu/.local/lib/python3.10/site-packages/airflow/example_dags/example_local_kubernetes_executor.py for tasks to queue
[2024-01-30T15:58:56.517+0100] {logging_mixin.py:188} INFO - [2024-01-30T15:58:56.516+0100] {dagbag.py:538} INFO - Filling up the DagBag from /home/ubuntu/.local/lib/python3.10/site-packages/airflow/example_dags/example_local_kubernetes_executor.py
[2024-01-30T15:58:57.928+0100] {processor.py:840} INFO - DAG(s) 'example_local_kubernetes_executor' retrieved from /home/ubuntu/.local/lib/python3.10/site-packages/airflow/example_dags/example_local_kubernetes_executor.py
[2024-01-30T15:58:57.966+0100] {logging_mixin.py:188} WARNING - /home/ubuntu/.local/lib/python3.10/site-packages/airflow/serialization/serialized_objects.py:1563 DeprecationWarning: This module is deprecated. The `cncf.kubernetes` provider before version 7.4.0 uses this module - you should migrate to a newer version of `cncf.kubernetes` to get rid of this warning. If you import the module via `airflow.kubernetes` import, please use `cncf.kubernetes' provider 7.4.0+ and switch all your imports to use `apache.airflow.providers.cncf.kubernetes` to get rid of the warning.
[2024-01-30T15:58:57.985+0100] {logging_mixin.py:188} INFO - [2024-01-30T15:58:57.983+0100] {dag.py:3033} INFO - Sync 1 DAGs
[2024-01-30T15:58:58.060+0100] {logging_mixin.py:188} INFO - [2024-01-30T15:58:58.054+0100] {dag.py:3820} INFO - Setting next_dagrun for example_local_kubernetes_executor to None, run_after=None
[2024-01-30T15:58:58.303+0100] {processor.py:183} INFO - Processing /home/ubuntu/.local/lib/python3.10/site-packages/airflow/example_dags/example_local_kubernetes_executor.py took 1.838 seconds
[2024-01-30T16:00:27.029+0100] {processor.py:161} INFO - Started process (PID=10156) to work on /home/ubuntu/.local/lib/python3.10/site-packages/airflow/example_dags/example_local_kubernetes_executor.py
[2024-01-30T16:00:27.034+0100] {processor.py:830} INFO - Processing file /home/ubuntu/.local/lib/python3.10/site-packages/airflow/example_dags/example_local_kubernetes_executor.py for tasks to queue
[2024-01-30T16:00:27.036+0100] {logging_mixin.py:188} INFO - [2024-01-30T16:00:27.035+0100] {dagbag.py:538} INFO - Filling up the DagBag from /home/ubuntu/.local/lib/python3.10/site-packages/airflow/example_dags/example_local_kubernetes_executor.py
[2024-01-30T16:00:27.304+0100] {processor.py:840} INFO - DAG(s) 'example_local_kubernetes_executor' retrieved from /home/ubuntu/.local/lib/python3.10/site-packages/airflow/example_dags/example_local_kubernetes_executor.py
[2024-01-30T16:00:27.317+0100] {logging_mixin.py:188} WARNING - /home/ubuntu/.local/lib/python3.10/site-packages/airflow/serialization/serialized_objects.py:1563 DeprecationWarning: This module is deprecated. The `cncf.kubernetes` provider before version 7.4.0 uses this module - you should migrate to a newer version of `cncf.kubernetes` to get rid of this warning. If you import the module via `airflow.kubernetes` import, please use `cncf.kubernetes' provider 7.4.0+ and switch all your imports to use `apache.airflow.providers.cncf.kubernetes` to get rid of the warning.
[2024-01-30T16:00:27.323+0100] {logging_mixin.py:188} INFO - [2024-01-30T16:00:27.322+0100] {dag.py:3033} INFO - Sync 1 DAGs
[2024-01-30T16:00:27.331+0100] {logging_mixin.py:188} INFO - [2024-01-30T16:00:27.331+0100] {dag.py:3820} INFO - Setting next_dagrun for example_local_kubernetes_executor to None, run_after=None
[2024-01-30T16:00:27.388+0100] {processor.py:183} INFO - Processing /home/ubuntu/.local/lib/python3.10/site-packages/airflow/example_dags/example_local_kubernetes_executor.py took 0.364 seconds
[2024-01-30T16:01:47.716+0100] {processor.py:161} INFO - Started process (PID=10244) to work on /home/ubuntu/.local/lib/python3.10/site-packages/airflow/example_dags/example_local_kubernetes_executor.py
[2024-01-30T16:01:47.718+0100] {processor.py:830} INFO - Processing file /home/ubuntu/.local/lib/python3.10/site-packages/airflow/example_dags/example_local_kubernetes_executor.py for tasks to queue
[2024-01-30T16:01:47.720+0100] {logging_mixin.py:188} INFO - [2024-01-30T16:01:47.719+0100] {dagbag.py:538} INFO - Filling up the DagBag from /home/ubuntu/.local/lib/python3.10/site-packages/airflow/example_dags/example_local_kubernetes_executor.py
[2024-01-30T16:01:48.077+0100] {processor.py:840} INFO - DAG(s) 'example_local_kubernetes_executor' retrieved from /home/ubuntu/.local/lib/python3.10/site-packages/airflow/example_dags/example_local_kubernetes_executor.py
[2024-01-30T16:01:48.098+0100] {logging_mixin.py:188} WARNING - /home/ubuntu/.local/lib/python3.10/site-packages/airflow/serialization/serialized_objects.py:1563 DeprecationWarning: This module is deprecated. The `cncf.kubernetes` provider before version 7.4.0 uses this module - you should migrate to a newer version of `cncf.kubernetes` to get rid of this warning. If you import the module via `airflow.kubernetes` import, please use `cncf.kubernetes' provider 7.4.0+ and switch all your imports to use `apache.airflow.providers.cncf.kubernetes` to get rid of the warning.
[2024-01-30T16:01:48.111+0100] {logging_mixin.py:188} INFO - [2024-01-30T16:01:48.110+0100] {dag.py:3033} INFO - Sync 1 DAGs
[2024-01-30T16:01:48.131+0100] {logging_mixin.py:188} INFO - [2024-01-30T16:01:48.131+0100] {dag.py:3820} INFO - Setting next_dagrun for example_local_kubernetes_executor to None, run_after=None
[2024-01-30T16:01:48.170+0100] {processor.py:183} INFO - Processing /home/ubuntu/.local/lib/python3.10/site-packages/airflow/example_dags/example_local_kubernetes_executor.py took 0.458 seconds
[2024-01-30T16:03:21.856+0100] {processor.py:161} INFO - Started process (PID=10341) to work on /home/ubuntu/.local/lib/python3.10/site-packages/airflow/example_dags/example_local_kubernetes_executor.py
[2024-01-30T16:03:21.858+0100] {processor.py:830} INFO - Processing file /home/ubuntu/.local/lib/python3.10/site-packages/airflow/example_dags/example_local_kubernetes_executor.py for tasks to queue
[2024-01-30T16:03:21.859+0100] {logging_mixin.py:188} INFO - [2024-01-30T16:03:21.859+0100] {dagbag.py:538} INFO - Filling up the DagBag from /home/ubuntu/.local/lib/python3.10/site-packages/airflow/example_dags/example_local_kubernetes_executor.py
[2024-01-30T16:03:22.196+0100] {processor.py:840} INFO - DAG(s) 'example_local_kubernetes_executor' retrieved from /home/ubuntu/.local/lib/python3.10/site-packages/airflow/example_dags/example_local_kubernetes_executor.py
[2024-01-30T16:03:22.208+0100] {logging_mixin.py:188} WARNING - /home/ubuntu/.local/lib/python3.10/site-packages/airflow/serialization/serialized_objects.py:1563 DeprecationWarning: This module is deprecated. The `cncf.kubernetes` provider before version 7.4.0 uses this module - you should migrate to a newer version of `cncf.kubernetes` to get rid of this warning. If you import the module via `airflow.kubernetes` import, please use `cncf.kubernetes' provider 7.4.0+ and switch all your imports to use `apache.airflow.providers.cncf.kubernetes` to get rid of the warning.
[2024-01-30T16:03:22.215+0100] {logging_mixin.py:188} INFO - [2024-01-30T16:03:22.215+0100] {dag.py:3033} INFO - Sync 1 DAGs
[2024-01-30T16:03:22.225+0100] {logging_mixin.py:188} INFO - [2024-01-30T16:03:22.225+0100] {dag.py:3820} INFO - Setting next_dagrun for example_local_kubernetes_executor to None, run_after=None
[2024-01-30T16:03:22.268+0100] {processor.py:183} INFO - Processing /home/ubuntu/.local/lib/python3.10/site-packages/airflow/example_dags/example_local_kubernetes_executor.py took 0.416 seconds
[2024-01-30T16:04:56.499+0100] {processor.py:161} INFO - Started process (PID=10442) to work on /home/ubuntu/.local/lib/python3.10/site-packages/airflow/example_dags/example_local_kubernetes_executor.py
[2024-01-30T16:04:56.516+0100] {processor.py:830} INFO - Processing file /home/ubuntu/.local/lib/python3.10/site-packages/airflow/example_dags/example_local_kubernetes_executor.py for tasks to queue
[2024-01-30T16:04:56.531+0100] {logging_mixin.py:188} INFO - [2024-01-30T16:04:56.531+0100] {dagbag.py:538} INFO - Filling up the DagBag from /home/ubuntu/.local/lib/python3.10/site-packages/airflow/example_dags/example_local_kubernetes_executor.py
[2024-01-30T16:04:58.806+0100] {processor.py:840} INFO - DAG(s) 'example_local_kubernetes_executor' retrieved from /home/ubuntu/.local/lib/python3.10/site-packages/airflow/example_dags/example_local_kubernetes_executor.py
[2024-01-30T16:04:59.125+0100] {logging_mixin.py:188} WARNING - /home/ubuntu/.local/lib/python3.10/site-packages/airflow/serialization/serialized_objects.py:1563 DeprecationWarning: This module is deprecated. The `cncf.kubernetes` provider before version 7.4.0 uses this module - you should migrate to a newer version of `cncf.kubernetes` to get rid of this warning. If you import the module via `airflow.kubernetes` import, please use `cncf.kubernetes' provider 7.4.0+ and switch all your imports to use `apache.airflow.providers.cncf.kubernetes` to get rid of the warning.
[2024-01-30T16:04:59.680+0100] {logging_mixin.py:188} INFO - [2024-01-30T16:04:59.678+0100] {dag.py:3033} INFO - Sync 1 DAGs
[2024-01-30T16:04:59.856+0100] {logging_mixin.py:188} INFO - [2024-01-30T16:04:59.856+0100] {dag.py:3820} INFO - Setting next_dagrun for example_local_kubernetes_executor to None, run_after=None
[2024-01-30T16:05:00.414+0100] {processor.py:183} INFO - Processing /home/ubuntu/.local/lib/python3.10/site-packages/airflow/example_dags/example_local_kubernetes_executor.py took 3.925 seconds
