[2024-01-30T15:29:52.871+0100] {processor.py:161} INFO - Started process (PID=6589) to work on /home/ubuntu/.local/lib/python3.10/site-packages/airflow/example_dags/example_subdag_operator.py
[2024-01-30T15:29:52.872+0100] {processor.py:830} INFO - Processing file /home/ubuntu/.local/lib/python3.10/site-packages/airflow/example_dags/example_subdag_operator.py for tasks to queue
[2024-01-30T15:29:52.874+0100] {logging_mixin.py:188} INFO - [2024-01-30T15:29:52.873+0100] {dagbag.py:538} INFO - Filling up the DagBag from /home/ubuntu/.local/lib/python3.10/site-packages/airflow/example_dags/example_subdag_operator.py
[2024-01-30T15:29:52.894+0100] {processor.py:840} INFO - DAG(s) 'example_subdag_operator.section-1', 'example_subdag_operator.section-2', 'example_subdag_operator' retrieved from /home/ubuntu/.local/lib/python3.10/site-packages/airflow/example_dags/example_subdag_operator.py
[2024-01-30T15:29:52.900+0100] {logging_mixin.py:188} INFO - [2024-01-30T15:29:52.900+0100] {dag.py:3033} INFO - Sync 3 DAGs
[2024-01-30T15:29:52.921+0100] {logging_mixin.py:188} INFO - [2024-01-30T15:29:52.921+0100] {dag.py:3820} INFO - Setting next_dagrun for example_subdag_operator to 2022-01-01T00:00:00+00:00, run_after=2022-01-01T00:00:00+00:00
[2024-01-30T15:29:52.926+0100] {logging_mixin.py:188} INFO - [2024-01-30T15:29:52.926+0100] {dag.py:3820} INFO - Setting next_dagrun for example_subdag_operator.section-1 to None, run_after=None
[2024-01-30T15:29:52.928+0100] {logging_mixin.py:188} INFO - [2024-01-30T15:29:52.928+0100] {dag.py:3820} INFO - Setting next_dagrun for example_subdag_operator.section-2 to None, run_after=None
[2024-01-30T15:29:52.941+0100] {logging_mixin.py:188} INFO - [2024-01-30T15:29:52.940+0100] {dag.py:3033} INFO - Sync 2 DAGs
[2024-01-30T15:29:52.950+0100] {logging_mixin.py:188} INFO - [2024-01-30T15:29:52.949+0100] {dag.py:3820} INFO - Setting next_dagrun for example_subdag_operator.section-1 to None, run_after=None
[2024-01-30T15:29:52.950+0100] {logging_mixin.py:188} INFO - [2024-01-30T15:29:52.950+0100] {dag.py:3820} INFO - Setting next_dagrun for example_subdag_operator.section-2 to None, run_after=None
[2024-01-30T15:29:52.977+0100] {processor.py:183} INFO - Processing /home/ubuntu/.local/lib/python3.10/site-packages/airflow/example_dags/example_subdag_operator.py took 0.111 seconds
[2024-01-30T15:30:56.834+0100] {processor.py:161} INFO - Started process (PID=6649) to work on /home/ubuntu/.local/lib/python3.10/site-packages/airflow/example_dags/example_subdag_operator.py
[2024-01-30T15:30:56.837+0100] {processor.py:830} INFO - Processing file /home/ubuntu/.local/lib/python3.10/site-packages/airflow/example_dags/example_subdag_operator.py for tasks to queue
[2024-01-30T15:30:56.838+0100] {logging_mixin.py:188} INFO - [2024-01-30T15:30:56.838+0100] {dagbag.py:538} INFO - Filling up the DagBag from /home/ubuntu/.local/lib/python3.10/site-packages/airflow/example_dags/example_subdag_operator.py
[2024-01-30T15:30:56.873+0100] {processor.py:840} INFO - DAG(s) 'example_subdag_operator.section-1', 'example_subdag_operator.section-2', 'example_subdag_operator' retrieved from /home/ubuntu/.local/lib/python3.10/site-packages/airflow/example_dags/example_subdag_operator.py
[2024-01-30T15:30:56.971+0100] {logging_mixin.py:188} INFO - [2024-01-30T15:30:56.971+0100] {dag.py:3033} INFO - Sync 3 DAGs
[2024-01-30T15:30:56.996+0100] {logging_mixin.py:188} INFO - [2024-01-30T15:30:56.995+0100] {dag.py:3820} INFO - Setting next_dagrun for example_subdag_operator to 2022-01-01T00:00:00+00:00, run_after=2022-01-01T00:00:00+00:00
[2024-01-30T15:30:57.000+0100] {logging_mixin.py:188} INFO - [2024-01-30T15:30:57.000+0100] {dag.py:3820} INFO - Setting next_dagrun for example_subdag_operator.section-1 to None, run_after=None
[2024-01-30T15:30:57.002+0100] {logging_mixin.py:188} INFO - [2024-01-30T15:30:57.002+0100] {dag.py:3820} INFO - Setting next_dagrun for example_subdag_operator.section-2 to None, run_after=None
[2024-01-30T15:30:57.012+0100] {logging_mixin.py:188} INFO - [2024-01-30T15:30:57.012+0100] {dag.py:3033} INFO - Sync 2 DAGs
[2024-01-30T15:30:57.017+0100] {logging_mixin.py:188} INFO - [2024-01-30T15:30:57.017+0100] {dag.py:3820} INFO - Setting next_dagrun for example_subdag_operator.section-1 to None, run_after=None
[2024-01-30T15:30:57.018+0100] {logging_mixin.py:188} INFO - [2024-01-30T15:30:57.018+0100] {dag.py:3820} INFO - Setting next_dagrun for example_subdag_operator.section-2 to None, run_after=None
[2024-01-30T15:30:57.041+0100] {processor.py:183} INFO - Processing /home/ubuntu/.local/lib/python3.10/site-packages/airflow/example_dags/example_subdag_operator.py took 0.213 seconds
[2024-01-30T15:31:49.635+0100] {processor.py:161} INFO - Started process (PID=6707) to work on /home/ubuntu/.local/lib/python3.10/site-packages/airflow/example_dags/example_subdag_operator.py
[2024-01-30T15:31:49.639+0100] {processor.py:830} INFO - Processing file /home/ubuntu/.local/lib/python3.10/site-packages/airflow/example_dags/example_subdag_operator.py for tasks to queue
[2024-01-30T15:31:49.642+0100] {logging_mixin.py:188} INFO - [2024-01-30T15:31:49.641+0100] {dagbag.py:538} INFO - Filling up the DagBag from /home/ubuntu/.local/lib/python3.10/site-packages/airflow/example_dags/example_subdag_operator.py
[2024-01-30T15:31:49.678+0100] {processor.py:840} INFO - DAG(s) 'example_subdag_operator.section-1', 'example_subdag_operator.section-2', 'example_subdag_operator' retrieved from /home/ubuntu/.local/lib/python3.10/site-packages/airflow/example_dags/example_subdag_operator.py
[2024-01-30T15:31:49.735+0100] {logging_mixin.py:188} INFO - [2024-01-30T15:31:49.734+0100] {dag.py:3033} INFO - Sync 3 DAGs
[2024-01-30T15:31:49.801+0100] {logging_mixin.py:188} INFO - [2024-01-30T15:31:49.800+0100] {dag.py:3820} INFO - Setting next_dagrun for example_subdag_operator to 2022-01-01T00:00:00+00:00, run_after=2022-01-01T00:00:00+00:00
[2024-01-30T15:31:49.805+0100] {logging_mixin.py:188} INFO - [2024-01-30T15:31:49.805+0100] {dag.py:3820} INFO - Setting next_dagrun for example_subdag_operator.section-1 to None, run_after=None
[2024-01-30T15:31:49.806+0100] {logging_mixin.py:188} INFO - [2024-01-30T15:31:49.806+0100] {dag.py:3820} INFO - Setting next_dagrun for example_subdag_operator.section-2 to None, run_after=None
[2024-01-30T15:31:49.815+0100] {logging_mixin.py:188} INFO - [2024-01-30T15:31:49.815+0100] {dag.py:3033} INFO - Sync 2 DAGs
[2024-01-30T15:31:49.822+0100] {logging_mixin.py:188} INFO - [2024-01-30T15:31:49.822+0100] {dag.py:3820} INFO - Setting next_dagrun for example_subdag_operator.section-1 to None, run_after=None
[2024-01-30T15:31:49.823+0100] {logging_mixin.py:188} INFO - [2024-01-30T15:31:49.823+0100] {dag.py:3820} INFO - Setting next_dagrun for example_subdag_operator.section-2 to None, run_after=None
[2024-01-30T15:31:49.853+0100] {processor.py:183} INFO - Processing /home/ubuntu/.local/lib/python3.10/site-packages/airflow/example_dags/example_subdag_operator.py took 0.222 seconds
[2024-01-30T15:32:54.893+0100] {processor.py:161} INFO - Started process (PID=6774) to work on /home/ubuntu/.local/lib/python3.10/site-packages/airflow/example_dags/example_subdag_operator.py
[2024-01-30T15:32:54.896+0100] {processor.py:830} INFO - Processing file /home/ubuntu/.local/lib/python3.10/site-packages/airflow/example_dags/example_subdag_operator.py for tasks to queue
[2024-01-30T15:32:54.897+0100] {logging_mixin.py:188} INFO - [2024-01-30T15:32:54.897+0100] {dagbag.py:538} INFO - Filling up the DagBag from /home/ubuntu/.local/lib/python3.10/site-packages/airflow/example_dags/example_subdag_operator.py
[2024-01-30T15:32:54.927+0100] {processor.py:840} INFO - DAG(s) 'example_subdag_operator.section-1', 'example_subdag_operator.section-2', 'example_subdag_operator' retrieved from /home/ubuntu/.local/lib/python3.10/site-packages/airflow/example_dags/example_subdag_operator.py
[2024-01-30T15:32:54.944+0100] {logging_mixin.py:188} INFO - [2024-01-30T15:32:54.944+0100] {dag.py:3033} INFO - Sync 3 DAGs
[2024-01-30T15:32:54.967+0100] {logging_mixin.py:188} INFO - [2024-01-30T15:32:54.967+0100] {dag.py:3820} INFO - Setting next_dagrun for example_subdag_operator to 2022-01-01T00:00:00+00:00, run_after=2022-01-01T00:00:00+00:00
[2024-01-30T15:32:54.971+0100] {logging_mixin.py:188} INFO - [2024-01-30T15:32:54.971+0100] {dag.py:3820} INFO - Setting next_dagrun for example_subdag_operator.section-1 to None, run_after=None
[2024-01-30T15:32:54.973+0100] {logging_mixin.py:188} INFO - [2024-01-30T15:32:54.973+0100] {dag.py:3820} INFO - Setting next_dagrun for example_subdag_operator.section-2 to None, run_after=None
[2024-01-30T15:32:54.982+0100] {logging_mixin.py:188} INFO - [2024-01-30T15:32:54.982+0100] {dag.py:3033} INFO - Sync 2 DAGs
[2024-01-30T15:32:54.987+0100] {logging_mixin.py:188} INFO - [2024-01-30T15:32:54.987+0100] {dag.py:3820} INFO - Setting next_dagrun for example_subdag_operator.section-1 to None, run_after=None
[2024-01-30T15:32:54.988+0100] {logging_mixin.py:188} INFO - [2024-01-30T15:32:54.988+0100] {dag.py:3820} INFO - Setting next_dagrun for example_subdag_operator.section-2 to None, run_after=None
[2024-01-30T15:32:55.014+0100] {processor.py:183} INFO - Processing /home/ubuntu/.local/lib/python3.10/site-packages/airflow/example_dags/example_subdag_operator.py took 0.124 seconds
[2024-01-30T15:33:38.432+0100] {processor.py:161} INFO - Started process (PID=6819) to work on /home/ubuntu/.local/lib/python3.10/site-packages/airflow/example_dags/example_subdag_operator.py
[2024-01-30T15:33:38.434+0100] {processor.py:830} INFO - Processing file /home/ubuntu/.local/lib/python3.10/site-packages/airflow/example_dags/example_subdag_operator.py for tasks to queue
[2024-01-30T15:33:38.435+0100] {logging_mixin.py:188} INFO - [2024-01-30T15:33:38.434+0100] {dagbag.py:538} INFO - Filling up the DagBag from /home/ubuntu/.local/lib/python3.10/site-packages/airflow/example_dags/example_subdag_operator.py
[2024-01-30T15:33:38.460+0100] {processor.py:840} INFO - DAG(s) 'example_subdag_operator.section-1', 'example_subdag_operator.section-2', 'example_subdag_operator' retrieved from /home/ubuntu/.local/lib/python3.10/site-packages/airflow/example_dags/example_subdag_operator.py
[2024-01-30T15:33:38.477+0100] {logging_mixin.py:188} INFO - [2024-01-30T15:33:38.477+0100] {dag.py:3033} INFO - Sync 3 DAGs
[2024-01-30T15:33:38.500+0100] {logging_mixin.py:188} INFO - [2024-01-30T15:33:38.500+0100] {dag.py:3820} INFO - Setting next_dagrun for example_subdag_operator to 2022-01-01T00:00:00+00:00, run_after=2022-01-01T00:00:00+00:00
[2024-01-30T15:33:38.504+0100] {logging_mixin.py:188} INFO - [2024-01-30T15:33:38.504+0100] {dag.py:3820} INFO - Setting next_dagrun for example_subdag_operator.section-1 to None, run_after=None
[2024-01-30T15:33:38.505+0100] {logging_mixin.py:188} INFO - [2024-01-30T15:33:38.505+0100] {dag.py:3820} INFO - Setting next_dagrun for example_subdag_operator.section-2 to None, run_after=None
[2024-01-30T15:33:38.519+0100] {logging_mixin.py:188} INFO - [2024-01-30T15:33:38.518+0100] {dag.py:3033} INFO - Sync 2 DAGs
[2024-01-30T15:33:38.525+0100] {logging_mixin.py:188} INFO - [2024-01-30T15:33:38.525+0100] {dag.py:3820} INFO - Setting next_dagrun for example_subdag_operator.section-1 to None, run_after=None
[2024-01-30T15:33:38.525+0100] {logging_mixin.py:188} INFO - [2024-01-30T15:33:38.525+0100] {dag.py:3820} INFO - Setting next_dagrun for example_subdag_operator.section-2 to None, run_after=None
[2024-01-30T15:33:38.555+0100] {processor.py:183} INFO - Processing /home/ubuntu/.local/lib/python3.10/site-packages/airflow/example_dags/example_subdag_operator.py took 0.126 seconds
[2024-01-30T15:34:36.093+0100] {processor.py:161} INFO - Started process (PID=6878) to work on /home/ubuntu/.local/lib/python3.10/site-packages/airflow/example_dags/example_subdag_operator.py
[2024-01-30T15:34:36.096+0100] {processor.py:830} INFO - Processing file /home/ubuntu/.local/lib/python3.10/site-packages/airflow/example_dags/example_subdag_operator.py for tasks to queue
[2024-01-30T15:34:36.097+0100] {logging_mixin.py:188} INFO - [2024-01-30T15:34:36.097+0100] {dagbag.py:538} INFO - Filling up the DagBag from /home/ubuntu/.local/lib/python3.10/site-packages/airflow/example_dags/example_subdag_operator.py
[2024-01-30T15:34:36.118+0100] {processor.py:840} INFO - DAG(s) 'example_subdag_operator.section-1', 'example_subdag_operator.section-2', 'example_subdag_operator' retrieved from /home/ubuntu/.local/lib/python3.10/site-packages/airflow/example_dags/example_subdag_operator.py
[2024-01-30T15:34:36.136+0100] {logging_mixin.py:188} INFO - [2024-01-30T15:34:36.135+0100] {dag.py:3033} INFO - Sync 3 DAGs
[2024-01-30T15:34:36.162+0100] {logging_mixin.py:188} INFO - [2024-01-30T15:34:36.162+0100] {dag.py:3820} INFO - Setting next_dagrun for example_subdag_operator to 2022-01-01T00:00:00+00:00, run_after=2022-01-01T00:00:00+00:00
[2024-01-30T15:34:36.166+0100] {logging_mixin.py:188} INFO - [2024-01-30T15:34:36.165+0100] {dag.py:3820} INFO - Setting next_dagrun for example_subdag_operator.section-1 to None, run_after=None
[2024-01-30T15:34:36.167+0100] {logging_mixin.py:188} INFO - [2024-01-30T15:34:36.167+0100] {dag.py:3820} INFO - Setting next_dagrun for example_subdag_operator.section-2 to None, run_after=None
[2024-01-30T15:34:36.175+0100] {logging_mixin.py:188} INFO - [2024-01-30T15:34:36.174+0100] {dag.py:3033} INFO - Sync 2 DAGs
[2024-01-30T15:34:36.181+0100] {logging_mixin.py:188} INFO - [2024-01-30T15:34:36.181+0100] {dag.py:3820} INFO - Setting next_dagrun for example_subdag_operator.section-1 to None, run_after=None
[2024-01-30T15:34:36.182+0100] {logging_mixin.py:188} INFO - [2024-01-30T15:34:36.181+0100] {dag.py:3820} INFO - Setting next_dagrun for example_subdag_operator.section-2 to None, run_after=None
[2024-01-30T15:34:36.206+0100] {processor.py:183} INFO - Processing /home/ubuntu/.local/lib/python3.10/site-packages/airflow/example_dags/example_subdag_operator.py took 0.118 seconds
[2024-01-30T15:35:28.135+0100] {processor.py:161} INFO - Started process (PID=6933) to work on /home/ubuntu/.local/lib/python3.10/site-packages/airflow/example_dags/example_subdag_operator.py
[2024-01-30T15:35:28.138+0100] {processor.py:830} INFO - Processing file /home/ubuntu/.local/lib/python3.10/site-packages/airflow/example_dags/example_subdag_operator.py for tasks to queue
[2024-01-30T15:35:28.139+0100] {logging_mixin.py:188} INFO - [2024-01-30T15:35:28.138+0100] {dagbag.py:538} INFO - Filling up the DagBag from /home/ubuntu/.local/lib/python3.10/site-packages/airflow/example_dags/example_subdag_operator.py
[2024-01-30T15:35:28.163+0100] {processor.py:840} INFO - DAG(s) 'example_subdag_operator.section-1', 'example_subdag_operator.section-2', 'example_subdag_operator' retrieved from /home/ubuntu/.local/lib/python3.10/site-packages/airflow/example_dags/example_subdag_operator.py
[2024-01-30T15:35:28.186+0100] {logging_mixin.py:188} INFO - [2024-01-30T15:35:28.186+0100] {dag.py:3033} INFO - Sync 3 DAGs
[2024-01-30T15:35:28.208+0100] {logging_mixin.py:188} INFO - [2024-01-30T15:35:28.208+0100] {dag.py:3820} INFO - Setting next_dagrun for example_subdag_operator to 2022-01-01T00:00:00+00:00, run_after=2022-01-01T00:00:00+00:00
[2024-01-30T15:35:28.212+0100] {logging_mixin.py:188} INFO - [2024-01-30T15:35:28.212+0100] {dag.py:3820} INFO - Setting next_dagrun for example_subdag_operator.section-1 to None, run_after=None
[2024-01-30T15:35:28.214+0100] {logging_mixin.py:188} INFO - [2024-01-30T15:35:28.214+0100] {dag.py:3820} INFO - Setting next_dagrun for example_subdag_operator.section-2 to None, run_after=None
[2024-01-30T15:35:28.225+0100] {logging_mixin.py:188} INFO - [2024-01-30T15:35:28.225+0100] {dag.py:3033} INFO - Sync 2 DAGs
[2024-01-30T15:35:28.230+0100] {logging_mixin.py:188} INFO - [2024-01-30T15:35:28.230+0100] {dag.py:3820} INFO - Setting next_dagrun for example_subdag_operator.section-1 to None, run_after=None
[2024-01-30T15:35:28.230+0100] {logging_mixin.py:188} INFO - [2024-01-30T15:35:28.230+0100] {dag.py:3820} INFO - Setting next_dagrun for example_subdag_operator.section-2 to None, run_after=None
[2024-01-30T15:35:28.252+0100] {processor.py:183} INFO - Processing /home/ubuntu/.local/lib/python3.10/site-packages/airflow/example_dags/example_subdag_operator.py took 0.122 seconds
[2024-01-30T15:36:16.111+0100] {processor.py:161} INFO - Started process (PID=6983) to work on /home/ubuntu/.local/lib/python3.10/site-packages/airflow/example_dags/example_subdag_operator.py
[2024-01-30T15:36:16.113+0100] {processor.py:830} INFO - Processing file /home/ubuntu/.local/lib/python3.10/site-packages/airflow/example_dags/example_subdag_operator.py for tasks to queue
[2024-01-30T15:36:16.114+0100] {logging_mixin.py:188} INFO - [2024-01-30T15:36:16.114+0100] {dagbag.py:538} INFO - Filling up the DagBag from /home/ubuntu/.local/lib/python3.10/site-packages/airflow/example_dags/example_subdag_operator.py
[2024-01-30T15:36:16.146+0100] {processor.py:840} INFO - DAG(s) 'example_subdag_operator.section-1', 'example_subdag_operator.section-2', 'example_subdag_operator' retrieved from /home/ubuntu/.local/lib/python3.10/site-packages/airflow/example_dags/example_subdag_operator.py
[2024-01-30T15:36:16.167+0100] {logging_mixin.py:188} INFO - [2024-01-30T15:36:16.167+0100] {dag.py:3033} INFO - Sync 3 DAGs
[2024-01-30T15:36:16.187+0100] {logging_mixin.py:188} INFO - [2024-01-30T15:36:16.187+0100] {dag.py:3820} INFO - Setting next_dagrun for example_subdag_operator to 2022-01-01T00:00:00+00:00, run_after=2022-01-01T00:00:00+00:00
[2024-01-30T15:36:16.193+0100] {logging_mixin.py:188} INFO - [2024-01-30T15:36:16.192+0100] {dag.py:3820} INFO - Setting next_dagrun for example_subdag_operator.section-1 to None, run_after=None
[2024-01-30T15:36:16.194+0100] {logging_mixin.py:188} INFO - [2024-01-30T15:36:16.194+0100] {dag.py:3820} INFO - Setting next_dagrun for example_subdag_operator.section-2 to None, run_after=None
[2024-01-30T15:36:16.203+0100] {logging_mixin.py:188} INFO - [2024-01-30T15:36:16.203+0100] {dag.py:3033} INFO - Sync 2 DAGs
[2024-01-30T15:36:16.208+0100] {logging_mixin.py:188} INFO - [2024-01-30T15:36:16.208+0100] {dag.py:3820} INFO - Setting next_dagrun for example_subdag_operator.section-1 to None, run_after=None
[2024-01-30T15:36:16.209+0100] {logging_mixin.py:188} INFO - [2024-01-30T15:36:16.208+0100] {dag.py:3820} INFO - Setting next_dagrun for example_subdag_operator.section-2 to None, run_after=None
[2024-01-30T15:36:16.238+0100] {processor.py:183} INFO - Processing /home/ubuntu/.local/lib/python3.10/site-packages/airflow/example_dags/example_subdag_operator.py took 0.131 seconds
[2024-01-30T15:37:11.592+0100] {processor.py:161} INFO - Started process (PID=7040) to work on /home/ubuntu/.local/lib/python3.10/site-packages/airflow/example_dags/example_subdag_operator.py
[2024-01-30T15:37:11.594+0100] {processor.py:830} INFO - Processing file /home/ubuntu/.local/lib/python3.10/site-packages/airflow/example_dags/example_subdag_operator.py for tasks to queue
[2024-01-30T15:37:11.595+0100] {logging_mixin.py:188} INFO - [2024-01-30T15:37:11.595+0100] {dagbag.py:538} INFO - Filling up the DagBag from /home/ubuntu/.local/lib/python3.10/site-packages/airflow/example_dags/example_subdag_operator.py
[2024-01-30T15:37:11.621+0100] {processor.py:840} INFO - DAG(s) 'example_subdag_operator.section-1', 'example_subdag_operator.section-2', 'example_subdag_operator' retrieved from /home/ubuntu/.local/lib/python3.10/site-packages/airflow/example_dags/example_subdag_operator.py
[2024-01-30T15:37:11.639+0100] {logging_mixin.py:188} INFO - [2024-01-30T15:37:11.638+0100] {dag.py:3033} INFO - Sync 3 DAGs
[2024-01-30T15:37:11.660+0100] {logging_mixin.py:188} INFO - [2024-01-30T15:37:11.660+0100] {dag.py:3820} INFO - Setting next_dagrun for example_subdag_operator to 2022-01-01T00:00:00+00:00, run_after=2022-01-01T00:00:00+00:00
[2024-01-30T15:37:11.664+0100] {logging_mixin.py:188} INFO - [2024-01-30T15:37:11.664+0100] {dag.py:3820} INFO - Setting next_dagrun for example_subdag_operator.section-1 to None, run_after=None
[2024-01-30T15:37:11.665+0100] {logging_mixin.py:188} INFO - [2024-01-30T15:37:11.665+0100] {dag.py:3820} INFO - Setting next_dagrun for example_subdag_operator.section-2 to None, run_after=None
[2024-01-30T15:37:11.672+0100] {logging_mixin.py:188} INFO - [2024-01-30T15:37:11.672+0100] {dag.py:3033} INFO - Sync 2 DAGs
[2024-01-30T15:37:11.678+0100] {logging_mixin.py:188} INFO - [2024-01-30T15:37:11.677+0100] {dag.py:3820} INFO - Setting next_dagrun for example_subdag_operator.section-1 to None, run_after=None
[2024-01-30T15:37:11.678+0100] {logging_mixin.py:188} INFO - [2024-01-30T15:37:11.678+0100] {dag.py:3820} INFO - Setting next_dagrun for example_subdag_operator.section-2 to None, run_after=None
[2024-01-30T15:37:11.710+0100] {processor.py:183} INFO - Processing /home/ubuntu/.local/lib/python3.10/site-packages/airflow/example_dags/example_subdag_operator.py took 0.122 seconds
[2024-01-30T15:38:03.218+0100] {processor.py:161} INFO - Started process (PID=7097) to work on /home/ubuntu/.local/lib/python3.10/site-packages/airflow/example_dags/example_subdag_operator.py
[2024-01-30T15:38:03.221+0100] {processor.py:830} INFO - Processing file /home/ubuntu/.local/lib/python3.10/site-packages/airflow/example_dags/example_subdag_operator.py for tasks to queue
[2024-01-30T15:38:03.223+0100] {logging_mixin.py:188} INFO - [2024-01-30T15:38:03.222+0100] {dagbag.py:538} INFO - Filling up the DagBag from /home/ubuntu/.local/lib/python3.10/site-packages/airflow/example_dags/example_subdag_operator.py
[2024-01-30T15:38:03.266+0100] {processor.py:840} INFO - DAG(s) 'example_subdag_operator.section-1', 'example_subdag_operator.section-2', 'example_subdag_operator' retrieved from /home/ubuntu/.local/lib/python3.10/site-packages/airflow/example_dags/example_subdag_operator.py
[2024-01-30T15:38:03.300+0100] {logging_mixin.py:188} INFO - [2024-01-30T15:38:03.299+0100] {dag.py:3033} INFO - Sync 3 DAGs
[2024-01-30T15:38:03.332+0100] {logging_mixin.py:188} INFO - [2024-01-30T15:38:03.331+0100] {dag.py:3820} INFO - Setting next_dagrun for example_subdag_operator to 2022-01-01T00:00:00+00:00, run_after=2022-01-01T00:00:00+00:00
[2024-01-30T15:38:03.337+0100] {logging_mixin.py:188} INFO - [2024-01-30T15:38:03.337+0100] {dag.py:3820} INFO - Setting next_dagrun for example_subdag_operator.section-1 to None, run_after=None
[2024-01-30T15:38:03.340+0100] {logging_mixin.py:188} INFO - [2024-01-30T15:38:03.340+0100] {dag.py:3820} INFO - Setting next_dagrun for example_subdag_operator.section-2 to None, run_after=None
[2024-01-30T15:38:03.352+0100] {logging_mixin.py:188} INFO - [2024-01-30T15:38:03.351+0100] {dag.py:3033} INFO - Sync 2 DAGs
[2024-01-30T15:38:03.359+0100] {logging_mixin.py:188} INFO - [2024-01-30T15:38:03.359+0100] {dag.py:3820} INFO - Setting next_dagrun for example_subdag_operator.section-1 to None, run_after=None
[2024-01-30T15:38:03.360+0100] {logging_mixin.py:188} INFO - [2024-01-30T15:38:03.360+0100] {dag.py:3820} INFO - Setting next_dagrun for example_subdag_operator.section-2 to None, run_after=None
[2024-01-30T15:38:03.403+0100] {processor.py:183} INFO - Processing /home/ubuntu/.local/lib/python3.10/site-packages/airflow/example_dags/example_subdag_operator.py took 0.193 seconds
[2024-01-30T15:38:57.390+0100] {processor.py:161} INFO - Started process (PID=7229) to work on /home/ubuntu/.local/lib/python3.10/site-packages/airflow/example_dags/example_subdag_operator.py
[2024-01-30T15:38:57.437+0100] {processor.py:830} INFO - Processing file /home/ubuntu/.local/lib/python3.10/site-packages/airflow/example_dags/example_subdag_operator.py for tasks to queue
[2024-01-30T15:38:57.446+0100] {logging_mixin.py:188} INFO - [2024-01-30T15:38:57.438+0100] {dagbag.py:538} INFO - Filling up the DagBag from /home/ubuntu/.local/lib/python3.10/site-packages/airflow/example_dags/example_subdag_operator.py
[2024-01-30T15:38:57.499+0100] {processor.py:840} INFO - DAG(s) 'example_subdag_operator.section-1', 'example_subdag_operator.section-2', 'example_subdag_operator' retrieved from /home/ubuntu/.local/lib/python3.10/site-packages/airflow/example_dags/example_subdag_operator.py
[2024-01-30T15:38:57.548+0100] {logging_mixin.py:188} INFO - [2024-01-30T15:38:57.547+0100] {dag.py:3033} INFO - Sync 3 DAGs
[2024-01-30T15:38:57.617+0100] {logging_mixin.py:188} INFO - [2024-01-30T15:38:57.612+0100] {dag.py:3820} INFO - Setting next_dagrun for example_subdag_operator to 2022-01-01T00:00:00+00:00, run_after=2022-01-01T00:00:00+00:00
[2024-01-30T15:38:57.625+0100] {logging_mixin.py:188} INFO - [2024-01-30T15:38:57.625+0100] {dag.py:3820} INFO - Setting next_dagrun for example_subdag_operator.section-1 to None, run_after=None
[2024-01-30T15:38:57.627+0100] {logging_mixin.py:188} INFO - [2024-01-30T15:38:57.627+0100] {dag.py:3820} INFO - Setting next_dagrun for example_subdag_operator.section-2 to None, run_after=None
[2024-01-30T15:38:57.650+0100] {logging_mixin.py:188} INFO - [2024-01-30T15:38:57.650+0100] {dag.py:3033} INFO - Sync 2 DAGs
[2024-01-30T15:38:57.678+0100] {logging_mixin.py:188} INFO - [2024-01-30T15:38:57.677+0100] {dag.py:3820} INFO - Setting next_dagrun for example_subdag_operator.section-1 to None, run_after=None
[2024-01-30T15:38:57.679+0100] {logging_mixin.py:188} INFO - [2024-01-30T15:38:57.679+0100] {dag.py:3820} INFO - Setting next_dagrun for example_subdag_operator.section-2 to None, run_after=None
[2024-01-30T15:38:57.743+0100] {processor.py:183} INFO - Processing /home/ubuntu/.local/lib/python3.10/site-packages/airflow/example_dags/example_subdag_operator.py took 0.364 seconds
[2024-01-30T15:39:54.794+0100] {processor.py:161} INFO - Started process (PID=7297) to work on /home/ubuntu/.local/lib/python3.10/site-packages/airflow/example_dags/example_subdag_operator.py
[2024-01-30T15:39:54.797+0100] {processor.py:830} INFO - Processing file /home/ubuntu/.local/lib/python3.10/site-packages/airflow/example_dags/example_subdag_operator.py for tasks to queue
[2024-01-30T15:39:54.799+0100] {logging_mixin.py:188} INFO - [2024-01-30T15:39:54.798+0100] {dagbag.py:538} INFO - Filling up the DagBag from /home/ubuntu/.local/lib/python3.10/site-packages/airflow/example_dags/example_subdag_operator.py
[2024-01-30T15:39:54.823+0100] {processor.py:840} INFO - DAG(s) 'example_subdag_operator.section-1', 'example_subdag_operator.section-2', 'example_subdag_operator' retrieved from /home/ubuntu/.local/lib/python3.10/site-packages/airflow/example_dags/example_subdag_operator.py
[2024-01-30T15:39:54.842+0100] {logging_mixin.py:188} INFO - [2024-01-30T15:39:54.842+0100] {dag.py:3033} INFO - Sync 3 DAGs
[2024-01-30T15:39:54.860+0100] {logging_mixin.py:188} INFO - [2024-01-30T15:39:54.859+0100] {dag.py:3820} INFO - Setting next_dagrun for example_subdag_operator to 2022-01-01T00:00:00+00:00, run_after=2022-01-01T00:00:00+00:00
[2024-01-30T15:39:54.864+0100] {logging_mixin.py:188} INFO - [2024-01-30T15:39:54.864+0100] {dag.py:3820} INFO - Setting next_dagrun for example_subdag_operator.section-1 to None, run_after=None
[2024-01-30T15:39:54.866+0100] {logging_mixin.py:188} INFO - [2024-01-30T15:39:54.866+0100] {dag.py:3820} INFO - Setting next_dagrun for example_subdag_operator.section-2 to None, run_after=None
[2024-01-30T15:39:54.873+0100] {logging_mixin.py:188} INFO - [2024-01-30T15:39:54.873+0100] {dag.py:3033} INFO - Sync 2 DAGs
[2024-01-30T15:39:54.879+0100] {logging_mixin.py:188} INFO - [2024-01-30T15:39:54.879+0100] {dag.py:3820} INFO - Setting next_dagrun for example_subdag_operator.section-1 to None, run_after=None
[2024-01-30T15:39:54.880+0100] {logging_mixin.py:188} INFO - [2024-01-30T15:39:54.880+0100] {dag.py:3820} INFO - Setting next_dagrun for example_subdag_operator.section-2 to None, run_after=None
[2024-01-30T15:39:54.904+0100] {processor.py:183} INFO - Processing /home/ubuntu/.local/lib/python3.10/site-packages/airflow/example_dags/example_subdag_operator.py took 0.114 seconds
[2024-01-30T15:40:50.057+0100] {processor.py:161} INFO - Started process (PID=7350) to work on /home/ubuntu/.local/lib/python3.10/site-packages/airflow/example_dags/example_subdag_operator.py
[2024-01-30T15:40:50.061+0100] {processor.py:830} INFO - Processing file /home/ubuntu/.local/lib/python3.10/site-packages/airflow/example_dags/example_subdag_operator.py for tasks to queue
[2024-01-30T15:40:50.063+0100] {logging_mixin.py:188} INFO - [2024-01-30T15:40:50.062+0100] {dagbag.py:538} INFO - Filling up the DagBag from /home/ubuntu/.local/lib/python3.10/site-packages/airflow/example_dags/example_subdag_operator.py
[2024-01-30T15:40:50.095+0100] {processor.py:840} INFO - DAG(s) 'example_subdag_operator.section-1', 'example_subdag_operator.section-2', 'example_subdag_operator' retrieved from /home/ubuntu/.local/lib/python3.10/site-packages/airflow/example_dags/example_subdag_operator.py
[2024-01-30T15:40:50.116+0100] {logging_mixin.py:188} INFO - [2024-01-30T15:40:50.115+0100] {dag.py:3033} INFO - Sync 3 DAGs
[2024-01-30T15:40:50.166+0100] {logging_mixin.py:188} INFO - [2024-01-30T15:40:50.166+0100] {dag.py:3820} INFO - Setting next_dagrun for example_subdag_operator to 2022-01-01T00:00:00+00:00, run_after=2022-01-01T00:00:00+00:00
[2024-01-30T15:40:50.170+0100] {logging_mixin.py:188} INFO - [2024-01-30T15:40:50.170+0100] {dag.py:3820} INFO - Setting next_dagrun for example_subdag_operator.section-1 to None, run_after=None
[2024-01-30T15:40:50.172+0100] {logging_mixin.py:188} INFO - [2024-01-30T15:40:50.171+0100] {dag.py:3820} INFO - Setting next_dagrun for example_subdag_operator.section-2 to None, run_after=None
[2024-01-30T15:40:50.178+0100] {logging_mixin.py:188} INFO - [2024-01-30T15:40:50.178+0100] {dag.py:3033} INFO - Sync 2 DAGs
[2024-01-30T15:40:50.183+0100] {logging_mixin.py:188} INFO - [2024-01-30T15:40:50.183+0100] {dag.py:3820} INFO - Setting next_dagrun for example_subdag_operator.section-1 to None, run_after=None
[2024-01-30T15:40:50.184+0100] {logging_mixin.py:188} INFO - [2024-01-30T15:40:50.184+0100] {dag.py:3820} INFO - Setting next_dagrun for example_subdag_operator.section-2 to None, run_after=None
[2024-01-30T15:40:50.218+0100] {processor.py:183} INFO - Processing /home/ubuntu/.local/lib/python3.10/site-packages/airflow/example_dags/example_subdag_operator.py took 0.165 seconds
[2024-01-30T15:41:49.388+0100] {processor.py:161} INFO - Started process (PID=7411) to work on /home/ubuntu/.local/lib/python3.10/site-packages/airflow/example_dags/example_subdag_operator.py
[2024-01-30T15:41:49.390+0100] {processor.py:830} INFO - Processing file /home/ubuntu/.local/lib/python3.10/site-packages/airflow/example_dags/example_subdag_operator.py for tasks to queue
[2024-01-30T15:41:49.391+0100] {logging_mixin.py:188} INFO - [2024-01-30T15:41:49.391+0100] {dagbag.py:538} INFO - Filling up the DagBag from /home/ubuntu/.local/lib/python3.10/site-packages/airflow/example_dags/example_subdag_operator.py
[2024-01-30T15:41:49.418+0100] {processor.py:840} INFO - DAG(s) 'example_subdag_operator.section-1', 'example_subdag_operator.section-2', 'example_subdag_operator' retrieved from /home/ubuntu/.local/lib/python3.10/site-packages/airflow/example_dags/example_subdag_operator.py
[2024-01-30T15:41:49.444+0100] {logging_mixin.py:188} INFO - [2024-01-30T15:41:49.443+0100] {dag.py:3033} INFO - Sync 3 DAGs
[2024-01-30T15:41:49.480+0100] {logging_mixin.py:188} INFO - [2024-01-30T15:41:49.480+0100] {dag.py:3820} INFO - Setting next_dagrun for example_subdag_operator to 2022-01-01T00:00:00+00:00, run_after=2022-01-01T00:00:00+00:00
[2024-01-30T15:41:49.484+0100] {logging_mixin.py:188} INFO - [2024-01-30T15:41:49.484+0100] {dag.py:3820} INFO - Setting next_dagrun for example_subdag_operator.section-1 to None, run_after=None
[2024-01-30T15:41:49.485+0100] {logging_mixin.py:188} INFO - [2024-01-30T15:41:49.485+0100] {dag.py:3820} INFO - Setting next_dagrun for example_subdag_operator.section-2 to None, run_after=None
[2024-01-30T15:41:49.498+0100] {logging_mixin.py:188} INFO - [2024-01-30T15:41:49.497+0100] {dag.py:3033} INFO - Sync 2 DAGs
[2024-01-30T15:41:49.504+0100] {logging_mixin.py:188} INFO - [2024-01-30T15:41:49.504+0100] {dag.py:3820} INFO - Setting next_dagrun for example_subdag_operator.section-1 to None, run_after=None
[2024-01-30T15:41:49.505+0100] {logging_mixin.py:188} INFO - [2024-01-30T15:41:49.505+0100] {dag.py:3820} INFO - Setting next_dagrun for example_subdag_operator.section-2 to None, run_after=None
[2024-01-30T15:41:49.569+0100] {processor.py:183} INFO - Processing /home/ubuntu/.local/lib/python3.10/site-packages/airflow/example_dags/example_subdag_operator.py took 0.184 seconds
[2024-01-30T15:42:32.354+0100] {processor.py:161} INFO - Started process (PID=7552) to work on /home/ubuntu/.local/lib/python3.10/site-packages/airflow/example_dags/example_subdag_operator.py
[2024-01-30T15:42:32.356+0100] {processor.py:830} INFO - Processing file /home/ubuntu/.local/lib/python3.10/site-packages/airflow/example_dags/example_subdag_operator.py for tasks to queue
[2024-01-30T15:42:32.357+0100] {logging_mixin.py:188} INFO - [2024-01-30T15:42:32.357+0100] {dagbag.py:538} INFO - Filling up the DagBag from /home/ubuntu/.local/lib/python3.10/site-packages/airflow/example_dags/example_subdag_operator.py
[2024-01-30T15:42:32.387+0100] {processor.py:840} INFO - DAG(s) 'example_subdag_operator.section-1', 'example_subdag_operator.section-2', 'example_subdag_operator' retrieved from /home/ubuntu/.local/lib/python3.10/site-packages/airflow/example_dags/example_subdag_operator.py
[2024-01-30T15:42:32.407+0100] {logging_mixin.py:188} INFO - [2024-01-30T15:42:32.406+0100] {dag.py:3033} INFO - Sync 3 DAGs
[2024-01-30T15:42:32.447+0100] {logging_mixin.py:188} INFO - [2024-01-30T15:42:32.447+0100] {dag.py:3820} INFO - Setting next_dagrun for example_subdag_operator to 2022-01-01T00:00:00+00:00, run_after=2022-01-01T00:00:00+00:00
[2024-01-30T15:42:32.457+0100] {logging_mixin.py:188} INFO - [2024-01-30T15:42:32.457+0100] {dag.py:3820} INFO - Setting next_dagrun for example_subdag_operator.section-1 to None, run_after=None
[2024-01-30T15:42:32.459+0100] {logging_mixin.py:188} INFO - [2024-01-30T15:42:32.459+0100] {dag.py:3820} INFO - Setting next_dagrun for example_subdag_operator.section-2 to None, run_after=None
[2024-01-30T15:42:32.470+0100] {logging_mixin.py:188} INFO - [2024-01-30T15:42:32.469+0100] {dag.py:3033} INFO - Sync 2 DAGs
[2024-01-30T15:42:32.475+0100] {logging_mixin.py:188} INFO - [2024-01-30T15:42:32.475+0100] {dag.py:3820} INFO - Setting next_dagrun for example_subdag_operator.section-1 to None, run_after=None
[2024-01-30T15:42:32.476+0100] {logging_mixin.py:188} INFO - [2024-01-30T15:42:32.476+0100] {dag.py:3820} INFO - Setting next_dagrun for example_subdag_operator.section-2 to None, run_after=None
[2024-01-30T15:42:32.503+0100] {processor.py:183} INFO - Processing /home/ubuntu/.local/lib/python3.10/site-packages/airflow/example_dags/example_subdag_operator.py took 0.154 seconds
[2024-01-30T15:43:31.115+0100] {processor.py:161} INFO - Started process (PID=7842) to work on /home/ubuntu/.local/lib/python3.10/site-packages/airflow/example_dags/example_subdag_operator.py
[2024-01-30T15:43:31.118+0100] {processor.py:830} INFO - Processing file /home/ubuntu/.local/lib/python3.10/site-packages/airflow/example_dags/example_subdag_operator.py for tasks to queue
[2024-01-30T15:43:31.119+0100] {logging_mixin.py:188} INFO - [2024-01-30T15:43:31.119+0100] {dagbag.py:538} INFO - Filling up the DagBag from /home/ubuntu/.local/lib/python3.10/site-packages/airflow/example_dags/example_subdag_operator.py
[2024-01-30T15:43:31.140+0100] {processor.py:840} INFO - DAG(s) 'example_subdag_operator.section-1', 'example_subdag_operator.section-2', 'example_subdag_operator' retrieved from /home/ubuntu/.local/lib/python3.10/site-packages/airflow/example_dags/example_subdag_operator.py
[2024-01-30T15:43:31.158+0100] {logging_mixin.py:188} INFO - [2024-01-30T15:43:31.158+0100] {dag.py:3033} INFO - Sync 3 DAGs
[2024-01-30T15:43:31.178+0100] {logging_mixin.py:188} INFO - [2024-01-30T15:43:31.178+0100] {dag.py:3820} INFO - Setting next_dagrun for example_subdag_operator to 2022-01-01T00:00:00+00:00, run_after=2022-01-01T00:00:00+00:00
[2024-01-30T15:43:31.184+0100] {logging_mixin.py:188} INFO - [2024-01-30T15:43:31.184+0100] {dag.py:3820} INFO - Setting next_dagrun for example_subdag_operator.section-1 to None, run_after=None
[2024-01-30T15:43:31.186+0100] {logging_mixin.py:188} INFO - [2024-01-30T15:43:31.185+0100] {dag.py:3820} INFO - Setting next_dagrun for example_subdag_operator.section-2 to None, run_after=None
[2024-01-30T15:43:31.194+0100] {logging_mixin.py:188} INFO - [2024-01-30T15:43:31.193+0100] {dag.py:3033} INFO - Sync 2 DAGs
[2024-01-30T15:43:31.201+0100] {logging_mixin.py:188} INFO - [2024-01-30T15:43:31.200+0100] {dag.py:3820} INFO - Setting next_dagrun for example_subdag_operator.section-1 to None, run_after=None
[2024-01-30T15:43:31.201+0100] {logging_mixin.py:188} INFO - [2024-01-30T15:43:31.201+0100] {dag.py:3820} INFO - Setting next_dagrun for example_subdag_operator.section-2 to None, run_after=None
[2024-01-30T15:43:31.229+0100] {processor.py:183} INFO - Processing /home/ubuntu/.local/lib/python3.10/site-packages/airflow/example_dags/example_subdag_operator.py took 0.117 seconds
[2024-01-30T15:44:34.549+0100] {processor.py:161} INFO - Started process (PID=8099) to work on /home/ubuntu/.local/lib/python3.10/site-packages/airflow/example_dags/example_subdag_operator.py
[2024-01-30T15:44:34.552+0100] {processor.py:830} INFO - Processing file /home/ubuntu/.local/lib/python3.10/site-packages/airflow/example_dags/example_subdag_operator.py for tasks to queue
[2024-01-30T15:44:34.554+0100] {logging_mixin.py:188} INFO - [2024-01-30T15:44:34.553+0100] {dagbag.py:538} INFO - Filling up the DagBag from /home/ubuntu/.local/lib/python3.10/site-packages/airflow/example_dags/example_subdag_operator.py
[2024-01-30T15:44:34.581+0100] {processor.py:840} INFO - DAG(s) 'example_subdag_operator.section-1', 'example_subdag_operator.section-2', 'example_subdag_operator' retrieved from /home/ubuntu/.local/lib/python3.10/site-packages/airflow/example_dags/example_subdag_operator.py
[2024-01-30T15:44:34.601+0100] {logging_mixin.py:188} INFO - [2024-01-30T15:44:34.600+0100] {dag.py:3033} INFO - Sync 3 DAGs
[2024-01-30T15:44:34.624+0100] {logging_mixin.py:188} INFO - [2024-01-30T15:44:34.624+0100] {dag.py:3820} INFO - Setting next_dagrun for example_subdag_operator to 2022-01-01T00:00:00+00:00, run_after=2022-01-01T00:00:00+00:00
[2024-01-30T15:44:34.629+0100] {logging_mixin.py:188} INFO - [2024-01-30T15:44:34.629+0100] {dag.py:3820} INFO - Setting next_dagrun for example_subdag_operator.section-1 to None, run_after=None
[2024-01-30T15:44:34.630+0100] {logging_mixin.py:188} INFO - [2024-01-30T15:44:34.630+0100] {dag.py:3820} INFO - Setting next_dagrun for example_subdag_operator.section-2 to None, run_after=None
[2024-01-30T15:44:34.638+0100] {logging_mixin.py:188} INFO - [2024-01-30T15:44:34.638+0100] {dag.py:3033} INFO - Sync 2 DAGs
[2024-01-30T15:44:34.645+0100] {logging_mixin.py:188} INFO - [2024-01-30T15:44:34.645+0100] {dag.py:3820} INFO - Setting next_dagrun for example_subdag_operator.section-1 to None, run_after=None
[2024-01-30T15:44:34.646+0100] {logging_mixin.py:188} INFO - [2024-01-30T15:44:34.646+0100] {dag.py:3820} INFO - Setting next_dagrun for example_subdag_operator.section-2 to None, run_after=None
[2024-01-30T15:44:34.671+0100] {processor.py:183} INFO - Processing /home/ubuntu/.local/lib/python3.10/site-packages/airflow/example_dags/example_subdag_operator.py took 0.125 seconds
[2024-01-30T15:45:28.654+0100] {processor.py:161} INFO - Started process (PID=8256) to work on /home/ubuntu/.local/lib/python3.10/site-packages/airflow/example_dags/example_subdag_operator.py
[2024-01-30T15:45:28.657+0100] {processor.py:830} INFO - Processing file /home/ubuntu/.local/lib/python3.10/site-packages/airflow/example_dags/example_subdag_operator.py for tasks to queue
[2024-01-30T15:45:28.658+0100] {logging_mixin.py:188} INFO - [2024-01-30T15:45:28.658+0100] {dagbag.py:538} INFO - Filling up the DagBag from /home/ubuntu/.local/lib/python3.10/site-packages/airflow/example_dags/example_subdag_operator.py
[2024-01-30T15:45:28.691+0100] {processor.py:840} INFO - DAG(s) 'example_subdag_operator.section-1', 'example_subdag_operator.section-2', 'example_subdag_operator' retrieved from /home/ubuntu/.local/lib/python3.10/site-packages/airflow/example_dags/example_subdag_operator.py
[2024-01-30T15:45:28.716+0100] {logging_mixin.py:188} INFO - [2024-01-30T15:45:28.716+0100] {dag.py:3033} INFO - Sync 3 DAGs
[2024-01-30T15:45:28.750+0100] {logging_mixin.py:188} INFO - [2024-01-30T15:45:28.750+0100] {dag.py:3820} INFO - Setting next_dagrun for example_subdag_operator to 2022-01-01T00:00:00+00:00, run_after=2022-01-01T00:00:00+00:00
[2024-01-30T15:45:28.755+0100] {logging_mixin.py:188} INFO - [2024-01-30T15:45:28.755+0100] {dag.py:3820} INFO - Setting next_dagrun for example_subdag_operator.section-1 to None, run_after=None
[2024-01-30T15:45:28.757+0100] {logging_mixin.py:188} INFO - [2024-01-30T15:45:28.757+0100] {dag.py:3820} INFO - Setting next_dagrun for example_subdag_operator.section-2 to None, run_after=None
[2024-01-30T15:45:28.767+0100] {logging_mixin.py:188} INFO - [2024-01-30T15:45:28.767+0100] {dag.py:3033} INFO - Sync 2 DAGs
[2024-01-30T15:45:28.774+0100] {logging_mixin.py:188} INFO - [2024-01-30T15:45:28.774+0100] {dag.py:3820} INFO - Setting next_dagrun for example_subdag_operator.section-1 to None, run_after=None
[2024-01-30T15:45:28.774+0100] {logging_mixin.py:188} INFO - [2024-01-30T15:45:28.774+0100] {dag.py:3820} INFO - Setting next_dagrun for example_subdag_operator.section-2 to None, run_after=None
[2024-01-30T15:45:28.796+0100] {processor.py:183} INFO - Processing /home/ubuntu/.local/lib/python3.10/site-packages/airflow/example_dags/example_subdag_operator.py took 0.149 seconds
[2024-01-30T15:46:09.675+0100] {processor.py:161} INFO - Started process (PID=8302) to work on /home/ubuntu/.local/lib/python3.10/site-packages/airflow/example_dags/example_subdag_operator.py
[2024-01-30T15:46:09.677+0100] {processor.py:830} INFO - Processing file /home/ubuntu/.local/lib/python3.10/site-packages/airflow/example_dags/example_subdag_operator.py for tasks to queue
[2024-01-30T15:46:09.679+0100] {logging_mixin.py:188} INFO - [2024-01-30T15:46:09.678+0100] {dagbag.py:538} INFO - Filling up the DagBag from /home/ubuntu/.local/lib/python3.10/site-packages/airflow/example_dags/example_subdag_operator.py
[2024-01-30T15:46:09.707+0100] {processor.py:840} INFO - DAG(s) 'example_subdag_operator.section-1', 'example_subdag_operator.section-2', 'example_subdag_operator' retrieved from /home/ubuntu/.local/lib/python3.10/site-packages/airflow/example_dags/example_subdag_operator.py
[2024-01-30T15:46:09.726+0100] {logging_mixin.py:188} INFO - [2024-01-30T15:46:09.725+0100] {dag.py:3033} INFO - Sync 3 DAGs
[2024-01-30T15:46:09.752+0100] {logging_mixin.py:188} INFO - [2024-01-30T15:46:09.752+0100] {dag.py:3820} INFO - Setting next_dagrun for example_subdag_operator to 2022-01-01T00:00:00+00:00, run_after=2022-01-01T00:00:00+00:00
[2024-01-30T15:46:09.756+0100] {logging_mixin.py:188} INFO - [2024-01-30T15:46:09.756+0100] {dag.py:3820} INFO - Setting next_dagrun for example_subdag_operator.section-1 to None, run_after=None
[2024-01-30T15:46:09.758+0100] {logging_mixin.py:188} INFO - [2024-01-30T15:46:09.757+0100] {dag.py:3820} INFO - Setting next_dagrun for example_subdag_operator.section-2 to None, run_after=None
[2024-01-30T15:46:09.766+0100] {logging_mixin.py:188} INFO - [2024-01-30T15:46:09.766+0100] {dag.py:3033} INFO - Sync 2 DAGs
[2024-01-30T15:46:09.773+0100] {logging_mixin.py:188} INFO - [2024-01-30T15:46:09.772+0100] {dag.py:3820} INFO - Setting next_dagrun for example_subdag_operator.section-1 to None, run_after=None
[2024-01-30T15:46:09.773+0100] {logging_mixin.py:188} INFO - [2024-01-30T15:46:09.773+0100] {dag.py:3820} INFO - Setting next_dagrun for example_subdag_operator.section-2 to None, run_after=None
[2024-01-30T15:46:09.794+0100] {processor.py:183} INFO - Processing /home/ubuntu/.local/lib/python3.10/site-packages/airflow/example_dags/example_subdag_operator.py took 0.127 seconds
[2024-01-30T15:46:53.365+0100] {processor.py:161} INFO - Started process (PID=8351) to work on /home/ubuntu/.local/lib/python3.10/site-packages/airflow/example_dags/example_subdag_operator.py
[2024-01-30T15:46:53.367+0100] {processor.py:830} INFO - Processing file /home/ubuntu/.local/lib/python3.10/site-packages/airflow/example_dags/example_subdag_operator.py for tasks to queue
[2024-01-30T15:46:53.368+0100] {logging_mixin.py:188} INFO - [2024-01-30T15:46:53.368+0100] {dagbag.py:538} INFO - Filling up the DagBag from /home/ubuntu/.local/lib/python3.10/site-packages/airflow/example_dags/example_subdag_operator.py
[2024-01-30T15:46:53.395+0100] {processor.py:840} INFO - DAG(s) 'example_subdag_operator.section-1', 'example_subdag_operator.section-2', 'example_subdag_operator' retrieved from /home/ubuntu/.local/lib/python3.10/site-packages/airflow/example_dags/example_subdag_operator.py
[2024-01-30T15:46:53.418+0100] {logging_mixin.py:188} INFO - [2024-01-30T15:46:53.418+0100] {dag.py:3033} INFO - Sync 3 DAGs
[2024-01-30T15:46:53.453+0100] {logging_mixin.py:188} INFO - [2024-01-30T15:46:53.453+0100] {dag.py:3820} INFO - Setting next_dagrun for example_subdag_operator to 2022-01-01T00:00:00+00:00, run_after=2022-01-01T00:00:00+00:00
[2024-01-30T15:46:53.457+0100] {logging_mixin.py:188} INFO - [2024-01-30T15:46:53.457+0100] {dag.py:3820} INFO - Setting next_dagrun for example_subdag_operator.section-1 to None, run_after=None
[2024-01-30T15:46:53.458+0100] {logging_mixin.py:188} INFO - [2024-01-30T15:46:53.458+0100] {dag.py:3820} INFO - Setting next_dagrun for example_subdag_operator.section-2 to None, run_after=None
[2024-01-30T15:46:53.467+0100] {logging_mixin.py:188} INFO - [2024-01-30T15:46:53.466+0100] {dag.py:3033} INFO - Sync 2 DAGs
[2024-01-30T15:46:53.471+0100] {logging_mixin.py:188} INFO - [2024-01-30T15:46:53.471+0100] {dag.py:3820} INFO - Setting next_dagrun for example_subdag_operator.section-1 to None, run_after=None
[2024-01-30T15:46:53.472+0100] {logging_mixin.py:188} INFO - [2024-01-30T15:46:53.472+0100] {dag.py:3820} INFO - Setting next_dagrun for example_subdag_operator.section-2 to None, run_after=None
[2024-01-30T15:46:53.496+0100] {processor.py:183} INFO - Processing /home/ubuntu/.local/lib/python3.10/site-packages/airflow/example_dags/example_subdag_operator.py took 0.137 seconds
[2024-01-30T15:48:08.942+0100] {processor.py:161} INFO - Started process (PID=8524) to work on /home/ubuntu/.local/lib/python3.10/site-packages/airflow/example_dags/example_subdag_operator.py
[2024-01-30T15:48:08.946+0100] {processor.py:830} INFO - Processing file /home/ubuntu/.local/lib/python3.10/site-packages/airflow/example_dags/example_subdag_operator.py for tasks to queue
[2024-01-30T15:48:08.948+0100] {logging_mixin.py:188} INFO - [2024-01-30T15:48:08.947+0100] {dagbag.py:538} INFO - Filling up the DagBag from /home/ubuntu/.local/lib/python3.10/site-packages/airflow/example_dags/example_subdag_operator.py
[2024-01-30T15:48:08.972+0100] {processor.py:840} INFO - DAG(s) 'example_subdag_operator.section-1', 'example_subdag_operator.section-2', 'example_subdag_operator' retrieved from /home/ubuntu/.local/lib/python3.10/site-packages/airflow/example_dags/example_subdag_operator.py
[2024-01-30T15:48:08.989+0100] {logging_mixin.py:188} INFO - [2024-01-30T15:48:08.989+0100] {dag.py:3033} INFO - Sync 3 DAGs
[2024-01-30T15:48:09.011+0100] {logging_mixin.py:188} INFO - [2024-01-30T15:48:09.010+0100] {dag.py:3820} INFO - Setting next_dagrun for example_subdag_operator to 2022-01-01T00:00:00+00:00, run_after=2022-01-01T00:00:00+00:00
[2024-01-30T15:48:09.016+0100] {logging_mixin.py:188} INFO - [2024-01-30T15:48:09.015+0100] {dag.py:3820} INFO - Setting next_dagrun for example_subdag_operator.section-1 to None, run_after=None
[2024-01-30T15:48:09.018+0100] {logging_mixin.py:188} INFO - [2024-01-30T15:48:09.017+0100] {dag.py:3820} INFO - Setting next_dagrun for example_subdag_operator.section-2 to None, run_after=None
[2024-01-30T15:48:09.025+0100] {logging_mixin.py:188} INFO - [2024-01-30T15:48:09.025+0100] {dag.py:3033} INFO - Sync 2 DAGs
[2024-01-30T15:48:09.031+0100] {logging_mixin.py:188} INFO - [2024-01-30T15:48:09.030+0100] {dag.py:3820} INFO - Setting next_dagrun for example_subdag_operator.section-1 to None, run_after=None
[2024-01-30T15:48:09.031+0100] {logging_mixin.py:188} INFO - [2024-01-30T15:48:09.031+0100] {dag.py:3820} INFO - Setting next_dagrun for example_subdag_operator.section-2 to None, run_after=None
[2024-01-30T15:48:09.064+0100] {processor.py:183} INFO - Processing /home/ubuntu/.local/lib/python3.10/site-packages/airflow/example_dags/example_subdag_operator.py took 0.125 seconds
[2024-01-30T15:49:17.680+0100] {processor.py:161} INFO - Started process (PID=8788) to work on /home/ubuntu/.local/lib/python3.10/site-packages/airflow/example_dags/example_subdag_operator.py
[2024-01-30T15:49:17.697+0100] {processor.py:830} INFO - Processing file /home/ubuntu/.local/lib/python3.10/site-packages/airflow/example_dags/example_subdag_operator.py for tasks to queue
[2024-01-30T15:49:17.901+0100] {logging_mixin.py:188} INFO - [2024-01-30T15:49:17.743+0100] {dagbag.py:538} INFO - Filling up the DagBag from /home/ubuntu/.local/lib/python3.10/site-packages/airflow/example_dags/example_subdag_operator.py
[2024-01-30T15:49:18.928+0100] {processor.py:840} INFO - DAG(s) 'example_subdag_operator.section-1', 'example_subdag_operator.section-2', 'example_subdag_operator' retrieved from /home/ubuntu/.local/lib/python3.10/site-packages/airflow/example_dags/example_subdag_operator.py
[2024-01-30T15:49:19.232+0100] {logging_mixin.py:188} INFO - [2024-01-30T15:49:19.232+0100] {dag.py:3033} INFO - Sync 3 DAGs
[2024-01-30T15:49:19.574+0100] {logging_mixin.py:188} INFO - [2024-01-30T15:49:19.574+0100] {dag.py:3820} INFO - Setting next_dagrun for example_subdag_operator to 2022-01-01T00:00:00+00:00, run_after=2022-01-01T00:00:00+00:00
[2024-01-30T15:49:19.588+0100] {logging_mixin.py:188} INFO - [2024-01-30T15:49:19.588+0100] {dag.py:3820} INFO - Setting next_dagrun for example_subdag_operator.section-1 to None, run_after=None
[2024-01-30T15:49:19.590+0100] {logging_mixin.py:188} INFO - [2024-01-30T15:49:19.589+0100] {dag.py:3820} INFO - Setting next_dagrun for example_subdag_operator.section-2 to None, run_after=None
[2024-01-30T15:49:19.618+0100] {logging_mixin.py:188} INFO - [2024-01-30T15:49:19.617+0100] {dag.py:3033} INFO - Sync 2 DAGs
[2024-01-30T15:49:19.664+0100] {logging_mixin.py:188} INFO - [2024-01-30T15:49:19.664+0100] {dag.py:3820} INFO - Setting next_dagrun for example_subdag_operator.section-1 to None, run_after=None
[2024-01-30T15:49:19.669+0100] {logging_mixin.py:188} INFO - [2024-01-30T15:49:19.669+0100] {dag.py:3820} INFO - Setting next_dagrun for example_subdag_operator.section-2 to None, run_after=None
[2024-01-30T15:49:20.444+0100] {processor.py:183} INFO - Processing /home/ubuntu/.local/lib/python3.10/site-packages/airflow/example_dags/example_subdag_operator.py took 2.772 seconds
[2024-01-30T15:52:00.547+0100] {processor.py:161} INFO - Started process (PID=9328) to work on /home/ubuntu/.local/lib/python3.10/site-packages/airflow/example_dags/example_subdag_operator.py
[2024-01-30T15:52:00.550+0100] {processor.py:830} INFO - Processing file /home/ubuntu/.local/lib/python3.10/site-packages/airflow/example_dags/example_subdag_operator.py for tasks to queue
[2024-01-30T15:52:00.553+0100] {logging_mixin.py:188} INFO - [2024-01-30T15:52:00.552+0100] {dagbag.py:538} INFO - Filling up the DagBag from /home/ubuntu/.local/lib/python3.10/site-packages/airflow/example_dags/example_subdag_operator.py
[2024-01-30T15:52:00.591+0100] {processor.py:840} INFO - DAG(s) 'example_subdag_operator.section-1', 'example_subdag_operator.section-2', 'example_subdag_operator' retrieved from /home/ubuntu/.local/lib/python3.10/site-packages/airflow/example_dags/example_subdag_operator.py
[2024-01-30T15:52:00.654+0100] {logging_mixin.py:188} INFO - [2024-01-30T15:52:00.654+0100] {dag.py:3033} INFO - Sync 3 DAGs
[2024-01-30T15:52:00.733+0100] {logging_mixin.py:188} INFO - [2024-01-30T15:52:00.733+0100] {dag.py:3820} INFO - Setting next_dagrun for example_subdag_operator to 2022-01-01T00:00:00+00:00, run_after=2022-01-01T00:00:00+00:00
[2024-01-30T15:52:00.747+0100] {logging_mixin.py:188} INFO - [2024-01-30T15:52:00.746+0100] {dag.py:3820} INFO - Setting next_dagrun for example_subdag_operator.section-1 to None, run_after=None
[2024-01-30T15:52:00.749+0100] {logging_mixin.py:188} INFO - [2024-01-30T15:52:00.748+0100] {dag.py:3820} INFO - Setting next_dagrun for example_subdag_operator.section-2 to None, run_after=None
[2024-01-30T15:52:00.764+0100] {logging_mixin.py:188} INFO - [2024-01-30T15:52:00.764+0100] {dag.py:3033} INFO - Sync 2 DAGs
[2024-01-30T15:52:00.790+0100] {logging_mixin.py:188} INFO - [2024-01-30T15:52:00.789+0100] {dag.py:3820} INFO - Setting next_dagrun for example_subdag_operator.section-1 to None, run_after=None
[2024-01-30T15:52:00.790+0100] {logging_mixin.py:188} INFO - [2024-01-30T15:52:00.790+0100] {dag.py:3820} INFO - Setting next_dagrun for example_subdag_operator.section-2 to None, run_after=None
[2024-01-30T15:52:02.479+0100] {processor.py:183} INFO - Processing /home/ubuntu/.local/lib/python3.10/site-packages/airflow/example_dags/example_subdag_operator.py took 1.942 seconds
[2024-01-30T15:54:06.982+0100] {processor.py:161} INFO - Started process (PID=9769) to work on /home/ubuntu/.local/lib/python3.10/site-packages/airflow/example_dags/example_subdag_operator.py
[2024-01-30T15:54:07.023+0100] {processor.py:830} INFO - Processing file /home/ubuntu/.local/lib/python3.10/site-packages/airflow/example_dags/example_subdag_operator.py for tasks to queue
[2024-01-30T15:54:07.027+0100] {logging_mixin.py:188} INFO - [2024-01-30T15:54:07.026+0100] {dagbag.py:538} INFO - Filling up the DagBag from /home/ubuntu/.local/lib/python3.10/site-packages/airflow/example_dags/example_subdag_operator.py
[2024-01-30T15:54:07.247+0100] {processor.py:840} INFO - DAG(s) 'example_subdag_operator.section-1', 'example_subdag_operator.section-2', 'example_subdag_operator' retrieved from /home/ubuntu/.local/lib/python3.10/site-packages/airflow/example_dags/example_subdag_operator.py
[2024-01-30T15:54:07.389+0100] {logging_mixin.py:188} INFO - [2024-01-30T15:54:07.388+0100] {dag.py:3033} INFO - Sync 3 DAGs
[2024-01-30T15:54:07.464+0100] {logging_mixin.py:188} INFO - [2024-01-30T15:54:07.463+0100] {dag.py:3820} INFO - Setting next_dagrun for example_subdag_operator to 2022-01-01T00:00:00+00:00, run_after=2022-01-01T00:00:00+00:00
[2024-01-30T15:54:07.471+0100] {logging_mixin.py:188} INFO - [2024-01-30T15:54:07.470+0100] {dag.py:3820} INFO - Setting next_dagrun for example_subdag_operator.section-1 to None, run_after=None
[2024-01-30T15:54:07.484+0100] {logging_mixin.py:188} INFO - [2024-01-30T15:54:07.484+0100] {dag.py:3820} INFO - Setting next_dagrun for example_subdag_operator.section-2 to None, run_after=None
[2024-01-30T15:54:07.499+0100] {logging_mixin.py:188} INFO - [2024-01-30T15:54:07.498+0100] {dag.py:3033} INFO - Sync 2 DAGs
[2024-01-30T15:54:07.507+0100] {logging_mixin.py:188} INFO - [2024-01-30T15:54:07.507+0100] {dag.py:3820} INFO - Setting next_dagrun for example_subdag_operator.section-1 to None, run_after=None
[2024-01-30T15:54:07.508+0100] {logging_mixin.py:188} INFO - [2024-01-30T15:54:07.508+0100] {dag.py:3820} INFO - Setting next_dagrun for example_subdag_operator.section-2 to None, run_after=None
[2024-01-30T15:54:07.809+0100] {processor.py:183} INFO - Processing /home/ubuntu/.local/lib/python3.10/site-packages/airflow/example_dags/example_subdag_operator.py took 0.899 seconds
[2024-01-30T15:55:33.887+0100] {processor.py:161} INFO - Started process (PID=9863) to work on /home/ubuntu/.local/lib/python3.10/site-packages/airflow/example_dags/example_subdag_operator.py
[2024-01-30T15:55:33.904+0100] {processor.py:830} INFO - Processing file /home/ubuntu/.local/lib/python3.10/site-packages/airflow/example_dags/example_subdag_operator.py for tasks to queue
[2024-01-30T15:55:33.909+0100] {logging_mixin.py:188} INFO - [2024-01-30T15:55:33.908+0100] {dagbag.py:538} INFO - Filling up the DagBag from /home/ubuntu/.local/lib/python3.10/site-packages/airflow/example_dags/example_subdag_operator.py
[2024-01-30T15:55:34.012+0100] {processor.py:840} INFO - DAG(s) 'example_subdag_operator.section-1', 'example_subdag_operator.section-2', 'example_subdag_operator' retrieved from /home/ubuntu/.local/lib/python3.10/site-packages/airflow/example_dags/example_subdag_operator.py
[2024-01-30T15:55:34.096+0100] {logging_mixin.py:188} INFO - [2024-01-30T15:55:34.092+0100] {dag.py:3033} INFO - Sync 3 DAGs
[2024-01-30T15:55:34.301+0100] {logging_mixin.py:188} INFO - [2024-01-30T15:55:34.285+0100] {dag.py:3820} INFO - Setting next_dagrun for example_subdag_operator to 2022-01-01T00:00:00+00:00, run_after=2022-01-01T00:00:00+00:00
[2024-01-30T15:55:34.326+0100] {logging_mixin.py:188} INFO - [2024-01-30T15:55:34.325+0100] {dag.py:3820} INFO - Setting next_dagrun for example_subdag_operator.section-1 to None, run_after=None
[2024-01-30T15:55:34.339+0100] {logging_mixin.py:188} INFO - [2024-01-30T15:55:34.339+0100] {dag.py:3820} INFO - Setting next_dagrun for example_subdag_operator.section-2 to None, run_after=None
[2024-01-30T15:55:34.360+0100] {logging_mixin.py:188} INFO - [2024-01-30T15:55:34.360+0100] {dag.py:3033} INFO - Sync 2 DAGs
[2024-01-30T15:55:34.396+0100] {logging_mixin.py:188} INFO - [2024-01-30T15:55:34.395+0100] {dag.py:3820} INFO - Setting next_dagrun for example_subdag_operator.section-1 to None, run_after=None
[2024-01-30T15:55:34.403+0100] {logging_mixin.py:188} INFO - [2024-01-30T15:55:34.403+0100] {dag.py:3820} INFO - Setting next_dagrun for example_subdag_operator.section-2 to None, run_after=None
[2024-01-30T15:55:34.528+0100] {processor.py:183} INFO - Processing /home/ubuntu/.local/lib/python3.10/site-packages/airflow/example_dags/example_subdag_operator.py took 0.670 seconds
[2024-01-30T15:56:39.570+0100] {processor.py:161} INFO - Started process (PID=9926) to work on /home/ubuntu/.local/lib/python3.10/site-packages/airflow/example_dags/example_subdag_operator.py
[2024-01-30T15:56:39.606+0100] {processor.py:830} INFO - Processing file /home/ubuntu/.local/lib/python3.10/site-packages/airflow/example_dags/example_subdag_operator.py for tasks to queue
[2024-01-30T15:56:39.615+0100] {logging_mixin.py:188} INFO - [2024-01-30T15:56:39.614+0100] {dagbag.py:538} INFO - Filling up the DagBag from /home/ubuntu/.local/lib/python3.10/site-packages/airflow/example_dags/example_subdag_operator.py
[2024-01-30T15:56:39.860+0100] {processor.py:840} INFO - DAG(s) 'example_subdag_operator.section-1', 'example_subdag_operator.section-2', 'example_subdag_operator' retrieved from /home/ubuntu/.local/lib/python3.10/site-packages/airflow/example_dags/example_subdag_operator.py
[2024-01-30T15:56:39.950+0100] {logging_mixin.py:188} INFO - [2024-01-30T15:56:39.949+0100] {dag.py:3033} INFO - Sync 3 DAGs
[2024-01-30T15:56:40.109+0100] {logging_mixin.py:188} INFO - [2024-01-30T15:56:40.109+0100] {dag.py:3820} INFO - Setting next_dagrun for example_subdag_operator to 2022-01-01T00:00:00+00:00, run_after=2022-01-01T00:00:00+00:00
[2024-01-30T15:56:40.135+0100] {logging_mixin.py:188} INFO - [2024-01-30T15:56:40.134+0100] {dag.py:3820} INFO - Setting next_dagrun for example_subdag_operator.section-1 to None, run_after=None
[2024-01-30T15:56:40.140+0100] {logging_mixin.py:188} INFO - [2024-01-30T15:56:40.140+0100] {dag.py:3820} INFO - Setting next_dagrun for example_subdag_operator.section-2 to None, run_after=None
[2024-01-30T15:56:40.180+0100] {logging_mixin.py:188} INFO - [2024-01-30T15:56:40.179+0100] {dag.py:3033} INFO - Sync 2 DAGs
[2024-01-30T15:56:40.191+0100] {logging_mixin.py:188} INFO - [2024-01-30T15:56:40.190+0100] {dag.py:3820} INFO - Setting next_dagrun for example_subdag_operator.section-1 to None, run_after=None
[2024-01-30T15:56:40.192+0100] {logging_mixin.py:188} INFO - [2024-01-30T15:56:40.191+0100] {dag.py:3820} INFO - Setting next_dagrun for example_subdag_operator.section-2 to None, run_after=None
[2024-01-30T15:56:40.254+0100] {processor.py:183} INFO - Processing /home/ubuntu/.local/lib/python3.10/site-packages/airflow/example_dags/example_subdag_operator.py took 0.700 seconds
[2024-01-30T15:57:39.176+0100] {processor.py:161} INFO - Started process (PID=9988) to work on /home/ubuntu/.local/lib/python3.10/site-packages/airflow/example_dags/example_subdag_operator.py
[2024-01-30T15:57:39.179+0100] {processor.py:830} INFO - Processing file /home/ubuntu/.local/lib/python3.10/site-packages/airflow/example_dags/example_subdag_operator.py for tasks to queue
[2024-01-30T15:57:39.183+0100] {logging_mixin.py:188} INFO - [2024-01-30T15:57:39.183+0100] {dagbag.py:538} INFO - Filling up the DagBag from /home/ubuntu/.local/lib/python3.10/site-packages/airflow/example_dags/example_subdag_operator.py
[2024-01-30T15:57:39.229+0100] {processor.py:840} INFO - DAG(s) 'example_subdag_operator.section-1', 'example_subdag_operator.section-2', 'example_subdag_operator' retrieved from /home/ubuntu/.local/lib/python3.10/site-packages/airflow/example_dags/example_subdag_operator.py
[2024-01-30T15:57:39.261+0100] {logging_mixin.py:188} INFO - [2024-01-30T15:57:39.261+0100] {dag.py:3033} INFO - Sync 3 DAGs
[2024-01-30T15:57:39.299+0100] {logging_mixin.py:188} INFO - [2024-01-30T15:57:39.299+0100] {dag.py:3820} INFO - Setting next_dagrun for example_subdag_operator to 2022-01-01T00:00:00+00:00, run_after=2022-01-01T00:00:00+00:00
[2024-01-30T15:57:39.306+0100] {logging_mixin.py:188} INFO - [2024-01-30T15:57:39.306+0100] {dag.py:3820} INFO - Setting next_dagrun for example_subdag_operator.section-1 to None, run_after=None
[2024-01-30T15:57:39.314+0100] {logging_mixin.py:188} INFO - [2024-01-30T15:57:39.313+0100] {dag.py:3820} INFO - Setting next_dagrun for example_subdag_operator.section-2 to None, run_after=None
[2024-01-30T15:57:39.386+0100] {logging_mixin.py:188} INFO - [2024-01-30T15:57:39.341+0100] {dag.py:3033} INFO - Sync 2 DAGs
[2024-01-30T15:57:39.393+0100] {logging_mixin.py:188} INFO - [2024-01-30T15:57:39.393+0100] {dag.py:3820} INFO - Setting next_dagrun for example_subdag_operator.section-1 to None, run_after=None
[2024-01-30T15:57:39.394+0100] {logging_mixin.py:188} INFO - [2024-01-30T15:57:39.394+0100] {dag.py:3820} INFO - Setting next_dagrun for example_subdag_operator.section-2 to None, run_after=None
[2024-01-30T15:57:39.462+0100] {processor.py:183} INFO - Processing /home/ubuntu/.local/lib/python3.10/site-packages/airflow/example_dags/example_subdag_operator.py took 0.290 seconds
[2024-01-30T15:58:27.933+0100] {processor.py:161} INFO - Started process (PID=10039) to work on /home/ubuntu/.local/lib/python3.10/site-packages/airflow/example_dags/example_subdag_operator.py
[2024-01-30T15:58:27.959+0100] {processor.py:830} INFO - Processing file /home/ubuntu/.local/lib/python3.10/site-packages/airflow/example_dags/example_subdag_operator.py for tasks to queue
[2024-01-30T15:58:27.964+0100] {logging_mixin.py:188} INFO - [2024-01-30T15:58:27.960+0100] {dagbag.py:538} INFO - Filling up the DagBag from /home/ubuntu/.local/lib/python3.10/site-packages/airflow/example_dags/example_subdag_operator.py
[2024-01-30T15:58:28.067+0100] {processor.py:840} INFO - DAG(s) 'example_subdag_operator.section-1', 'example_subdag_operator.section-2', 'example_subdag_operator' retrieved from /home/ubuntu/.local/lib/python3.10/site-packages/airflow/example_dags/example_subdag_operator.py
[2024-01-30T15:58:28.177+0100] {logging_mixin.py:188} INFO - [2024-01-30T15:58:28.176+0100] {dag.py:3033} INFO - Sync 3 DAGs
[2024-01-30T15:58:28.325+0100] {logging_mixin.py:188} INFO - [2024-01-30T15:58:28.325+0100] {dag.py:3820} INFO - Setting next_dagrun for example_subdag_operator to 2022-01-01T00:00:00+00:00, run_after=2022-01-01T00:00:00+00:00
[2024-01-30T15:58:28.337+0100] {logging_mixin.py:188} INFO - [2024-01-30T15:58:28.337+0100] {dag.py:3820} INFO - Setting next_dagrun for example_subdag_operator.section-1 to None, run_after=None
[2024-01-30T15:58:28.339+0100] {logging_mixin.py:188} INFO - [2024-01-30T15:58:28.339+0100] {dag.py:3820} INFO - Setting next_dagrun for example_subdag_operator.section-2 to None, run_after=None
[2024-01-30T15:58:28.354+0100] {logging_mixin.py:188} INFO - [2024-01-30T15:58:28.354+0100] {dag.py:3033} INFO - Sync 2 DAGs
[2024-01-30T15:58:28.366+0100] {logging_mixin.py:188} INFO - [2024-01-30T15:58:28.366+0100] {dag.py:3820} INFO - Setting next_dagrun for example_subdag_operator.section-1 to None, run_after=None
[2024-01-30T15:58:28.383+0100] {logging_mixin.py:188} INFO - [2024-01-30T15:58:28.383+0100] {dag.py:3820} INFO - Setting next_dagrun for example_subdag_operator.section-2 to None, run_after=None
[2024-01-30T15:58:28.561+0100] {processor.py:183} INFO - Processing /home/ubuntu/.local/lib/python3.10/site-packages/airflow/example_dags/example_subdag_operator.py took 0.654 seconds
[2024-01-30T15:59:23.628+0100] {processor.py:161} INFO - Started process (PID=10088) to work on /home/ubuntu/.local/lib/python3.10/site-packages/airflow/example_dags/example_subdag_operator.py
[2024-01-30T15:59:23.648+0100] {processor.py:830} INFO - Processing file /home/ubuntu/.local/lib/python3.10/site-packages/airflow/example_dags/example_subdag_operator.py for tasks to queue
[2024-01-30T15:59:23.653+0100] {logging_mixin.py:188} INFO - [2024-01-30T15:59:23.649+0100] {dagbag.py:538} INFO - Filling up the DagBag from /home/ubuntu/.local/lib/python3.10/site-packages/airflow/example_dags/example_subdag_operator.py
[2024-01-30T15:59:23.763+0100] {processor.py:840} INFO - DAG(s) 'example_subdag_operator.section-1', 'example_subdag_operator.section-2', 'example_subdag_operator' retrieved from /home/ubuntu/.local/lib/python3.10/site-packages/airflow/example_dags/example_subdag_operator.py
[2024-01-30T15:59:23.817+0100] {logging_mixin.py:188} INFO - [2024-01-30T15:59:23.817+0100] {dag.py:3033} INFO - Sync 3 DAGs
[2024-01-30T15:59:23.919+0100] {logging_mixin.py:188} INFO - [2024-01-30T15:59:23.918+0100] {dag.py:3820} INFO - Setting next_dagrun for example_subdag_operator to 2022-01-01T00:00:00+00:00, run_after=2022-01-01T00:00:00+00:00
[2024-01-30T15:59:23.958+0100] {logging_mixin.py:188} INFO - [2024-01-30T15:59:23.958+0100] {dag.py:3820} INFO - Setting next_dagrun for example_subdag_operator.section-1 to None, run_after=None
[2024-01-30T15:59:23.987+0100] {logging_mixin.py:188} INFO - [2024-01-30T15:59:23.981+0100] {dag.py:3820} INFO - Setting next_dagrun for example_subdag_operator.section-2 to None, run_after=None
[2024-01-30T15:59:24.029+0100] {logging_mixin.py:188} INFO - [2024-01-30T15:59:24.028+0100] {dag.py:3033} INFO - Sync 2 DAGs
[2024-01-30T15:59:24.043+0100] {logging_mixin.py:188} INFO - [2024-01-30T15:59:24.043+0100] {dag.py:3820} INFO - Setting next_dagrun for example_subdag_operator.section-1 to None, run_after=None
[2024-01-30T15:59:24.045+0100] {logging_mixin.py:188} INFO - [2024-01-30T15:59:24.044+0100] {dag.py:3820} INFO - Setting next_dagrun for example_subdag_operator.section-2 to None, run_after=None
[2024-01-30T15:59:24.089+0100] {processor.py:183} INFO - Processing /home/ubuntu/.local/lib/python3.10/site-packages/airflow/example_dags/example_subdag_operator.py took 0.488 seconds
[2024-01-30T16:00:11.863+0100] {processor.py:161} INFO - Started process (PID=10142) to work on /home/ubuntu/.local/lib/python3.10/site-packages/airflow/example_dags/example_subdag_operator.py
[2024-01-30T16:00:11.876+0100] {processor.py:830} INFO - Processing file /home/ubuntu/.local/lib/python3.10/site-packages/airflow/example_dags/example_subdag_operator.py for tasks to queue
[2024-01-30T16:00:11.878+0100] {logging_mixin.py:188} INFO - [2024-01-30T16:00:11.877+0100] {dagbag.py:538} INFO - Filling up the DagBag from /home/ubuntu/.local/lib/python3.10/site-packages/airflow/example_dags/example_subdag_operator.py
[2024-01-30T16:00:11.902+0100] {processor.py:840} INFO - DAG(s) 'example_subdag_operator.section-1', 'example_subdag_operator.section-2', 'example_subdag_operator' retrieved from /home/ubuntu/.local/lib/python3.10/site-packages/airflow/example_dags/example_subdag_operator.py
[2024-01-30T16:00:11.922+0100] {logging_mixin.py:188} INFO - [2024-01-30T16:00:11.922+0100] {dag.py:3033} INFO - Sync 3 DAGs
[2024-01-30T16:00:11.944+0100] {logging_mixin.py:188} INFO - [2024-01-30T16:00:11.944+0100] {dag.py:3820} INFO - Setting next_dagrun for example_subdag_operator to 2022-01-01T00:00:00+00:00, run_after=2022-01-01T00:00:00+00:00
[2024-01-30T16:00:11.949+0100] {logging_mixin.py:188} INFO - [2024-01-30T16:00:11.948+0100] {dag.py:3820} INFO - Setting next_dagrun for example_subdag_operator.section-1 to None, run_after=None
[2024-01-30T16:00:11.951+0100] {logging_mixin.py:188} INFO - [2024-01-30T16:00:11.951+0100] {dag.py:3820} INFO - Setting next_dagrun for example_subdag_operator.section-2 to None, run_after=None
[2024-01-30T16:00:11.958+0100] {logging_mixin.py:188} INFO - [2024-01-30T16:00:11.958+0100] {dag.py:3033} INFO - Sync 2 DAGs
[2024-01-30T16:00:11.963+0100] {logging_mixin.py:188} INFO - [2024-01-30T16:00:11.962+0100] {dag.py:3820} INFO - Setting next_dagrun for example_subdag_operator.section-1 to None, run_after=None
[2024-01-30T16:00:11.963+0100] {logging_mixin.py:188} INFO - [2024-01-30T16:00:11.963+0100] {dag.py:3820} INFO - Setting next_dagrun for example_subdag_operator.section-2 to None, run_after=None
[2024-01-30T16:00:11.987+0100] {processor.py:183} INFO - Processing /home/ubuntu/.local/lib/python3.10/site-packages/airflow/example_dags/example_subdag_operator.py took 0.128 seconds
[2024-01-30T16:01:06.916+0100] {processor.py:161} INFO - Started process (PID=10200) to work on /home/ubuntu/.local/lib/python3.10/site-packages/airflow/example_dags/example_subdag_operator.py
[2024-01-30T16:01:06.919+0100] {processor.py:830} INFO - Processing file /home/ubuntu/.local/lib/python3.10/site-packages/airflow/example_dags/example_subdag_operator.py for tasks to queue
[2024-01-30T16:01:06.921+0100] {logging_mixin.py:188} INFO - [2024-01-30T16:01:06.920+0100] {dagbag.py:538} INFO - Filling up the DagBag from /home/ubuntu/.local/lib/python3.10/site-packages/airflow/example_dags/example_subdag_operator.py
[2024-01-30T16:01:06.944+0100] {processor.py:840} INFO - DAG(s) 'example_subdag_operator.section-1', 'example_subdag_operator.section-2', 'example_subdag_operator' retrieved from /home/ubuntu/.local/lib/python3.10/site-packages/airflow/example_dags/example_subdag_operator.py
[2024-01-30T16:01:06.966+0100] {logging_mixin.py:188} INFO - [2024-01-30T16:01:06.966+0100] {dag.py:3033} INFO - Sync 3 DAGs
[2024-01-30T16:01:06.988+0100] {logging_mixin.py:188} INFO - [2024-01-30T16:01:06.988+0100] {dag.py:3820} INFO - Setting next_dagrun for example_subdag_operator to 2022-01-01T00:00:00+00:00, run_after=2022-01-01T00:00:00+00:00
[2024-01-30T16:01:06.994+0100] {logging_mixin.py:188} INFO - [2024-01-30T16:01:06.994+0100] {dag.py:3820} INFO - Setting next_dagrun for example_subdag_operator.section-1 to None, run_after=None
[2024-01-30T16:01:06.995+0100] {logging_mixin.py:188} INFO - [2024-01-30T16:01:06.995+0100] {dag.py:3820} INFO - Setting next_dagrun for example_subdag_operator.section-2 to None, run_after=None
[2024-01-30T16:01:07.004+0100] {logging_mixin.py:188} INFO - [2024-01-30T16:01:07.004+0100] {dag.py:3033} INFO - Sync 2 DAGs
[2024-01-30T16:01:07.008+0100] {logging_mixin.py:188} INFO - [2024-01-30T16:01:07.008+0100] {dag.py:3820} INFO - Setting next_dagrun for example_subdag_operator.section-1 to None, run_after=None
[2024-01-30T16:01:07.009+0100] {logging_mixin.py:188} INFO - [2024-01-30T16:01:07.009+0100] {dag.py:3820} INFO - Setting next_dagrun for example_subdag_operator.section-2 to None, run_after=None
[2024-01-30T16:01:07.031+0100] {processor.py:183} INFO - Processing /home/ubuntu/.local/lib/python3.10/site-packages/airflow/example_dags/example_subdag_operator.py took 0.119 seconds
[2024-01-30T16:02:05.328+0100] {processor.py:161} INFO - Started process (PID=10263) to work on /home/ubuntu/.local/lib/python3.10/site-packages/airflow/example_dags/example_subdag_operator.py
[2024-01-30T16:02:05.330+0100] {processor.py:830} INFO - Processing file /home/ubuntu/.local/lib/python3.10/site-packages/airflow/example_dags/example_subdag_operator.py for tasks to queue
[2024-01-30T16:02:05.332+0100] {logging_mixin.py:188} INFO - [2024-01-30T16:02:05.331+0100] {dagbag.py:538} INFO - Filling up the DagBag from /home/ubuntu/.local/lib/python3.10/site-packages/airflow/example_dags/example_subdag_operator.py
[2024-01-30T16:02:05.358+0100] {processor.py:840} INFO - DAG(s) 'example_subdag_operator.section-1', 'example_subdag_operator.section-2', 'example_subdag_operator' retrieved from /home/ubuntu/.local/lib/python3.10/site-packages/airflow/example_dags/example_subdag_operator.py
[2024-01-30T16:02:05.379+0100] {logging_mixin.py:188} INFO - [2024-01-30T16:02:05.379+0100] {dag.py:3033} INFO - Sync 3 DAGs
[2024-01-30T16:02:05.403+0100] {logging_mixin.py:188} INFO - [2024-01-30T16:02:05.402+0100] {dag.py:3820} INFO - Setting next_dagrun for example_subdag_operator to 2022-01-01T00:00:00+00:00, run_after=2022-01-01T00:00:00+00:00
[2024-01-30T16:02:05.406+0100] {logging_mixin.py:188} INFO - [2024-01-30T16:02:05.406+0100] {dag.py:3820} INFO - Setting next_dagrun for example_subdag_operator.section-1 to None, run_after=None
[2024-01-30T16:02:05.407+0100] {logging_mixin.py:188} INFO - [2024-01-30T16:02:05.407+0100] {dag.py:3820} INFO - Setting next_dagrun for example_subdag_operator.section-2 to None, run_after=None
[2024-01-30T16:02:05.415+0100] {logging_mixin.py:188} INFO - [2024-01-30T16:02:05.415+0100] {dag.py:3033} INFO - Sync 2 DAGs
[2024-01-30T16:02:05.420+0100] {logging_mixin.py:188} INFO - [2024-01-30T16:02:05.420+0100] {dag.py:3820} INFO - Setting next_dagrun for example_subdag_operator.section-1 to None, run_after=None
[2024-01-30T16:02:05.421+0100] {logging_mixin.py:188} INFO - [2024-01-30T16:02:05.420+0100] {dag.py:3820} INFO - Setting next_dagrun for example_subdag_operator.section-2 to None, run_after=None
[2024-01-30T16:02:05.443+0100] {processor.py:183} INFO - Processing /home/ubuntu/.local/lib/python3.10/site-packages/airflow/example_dags/example_subdag_operator.py took 0.119 seconds
[2024-01-30T16:03:40.384+0100] {processor.py:161} INFO - Started process (PID=10361) to work on /home/ubuntu/.local/lib/python3.10/site-packages/airflow/example_dags/example_subdag_operator.py
[2024-01-30T16:03:40.388+0100] {processor.py:830} INFO - Processing file /home/ubuntu/.local/lib/python3.10/site-packages/airflow/example_dags/example_subdag_operator.py for tasks to queue
[2024-01-30T16:03:40.391+0100] {logging_mixin.py:188} INFO - [2024-01-30T16:03:40.389+0100] {dagbag.py:538} INFO - Filling up the DagBag from /home/ubuntu/.local/lib/python3.10/site-packages/airflow/example_dags/example_subdag_operator.py
[2024-01-30T16:03:40.452+0100] {processor.py:840} INFO - DAG(s) 'example_subdag_operator.section-1', 'example_subdag_operator.section-2', 'example_subdag_operator' retrieved from /home/ubuntu/.local/lib/python3.10/site-packages/airflow/example_dags/example_subdag_operator.py
[2024-01-30T16:03:40.542+0100] {logging_mixin.py:188} INFO - [2024-01-30T16:03:40.542+0100] {dag.py:3033} INFO - Sync 3 DAGs
[2024-01-30T16:03:40.594+0100] {logging_mixin.py:188} INFO - [2024-01-30T16:03:40.594+0100] {dag.py:3820} INFO - Setting next_dagrun for example_subdag_operator to 2022-01-01T00:00:00+00:00, run_after=2022-01-01T00:00:00+00:00
[2024-01-30T16:03:40.603+0100] {logging_mixin.py:188} INFO - [2024-01-30T16:03:40.603+0100] {dag.py:3820} INFO - Setting next_dagrun for example_subdag_operator.section-1 to None, run_after=None
[2024-01-30T16:03:40.606+0100] {logging_mixin.py:188} INFO - [2024-01-30T16:03:40.605+0100] {dag.py:3820} INFO - Setting next_dagrun for example_subdag_operator.section-2 to None, run_after=None
[2024-01-30T16:03:40.631+0100] {logging_mixin.py:188} INFO - [2024-01-30T16:03:40.631+0100] {dag.py:3033} INFO - Sync 2 DAGs
[2024-01-30T16:03:40.645+0100] {logging_mixin.py:188} INFO - [2024-01-30T16:03:40.645+0100] {dag.py:3820} INFO - Setting next_dagrun for example_subdag_operator.section-1 to None, run_after=None
[2024-01-30T16:03:40.646+0100] {logging_mixin.py:188} INFO - [2024-01-30T16:03:40.645+0100] {dag.py:3820} INFO - Setting next_dagrun for example_subdag_operator.section-2 to None, run_after=None
[2024-01-30T16:03:40.772+0100] {processor.py:183} INFO - Processing /home/ubuntu/.local/lib/python3.10/site-packages/airflow/example_dags/example_subdag_operator.py took 0.398 seconds
[2024-01-30T16:04:30.276+0100] {processor.py:161} INFO - Started process (PID=10415) to work on /home/ubuntu/.local/lib/python3.10/site-packages/airflow/example_dags/example_subdag_operator.py
[2024-01-30T16:04:30.279+0100] {processor.py:830} INFO - Processing file /home/ubuntu/.local/lib/python3.10/site-packages/airflow/example_dags/example_subdag_operator.py for tasks to queue
[2024-01-30T16:04:30.281+0100] {logging_mixin.py:188} INFO - [2024-01-30T16:04:30.280+0100] {dagbag.py:538} INFO - Filling up the DagBag from /home/ubuntu/.local/lib/python3.10/site-packages/airflow/example_dags/example_subdag_operator.py
[2024-01-30T16:04:30.306+0100] {processor.py:840} INFO - DAG(s) 'example_subdag_operator.section-1', 'example_subdag_operator.section-2', 'example_subdag_operator' retrieved from /home/ubuntu/.local/lib/python3.10/site-packages/airflow/example_dags/example_subdag_operator.py
[2024-01-30T16:04:30.326+0100] {logging_mixin.py:188} INFO - [2024-01-30T16:04:30.325+0100] {dag.py:3033} INFO - Sync 3 DAGs
[2024-01-30T16:04:30.347+0100] {logging_mixin.py:188} INFO - [2024-01-30T16:04:30.347+0100] {dag.py:3820} INFO - Setting next_dagrun for example_subdag_operator to 2022-01-01T00:00:00+00:00, run_after=2022-01-01T00:00:00+00:00
[2024-01-30T16:04:30.350+0100] {logging_mixin.py:188} INFO - [2024-01-30T16:04:30.350+0100] {dag.py:3820} INFO - Setting next_dagrun for example_subdag_operator.section-1 to None, run_after=None
[2024-01-30T16:04:30.351+0100] {logging_mixin.py:188} INFO - [2024-01-30T16:04:30.351+0100] {dag.py:3820} INFO - Setting next_dagrun for example_subdag_operator.section-2 to None, run_after=None
[2024-01-30T16:04:30.375+0100] {logging_mixin.py:188} INFO - [2024-01-30T16:04:30.375+0100] {dag.py:3033} INFO - Sync 2 DAGs
[2024-01-30T16:04:30.383+0100] {logging_mixin.py:188} INFO - [2024-01-30T16:04:30.383+0100] {dag.py:3820} INFO - Setting next_dagrun for example_subdag_operator.section-1 to None, run_after=None
[2024-01-30T16:04:30.384+0100] {logging_mixin.py:188} INFO - [2024-01-30T16:04:30.383+0100] {dag.py:3820} INFO - Setting next_dagrun for example_subdag_operator.section-2 to None, run_after=None
[2024-01-30T16:04:30.499+0100] {processor.py:183} INFO - Processing /home/ubuntu/.local/lib/python3.10/site-packages/airflow/example_dags/example_subdag_operator.py took 0.228 seconds
[2024-01-30T16:05:25.427+0100] {processor.py:161} INFO - Started process (PID=10459) to work on /home/ubuntu/.local/lib/python3.10/site-packages/airflow/example_dags/example_subdag_operator.py
[2024-01-30T16:05:25.430+0100] {processor.py:830} INFO - Processing file /home/ubuntu/.local/lib/python3.10/site-packages/airflow/example_dags/example_subdag_operator.py for tasks to queue
[2024-01-30T16:05:25.432+0100] {logging_mixin.py:188} INFO - [2024-01-30T16:05:25.432+0100] {dagbag.py:538} INFO - Filling up the DagBag from /home/ubuntu/.local/lib/python3.10/site-packages/airflow/example_dags/example_subdag_operator.py
[2024-01-30T16:05:25.543+0100] {processor.py:840} INFO - DAG(s) 'example_subdag_operator.section-1', 'example_subdag_operator.section-2', 'example_subdag_operator' retrieved from /home/ubuntu/.local/lib/python3.10/site-packages/airflow/example_dags/example_subdag_operator.py
[2024-01-30T16:05:25.652+0100] {logging_mixin.py:188} INFO - [2024-01-30T16:05:25.652+0100] {dag.py:3033} INFO - Sync 3 DAGs
[2024-01-30T16:05:25.767+0100] {logging_mixin.py:188} INFO - [2024-01-30T16:05:25.766+0100] {dag.py:3820} INFO - Setting next_dagrun for example_subdag_operator to 2022-01-01T00:00:00+00:00, run_after=2022-01-01T00:00:00+00:00
[2024-01-30T16:05:25.778+0100] {logging_mixin.py:188} INFO - [2024-01-30T16:05:25.777+0100] {dag.py:3820} INFO - Setting next_dagrun for example_subdag_operator.section-1 to None, run_after=None
[2024-01-30T16:05:25.782+0100] {logging_mixin.py:188} INFO - [2024-01-30T16:05:25.781+0100] {dag.py:3820} INFO - Setting next_dagrun for example_subdag_operator.section-2 to None, run_after=None
[2024-01-30T16:05:25.836+0100] {logging_mixin.py:188} INFO - [2024-01-30T16:05:25.836+0100] {dag.py:3033} INFO - Sync 2 DAGs
[2024-01-30T16:05:25.847+0100] {logging_mixin.py:188} INFO - [2024-01-30T16:05:25.847+0100] {dag.py:3820} INFO - Setting next_dagrun for example_subdag_operator.section-1 to None, run_after=None
[2024-01-30T16:05:25.848+0100] {logging_mixin.py:188} INFO - [2024-01-30T16:05:25.848+0100] {dag.py:3820} INFO - Setting next_dagrun for example_subdag_operator.section-2 to None, run_after=None
[2024-01-30T16:05:25.934+0100] {processor.py:183} INFO - Processing /home/ubuntu/.local/lib/python3.10/site-packages/airflow/example_dags/example_subdag_operator.py took 0.510 seconds
[2024-01-30T16:06:11.853+0100] {processor.py:161} INFO - Started process (PID=10503) to work on /home/ubuntu/.local/lib/python3.10/site-packages/airflow/example_dags/example_subdag_operator.py
[2024-01-30T16:06:11.867+0100] {processor.py:830} INFO - Processing file /home/ubuntu/.local/lib/python3.10/site-packages/airflow/example_dags/example_subdag_operator.py for tasks to queue
[2024-01-30T16:06:11.904+0100] {logging_mixin.py:188} INFO - [2024-01-30T16:06:11.903+0100] {dagbag.py:538} INFO - Filling up the DagBag from /home/ubuntu/.local/lib/python3.10/site-packages/airflow/example_dags/example_subdag_operator.py
[2024-01-30T16:06:11.962+0100] {processor.py:840} INFO - DAG(s) 'example_subdag_operator.section-1', 'example_subdag_operator.section-2', 'example_subdag_operator' retrieved from /home/ubuntu/.local/lib/python3.10/site-packages/airflow/example_dags/example_subdag_operator.py
[2024-01-30T16:06:11.986+0100] {logging_mixin.py:188} INFO - [2024-01-30T16:06:11.985+0100] {dag.py:3033} INFO - Sync 3 DAGs
[2024-01-30T16:06:12.010+0100] {logging_mixin.py:188} INFO - [2024-01-30T16:06:12.010+0100] {dag.py:3820} INFO - Setting next_dagrun for example_subdag_operator to 2022-01-01T00:00:00+00:00, run_after=2022-01-01T00:00:00+00:00
[2024-01-30T16:06:12.013+0100] {logging_mixin.py:188} INFO - [2024-01-30T16:06:12.013+0100] {dag.py:3820} INFO - Setting next_dagrun for example_subdag_operator.section-1 to None, run_after=None
[2024-01-30T16:06:12.017+0100] {logging_mixin.py:188} INFO - [2024-01-30T16:06:12.017+0100] {dag.py:3820} INFO - Setting next_dagrun for example_subdag_operator.section-2 to None, run_after=None
[2024-01-30T16:06:12.026+0100] {logging_mixin.py:188} INFO - [2024-01-30T16:06:12.026+0100] {dag.py:3033} INFO - Sync 2 DAGs
[2024-01-30T16:06:12.031+0100] {logging_mixin.py:188} INFO - [2024-01-30T16:06:12.031+0100] {dag.py:3820} INFO - Setting next_dagrun for example_subdag_operator.section-1 to None, run_after=None
[2024-01-30T16:06:12.032+0100] {logging_mixin.py:188} INFO - [2024-01-30T16:06:12.032+0100] {dag.py:3820} INFO - Setting next_dagrun for example_subdag_operator.section-2 to None, run_after=None
[2024-01-30T16:06:12.057+0100] {processor.py:183} INFO - Processing /home/ubuntu/.local/lib/python3.10/site-packages/airflow/example_dags/example_subdag_operator.py took 0.223 seconds
