[2024-01-30T15:29:40.390+0100] {processor.py:161} INFO - Started process (PID=6572) to work on /home/ubuntu/.local/lib/python3.10/site-packages/airflow/example_dags/example_task_group_decorator.py
[2024-01-30T15:29:40.393+0100] {processor.py:830} INFO - Processing file /home/ubuntu/.local/lib/python3.10/site-packages/airflow/example_dags/example_task_group_decorator.py for tasks to queue
[2024-01-30T15:29:40.396+0100] {logging_mixin.py:188} INFO - [2024-01-30T15:29:40.395+0100] {dagbag.py:538} INFO - Filling up the DagBag from /home/ubuntu/.local/lib/python3.10/site-packages/airflow/example_dags/example_task_group_decorator.py
[2024-01-30T15:29:40.466+0100] {processor.py:840} INFO - DAG(s) 'example_task_group_decorator' retrieved from /home/ubuntu/.local/lib/python3.10/site-packages/airflow/example_dags/example_task_group_decorator.py
[2024-01-30T15:29:40.563+0100] {logging_mixin.py:188} INFO - [2024-01-30T15:29:40.563+0100] {dag.py:3033} INFO - Sync 1 DAGs
[2024-01-30T15:29:40.727+0100] {logging_mixin.py:188} INFO - [2024-01-30T15:29:40.727+0100] {dag.py:3820} INFO - Setting next_dagrun for example_task_group_decorator to 2024-01-29T00:00:00+00:00, run_after=2024-01-30T00:00:00+00:00
[2024-01-30T15:29:40.849+0100] {processor.py:183} INFO - Processing /home/ubuntu/.local/lib/python3.10/site-packages/airflow/example_dags/example_task_group_decorator.py took 0.466 seconds
[2024-01-30T15:30:49.090+0100] {processor.py:161} INFO - Started process (PID=6642) to work on /home/ubuntu/.local/lib/python3.10/site-packages/airflow/example_dags/example_task_group_decorator.py
[2024-01-30T15:30:49.093+0100] {processor.py:830} INFO - Processing file /home/ubuntu/.local/lib/python3.10/site-packages/airflow/example_dags/example_task_group_decorator.py for tasks to queue
[2024-01-30T15:30:49.095+0100] {logging_mixin.py:188} INFO - [2024-01-30T15:30:49.094+0100] {dagbag.py:538} INFO - Filling up the DagBag from /home/ubuntu/.local/lib/python3.10/site-packages/airflow/example_dags/example_task_group_decorator.py
[2024-01-30T15:30:49.124+0100] {processor.py:840} INFO - DAG(s) 'example_task_group_decorator' retrieved from /home/ubuntu/.local/lib/python3.10/site-packages/airflow/example_dags/example_task_group_decorator.py
[2024-01-30T15:30:49.278+0100] {logging_mixin.py:188} INFO - [2024-01-30T15:30:49.278+0100] {dag.py:3033} INFO - Sync 1 DAGs
[2024-01-30T15:30:49.296+0100] {logging_mixin.py:188} INFO - [2024-01-30T15:30:49.296+0100] {dag.py:3820} INFO - Setting next_dagrun for example_task_group_decorator to 2024-01-29T00:00:00+00:00, run_after=2024-01-30T00:00:00+00:00
[2024-01-30T15:30:49.331+0100] {processor.py:183} INFO - Processing /home/ubuntu/.local/lib/python3.10/site-packages/airflow/example_dags/example_task_group_decorator.py took 0.247 seconds
[2024-01-30T15:31:42.398+0100] {processor.py:161} INFO - Started process (PID=6700) to work on /home/ubuntu/.local/lib/python3.10/site-packages/airflow/example_dags/example_task_group_decorator.py
[2024-01-30T15:31:42.401+0100] {processor.py:830} INFO - Processing file /home/ubuntu/.local/lib/python3.10/site-packages/airflow/example_dags/example_task_group_decorator.py for tasks to queue
[2024-01-30T15:31:42.402+0100] {logging_mixin.py:188} INFO - [2024-01-30T15:31:42.402+0100] {dagbag.py:538} INFO - Filling up the DagBag from /home/ubuntu/.local/lib/python3.10/site-packages/airflow/example_dags/example_task_group_decorator.py
[2024-01-30T15:31:42.421+0100] {processor.py:840} INFO - DAG(s) 'example_task_group_decorator' retrieved from /home/ubuntu/.local/lib/python3.10/site-packages/airflow/example_dags/example_task_group_decorator.py
[2024-01-30T15:31:42.455+0100] {logging_mixin.py:188} INFO - [2024-01-30T15:31:42.454+0100] {dag.py:3033} INFO - Sync 1 DAGs
[2024-01-30T15:31:42.493+0100] {logging_mixin.py:188} INFO - [2024-01-30T15:31:42.492+0100] {dag.py:3820} INFO - Setting next_dagrun for example_task_group_decorator to 2024-01-29T00:00:00+00:00, run_after=2024-01-30T00:00:00+00:00
[2024-01-30T15:31:42.550+0100] {processor.py:183} INFO - Processing /home/ubuntu/.local/lib/python3.10/site-packages/airflow/example_dags/example_task_group_decorator.py took 0.155 seconds
[2024-01-30T15:32:45.492+0100] {processor.py:161} INFO - Started process (PID=6767) to work on /home/ubuntu/.local/lib/python3.10/site-packages/airflow/example_dags/example_task_group_decorator.py
[2024-01-30T15:32:45.494+0100] {processor.py:830} INFO - Processing file /home/ubuntu/.local/lib/python3.10/site-packages/airflow/example_dags/example_task_group_decorator.py for tasks to queue
[2024-01-30T15:32:45.497+0100] {logging_mixin.py:188} INFO - [2024-01-30T15:32:45.496+0100] {dagbag.py:538} INFO - Filling up the DagBag from /home/ubuntu/.local/lib/python3.10/site-packages/airflow/example_dags/example_task_group_decorator.py
[2024-01-30T15:32:45.545+0100] {processor.py:840} INFO - DAG(s) 'example_task_group_decorator' retrieved from /home/ubuntu/.local/lib/python3.10/site-packages/airflow/example_dags/example_task_group_decorator.py
[2024-01-30T15:32:45.654+0100] {logging_mixin.py:188} INFO - [2024-01-30T15:32:45.654+0100] {dag.py:3033} INFO - Sync 1 DAGs
[2024-01-30T15:32:45.689+0100] {logging_mixin.py:188} INFO - [2024-01-30T15:32:45.688+0100] {dag.py:3820} INFO - Setting next_dagrun for example_task_group_decorator to 2024-01-29T00:00:00+00:00, run_after=2024-01-30T00:00:00+00:00
[2024-01-30T15:32:45.849+0100] {processor.py:183} INFO - Processing /home/ubuntu/.local/lib/python3.10/site-packages/airflow/example_dags/example_task_group_decorator.py took 0.363 seconds
[2024-01-30T15:33:31.663+0100] {processor.py:161} INFO - Started process (PID=6811) to work on /home/ubuntu/.local/lib/python3.10/site-packages/airflow/example_dags/example_task_group_decorator.py
[2024-01-30T15:33:31.665+0100] {processor.py:830} INFO - Processing file /home/ubuntu/.local/lib/python3.10/site-packages/airflow/example_dags/example_task_group_decorator.py for tasks to queue
[2024-01-30T15:33:31.666+0100] {logging_mixin.py:188} INFO - [2024-01-30T15:33:31.666+0100] {dagbag.py:538} INFO - Filling up the DagBag from /home/ubuntu/.local/lib/python3.10/site-packages/airflow/example_dags/example_task_group_decorator.py
[2024-01-30T15:33:31.683+0100] {processor.py:840} INFO - DAG(s) 'example_task_group_decorator' retrieved from /home/ubuntu/.local/lib/python3.10/site-packages/airflow/example_dags/example_task_group_decorator.py
[2024-01-30T15:33:31.703+0100] {logging_mixin.py:188} INFO - [2024-01-30T15:33:31.703+0100] {dag.py:3033} INFO - Sync 1 DAGs
[2024-01-30T15:33:31.722+0100] {logging_mixin.py:188} INFO - [2024-01-30T15:33:31.722+0100] {dag.py:3820} INFO - Setting next_dagrun for example_task_group_decorator to 2024-01-29T00:00:00+00:00, run_after=2024-01-30T00:00:00+00:00
[2024-01-30T15:33:31.757+0100] {processor.py:183} INFO - Processing /home/ubuntu/.local/lib/python3.10/site-packages/airflow/example_dags/example_task_group_decorator.py took 0.097 seconds
[2024-01-30T15:34:29.423+0100] {processor.py:161} INFO - Started process (PID=6869) to work on /home/ubuntu/.local/lib/python3.10/site-packages/airflow/example_dags/example_task_group_decorator.py
[2024-01-30T15:34:29.426+0100] {processor.py:830} INFO - Processing file /home/ubuntu/.local/lib/python3.10/site-packages/airflow/example_dags/example_task_group_decorator.py for tasks to queue
[2024-01-30T15:34:29.428+0100] {logging_mixin.py:188} INFO - [2024-01-30T15:34:29.427+0100] {dagbag.py:538} INFO - Filling up the DagBag from /home/ubuntu/.local/lib/python3.10/site-packages/airflow/example_dags/example_task_group_decorator.py
[2024-01-30T15:34:29.448+0100] {processor.py:840} INFO - DAG(s) 'example_task_group_decorator' retrieved from /home/ubuntu/.local/lib/python3.10/site-packages/airflow/example_dags/example_task_group_decorator.py
[2024-01-30T15:34:29.470+0100] {logging_mixin.py:188} INFO - [2024-01-30T15:34:29.470+0100] {dag.py:3033} INFO - Sync 1 DAGs
[2024-01-30T15:34:29.489+0100] {logging_mixin.py:188} INFO - [2024-01-30T15:34:29.489+0100] {dag.py:3820} INFO - Setting next_dagrun for example_task_group_decorator to 2024-01-29T00:00:00+00:00, run_after=2024-01-30T00:00:00+00:00
[2024-01-30T15:34:29.563+0100] {processor.py:183} INFO - Processing /home/ubuntu/.local/lib/python3.10/site-packages/airflow/example_dags/example_task_group_decorator.py took 0.144 seconds
[2024-01-30T15:35:20.408+0100] {processor.py:161} INFO - Started process (PID=6926) to work on /home/ubuntu/.local/lib/python3.10/site-packages/airflow/example_dags/example_task_group_decorator.py
[2024-01-30T15:35:20.425+0100] {processor.py:830} INFO - Processing file /home/ubuntu/.local/lib/python3.10/site-packages/airflow/example_dags/example_task_group_decorator.py for tasks to queue
[2024-01-30T15:35:20.427+0100] {logging_mixin.py:188} INFO - [2024-01-30T15:35:20.426+0100] {dagbag.py:538} INFO - Filling up the DagBag from /home/ubuntu/.local/lib/python3.10/site-packages/airflow/example_dags/example_task_group_decorator.py
[2024-01-30T15:35:20.475+0100] {processor.py:840} INFO - DAG(s) 'example_task_group_decorator' retrieved from /home/ubuntu/.local/lib/python3.10/site-packages/airflow/example_dags/example_task_group_decorator.py
[2024-01-30T15:35:20.499+0100] {logging_mixin.py:188} INFO - [2024-01-30T15:35:20.499+0100] {dag.py:3033} INFO - Sync 1 DAGs
[2024-01-30T15:35:20.529+0100] {logging_mixin.py:188} INFO - [2024-01-30T15:35:20.529+0100] {dag.py:3820} INFO - Setting next_dagrun for example_task_group_decorator to 2024-01-29T00:00:00+00:00, run_after=2024-01-30T00:00:00+00:00
[2024-01-30T15:35:20.563+0100] {processor.py:183} INFO - Processing /home/ubuntu/.local/lib/python3.10/site-packages/airflow/example_dags/example_task_group_decorator.py took 0.161 seconds
[2024-01-30T15:36:07.296+0100] {processor.py:161} INFO - Started process (PID=6976) to work on /home/ubuntu/.local/lib/python3.10/site-packages/airflow/example_dags/example_task_group_decorator.py
[2024-01-30T15:36:07.297+0100] {processor.py:830} INFO - Processing file /home/ubuntu/.local/lib/python3.10/site-packages/airflow/example_dags/example_task_group_decorator.py for tasks to queue
[2024-01-30T15:36:07.299+0100] {logging_mixin.py:188} INFO - [2024-01-30T15:36:07.299+0100] {dagbag.py:538} INFO - Filling up the DagBag from /home/ubuntu/.local/lib/python3.10/site-packages/airflow/example_dags/example_task_group_decorator.py
[2024-01-30T15:36:07.316+0100] {processor.py:840} INFO - DAG(s) 'example_task_group_decorator' retrieved from /home/ubuntu/.local/lib/python3.10/site-packages/airflow/example_dags/example_task_group_decorator.py
[2024-01-30T15:36:07.336+0100] {logging_mixin.py:188} INFO - [2024-01-30T15:36:07.336+0100] {dag.py:3033} INFO - Sync 1 DAGs
[2024-01-30T15:36:07.357+0100] {logging_mixin.py:188} INFO - [2024-01-30T15:36:07.357+0100] {dag.py:3820} INFO - Setting next_dagrun for example_task_group_decorator to 2024-01-29T00:00:00+00:00, run_after=2024-01-30T00:00:00+00:00
[2024-01-30T15:36:07.391+0100] {processor.py:183} INFO - Processing /home/ubuntu/.local/lib/python3.10/site-packages/airflow/example_dags/example_task_group_decorator.py took 0.099 seconds
[2024-01-30T15:37:03.588+0100] {processor.py:161} INFO - Started process (PID=7032) to work on /home/ubuntu/.local/lib/python3.10/site-packages/airflow/example_dags/example_task_group_decorator.py
[2024-01-30T15:37:03.591+0100] {processor.py:830} INFO - Processing file /home/ubuntu/.local/lib/python3.10/site-packages/airflow/example_dags/example_task_group_decorator.py for tasks to queue
[2024-01-30T15:37:03.594+0100] {logging_mixin.py:188} INFO - [2024-01-30T15:37:03.593+0100] {dagbag.py:538} INFO - Filling up the DagBag from /home/ubuntu/.local/lib/python3.10/site-packages/airflow/example_dags/example_task_group_decorator.py
[2024-01-30T15:37:03.619+0100] {processor.py:840} INFO - DAG(s) 'example_task_group_decorator' retrieved from /home/ubuntu/.local/lib/python3.10/site-packages/airflow/example_dags/example_task_group_decorator.py
[2024-01-30T15:37:03.656+0100] {logging_mixin.py:188} INFO - [2024-01-30T15:37:03.656+0100] {dag.py:3033} INFO - Sync 1 DAGs
[2024-01-30T15:37:03.705+0100] {logging_mixin.py:188} INFO - [2024-01-30T15:37:03.704+0100] {dag.py:3820} INFO - Setting next_dagrun for example_task_group_decorator to 2024-01-29T00:00:00+00:00, run_after=2024-01-30T00:00:00+00:00
[2024-01-30T15:37:03.747+0100] {processor.py:183} INFO - Processing /home/ubuntu/.local/lib/python3.10/site-packages/airflow/example_dags/example_task_group_decorator.py took 0.165 seconds
[2024-01-30T15:37:54.429+0100] {processor.py:161} INFO - Started process (PID=7088) to work on /home/ubuntu/.local/lib/python3.10/site-packages/airflow/example_dags/example_task_group_decorator.py
[2024-01-30T15:37:54.434+0100] {processor.py:830} INFO - Processing file /home/ubuntu/.local/lib/python3.10/site-packages/airflow/example_dags/example_task_group_decorator.py for tasks to queue
[2024-01-30T15:37:54.469+0100] {logging_mixin.py:188} INFO - [2024-01-30T15:37:54.468+0100] {dagbag.py:538} INFO - Filling up the DagBag from /home/ubuntu/.local/lib/python3.10/site-packages/airflow/example_dags/example_task_group_decorator.py
[2024-01-30T15:37:54.524+0100] {processor.py:840} INFO - DAG(s) 'example_task_group_decorator' retrieved from /home/ubuntu/.local/lib/python3.10/site-packages/airflow/example_dags/example_task_group_decorator.py
[2024-01-30T15:37:54.557+0100] {logging_mixin.py:188} INFO - [2024-01-30T15:37:54.556+0100] {dag.py:3033} INFO - Sync 1 DAGs
[2024-01-30T15:37:54.584+0100] {logging_mixin.py:188} INFO - [2024-01-30T15:37:54.584+0100] {dag.py:3820} INFO - Setting next_dagrun for example_task_group_decorator to 2024-01-29T00:00:00+00:00, run_after=2024-01-30T00:00:00+00:00
[2024-01-30T15:37:54.622+0100] {processor.py:183} INFO - Processing /home/ubuntu/.local/lib/python3.10/site-packages/airflow/example_dags/example_task_group_decorator.py took 0.200 seconds
[2024-01-30T15:38:47.249+0100] {processor.py:161} INFO - Started process (PID=7214) to work on /home/ubuntu/.local/lib/python3.10/site-packages/airflow/example_dags/example_task_group_decorator.py
[2024-01-30T15:38:47.253+0100] {processor.py:830} INFO - Processing file /home/ubuntu/.local/lib/python3.10/site-packages/airflow/example_dags/example_task_group_decorator.py for tasks to queue
[2024-01-30T15:38:47.255+0100] {logging_mixin.py:188} INFO - [2024-01-30T15:38:47.254+0100] {dagbag.py:538} INFO - Filling up the DagBag from /home/ubuntu/.local/lib/python3.10/site-packages/airflow/example_dags/example_task_group_decorator.py
[2024-01-30T15:38:47.315+0100] {processor.py:840} INFO - DAG(s) 'example_task_group_decorator' retrieved from /home/ubuntu/.local/lib/python3.10/site-packages/airflow/example_dags/example_task_group_decorator.py
[2024-01-30T15:38:47.367+0100] {logging_mixin.py:188} INFO - [2024-01-30T15:38:47.367+0100] {dag.py:3033} INFO - Sync 1 DAGs
[2024-01-30T15:38:47.460+0100] {logging_mixin.py:188} INFO - [2024-01-30T15:38:47.459+0100] {dag.py:3820} INFO - Setting next_dagrun for example_task_group_decorator to 2024-01-29T00:00:00+00:00, run_after=2024-01-30T00:00:00+00:00
[2024-01-30T15:38:47.664+0100] {processor.py:183} INFO - Processing /home/ubuntu/.local/lib/python3.10/site-packages/airflow/example_dags/example_task_group_decorator.py took 0.421 seconds
[2024-01-30T15:39:22.978+0100] {processor.py:161} INFO - Started process (PID=7259) to work on /home/ubuntu/.local/lib/python3.10/site-packages/airflow/example_dags/example_task_group_decorator.py
[2024-01-30T15:39:22.982+0100] {processor.py:830} INFO - Processing file /home/ubuntu/.local/lib/python3.10/site-packages/airflow/example_dags/example_task_group_decorator.py for tasks to queue
[2024-01-30T15:39:22.984+0100] {logging_mixin.py:188} INFO - [2024-01-30T15:39:22.983+0100] {dagbag.py:538} INFO - Filling up the DagBag from /home/ubuntu/.local/lib/python3.10/site-packages/airflow/example_dags/example_task_group_decorator.py
[2024-01-30T15:39:23.002+0100] {processor.py:840} INFO - DAG(s) 'example_task_group_decorator' retrieved from /home/ubuntu/.local/lib/python3.10/site-packages/airflow/example_dags/example_task_group_decorator.py
[2024-01-30T15:39:23.025+0100] {logging_mixin.py:188} INFO - [2024-01-30T15:39:23.025+0100] {dag.py:3033} INFO - Sync 1 DAGs
[2024-01-30T15:39:23.048+0100] {logging_mixin.py:188} INFO - [2024-01-30T15:39:23.048+0100] {dag.py:3820} INFO - Setting next_dagrun for example_task_group_decorator to 2024-01-29T00:00:00+00:00, run_after=2024-01-30T00:00:00+00:00
[2024-01-30T15:39:23.088+0100] {processor.py:183} INFO - Processing /home/ubuntu/.local/lib/python3.10/site-packages/airflow/example_dags/example_task_group_decorator.py took 0.115 seconds
[2024-01-30T15:40:16.629+0100] {processor.py:161} INFO - Started process (PID=7317) to work on /home/ubuntu/.local/lib/python3.10/site-packages/airflow/example_dags/example_task_group_decorator.py
[2024-01-30T15:40:16.671+0100] {processor.py:830} INFO - Processing file /home/ubuntu/.local/lib/python3.10/site-packages/airflow/example_dags/example_task_group_decorator.py for tasks to queue
[2024-01-30T15:40:16.686+0100] {logging_mixin.py:188} INFO - [2024-01-30T15:40:16.686+0100] {dagbag.py:538} INFO - Filling up the DagBag from /home/ubuntu/.local/lib/python3.10/site-packages/airflow/example_dags/example_task_group_decorator.py
[2024-01-30T15:40:16.793+0100] {processor.py:840} INFO - DAG(s) 'example_task_group_decorator' retrieved from /home/ubuntu/.local/lib/python3.10/site-packages/airflow/example_dags/example_task_group_decorator.py
[2024-01-30T15:40:16.908+0100] {logging_mixin.py:188} INFO - [2024-01-30T15:40:16.908+0100] {dag.py:3033} INFO - Sync 1 DAGs
[2024-01-30T15:40:16.997+0100] {logging_mixin.py:188} INFO - [2024-01-30T15:40:16.992+0100] {dag.py:3820} INFO - Setting next_dagrun for example_task_group_decorator to 2024-01-29T00:00:00+00:00, run_after=2024-01-30T00:00:00+00:00
[2024-01-30T15:40:17.126+0100] {processor.py:183} INFO - Processing /home/ubuntu/.local/lib/python3.10/site-packages/airflow/example_dags/example_task_group_decorator.py took 0.513 seconds
[2024-01-30T15:41:23.072+0100] {processor.py:161} INFO - Started process (PID=7382) to work on /home/ubuntu/.local/lib/python3.10/site-packages/airflow/example_dags/example_task_group_decorator.py
[2024-01-30T15:41:23.097+0100] {processor.py:830} INFO - Processing file /home/ubuntu/.local/lib/python3.10/site-packages/airflow/example_dags/example_task_group_decorator.py for tasks to queue
[2024-01-30T15:41:23.103+0100] {logging_mixin.py:188} INFO - [2024-01-30T15:41:23.099+0100] {dagbag.py:538} INFO - Filling up the DagBag from /home/ubuntu/.local/lib/python3.10/site-packages/airflow/example_dags/example_task_group_decorator.py
[2024-01-30T15:41:23.152+0100] {processor.py:840} INFO - DAG(s) 'example_task_group_decorator' retrieved from /home/ubuntu/.local/lib/python3.10/site-packages/airflow/example_dags/example_task_group_decorator.py
[2024-01-30T15:41:23.224+0100] {logging_mixin.py:188} INFO - [2024-01-30T15:41:23.224+0100] {dag.py:3033} INFO - Sync 1 DAGs
[2024-01-30T15:41:23.310+0100] {logging_mixin.py:188} INFO - [2024-01-30T15:41:23.310+0100] {dag.py:3820} INFO - Setting next_dagrun for example_task_group_decorator to 2024-01-29T00:00:00+00:00, run_after=2024-01-30T00:00:00+00:00
[2024-01-30T15:41:23.424+0100] {processor.py:183} INFO - Processing /home/ubuntu/.local/lib/python3.10/site-packages/airflow/example_dags/example_task_group_decorator.py took 0.372 seconds
[2024-01-30T15:42:24.225+0100] {processor.py:161} INFO - Started process (PID=7518) to work on /home/ubuntu/.local/lib/python3.10/site-packages/airflow/example_dags/example_task_group_decorator.py
[2024-01-30T15:42:24.229+0100] {processor.py:830} INFO - Processing file /home/ubuntu/.local/lib/python3.10/site-packages/airflow/example_dags/example_task_group_decorator.py for tasks to queue
[2024-01-30T15:42:24.231+0100] {logging_mixin.py:188} INFO - [2024-01-30T15:42:24.230+0100] {dagbag.py:538} INFO - Filling up the DagBag from /home/ubuntu/.local/lib/python3.10/site-packages/airflow/example_dags/example_task_group_decorator.py
[2024-01-30T15:42:24.268+0100] {processor.py:840} INFO - DAG(s) 'example_task_group_decorator' retrieved from /home/ubuntu/.local/lib/python3.10/site-packages/airflow/example_dags/example_task_group_decorator.py
[2024-01-30T15:42:24.562+0100] {logging_mixin.py:188} INFO - [2024-01-30T15:42:24.562+0100] {dag.py:3033} INFO - Sync 1 DAGs
[2024-01-30T15:42:24.583+0100] {logging_mixin.py:188} INFO - [2024-01-30T15:42:24.583+0100] {dag.py:3820} INFO - Setting next_dagrun for example_task_group_decorator to 2024-01-29T00:00:00+00:00, run_after=2024-01-30T00:00:00+00:00
[2024-01-30T15:42:24.614+0100] {processor.py:183} INFO - Processing /home/ubuntu/.local/lib/python3.10/site-packages/airflow/example_dags/example_task_group_decorator.py took 0.396 seconds
[2024-01-30T15:43:22.968+0100] {processor.py:161} INFO - Started process (PID=7787) to work on /home/ubuntu/.local/lib/python3.10/site-packages/airflow/example_dags/example_task_group_decorator.py
[2024-01-30T15:43:22.971+0100] {processor.py:830} INFO - Processing file /home/ubuntu/.local/lib/python3.10/site-packages/airflow/example_dags/example_task_group_decorator.py for tasks to queue
[2024-01-30T15:43:22.972+0100] {logging_mixin.py:188} INFO - [2024-01-30T15:43:22.971+0100] {dagbag.py:538} INFO - Filling up the DagBag from /home/ubuntu/.local/lib/python3.10/site-packages/airflow/example_dags/example_task_group_decorator.py
[2024-01-30T15:43:22.989+0100] {processor.py:840} INFO - DAG(s) 'example_task_group_decorator' retrieved from /home/ubuntu/.local/lib/python3.10/site-packages/airflow/example_dags/example_task_group_decorator.py
[2024-01-30T15:43:23.010+0100] {logging_mixin.py:188} INFO - [2024-01-30T15:43:23.009+0100] {dag.py:3033} INFO - Sync 1 DAGs
[2024-01-30T15:43:23.033+0100] {logging_mixin.py:188} INFO - [2024-01-30T15:43:23.033+0100] {dag.py:3820} INFO - Setting next_dagrun for example_task_group_decorator to 2024-01-29T00:00:00+00:00, run_after=2024-01-30T00:00:00+00:00
[2024-01-30T15:43:23.065+0100] {processor.py:183} INFO - Processing /home/ubuntu/.local/lib/python3.10/site-packages/airflow/example_dags/example_task_group_decorator.py took 0.099 seconds
[2024-01-30T15:44:27.133+0100] {processor.py:161} INFO - Started process (PID=8069) to work on /home/ubuntu/.local/lib/python3.10/site-packages/airflow/example_dags/example_task_group_decorator.py
[2024-01-30T15:44:27.136+0100] {processor.py:830} INFO - Processing file /home/ubuntu/.local/lib/python3.10/site-packages/airflow/example_dags/example_task_group_decorator.py for tasks to queue
[2024-01-30T15:44:27.138+0100] {logging_mixin.py:188} INFO - [2024-01-30T15:44:27.137+0100] {dagbag.py:538} INFO - Filling up the DagBag from /home/ubuntu/.local/lib/python3.10/site-packages/airflow/example_dags/example_task_group_decorator.py
[2024-01-30T15:44:27.157+0100] {processor.py:840} INFO - DAG(s) 'example_task_group_decorator' retrieved from /home/ubuntu/.local/lib/python3.10/site-packages/airflow/example_dags/example_task_group_decorator.py
[2024-01-30T15:44:27.184+0100] {logging_mixin.py:188} INFO - [2024-01-30T15:44:27.184+0100] {dag.py:3033} INFO - Sync 1 DAGs
[2024-01-30T15:44:27.207+0100] {logging_mixin.py:188} INFO - [2024-01-30T15:44:27.207+0100] {dag.py:3820} INFO - Setting next_dagrun for example_task_group_decorator to 2024-01-29T00:00:00+00:00, run_after=2024-01-30T00:00:00+00:00
[2024-01-30T15:44:27.239+0100] {processor.py:183} INFO - Processing /home/ubuntu/.local/lib/python3.10/site-packages/airflow/example_dags/example_task_group_decorator.py took 0.111 seconds
[2024-01-30T15:45:01.199+0100] {processor.py:161} INFO - Started process (PID=8228) to work on /home/ubuntu/.local/lib/python3.10/site-packages/airflow/example_dags/example_task_group_decorator.py
[2024-01-30T15:45:01.201+0100] {processor.py:830} INFO - Processing file /home/ubuntu/.local/lib/python3.10/site-packages/airflow/example_dags/example_task_group_decorator.py for tasks to queue
[2024-01-30T15:45:01.204+0100] {logging_mixin.py:188} INFO - [2024-01-30T15:45:01.202+0100] {dagbag.py:538} INFO - Filling up the DagBag from /home/ubuntu/.local/lib/python3.10/site-packages/airflow/example_dags/example_task_group_decorator.py
[2024-01-30T15:45:01.231+0100] {processor.py:840} INFO - DAG(s) 'example_task_group_decorator' retrieved from /home/ubuntu/.local/lib/python3.10/site-packages/airflow/example_dags/example_task_group_decorator.py
[2024-01-30T15:45:01.253+0100] {logging_mixin.py:188} INFO - [2024-01-30T15:45:01.253+0100] {dag.py:3033} INFO - Sync 1 DAGs
[2024-01-30T15:45:01.277+0100] {logging_mixin.py:188} INFO - [2024-01-30T15:45:01.277+0100] {dag.py:3820} INFO - Setting next_dagrun for example_task_group_decorator to 2024-01-29T00:00:00+00:00, run_after=2024-01-30T00:00:00+00:00
[2024-01-30T15:45:01.309+0100] {processor.py:183} INFO - Processing /home/ubuntu/.local/lib/python3.10/site-packages/airflow/example_dags/example_task_group_decorator.py took 0.113 seconds
[2024-01-30T15:45:46.212+0100] {processor.py:161} INFO - Started process (PID=8280) to work on /home/ubuntu/.local/lib/python3.10/site-packages/airflow/example_dags/example_task_group_decorator.py
[2024-01-30T15:45:46.214+0100] {processor.py:830} INFO - Processing file /home/ubuntu/.local/lib/python3.10/site-packages/airflow/example_dags/example_task_group_decorator.py for tasks to queue
[2024-01-30T15:45:46.216+0100] {logging_mixin.py:188} INFO - [2024-01-30T15:45:46.215+0100] {dagbag.py:538} INFO - Filling up the DagBag from /home/ubuntu/.local/lib/python3.10/site-packages/airflow/example_dags/example_task_group_decorator.py
[2024-01-30T15:45:46.231+0100] {processor.py:840} INFO - DAG(s) 'example_task_group_decorator' retrieved from /home/ubuntu/.local/lib/python3.10/site-packages/airflow/example_dags/example_task_group_decorator.py
[2024-01-30T15:45:46.254+0100] {logging_mixin.py:188} INFO - [2024-01-30T15:45:46.253+0100] {dag.py:3033} INFO - Sync 1 DAGs
[2024-01-30T15:45:46.275+0100] {logging_mixin.py:188} INFO - [2024-01-30T15:45:46.275+0100] {dag.py:3820} INFO - Setting next_dagrun for example_task_group_decorator to 2024-01-29T00:00:00+00:00, run_after=2024-01-30T00:00:00+00:00
[2024-01-30T15:45:46.311+0100] {processor.py:183} INFO - Processing /home/ubuntu/.local/lib/python3.10/site-packages/airflow/example_dags/example_task_group_decorator.py took 0.103 seconds
[2024-01-30T15:46:26.632+0100] {processor.py:161} INFO - Started process (PID=8320) to work on /home/ubuntu/.local/lib/python3.10/site-packages/airflow/example_dags/example_task_group_decorator.py
[2024-01-30T15:46:26.635+0100] {processor.py:830} INFO - Processing file /home/ubuntu/.local/lib/python3.10/site-packages/airflow/example_dags/example_task_group_decorator.py for tasks to queue
[2024-01-30T15:46:26.637+0100] {logging_mixin.py:188} INFO - [2024-01-30T15:46:26.637+0100] {dagbag.py:538} INFO - Filling up the DagBag from /home/ubuntu/.local/lib/python3.10/site-packages/airflow/example_dags/example_task_group_decorator.py
[2024-01-30T15:46:26.663+0100] {processor.py:840} INFO - DAG(s) 'example_task_group_decorator' retrieved from /home/ubuntu/.local/lib/python3.10/site-packages/airflow/example_dags/example_task_group_decorator.py
[2024-01-30T15:46:26.698+0100] {logging_mixin.py:188} INFO - [2024-01-30T15:46:26.698+0100] {dag.py:3033} INFO - Sync 1 DAGs
[2024-01-30T15:46:26.730+0100] {logging_mixin.py:188} INFO - [2024-01-30T15:46:26.730+0100] {dag.py:3820} INFO - Setting next_dagrun for example_task_group_decorator to 2024-01-29T00:00:00+00:00, run_after=2024-01-30T00:00:00+00:00
[2024-01-30T15:46:26.762+0100] {processor.py:183} INFO - Processing /home/ubuntu/.local/lib/python3.10/site-packages/airflow/example_dags/example_task_group_decorator.py took 0.136 seconds
[2024-01-30T15:47:13.917+0100] {processor.py:161} INFO - Started process (PID=8370) to work on /home/ubuntu/.local/lib/python3.10/site-packages/airflow/example_dags/example_task_group_decorator.py
[2024-01-30T15:47:13.921+0100] {processor.py:830} INFO - Processing file /home/ubuntu/.local/lib/python3.10/site-packages/airflow/example_dags/example_task_group_decorator.py for tasks to queue
[2024-01-30T15:47:13.922+0100] {logging_mixin.py:188} INFO - [2024-01-30T15:47:13.922+0100] {dagbag.py:538} INFO - Filling up the DagBag from /home/ubuntu/.local/lib/python3.10/site-packages/airflow/example_dags/example_task_group_decorator.py
[2024-01-30T15:47:13.954+0100] {processor.py:840} INFO - DAG(s) 'example_task_group_decorator' retrieved from /home/ubuntu/.local/lib/python3.10/site-packages/airflow/example_dags/example_task_group_decorator.py
[2024-01-30T15:47:13.985+0100] {logging_mixin.py:188} INFO - [2024-01-30T15:47:13.984+0100] {dag.py:3033} INFO - Sync 1 DAGs
[2024-01-30T15:47:14.020+0100] {logging_mixin.py:188} INFO - [2024-01-30T15:47:14.020+0100] {dag.py:3820} INFO - Setting next_dagrun for example_task_group_decorator to 2024-01-29T00:00:00+00:00, run_after=2024-01-30T00:00:00+00:00
[2024-01-30T15:47:14.063+0100] {processor.py:183} INFO - Processing /home/ubuntu/.local/lib/python3.10/site-packages/airflow/example_dags/example_task_group_decorator.py took 0.153 seconds
[2024-01-30T15:47:52.254+0100] {processor.py:161} INFO - Started process (PID=8471) to work on /home/ubuntu/.local/lib/python3.10/site-packages/airflow/example_dags/example_task_group_decorator.py
[2024-01-30T15:47:52.317+0100] {processor.py:830} INFO - Processing file /home/ubuntu/.local/lib/python3.10/site-packages/airflow/example_dags/example_task_group_decorator.py for tasks to queue
[2024-01-30T15:47:52.345+0100] {logging_mixin.py:188} INFO - [2024-01-30T15:47:52.332+0100] {dagbag.py:538} INFO - Filling up the DagBag from /home/ubuntu/.local/lib/python3.10/site-packages/airflow/example_dags/example_task_group_decorator.py
[2024-01-30T15:47:52.515+0100] {processor.py:840} INFO - DAG(s) 'example_task_group_decorator' retrieved from /home/ubuntu/.local/lib/python3.10/site-packages/airflow/example_dags/example_task_group_decorator.py
[2024-01-30T15:47:52.722+0100] {logging_mixin.py:188} INFO - [2024-01-30T15:47:52.721+0100] {dag.py:3033} INFO - Sync 1 DAGs
[2024-01-30T15:47:52.892+0100] {logging_mixin.py:188} INFO - [2024-01-30T15:47:52.892+0100] {dag.py:3820} INFO - Setting next_dagrun for example_task_group_decorator to 2024-01-29T00:00:00+00:00, run_after=2024-01-30T00:00:00+00:00
[2024-01-30T15:47:53.125+0100] {processor.py:183} INFO - Processing /home/ubuntu/.local/lib/python3.10/site-packages/airflow/example_dags/example_task_group_decorator.py took 0.931 seconds
[2024-01-30T15:48:56.526+0100] {processor.py:161} INFO - Started process (PID=8713) to work on /home/ubuntu/.local/lib/python3.10/site-packages/airflow/example_dags/example_task_group_decorator.py
[2024-01-30T15:48:56.614+0100] {processor.py:830} INFO - Processing file /home/ubuntu/.local/lib/python3.10/site-packages/airflow/example_dags/example_task_group_decorator.py for tasks to queue
[2024-01-30T15:48:56.645+0100] {logging_mixin.py:188} INFO - [2024-01-30T15:48:56.630+0100] {dagbag.py:538} INFO - Filling up the DagBag from /home/ubuntu/.local/lib/python3.10/site-packages/airflow/example_dags/example_task_group_decorator.py
[2024-01-30T15:48:56.951+0100] {processor.py:840} INFO - DAG(s) 'example_task_group_decorator' retrieved from /home/ubuntu/.local/lib/python3.10/site-packages/airflow/example_dags/example_task_group_decorator.py
[2024-01-30T15:48:57.622+0100] {logging_mixin.py:188} INFO - [2024-01-30T15:48:57.621+0100] {dag.py:3033} INFO - Sync 1 DAGs
[2024-01-30T15:48:57.806+0100] {logging_mixin.py:188} INFO - [2024-01-30T15:48:57.806+0100] {dag.py:3820} INFO - Setting next_dagrun for example_task_group_decorator to 2024-01-29T00:00:00+00:00, run_after=2024-01-30T00:00:00+00:00
[2024-01-30T15:48:58.644+0100] {processor.py:183} INFO - Processing /home/ubuntu/.local/lib/python3.10/site-packages/airflow/example_dags/example_task_group_decorator.py took 2.519 seconds
[2024-01-30T15:51:49.566+0100] {processor.py:161} INFO - Started process (PID=9286) to work on /home/ubuntu/.local/lib/python3.10/site-packages/airflow/example_dags/example_task_group_decorator.py
[2024-01-30T15:51:49.598+0100] {processor.py:830} INFO - Processing file /home/ubuntu/.local/lib/python3.10/site-packages/airflow/example_dags/example_task_group_decorator.py for tasks to queue
[2024-01-30T15:51:49.608+0100] {logging_mixin.py:188} INFO - [2024-01-30T15:51:49.606+0100] {dagbag.py:538} INFO - Filling up the DagBag from /home/ubuntu/.local/lib/python3.10/site-packages/airflow/example_dags/example_task_group_decorator.py
[2024-01-30T15:51:49.663+0100] {processor.py:840} INFO - DAG(s) 'example_task_group_decorator' retrieved from /home/ubuntu/.local/lib/python3.10/site-packages/airflow/example_dags/example_task_group_decorator.py
[2024-01-30T15:51:49.690+0100] {logging_mixin.py:188} INFO - [2024-01-30T15:51:49.690+0100] {dag.py:3033} INFO - Sync 1 DAGs
[2024-01-30T15:51:49.738+0100] {logging_mixin.py:188} INFO - [2024-01-30T15:51:49.737+0100] {dag.py:3820} INFO - Setting next_dagrun for example_task_group_decorator to 2024-01-29T00:00:00+00:00, run_after=2024-01-30T00:00:00+00:00
[2024-01-30T15:51:50.664+0100] {processor.py:183} INFO - Processing /home/ubuntu/.local/lib/python3.10/site-packages/airflow/example_dags/example_task_group_decorator.py took 1.123 seconds
[2024-01-30T15:53:52.271+0100] {processor.py:161} INFO - Started process (PID=9743) to work on /home/ubuntu/.local/lib/python3.10/site-packages/airflow/example_dags/example_task_group_decorator.py
[2024-01-30T15:53:52.307+0100] {processor.py:830} INFO - Processing file /home/ubuntu/.local/lib/python3.10/site-packages/airflow/example_dags/example_task_group_decorator.py for tasks to queue
[2024-01-30T15:53:52.316+0100] {logging_mixin.py:188} INFO - [2024-01-30T15:53:52.312+0100] {dagbag.py:538} INFO - Filling up the DagBag from /home/ubuntu/.local/lib/python3.10/site-packages/airflow/example_dags/example_task_group_decorator.py
[2024-01-30T15:53:52.613+0100] {processor.py:840} INFO - DAG(s) 'example_task_group_decorator' retrieved from /home/ubuntu/.local/lib/python3.10/site-packages/airflow/example_dags/example_task_group_decorator.py
[2024-01-30T15:53:52.764+0100] {logging_mixin.py:188} INFO - [2024-01-30T15:53:52.758+0100] {dag.py:3033} INFO - Sync 1 DAGs
[2024-01-30T15:53:52.896+0100] {logging_mixin.py:188} INFO - [2024-01-30T15:53:52.896+0100] {dag.py:3820} INFO - Setting next_dagrun for example_task_group_decorator to 2024-01-29T00:00:00+00:00, run_after=2024-01-30T00:00:00+00:00
[2024-01-30T15:53:53.198+0100] {processor.py:183} INFO - Processing /home/ubuntu/.local/lib/python3.10/site-packages/airflow/example_dags/example_task_group_decorator.py took 0.940 seconds
[2024-01-30T15:55:21.130+0100] {processor.py:161} INFO - Started process (PID=9851) to work on /home/ubuntu/.local/lib/python3.10/site-packages/airflow/example_dags/example_task_group_decorator.py
[2024-01-30T15:55:21.135+0100] {processor.py:830} INFO - Processing file /home/ubuntu/.local/lib/python3.10/site-packages/airflow/example_dags/example_task_group_decorator.py for tasks to queue
[2024-01-30T15:55:21.137+0100] {logging_mixin.py:188} INFO - [2024-01-30T15:55:21.136+0100] {dagbag.py:538} INFO - Filling up the DagBag from /home/ubuntu/.local/lib/python3.10/site-packages/airflow/example_dags/example_task_group_decorator.py
[2024-01-30T15:55:21.223+0100] {processor.py:840} INFO - DAG(s) 'example_task_group_decorator' retrieved from /home/ubuntu/.local/lib/python3.10/site-packages/airflow/example_dags/example_task_group_decorator.py
[2024-01-30T15:55:21.294+0100] {logging_mixin.py:188} INFO - [2024-01-30T15:55:21.294+0100] {dag.py:3033} INFO - Sync 1 DAGs
[2024-01-30T15:55:21.404+0100] {logging_mixin.py:188} INFO - [2024-01-30T15:55:21.404+0100] {dag.py:3820} INFO - Setting next_dagrun for example_task_group_decorator to 2024-01-29T00:00:00+00:00, run_after=2024-01-30T00:00:00+00:00
[2024-01-30T15:55:21.700+0100] {processor.py:183} INFO - Processing /home/ubuntu/.local/lib/python3.10/site-packages/airflow/example_dags/example_task_group_decorator.py took 0.580 seconds
[2024-01-30T15:56:25.571+0100] {processor.py:161} INFO - Started process (PID=9913) to work on /home/ubuntu/.local/lib/python3.10/site-packages/airflow/example_dags/example_task_group_decorator.py
[2024-01-30T15:56:25.574+0100] {processor.py:830} INFO - Processing file /home/ubuntu/.local/lib/python3.10/site-packages/airflow/example_dags/example_task_group_decorator.py for tasks to queue
[2024-01-30T15:56:25.576+0100] {logging_mixin.py:188} INFO - [2024-01-30T15:56:25.575+0100] {dagbag.py:538} INFO - Filling up the DagBag from /home/ubuntu/.local/lib/python3.10/site-packages/airflow/example_dags/example_task_group_decorator.py
[2024-01-30T15:56:25.664+0100] {processor.py:840} INFO - DAG(s) 'example_task_group_decorator' retrieved from /home/ubuntu/.local/lib/python3.10/site-packages/airflow/example_dags/example_task_group_decorator.py
[2024-01-30T15:56:25.825+0100] {logging_mixin.py:188} INFO - [2024-01-30T15:56:25.820+0100] {dag.py:3033} INFO - Sync 1 DAGs
[2024-01-30T15:56:25.940+0100] {logging_mixin.py:188} INFO - [2024-01-30T15:56:25.940+0100] {dag.py:3820} INFO - Setting next_dagrun for example_task_group_decorator to 2024-01-29T00:00:00+00:00, run_after=2024-01-30T00:00:00+00:00
[2024-01-30T15:56:26.246+0100] {processor.py:183} INFO - Processing /home/ubuntu/.local/lib/python3.10/site-packages/airflow/example_dags/example_task_group_decorator.py took 0.693 seconds
[2024-01-30T15:57:29.198+0100] {processor.py:161} INFO - Started process (PID=9979) to work on /home/ubuntu/.local/lib/python3.10/site-packages/airflow/example_dags/example_task_group_decorator.py
[2024-01-30T15:57:29.206+0100] {processor.py:830} INFO - Processing file /home/ubuntu/.local/lib/python3.10/site-packages/airflow/example_dags/example_task_group_decorator.py for tasks to queue
[2024-01-30T15:57:29.221+0100] {logging_mixin.py:188} INFO - [2024-01-30T15:57:29.220+0100] {dagbag.py:538} INFO - Filling up the DagBag from /home/ubuntu/.local/lib/python3.10/site-packages/airflow/example_dags/example_task_group_decorator.py
[2024-01-30T15:57:29.312+0100] {processor.py:840} INFO - DAG(s) 'example_task_group_decorator' retrieved from /home/ubuntu/.local/lib/python3.10/site-packages/airflow/example_dags/example_task_group_decorator.py
[2024-01-30T15:57:29.350+0100] {logging_mixin.py:188} INFO - [2024-01-30T15:57:29.350+0100] {dag.py:3033} INFO - Sync 1 DAGs
[2024-01-30T15:57:29.521+0100] {logging_mixin.py:188} INFO - [2024-01-30T15:57:29.520+0100] {dag.py:3820} INFO - Setting next_dagrun for example_task_group_decorator to 2024-01-29T00:00:00+00:00, run_after=2024-01-30T00:00:00+00:00
[2024-01-30T15:57:29.641+0100] {processor.py:183} INFO - Processing /home/ubuntu/.local/lib/python3.10/site-packages/airflow/example_dags/example_task_group_decorator.py took 0.449 seconds
[2024-01-30T15:58:19.092+0100] {processor.py:161} INFO - Started process (PID=10031) to work on /home/ubuntu/.local/lib/python3.10/site-packages/airflow/example_dags/example_task_group_decorator.py
[2024-01-30T15:58:19.096+0100] {processor.py:830} INFO - Processing file /home/ubuntu/.local/lib/python3.10/site-packages/airflow/example_dags/example_task_group_decorator.py for tasks to queue
[2024-01-30T15:58:19.097+0100] {logging_mixin.py:188} INFO - [2024-01-30T15:58:19.097+0100] {dagbag.py:538} INFO - Filling up the DagBag from /home/ubuntu/.local/lib/python3.10/site-packages/airflow/example_dags/example_task_group_decorator.py
[2024-01-30T15:58:19.116+0100] {processor.py:840} INFO - DAG(s) 'example_task_group_decorator' retrieved from /home/ubuntu/.local/lib/python3.10/site-packages/airflow/example_dags/example_task_group_decorator.py
[2024-01-30T15:58:19.141+0100] {logging_mixin.py:188} INFO - [2024-01-30T15:58:19.141+0100] {dag.py:3033} INFO - Sync 1 DAGs
[2024-01-30T15:58:19.168+0100] {logging_mixin.py:188} INFO - [2024-01-30T15:58:19.168+0100] {dag.py:3820} INFO - Setting next_dagrun for example_task_group_decorator to 2024-01-29T00:00:00+00:00, run_after=2024-01-30T00:00:00+00:00
[2024-01-30T15:58:19.213+0100] {processor.py:183} INFO - Processing /home/ubuntu/.local/lib/python3.10/site-packages/airflow/example_dags/example_task_group_decorator.py took 0.124 seconds
[2024-01-30T15:59:13.143+0100] {processor.py:161} INFO - Started process (PID=10076) to work on /home/ubuntu/.local/lib/python3.10/site-packages/airflow/example_dags/example_task_group_decorator.py
[2024-01-30T15:59:13.147+0100] {processor.py:830} INFO - Processing file /home/ubuntu/.local/lib/python3.10/site-packages/airflow/example_dags/example_task_group_decorator.py for tasks to queue
[2024-01-30T15:59:13.148+0100] {logging_mixin.py:188} INFO - [2024-01-30T15:59:13.148+0100] {dagbag.py:538} INFO - Filling up the DagBag from /home/ubuntu/.local/lib/python3.10/site-packages/airflow/example_dags/example_task_group_decorator.py
[2024-01-30T15:59:13.183+0100] {processor.py:840} INFO - DAG(s) 'example_task_group_decorator' retrieved from /home/ubuntu/.local/lib/python3.10/site-packages/airflow/example_dags/example_task_group_decorator.py
[2024-01-30T15:59:13.238+0100] {logging_mixin.py:188} INFO - [2024-01-30T15:59:13.238+0100] {dag.py:3033} INFO - Sync 1 DAGs
[2024-01-30T15:59:13.374+0100] {logging_mixin.py:188} INFO - [2024-01-30T15:59:13.374+0100] {dag.py:3820} INFO - Setting next_dagrun for example_task_group_decorator to 2024-01-29T00:00:00+00:00, run_after=2024-01-30T00:00:00+00:00
[2024-01-30T15:59:13.433+0100] {processor.py:183} INFO - Processing /home/ubuntu/.local/lib/python3.10/site-packages/airflow/example_dags/example_task_group_decorator.py took 0.303 seconds
[2024-01-30T16:00:04.112+0100] {processor.py:161} INFO - Started process (PID=10135) to work on /home/ubuntu/.local/lib/python3.10/site-packages/airflow/example_dags/example_task_group_decorator.py
[2024-01-30T16:00:04.117+0100] {processor.py:830} INFO - Processing file /home/ubuntu/.local/lib/python3.10/site-packages/airflow/example_dags/example_task_group_decorator.py for tasks to queue
[2024-01-30T16:00:04.120+0100] {logging_mixin.py:188} INFO - [2024-01-30T16:00:04.119+0100] {dagbag.py:538} INFO - Filling up the DagBag from /home/ubuntu/.local/lib/python3.10/site-packages/airflow/example_dags/example_task_group_decorator.py
[2024-01-30T16:00:04.155+0100] {processor.py:840} INFO - DAG(s) 'example_task_group_decorator' retrieved from /home/ubuntu/.local/lib/python3.10/site-packages/airflow/example_dags/example_task_group_decorator.py
[2024-01-30T16:00:04.196+0100] {logging_mixin.py:188} INFO - [2024-01-30T16:00:04.194+0100] {dag.py:3033} INFO - Sync 1 DAGs
[2024-01-30T16:00:04.231+0100] {logging_mixin.py:188} INFO - [2024-01-30T16:00:04.231+0100] {dag.py:3820} INFO - Setting next_dagrun for example_task_group_decorator to 2024-01-29T00:00:00+00:00, run_after=2024-01-30T00:00:00+00:00
[2024-01-30T16:00:04.269+0100] {processor.py:183} INFO - Processing /home/ubuntu/.local/lib/python3.10/site-packages/airflow/example_dags/example_task_group_decorator.py took 0.168 seconds
[2024-01-30T16:00:57.869+0100] {processor.py:161} INFO - Started process (PID=10192) to work on /home/ubuntu/.local/lib/python3.10/site-packages/airflow/example_dags/example_task_group_decorator.py
[2024-01-30T16:00:57.872+0100] {processor.py:830} INFO - Processing file /home/ubuntu/.local/lib/python3.10/site-packages/airflow/example_dags/example_task_group_decorator.py for tasks to queue
[2024-01-30T16:00:57.874+0100] {logging_mixin.py:188} INFO - [2024-01-30T16:00:57.874+0100] {dagbag.py:538} INFO - Filling up the DagBag from /home/ubuntu/.local/lib/python3.10/site-packages/airflow/example_dags/example_task_group_decorator.py
[2024-01-30T16:00:57.894+0100] {processor.py:840} INFO - DAG(s) 'example_task_group_decorator' retrieved from /home/ubuntu/.local/lib/python3.10/site-packages/airflow/example_dags/example_task_group_decorator.py
[2024-01-30T16:00:57.932+0100] {logging_mixin.py:188} INFO - [2024-01-30T16:00:57.932+0100] {dag.py:3033} INFO - Sync 1 DAGs
[2024-01-30T16:00:57.955+0100] {logging_mixin.py:188} INFO - [2024-01-30T16:00:57.954+0100] {dag.py:3820} INFO - Setting next_dagrun for example_task_group_decorator to 2024-01-29T00:00:00+00:00, run_after=2024-01-30T00:00:00+00:00
[2024-01-30T16:00:58.003+0100] {processor.py:183} INFO - Processing /home/ubuntu/.local/lib/python3.10/site-packages/airflow/example_dags/example_task_group_decorator.py took 0.138 seconds
[2024-01-30T16:01:56.643+0100] {processor.py:161} INFO - Started process (PID=10254) to work on /home/ubuntu/.local/lib/python3.10/site-packages/airflow/example_dags/example_task_group_decorator.py
[2024-01-30T16:01:56.647+0100] {processor.py:830} INFO - Processing file /home/ubuntu/.local/lib/python3.10/site-packages/airflow/example_dags/example_task_group_decorator.py for tasks to queue
[2024-01-30T16:01:56.649+0100] {logging_mixin.py:188} INFO - [2024-01-30T16:01:56.648+0100] {dagbag.py:538} INFO - Filling up the DagBag from /home/ubuntu/.local/lib/python3.10/site-packages/airflow/example_dags/example_task_group_decorator.py
[2024-01-30T16:01:56.681+0100] {processor.py:840} INFO - DAG(s) 'example_task_group_decorator' retrieved from /home/ubuntu/.local/lib/python3.10/site-packages/airflow/example_dags/example_task_group_decorator.py
[2024-01-30T16:01:56.735+0100] {logging_mixin.py:188} INFO - [2024-01-30T16:01:56.735+0100] {dag.py:3033} INFO - Sync 1 DAGs
[2024-01-30T16:01:56.754+0100] {logging_mixin.py:188} INFO - [2024-01-30T16:01:56.754+0100] {dag.py:3820} INFO - Setting next_dagrun for example_task_group_decorator to 2024-01-29T00:00:00+00:00, run_after=2024-01-30T00:00:00+00:00
[2024-01-30T16:01:56.791+0100] {processor.py:183} INFO - Processing /home/ubuntu/.local/lib/python3.10/site-packages/airflow/example_dags/example_task_group_decorator.py took 0.166 seconds
[2024-01-30T16:02:43.711+0100] {processor.py:161} INFO - Started process (PID=10303) to work on /home/ubuntu/.local/lib/python3.10/site-packages/airflow/example_dags/example_task_group_decorator.py
[2024-01-30T16:02:43.726+0100] {processor.py:830} INFO - Processing file /home/ubuntu/.local/lib/python3.10/site-packages/airflow/example_dags/example_task_group_decorator.py for tasks to queue
[2024-01-30T16:02:43.746+0100] {logging_mixin.py:188} INFO - [2024-01-30T16:02:43.733+0100] {dagbag.py:538} INFO - Filling up the DagBag from /home/ubuntu/.local/lib/python3.10/site-packages/airflow/example_dags/example_task_group_decorator.py
[2024-01-30T16:02:43.908+0100] {processor.py:840} INFO - DAG(s) 'example_task_group_decorator' retrieved from /home/ubuntu/.local/lib/python3.10/site-packages/airflow/example_dags/example_task_group_decorator.py
[2024-01-30T16:02:43.957+0100] {logging_mixin.py:188} INFO - [2024-01-30T16:02:43.957+0100] {dag.py:3033} INFO - Sync 1 DAGs
[2024-01-30T16:02:44.095+0100] {logging_mixin.py:188} INFO - [2024-01-30T16:02:44.095+0100] {dag.py:3820} INFO - Setting next_dagrun for example_task_group_decorator to 2024-01-29T00:00:00+00:00, run_after=2024-01-30T00:00:00+00:00
[2024-01-30T16:02:44.545+0100] {processor.py:183} INFO - Processing /home/ubuntu/.local/lib/python3.10/site-packages/airflow/example_dags/example_task_group_decorator.py took 0.859 seconds
[2024-01-30T16:03:29.243+0100] {processor.py:161} INFO - Started process (PID=10348) to work on /home/ubuntu/.local/lib/python3.10/site-packages/airflow/example_dags/example_task_group_decorator.py
[2024-01-30T16:03:29.251+0100] {processor.py:830} INFO - Processing file /home/ubuntu/.local/lib/python3.10/site-packages/airflow/example_dags/example_task_group_decorator.py for tasks to queue
[2024-01-30T16:03:29.254+0100] {logging_mixin.py:188} INFO - [2024-01-30T16:03:29.253+0100] {dagbag.py:538} INFO - Filling up the DagBag from /home/ubuntu/.local/lib/python3.10/site-packages/airflow/example_dags/example_task_group_decorator.py
[2024-01-30T16:03:29.341+0100] {processor.py:840} INFO - DAG(s) 'example_task_group_decorator' retrieved from /home/ubuntu/.local/lib/python3.10/site-packages/airflow/example_dags/example_task_group_decorator.py
[2024-01-30T16:03:29.495+0100] {logging_mixin.py:188} INFO - [2024-01-30T16:03:29.495+0100] {dag.py:3033} INFO - Sync 1 DAGs
[2024-01-30T16:03:29.547+0100] {logging_mixin.py:188} INFO - [2024-01-30T16:03:29.547+0100] {dag.py:3820} INFO - Setting next_dagrun for example_task_group_decorator to 2024-01-29T00:00:00+00:00, run_after=2024-01-30T00:00:00+00:00
[2024-01-30T16:03:29.752+0100] {processor.py:183} INFO - Processing /home/ubuntu/.local/lib/python3.10/site-packages/airflow/example_dags/example_task_group_decorator.py took 0.518 seconds
[2024-01-30T16:04:22.708+0100] {processor.py:161} INFO - Started process (PID=10408) to work on /home/ubuntu/.local/lib/python3.10/site-packages/airflow/example_dags/example_task_group_decorator.py
[2024-01-30T16:04:22.721+0100] {processor.py:830} INFO - Processing file /home/ubuntu/.local/lib/python3.10/site-packages/airflow/example_dags/example_task_group_decorator.py for tasks to queue
[2024-01-30T16:04:22.723+0100] {logging_mixin.py:188} INFO - [2024-01-30T16:04:22.723+0100] {dagbag.py:538} INFO - Filling up the DagBag from /home/ubuntu/.local/lib/python3.10/site-packages/airflow/example_dags/example_task_group_decorator.py
[2024-01-30T16:04:22.742+0100] {processor.py:840} INFO - DAG(s) 'example_task_group_decorator' retrieved from /home/ubuntu/.local/lib/python3.10/site-packages/airflow/example_dags/example_task_group_decorator.py
[2024-01-30T16:04:22.766+0100] {logging_mixin.py:188} INFO - [2024-01-30T16:04:22.766+0100] {dag.py:3033} INFO - Sync 1 DAGs
[2024-01-30T16:04:22.789+0100] {logging_mixin.py:188} INFO - [2024-01-30T16:04:22.789+0100] {dag.py:3820} INFO - Setting next_dagrun for example_task_group_decorator to 2024-01-29T00:00:00+00:00, run_after=2024-01-30T00:00:00+00:00
[2024-01-30T16:04:22.835+0100] {processor.py:183} INFO - Processing /home/ubuntu/.local/lib/python3.10/site-packages/airflow/example_dags/example_task_group_decorator.py took 0.131 seconds
[2024-01-30T16:05:14.654+0100] {processor.py:161} INFO - Started process (PID=10451) to work on /home/ubuntu/.local/lib/python3.10/site-packages/airflow/example_dags/example_task_group_decorator.py
[2024-01-30T16:05:14.659+0100] {processor.py:830} INFO - Processing file /home/ubuntu/.local/lib/python3.10/site-packages/airflow/example_dags/example_task_group_decorator.py for tasks to queue
[2024-01-30T16:05:14.669+0100] {logging_mixin.py:188} INFO - [2024-01-30T16:05:14.668+0100] {dagbag.py:538} INFO - Filling up the DagBag from /home/ubuntu/.local/lib/python3.10/site-packages/airflow/example_dags/example_task_group_decorator.py
[2024-01-30T16:05:14.764+0100] {processor.py:840} INFO - DAG(s) 'example_task_group_decorator' retrieved from /home/ubuntu/.local/lib/python3.10/site-packages/airflow/example_dags/example_task_group_decorator.py
[2024-01-30T16:05:14.874+0100] {logging_mixin.py:188} INFO - [2024-01-30T16:05:14.873+0100] {dag.py:3033} INFO - Sync 1 DAGs
[2024-01-30T16:05:15.004+0100] {logging_mixin.py:188} INFO - [2024-01-30T16:05:15.003+0100] {dag.py:3820} INFO - Setting next_dagrun for example_task_group_decorator to 2024-01-29T00:00:00+00:00, run_after=2024-01-30T00:00:00+00:00
[2024-01-30T16:05:15.073+0100] {processor.py:183} INFO - Processing /home/ubuntu/.local/lib/python3.10/site-packages/airflow/example_dags/example_task_group_decorator.py took 0.426 seconds
[2024-01-30T16:06:02.616+0100] {processor.py:161} INFO - Started process (PID=10496) to work on /home/ubuntu/.local/lib/python3.10/site-packages/airflow/example_dags/example_task_group_decorator.py
[2024-01-30T16:06:02.620+0100] {processor.py:830} INFO - Processing file /home/ubuntu/.local/lib/python3.10/site-packages/airflow/example_dags/example_task_group_decorator.py for tasks to queue
[2024-01-30T16:06:02.624+0100] {logging_mixin.py:188} INFO - [2024-01-30T16:06:02.622+0100] {dagbag.py:538} INFO - Filling up the DagBag from /home/ubuntu/.local/lib/python3.10/site-packages/airflow/example_dags/example_task_group_decorator.py
[2024-01-30T16:06:02.656+0100] {processor.py:840} INFO - DAG(s) 'example_task_group_decorator' retrieved from /home/ubuntu/.local/lib/python3.10/site-packages/airflow/example_dags/example_task_group_decorator.py
[2024-01-30T16:06:02.685+0100] {logging_mixin.py:188} INFO - [2024-01-30T16:06:02.685+0100] {dag.py:3033} INFO - Sync 1 DAGs
[2024-01-30T16:06:02.769+0100] {logging_mixin.py:188} INFO - [2024-01-30T16:06:02.769+0100] {dag.py:3820} INFO - Setting next_dagrun for example_task_group_decorator to 2024-01-29T00:00:00+00:00, run_after=2024-01-30T00:00:00+00:00
[2024-01-30T16:06:02.979+0100] {processor.py:183} INFO - Processing /home/ubuntu/.local/lib/python3.10/site-packages/airflow/example_dags/example_task_group_decorator.py took 0.369 seconds
