[2024-01-30T15:30:43.078+0100] {processor.py:161} INFO - Started process (PID=6637) to work on /home/ubuntu/.local/lib/python3.10/site-packages/airflow/example_dags/example_sensors.py
[2024-01-30T15:30:43.079+0100] {processor.py:830} INFO - Processing file /home/ubuntu/.local/lib/python3.10/site-packages/airflow/example_dags/example_sensors.py for tasks to queue
[2024-01-30T15:30:43.080+0100] {logging_mixin.py:188} INFO - [2024-01-30T15:30:43.080+0100] {dagbag.py:538} INFO - Filling up the DagBag from /home/ubuntu/.local/lib/python3.10/site-packages/airflow/example_dags/example_sensors.py
[2024-01-30T15:30:43.091+0100] {processor.py:840} INFO - DAG(s) 'example_sensors' retrieved from /home/ubuntu/.local/lib/python3.10/site-packages/airflow/example_dags/example_sensors.py
[2024-01-30T15:30:43.192+0100] {logging_mixin.py:188} INFO - [2024-01-30T15:30:43.192+0100] {dag.py:3033} INFO - Sync 1 DAGs
[2024-01-30T15:30:43.204+0100] {logging_mixin.py:188} INFO - [2024-01-30T15:30:43.204+0100] {dag.py:3820} INFO - Setting next_dagrun for example_sensors to None, run_after=None
[2024-01-30T15:30:43.238+0100] {processor.py:183} INFO - Processing /home/ubuntu/.local/lib/python3.10/site-packages/airflow/example_dags/example_sensors.py took 0.165 seconds
[2024-01-30T15:31:38.092+0100] {processor.py:161} INFO - Started process (PID=6696) to work on /home/ubuntu/.local/lib/python3.10/site-packages/airflow/example_dags/example_sensors.py
[2024-01-30T15:31:38.095+0100] {processor.py:830} INFO - Processing file /home/ubuntu/.local/lib/python3.10/site-packages/airflow/example_dags/example_sensors.py for tasks to queue
[2024-01-30T15:31:38.096+0100] {logging_mixin.py:188} INFO - [2024-01-30T15:31:38.095+0100] {dagbag.py:538} INFO - Filling up the DagBag from /home/ubuntu/.local/lib/python3.10/site-packages/airflow/example_dags/example_sensors.py
[2024-01-30T15:31:38.109+0100] {processor.py:840} INFO - DAG(s) 'example_sensors' retrieved from /home/ubuntu/.local/lib/python3.10/site-packages/airflow/example_dags/example_sensors.py
[2024-01-30T15:31:38.133+0100] {logging_mixin.py:188} INFO - [2024-01-30T15:31:38.132+0100] {dag.py:3033} INFO - Sync 1 DAGs
[2024-01-30T15:31:38.144+0100] {logging_mixin.py:188} INFO - [2024-01-30T15:31:38.144+0100] {dag.py:3820} INFO - Setting next_dagrun for example_sensors to None, run_after=None
[2024-01-30T15:31:38.175+0100] {processor.py:183} INFO - Processing /home/ubuntu/.local/lib/python3.10/site-packages/airflow/example_dags/example_sensors.py took 0.087 seconds
[2024-01-30T15:33:26.674+0100] {processor.py:161} INFO - Started process (PID=6806) to work on /home/ubuntu/.local/lib/python3.10/site-packages/airflow/example_dags/example_sensors.py
[2024-01-30T15:33:26.676+0100] {processor.py:830} INFO - Processing file /home/ubuntu/.local/lib/python3.10/site-packages/airflow/example_dags/example_sensors.py for tasks to queue
[2024-01-30T15:33:26.678+0100] {logging_mixin.py:188} INFO - [2024-01-30T15:33:26.677+0100] {dagbag.py:538} INFO - Filling up the DagBag from /home/ubuntu/.local/lib/python3.10/site-packages/airflow/example_dags/example_sensors.py
[2024-01-30T15:33:26.705+0100] {processor.py:840} INFO - DAG(s) 'example_sensors' retrieved from /home/ubuntu/.local/lib/python3.10/site-packages/airflow/example_dags/example_sensors.py
[2024-01-30T15:33:26.745+0100] {logging_mixin.py:188} INFO - [2024-01-30T15:33:26.745+0100] {dag.py:3033} INFO - Sync 1 DAGs
[2024-01-30T15:33:26.771+0100] {logging_mixin.py:188} INFO - [2024-01-30T15:33:26.770+0100] {dag.py:3820} INFO - Setting next_dagrun for example_sensors to None, run_after=None
[2024-01-30T15:33:26.816+0100] {processor.py:183} INFO - Processing /home/ubuntu/.local/lib/python3.10/site-packages/airflow/example_dags/example_sensors.py took 0.145 seconds
[2024-01-30T15:34:27.535+0100] {processor.py:161} INFO - Started process (PID=6867) to work on /home/ubuntu/.local/lib/python3.10/site-packages/airflow/example_dags/example_sensors.py
[2024-01-30T15:34:27.546+0100] {processor.py:830} INFO - Processing file /home/ubuntu/.local/lib/python3.10/site-packages/airflow/example_dags/example_sensors.py for tasks to queue
[2024-01-30T15:34:27.558+0100] {logging_mixin.py:188} INFO - [2024-01-30T15:34:27.547+0100] {dagbag.py:538} INFO - Filling up the DagBag from /home/ubuntu/.local/lib/python3.10/site-packages/airflow/example_dags/example_sensors.py
[2024-01-30T15:34:27.614+0100] {processor.py:840} INFO - DAG(s) 'example_sensors' retrieved from /home/ubuntu/.local/lib/python3.10/site-packages/airflow/example_dags/example_sensors.py
[2024-01-30T15:34:27.708+0100] {logging_mixin.py:188} INFO - [2024-01-30T15:34:27.707+0100] {dag.py:3033} INFO - Sync 1 DAGs
[2024-01-30T15:34:27.739+0100] {logging_mixin.py:188} INFO - [2024-01-30T15:34:27.739+0100] {dag.py:3820} INFO - Setting next_dagrun for example_sensors to None, run_after=None
[2024-01-30T15:34:27.831+0100] {processor.py:183} INFO - Processing /home/ubuntu/.local/lib/python3.10/site-packages/airflow/example_dags/example_sensors.py took 0.304 seconds
[2024-01-30T15:35:42.517+0100] {processor.py:161} INFO - Started process (PID=6948) to work on /home/ubuntu/.local/lib/python3.10/site-packages/airflow/example_dags/example_sensors.py
[2024-01-30T15:35:42.520+0100] {processor.py:830} INFO - Processing file /home/ubuntu/.local/lib/python3.10/site-packages/airflow/example_dags/example_sensors.py for tasks to queue
[2024-01-30T15:35:42.521+0100] {logging_mixin.py:188} INFO - [2024-01-30T15:35:42.521+0100] {dagbag.py:538} INFO - Filling up the DagBag from /home/ubuntu/.local/lib/python3.10/site-packages/airflow/example_dags/example_sensors.py
[2024-01-30T15:35:42.537+0100] {processor.py:840} INFO - DAG(s) 'example_sensors' retrieved from /home/ubuntu/.local/lib/python3.10/site-packages/airflow/example_dags/example_sensors.py
[2024-01-30T15:35:42.561+0100] {logging_mixin.py:188} INFO - [2024-01-30T15:35:42.561+0100] {dag.py:3033} INFO - Sync 1 DAGs
[2024-01-30T15:35:42.575+0100] {logging_mixin.py:188} INFO - [2024-01-30T15:35:42.575+0100] {dag.py:3820} INFO - Setting next_dagrun for example_sensors to None, run_after=None
[2024-01-30T15:35:42.613+0100] {processor.py:183} INFO - Processing /home/ubuntu/.local/lib/python3.10/site-packages/airflow/example_dags/example_sensors.py took 0.102 seconds
[2024-01-30T15:37:01.185+0100] {processor.py:161} INFO - Started process (PID=7030) to work on /home/ubuntu/.local/lib/python3.10/site-packages/airflow/example_dags/example_sensors.py
[2024-01-30T15:37:01.190+0100] {processor.py:830} INFO - Processing file /home/ubuntu/.local/lib/python3.10/site-packages/airflow/example_dags/example_sensors.py for tasks to queue
[2024-01-30T15:37:01.193+0100] {logging_mixin.py:188} INFO - [2024-01-30T15:37:01.193+0100] {dagbag.py:538} INFO - Filling up the DagBag from /home/ubuntu/.local/lib/python3.10/site-packages/airflow/example_dags/example_sensors.py
[2024-01-30T15:37:01.212+0100] {processor.py:840} INFO - DAG(s) 'example_sensors' retrieved from /home/ubuntu/.local/lib/python3.10/site-packages/airflow/example_dags/example_sensors.py
[2024-01-30T15:37:01.248+0100] {logging_mixin.py:188} INFO - [2024-01-30T15:37:01.248+0100] {dag.py:3033} INFO - Sync 1 DAGs
[2024-01-30T15:37:01.262+0100] {logging_mixin.py:188} INFO - [2024-01-30T15:37:01.261+0100] {dag.py:3820} INFO - Setting next_dagrun for example_sensors to None, run_after=None
[2024-01-30T15:37:01.293+0100] {processor.py:183} INFO - Processing /home/ubuntu/.local/lib/python3.10/site-packages/airflow/example_dags/example_sensors.py took 0.113 seconds
[2024-01-30T15:38:18.749+0100] {processor.py:161} INFO - Started process (PID=7115) to work on /home/ubuntu/.local/lib/python3.10/site-packages/airflow/example_dags/example_sensors.py
[2024-01-30T15:38:18.751+0100] {processor.py:830} INFO - Processing file /home/ubuntu/.local/lib/python3.10/site-packages/airflow/example_dags/example_sensors.py for tasks to queue
[2024-01-30T15:38:18.753+0100] {logging_mixin.py:188} INFO - [2024-01-30T15:38:18.753+0100] {dagbag.py:538} INFO - Filling up the DagBag from /home/ubuntu/.local/lib/python3.10/site-packages/airflow/example_dags/example_sensors.py
[2024-01-30T15:38:18.765+0100] {processor.py:840} INFO - DAG(s) 'example_sensors' retrieved from /home/ubuntu/.local/lib/python3.10/site-packages/airflow/example_dags/example_sensors.py
[2024-01-30T15:38:18.786+0100] {logging_mixin.py:188} INFO - [2024-01-30T15:38:18.785+0100] {dag.py:3033} INFO - Sync 1 DAGs
[2024-01-30T15:38:18.800+0100] {logging_mixin.py:188} INFO - [2024-01-30T15:38:18.800+0100] {dag.py:3820} INFO - Setting next_dagrun for example_sensors to None, run_after=None
[2024-01-30T15:38:18.839+0100] {processor.py:183} INFO - Processing /home/ubuntu/.local/lib/python3.10/site-packages/airflow/example_dags/example_sensors.py took 0.093 seconds
[2024-01-30T15:39:47.672+0100] {processor.py:161} INFO - Started process (PID=7290) to work on /home/ubuntu/.local/lib/python3.10/site-packages/airflow/example_dags/example_sensors.py
[2024-01-30T15:39:47.674+0100] {processor.py:830} INFO - Processing file /home/ubuntu/.local/lib/python3.10/site-packages/airflow/example_dags/example_sensors.py for tasks to queue
[2024-01-30T15:39:47.676+0100] {logging_mixin.py:188} INFO - [2024-01-30T15:39:47.675+0100] {dagbag.py:538} INFO - Filling up the DagBag from /home/ubuntu/.local/lib/python3.10/site-packages/airflow/example_dags/example_sensors.py
[2024-01-30T15:39:47.687+0100] {processor.py:840} INFO - DAG(s) 'example_sensors' retrieved from /home/ubuntu/.local/lib/python3.10/site-packages/airflow/example_dags/example_sensors.py
[2024-01-30T15:39:47.715+0100] {logging_mixin.py:188} INFO - [2024-01-30T15:39:47.715+0100] {dag.py:3033} INFO - Sync 1 DAGs
[2024-01-30T15:39:47.728+0100] {logging_mixin.py:188} INFO - [2024-01-30T15:39:47.728+0100] {dag.py:3820} INFO - Setting next_dagrun for example_sensors to None, run_after=None
[2024-01-30T15:39:47.758+0100] {processor.py:183} INFO - Processing /home/ubuntu/.local/lib/python3.10/site-packages/airflow/example_dags/example_sensors.py took 0.091 seconds
[2024-01-30T15:41:15.849+0100] {processor.py:161} INFO - Started process (PID=7372) to work on /home/ubuntu/.local/lib/python3.10/site-packages/airflow/example_dags/example_sensors.py
[2024-01-30T15:41:15.852+0100] {processor.py:830} INFO - Processing file /home/ubuntu/.local/lib/python3.10/site-packages/airflow/example_dags/example_sensors.py for tasks to queue
[2024-01-30T15:41:15.854+0100] {logging_mixin.py:188} INFO - [2024-01-30T15:41:15.854+0100] {dagbag.py:538} INFO - Filling up the DagBag from /home/ubuntu/.local/lib/python3.10/site-packages/airflow/example_dags/example_sensors.py
[2024-01-30T15:41:15.871+0100] {processor.py:840} INFO - DAG(s) 'example_sensors' retrieved from /home/ubuntu/.local/lib/python3.10/site-packages/airflow/example_dags/example_sensors.py
[2024-01-30T15:41:15.900+0100] {logging_mixin.py:188} INFO - [2024-01-30T15:41:15.900+0100] {dag.py:3033} INFO - Sync 1 DAGs
[2024-01-30T15:41:15.917+0100] {logging_mixin.py:188} INFO - [2024-01-30T15:41:15.917+0100] {dag.py:3820} INFO - Setting next_dagrun for example_sensors to None, run_after=None
[2024-01-30T15:41:16.044+0100] {processor.py:183} INFO - Processing /home/ubuntu/.local/lib/python3.10/site-packages/airflow/example_dags/example_sensors.py took 0.199 seconds
[2024-01-30T15:42:17.811+0100] {processor.py:161} INFO - Started process (PID=7478) to work on /home/ubuntu/.local/lib/python3.10/site-packages/airflow/example_dags/example_sensors.py
[2024-01-30T15:42:17.814+0100] {processor.py:830} INFO - Processing file /home/ubuntu/.local/lib/python3.10/site-packages/airflow/example_dags/example_sensors.py for tasks to queue
[2024-01-30T15:42:17.815+0100] {logging_mixin.py:188} INFO - [2024-01-30T15:42:17.815+0100] {dagbag.py:538} INFO - Filling up the DagBag from /home/ubuntu/.local/lib/python3.10/site-packages/airflow/example_dags/example_sensors.py
[2024-01-30T15:42:17.835+0100] {processor.py:840} INFO - DAG(s) 'example_sensors' retrieved from /home/ubuntu/.local/lib/python3.10/site-packages/airflow/example_dags/example_sensors.py
[2024-01-30T15:42:17.865+0100] {logging_mixin.py:188} INFO - [2024-01-30T15:42:17.864+0100] {dag.py:3033} INFO - Sync 1 DAGs
[2024-01-30T15:42:17.883+0100] {logging_mixin.py:188} INFO - [2024-01-30T15:42:17.882+0100] {dag.py:3820} INFO - Setting next_dagrun for example_sensors to None, run_after=None
[2024-01-30T15:42:17.938+0100] {processor.py:183} INFO - Processing /home/ubuntu/.local/lib/python3.10/site-packages/airflow/example_dags/example_sensors.py took 0.130 seconds
[2024-01-30T15:43:20.663+0100] {processor.py:161} INFO - Started process (PID=7776) to work on /home/ubuntu/.local/lib/python3.10/site-packages/airflow/example_dags/example_sensors.py
[2024-01-30T15:43:20.666+0100] {processor.py:830} INFO - Processing file /home/ubuntu/.local/lib/python3.10/site-packages/airflow/example_dags/example_sensors.py for tasks to queue
[2024-01-30T15:43:20.667+0100] {logging_mixin.py:188} INFO - [2024-01-30T15:43:20.667+0100] {dagbag.py:538} INFO - Filling up the DagBag from /home/ubuntu/.local/lib/python3.10/site-packages/airflow/example_dags/example_sensors.py
[2024-01-30T15:43:20.682+0100] {processor.py:840} INFO - DAG(s) 'example_sensors' retrieved from /home/ubuntu/.local/lib/python3.10/site-packages/airflow/example_dags/example_sensors.py
[2024-01-30T15:43:20.706+0100] {logging_mixin.py:188} INFO - [2024-01-30T15:43:20.705+0100] {dag.py:3033} INFO - Sync 1 DAGs
[2024-01-30T15:43:20.719+0100] {logging_mixin.py:188} INFO - [2024-01-30T15:43:20.718+0100] {dag.py:3820} INFO - Setting next_dagrun for example_sensors to None, run_after=None
[2024-01-30T15:43:20.754+0100] {processor.py:183} INFO - Processing /home/ubuntu/.local/lib/python3.10/site-packages/airflow/example_dags/example_sensors.py took 0.094 seconds
[2024-01-30T15:44:55.912+0100] {processor.py:161} INFO - Started process (PID=8211) to work on /home/ubuntu/.local/lib/python3.10/site-packages/airflow/example_dags/example_sensors.py
[2024-01-30T15:44:55.915+0100] {processor.py:830} INFO - Processing file /home/ubuntu/.local/lib/python3.10/site-packages/airflow/example_dags/example_sensors.py for tasks to queue
[2024-01-30T15:44:55.916+0100] {logging_mixin.py:188} INFO - [2024-01-30T15:44:55.916+0100] {dagbag.py:538} INFO - Filling up the DagBag from /home/ubuntu/.local/lib/python3.10/site-packages/airflow/example_dags/example_sensors.py
[2024-01-30T15:44:55.929+0100] {processor.py:840} INFO - DAG(s) 'example_sensors' retrieved from /home/ubuntu/.local/lib/python3.10/site-packages/airflow/example_dags/example_sensors.py
[2024-01-30T15:44:55.954+0100] {logging_mixin.py:188} INFO - [2024-01-30T15:44:55.954+0100] {dag.py:3033} INFO - Sync 1 DAGs
[2024-01-30T15:44:55.966+0100] {logging_mixin.py:188} INFO - [2024-01-30T15:44:55.966+0100] {dag.py:3820} INFO - Setting next_dagrun for example_sensors to None, run_after=None
[2024-01-30T15:44:56.009+0100] {processor.py:183} INFO - Processing /home/ubuntu/.local/lib/python3.10/site-packages/airflow/example_dags/example_sensors.py took 0.100 seconds
[2024-01-30T15:46:01.734+0100] {processor.py:161} INFO - Started process (PID=8294) to work on /home/ubuntu/.local/lib/python3.10/site-packages/airflow/example_dags/example_sensors.py
[2024-01-30T15:46:01.746+0100] {processor.py:830} INFO - Processing file /home/ubuntu/.local/lib/python3.10/site-packages/airflow/example_dags/example_sensors.py for tasks to queue
[2024-01-30T15:46:01.748+0100] {logging_mixin.py:188} INFO - [2024-01-30T15:46:01.747+0100] {dagbag.py:538} INFO - Filling up the DagBag from /home/ubuntu/.local/lib/python3.10/site-packages/airflow/example_dags/example_sensors.py
[2024-01-30T15:46:01.759+0100] {processor.py:840} INFO - DAG(s) 'example_sensors' retrieved from /home/ubuntu/.local/lib/python3.10/site-packages/airflow/example_dags/example_sensors.py
[2024-01-30T15:46:01.780+0100] {logging_mixin.py:188} INFO - [2024-01-30T15:46:01.780+0100] {dag.py:3033} INFO - Sync 1 DAGs
[2024-01-30T15:46:01.796+0100] {logging_mixin.py:188} INFO - [2024-01-30T15:46:01.796+0100] {dag.py:3820} INFO - Setting next_dagrun for example_sensors to None, run_after=None
[2024-01-30T15:46:01.845+0100] {processor.py:183} INFO - Processing /home/ubuntu/.local/lib/python3.10/site-packages/airflow/example_dags/example_sensors.py took 0.115 seconds
[2024-01-30T15:47:08.623+0100] {processor.py:161} INFO - Started process (PID=8365) to work on /home/ubuntu/.local/lib/python3.10/site-packages/airflow/example_dags/example_sensors.py
[2024-01-30T15:47:08.626+0100] {processor.py:830} INFO - Processing file /home/ubuntu/.local/lib/python3.10/site-packages/airflow/example_dags/example_sensors.py for tasks to queue
[2024-01-30T15:47:08.628+0100] {logging_mixin.py:188} INFO - [2024-01-30T15:47:08.628+0100] {dagbag.py:538} INFO - Filling up the DagBag from /home/ubuntu/.local/lib/python3.10/site-packages/airflow/example_dags/example_sensors.py
[2024-01-30T15:47:08.642+0100] {processor.py:840} INFO - DAG(s) 'example_sensors' retrieved from /home/ubuntu/.local/lib/python3.10/site-packages/airflow/example_dags/example_sensors.py
[2024-01-30T15:47:08.664+0100] {logging_mixin.py:188} INFO - [2024-01-30T15:47:08.664+0100] {dag.py:3033} INFO - Sync 1 DAGs
[2024-01-30T15:47:08.680+0100] {logging_mixin.py:188} INFO - [2024-01-30T15:47:08.680+0100] {dag.py:3820} INFO - Setting next_dagrun for example_sensors to None, run_after=None
[2024-01-30T15:47:08.728+0100] {processor.py:183} INFO - Processing /home/ubuntu/.local/lib/python3.10/site-packages/airflow/example_dags/example_sensors.py took 0.109 seconds
[2024-01-30T15:48:41.342+0100] {processor.py:161} INFO - Started process (PID=8662) to work on /home/ubuntu/.local/lib/python3.10/site-packages/airflow/example_dags/example_sensors.py
[2024-01-30T15:48:41.360+0100] {processor.py:830} INFO - Processing file /home/ubuntu/.local/lib/python3.10/site-packages/airflow/example_dags/example_sensors.py for tasks to queue
[2024-01-30T15:48:41.362+0100] {logging_mixin.py:188} INFO - [2024-01-30T15:48:41.361+0100] {dagbag.py:538} INFO - Filling up the DagBag from /home/ubuntu/.local/lib/python3.10/site-packages/airflow/example_dags/example_sensors.py
[2024-01-30T15:48:41.417+0100] {processor.py:840} INFO - DAG(s) 'example_sensors' retrieved from /home/ubuntu/.local/lib/python3.10/site-packages/airflow/example_dags/example_sensors.py
[2024-01-30T15:48:41.719+0100] {logging_mixin.py:188} INFO - [2024-01-30T15:48:41.718+0100] {dag.py:3033} INFO - Sync 1 DAGs
[2024-01-30T15:48:41.766+0100] {logging_mixin.py:188} INFO - [2024-01-30T15:48:41.766+0100] {dag.py:3820} INFO - Setting next_dagrun for example_sensors to None, run_after=None
[2024-01-30T15:48:42.042+0100] {processor.py:183} INFO - Processing /home/ubuntu/.local/lib/python3.10/site-packages/airflow/example_dags/example_sensors.py took 0.730 seconds
[2024-01-30T15:53:38.480+0100] {processor.py:161} INFO - Started process (PID=9712) to work on /home/ubuntu/.local/lib/python3.10/site-packages/airflow/example_dags/example_sensors.py
[2024-01-30T15:53:38.507+0100] {processor.py:830} INFO - Processing file /home/ubuntu/.local/lib/python3.10/site-packages/airflow/example_dags/example_sensors.py for tasks to queue
[2024-01-30T15:53:38.510+0100] {logging_mixin.py:188} INFO - [2024-01-30T15:53:38.509+0100] {dagbag.py:538} INFO - Filling up the DagBag from /home/ubuntu/.local/lib/python3.10/site-packages/airflow/example_dags/example_sensors.py
[2024-01-30T15:53:38.548+0100] {processor.py:840} INFO - DAG(s) 'example_sensors' retrieved from /home/ubuntu/.local/lib/python3.10/site-packages/airflow/example_dags/example_sensors.py
[2024-01-30T15:53:38.624+0100] {logging_mixin.py:188} INFO - [2024-01-30T15:53:38.623+0100] {dag.py:3033} INFO - Sync 1 DAGs
[2024-01-30T15:53:38.707+0100] {logging_mixin.py:188} INFO - [2024-01-30T15:53:38.707+0100] {dag.py:3820} INFO - Setting next_dagrun for example_sensors to None, run_after=None
[2024-01-30T15:53:39.957+0100] {processor.py:183} INFO - Processing /home/ubuntu/.local/lib/python3.10/site-packages/airflow/example_dags/example_sensors.py took 1.492 seconds
[2024-01-30T15:56:18.318+0100] {processor.py:161} INFO - Started process (PID=9906) to work on /home/ubuntu/.local/lib/python3.10/site-packages/airflow/example_dags/example_sensors.py
[2024-01-30T15:56:18.349+0100] {processor.py:830} INFO - Processing file /home/ubuntu/.local/lib/python3.10/site-packages/airflow/example_dags/example_sensors.py for tasks to queue
[2024-01-30T15:56:18.357+0100] {logging_mixin.py:188} INFO - [2024-01-30T15:56:18.356+0100] {dagbag.py:538} INFO - Filling up the DagBag from /home/ubuntu/.local/lib/python3.10/site-packages/airflow/example_dags/example_sensors.py
[2024-01-30T15:56:18.421+0100] {processor.py:840} INFO - DAG(s) 'example_sensors' retrieved from /home/ubuntu/.local/lib/python3.10/site-packages/airflow/example_dags/example_sensors.py
[2024-01-30T15:56:18.498+0100] {logging_mixin.py:188} INFO - [2024-01-30T15:56:18.498+0100] {dag.py:3033} INFO - Sync 1 DAGs
[2024-01-30T15:56:18.572+0100] {logging_mixin.py:188} INFO - [2024-01-30T15:56:18.572+0100] {dag.py:3820} INFO - Setting next_dagrun for example_sensors to None, run_after=None
[2024-01-30T15:56:18.837+0100] {processor.py:183} INFO - Processing /home/ubuntu/.local/lib/python3.10/site-packages/airflow/example_dags/example_sensors.py took 0.544 seconds
[2024-01-30T15:58:12.401+0100] {processor.py:161} INFO - Started process (PID=10025) to work on /home/ubuntu/.local/lib/python3.10/site-packages/airflow/example_dags/example_sensors.py
[2024-01-30T15:58:12.428+0100] {processor.py:830} INFO - Processing file /home/ubuntu/.local/lib/python3.10/site-packages/airflow/example_dags/example_sensors.py for tasks to queue
[2024-01-30T15:58:12.432+0100] {logging_mixin.py:188} INFO - [2024-01-30T15:58:12.429+0100] {dagbag.py:538} INFO - Filling up the DagBag from /home/ubuntu/.local/lib/python3.10/site-packages/airflow/example_dags/example_sensors.py
[2024-01-30T15:58:12.494+0100] {processor.py:840} INFO - DAG(s) 'example_sensors' retrieved from /home/ubuntu/.local/lib/python3.10/site-packages/airflow/example_dags/example_sensors.py
[2024-01-30T15:58:12.574+0100] {logging_mixin.py:188} INFO - [2024-01-30T15:58:12.571+0100] {dag.py:3033} INFO - Sync 1 DAGs
[2024-01-30T15:58:12.644+0100] {logging_mixin.py:188} INFO - [2024-01-30T15:58:12.644+0100] {dag.py:3820} INFO - Setting next_dagrun for example_sensors to None, run_after=None
[2024-01-30T15:58:13.012+0100] {processor.py:183} INFO - Processing /home/ubuntu/.local/lib/python3.10/site-packages/airflow/example_dags/example_sensors.py took 0.638 seconds
[2024-01-30T15:59:58.450+0100] {processor.py:161} INFO - Started process (PID=10130) to work on /home/ubuntu/.local/lib/python3.10/site-packages/airflow/example_dags/example_sensors.py
[2024-01-30T15:59:58.463+0100] {processor.py:830} INFO - Processing file /home/ubuntu/.local/lib/python3.10/site-packages/airflow/example_dags/example_sensors.py for tasks to queue
[2024-01-30T15:59:58.465+0100] {logging_mixin.py:188} INFO - [2024-01-30T15:59:58.464+0100] {dagbag.py:538} INFO - Filling up the DagBag from /home/ubuntu/.local/lib/python3.10/site-packages/airflow/example_dags/example_sensors.py
[2024-01-30T15:59:58.479+0100] {processor.py:840} INFO - DAG(s) 'example_sensors' retrieved from /home/ubuntu/.local/lib/python3.10/site-packages/airflow/example_dags/example_sensors.py
[2024-01-30T15:59:58.503+0100] {logging_mixin.py:188} INFO - [2024-01-30T15:59:58.503+0100] {dag.py:3033} INFO - Sync 1 DAGs
[2024-01-30T15:59:58.516+0100] {logging_mixin.py:188} INFO - [2024-01-30T15:59:58.516+0100] {dag.py:3820} INFO - Setting next_dagrun for example_sensors to None, run_after=None
[2024-01-30T15:59:58.551+0100] {processor.py:183} INFO - Processing /home/ubuntu/.local/lib/python3.10/site-packages/airflow/example_dags/example_sensors.py took 0.104 seconds
[2024-01-30T16:00:52.712+0100] {processor.py:161} INFO - Started process (PID=10187) to work on /home/ubuntu/.local/lib/python3.10/site-packages/airflow/example_dags/example_sensors.py
[2024-01-30T16:00:52.715+0100] {processor.py:830} INFO - Processing file /home/ubuntu/.local/lib/python3.10/site-packages/airflow/example_dags/example_sensors.py for tasks to queue
[2024-01-30T16:00:52.716+0100] {logging_mixin.py:188} INFO - [2024-01-30T16:00:52.716+0100] {dagbag.py:538} INFO - Filling up the DagBag from /home/ubuntu/.local/lib/python3.10/site-packages/airflow/example_dags/example_sensors.py
[2024-01-30T16:00:52.727+0100] {processor.py:840} INFO - DAG(s) 'example_sensors' retrieved from /home/ubuntu/.local/lib/python3.10/site-packages/airflow/example_dags/example_sensors.py
[2024-01-30T16:00:52.748+0100] {logging_mixin.py:188} INFO - [2024-01-30T16:00:52.748+0100] {dag.py:3033} INFO - Sync 1 DAGs
[2024-01-30T16:00:52.763+0100] {logging_mixin.py:188} INFO - [2024-01-30T16:00:52.762+0100] {dag.py:3820} INFO - Setting next_dagrun for example_sensors to None, run_after=None
[2024-01-30T16:00:52.809+0100] {processor.py:183} INFO - Processing /home/ubuntu/.local/lib/python3.10/site-packages/airflow/example_dags/example_sensors.py took 0.100 seconds
[2024-01-30T16:02:30.277+0100] {processor.py:161} INFO - Started process (PID=10293) to work on /home/ubuntu/.local/lib/python3.10/site-packages/airflow/example_dags/example_sensors.py
[2024-01-30T16:02:30.322+0100] {processor.py:830} INFO - Processing file /home/ubuntu/.local/lib/python3.10/site-packages/airflow/example_dags/example_sensors.py for tasks to queue
[2024-01-30T16:02:30.325+0100] {logging_mixin.py:188} INFO - [2024-01-30T16:02:30.323+0100] {dagbag.py:538} INFO - Filling up the DagBag from /home/ubuntu/.local/lib/python3.10/site-packages/airflow/example_dags/example_sensors.py
[2024-01-30T16:02:30.363+0100] {processor.py:840} INFO - DAG(s) 'example_sensors' retrieved from /home/ubuntu/.local/lib/python3.10/site-packages/airflow/example_dags/example_sensors.py
[2024-01-30T16:02:30.485+0100] {logging_mixin.py:188} INFO - [2024-01-30T16:02:30.484+0100] {dag.py:3033} INFO - Sync 1 DAGs
[2024-01-30T16:02:30.591+0100] {logging_mixin.py:188} INFO - [2024-01-30T16:02:30.590+0100] {dag.py:3820} INFO - Setting next_dagrun for example_sensors to None, run_after=None
[2024-01-30T16:02:30.864+0100] {processor.py:183} INFO - Processing /home/ubuntu/.local/lib/python3.10/site-packages/airflow/example_dags/example_sensors.py took 0.638 seconds
[2024-01-30T16:04:15.948+0100] {processor.py:161} INFO - Started process (PID=10402) to work on /home/ubuntu/.local/lib/python3.10/site-packages/airflow/example_dags/example_sensors.py
[2024-01-30T16:04:15.989+0100] {processor.py:830} INFO - Processing file /home/ubuntu/.local/lib/python3.10/site-packages/airflow/example_dags/example_sensors.py for tasks to queue
[2024-01-30T16:04:16.005+0100] {logging_mixin.py:188} INFO - [2024-01-30T16:04:16.004+0100] {dagbag.py:538} INFO - Filling up the DagBag from /home/ubuntu/.local/lib/python3.10/site-packages/airflow/example_dags/example_sensors.py
[2024-01-30T16:04:16.040+0100] {processor.py:840} INFO - DAG(s) 'example_sensors' retrieved from /home/ubuntu/.local/lib/python3.10/site-packages/airflow/example_dags/example_sensors.py
[2024-01-30T16:04:16.221+0100] {logging_mixin.py:188} INFO - [2024-01-30T16:04:16.220+0100] {dag.py:3033} INFO - Sync 1 DAGs
[2024-01-30T16:04:16.313+0100] {logging_mixin.py:188} INFO - [2024-01-30T16:04:16.313+0100] {dag.py:3820} INFO - Setting next_dagrun for example_sensors to None, run_after=None
[2024-01-30T16:04:16.460+0100] {processor.py:183} INFO - Processing /home/ubuntu/.local/lib/python3.10/site-packages/airflow/example_dags/example_sensors.py took 0.543 seconds
[2024-01-30T16:05:53.256+0100] {processor.py:161} INFO - Started process (PID=10484) to work on /home/ubuntu/.local/lib/python3.10/site-packages/airflow/example_dags/example_sensors.py
[2024-01-30T16:05:53.301+0100] {processor.py:830} INFO - Processing file /home/ubuntu/.local/lib/python3.10/site-packages/airflow/example_dags/example_sensors.py for tasks to queue
[2024-01-30T16:05:53.306+0100] {logging_mixin.py:188} INFO - [2024-01-30T16:05:53.306+0100] {dagbag.py:538} INFO - Filling up the DagBag from /home/ubuntu/.local/lib/python3.10/site-packages/airflow/example_dags/example_sensors.py
[2024-01-30T16:05:53.363+0100] {processor.py:840} INFO - DAG(s) 'example_sensors' retrieved from /home/ubuntu/.local/lib/python3.10/site-packages/airflow/example_dags/example_sensors.py
[2024-01-30T16:05:53.464+0100] {logging_mixin.py:188} INFO - [2024-01-30T16:05:53.464+0100] {dag.py:3033} INFO - Sync 1 DAGs
[2024-01-30T16:05:53.557+0100] {logging_mixin.py:188} INFO - [2024-01-30T16:05:53.556+0100] {dag.py:3820} INFO - Setting next_dagrun for example_sensors to None, run_after=None
[2024-01-30T16:05:53.759+0100] {processor.py:183} INFO - Processing /home/ubuntu/.local/lib/python3.10/site-packages/airflow/example_dags/example_sensors.py took 0.534 seconds
