[2024-01-30T15:30:12.787+0100] {processor.py:161} INFO - Started process (PID=6611) to work on /home/ubuntu/.local/lib/python3.10/site-packages/airflow/example_dags/example_external_task_marker_dag.py
[2024-01-30T15:30:12.789+0100] {processor.py:830} INFO - Processing file /home/ubuntu/.local/lib/python3.10/site-packages/airflow/example_dags/example_external_task_marker_dag.py for tasks to queue
[2024-01-30T15:30:12.790+0100] {logging_mixin.py:188} INFO - [2024-01-30T15:30:12.789+0100] {dagbag.py:538} INFO - Filling up the DagBag from /home/ubuntu/.local/lib/python3.10/site-packages/airflow/example_dags/example_external_task_marker_dag.py
[2024-01-30T15:30:12.798+0100] {processor.py:840} INFO - DAG(s) 'example_external_task_marker_child', 'example_external_task_marker_parent' retrieved from /home/ubuntu/.local/lib/python3.10/site-packages/airflow/example_dags/example_external_task_marker_dag.py
[2024-01-30T15:30:12.910+0100] {logging_mixin.py:188} INFO - [2024-01-30T15:30:12.910+0100] {dag.py:3033} INFO - Sync 2 DAGs
[2024-01-30T15:30:12.921+0100] {logging_mixin.py:188} INFO - [2024-01-30T15:30:12.921+0100] {dag.py:3820} INFO - Setting next_dagrun for example_external_task_marker_child to None, run_after=None
[2024-01-30T15:30:12.925+0100] {logging_mixin.py:188} INFO - [2024-01-30T15:30:12.925+0100] {dag.py:3820} INFO - Setting next_dagrun for example_external_task_marker_parent to None, run_after=None
[2024-01-30T15:30:12.954+0100] {processor.py:183} INFO - Processing /home/ubuntu/.local/lib/python3.10/site-packages/airflow/example_dags/example_external_task_marker_dag.py took 0.169 seconds
[2024-01-30T15:31:12.821+0100] {processor.py:161} INFO - Started process (PID=6670) to work on /home/ubuntu/.local/lib/python3.10/site-packages/airflow/example_dags/example_external_task_marker_dag.py
[2024-01-30T15:31:12.823+0100] {processor.py:830} INFO - Processing file /home/ubuntu/.local/lib/python3.10/site-packages/airflow/example_dags/example_external_task_marker_dag.py for tasks to queue
[2024-01-30T15:31:12.825+0100] {logging_mixin.py:188} INFO - [2024-01-30T15:31:12.825+0100] {dagbag.py:538} INFO - Filling up the DagBag from /home/ubuntu/.local/lib/python3.10/site-packages/airflow/example_dags/example_external_task_marker_dag.py
[2024-01-30T15:31:12.833+0100] {processor.py:840} INFO - DAG(s) 'example_external_task_marker_child', 'example_external_task_marker_parent' retrieved from /home/ubuntu/.local/lib/python3.10/site-packages/airflow/example_dags/example_external_task_marker_dag.py
[2024-01-30T15:31:12.855+0100] {logging_mixin.py:188} INFO - [2024-01-30T15:31:12.855+0100] {dag.py:3033} INFO - Sync 2 DAGs
[2024-01-30T15:31:12.869+0100] {logging_mixin.py:188} INFO - [2024-01-30T15:31:12.869+0100] {dag.py:3820} INFO - Setting next_dagrun for example_external_task_marker_child to None, run_after=None
[2024-01-30T15:31:12.873+0100] {logging_mixin.py:188} INFO - [2024-01-30T15:31:12.872+0100] {dag.py:3820} INFO - Setting next_dagrun for example_external_task_marker_parent to None, run_after=None
[2024-01-30T15:31:12.904+0100] {processor.py:183} INFO - Processing /home/ubuntu/.local/lib/python3.10/site-packages/airflow/example_dags/example_external_task_marker_dag.py took 0.087 seconds
[2024-01-30T15:32:06.379+0100] {processor.py:161} INFO - Started process (PID=6728) to work on /home/ubuntu/.local/lib/python3.10/site-packages/airflow/example_dags/example_external_task_marker_dag.py
[2024-01-30T15:32:06.383+0100] {processor.py:830} INFO - Processing file /home/ubuntu/.local/lib/python3.10/site-packages/airflow/example_dags/example_external_task_marker_dag.py for tasks to queue
[2024-01-30T15:32:06.387+0100] {logging_mixin.py:188} INFO - [2024-01-30T15:32:06.386+0100] {dagbag.py:538} INFO - Filling up the DagBag from /home/ubuntu/.local/lib/python3.10/site-packages/airflow/example_dags/example_external_task_marker_dag.py
[2024-01-30T15:32:06.402+0100] {processor.py:840} INFO - DAG(s) 'example_external_task_marker_child', 'example_external_task_marker_parent' retrieved from /home/ubuntu/.local/lib/python3.10/site-packages/airflow/example_dags/example_external_task_marker_dag.py
[2024-01-30T15:32:06.440+0100] {logging_mixin.py:188} INFO - [2024-01-30T15:32:06.439+0100] {dag.py:3033} INFO - Sync 2 DAGs
[2024-01-30T15:32:06.468+0100] {logging_mixin.py:188} INFO - [2024-01-30T15:32:06.467+0100] {dag.py:3820} INFO - Setting next_dagrun for example_external_task_marker_child to None, run_after=None
[2024-01-30T15:32:06.478+0100] {logging_mixin.py:188} INFO - [2024-01-30T15:32:06.478+0100] {dag.py:3820} INFO - Setting next_dagrun for example_external_task_marker_parent to None, run_after=None
[2024-01-30T15:32:06.531+0100] {processor.py:183} INFO - Processing /home/ubuntu/.local/lib/python3.10/site-packages/airflow/example_dags/example_external_task_marker_dag.py took 0.159 seconds
[2024-01-30T15:33:12.539+0100] {processor.py:161} INFO - Started process (PID=6795) to work on /home/ubuntu/.local/lib/python3.10/site-packages/airflow/example_dags/example_external_task_marker_dag.py
[2024-01-30T15:33:12.559+0100] {processor.py:830} INFO - Processing file /home/ubuntu/.local/lib/python3.10/site-packages/airflow/example_dags/example_external_task_marker_dag.py for tasks to queue
[2024-01-30T15:33:12.562+0100] {logging_mixin.py:188} INFO - [2024-01-30T15:33:12.561+0100] {dagbag.py:538} INFO - Filling up the DagBag from /home/ubuntu/.local/lib/python3.10/site-packages/airflow/example_dags/example_external_task_marker_dag.py
[2024-01-30T15:33:12.595+0100] {processor.py:840} INFO - DAG(s) 'example_external_task_marker_parent', 'example_external_task_marker_child' retrieved from /home/ubuntu/.local/lib/python3.10/site-packages/airflow/example_dags/example_external_task_marker_dag.py
[2024-01-30T15:33:12.612+0100] {logging_mixin.py:188} INFO - [2024-01-30T15:33:12.612+0100] {dag.py:3033} INFO - Sync 2 DAGs
[2024-01-30T15:33:12.626+0100] {logging_mixin.py:188} INFO - [2024-01-30T15:33:12.626+0100] {dag.py:3820} INFO - Setting next_dagrun for example_external_task_marker_child to None, run_after=None
[2024-01-30T15:33:12.632+0100] {logging_mixin.py:188} INFO - [2024-01-30T15:33:12.632+0100] {dag.py:3820} INFO - Setting next_dagrun for example_external_task_marker_parent to None, run_after=None
[2024-01-30T15:33:12.685+0100] {processor.py:183} INFO - Processing /home/ubuntu/.local/lib/python3.10/site-packages/airflow/example_dags/example_external_task_marker_dag.py took 0.150 seconds
[2024-01-30T15:34:16.042+0100] {processor.py:161} INFO - Started process (PID=6856) to work on /home/ubuntu/.local/lib/python3.10/site-packages/airflow/example_dags/example_external_task_marker_dag.py
[2024-01-30T15:34:16.044+0100] {processor.py:830} INFO - Processing file /home/ubuntu/.local/lib/python3.10/site-packages/airflow/example_dags/example_external_task_marker_dag.py for tasks to queue
[2024-01-30T15:34:16.045+0100] {logging_mixin.py:188} INFO - [2024-01-30T15:34:16.045+0100] {dagbag.py:538} INFO - Filling up the DagBag from /home/ubuntu/.local/lib/python3.10/site-packages/airflow/example_dags/example_external_task_marker_dag.py
[2024-01-30T15:34:16.053+0100] {processor.py:840} INFO - DAG(s) 'example_external_task_marker_child', 'example_external_task_marker_parent' retrieved from /home/ubuntu/.local/lib/python3.10/site-packages/airflow/example_dags/example_external_task_marker_dag.py
[2024-01-30T15:34:16.077+0100] {logging_mixin.py:188} INFO - [2024-01-30T15:34:16.077+0100] {dag.py:3033} INFO - Sync 2 DAGs
[2024-01-30T15:34:16.095+0100] {logging_mixin.py:188} INFO - [2024-01-30T15:34:16.095+0100] {dag.py:3820} INFO - Setting next_dagrun for example_external_task_marker_child to None, run_after=None
[2024-01-30T15:34:16.099+0100] {logging_mixin.py:188} INFO - [2024-01-30T15:34:16.099+0100] {dag.py:3820} INFO - Setting next_dagrun for example_external_task_marker_parent to None, run_after=None
[2024-01-30T15:34:16.130+0100] {processor.py:183} INFO - Processing /home/ubuntu/.local/lib/python3.10/site-packages/airflow/example_dags/example_external_task_marker_dag.py took 0.092 seconds
[2024-01-30T15:35:11.210+0100] {processor.py:161} INFO - Started process (PID=6916) to work on /home/ubuntu/.local/lib/python3.10/site-packages/airflow/example_dags/example_external_task_marker_dag.py
[2024-01-30T15:35:11.212+0100] {processor.py:830} INFO - Processing file /home/ubuntu/.local/lib/python3.10/site-packages/airflow/example_dags/example_external_task_marker_dag.py for tasks to queue
[2024-01-30T15:35:11.213+0100] {logging_mixin.py:188} INFO - [2024-01-30T15:35:11.213+0100] {dagbag.py:538} INFO - Filling up the DagBag from /home/ubuntu/.local/lib/python3.10/site-packages/airflow/example_dags/example_external_task_marker_dag.py
[2024-01-30T15:35:11.223+0100] {processor.py:840} INFO - DAG(s) 'example_external_task_marker_child', 'example_external_task_marker_parent' retrieved from /home/ubuntu/.local/lib/python3.10/site-packages/airflow/example_dags/example_external_task_marker_dag.py
[2024-01-30T15:35:11.249+0100] {logging_mixin.py:188} INFO - [2024-01-30T15:35:11.249+0100] {dag.py:3033} INFO - Sync 2 DAGs
[2024-01-30T15:35:11.262+0100] {logging_mixin.py:188} INFO - [2024-01-30T15:35:11.262+0100] {dag.py:3820} INFO - Setting next_dagrun for example_external_task_marker_child to None, run_after=None
[2024-01-30T15:35:11.265+0100] {logging_mixin.py:188} INFO - [2024-01-30T15:35:11.265+0100] {dag.py:3820} INFO - Setting next_dagrun for example_external_task_marker_parent to None, run_after=None
[2024-01-30T15:35:11.302+0100] {processor.py:183} INFO - Processing /home/ubuntu/.local/lib/python3.10/site-packages/airflow/example_dags/example_external_task_marker_dag.py took 0.096 seconds
[2024-01-30T15:36:00.616+0100] {processor.py:161} INFO - Started process (PID=6969) to work on /home/ubuntu/.local/lib/python3.10/site-packages/airflow/example_dags/example_external_task_marker_dag.py
[2024-01-30T15:36:00.618+0100] {processor.py:830} INFO - Processing file /home/ubuntu/.local/lib/python3.10/site-packages/airflow/example_dags/example_external_task_marker_dag.py for tasks to queue
[2024-01-30T15:36:00.620+0100] {logging_mixin.py:188} INFO - [2024-01-30T15:36:00.619+0100] {dagbag.py:538} INFO - Filling up the DagBag from /home/ubuntu/.local/lib/python3.10/site-packages/airflow/example_dags/example_external_task_marker_dag.py
[2024-01-30T15:36:00.632+0100] {processor.py:840} INFO - DAG(s) 'example_external_task_marker_parent', 'example_external_task_marker_child' retrieved from /home/ubuntu/.local/lib/python3.10/site-packages/airflow/example_dags/example_external_task_marker_dag.py
[2024-01-30T15:36:00.656+0100] {logging_mixin.py:188} INFO - [2024-01-30T15:36:00.655+0100] {dag.py:3033} INFO - Sync 2 DAGs
[2024-01-30T15:36:00.669+0100] {logging_mixin.py:188} INFO - [2024-01-30T15:36:00.668+0100] {dag.py:3820} INFO - Setting next_dagrun for example_external_task_marker_child to None, run_after=None
[2024-01-30T15:36:00.673+0100] {logging_mixin.py:188} INFO - [2024-01-30T15:36:00.673+0100] {dag.py:3820} INFO - Setting next_dagrun for example_external_task_marker_parent to None, run_after=None
[2024-01-30T15:36:00.705+0100] {processor.py:183} INFO - Processing /home/ubuntu/.local/lib/python3.10/site-packages/airflow/example_dags/example_external_task_marker_dag.py took 0.093 seconds
[2024-01-30T15:36:49.524+0100] {processor.py:161} INFO - Started process (PID=7020) to work on /home/ubuntu/.local/lib/python3.10/site-packages/airflow/example_dags/example_external_task_marker_dag.py
[2024-01-30T15:36:49.529+0100] {processor.py:830} INFO - Processing file /home/ubuntu/.local/lib/python3.10/site-packages/airflow/example_dags/example_external_task_marker_dag.py for tasks to queue
[2024-01-30T15:36:49.530+0100] {logging_mixin.py:188} INFO - [2024-01-30T15:36:49.530+0100] {dagbag.py:538} INFO - Filling up the DagBag from /home/ubuntu/.local/lib/python3.10/site-packages/airflow/example_dags/example_external_task_marker_dag.py
[2024-01-30T15:36:49.538+0100] {processor.py:840} INFO - DAG(s) 'example_external_task_marker_parent', 'example_external_task_marker_child' retrieved from /home/ubuntu/.local/lib/python3.10/site-packages/airflow/example_dags/example_external_task_marker_dag.py
[2024-01-30T15:36:49.566+0100] {logging_mixin.py:188} INFO - [2024-01-30T15:36:49.566+0100] {dag.py:3033} INFO - Sync 2 DAGs
[2024-01-30T15:36:49.580+0100] {logging_mixin.py:188} INFO - [2024-01-30T15:36:49.580+0100] {dag.py:3820} INFO - Setting next_dagrun for example_external_task_marker_child to None, run_after=None
[2024-01-30T15:36:49.584+0100] {logging_mixin.py:188} INFO - [2024-01-30T15:36:49.584+0100] {dag.py:3820} INFO - Setting next_dagrun for example_external_task_marker_parent to None, run_after=None
[2024-01-30T15:36:49.615+0100] {processor.py:183} INFO - Processing /home/ubuntu/.local/lib/python3.10/site-packages/airflow/example_dags/example_external_task_marker_dag.py took 0.097 seconds
[2024-01-30T15:37:44.138+0100] {processor.py:161} INFO - Started process (PID=7078) to work on /home/ubuntu/.local/lib/python3.10/site-packages/airflow/example_dags/example_external_task_marker_dag.py
[2024-01-30T15:37:44.141+0100] {processor.py:830} INFO - Processing file /home/ubuntu/.local/lib/python3.10/site-packages/airflow/example_dags/example_external_task_marker_dag.py for tasks to queue
[2024-01-30T15:37:44.144+0100] {logging_mixin.py:188} INFO - [2024-01-30T15:37:44.143+0100] {dagbag.py:538} INFO - Filling up the DagBag from /home/ubuntu/.local/lib/python3.10/site-packages/airflow/example_dags/example_external_task_marker_dag.py
[2024-01-30T15:37:44.152+0100] {processor.py:840} INFO - DAG(s) 'example_external_task_marker_child', 'example_external_task_marker_parent' retrieved from /home/ubuntu/.local/lib/python3.10/site-packages/airflow/example_dags/example_external_task_marker_dag.py
[2024-01-30T15:37:44.176+0100] {logging_mixin.py:188} INFO - [2024-01-30T15:37:44.175+0100] {dag.py:3033} INFO - Sync 2 DAGs
[2024-01-30T15:37:44.188+0100] {logging_mixin.py:188} INFO - [2024-01-30T15:37:44.187+0100] {dag.py:3820} INFO - Setting next_dagrun for example_external_task_marker_child to None, run_after=None
[2024-01-30T15:37:44.191+0100] {logging_mixin.py:188} INFO - [2024-01-30T15:37:44.191+0100] {dag.py:3820} INFO - Setting next_dagrun for example_external_task_marker_parent to None, run_after=None
[2024-01-30T15:37:44.220+0100] {processor.py:183} INFO - Processing /home/ubuntu/.local/lib/python3.10/site-packages/airflow/example_dags/example_external_task_marker_dag.py took 0.086 seconds
[2024-01-30T15:38:34.693+0100] {processor.py:161} INFO - Started process (PID=7138) to work on /home/ubuntu/.local/lib/python3.10/site-packages/airflow/example_dags/example_external_task_marker_dag.py
[2024-01-30T15:38:34.695+0100] {processor.py:830} INFO - Processing file /home/ubuntu/.local/lib/python3.10/site-packages/airflow/example_dags/example_external_task_marker_dag.py for tasks to queue
[2024-01-30T15:38:34.704+0100] {logging_mixin.py:188} INFO - [2024-01-30T15:38:34.703+0100] {dagbag.py:538} INFO - Filling up the DagBag from /home/ubuntu/.local/lib/python3.10/site-packages/airflow/example_dags/example_external_task_marker_dag.py
[2024-01-30T15:38:34.711+0100] {processor.py:840} INFO - DAG(s) 'example_external_task_marker_parent', 'example_external_task_marker_child' retrieved from /home/ubuntu/.local/lib/python3.10/site-packages/airflow/example_dags/example_external_task_marker_dag.py
[2024-01-30T15:38:34.735+0100] {logging_mixin.py:188} INFO - [2024-01-30T15:38:34.734+0100] {dag.py:3033} INFO - Sync 2 DAGs
[2024-01-30T15:38:34.748+0100] {logging_mixin.py:188} INFO - [2024-01-30T15:38:34.747+0100] {dag.py:3820} INFO - Setting next_dagrun for example_external_task_marker_child to None, run_after=None
[2024-01-30T15:38:34.751+0100] {logging_mixin.py:188} INFO - [2024-01-30T15:38:34.751+0100] {dag.py:3820} INFO - Setting next_dagrun for example_external_task_marker_parent to None, run_after=None
[2024-01-30T15:38:34.780+0100] {processor.py:183} INFO - Processing /home/ubuntu/.local/lib/python3.10/site-packages/airflow/example_dags/example_external_task_marker_dag.py took 0.090 seconds
[2024-01-30T15:39:36.149+0100] {processor.py:161} INFO - Started process (PID=7280) to work on /home/ubuntu/.local/lib/python3.10/site-packages/airflow/example_dags/example_external_task_marker_dag.py
[2024-01-30T15:39:36.151+0100] {processor.py:830} INFO - Processing file /home/ubuntu/.local/lib/python3.10/site-packages/airflow/example_dags/example_external_task_marker_dag.py for tasks to queue
[2024-01-30T15:39:36.153+0100] {logging_mixin.py:188} INFO - [2024-01-30T15:39:36.152+0100] {dagbag.py:538} INFO - Filling up the DagBag from /home/ubuntu/.local/lib/python3.10/site-packages/airflow/example_dags/example_external_task_marker_dag.py
[2024-01-30T15:39:36.162+0100] {processor.py:840} INFO - DAG(s) 'example_external_task_marker_child', 'example_external_task_marker_parent' retrieved from /home/ubuntu/.local/lib/python3.10/site-packages/airflow/example_dags/example_external_task_marker_dag.py
[2024-01-30T15:39:36.194+0100] {logging_mixin.py:188} INFO - [2024-01-30T15:39:36.194+0100] {dag.py:3033} INFO - Sync 2 DAGs
[2024-01-30T15:39:36.215+0100] {logging_mixin.py:188} INFO - [2024-01-30T15:39:36.215+0100] {dag.py:3820} INFO - Setting next_dagrun for example_external_task_marker_child to None, run_after=None
[2024-01-30T15:39:36.221+0100] {logging_mixin.py:188} INFO - [2024-01-30T15:39:36.221+0100] {dag.py:3820} INFO - Setting next_dagrun for example_external_task_marker_parent to None, run_after=None
[2024-01-30T15:39:36.262+0100] {processor.py:183} INFO - Processing /home/ubuntu/.local/lib/python3.10/site-packages/airflow/example_dags/example_external_task_marker_dag.py took 0.128 seconds
[2024-01-30T15:40:35.479+0100] {processor.py:161} INFO - Started process (PID=7338) to work on /home/ubuntu/.local/lib/python3.10/site-packages/airflow/example_dags/example_external_task_marker_dag.py
[2024-01-30T15:40:35.482+0100] {processor.py:830} INFO - Processing file /home/ubuntu/.local/lib/python3.10/site-packages/airflow/example_dags/example_external_task_marker_dag.py for tasks to queue
[2024-01-30T15:40:35.486+0100] {logging_mixin.py:188} INFO - [2024-01-30T15:40:35.485+0100] {dagbag.py:538} INFO - Filling up the DagBag from /home/ubuntu/.local/lib/python3.10/site-packages/airflow/example_dags/example_external_task_marker_dag.py
[2024-01-30T15:40:35.501+0100] {processor.py:840} INFO - DAG(s) 'example_external_task_marker_child', 'example_external_task_marker_parent' retrieved from /home/ubuntu/.local/lib/python3.10/site-packages/airflow/example_dags/example_external_task_marker_dag.py
[2024-01-30T15:40:35.540+0100] {logging_mixin.py:188} INFO - [2024-01-30T15:40:35.540+0100] {dag.py:3033} INFO - Sync 2 DAGs
[2024-01-30T15:40:35.573+0100] {logging_mixin.py:188} INFO - [2024-01-30T15:40:35.572+0100] {dag.py:3820} INFO - Setting next_dagrun for example_external_task_marker_child to None, run_after=None
[2024-01-30T15:40:35.586+0100] {logging_mixin.py:188} INFO - [2024-01-30T15:40:35.586+0100] {dag.py:3820} INFO - Setting next_dagrun for example_external_task_marker_parent to None, run_after=None
[2024-01-30T15:40:35.718+0100] {processor.py:183} INFO - Processing /home/ubuntu/.local/lib/python3.10/site-packages/airflow/example_dags/example_external_task_marker_dag.py took 0.245 seconds
[2024-01-30T15:41:41.669+0100] {processor.py:161} INFO - Started process (PID=7404) to work on /home/ubuntu/.local/lib/python3.10/site-packages/airflow/example_dags/example_external_task_marker_dag.py
[2024-01-30T15:41:41.672+0100] {processor.py:830} INFO - Processing file /home/ubuntu/.local/lib/python3.10/site-packages/airflow/example_dags/example_external_task_marker_dag.py for tasks to queue
[2024-01-30T15:41:41.674+0100] {logging_mixin.py:188} INFO - [2024-01-30T15:41:41.673+0100] {dagbag.py:538} INFO - Filling up the DagBag from /home/ubuntu/.local/lib/python3.10/site-packages/airflow/example_dags/example_external_task_marker_dag.py
[2024-01-30T15:41:41.686+0100] {processor.py:840} INFO - DAG(s) 'example_external_task_marker_parent', 'example_external_task_marker_child' retrieved from /home/ubuntu/.local/lib/python3.10/site-packages/airflow/example_dags/example_external_task_marker_dag.py
[2024-01-30T15:41:41.726+0100] {logging_mixin.py:188} INFO - [2024-01-30T15:41:41.726+0100] {dag.py:3033} INFO - Sync 2 DAGs
[2024-01-30T15:41:41.748+0100] {logging_mixin.py:188} INFO - [2024-01-30T15:41:41.748+0100] {dag.py:3820} INFO - Setting next_dagrun for example_external_task_marker_child to None, run_after=None
[2024-01-30T15:41:41.755+0100] {logging_mixin.py:188} INFO - [2024-01-30T15:41:41.755+0100] {dag.py:3820} INFO - Setting next_dagrun for example_external_task_marker_parent to None, run_after=None
[2024-01-30T15:41:41.811+0100] {processor.py:183} INFO - Processing /home/ubuntu/.local/lib/python3.10/site-packages/airflow/example_dags/example_external_task_marker_dag.py took 0.149 seconds
[2024-01-30T15:42:46.089+0100] {processor.py:161} INFO - Started process (PID=7627) to work on /home/ubuntu/.local/lib/python3.10/site-packages/airflow/example_dags/example_external_task_marker_dag.py
[2024-01-30T15:42:46.093+0100] {processor.py:830} INFO - Processing file /home/ubuntu/.local/lib/python3.10/site-packages/airflow/example_dags/example_external_task_marker_dag.py for tasks to queue
[2024-01-30T15:42:46.095+0100] {logging_mixin.py:188} INFO - [2024-01-30T15:42:46.094+0100] {dagbag.py:538} INFO - Filling up the DagBag from /home/ubuntu/.local/lib/python3.10/site-packages/airflow/example_dags/example_external_task_marker_dag.py
[2024-01-30T15:42:46.110+0100] {processor.py:840} INFO - DAG(s) 'example_external_task_marker_parent', 'example_external_task_marker_child' retrieved from /home/ubuntu/.local/lib/python3.10/site-packages/airflow/example_dags/example_external_task_marker_dag.py
[2024-01-30T15:42:46.147+0100] {logging_mixin.py:188} INFO - [2024-01-30T15:42:46.147+0100] {dag.py:3033} INFO - Sync 2 DAGs
[2024-01-30T15:42:46.171+0100] {logging_mixin.py:188} INFO - [2024-01-30T15:42:46.171+0100] {dag.py:3820} INFO - Setting next_dagrun for example_external_task_marker_child to None, run_after=None
[2024-01-30T15:42:46.180+0100] {logging_mixin.py:188} INFO - [2024-01-30T15:42:46.179+0100] {dag.py:3820} INFO - Setting next_dagrun for example_external_task_marker_parent to None, run_after=None
[2024-01-30T15:42:46.232+0100] {processor.py:183} INFO - Processing /home/ubuntu/.local/lib/python3.10/site-packages/airflow/example_dags/example_external_task_marker_dag.py took 0.149 seconds
[2024-01-30T15:43:42.427+0100] {processor.py:161} INFO - Started process (PID=7895) to work on /home/ubuntu/.local/lib/python3.10/site-packages/airflow/example_dags/example_external_task_marker_dag.py
[2024-01-30T15:43:42.439+0100] {processor.py:830} INFO - Processing file /home/ubuntu/.local/lib/python3.10/site-packages/airflow/example_dags/example_external_task_marker_dag.py for tasks to queue
[2024-01-30T15:43:42.443+0100] {logging_mixin.py:188} INFO - [2024-01-30T15:43:42.442+0100] {dagbag.py:538} INFO - Filling up the DagBag from /home/ubuntu/.local/lib/python3.10/site-packages/airflow/example_dags/example_external_task_marker_dag.py
[2024-01-30T15:43:42.460+0100] {processor.py:840} INFO - DAG(s) 'example_external_task_marker_child', 'example_external_task_marker_parent' retrieved from /home/ubuntu/.local/lib/python3.10/site-packages/airflow/example_dags/example_external_task_marker_dag.py
[2024-01-30T15:43:42.542+0100] {logging_mixin.py:188} INFO - [2024-01-30T15:43:42.542+0100] {dag.py:3033} INFO - Sync 2 DAGs
[2024-01-30T15:43:42.592+0100] {logging_mixin.py:188} INFO - [2024-01-30T15:43:42.592+0100] {dag.py:3820} INFO - Setting next_dagrun for example_external_task_marker_child to None, run_after=None
[2024-01-30T15:43:42.613+0100] {logging_mixin.py:188} INFO - [2024-01-30T15:43:42.613+0100] {dag.py:3820} INFO - Setting next_dagrun for example_external_task_marker_parent to None, run_after=None
[2024-01-30T15:43:42.654+0100] {processor.py:183} INFO - Processing /home/ubuntu/.local/lib/python3.10/site-packages/airflow/example_dags/example_external_task_marker_dag.py took 0.245 seconds
[2024-01-30T15:44:48.705+0100] {processor.py:161} INFO - Started process (PID=8192) to work on /home/ubuntu/.local/lib/python3.10/site-packages/airflow/example_dags/example_external_task_marker_dag.py
[2024-01-30T15:44:48.709+0100] {processor.py:830} INFO - Processing file /home/ubuntu/.local/lib/python3.10/site-packages/airflow/example_dags/example_external_task_marker_dag.py for tasks to queue
[2024-01-30T15:44:48.710+0100] {logging_mixin.py:188} INFO - [2024-01-30T15:44:48.709+0100] {dagbag.py:538} INFO - Filling up the DagBag from /home/ubuntu/.local/lib/python3.10/site-packages/airflow/example_dags/example_external_task_marker_dag.py
[2024-01-30T15:44:48.719+0100] {processor.py:840} INFO - DAG(s) 'example_external_task_marker_parent', 'example_external_task_marker_child' retrieved from /home/ubuntu/.local/lib/python3.10/site-packages/airflow/example_dags/example_external_task_marker_dag.py
[2024-01-30T15:44:48.746+0100] {logging_mixin.py:188} INFO - [2024-01-30T15:44:48.745+0100] {dag.py:3033} INFO - Sync 2 DAGs
[2024-01-30T15:44:48.768+0100] {logging_mixin.py:188} INFO - [2024-01-30T15:44:48.768+0100] {dag.py:3820} INFO - Setting next_dagrun for example_external_task_marker_child to None, run_after=None
[2024-01-30T15:44:48.775+0100] {logging_mixin.py:188} INFO - [2024-01-30T15:44:48.775+0100] {dag.py:3820} INFO - Setting next_dagrun for example_external_task_marker_parent to None, run_after=None
[2024-01-30T15:44:48.941+0100] {processor.py:183} INFO - Processing /home/ubuntu/.local/lib/python3.10/site-packages/airflow/example_dags/example_external_task_marker_dag.py took 0.240 seconds
[2024-01-30T15:45:39.790+0100] {processor.py:161} INFO - Started process (PID=8274) to work on /home/ubuntu/.local/lib/python3.10/site-packages/airflow/example_dags/example_external_task_marker_dag.py
[2024-01-30T15:45:39.792+0100] {processor.py:830} INFO - Processing file /home/ubuntu/.local/lib/python3.10/site-packages/airflow/example_dags/example_external_task_marker_dag.py for tasks to queue
[2024-01-30T15:45:39.794+0100] {logging_mixin.py:188} INFO - [2024-01-30T15:45:39.793+0100] {dagbag.py:538} INFO - Filling up the DagBag from /home/ubuntu/.local/lib/python3.10/site-packages/airflow/example_dags/example_external_task_marker_dag.py
[2024-01-30T15:45:39.800+0100] {processor.py:840} INFO - DAG(s) 'example_external_task_marker_parent', 'example_external_task_marker_child' retrieved from /home/ubuntu/.local/lib/python3.10/site-packages/airflow/example_dags/example_external_task_marker_dag.py
[2024-01-30T15:45:39.819+0100] {logging_mixin.py:188} INFO - [2024-01-30T15:45:39.819+0100] {dag.py:3033} INFO - Sync 2 DAGs
[2024-01-30T15:45:39.830+0100] {logging_mixin.py:188} INFO - [2024-01-30T15:45:39.830+0100] {dag.py:3820} INFO - Setting next_dagrun for example_external_task_marker_child to None, run_after=None
[2024-01-30T15:45:39.834+0100] {logging_mixin.py:188} INFO - [2024-01-30T15:45:39.834+0100] {dag.py:3820} INFO - Setting next_dagrun for example_external_task_marker_parent to None, run_after=None
[2024-01-30T15:45:39.869+0100] {processor.py:183} INFO - Processing /home/ubuntu/.local/lib/python3.10/site-packages/airflow/example_dags/example_external_task_marker_dag.py took 0.081 seconds
[2024-01-30T15:46:39.603+0100] {processor.py:161} INFO - Started process (PID=8337) to work on /home/ubuntu/.local/lib/python3.10/site-packages/airflow/example_dags/example_external_task_marker_dag.py
[2024-01-30T15:46:39.605+0100] {processor.py:830} INFO - Processing file /home/ubuntu/.local/lib/python3.10/site-packages/airflow/example_dags/example_external_task_marker_dag.py for tasks to queue
[2024-01-30T15:46:39.607+0100] {logging_mixin.py:188} INFO - [2024-01-30T15:46:39.606+0100] {dagbag.py:538} INFO - Filling up the DagBag from /home/ubuntu/.local/lib/python3.10/site-packages/airflow/example_dags/example_external_task_marker_dag.py
[2024-01-30T15:46:39.613+0100] {processor.py:840} INFO - DAG(s) 'example_external_task_marker_parent', 'example_external_task_marker_child' retrieved from /home/ubuntu/.local/lib/python3.10/site-packages/airflow/example_dags/example_external_task_marker_dag.py
[2024-01-30T15:46:39.637+0100] {logging_mixin.py:188} INFO - [2024-01-30T15:46:39.636+0100] {dag.py:3033} INFO - Sync 2 DAGs
[2024-01-30T15:46:39.649+0100] {logging_mixin.py:188} INFO - [2024-01-30T15:46:39.649+0100] {dag.py:3820} INFO - Setting next_dagrun for example_external_task_marker_child to None, run_after=None
[2024-01-30T15:46:39.653+0100] {logging_mixin.py:188} INFO - [2024-01-30T15:46:39.653+0100] {dag.py:3820} INFO - Setting next_dagrun for example_external_task_marker_parent to None, run_after=None
[2024-01-30T15:46:39.681+0100] {processor.py:183} INFO - Processing /home/ubuntu/.local/lib/python3.10/site-packages/airflow/example_dags/example_external_task_marker_dag.py took 0.082 seconds
[2024-01-30T15:47:32.241+0100] {processor.py:161} INFO - Started process (PID=8396) to work on /home/ubuntu/.local/lib/python3.10/site-packages/airflow/example_dags/example_external_task_marker_dag.py
[2024-01-30T15:47:32.245+0100] {processor.py:830} INFO - Processing file /home/ubuntu/.local/lib/python3.10/site-packages/airflow/example_dags/example_external_task_marker_dag.py for tasks to queue
[2024-01-30T15:47:32.249+0100] {logging_mixin.py:188} INFO - [2024-01-30T15:47:32.248+0100] {dagbag.py:538} INFO - Filling up the DagBag from /home/ubuntu/.local/lib/python3.10/site-packages/airflow/example_dags/example_external_task_marker_dag.py
[2024-01-30T15:47:32.274+0100] {processor.py:840} INFO - DAG(s) 'example_external_task_marker_parent', 'example_external_task_marker_child' retrieved from /home/ubuntu/.local/lib/python3.10/site-packages/airflow/example_dags/example_external_task_marker_dag.py
[2024-01-30T15:47:32.384+0100] {logging_mixin.py:188} INFO - [2024-01-30T15:47:32.384+0100] {dag.py:3033} INFO - Sync 2 DAGs
[2024-01-30T15:47:32.573+0100] {logging_mixin.py:188} INFO - [2024-01-30T15:47:32.564+0100] {dag.py:3820} INFO - Setting next_dagrun for example_external_task_marker_child to None, run_after=None
[2024-01-30T15:47:32.650+0100] {logging_mixin.py:188} INFO - [2024-01-30T15:47:32.650+0100] {dag.py:3820} INFO - Setting next_dagrun for example_external_task_marker_parent to None, run_after=None
[2024-01-30T15:47:32.863+0100] {processor.py:183} INFO - Processing /home/ubuntu/.local/lib/python3.10/site-packages/airflow/example_dags/example_external_task_marker_dag.py took 0.636 seconds
[2024-01-30T15:50:56.041+0100] {processor.py:161} INFO - Started process (PID=9134) to work on /home/ubuntu/.local/lib/python3.10/site-packages/airflow/example_dags/example_external_task_marker_dag.py
[2024-01-30T15:50:56.054+0100] {processor.py:830} INFO - Processing file /home/ubuntu/.local/lib/python3.10/site-packages/airflow/example_dags/example_external_task_marker_dag.py for tasks to queue
[2024-01-30T15:50:56.057+0100] {logging_mixin.py:188} INFO - [2024-01-30T15:50:56.056+0100] {dagbag.py:538} INFO - Filling up the DagBag from /home/ubuntu/.local/lib/python3.10/site-packages/airflow/example_dags/example_external_task_marker_dag.py
[2024-01-30T15:50:56.131+0100] {processor.py:840} INFO - DAG(s) 'example_external_task_marker_child', 'example_external_task_marker_parent' retrieved from /home/ubuntu/.local/lib/python3.10/site-packages/airflow/example_dags/example_external_task_marker_dag.py
[2024-01-30T15:50:56.292+0100] {logging_mixin.py:188} INFO - [2024-01-30T15:50:56.292+0100] {dag.py:3033} INFO - Sync 2 DAGs
[2024-01-30T15:50:56.449+0100] {logging_mixin.py:188} INFO - [2024-01-30T15:50:56.449+0100] {dag.py:3820} INFO - Setting next_dagrun for example_external_task_marker_child to None, run_after=None
[2024-01-30T15:50:56.482+0100] {logging_mixin.py:188} INFO - [2024-01-30T15:50:56.482+0100] {dag.py:3820} INFO - Setting next_dagrun for example_external_task_marker_parent to None, run_after=None
[2024-01-30T15:50:56.866+0100] {processor.py:183} INFO - Processing /home/ubuntu/.local/lib/python3.10/site-packages/airflow/example_dags/example_external_task_marker_dag.py took 0.992 seconds
[2024-01-30T15:52:43.998+0100] {processor.py:161} INFO - Started process (PID=9496) to work on /home/ubuntu/.local/lib/python3.10/site-packages/airflow/example_dags/example_external_task_marker_dag.py
[2024-01-30T15:52:44.000+0100] {processor.py:830} INFO - Processing file /home/ubuntu/.local/lib/python3.10/site-packages/airflow/example_dags/example_external_task_marker_dag.py for tasks to queue
[2024-01-30T15:52:44.003+0100] {logging_mixin.py:188} INFO - [2024-01-30T15:52:44.002+0100] {dagbag.py:538} INFO - Filling up the DagBag from /home/ubuntu/.local/lib/python3.10/site-packages/airflow/example_dags/example_external_task_marker_dag.py
[2024-01-30T15:52:44.020+0100] {processor.py:840} INFO - DAG(s) 'example_external_task_marker_parent', 'example_external_task_marker_child' retrieved from /home/ubuntu/.local/lib/python3.10/site-packages/airflow/example_dags/example_external_task_marker_dag.py
[2024-01-30T15:52:44.058+0100] {logging_mixin.py:188} INFO - [2024-01-30T15:52:44.058+0100] {dag.py:3033} INFO - Sync 2 DAGs
[2024-01-30T15:52:44.080+0100] {logging_mixin.py:188} INFO - [2024-01-30T15:52:44.080+0100] {dag.py:3820} INFO - Setting next_dagrun for example_external_task_marker_child to None, run_after=None
[2024-01-30T15:52:44.088+0100] {logging_mixin.py:188} INFO - [2024-01-30T15:52:44.087+0100] {dag.py:3820} INFO - Setting next_dagrun for example_external_task_marker_parent to None, run_after=None
[2024-01-30T15:52:44.224+0100] {processor.py:183} INFO - Processing /home/ubuntu/.local/lib/python3.10/site-packages/airflow/example_dags/example_external_task_marker_dag.py took 0.232 seconds
[2024-01-30T15:54:46.271+0100] {processor.py:161} INFO - Started process (PID=9822) to work on /home/ubuntu/.local/lib/python3.10/site-packages/airflow/example_dags/example_external_task_marker_dag.py
[2024-01-30T15:54:46.292+0100] {processor.py:830} INFO - Processing file /home/ubuntu/.local/lib/python3.10/site-packages/airflow/example_dags/example_external_task_marker_dag.py for tasks to queue
[2024-01-30T15:54:46.296+0100] {logging_mixin.py:188} INFO - [2024-01-30T15:54:46.296+0100] {dagbag.py:538} INFO - Filling up the DagBag from /home/ubuntu/.local/lib/python3.10/site-packages/airflow/example_dags/example_external_task_marker_dag.py
[2024-01-30T15:54:46.337+0100] {processor.py:840} INFO - DAG(s) 'example_external_task_marker_parent', 'example_external_task_marker_child' retrieved from /home/ubuntu/.local/lib/python3.10/site-packages/airflow/example_dags/example_external_task_marker_dag.py
[2024-01-30T15:54:46.434+0100] {logging_mixin.py:188} INFO - [2024-01-30T15:54:46.434+0100] {dag.py:3033} INFO - Sync 2 DAGs
[2024-01-30T15:54:46.502+0100] {logging_mixin.py:188} INFO - [2024-01-30T15:54:46.488+0100] {dag.py:3820} INFO - Setting next_dagrun for example_external_task_marker_child to None, run_after=None
[2024-01-30T15:54:46.543+0100] {logging_mixin.py:188} INFO - [2024-01-30T15:54:46.542+0100] {dag.py:3820} INFO - Setting next_dagrun for example_external_task_marker_parent to None, run_after=None
[2024-01-30T15:54:46.641+0100] {processor.py:183} INFO - Processing /home/ubuntu/.local/lib/python3.10/site-packages/airflow/example_dags/example_external_task_marker_dag.py took 0.381 seconds
[2024-01-30T15:55:59.890+0100] {processor.py:161} INFO - Started process (PID=9889) to work on /home/ubuntu/.local/lib/python3.10/site-packages/airflow/example_dags/example_external_task_marker_dag.py
[2024-01-30T15:55:59.910+0100] {processor.py:830} INFO - Processing file /home/ubuntu/.local/lib/python3.10/site-packages/airflow/example_dags/example_external_task_marker_dag.py for tasks to queue
[2024-01-30T15:55:59.911+0100] {logging_mixin.py:188} INFO - [2024-01-30T15:55:59.910+0100] {dagbag.py:538} INFO - Filling up the DagBag from /home/ubuntu/.local/lib/python3.10/site-packages/airflow/example_dags/example_external_task_marker_dag.py
[2024-01-30T15:55:59.978+0100] {processor.py:840} INFO - DAG(s) 'example_external_task_marker_child', 'example_external_task_marker_parent' retrieved from /home/ubuntu/.local/lib/python3.10/site-packages/airflow/example_dags/example_external_task_marker_dag.py
[2024-01-30T15:56:00.087+0100] {logging_mixin.py:188} INFO - [2024-01-30T15:56:00.083+0100] {dag.py:3033} INFO - Sync 2 DAGs
[2024-01-30T15:56:00.113+0100] {logging_mixin.py:188} INFO - [2024-01-30T15:56:00.111+0100] {dag.py:3820} INFO - Setting next_dagrun for example_external_task_marker_child to None, run_after=None
[2024-01-30T15:56:00.121+0100] {logging_mixin.py:188} INFO - [2024-01-30T15:56:00.121+0100] {dag.py:3820} INFO - Setting next_dagrun for example_external_task_marker_parent to None, run_after=None
[2024-01-30T15:56:00.657+0100] {processor.py:183} INFO - Processing /home/ubuntu/.local/lib/python3.10/site-packages/airflow/example_dags/example_external_task_marker_dag.py took 0.776 seconds
[2024-01-30T15:57:56.992+0100] {processor.py:161} INFO - Started process (PID=10012) to work on /home/ubuntu/.local/lib/python3.10/site-packages/airflow/example_dags/example_external_task_marker_dag.py
[2024-01-30T15:57:56.995+0100] {processor.py:830} INFO - Processing file /home/ubuntu/.local/lib/python3.10/site-packages/airflow/example_dags/example_external_task_marker_dag.py for tasks to queue
[2024-01-30T15:57:56.996+0100] {logging_mixin.py:188} INFO - [2024-01-30T15:57:56.996+0100] {dagbag.py:538} INFO - Filling up the DagBag from /home/ubuntu/.local/lib/python3.10/site-packages/airflow/example_dags/example_external_task_marker_dag.py
[2024-01-30T15:57:57.040+0100] {processor.py:840} INFO - DAG(s) 'example_external_task_marker_parent', 'example_external_task_marker_child' retrieved from /home/ubuntu/.local/lib/python3.10/site-packages/airflow/example_dags/example_external_task_marker_dag.py
[2024-01-30T15:57:57.146+0100] {logging_mixin.py:188} INFO - [2024-01-30T15:57:57.146+0100] {dag.py:3033} INFO - Sync 2 DAGs
[2024-01-30T15:57:57.167+0100] {logging_mixin.py:188} INFO - [2024-01-30T15:57:57.165+0100] {dag.py:3820} INFO - Setting next_dagrun for example_external_task_marker_child to None, run_after=None
[2024-01-30T15:57:57.175+0100] {logging_mixin.py:188} INFO - [2024-01-30T15:57:57.175+0100] {dag.py:3820} INFO - Setting next_dagrun for example_external_task_marker_parent to None, run_after=None
[2024-01-30T15:57:57.318+0100] {processor.py:183} INFO - Processing /home/ubuntu/.local/lib/python3.10/site-packages/airflow/example_dags/example_external_task_marker_dag.py took 0.332 seconds
[2024-01-30T15:59:44.449+0100] {processor.py:161} INFO - Started process (PID=10118) to work on /home/ubuntu/.local/lib/python3.10/site-packages/airflow/example_dags/example_external_task_marker_dag.py
[2024-01-30T15:59:44.451+0100] {processor.py:830} INFO - Processing file /home/ubuntu/.local/lib/python3.10/site-packages/airflow/example_dags/example_external_task_marker_dag.py for tasks to queue
[2024-01-30T15:59:44.453+0100] {logging_mixin.py:188} INFO - [2024-01-30T15:59:44.453+0100] {dagbag.py:538} INFO - Filling up the DagBag from /home/ubuntu/.local/lib/python3.10/site-packages/airflow/example_dags/example_external_task_marker_dag.py
[2024-01-30T15:59:44.460+0100] {processor.py:840} INFO - DAG(s) 'example_external_task_marker_parent', 'example_external_task_marker_child' retrieved from /home/ubuntu/.local/lib/python3.10/site-packages/airflow/example_dags/example_external_task_marker_dag.py
[2024-01-30T15:59:44.485+0100] {logging_mixin.py:188} INFO - [2024-01-30T15:59:44.485+0100] {dag.py:3033} INFO - Sync 2 DAGs
[2024-01-30T15:59:44.501+0100] {logging_mixin.py:188} INFO - [2024-01-30T15:59:44.500+0100] {dag.py:3820} INFO - Setting next_dagrun for example_external_task_marker_child to None, run_after=None
[2024-01-30T15:59:44.506+0100] {logging_mixin.py:188} INFO - [2024-01-30T15:59:44.506+0100] {dag.py:3820} INFO - Setting next_dagrun for example_external_task_marker_parent to None, run_after=None
[2024-01-30T15:59:44.540+0100] {processor.py:183} INFO - Processing /home/ubuntu/.local/lib/python3.10/site-packages/airflow/example_dags/example_external_task_marker_dag.py took 0.095 seconds
[2024-01-30T16:00:40.801+0100] {processor.py:161} INFO - Started process (PID=10176) to work on /home/ubuntu/.local/lib/python3.10/site-packages/airflow/example_dags/example_external_task_marker_dag.py
[2024-01-30T16:00:40.808+0100] {processor.py:830} INFO - Processing file /home/ubuntu/.local/lib/python3.10/site-packages/airflow/example_dags/example_external_task_marker_dag.py for tasks to queue
[2024-01-30T16:00:40.811+0100] {logging_mixin.py:188} INFO - [2024-01-30T16:00:40.810+0100] {dagbag.py:538} INFO - Filling up the DagBag from /home/ubuntu/.local/lib/python3.10/site-packages/airflow/example_dags/example_external_task_marker_dag.py
[2024-01-30T16:00:40.834+0100] {processor.py:840} INFO - DAG(s) 'example_external_task_marker_child', 'example_external_task_marker_parent' retrieved from /home/ubuntu/.local/lib/python3.10/site-packages/airflow/example_dags/example_external_task_marker_dag.py
[2024-01-30T16:00:40.899+0100] {logging_mixin.py:188} INFO - [2024-01-30T16:00:40.892+0100] {dag.py:3033} INFO - Sync 2 DAGs
[2024-01-30T16:00:40.954+0100] {logging_mixin.py:188} INFO - [2024-01-30T16:00:40.953+0100] {dag.py:3820} INFO - Setting next_dagrun for example_external_task_marker_child to None, run_after=None
[2024-01-30T16:00:40.961+0100] {logging_mixin.py:188} INFO - [2024-01-30T16:00:40.961+0100] {dag.py:3820} INFO - Setting next_dagrun for example_external_task_marker_parent to None, run_after=None
[2024-01-30T16:00:41.064+0100] {processor.py:183} INFO - Processing /home/ubuntu/.local/lib/python3.10/site-packages/airflow/example_dags/example_external_task_marker_dag.py took 0.272 seconds
[2024-01-30T16:01:34.106+0100] {processor.py:161} INFO - Started process (PID=10231) to work on /home/ubuntu/.local/lib/python3.10/site-packages/airflow/example_dags/example_external_task_marker_dag.py
[2024-01-30T16:01:34.109+0100] {processor.py:830} INFO - Processing file /home/ubuntu/.local/lib/python3.10/site-packages/airflow/example_dags/example_external_task_marker_dag.py for tasks to queue
[2024-01-30T16:01:34.113+0100] {logging_mixin.py:188} INFO - [2024-01-30T16:01:34.112+0100] {dagbag.py:538} INFO - Filling up the DagBag from /home/ubuntu/.local/lib/python3.10/site-packages/airflow/example_dags/example_external_task_marker_dag.py
[2024-01-30T16:01:34.123+0100] {processor.py:840} INFO - DAG(s) 'example_external_task_marker_parent', 'example_external_task_marker_child' retrieved from /home/ubuntu/.local/lib/python3.10/site-packages/airflow/example_dags/example_external_task_marker_dag.py
[2024-01-30T16:01:34.152+0100] {logging_mixin.py:188} INFO - [2024-01-30T16:01:34.152+0100] {dag.py:3033} INFO - Sync 2 DAGs
[2024-01-30T16:01:34.167+0100] {logging_mixin.py:188} INFO - [2024-01-30T16:01:34.167+0100] {dag.py:3820} INFO - Setting next_dagrun for example_external_task_marker_child to None, run_after=None
[2024-01-30T16:01:34.171+0100] {logging_mixin.py:188} INFO - [2024-01-30T16:01:34.171+0100] {dag.py:3820} INFO - Setting next_dagrun for example_external_task_marker_parent to None, run_after=None
[2024-01-30T16:01:34.199+0100] {processor.py:183} INFO - Processing /home/ubuntu/.local/lib/python3.10/site-packages/airflow/example_dags/example_external_task_marker_dag.py took 0.099 seconds
[2024-01-30T16:03:05.118+0100] {processor.py:161} INFO - Started process (PID=10326) to work on /home/ubuntu/.local/lib/python3.10/site-packages/airflow/example_dags/example_external_task_marker_dag.py
[2024-01-30T16:03:05.120+0100] {processor.py:830} INFO - Processing file /home/ubuntu/.local/lib/python3.10/site-packages/airflow/example_dags/example_external_task_marker_dag.py for tasks to queue
[2024-01-30T16:03:05.123+0100] {logging_mixin.py:188} INFO - [2024-01-30T16:03:05.122+0100] {dagbag.py:538} INFO - Filling up the DagBag from /home/ubuntu/.local/lib/python3.10/site-packages/airflow/example_dags/example_external_task_marker_dag.py
[2024-01-30T16:03:05.134+0100] {processor.py:840} INFO - DAG(s) 'example_external_task_marker_parent', 'example_external_task_marker_child' retrieved from /home/ubuntu/.local/lib/python3.10/site-packages/airflow/example_dags/example_external_task_marker_dag.py
[2024-01-30T16:03:05.166+0100] {logging_mixin.py:188} INFO - [2024-01-30T16:03:05.166+0100] {dag.py:3033} INFO - Sync 2 DAGs
[2024-01-30T16:03:05.184+0100] {logging_mixin.py:188} INFO - [2024-01-30T16:03:05.184+0100] {dag.py:3820} INFO - Setting next_dagrun for example_external_task_marker_child to None, run_after=None
[2024-01-30T16:03:05.188+0100] {logging_mixin.py:188} INFO - [2024-01-30T16:03:05.188+0100] {dag.py:3820} INFO - Setting next_dagrun for example_external_task_marker_parent to None, run_after=None
[2024-01-30T16:03:05.218+0100] {processor.py:183} INFO - Processing /home/ubuntu/.local/lib/python3.10/site-packages/airflow/example_dags/example_external_task_marker_dag.py took 0.106 seconds
[2024-01-30T16:04:39.817+0100] {processor.py:161} INFO - Started process (PID=10426) to work on /home/ubuntu/.local/lib/python3.10/site-packages/airflow/example_dags/example_external_task_marker_dag.py
[2024-01-30T16:04:39.820+0100] {processor.py:830} INFO - Processing file /home/ubuntu/.local/lib/python3.10/site-packages/airflow/example_dags/example_external_task_marker_dag.py for tasks to queue
[2024-01-30T16:04:39.821+0100] {logging_mixin.py:188} INFO - [2024-01-30T16:04:39.820+0100] {dagbag.py:538} INFO - Filling up the DagBag from /home/ubuntu/.local/lib/python3.10/site-packages/airflow/example_dags/example_external_task_marker_dag.py
[2024-01-30T16:04:39.829+0100] {processor.py:840} INFO - DAG(s) 'example_external_task_marker_parent', 'example_external_task_marker_child' retrieved from /home/ubuntu/.local/lib/python3.10/site-packages/airflow/example_dags/example_external_task_marker_dag.py
[2024-01-30T16:04:39.854+0100] {logging_mixin.py:188} INFO - [2024-01-30T16:04:39.854+0100] {dag.py:3033} INFO - Sync 2 DAGs
[2024-01-30T16:04:39.868+0100] {logging_mixin.py:188} INFO - [2024-01-30T16:04:39.868+0100] {dag.py:3820} INFO - Setting next_dagrun for example_external_task_marker_child to None, run_after=None
[2024-01-30T16:04:39.872+0100] {logging_mixin.py:188} INFO - [2024-01-30T16:04:39.872+0100] {dag.py:3820} INFO - Setting next_dagrun for example_external_task_marker_parent to None, run_after=None
[2024-01-30T16:04:39.911+0100] {processor.py:183} INFO - Processing /home/ubuntu/.local/lib/python3.10/site-packages/airflow/example_dags/example_external_task_marker_dag.py took 0.099 seconds
[2024-01-30T16:06:19.385+0100] {processor.py:161} INFO - Started process (PID=10510) to work on /home/ubuntu/.local/lib/python3.10/site-packages/airflow/example_dags/example_external_task_marker_dag.py
[2024-01-30T16:06:19.441+0100] {processor.py:830} INFO - Processing file /home/ubuntu/.local/lib/python3.10/site-packages/airflow/example_dags/example_external_task_marker_dag.py for tasks to queue
[2024-01-30T16:06:19.447+0100] {logging_mixin.py:188} INFO - [2024-01-30T16:06:19.446+0100] {dagbag.py:538} INFO - Filling up the DagBag from /home/ubuntu/.local/lib/python3.10/site-packages/airflow/example_dags/example_external_task_marker_dag.py
[2024-01-30T16:06:19.501+0100] {processor.py:840} INFO - DAG(s) 'example_external_task_marker_parent', 'example_external_task_marker_child' retrieved from /home/ubuntu/.local/lib/python3.10/site-packages/airflow/example_dags/example_external_task_marker_dag.py
[2024-01-30T16:06:19.580+0100] {logging_mixin.py:188} INFO - [2024-01-30T16:06:19.580+0100] {dag.py:3033} INFO - Sync 2 DAGs
[2024-01-30T16:06:19.774+0100] {logging_mixin.py:188} INFO - [2024-01-30T16:06:19.774+0100] {dag.py:3820} INFO - Setting next_dagrun for example_external_task_marker_child to None, run_after=None
[2024-01-30T16:06:19.868+0100] {logging_mixin.py:188} INFO - [2024-01-30T16:06:19.868+0100] {dag.py:3820} INFO - Setting next_dagrun for example_external_task_marker_parent to None, run_after=None
[2024-01-30T16:06:20.025+0100] {processor.py:183} INFO - Processing /home/ubuntu/.local/lib/python3.10/site-packages/airflow/example_dags/example_external_task_marker_dag.py took 0.666 seconds
