[2024-01-30T15:30:23.004+0100] {processor.py:161} INFO - Started process (PID=6622) to work on /home/ubuntu/.local/lib/python3.10/site-packages/airflow/example_dags/example_python_decorator.py
[2024-01-30T15:30:23.006+0100] {processor.py:830} INFO - Processing file /home/ubuntu/.local/lib/python3.10/site-packages/airflow/example_dags/example_python_decorator.py for tasks to queue
[2024-01-30T15:30:23.007+0100] {logging_mixin.py:188} INFO - [2024-01-30T15:30:23.007+0100] {dagbag.py:538} INFO - Filling up the DagBag from /home/ubuntu/.local/lib/python3.10/site-packages/airflow/example_dags/example_python_decorator.py
[2024-01-30T15:30:23.019+0100] {processor.py:840} INFO - DAG(s) 'example_python_decorator' retrieved from /home/ubuntu/.local/lib/python3.10/site-packages/airflow/example_dags/example_python_decorator.py
[2024-01-30T15:30:23.184+0100] {logging_mixin.py:188} INFO - [2024-01-30T15:30:23.184+0100] {dag.py:3033} INFO - Sync 1 DAGs
[2024-01-30T15:30:23.202+0100] {logging_mixin.py:188} INFO - [2024-01-30T15:30:23.202+0100] {dag.py:3820} INFO - Setting next_dagrun for example_python_decorator to None, run_after=None
[2024-01-30T15:30:23.240+0100] {processor.py:183} INFO - Processing /home/ubuntu/.local/lib/python3.10/site-packages/airflow/example_dags/example_python_decorator.py took 0.239 seconds
[2024-01-30T15:31:22.080+0100] {processor.py:161} INFO - Started process (PID=6681) to work on /home/ubuntu/.local/lib/python3.10/site-packages/airflow/example_dags/example_python_decorator.py
[2024-01-30T15:31:22.089+0100] {processor.py:830} INFO - Processing file /home/ubuntu/.local/lib/python3.10/site-packages/airflow/example_dags/example_python_decorator.py for tasks to queue
[2024-01-30T15:31:22.090+0100] {logging_mixin.py:188} INFO - [2024-01-30T15:31:22.090+0100] {dagbag.py:538} INFO - Filling up the DagBag from /home/ubuntu/.local/lib/python3.10/site-packages/airflow/example_dags/example_python_decorator.py
[2024-01-30T15:31:22.109+0100] {processor.py:840} INFO - DAG(s) 'example_python_decorator' retrieved from /home/ubuntu/.local/lib/python3.10/site-packages/airflow/example_dags/example_python_decorator.py
[2024-01-30T15:31:22.143+0100] {logging_mixin.py:188} INFO - [2024-01-30T15:31:22.143+0100] {dag.py:3033} INFO - Sync 1 DAGs
[2024-01-30T15:31:22.167+0100] {logging_mixin.py:188} INFO - [2024-01-30T15:31:22.166+0100] {dag.py:3820} INFO - Setting next_dagrun for example_python_decorator to None, run_after=None
[2024-01-30T15:31:22.215+0100] {processor.py:183} INFO - Processing /home/ubuntu/.local/lib/python3.10/site-packages/airflow/example_dags/example_python_decorator.py took 0.138 seconds
[2024-01-30T15:32:15.559+0100] {processor.py:161} INFO - Started process (PID=6736) to work on /home/ubuntu/.local/lib/python3.10/site-packages/airflow/example_dags/example_python_decorator.py
[2024-01-30T15:32:15.561+0100] {processor.py:830} INFO - Processing file /home/ubuntu/.local/lib/python3.10/site-packages/airflow/example_dags/example_python_decorator.py for tasks to queue
[2024-01-30T15:32:15.562+0100] {logging_mixin.py:188} INFO - [2024-01-30T15:32:15.561+0100] {dagbag.py:538} INFO - Filling up the DagBag from /home/ubuntu/.local/lib/python3.10/site-packages/airflow/example_dags/example_python_decorator.py
[2024-01-30T15:32:15.572+0100] {processor.py:840} INFO - DAG(s) 'example_python_decorator' retrieved from /home/ubuntu/.local/lib/python3.10/site-packages/airflow/example_dags/example_python_decorator.py
[2024-01-30T15:32:15.595+0100] {logging_mixin.py:188} INFO - [2024-01-30T15:32:15.595+0100] {dag.py:3033} INFO - Sync 1 DAGs
[2024-01-30T15:32:15.612+0100] {logging_mixin.py:188} INFO - [2024-01-30T15:32:15.611+0100] {dag.py:3820} INFO - Setting next_dagrun for example_python_decorator to None, run_after=None
[2024-01-30T15:32:15.647+0100] {processor.py:183} INFO - Processing /home/ubuntu/.local/lib/python3.10/site-packages/airflow/example_dags/example_python_decorator.py took 0.092 seconds
[2024-01-30T15:33:46.843+0100] {processor.py:161} INFO - Started process (PID=6826) to work on /home/ubuntu/.local/lib/python3.10/site-packages/airflow/example_dags/example_python_decorator.py
[2024-01-30T15:33:46.845+0100] {processor.py:830} INFO - Processing file /home/ubuntu/.local/lib/python3.10/site-packages/airflow/example_dags/example_python_decorator.py for tasks to queue
[2024-01-30T15:33:46.847+0100] {logging_mixin.py:188} INFO - [2024-01-30T15:33:46.846+0100] {dagbag.py:538} INFO - Filling up the DagBag from /home/ubuntu/.local/lib/python3.10/site-packages/airflow/example_dags/example_python_decorator.py
[2024-01-30T15:33:46.860+0100] {processor.py:840} INFO - DAG(s) 'example_python_decorator' retrieved from /home/ubuntu/.local/lib/python3.10/site-packages/airflow/example_dags/example_python_decorator.py
[2024-01-30T15:33:46.882+0100] {logging_mixin.py:188} INFO - [2024-01-30T15:33:46.881+0100] {dag.py:3033} INFO - Sync 1 DAGs
[2024-01-30T15:33:46.895+0100] {logging_mixin.py:188} INFO - [2024-01-30T15:33:46.894+0100] {dag.py:3820} INFO - Setting next_dagrun for example_python_decorator to None, run_after=None
[2024-01-30T15:33:46.938+0100] {processor.py:183} INFO - Processing /home/ubuntu/.local/lib/python3.10/site-packages/airflow/example_dags/example_python_decorator.py took 0.098 seconds
[2024-01-30T15:34:44.050+0100] {processor.py:161} INFO - Started process (PID=6885) to work on /home/ubuntu/.local/lib/python3.10/site-packages/airflow/example_dags/example_python_decorator.py
[2024-01-30T15:34:44.052+0100] {processor.py:830} INFO - Processing file /home/ubuntu/.local/lib/python3.10/site-packages/airflow/example_dags/example_python_decorator.py for tasks to queue
[2024-01-30T15:34:44.053+0100] {logging_mixin.py:188} INFO - [2024-01-30T15:34:44.053+0100] {dagbag.py:538} INFO - Filling up the DagBag from /home/ubuntu/.local/lib/python3.10/site-packages/airflow/example_dags/example_python_decorator.py
[2024-01-30T15:34:44.069+0100] {processor.py:840} INFO - DAG(s) 'example_python_decorator' retrieved from /home/ubuntu/.local/lib/python3.10/site-packages/airflow/example_dags/example_python_decorator.py
[2024-01-30T15:34:44.089+0100] {logging_mixin.py:188} INFO - [2024-01-30T15:34:44.089+0100] {dag.py:3033} INFO - Sync 1 DAGs
[2024-01-30T15:34:44.103+0100] {logging_mixin.py:188} INFO - [2024-01-30T15:34:44.102+0100] {dag.py:3820} INFO - Setting next_dagrun for example_python_decorator to None, run_after=None
[2024-01-30T15:34:44.133+0100] {processor.py:183} INFO - Processing /home/ubuntu/.local/lib/python3.10/site-packages/airflow/example_dags/example_python_decorator.py took 0.088 seconds
[2024-01-30T15:35:35.117+0100] {processor.py:161} INFO - Started process (PID=6940) to work on /home/ubuntu/.local/lib/python3.10/site-packages/airflow/example_dags/example_python_decorator.py
[2024-01-30T15:35:35.119+0100] {processor.py:830} INFO - Processing file /home/ubuntu/.local/lib/python3.10/site-packages/airflow/example_dags/example_python_decorator.py for tasks to queue
[2024-01-30T15:35:35.121+0100] {logging_mixin.py:188} INFO - [2024-01-30T15:35:35.120+0100] {dagbag.py:538} INFO - Filling up the DagBag from /home/ubuntu/.local/lib/python3.10/site-packages/airflow/example_dags/example_python_decorator.py
[2024-01-30T15:35:35.131+0100] {processor.py:840} INFO - DAG(s) 'example_python_decorator' retrieved from /home/ubuntu/.local/lib/python3.10/site-packages/airflow/example_dags/example_python_decorator.py
[2024-01-30T15:35:35.150+0100] {logging_mixin.py:188} INFO - [2024-01-30T15:35:35.150+0100] {dag.py:3033} INFO - Sync 1 DAGs
[2024-01-30T15:35:35.162+0100] {logging_mixin.py:188} INFO - [2024-01-30T15:35:35.162+0100] {dag.py:3820} INFO - Setting next_dagrun for example_python_decorator to None, run_after=None
[2024-01-30T15:35:35.204+0100] {processor.py:183} INFO - Processing /home/ubuntu/.local/lib/python3.10/site-packages/airflow/example_dags/example_python_decorator.py took 0.090 seconds
[2024-01-30T15:36:26.676+0100] {processor.py:161} INFO - Started process (PID=6994) to work on /home/ubuntu/.local/lib/python3.10/site-packages/airflow/example_dags/example_python_decorator.py
[2024-01-30T15:36:26.680+0100] {processor.py:830} INFO - Processing file /home/ubuntu/.local/lib/python3.10/site-packages/airflow/example_dags/example_python_decorator.py for tasks to queue
[2024-01-30T15:36:26.682+0100] {logging_mixin.py:188} INFO - [2024-01-30T15:36:26.681+0100] {dagbag.py:538} INFO - Filling up the DagBag from /home/ubuntu/.local/lib/python3.10/site-packages/airflow/example_dags/example_python_decorator.py
[2024-01-30T15:36:26.728+0100] {processor.py:840} INFO - DAG(s) 'example_python_decorator' retrieved from /home/ubuntu/.local/lib/python3.10/site-packages/airflow/example_dags/example_python_decorator.py
[2024-01-30T15:36:26.794+0100] {logging_mixin.py:188} INFO - [2024-01-30T15:36:26.794+0100] {dag.py:3033} INFO - Sync 1 DAGs
[2024-01-30T15:36:26.813+0100] {logging_mixin.py:188} INFO - [2024-01-30T15:36:26.812+0100] {dag.py:3820} INFO - Setting next_dagrun for example_python_decorator to None, run_after=None
[2024-01-30T15:36:26.926+0100] {processor.py:183} INFO - Processing /home/ubuntu/.local/lib/python3.10/site-packages/airflow/example_dags/example_python_decorator.py took 0.255 seconds
[2024-01-30T15:37:20.859+0100] {processor.py:161} INFO - Started process (PID=7052) to work on /home/ubuntu/.local/lib/python3.10/site-packages/airflow/example_dags/example_python_decorator.py
[2024-01-30T15:37:20.861+0100] {processor.py:830} INFO - Processing file /home/ubuntu/.local/lib/python3.10/site-packages/airflow/example_dags/example_python_decorator.py for tasks to queue
[2024-01-30T15:37:20.863+0100] {logging_mixin.py:188} INFO - [2024-01-30T15:37:20.862+0100] {dagbag.py:538} INFO - Filling up the DagBag from /home/ubuntu/.local/lib/python3.10/site-packages/airflow/example_dags/example_python_decorator.py
[2024-01-30T15:37:20.874+0100] {processor.py:840} INFO - DAG(s) 'example_python_decorator' retrieved from /home/ubuntu/.local/lib/python3.10/site-packages/airflow/example_dags/example_python_decorator.py
[2024-01-30T15:37:20.898+0100] {logging_mixin.py:188} INFO - [2024-01-30T15:37:20.897+0100] {dag.py:3033} INFO - Sync 1 DAGs
[2024-01-30T15:37:20.911+0100] {logging_mixin.py:188} INFO - [2024-01-30T15:37:20.910+0100] {dag.py:3820} INFO - Setting next_dagrun for example_python_decorator to None, run_after=None
[2024-01-30T15:37:20.954+0100] {processor.py:183} INFO - Processing /home/ubuntu/.local/lib/python3.10/site-packages/airflow/example_dags/example_python_decorator.py took 0.099 seconds
[2024-01-30T15:38:13.564+0100] {processor.py:161} INFO - Started process (PID=7110) to work on /home/ubuntu/.local/lib/python3.10/site-packages/airflow/example_dags/example_python_decorator.py
[2024-01-30T15:38:13.566+0100] {processor.py:830} INFO - Processing file /home/ubuntu/.local/lib/python3.10/site-packages/airflow/example_dags/example_python_decorator.py for tasks to queue
[2024-01-30T15:38:13.569+0100] {logging_mixin.py:188} INFO - [2024-01-30T15:38:13.568+0100] {dagbag.py:538} INFO - Filling up the DagBag from /home/ubuntu/.local/lib/python3.10/site-packages/airflow/example_dags/example_python_decorator.py
[2024-01-30T15:38:13.586+0100] {processor.py:840} INFO - DAG(s) 'example_python_decorator' retrieved from /home/ubuntu/.local/lib/python3.10/site-packages/airflow/example_dags/example_python_decorator.py
[2024-01-30T15:38:13.612+0100] {logging_mixin.py:188} INFO - [2024-01-30T15:38:13.611+0100] {dag.py:3033} INFO - Sync 1 DAGs
[2024-01-30T15:38:13.625+0100] {logging_mixin.py:188} INFO - [2024-01-30T15:38:13.625+0100] {dag.py:3820} INFO - Setting next_dagrun for example_python_decorator to None, run_after=None
[2024-01-30T15:38:13.667+0100] {processor.py:183} INFO - Processing /home/ubuntu/.local/lib/python3.10/site-packages/airflow/example_dags/example_python_decorator.py took 0.109 seconds
[2024-01-30T15:39:09.531+0100] {processor.py:161} INFO - Started process (PID=7246) to work on /home/ubuntu/.local/lib/python3.10/site-packages/airflow/example_dags/example_python_decorator.py
[2024-01-30T15:39:09.535+0100] {processor.py:830} INFO - Processing file /home/ubuntu/.local/lib/python3.10/site-packages/airflow/example_dags/example_python_decorator.py for tasks to queue
[2024-01-30T15:39:09.542+0100] {logging_mixin.py:188} INFO - [2024-01-30T15:39:09.540+0100] {dagbag.py:538} INFO - Filling up the DagBag from /home/ubuntu/.local/lib/python3.10/site-packages/airflow/example_dags/example_python_decorator.py
[2024-01-30T15:39:09.642+0100] {processor.py:840} INFO - DAG(s) 'example_python_decorator' retrieved from /home/ubuntu/.local/lib/python3.10/site-packages/airflow/example_dags/example_python_decorator.py
[2024-01-30T15:39:09.763+0100] {logging_mixin.py:188} INFO - [2024-01-30T15:39:09.762+0100] {dag.py:3033} INFO - Sync 1 DAGs
[2024-01-30T15:39:09.825+0100] {logging_mixin.py:188} INFO - [2024-01-30T15:39:09.825+0100] {dag.py:3820} INFO - Setting next_dagrun for example_python_decorator to None, run_after=None
[2024-01-30T15:39:10.035+0100] {processor.py:183} INFO - Processing /home/ubuntu/.local/lib/python3.10/site-packages/airflow/example_dags/example_python_decorator.py took 0.515 seconds
[2024-01-30T15:40:04.676+0100] {processor.py:161} INFO - Started process (PID=7306) to work on /home/ubuntu/.local/lib/python3.10/site-packages/airflow/example_dags/example_python_decorator.py
[2024-01-30T15:40:04.678+0100] {processor.py:830} INFO - Processing file /home/ubuntu/.local/lib/python3.10/site-packages/airflow/example_dags/example_python_decorator.py for tasks to queue
[2024-01-30T15:40:04.680+0100] {logging_mixin.py:188} INFO - [2024-01-30T15:40:04.679+0100] {dagbag.py:538} INFO - Filling up the DagBag from /home/ubuntu/.local/lib/python3.10/site-packages/airflow/example_dags/example_python_decorator.py
[2024-01-30T15:40:04.691+0100] {processor.py:840} INFO - DAG(s) 'example_python_decorator' retrieved from /home/ubuntu/.local/lib/python3.10/site-packages/airflow/example_dags/example_python_decorator.py
[2024-01-30T15:40:04.715+0100] {logging_mixin.py:188} INFO - [2024-01-30T15:40:04.714+0100] {dag.py:3033} INFO - Sync 1 DAGs
[2024-01-30T15:40:04.729+0100] {logging_mixin.py:188} INFO - [2024-01-30T15:40:04.729+0100] {dag.py:3820} INFO - Setting next_dagrun for example_python_decorator to None, run_after=None
[2024-01-30T15:40:04.763+0100] {processor.py:183} INFO - Processing /home/ubuntu/.local/lib/python3.10/site-packages/airflow/example_dags/example_python_decorator.py took 0.091 seconds
[2024-01-30T15:41:00.861+0100] {processor.py:161} INFO - Started process (PID=7360) to work on /home/ubuntu/.local/lib/python3.10/site-packages/airflow/example_dags/example_python_decorator.py
[2024-01-30T15:41:00.864+0100] {processor.py:830} INFO - Processing file /home/ubuntu/.local/lib/python3.10/site-packages/airflow/example_dags/example_python_decorator.py for tasks to queue
[2024-01-30T15:41:00.866+0100] {logging_mixin.py:188} INFO - [2024-01-30T15:41:00.865+0100] {dagbag.py:538} INFO - Filling up the DagBag from /home/ubuntu/.local/lib/python3.10/site-packages/airflow/example_dags/example_python_decorator.py
[2024-01-30T15:41:00.898+0100] {processor.py:840} INFO - DAG(s) 'example_python_decorator' retrieved from /home/ubuntu/.local/lib/python3.10/site-packages/airflow/example_dags/example_python_decorator.py
[2024-01-30T15:41:00.926+0100] {logging_mixin.py:188} INFO - [2024-01-30T15:41:00.926+0100] {dag.py:3033} INFO - Sync 1 DAGs
[2024-01-30T15:41:00.948+0100] {logging_mixin.py:188} INFO - [2024-01-30T15:41:00.948+0100] {dag.py:3820} INFO - Setting next_dagrun for example_python_decorator to None, run_after=None
[2024-01-30T15:41:00.998+0100] {processor.py:183} INFO - Processing /home/ubuntu/.local/lib/python3.10/site-packages/airflow/example_dags/example_python_decorator.py took 0.143 seconds
[2024-01-30T15:42:02.612+0100] {processor.py:161} INFO - Started process (PID=7423) to work on /home/ubuntu/.local/lib/python3.10/site-packages/airflow/example_dags/example_python_decorator.py
[2024-01-30T15:42:02.616+0100] {processor.py:830} INFO - Processing file /home/ubuntu/.local/lib/python3.10/site-packages/airflow/example_dags/example_python_decorator.py for tasks to queue
[2024-01-30T15:42:02.618+0100] {logging_mixin.py:188} INFO - [2024-01-30T15:42:02.617+0100] {dagbag.py:538} INFO - Filling up the DagBag from /home/ubuntu/.local/lib/python3.10/site-packages/airflow/example_dags/example_python_decorator.py
[2024-01-30T15:42:02.684+0100] {processor.py:840} INFO - DAG(s) 'example_python_decorator' retrieved from /home/ubuntu/.local/lib/python3.10/site-packages/airflow/example_dags/example_python_decorator.py
[2024-01-30T15:42:02.772+0100] {logging_mixin.py:188} INFO - [2024-01-30T15:42:02.772+0100] {dag.py:3033} INFO - Sync 1 DAGs
[2024-01-30T15:42:02.801+0100] {logging_mixin.py:188} INFO - [2024-01-30T15:42:02.800+0100] {dag.py:3820} INFO - Setting next_dagrun for example_python_decorator to None, run_after=None
[2024-01-30T15:42:02.871+0100] {processor.py:183} INFO - Processing /home/ubuntu/.local/lib/python3.10/site-packages/airflow/example_dags/example_python_decorator.py took 0.270 seconds
[2024-01-30T15:43:06.640+0100] {processor.py:161} INFO - Started process (PID=7711) to work on /home/ubuntu/.local/lib/python3.10/site-packages/airflow/example_dags/example_python_decorator.py
[2024-01-30T15:43:06.642+0100] {processor.py:830} INFO - Processing file /home/ubuntu/.local/lib/python3.10/site-packages/airflow/example_dags/example_python_decorator.py for tasks to queue
[2024-01-30T15:43:06.643+0100] {logging_mixin.py:188} INFO - [2024-01-30T15:43:06.642+0100] {dagbag.py:538} INFO - Filling up the DagBag from /home/ubuntu/.local/lib/python3.10/site-packages/airflow/example_dags/example_python_decorator.py
[2024-01-30T15:43:06.659+0100] {processor.py:840} INFO - DAG(s) 'example_python_decorator' retrieved from /home/ubuntu/.local/lib/python3.10/site-packages/airflow/example_dags/example_python_decorator.py
[2024-01-30T15:43:06.681+0100] {logging_mixin.py:188} INFO - [2024-01-30T15:43:06.681+0100] {dag.py:3033} INFO - Sync 1 DAGs
[2024-01-30T15:43:06.695+0100] {logging_mixin.py:188} INFO - [2024-01-30T15:43:06.695+0100] {dag.py:3820} INFO - Setting next_dagrun for example_python_decorator to None, run_after=None
[2024-01-30T15:43:06.729+0100] {processor.py:183} INFO - Processing /home/ubuntu/.local/lib/python3.10/site-packages/airflow/example_dags/example_python_decorator.py took 0.094 seconds
[2024-01-30T15:44:06.352+0100] {processor.py:161} INFO - Started process (PID=8003) to work on /home/ubuntu/.local/lib/python3.10/site-packages/airflow/example_dags/example_python_decorator.py
[2024-01-30T15:44:06.359+0100] {processor.py:830} INFO - Processing file /home/ubuntu/.local/lib/python3.10/site-packages/airflow/example_dags/example_python_decorator.py for tasks to queue
[2024-01-30T15:44:06.390+0100] {logging_mixin.py:188} INFO - [2024-01-30T15:44:06.389+0100] {dagbag.py:538} INFO - Filling up the DagBag from /home/ubuntu/.local/lib/python3.10/site-packages/airflow/example_dags/example_python_decorator.py
[2024-01-30T15:44:06.441+0100] {processor.py:840} INFO - DAG(s) 'example_python_decorator' retrieved from /home/ubuntu/.local/lib/python3.10/site-packages/airflow/example_dags/example_python_decorator.py
[2024-01-30T15:44:06.600+0100] {logging_mixin.py:188} INFO - [2024-01-30T15:44:06.599+0100] {dag.py:3033} INFO - Sync 1 DAGs
[2024-01-30T15:44:06.754+0100] {logging_mixin.py:188} INFO - [2024-01-30T15:44:06.753+0100] {dag.py:3820} INFO - Setting next_dagrun for example_python_decorator to None, run_after=None
[2024-01-30T15:44:07.176+0100] {processor.py:183} INFO - Processing /home/ubuntu/.local/lib/python3.10/site-packages/airflow/example_dags/example_python_decorator.py took 0.937 seconds
[2024-01-30T15:45:10.236+0100] {processor.py:161} INFO - Started process (PID=8236) to work on /home/ubuntu/.local/lib/python3.10/site-packages/airflow/example_dags/example_python_decorator.py
[2024-01-30T15:45:10.240+0100] {processor.py:830} INFO - Processing file /home/ubuntu/.local/lib/python3.10/site-packages/airflow/example_dags/example_python_decorator.py for tasks to queue
[2024-01-30T15:45:10.242+0100] {logging_mixin.py:188} INFO - [2024-01-30T15:45:10.241+0100] {dagbag.py:538} INFO - Filling up the DagBag from /home/ubuntu/.local/lib/python3.10/site-packages/airflow/example_dags/example_python_decorator.py
[2024-01-30T15:45:10.257+0100] {processor.py:840} INFO - DAG(s) 'example_python_decorator' retrieved from /home/ubuntu/.local/lib/python3.10/site-packages/airflow/example_dags/example_python_decorator.py
[2024-01-30T15:45:10.285+0100] {logging_mixin.py:188} INFO - [2024-01-30T15:45:10.285+0100] {dag.py:3033} INFO - Sync 1 DAGs
[2024-01-30T15:45:10.304+0100] {logging_mixin.py:188} INFO - [2024-01-30T15:45:10.304+0100] {dag.py:3820} INFO - Setting next_dagrun for example_python_decorator to None, run_after=None
[2024-01-30T15:45:10.366+0100] {processor.py:183} INFO - Processing /home/ubuntu/.local/lib/python3.10/site-packages/airflow/example_dags/example_python_decorator.py took 0.133 seconds
[2024-01-30T15:45:54.259+0100] {processor.py:161} INFO - Started process (PID=8288) to work on /home/ubuntu/.local/lib/python3.10/site-packages/airflow/example_dags/example_python_decorator.py
[2024-01-30T15:45:54.261+0100] {processor.py:830} INFO - Processing file /home/ubuntu/.local/lib/python3.10/site-packages/airflow/example_dags/example_python_decorator.py for tasks to queue
[2024-01-30T15:45:54.262+0100] {logging_mixin.py:188} INFO - [2024-01-30T15:45:54.262+0100] {dagbag.py:538} INFO - Filling up the DagBag from /home/ubuntu/.local/lib/python3.10/site-packages/airflow/example_dags/example_python_decorator.py
[2024-01-30T15:45:54.273+0100] {processor.py:840} INFO - DAG(s) 'example_python_decorator' retrieved from /home/ubuntu/.local/lib/python3.10/site-packages/airflow/example_dags/example_python_decorator.py
[2024-01-30T15:45:54.295+0100] {logging_mixin.py:188} INFO - [2024-01-30T15:45:54.295+0100] {dag.py:3033} INFO - Sync 1 DAGs
[2024-01-30T15:45:54.310+0100] {logging_mixin.py:188} INFO - [2024-01-30T15:45:54.309+0100] {dag.py:3820} INFO - Setting next_dagrun for example_python_decorator to None, run_after=None
[2024-01-30T15:45:54.350+0100] {processor.py:183} INFO - Processing /home/ubuntu/.local/lib/python3.10/site-packages/airflow/example_dags/example_python_decorator.py took 0.095 seconds
[2024-01-30T15:46:58.309+0100] {processor.py:161} INFO - Started process (PID=8355) to work on /home/ubuntu/.local/lib/python3.10/site-packages/airflow/example_dags/example_python_decorator.py
[2024-01-30T15:46:58.313+0100] {processor.py:830} INFO - Processing file /home/ubuntu/.local/lib/python3.10/site-packages/airflow/example_dags/example_python_decorator.py for tasks to queue
[2024-01-30T15:46:58.315+0100] {logging_mixin.py:188} INFO - [2024-01-30T15:46:58.314+0100] {dagbag.py:538} INFO - Filling up the DagBag from /home/ubuntu/.local/lib/python3.10/site-packages/airflow/example_dags/example_python_decorator.py
[2024-01-30T15:46:58.332+0100] {processor.py:840} INFO - DAG(s) 'example_python_decorator' retrieved from /home/ubuntu/.local/lib/python3.10/site-packages/airflow/example_dags/example_python_decorator.py
[2024-01-30T15:46:58.364+0100] {logging_mixin.py:188} INFO - [2024-01-30T15:46:58.363+0100] {dag.py:3033} INFO - Sync 1 DAGs
[2024-01-30T15:46:58.383+0100] {logging_mixin.py:188} INFO - [2024-01-30T15:46:58.383+0100] {dag.py:3820} INFO - Setting next_dagrun for example_python_decorator to None, run_after=None
[2024-01-30T15:46:58.442+0100] {processor.py:183} INFO - Processing /home/ubuntu/.local/lib/python3.10/site-packages/airflow/example_dags/example_python_decorator.py took 0.138 seconds
[2024-01-30T15:48:21.136+0100] {processor.py:161} INFO - Started process (PID=8587) to work on /home/ubuntu/.local/lib/python3.10/site-packages/airflow/example_dags/example_python_decorator.py
[2024-01-30T15:48:21.153+0100] {processor.py:830} INFO - Processing file /home/ubuntu/.local/lib/python3.10/site-packages/airflow/example_dags/example_python_decorator.py for tasks to queue
[2024-01-30T15:48:21.160+0100] {logging_mixin.py:188} INFO - [2024-01-30T15:48:21.153+0100] {dagbag.py:538} INFO - Filling up the DagBag from /home/ubuntu/.local/lib/python3.10/site-packages/airflow/example_dags/example_python_decorator.py
[2024-01-30T15:48:21.214+0100] {processor.py:840} INFO - DAG(s) 'example_python_decorator' retrieved from /home/ubuntu/.local/lib/python3.10/site-packages/airflow/example_dags/example_python_decorator.py
[2024-01-30T15:48:21.298+0100] {logging_mixin.py:188} INFO - [2024-01-30T15:48:21.298+0100] {dag.py:3033} INFO - Sync 1 DAGs
[2024-01-30T15:48:21.373+0100] {logging_mixin.py:188} INFO - [2024-01-30T15:48:21.373+0100] {dag.py:3820} INFO - Setting next_dagrun for example_python_decorator to None, run_after=None
[2024-01-30T15:48:21.581+0100] {processor.py:183} INFO - Processing /home/ubuntu/.local/lib/python3.10/site-packages/airflow/example_dags/example_python_decorator.py took 0.485 seconds
[2024-01-30T15:53:05.991+0100] {processor.py:161} INFO - Started process (PID=9587) to work on /home/ubuntu/.local/lib/python3.10/site-packages/airflow/example_dags/example_python_decorator.py
[2024-01-30T15:53:05.998+0100] {processor.py:830} INFO - Processing file /home/ubuntu/.local/lib/python3.10/site-packages/airflow/example_dags/example_python_decorator.py for tasks to queue
[2024-01-30T15:53:06.004+0100] {logging_mixin.py:188} INFO - [2024-01-30T15:53:06.003+0100] {dagbag.py:538} INFO - Filling up the DagBag from /home/ubuntu/.local/lib/python3.10/site-packages/airflow/example_dags/example_python_decorator.py
[2024-01-30T15:53:06.020+0100] {processor.py:840} INFO - DAG(s) 'example_python_decorator' retrieved from /home/ubuntu/.local/lib/python3.10/site-packages/airflow/example_dags/example_python_decorator.py
[2024-01-30T15:53:06.045+0100] {logging_mixin.py:188} INFO - [2024-01-30T15:53:06.045+0100] {dag.py:3033} INFO - Sync 1 DAGs
[2024-01-30T15:53:06.060+0100] {logging_mixin.py:188} INFO - [2024-01-30T15:53:06.059+0100] {dag.py:3820} INFO - Setting next_dagrun for example_python_decorator to None, run_after=None
[2024-01-30T15:53:06.127+0100] {processor.py:183} INFO - Processing /home/ubuntu/.local/lib/python3.10/site-packages/airflow/example_dags/example_python_decorator.py took 0.141 seconds
[2024-01-30T15:55:04.251+0100] {processor.py:161} INFO - Started process (PID=9835) to work on /home/ubuntu/.local/lib/python3.10/site-packages/airflow/example_dags/example_python_decorator.py
[2024-01-30T15:55:04.272+0100] {processor.py:830} INFO - Processing file /home/ubuntu/.local/lib/python3.10/site-packages/airflow/example_dags/example_python_decorator.py for tasks to queue
[2024-01-30T15:55:04.274+0100] {logging_mixin.py:188} INFO - [2024-01-30T15:55:04.273+0100] {dagbag.py:538} INFO - Filling up the DagBag from /home/ubuntu/.local/lib/python3.10/site-packages/airflow/example_dags/example_python_decorator.py
[2024-01-30T15:55:04.336+0100] {processor.py:840} INFO - DAG(s) 'example_python_decorator' retrieved from /home/ubuntu/.local/lib/python3.10/site-packages/airflow/example_dags/example_python_decorator.py
[2024-01-30T15:55:04.461+0100] {logging_mixin.py:188} INFO - [2024-01-30T15:55:04.461+0100] {dag.py:3033} INFO - Sync 1 DAGs
[2024-01-30T15:55:04.542+0100] {logging_mixin.py:188} INFO - [2024-01-30T15:55:04.542+0100] {dag.py:3820} INFO - Setting next_dagrun for example_python_decorator to None, run_after=None
[2024-01-30T15:55:04.813+0100] {processor.py:183} INFO - Processing /home/ubuntu/.local/lib/python3.10/site-packages/airflow/example_dags/example_python_decorator.py took 0.582 seconds
[2024-01-30T15:57:08.912+0100] {processor.py:161} INFO - Started process (PID=9961) to work on /home/ubuntu/.local/lib/python3.10/site-packages/airflow/example_dags/example_python_decorator.py
[2024-01-30T15:57:08.919+0100] {processor.py:830} INFO - Processing file /home/ubuntu/.local/lib/python3.10/site-packages/airflow/example_dags/example_python_decorator.py for tasks to queue
[2024-01-30T15:57:08.920+0100] {logging_mixin.py:188} INFO - [2024-01-30T15:57:08.920+0100] {dagbag.py:538} INFO - Filling up the DagBag from /home/ubuntu/.local/lib/python3.10/site-packages/airflow/example_dags/example_python_decorator.py
[2024-01-30T15:57:08.962+0100] {processor.py:840} INFO - DAG(s) 'example_python_decorator' retrieved from /home/ubuntu/.local/lib/python3.10/site-packages/airflow/example_dags/example_python_decorator.py
[2024-01-30T15:57:09.057+0100] {logging_mixin.py:188} INFO - [2024-01-30T15:57:09.057+0100] {dag.py:3033} INFO - Sync 1 DAGs
[2024-01-30T15:57:09.193+0100] {logging_mixin.py:188} INFO - [2024-01-30T15:57:09.192+0100] {dag.py:3820} INFO - Setting next_dagrun for example_python_decorator to None, run_after=None
[2024-01-30T15:57:09.426+0100] {processor.py:183} INFO - Processing /home/ubuntu/.local/lib/python3.10/site-packages/airflow/example_dags/example_python_decorator.py took 0.521 seconds
[2024-01-30T15:58:49.859+0100] {processor.py:161} INFO - Started process (PID=10059) to work on /home/ubuntu/.local/lib/python3.10/site-packages/airflow/example_dags/example_python_decorator.py
[2024-01-30T15:58:49.909+0100] {processor.py:830} INFO - Processing file /home/ubuntu/.local/lib/python3.10/site-packages/airflow/example_dags/example_python_decorator.py for tasks to queue
[2024-01-30T15:58:49.912+0100] {logging_mixin.py:188} INFO - [2024-01-30T15:58:49.911+0100] {dagbag.py:538} INFO - Filling up the DagBag from /home/ubuntu/.local/lib/python3.10/site-packages/airflow/example_dags/example_python_decorator.py
[2024-01-30T15:58:49.939+0100] {processor.py:840} INFO - DAG(s) 'example_python_decorator' retrieved from /home/ubuntu/.local/lib/python3.10/site-packages/airflow/example_dags/example_python_decorator.py
[2024-01-30T15:58:50.013+0100] {logging_mixin.py:188} INFO - [2024-01-30T15:58:50.012+0100] {dag.py:3033} INFO - Sync 1 DAGs
[2024-01-30T15:58:50.113+0100] {logging_mixin.py:188} INFO - [2024-01-30T15:58:50.113+0100] {dag.py:3820} INFO - Setting next_dagrun for example_python_decorator to None, run_after=None
[2024-01-30T15:58:50.225+0100] {processor.py:183} INFO - Processing /home/ubuntu/.local/lib/python3.10/site-packages/airflow/example_dags/example_python_decorator.py took 0.386 seconds
[2024-01-30T16:00:23.708+0100] {processor.py:161} INFO - Started process (PID=10153) to work on /home/ubuntu/.local/lib/python3.10/site-packages/airflow/example_dags/example_python_decorator.py
[2024-01-30T16:00:23.722+0100] {processor.py:830} INFO - Processing file /home/ubuntu/.local/lib/python3.10/site-packages/airflow/example_dags/example_python_decorator.py for tasks to queue
[2024-01-30T16:00:23.724+0100] {logging_mixin.py:188} INFO - [2024-01-30T16:00:23.723+0100] {dagbag.py:538} INFO - Filling up the DagBag from /home/ubuntu/.local/lib/python3.10/site-packages/airflow/example_dags/example_python_decorator.py
[2024-01-30T16:00:23.737+0100] {processor.py:840} INFO - DAG(s) 'example_python_decorator' retrieved from /home/ubuntu/.local/lib/python3.10/site-packages/airflow/example_dags/example_python_decorator.py
[2024-01-30T16:00:23.779+0100] {logging_mixin.py:188} INFO - [2024-01-30T16:00:23.778+0100] {dag.py:3033} INFO - Sync 1 DAGs
[2024-01-30T16:00:23.850+0100] {logging_mixin.py:188} INFO - [2024-01-30T16:00:23.850+0100] {dag.py:3820} INFO - Setting next_dagrun for example_python_decorator to None, run_after=None
[2024-01-30T16:00:23.995+0100] {processor.py:183} INFO - Processing /home/ubuntu/.local/lib/python3.10/site-packages/airflow/example_dags/example_python_decorator.py took 0.290 seconds
[2024-01-30T16:01:20.964+0100] {processor.py:161} INFO - Started process (PID=10211) to work on /home/ubuntu/.local/lib/python3.10/site-packages/airflow/example_dags/example_python_decorator.py
[2024-01-30T16:01:20.975+0100] {processor.py:830} INFO - Processing file /home/ubuntu/.local/lib/python3.10/site-packages/airflow/example_dags/example_python_decorator.py for tasks to queue
[2024-01-30T16:01:20.977+0100] {logging_mixin.py:188} INFO - [2024-01-30T16:01:20.977+0100] {dagbag.py:538} INFO - Filling up the DagBag from /home/ubuntu/.local/lib/python3.10/site-packages/airflow/example_dags/example_python_decorator.py
[2024-01-30T16:01:20.992+0100] {processor.py:840} INFO - DAG(s) 'example_python_decorator' retrieved from /home/ubuntu/.local/lib/python3.10/site-packages/airflow/example_dags/example_python_decorator.py
[2024-01-30T16:01:21.020+0100] {logging_mixin.py:188} INFO - [2024-01-30T16:01:21.020+0100] {dag.py:3033} INFO - Sync 1 DAGs
[2024-01-30T16:01:21.035+0100] {logging_mixin.py:188} INFO - [2024-01-30T16:01:21.035+0100] {dag.py:3820} INFO - Setting next_dagrun for example_python_decorator to None, run_after=None
[2024-01-30T16:01:21.071+0100] {processor.py:183} INFO - Processing /home/ubuntu/.local/lib/python3.10/site-packages/airflow/example_dags/example_python_decorator.py took 0.112 seconds
[2024-01-30T16:02:28.528+0100] {processor.py:161} INFO - Started process (PID=10285) to work on /home/ubuntu/.local/lib/python3.10/site-packages/airflow/example_dags/example_python_decorator.py
[2024-01-30T16:02:28.583+0100] {processor.py:830} INFO - Processing file /home/ubuntu/.local/lib/python3.10/site-packages/airflow/example_dags/example_python_decorator.py for tasks to queue
[2024-01-30T16:02:28.595+0100] {logging_mixin.py:188} INFO - [2024-01-30T16:02:28.589+0100] {dagbag.py:538} INFO - Filling up the DagBag from /home/ubuntu/.local/lib/python3.10/site-packages/airflow/example_dags/example_python_decorator.py
[2024-01-30T16:02:28.674+0100] {processor.py:840} INFO - DAG(s) 'example_python_decorator' retrieved from /home/ubuntu/.local/lib/python3.10/site-packages/airflow/example_dags/example_python_decorator.py
[2024-01-30T16:02:28.823+0100] {logging_mixin.py:188} INFO - [2024-01-30T16:02:28.823+0100] {dag.py:3033} INFO - Sync 1 DAGs
[2024-01-30T16:02:28.905+0100] {logging_mixin.py:188} INFO - [2024-01-30T16:02:28.904+0100] {dag.py:3820} INFO - Setting next_dagrun for example_python_decorator to None, run_after=None
[2024-01-30T16:02:29.001+0100] {processor.py:183} INFO - Processing /home/ubuntu/.local/lib/python3.10/site-packages/airflow/example_dags/example_python_decorator.py took 0.495 seconds
[2024-01-30T16:04:14.357+0100] {processor.py:161} INFO - Started process (PID=10401) to work on /home/ubuntu/.local/lib/python3.10/site-packages/airflow/example_dags/example_python_decorator.py
[2024-01-30T16:04:14.361+0100] {processor.py:830} INFO - Processing file /home/ubuntu/.local/lib/python3.10/site-packages/airflow/example_dags/example_python_decorator.py for tasks to queue
[2024-01-30T16:04:14.364+0100] {logging_mixin.py:188} INFO - [2024-01-30T16:04:14.363+0100] {dagbag.py:538} INFO - Filling up the DagBag from /home/ubuntu/.local/lib/python3.10/site-packages/airflow/example_dags/example_python_decorator.py
[2024-01-30T16:04:14.413+0100] {processor.py:840} INFO - DAG(s) 'example_python_decorator' retrieved from /home/ubuntu/.local/lib/python3.10/site-packages/airflow/example_dags/example_python_decorator.py
[2024-01-30T16:04:14.497+0100] {logging_mixin.py:188} INFO - [2024-01-30T16:04:14.496+0100] {dag.py:3033} INFO - Sync 1 DAGs
[2024-01-30T16:04:14.543+0100] {logging_mixin.py:188} INFO - [2024-01-30T16:04:14.543+0100] {dag.py:3820} INFO - Setting next_dagrun for example_python_decorator to None, run_after=None
[2024-01-30T16:04:14.714+0100] {processor.py:183} INFO - Processing /home/ubuntu/.local/lib/python3.10/site-packages/airflow/example_dags/example_python_decorator.py took 0.366 seconds
[2024-01-30T16:05:51.384+0100] {processor.py:161} INFO - Started process (PID=10483) to work on /home/ubuntu/.local/lib/python3.10/site-packages/airflow/example_dags/example_python_decorator.py
[2024-01-30T16:05:51.394+0100] {processor.py:830} INFO - Processing file /home/ubuntu/.local/lib/python3.10/site-packages/airflow/example_dags/example_python_decorator.py for tasks to queue
[2024-01-30T16:05:51.397+0100] {logging_mixin.py:188} INFO - [2024-01-30T16:05:51.396+0100] {dagbag.py:538} INFO - Filling up the DagBag from /home/ubuntu/.local/lib/python3.10/site-packages/airflow/example_dags/example_python_decorator.py
[2024-01-30T16:05:51.471+0100] {processor.py:840} INFO - DAG(s) 'example_python_decorator' retrieved from /home/ubuntu/.local/lib/python3.10/site-packages/airflow/example_dags/example_python_decorator.py
[2024-01-30T16:05:51.592+0100] {logging_mixin.py:188} INFO - [2024-01-30T16:05:51.592+0100] {dag.py:3033} INFO - Sync 1 DAGs
[2024-01-30T16:05:51.695+0100] {logging_mixin.py:188} INFO - [2024-01-30T16:05:51.695+0100] {dag.py:3820} INFO - Setting next_dagrun for example_python_decorator to None, run_after=None
[2024-01-30T16:05:51.946+0100] {processor.py:183} INFO - Processing /home/ubuntu/.local/lib/python3.10/site-packages/airflow/example_dags/example_python_decorator.py took 0.568 seconds
