[2024-01-30T15:29:42.012+0100] {processor.py:161} INFO - Started process (PID=6573) to work on /home/ubuntu/.local/lib/python3.10/site-packages/airflow/example_dags/example_task_group.py
[2024-01-30T15:29:42.013+0100] {processor.py:830} INFO - Processing file /home/ubuntu/.local/lib/python3.10/site-packages/airflow/example_dags/example_task_group.py for tasks to queue
[2024-01-30T15:29:42.017+0100] {logging_mixin.py:188} INFO - [2024-01-30T15:29:42.015+0100] {dagbag.py:538} INFO - Filling up the DagBag from /home/ubuntu/.local/lib/python3.10/site-packages/airflow/example_dags/example_task_group.py
[2024-01-30T15:29:42.037+0100] {processor.py:840} INFO - DAG(s) 'example_task_group' retrieved from /home/ubuntu/.local/lib/python3.10/site-packages/airflow/example_dags/example_task_group.py
[2024-01-30T15:29:42.074+0100] {logging_mixin.py:188} INFO - [2024-01-30T15:29:42.073+0100] {dag.py:3033} INFO - Sync 1 DAGs
[2024-01-30T15:29:42.192+0100] {logging_mixin.py:188} INFO - [2024-01-30T15:29:42.192+0100] {dag.py:3820} INFO - Setting next_dagrun for example_task_group to 2024-01-29T00:00:00+00:00, run_after=2024-01-30T00:00:00+00:00
[2024-01-30T15:29:42.487+0100] {processor.py:183} INFO - Processing /home/ubuntu/.local/lib/python3.10/site-packages/airflow/example_dags/example_task_group.py took 0.479 seconds
[2024-01-30T15:30:50.456+0100] {processor.py:161} INFO - Started process (PID=6643) to work on /home/ubuntu/.local/lib/python3.10/site-packages/airflow/example_dags/example_task_group.py
[2024-01-30T15:30:50.458+0100] {processor.py:830} INFO - Processing file /home/ubuntu/.local/lib/python3.10/site-packages/airflow/example_dags/example_task_group.py for tasks to queue
[2024-01-30T15:30:50.459+0100] {logging_mixin.py:188} INFO - [2024-01-30T15:30:50.459+0100] {dagbag.py:538} INFO - Filling up the DagBag from /home/ubuntu/.local/lib/python3.10/site-packages/airflow/example_dags/example_task_group.py
[2024-01-30T15:30:50.469+0100] {processor.py:840} INFO - DAG(s) 'example_task_group' retrieved from /home/ubuntu/.local/lib/python3.10/site-packages/airflow/example_dags/example_task_group.py
[2024-01-30T15:30:50.622+0100] {logging_mixin.py:188} INFO - [2024-01-30T15:30:50.621+0100] {dag.py:3033} INFO - Sync 1 DAGs
[2024-01-30T15:30:50.670+0100] {logging_mixin.py:188} INFO - [2024-01-30T15:30:50.670+0100] {dag.py:3820} INFO - Setting next_dagrun for example_task_group to 2024-01-29T00:00:00+00:00, run_after=2024-01-30T00:00:00+00:00
[2024-01-30T15:30:50.727+0100] {processor.py:183} INFO - Processing /home/ubuntu/.local/lib/python3.10/site-packages/airflow/example_dags/example_task_group.py took 0.274 seconds
[2024-01-30T15:31:43.096+0100] {processor.py:161} INFO - Started process (PID=6701) to work on /home/ubuntu/.local/lib/python3.10/site-packages/airflow/example_dags/example_task_group.py
[2024-01-30T15:31:43.098+0100] {processor.py:830} INFO - Processing file /home/ubuntu/.local/lib/python3.10/site-packages/airflow/example_dags/example_task_group.py for tasks to queue
[2024-01-30T15:31:43.099+0100] {logging_mixin.py:188} INFO - [2024-01-30T15:31:43.099+0100] {dagbag.py:538} INFO - Filling up the DagBag from /home/ubuntu/.local/lib/python3.10/site-packages/airflow/example_dags/example_task_group.py
[2024-01-30T15:31:43.111+0100] {processor.py:840} INFO - DAG(s) 'example_task_group' retrieved from /home/ubuntu/.local/lib/python3.10/site-packages/airflow/example_dags/example_task_group.py
[2024-01-30T15:31:43.130+0100] {logging_mixin.py:188} INFO - [2024-01-30T15:31:43.129+0100] {dag.py:3033} INFO - Sync 1 DAGs
[2024-01-30T15:31:43.154+0100] {logging_mixin.py:188} INFO - [2024-01-30T15:31:43.153+0100] {dag.py:3820} INFO - Setting next_dagrun for example_task_group to 2024-01-29T00:00:00+00:00, run_after=2024-01-30T00:00:00+00:00
[2024-01-30T15:31:43.189+0100] {processor.py:183} INFO - Processing /home/ubuntu/.local/lib/python3.10/site-packages/airflow/example_dags/example_task_group.py took 0.097 seconds
[2024-01-30T15:32:47.011+0100] {processor.py:161} INFO - Started process (PID=6768) to work on /home/ubuntu/.local/lib/python3.10/site-packages/airflow/example_dags/example_task_group.py
[2024-01-30T15:32:47.014+0100] {processor.py:830} INFO - Processing file /home/ubuntu/.local/lib/python3.10/site-packages/airflow/example_dags/example_task_group.py for tasks to queue
[2024-01-30T15:32:47.016+0100] {logging_mixin.py:188} INFO - [2024-01-30T15:32:47.015+0100] {dagbag.py:538} INFO - Filling up the DagBag from /home/ubuntu/.local/lib/python3.10/site-packages/airflow/example_dags/example_task_group.py
[2024-01-30T15:32:47.029+0100] {processor.py:840} INFO - DAG(s) 'example_task_group' retrieved from /home/ubuntu/.local/lib/python3.10/site-packages/airflow/example_dags/example_task_group.py
[2024-01-30T15:32:47.052+0100] {logging_mixin.py:188} INFO - [2024-01-30T15:32:47.052+0100] {dag.py:3033} INFO - Sync 1 DAGs
[2024-01-30T15:32:47.073+0100] {logging_mixin.py:188} INFO - [2024-01-30T15:32:47.072+0100] {dag.py:3820} INFO - Setting next_dagrun for example_task_group to 2024-01-29T00:00:00+00:00, run_after=2024-01-30T00:00:00+00:00
[2024-01-30T15:32:47.104+0100] {processor.py:183} INFO - Processing /home/ubuntu/.local/lib/python3.10/site-packages/airflow/example_dags/example_task_group.py took 0.098 seconds
[2024-01-30T15:33:32.818+0100] {processor.py:161} INFO - Started process (PID=6813) to work on /home/ubuntu/.local/lib/python3.10/site-packages/airflow/example_dags/example_task_group.py
[2024-01-30T15:33:32.820+0100] {processor.py:830} INFO - Processing file /home/ubuntu/.local/lib/python3.10/site-packages/airflow/example_dags/example_task_group.py for tasks to queue
[2024-01-30T15:33:32.822+0100] {logging_mixin.py:188} INFO - [2024-01-30T15:33:32.821+0100] {dagbag.py:538} INFO - Filling up the DagBag from /home/ubuntu/.local/lib/python3.10/site-packages/airflow/example_dags/example_task_group.py
[2024-01-30T15:33:32.835+0100] {processor.py:840} INFO - DAG(s) 'example_task_group' retrieved from /home/ubuntu/.local/lib/python3.10/site-packages/airflow/example_dags/example_task_group.py
[2024-01-30T15:33:32.856+0100] {logging_mixin.py:188} INFO - [2024-01-30T15:33:32.856+0100] {dag.py:3033} INFO - Sync 1 DAGs
[2024-01-30T15:33:32.879+0100] {logging_mixin.py:188} INFO - [2024-01-30T15:33:32.879+0100] {dag.py:3820} INFO - Setting next_dagrun for example_task_group to 2024-01-29T00:00:00+00:00, run_after=2024-01-30T00:00:00+00:00
[2024-01-30T15:33:32.914+0100] {processor.py:183} INFO - Processing /home/ubuntu/.local/lib/python3.10/site-packages/airflow/example_dags/example_task_group.py took 0.100 seconds
[2024-01-30T15:34:30.755+0100] {processor.py:161} INFO - Started process (PID=6872) to work on /home/ubuntu/.local/lib/python3.10/site-packages/airflow/example_dags/example_task_group.py
[2024-01-30T15:34:30.758+0100] {processor.py:830} INFO - Processing file /home/ubuntu/.local/lib/python3.10/site-packages/airflow/example_dags/example_task_group.py for tasks to queue
[2024-01-30T15:34:30.760+0100] {logging_mixin.py:188} INFO - [2024-01-30T15:34:30.760+0100] {dagbag.py:538} INFO - Filling up the DagBag from /home/ubuntu/.local/lib/python3.10/site-packages/airflow/example_dags/example_task_group.py
[2024-01-30T15:34:30.771+0100] {processor.py:840} INFO - DAG(s) 'example_task_group' retrieved from /home/ubuntu/.local/lib/python3.10/site-packages/airflow/example_dags/example_task_group.py
[2024-01-30T15:34:30.792+0100] {logging_mixin.py:188} INFO - [2024-01-30T15:34:30.792+0100] {dag.py:3033} INFO - Sync 1 DAGs
[2024-01-30T15:34:30.815+0100] {logging_mixin.py:188} INFO - [2024-01-30T15:34:30.814+0100] {dag.py:3820} INFO - Setting next_dagrun for example_task_group to 2024-01-29T00:00:00+00:00, run_after=2024-01-30T00:00:00+00:00
[2024-01-30T15:34:30.849+0100] {processor.py:183} INFO - Processing /home/ubuntu/.local/lib/python3.10/site-packages/airflow/example_dags/example_task_group.py took 0.101 seconds
[2024-01-30T15:35:21.692+0100] {processor.py:161} INFO - Started process (PID=6927) to work on /home/ubuntu/.local/lib/python3.10/site-packages/airflow/example_dags/example_task_group.py
[2024-01-30T15:35:21.697+0100] {processor.py:830} INFO - Processing file /home/ubuntu/.local/lib/python3.10/site-packages/airflow/example_dags/example_task_group.py for tasks to queue
[2024-01-30T15:35:21.700+0100] {logging_mixin.py:188} INFO - [2024-01-30T15:35:21.699+0100] {dagbag.py:538} INFO - Filling up the DagBag from /home/ubuntu/.local/lib/python3.10/site-packages/airflow/example_dags/example_task_group.py
[2024-01-30T15:35:21.714+0100] {processor.py:840} INFO - DAG(s) 'example_task_group' retrieved from /home/ubuntu/.local/lib/python3.10/site-packages/airflow/example_dags/example_task_group.py
[2024-01-30T15:35:21.740+0100] {logging_mixin.py:188} INFO - [2024-01-30T15:35:21.740+0100] {dag.py:3033} INFO - Sync 1 DAGs
[2024-01-30T15:35:21.773+0100] {logging_mixin.py:188} INFO - [2024-01-30T15:35:21.773+0100] {dag.py:3820} INFO - Setting next_dagrun for example_task_group to 2024-01-29T00:00:00+00:00, run_after=2024-01-30T00:00:00+00:00
[2024-01-30T15:35:21.809+0100] {processor.py:183} INFO - Processing /home/ubuntu/.local/lib/python3.10/site-packages/airflow/example_dags/example_task_group.py took 0.122 seconds
[2024-01-30T15:36:08.590+0100] {processor.py:161} INFO - Started process (PID=6977) to work on /home/ubuntu/.local/lib/python3.10/site-packages/airflow/example_dags/example_task_group.py
[2024-01-30T15:36:08.635+0100] {processor.py:830} INFO - Processing file /home/ubuntu/.local/lib/python3.10/site-packages/airflow/example_dags/example_task_group.py for tasks to queue
[2024-01-30T15:36:08.651+0100] {logging_mixin.py:188} INFO - [2024-01-30T15:36:08.650+0100] {dagbag.py:538} INFO - Filling up the DagBag from /home/ubuntu/.local/lib/python3.10/site-packages/airflow/example_dags/example_task_group.py
[2024-01-30T15:36:08.719+0100] {processor.py:840} INFO - DAG(s) 'example_task_group' retrieved from /home/ubuntu/.local/lib/python3.10/site-packages/airflow/example_dags/example_task_group.py
[2024-01-30T15:36:08.795+0100] {logging_mixin.py:188} INFO - [2024-01-30T15:36:08.795+0100] {dag.py:3033} INFO - Sync 1 DAGs
[2024-01-30T15:36:08.878+0100] {logging_mixin.py:188} INFO - [2024-01-30T15:36:08.878+0100] {dag.py:3820} INFO - Setting next_dagrun for example_task_group to 2024-01-29T00:00:00+00:00, run_after=2024-01-30T00:00:00+00:00
[2024-01-30T15:36:08.907+0100] {processor.py:183} INFO - Processing /home/ubuntu/.local/lib/python3.10/site-packages/airflow/example_dags/example_task_group.py took 0.324 seconds
[2024-01-30T15:37:04.389+0100] {processor.py:161} INFO - Started process (PID=7033) to work on /home/ubuntu/.local/lib/python3.10/site-packages/airflow/example_dags/example_task_group.py
[2024-01-30T15:37:04.398+0100] {processor.py:830} INFO - Processing file /home/ubuntu/.local/lib/python3.10/site-packages/airflow/example_dags/example_task_group.py for tasks to queue
[2024-01-30T15:37:04.400+0100] {logging_mixin.py:188} INFO - [2024-01-30T15:37:04.399+0100] {dagbag.py:538} INFO - Filling up the DagBag from /home/ubuntu/.local/lib/python3.10/site-packages/airflow/example_dags/example_task_group.py
[2024-01-30T15:37:04.419+0100] {processor.py:840} INFO - DAG(s) 'example_task_group' retrieved from /home/ubuntu/.local/lib/python3.10/site-packages/airflow/example_dags/example_task_group.py
[2024-01-30T15:37:04.456+0100] {logging_mixin.py:188} INFO - [2024-01-30T15:37:04.456+0100] {dag.py:3033} INFO - Sync 1 DAGs
[2024-01-30T15:37:04.541+0100] {logging_mixin.py:188} INFO - [2024-01-30T15:37:04.541+0100] {dag.py:3820} INFO - Setting next_dagrun for example_task_group to 2024-01-29T00:00:00+00:00, run_after=2024-01-30T00:00:00+00:00
[2024-01-30T15:37:04.607+0100] {processor.py:183} INFO - Processing /home/ubuntu/.local/lib/python3.10/site-packages/airflow/example_dags/example_task_group.py took 0.227 seconds
[2024-01-30T15:37:55.783+0100] {processor.py:161} INFO - Started process (PID=7089) to work on /home/ubuntu/.local/lib/python3.10/site-packages/airflow/example_dags/example_task_group.py
[2024-01-30T15:37:55.786+0100] {processor.py:830} INFO - Processing file /home/ubuntu/.local/lib/python3.10/site-packages/airflow/example_dags/example_task_group.py for tasks to queue
[2024-01-30T15:37:55.788+0100] {logging_mixin.py:188} INFO - [2024-01-30T15:37:55.787+0100] {dagbag.py:538} INFO - Filling up the DagBag from /home/ubuntu/.local/lib/python3.10/site-packages/airflow/example_dags/example_task_group.py
[2024-01-30T15:37:55.803+0100] {processor.py:840} INFO - DAG(s) 'example_task_group' retrieved from /home/ubuntu/.local/lib/python3.10/site-packages/airflow/example_dags/example_task_group.py
[2024-01-30T15:37:55.830+0100] {logging_mixin.py:188} INFO - [2024-01-30T15:37:55.830+0100] {dag.py:3033} INFO - Sync 1 DAGs
[2024-01-30T15:37:55.863+0100] {logging_mixin.py:188} INFO - [2024-01-30T15:37:55.863+0100] {dag.py:3820} INFO - Setting next_dagrun for example_task_group to 2024-01-29T00:00:00+00:00, run_after=2024-01-30T00:00:00+00:00
[2024-01-30T15:37:55.914+0100] {processor.py:183} INFO - Processing /home/ubuntu/.local/lib/python3.10/site-packages/airflow/example_dags/example_task_group.py took 0.135 seconds
[2024-01-30T15:38:48.909+0100] {processor.py:161} INFO - Started process (PID=7217) to work on /home/ubuntu/.local/lib/python3.10/site-packages/airflow/example_dags/example_task_group.py
[2024-01-30T15:38:48.933+0100] {processor.py:830} INFO - Processing file /home/ubuntu/.local/lib/python3.10/site-packages/airflow/example_dags/example_task_group.py for tasks to queue
[2024-01-30T15:38:48.941+0100] {logging_mixin.py:188} INFO - [2024-01-30T15:38:48.940+0100] {dagbag.py:538} INFO - Filling up the DagBag from /home/ubuntu/.local/lib/python3.10/site-packages/airflow/example_dags/example_task_group.py
[2024-01-30T15:38:49.009+0100] {processor.py:840} INFO - DAG(s) 'example_task_group' retrieved from /home/ubuntu/.local/lib/python3.10/site-packages/airflow/example_dags/example_task_group.py
[2024-01-30T15:38:49.060+0100] {logging_mixin.py:188} INFO - [2024-01-30T15:38:49.059+0100] {dag.py:3033} INFO - Sync 1 DAGs
[2024-01-30T15:38:49.091+0100] {logging_mixin.py:188} INFO - [2024-01-30T15:38:49.090+0100] {dag.py:3820} INFO - Setting next_dagrun for example_task_group to 2024-01-29T00:00:00+00:00, run_after=2024-01-30T00:00:00+00:00
[2024-01-30T15:38:49.132+0100] {processor.py:183} INFO - Processing /home/ubuntu/.local/lib/python3.10/site-packages/airflow/example_dags/example_task_group.py took 0.230 seconds
[2024-01-30T15:39:23.986+0100] {processor.py:161} INFO - Started process (PID=7260) to work on /home/ubuntu/.local/lib/python3.10/site-packages/airflow/example_dags/example_task_group.py
[2024-01-30T15:39:23.989+0100] {processor.py:830} INFO - Processing file /home/ubuntu/.local/lib/python3.10/site-packages/airflow/example_dags/example_task_group.py for tasks to queue
[2024-01-30T15:39:23.991+0100] {logging_mixin.py:188} INFO - [2024-01-30T15:39:23.990+0100] {dagbag.py:538} INFO - Filling up the DagBag from /home/ubuntu/.local/lib/python3.10/site-packages/airflow/example_dags/example_task_group.py
[2024-01-30T15:39:24.006+0100] {processor.py:840} INFO - DAG(s) 'example_task_group' retrieved from /home/ubuntu/.local/lib/python3.10/site-packages/airflow/example_dags/example_task_group.py
[2024-01-30T15:39:24.035+0100] {logging_mixin.py:188} INFO - [2024-01-30T15:39:24.034+0100] {dag.py:3033} INFO - Sync 1 DAGs
[2024-01-30T15:39:24.073+0100] {logging_mixin.py:188} INFO - [2024-01-30T15:39:24.072+0100] {dag.py:3820} INFO - Setting next_dagrun for example_task_group to 2024-01-29T00:00:00+00:00, run_after=2024-01-30T00:00:00+00:00
[2024-01-30T15:39:24.116+0100] {processor.py:183} INFO - Processing /home/ubuntu/.local/lib/python3.10/site-packages/airflow/example_dags/example_task_group.py took 0.134 seconds
[2024-01-30T15:40:18.332+0100] {processor.py:161} INFO - Started process (PID=7318) to work on /home/ubuntu/.local/lib/python3.10/site-packages/airflow/example_dags/example_task_group.py
[2024-01-30T15:40:18.337+0100] {processor.py:830} INFO - Processing file /home/ubuntu/.local/lib/python3.10/site-packages/airflow/example_dags/example_task_group.py for tasks to queue
[2024-01-30T15:40:18.343+0100] {logging_mixin.py:188} INFO - [2024-01-30T15:40:18.341+0100] {dagbag.py:538} INFO - Filling up the DagBag from /home/ubuntu/.local/lib/python3.10/site-packages/airflow/example_dags/example_task_group.py
[2024-01-30T15:40:18.361+0100] {processor.py:840} INFO - DAG(s) 'example_task_group' retrieved from /home/ubuntu/.local/lib/python3.10/site-packages/airflow/example_dags/example_task_group.py
[2024-01-30T15:40:18.407+0100] {logging_mixin.py:188} INFO - [2024-01-30T15:40:18.407+0100] {dag.py:3033} INFO - Sync 1 DAGs
[2024-01-30T15:40:18.469+0100] {logging_mixin.py:188} INFO - [2024-01-30T15:40:18.468+0100] {dag.py:3820} INFO - Setting next_dagrun for example_task_group to 2024-01-29T00:00:00+00:00, run_after=2024-01-30T00:00:00+00:00
[2024-01-30T15:40:18.557+0100] {processor.py:183} INFO - Processing /home/ubuntu/.local/lib/python3.10/site-packages/airflow/example_dags/example_task_group.py took 0.235 seconds
[2024-01-30T15:41:24.622+0100] {processor.py:161} INFO - Started process (PID=7383) to work on /home/ubuntu/.local/lib/python3.10/site-packages/airflow/example_dags/example_task_group.py
[2024-01-30T15:41:24.625+0100] {processor.py:830} INFO - Processing file /home/ubuntu/.local/lib/python3.10/site-packages/airflow/example_dags/example_task_group.py for tasks to queue
[2024-01-30T15:41:24.628+0100] {logging_mixin.py:188} INFO - [2024-01-30T15:41:24.627+0100] {dagbag.py:538} INFO - Filling up the DagBag from /home/ubuntu/.local/lib/python3.10/site-packages/airflow/example_dags/example_task_group.py
[2024-01-30T15:41:24.647+0100] {processor.py:840} INFO - DAG(s) 'example_task_group' retrieved from /home/ubuntu/.local/lib/python3.10/site-packages/airflow/example_dags/example_task_group.py
[2024-01-30T15:41:24.674+0100] {logging_mixin.py:188} INFO - [2024-01-30T15:41:24.674+0100] {dag.py:3033} INFO - Sync 1 DAGs
[2024-01-30T15:41:24.707+0100] {logging_mixin.py:188} INFO - [2024-01-30T15:41:24.707+0100] {dag.py:3820} INFO - Setting next_dagrun for example_task_group to 2024-01-29T00:00:00+00:00, run_after=2024-01-30T00:00:00+00:00
[2024-01-30T15:41:24.744+0100] {processor.py:183} INFO - Processing /home/ubuntu/.local/lib/python3.10/site-packages/airflow/example_dags/example_task_group.py took 0.129 seconds
[2024-01-30T15:42:25.691+0100] {processor.py:161} INFO - Started process (PID=7531) to work on /home/ubuntu/.local/lib/python3.10/site-packages/airflow/example_dags/example_task_group.py
[2024-01-30T15:42:25.694+0100] {processor.py:830} INFO - Processing file /home/ubuntu/.local/lib/python3.10/site-packages/airflow/example_dags/example_task_group.py for tasks to queue
[2024-01-30T15:42:25.695+0100] {logging_mixin.py:188} INFO - [2024-01-30T15:42:25.694+0100] {dagbag.py:538} INFO - Filling up the DagBag from /home/ubuntu/.local/lib/python3.10/site-packages/airflow/example_dags/example_task_group.py
[2024-01-30T15:42:25.706+0100] {processor.py:840} INFO - DAG(s) 'example_task_group' retrieved from /home/ubuntu/.local/lib/python3.10/site-packages/airflow/example_dags/example_task_group.py
[2024-01-30T15:42:25.726+0100] {logging_mixin.py:188} INFO - [2024-01-30T15:42:25.725+0100] {dag.py:3033} INFO - Sync 1 DAGs
[2024-01-30T15:42:25.751+0100] {logging_mixin.py:188} INFO - [2024-01-30T15:42:25.751+0100] {dag.py:3820} INFO - Setting next_dagrun for example_task_group to 2024-01-29T00:00:00+00:00, run_after=2024-01-30T00:00:00+00:00
[2024-01-30T15:42:25.784+0100] {processor.py:183} INFO - Processing /home/ubuntu/.local/lib/python3.10/site-packages/airflow/example_dags/example_task_group.py took 0.097 seconds
[2024-01-30T15:43:23.537+0100] {processor.py:161} INFO - Started process (PID=7788) to work on /home/ubuntu/.local/lib/python3.10/site-packages/airflow/example_dags/example_task_group.py
[2024-01-30T15:43:23.539+0100] {processor.py:830} INFO - Processing file /home/ubuntu/.local/lib/python3.10/site-packages/airflow/example_dags/example_task_group.py for tasks to queue
[2024-01-30T15:43:23.541+0100] {logging_mixin.py:188} INFO - [2024-01-30T15:43:23.540+0100] {dagbag.py:538} INFO - Filling up the DagBag from /home/ubuntu/.local/lib/python3.10/site-packages/airflow/example_dags/example_task_group.py
[2024-01-30T15:43:23.551+0100] {processor.py:840} INFO - DAG(s) 'example_task_group' retrieved from /home/ubuntu/.local/lib/python3.10/site-packages/airflow/example_dags/example_task_group.py
[2024-01-30T15:43:23.572+0100] {logging_mixin.py:188} INFO - [2024-01-30T15:43:23.572+0100] {dag.py:3033} INFO - Sync 1 DAGs
[2024-01-30T15:43:23.594+0100] {logging_mixin.py:188} INFO - [2024-01-30T15:43:23.594+0100] {dag.py:3820} INFO - Setting next_dagrun for example_task_group to 2024-01-29T00:00:00+00:00, run_after=2024-01-30T00:00:00+00:00
[2024-01-30T15:43:23.634+0100] {processor.py:183} INFO - Processing /home/ubuntu/.local/lib/python3.10/site-packages/airflow/example_dags/example_task_group.py took 0.102 seconds
[2024-01-30T15:44:28.394+0100] {processor.py:161} INFO - Started process (PID=8070) to work on /home/ubuntu/.local/lib/python3.10/site-packages/airflow/example_dags/example_task_group.py
[2024-01-30T15:44:28.400+0100] {processor.py:830} INFO - Processing file /home/ubuntu/.local/lib/python3.10/site-packages/airflow/example_dags/example_task_group.py for tasks to queue
[2024-01-30T15:44:28.404+0100] {logging_mixin.py:188} INFO - [2024-01-30T15:44:28.403+0100] {dagbag.py:538} INFO - Filling up the DagBag from /home/ubuntu/.local/lib/python3.10/site-packages/airflow/example_dags/example_task_group.py
[2024-01-30T15:44:28.423+0100] {processor.py:840} INFO - DAG(s) 'example_task_group' retrieved from /home/ubuntu/.local/lib/python3.10/site-packages/airflow/example_dags/example_task_group.py
[2024-01-30T15:44:28.445+0100] {logging_mixin.py:188} INFO - [2024-01-30T15:44:28.444+0100] {dag.py:3033} INFO - Sync 1 DAGs
[2024-01-30T15:44:28.470+0100] {logging_mixin.py:188} INFO - [2024-01-30T15:44:28.470+0100] {dag.py:3820} INFO - Setting next_dagrun for example_task_group to 2024-01-29T00:00:00+00:00, run_after=2024-01-30T00:00:00+00:00
[2024-01-30T15:44:28.532+0100] {processor.py:183} INFO - Processing /home/ubuntu/.local/lib/python3.10/site-packages/airflow/example_dags/example_task_group.py took 0.142 seconds
[2024-01-30T15:45:22.179+0100] {processor.py:161} INFO - Started process (PID=8250) to work on /home/ubuntu/.local/lib/python3.10/site-packages/airflow/example_dags/example_task_group.py
[2024-01-30T15:45:22.181+0100] {processor.py:830} INFO - Processing file /home/ubuntu/.local/lib/python3.10/site-packages/airflow/example_dags/example_task_group.py for tasks to queue
[2024-01-30T15:45:22.182+0100] {logging_mixin.py:188} INFO - [2024-01-30T15:45:22.181+0100] {dagbag.py:538} INFO - Filling up the DagBag from /home/ubuntu/.local/lib/python3.10/site-packages/airflow/example_dags/example_task_group.py
[2024-01-30T15:45:22.191+0100] {processor.py:840} INFO - DAG(s) 'example_task_group' retrieved from /home/ubuntu/.local/lib/python3.10/site-packages/airflow/example_dags/example_task_group.py
[2024-01-30T15:45:22.212+0100] {logging_mixin.py:188} INFO - [2024-01-30T15:45:22.212+0100] {dag.py:3033} INFO - Sync 1 DAGs
[2024-01-30T15:45:22.231+0100] {logging_mixin.py:188} INFO - [2024-01-30T15:45:22.231+0100] {dag.py:3820} INFO - Setting next_dagrun for example_task_group to 2024-01-29T00:00:00+00:00, run_after=2024-01-30T00:00:00+00:00
[2024-01-30T15:45:22.265+0100] {processor.py:183} INFO - Processing /home/ubuntu/.local/lib/python3.10/site-packages/airflow/example_dags/example_task_group.py took 0.089 seconds
[2024-01-30T15:46:03.468+0100] {processor.py:161} INFO - Started process (PID=8296) to work on /home/ubuntu/.local/lib/python3.10/site-packages/airflow/example_dags/example_task_group.py
[2024-01-30T15:46:03.470+0100] {processor.py:830} INFO - Processing file /home/ubuntu/.local/lib/python3.10/site-packages/airflow/example_dags/example_task_group.py for tasks to queue
[2024-01-30T15:46:03.472+0100] {logging_mixin.py:188} INFO - [2024-01-30T15:46:03.471+0100] {dagbag.py:538} INFO - Filling up the DagBag from /home/ubuntu/.local/lib/python3.10/site-packages/airflow/example_dags/example_task_group.py
[2024-01-30T15:46:03.482+0100] {processor.py:840} INFO - DAG(s) 'example_task_group' retrieved from /home/ubuntu/.local/lib/python3.10/site-packages/airflow/example_dags/example_task_group.py
[2024-01-30T15:46:03.505+0100] {logging_mixin.py:188} INFO - [2024-01-30T15:46:03.505+0100] {dag.py:3033} INFO - Sync 1 DAGs
[2024-01-30T15:46:03.536+0100] {logging_mixin.py:188} INFO - [2024-01-30T15:46:03.536+0100] {dag.py:3820} INFO - Setting next_dagrun for example_task_group to 2024-01-29T00:00:00+00:00, run_after=2024-01-30T00:00:00+00:00
[2024-01-30T15:46:03.566+0100] {processor.py:183} INFO - Processing /home/ubuntu/.local/lib/python3.10/site-packages/airflow/example_dags/example_task_group.py took 0.101 seconds
[2024-01-30T15:46:47.860+0100] {processor.py:161} INFO - Started process (PID=8345) to work on /home/ubuntu/.local/lib/python3.10/site-packages/airflow/example_dags/example_task_group.py
[2024-01-30T15:46:47.863+0100] {processor.py:830} INFO - Processing file /home/ubuntu/.local/lib/python3.10/site-packages/airflow/example_dags/example_task_group.py for tasks to queue
[2024-01-30T15:46:47.865+0100] {logging_mixin.py:188} INFO - [2024-01-30T15:46:47.864+0100] {dagbag.py:538} INFO - Filling up the DagBag from /home/ubuntu/.local/lib/python3.10/site-packages/airflow/example_dags/example_task_group.py
[2024-01-30T15:46:47.874+0100] {processor.py:840} INFO - DAG(s) 'example_task_group' retrieved from /home/ubuntu/.local/lib/python3.10/site-packages/airflow/example_dags/example_task_group.py
[2024-01-30T15:46:47.894+0100] {logging_mixin.py:188} INFO - [2024-01-30T15:46:47.893+0100] {dag.py:3033} INFO - Sync 1 DAGs
[2024-01-30T15:46:47.915+0100] {logging_mixin.py:188} INFO - [2024-01-30T15:46:47.915+0100] {dag.py:3820} INFO - Setting next_dagrun for example_task_group to 2024-01-29T00:00:00+00:00, run_after=2024-01-30T00:00:00+00:00
[2024-01-30T15:46:47.949+0100] {processor.py:183} INFO - Processing /home/ubuntu/.local/lib/python3.10/site-packages/airflow/example_dags/example_task_group.py took 0.092 seconds
[2024-01-30T15:47:54.035+0100] {processor.py:161} INFO - Started process (PID=8476) to work on /home/ubuntu/.local/lib/python3.10/site-packages/airflow/example_dags/example_task_group.py
[2024-01-30T15:47:54.040+0100] {processor.py:830} INFO - Processing file /home/ubuntu/.local/lib/python3.10/site-packages/airflow/example_dags/example_task_group.py for tasks to queue
[2024-01-30T15:47:54.043+0100] {logging_mixin.py:188} INFO - [2024-01-30T15:47:54.042+0100] {dagbag.py:538} INFO - Filling up the DagBag from /home/ubuntu/.local/lib/python3.10/site-packages/airflow/example_dags/example_task_group.py
[2024-01-30T15:47:54.080+0100] {processor.py:840} INFO - DAG(s) 'example_task_group' retrieved from /home/ubuntu/.local/lib/python3.10/site-packages/airflow/example_dags/example_task_group.py
[2024-01-30T15:47:54.221+0100] {logging_mixin.py:188} INFO - [2024-01-30T15:47:54.221+0100] {dag.py:3033} INFO - Sync 1 DAGs
[2024-01-30T15:47:54.384+0100] {logging_mixin.py:188} INFO - [2024-01-30T15:47:54.383+0100] {dag.py:3820} INFO - Setting next_dagrun for example_task_group to 2024-01-29T00:00:00+00:00, run_after=2024-01-30T00:00:00+00:00
[2024-01-30T15:47:54.473+0100] {processor.py:183} INFO - Processing /home/ubuntu/.local/lib/python3.10/site-packages/airflow/example_dags/example_task_group.py took 0.450 seconds
[2024-01-30T15:49:00.651+0100] {processor.py:161} INFO - Started process (PID=8732) to work on /home/ubuntu/.local/lib/python3.10/site-packages/airflow/example_dags/example_task_group.py
[2024-01-30T15:49:00.710+0100] {processor.py:830} INFO - Processing file /home/ubuntu/.local/lib/python3.10/site-packages/airflow/example_dags/example_task_group.py for tasks to queue
[2024-01-30T15:49:00.728+0100] {logging_mixin.py:188} INFO - [2024-01-30T15:49:00.727+0100] {dagbag.py:538} INFO - Filling up the DagBag from /home/ubuntu/.local/lib/python3.10/site-packages/airflow/example_dags/example_task_group.py
[2024-01-30T15:49:00.839+0100] {processor.py:840} INFO - DAG(s) 'example_task_group' retrieved from /home/ubuntu/.local/lib/python3.10/site-packages/airflow/example_dags/example_task_group.py
[2024-01-30T15:49:01.139+0100] {logging_mixin.py:188} INFO - [2024-01-30T15:49:01.139+0100] {dag.py:3033} INFO - Sync 1 DAGs
[2024-01-30T15:49:01.225+0100] {logging_mixin.py:188} INFO - [2024-01-30T15:49:01.225+0100] {dag.py:3820} INFO - Setting next_dagrun for example_task_group to 2024-01-29T00:00:00+00:00, run_after=2024-01-30T00:00:00+00:00
[2024-01-30T15:49:01.487+0100] {processor.py:183} INFO - Processing /home/ubuntu/.local/lib/python3.10/site-packages/airflow/example_dags/example_task_group.py took 0.866 seconds
[2024-01-30T15:51:51.745+0100] {processor.py:161} INFO - Started process (PID=9291) to work on /home/ubuntu/.local/lib/python3.10/site-packages/airflow/example_dags/example_task_group.py
[2024-01-30T15:51:51.748+0100] {processor.py:830} INFO - Processing file /home/ubuntu/.local/lib/python3.10/site-packages/airflow/example_dags/example_task_group.py for tasks to queue
[2024-01-30T15:51:51.750+0100] {logging_mixin.py:188} INFO - [2024-01-30T15:51:51.750+0100] {dagbag.py:538} INFO - Filling up the DagBag from /home/ubuntu/.local/lib/python3.10/site-packages/airflow/example_dags/example_task_group.py
[2024-01-30T15:51:51.762+0100] {processor.py:840} INFO - DAG(s) 'example_task_group' retrieved from /home/ubuntu/.local/lib/python3.10/site-packages/airflow/example_dags/example_task_group.py
[2024-01-30T15:51:51.810+0100] {logging_mixin.py:188} INFO - [2024-01-30T15:51:51.810+0100] {dag.py:3033} INFO - Sync 1 DAGs
[2024-01-30T15:51:51.853+0100] {logging_mixin.py:188} INFO - [2024-01-30T15:51:51.852+0100] {dag.py:3820} INFO - Setting next_dagrun for example_task_group to 2024-01-29T00:00:00+00:00, run_after=2024-01-30T00:00:00+00:00
[2024-01-30T15:51:52.184+0100] {processor.py:183} INFO - Processing /home/ubuntu/.local/lib/python3.10/site-packages/airflow/example_dags/example_task_group.py took 0.443 seconds
[2024-01-30T15:53:54.368+0100] {processor.py:161} INFO - Started process (PID=9749) to work on /home/ubuntu/.local/lib/python3.10/site-packages/airflow/example_dags/example_task_group.py
[2024-01-30T15:53:54.402+0100] {processor.py:830} INFO - Processing file /home/ubuntu/.local/lib/python3.10/site-packages/airflow/example_dags/example_task_group.py for tasks to queue
[2024-01-30T15:53:54.404+0100] {logging_mixin.py:188} INFO - [2024-01-30T15:53:54.403+0100] {dagbag.py:538} INFO - Filling up the DagBag from /home/ubuntu/.local/lib/python3.10/site-packages/airflow/example_dags/example_task_group.py
[2024-01-30T15:53:54.476+0100] {processor.py:840} INFO - DAG(s) 'example_task_group' retrieved from /home/ubuntu/.local/lib/python3.10/site-packages/airflow/example_dags/example_task_group.py
[2024-01-30T15:53:54.582+0100] {logging_mixin.py:188} INFO - [2024-01-30T15:53:54.582+0100] {dag.py:3033} INFO - Sync 1 DAGs
[2024-01-30T15:53:54.699+0100] {logging_mixin.py:188} INFO - [2024-01-30T15:53:54.699+0100] {dag.py:3820} INFO - Setting next_dagrun for example_task_group to 2024-01-29T00:00:00+00:00, run_after=2024-01-30T00:00:00+00:00
[2024-01-30T15:53:55.103+0100] {processor.py:183} INFO - Processing /home/ubuntu/.local/lib/python3.10/site-packages/airflow/example_dags/example_task_group.py took 0.752 seconds
[2024-01-30T15:55:23.259+0100] {processor.py:161} INFO - Started process (PID=9852) to work on /home/ubuntu/.local/lib/python3.10/site-packages/airflow/example_dags/example_task_group.py
[2024-01-30T15:55:23.262+0100] {processor.py:830} INFO - Processing file /home/ubuntu/.local/lib/python3.10/site-packages/airflow/example_dags/example_task_group.py for tasks to queue
[2024-01-30T15:55:23.268+0100] {logging_mixin.py:188} INFO - [2024-01-30T15:55:23.267+0100] {dagbag.py:538} INFO - Filling up the DagBag from /home/ubuntu/.local/lib/python3.10/site-packages/airflow/example_dags/example_task_group.py
[2024-01-30T15:55:23.346+0100] {processor.py:840} INFO - DAG(s) 'example_task_group' retrieved from /home/ubuntu/.local/lib/python3.10/site-packages/airflow/example_dags/example_task_group.py
[2024-01-30T15:55:23.501+0100] {logging_mixin.py:188} INFO - [2024-01-30T15:55:23.500+0100] {dag.py:3033} INFO - Sync 1 DAGs
[2024-01-30T15:55:23.641+0100] {logging_mixin.py:188} INFO - [2024-01-30T15:55:23.641+0100] {dag.py:3820} INFO - Setting next_dagrun for example_task_group to 2024-01-29T00:00:00+00:00, run_after=2024-01-30T00:00:00+00:00
[2024-01-30T15:55:23.861+0100] {processor.py:183} INFO - Processing /home/ubuntu/.local/lib/python3.10/site-packages/airflow/example_dags/example_task_group.py took 0.699 seconds
[2024-01-30T15:56:27.669+0100] {processor.py:161} INFO - Started process (PID=9914) to work on /home/ubuntu/.local/lib/python3.10/site-packages/airflow/example_dags/example_task_group.py
[2024-01-30T15:56:27.691+0100] {processor.py:830} INFO - Processing file /home/ubuntu/.local/lib/python3.10/site-packages/airflow/example_dags/example_task_group.py for tasks to queue
[2024-01-30T15:56:27.693+0100] {logging_mixin.py:188} INFO - [2024-01-30T15:56:27.692+0100] {dagbag.py:538} INFO - Filling up the DagBag from /home/ubuntu/.local/lib/python3.10/site-packages/airflow/example_dags/example_task_group.py
[2024-01-30T15:56:27.734+0100] {processor.py:840} INFO - DAG(s) 'example_task_group' retrieved from /home/ubuntu/.local/lib/python3.10/site-packages/airflow/example_dags/example_task_group.py
[2024-01-30T15:56:27.822+0100] {logging_mixin.py:188} INFO - [2024-01-30T15:56:27.822+0100] {dag.py:3033} INFO - Sync 1 DAGs
[2024-01-30T15:56:27.950+0100] {logging_mixin.py:188} INFO - [2024-01-30T15:56:27.949+0100] {dag.py:3820} INFO - Setting next_dagrun for example_task_group to 2024-01-29T00:00:00+00:00, run_after=2024-01-30T00:00:00+00:00
[2024-01-30T15:56:28.249+0100] {processor.py:183} INFO - Processing /home/ubuntu/.local/lib/python3.10/site-packages/airflow/example_dags/example_task_group.py took 0.610 seconds
[2024-01-30T15:57:30.833+0100] {processor.py:161} INFO - Started process (PID=9980) to work on /home/ubuntu/.local/lib/python3.10/site-packages/airflow/example_dags/example_task_group.py
[2024-01-30T15:57:30.835+0100] {processor.py:830} INFO - Processing file /home/ubuntu/.local/lib/python3.10/site-packages/airflow/example_dags/example_task_group.py for tasks to queue
[2024-01-30T15:57:30.837+0100] {logging_mixin.py:188} INFO - [2024-01-30T15:57:30.836+0100] {dagbag.py:538} INFO - Filling up the DagBag from /home/ubuntu/.local/lib/python3.10/site-packages/airflow/example_dags/example_task_group.py
[2024-01-30T15:57:30.848+0100] {processor.py:840} INFO - DAG(s) 'example_task_group' retrieved from /home/ubuntu/.local/lib/python3.10/site-packages/airflow/example_dags/example_task_group.py
[2024-01-30T15:57:30.868+0100] {logging_mixin.py:188} INFO - [2024-01-30T15:57:30.868+0100] {dag.py:3033} INFO - Sync 1 DAGs
[2024-01-30T15:57:30.895+0100] {logging_mixin.py:188} INFO - [2024-01-30T15:57:30.895+0100] {dag.py:3820} INFO - Setting next_dagrun for example_task_group to 2024-01-29T00:00:00+00:00, run_after=2024-01-30T00:00:00+00:00
[2024-01-30T15:57:30.931+0100] {processor.py:183} INFO - Processing /home/ubuntu/.local/lib/python3.10/site-packages/airflow/example_dags/example_task_group.py took 0.102 seconds
[2024-01-30T15:58:20.427+0100] {processor.py:161} INFO - Started process (PID=10032) to work on /home/ubuntu/.local/lib/python3.10/site-packages/airflow/example_dags/example_task_group.py
[2024-01-30T15:58:20.430+0100] {processor.py:830} INFO - Processing file /home/ubuntu/.local/lib/python3.10/site-packages/airflow/example_dags/example_task_group.py for tasks to queue
[2024-01-30T15:58:20.434+0100] {logging_mixin.py:188} INFO - [2024-01-30T15:58:20.433+0100] {dagbag.py:538} INFO - Filling up the DagBag from /home/ubuntu/.local/lib/python3.10/site-packages/airflow/example_dags/example_task_group.py
[2024-01-30T15:58:20.446+0100] {processor.py:840} INFO - DAG(s) 'example_task_group' retrieved from /home/ubuntu/.local/lib/python3.10/site-packages/airflow/example_dags/example_task_group.py
[2024-01-30T15:58:20.470+0100] {logging_mixin.py:188} INFO - [2024-01-30T15:58:20.470+0100] {dag.py:3033} INFO - Sync 1 DAGs
[2024-01-30T15:58:20.497+0100] {logging_mixin.py:188} INFO - [2024-01-30T15:58:20.497+0100] {dag.py:3820} INFO - Setting next_dagrun for example_task_group to 2024-01-29T00:00:00+00:00, run_after=2024-01-30T00:00:00+00:00
[2024-01-30T15:58:20.560+0100] {processor.py:183} INFO - Processing /home/ubuntu/.local/lib/python3.10/site-packages/airflow/example_dags/example_task_group.py took 0.141 seconds
[2024-01-30T15:59:14.170+0100] {processor.py:161} INFO - Started process (PID=10077) to work on /home/ubuntu/.local/lib/python3.10/site-packages/airflow/example_dags/example_task_group.py
[2024-01-30T15:59:14.194+0100] {processor.py:830} INFO - Processing file /home/ubuntu/.local/lib/python3.10/site-packages/airflow/example_dags/example_task_group.py for tasks to queue
[2024-01-30T15:59:14.195+0100] {logging_mixin.py:188} INFO - [2024-01-30T15:59:14.195+0100] {dagbag.py:538} INFO - Filling up the DagBag from /home/ubuntu/.local/lib/python3.10/site-packages/airflow/example_dags/example_task_group.py
[2024-01-30T15:59:14.232+0100] {processor.py:840} INFO - DAG(s) 'example_task_group' retrieved from /home/ubuntu/.local/lib/python3.10/site-packages/airflow/example_dags/example_task_group.py
[2024-01-30T15:59:14.265+0100] {logging_mixin.py:188} INFO - [2024-01-30T15:59:14.265+0100] {dag.py:3033} INFO - Sync 1 DAGs
[2024-01-30T15:59:14.366+0100] {logging_mixin.py:188} INFO - [2024-01-30T15:59:14.366+0100] {dag.py:3820} INFO - Setting next_dagrun for example_task_group to 2024-01-29T00:00:00+00:00, run_after=2024-01-30T00:00:00+00:00
[2024-01-30T15:59:14.422+0100] {processor.py:183} INFO - Processing /home/ubuntu/.local/lib/python3.10/site-packages/airflow/example_dags/example_task_group.py took 0.259 seconds
[2024-01-30T16:00:05.348+0100] {processor.py:161} INFO - Started process (PID=10136) to work on /home/ubuntu/.local/lib/python3.10/site-packages/airflow/example_dags/example_task_group.py
[2024-01-30T16:00:05.351+0100] {processor.py:830} INFO - Processing file /home/ubuntu/.local/lib/python3.10/site-packages/airflow/example_dags/example_task_group.py for tasks to queue
[2024-01-30T16:00:05.353+0100] {logging_mixin.py:188} INFO - [2024-01-30T16:00:05.353+0100] {dagbag.py:538} INFO - Filling up the DagBag from /home/ubuntu/.local/lib/python3.10/site-packages/airflow/example_dags/example_task_group.py
[2024-01-30T16:00:05.363+0100] {processor.py:840} INFO - DAG(s) 'example_task_group' retrieved from /home/ubuntu/.local/lib/python3.10/site-packages/airflow/example_dags/example_task_group.py
[2024-01-30T16:00:05.384+0100] {logging_mixin.py:188} INFO - [2024-01-30T16:00:05.384+0100] {dag.py:3033} INFO - Sync 1 DAGs
[2024-01-30T16:00:05.405+0100] {logging_mixin.py:188} INFO - [2024-01-30T16:00:05.405+0100] {dag.py:3820} INFO - Setting next_dagrun for example_task_group to 2024-01-29T00:00:00+00:00, run_after=2024-01-30T00:00:00+00:00
[2024-01-30T16:00:05.449+0100] {processor.py:183} INFO - Processing /home/ubuntu/.local/lib/python3.10/site-packages/airflow/example_dags/example_task_group.py took 0.105 seconds
[2024-01-30T16:00:59.224+0100] {processor.py:161} INFO - Started process (PID=10193) to work on /home/ubuntu/.local/lib/python3.10/site-packages/airflow/example_dags/example_task_group.py
[2024-01-30T16:00:59.240+0100] {processor.py:830} INFO - Processing file /home/ubuntu/.local/lib/python3.10/site-packages/airflow/example_dags/example_task_group.py for tasks to queue
[2024-01-30T16:00:59.248+0100] {logging_mixin.py:188} INFO - [2024-01-30T16:00:59.248+0100] {dagbag.py:538} INFO - Filling up the DagBag from /home/ubuntu/.local/lib/python3.10/site-packages/airflow/example_dags/example_task_group.py
[2024-01-30T16:00:59.302+0100] {processor.py:840} INFO - DAG(s) 'example_task_group' retrieved from /home/ubuntu/.local/lib/python3.10/site-packages/airflow/example_dags/example_task_group.py
[2024-01-30T16:00:59.323+0100] {logging_mixin.py:188} INFO - [2024-01-30T16:00:59.323+0100] {dag.py:3033} INFO - Sync 1 DAGs
[2024-01-30T16:00:59.347+0100] {logging_mixin.py:188} INFO - [2024-01-30T16:00:59.346+0100] {dag.py:3820} INFO - Setting next_dagrun for example_task_group to 2024-01-29T00:00:00+00:00, run_after=2024-01-30T00:00:00+00:00
[2024-01-30T16:00:59.379+0100] {processor.py:183} INFO - Processing /home/ubuntu/.local/lib/python3.10/site-packages/airflow/example_dags/example_task_group.py took 0.190 seconds
[2024-01-30T16:01:57.179+0100] {processor.py:161} INFO - Started process (PID=10255) to work on /home/ubuntu/.local/lib/python3.10/site-packages/airflow/example_dags/example_task_group.py
[2024-01-30T16:01:57.181+0100] {processor.py:830} INFO - Processing file /home/ubuntu/.local/lib/python3.10/site-packages/airflow/example_dags/example_task_group.py for tasks to queue
[2024-01-30T16:01:57.183+0100] {logging_mixin.py:188} INFO - [2024-01-30T16:01:57.182+0100] {dagbag.py:538} INFO - Filling up the DagBag from /home/ubuntu/.local/lib/python3.10/site-packages/airflow/example_dags/example_task_group.py
[2024-01-30T16:01:57.195+0100] {processor.py:840} INFO - DAG(s) 'example_task_group' retrieved from /home/ubuntu/.local/lib/python3.10/site-packages/airflow/example_dags/example_task_group.py
[2024-01-30T16:01:57.215+0100] {logging_mixin.py:188} INFO - [2024-01-30T16:01:57.214+0100] {dag.py:3033} INFO - Sync 1 DAGs
[2024-01-30T16:01:57.244+0100] {logging_mixin.py:188} INFO - [2024-01-30T16:01:57.243+0100] {dag.py:3820} INFO - Setting next_dagrun for example_task_group to 2024-01-29T00:00:00+00:00, run_after=2024-01-30T00:00:00+00:00
[2024-01-30T16:01:57.292+0100] {processor.py:183} INFO - Processing /home/ubuntu/.local/lib/python3.10/site-packages/airflow/example_dags/example_task_group.py took 0.117 seconds
[2024-01-30T16:02:45.913+0100] {processor.py:161} INFO - Started process (PID=10304) to work on /home/ubuntu/.local/lib/python3.10/site-packages/airflow/example_dags/example_task_group.py
[2024-01-30T16:02:45.917+0100] {processor.py:830} INFO - Processing file /home/ubuntu/.local/lib/python3.10/site-packages/airflow/example_dags/example_task_group.py for tasks to queue
[2024-01-30T16:02:45.923+0100] {logging_mixin.py:188} INFO - [2024-01-30T16:02:45.920+0100] {dagbag.py:538} INFO - Filling up the DagBag from /home/ubuntu/.local/lib/python3.10/site-packages/airflow/example_dags/example_task_group.py
[2024-01-30T16:02:45.935+0100] {processor.py:840} INFO - DAG(s) 'example_task_group' retrieved from /home/ubuntu/.local/lib/python3.10/site-packages/airflow/example_dags/example_task_group.py
[2024-01-30T16:02:45.965+0100] {logging_mixin.py:188} INFO - [2024-01-30T16:02:45.965+0100] {dag.py:3033} INFO - Sync 1 DAGs
[2024-01-30T16:02:46.021+0100] {logging_mixin.py:188} INFO - [2024-01-30T16:02:46.021+0100] {dag.py:3820} INFO - Setting next_dagrun for example_task_group to 2024-01-29T00:00:00+00:00, run_after=2024-01-30T00:00:00+00:00
[2024-01-30T16:02:46.141+0100] {processor.py:183} INFO - Processing /home/ubuntu/.local/lib/python3.10/site-packages/airflow/example_dags/example_task_group.py took 0.233 seconds
[2024-01-30T16:03:31.034+0100] {processor.py:161} INFO - Started process (PID=10349) to work on /home/ubuntu/.local/lib/python3.10/site-packages/airflow/example_dags/example_task_group.py
[2024-01-30T16:03:31.132+0100] {processor.py:830} INFO - Processing file /home/ubuntu/.local/lib/python3.10/site-packages/airflow/example_dags/example_task_group.py for tasks to queue
[2024-01-30T16:03:31.144+0100] {logging_mixin.py:188} INFO - [2024-01-30T16:03:31.133+0100] {dagbag.py:538} INFO - Filling up the DagBag from /home/ubuntu/.local/lib/python3.10/site-packages/airflow/example_dags/example_task_group.py
[2024-01-30T16:03:31.186+0100] {processor.py:840} INFO - DAG(s) 'example_task_group' retrieved from /home/ubuntu/.local/lib/python3.10/site-packages/airflow/example_dags/example_task_group.py
[2024-01-30T16:03:31.298+0100] {logging_mixin.py:188} INFO - [2024-01-30T16:03:31.298+0100] {dag.py:3033} INFO - Sync 1 DAGs
[2024-01-30T16:03:31.402+0100] {logging_mixin.py:188} INFO - [2024-01-30T16:03:31.401+0100] {dag.py:3820} INFO - Setting next_dagrun for example_task_group to 2024-01-29T00:00:00+00:00, run_after=2024-01-30T00:00:00+00:00
[2024-01-30T16:03:31.572+0100] {processor.py:183} INFO - Processing /home/ubuntu/.local/lib/python3.10/site-packages/airflow/example_dags/example_task_group.py took 0.544 seconds
[2024-01-30T16:04:23.446+0100] {processor.py:161} INFO - Started process (PID=10409) to work on /home/ubuntu/.local/lib/python3.10/site-packages/airflow/example_dags/example_task_group.py
[2024-01-30T16:04:23.491+0100] {processor.py:830} INFO - Processing file /home/ubuntu/.local/lib/python3.10/site-packages/airflow/example_dags/example_task_group.py for tasks to queue
[2024-01-30T16:04:23.493+0100] {logging_mixin.py:188} INFO - [2024-01-30T16:04:23.492+0100] {dagbag.py:538} INFO - Filling up the DagBag from /home/ubuntu/.local/lib/python3.10/site-packages/airflow/example_dags/example_task_group.py
[2024-01-30T16:04:23.537+0100] {processor.py:840} INFO - DAG(s) 'example_task_group' retrieved from /home/ubuntu/.local/lib/python3.10/site-packages/airflow/example_dags/example_task_group.py
[2024-01-30T16:04:23.590+0100] {logging_mixin.py:188} INFO - [2024-01-30T16:04:23.590+0100] {dag.py:3033} INFO - Sync 1 DAGs
[2024-01-30T16:04:23.616+0100] {logging_mixin.py:188} INFO - [2024-01-30T16:04:23.616+0100] {dag.py:3820} INFO - Setting next_dagrun for example_task_group to 2024-01-29T00:00:00+00:00, run_after=2024-01-30T00:00:00+00:00
[2024-01-30T16:04:23.667+0100] {processor.py:183} INFO - Processing /home/ubuntu/.local/lib/python3.10/site-packages/airflow/example_dags/example_task_group.py took 0.236 seconds
[2024-01-30T16:05:16.402+0100] {processor.py:161} INFO - Started process (PID=10452) to work on /home/ubuntu/.local/lib/python3.10/site-packages/airflow/example_dags/example_task_group.py
[2024-01-30T16:05:16.415+0100] {processor.py:830} INFO - Processing file /home/ubuntu/.local/lib/python3.10/site-packages/airflow/example_dags/example_task_group.py for tasks to queue
[2024-01-30T16:05:16.417+0100] {logging_mixin.py:188} INFO - [2024-01-30T16:05:16.416+0100] {dagbag.py:538} INFO - Filling up the DagBag from /home/ubuntu/.local/lib/python3.10/site-packages/airflow/example_dags/example_task_group.py
[2024-01-30T16:05:16.430+0100] {processor.py:840} INFO - DAG(s) 'example_task_group' retrieved from /home/ubuntu/.local/lib/python3.10/site-packages/airflow/example_dags/example_task_group.py
[2024-01-30T16:05:16.477+0100] {logging_mixin.py:188} INFO - [2024-01-30T16:05:16.477+0100] {dag.py:3033} INFO - Sync 1 DAGs
[2024-01-30T16:05:16.510+0100] {logging_mixin.py:188} INFO - [2024-01-30T16:05:16.509+0100] {dag.py:3820} INFO - Setting next_dagrun for example_task_group to 2024-01-29T00:00:00+00:00, run_after=2024-01-30T00:00:00+00:00
[2024-01-30T16:05:16.564+0100] {processor.py:183} INFO - Processing /home/ubuntu/.local/lib/python3.10/site-packages/airflow/example_dags/example_task_group.py took 0.169 seconds
[2024-01-30T16:06:04.172+0100] {processor.py:161} INFO - Started process (PID=10497) to work on /home/ubuntu/.local/lib/python3.10/site-packages/airflow/example_dags/example_task_group.py
[2024-01-30T16:06:04.187+0100] {processor.py:830} INFO - Processing file /home/ubuntu/.local/lib/python3.10/site-packages/airflow/example_dags/example_task_group.py for tasks to queue
[2024-01-30T16:06:04.189+0100] {logging_mixin.py:188} INFO - [2024-01-30T16:06:04.188+0100] {dagbag.py:538} INFO - Filling up the DagBag from /home/ubuntu/.local/lib/python3.10/site-packages/airflow/example_dags/example_task_group.py
[2024-01-30T16:06:04.214+0100] {processor.py:840} INFO - DAG(s) 'example_task_group' retrieved from /home/ubuntu/.local/lib/python3.10/site-packages/airflow/example_dags/example_task_group.py
[2024-01-30T16:06:04.254+0100] {logging_mixin.py:188} INFO - [2024-01-30T16:06:04.253+0100] {dag.py:3033} INFO - Sync 1 DAGs
[2024-01-30T16:06:04.371+0100] {logging_mixin.py:188} INFO - [2024-01-30T16:06:04.370+0100] {dag.py:3820} INFO - Setting next_dagrun for example_task_group to 2024-01-29T00:00:00+00:00, run_after=2024-01-30T00:00:00+00:00
[2024-01-30T16:06:04.405+0100] {processor.py:183} INFO - Processing /home/ubuntu/.local/lib/python3.10/site-packages/airflow/example_dags/example_task_group.py took 0.244 seconds
