[2024-01-30T15:30:13.807+0100] {processor.py:161} INFO - Started process (PID=6612) to work on /home/ubuntu/.local/lib/python3.10/site-packages/airflow/example_dags/example_params_trigger_ui.py
[2024-01-30T15:30:13.809+0100] {processor.py:830} INFO - Processing file /home/ubuntu/.local/lib/python3.10/site-packages/airflow/example_dags/example_params_trigger_ui.py for tasks to queue
[2024-01-30T15:30:13.812+0100] {logging_mixin.py:188} INFO - [2024-01-30T15:30:13.812+0100] {dagbag.py:538} INFO - Filling up the DagBag from /home/ubuntu/.local/lib/python3.10/site-packages/airflow/example_dags/example_params_trigger_ui.py
[2024-01-30T15:30:13.830+0100] {processor.py:840} INFO - DAG(s) 'example_params_trigger_ui' retrieved from /home/ubuntu/.local/lib/python3.10/site-packages/airflow/example_dags/example_params_trigger_ui.py
[2024-01-30T15:30:13.947+0100] {logging_mixin.py:188} INFO - [2024-01-30T15:30:13.947+0100] {dag.py:3033} INFO - Sync 1 DAGs
[2024-01-30T15:30:13.959+0100] {logging_mixin.py:188} INFO - [2024-01-30T15:30:13.958+0100] {dag.py:3820} INFO - Setting next_dagrun for example_params_trigger_ui to None, run_after=None
[2024-01-30T15:30:13.996+0100] {processor.py:183} INFO - Processing /home/ubuntu/.local/lib/python3.10/site-packages/airflow/example_dags/example_params_trigger_ui.py took 0.193 seconds
[2024-01-30T15:31:13.967+0100] {processor.py:161} INFO - Started process (PID=6671) to work on /home/ubuntu/.local/lib/python3.10/site-packages/airflow/example_dags/example_params_trigger_ui.py
[2024-01-30T15:31:13.969+0100] {processor.py:830} INFO - Processing file /home/ubuntu/.local/lib/python3.10/site-packages/airflow/example_dags/example_params_trigger_ui.py for tasks to queue
[2024-01-30T15:31:13.970+0100] {logging_mixin.py:188} INFO - [2024-01-30T15:31:13.970+0100] {dagbag.py:538} INFO - Filling up the DagBag from /home/ubuntu/.local/lib/python3.10/site-packages/airflow/example_dags/example_params_trigger_ui.py
[2024-01-30T15:31:13.988+0100] {processor.py:840} INFO - DAG(s) 'example_params_trigger_ui' retrieved from /home/ubuntu/.local/lib/python3.10/site-packages/airflow/example_dags/example_params_trigger_ui.py
[2024-01-30T15:31:14.047+0100] {logging_mixin.py:188} INFO - [2024-01-30T15:31:14.046+0100] {dag.py:3033} INFO - Sync 1 DAGs
[2024-01-30T15:31:14.066+0100] {logging_mixin.py:188} INFO - [2024-01-30T15:31:14.065+0100] {dag.py:3820} INFO - Setting next_dagrun for example_params_trigger_ui to None, run_after=None
[2024-01-30T15:31:14.106+0100] {processor.py:183} INFO - Processing /home/ubuntu/.local/lib/python3.10/site-packages/airflow/example_dags/example_params_trigger_ui.py took 0.143 seconds
[2024-01-30T15:32:07.663+0100] {processor.py:161} INFO - Started process (PID=6729) to work on /home/ubuntu/.local/lib/python3.10/site-packages/airflow/example_dags/example_params_trigger_ui.py
[2024-01-30T15:32:07.666+0100] {processor.py:830} INFO - Processing file /home/ubuntu/.local/lib/python3.10/site-packages/airflow/example_dags/example_params_trigger_ui.py for tasks to queue
[2024-01-30T15:32:07.669+0100] {logging_mixin.py:188} INFO - [2024-01-30T15:32:07.669+0100] {dagbag.py:538} INFO - Filling up the DagBag from /home/ubuntu/.local/lib/python3.10/site-packages/airflow/example_dags/example_params_trigger_ui.py
[2024-01-30T15:32:07.702+0100] {processor.py:840} INFO - DAG(s) 'example_params_trigger_ui' retrieved from /home/ubuntu/.local/lib/python3.10/site-packages/airflow/example_dags/example_params_trigger_ui.py
[2024-01-30T15:32:07.787+0100] {logging_mixin.py:188} INFO - [2024-01-30T15:32:07.787+0100] {dag.py:3033} INFO - Sync 1 DAGs
[2024-01-30T15:32:07.812+0100] {logging_mixin.py:188} INFO - [2024-01-30T15:32:07.811+0100] {dag.py:3820} INFO - Setting next_dagrun for example_params_trigger_ui to None, run_after=None
[2024-01-30T15:32:07.864+0100] {processor.py:183} INFO - Processing /home/ubuntu/.local/lib/python3.10/site-packages/airflow/example_dags/example_params_trigger_ui.py took 0.207 seconds
[2024-01-30T15:33:13.849+0100] {processor.py:161} INFO - Started process (PID=6796) to work on /home/ubuntu/.local/lib/python3.10/site-packages/airflow/example_dags/example_params_trigger_ui.py
[2024-01-30T15:33:13.852+0100] {processor.py:830} INFO - Processing file /home/ubuntu/.local/lib/python3.10/site-packages/airflow/example_dags/example_params_trigger_ui.py for tasks to queue
[2024-01-30T15:33:13.854+0100] {logging_mixin.py:188} INFO - [2024-01-30T15:33:13.853+0100] {dagbag.py:538} INFO - Filling up the DagBag from /home/ubuntu/.local/lib/python3.10/site-packages/airflow/example_dags/example_params_trigger_ui.py
[2024-01-30T15:33:13.892+0100] {processor.py:840} INFO - DAG(s) 'example_params_trigger_ui' retrieved from /home/ubuntu/.local/lib/python3.10/site-packages/airflow/example_dags/example_params_trigger_ui.py
[2024-01-30T15:33:13.961+0100] {logging_mixin.py:188} INFO - [2024-01-30T15:33:13.961+0100] {dag.py:3033} INFO - Sync 1 DAGs
[2024-01-30T15:33:13.980+0100] {logging_mixin.py:188} INFO - [2024-01-30T15:33:13.979+0100] {dag.py:3820} INFO - Setting next_dagrun for example_params_trigger_ui to None, run_after=None
[2024-01-30T15:33:14.045+0100] {processor.py:183} INFO - Processing /home/ubuntu/.local/lib/python3.10/site-packages/airflow/example_dags/example_params_trigger_ui.py took 0.200 seconds
[2024-01-30T15:34:17.141+0100] {processor.py:161} INFO - Started process (PID=6857) to work on /home/ubuntu/.local/lib/python3.10/site-packages/airflow/example_dags/example_params_trigger_ui.py
[2024-01-30T15:34:17.144+0100] {processor.py:830} INFO - Processing file /home/ubuntu/.local/lib/python3.10/site-packages/airflow/example_dags/example_params_trigger_ui.py for tasks to queue
[2024-01-30T15:34:17.145+0100] {logging_mixin.py:188} INFO - [2024-01-30T15:34:17.145+0100] {dagbag.py:538} INFO - Filling up the DagBag from /home/ubuntu/.local/lib/python3.10/site-packages/airflow/example_dags/example_params_trigger_ui.py
[2024-01-30T15:34:17.162+0100] {processor.py:840} INFO - DAG(s) 'example_params_trigger_ui' retrieved from /home/ubuntu/.local/lib/python3.10/site-packages/airflow/example_dags/example_params_trigger_ui.py
[2024-01-30T15:34:17.218+0100] {logging_mixin.py:188} INFO - [2024-01-30T15:34:17.218+0100] {dag.py:3033} INFO - Sync 1 DAGs
[2024-01-30T15:34:17.286+0100] {logging_mixin.py:188} INFO - [2024-01-30T15:34:17.286+0100] {dag.py:3820} INFO - Setting next_dagrun for example_params_trigger_ui to None, run_after=None
[2024-01-30T15:34:17.350+0100] {processor.py:183} INFO - Processing /home/ubuntu/.local/lib/python3.10/site-packages/airflow/example_dags/example_params_trigger_ui.py took 0.212 seconds
[2024-01-30T15:35:12.376+0100] {processor.py:161} INFO - Started process (PID=6917) to work on /home/ubuntu/.local/lib/python3.10/site-packages/airflow/example_dags/example_params_trigger_ui.py
[2024-01-30T15:35:12.378+0100] {processor.py:830} INFO - Processing file /home/ubuntu/.local/lib/python3.10/site-packages/airflow/example_dags/example_params_trigger_ui.py for tasks to queue
[2024-01-30T15:35:12.379+0100] {logging_mixin.py:188} INFO - [2024-01-30T15:35:12.378+0100] {dagbag.py:538} INFO - Filling up the DagBag from /home/ubuntu/.local/lib/python3.10/site-packages/airflow/example_dags/example_params_trigger_ui.py
[2024-01-30T15:35:12.396+0100] {processor.py:840} INFO - DAG(s) 'example_params_trigger_ui' retrieved from /home/ubuntu/.local/lib/python3.10/site-packages/airflow/example_dags/example_params_trigger_ui.py
[2024-01-30T15:35:12.481+0100] {logging_mixin.py:188} INFO - [2024-01-30T15:35:12.480+0100] {dag.py:3033} INFO - Sync 1 DAGs
[2024-01-30T15:35:12.504+0100] {logging_mixin.py:188} INFO - [2024-01-30T15:35:12.503+0100] {dag.py:3820} INFO - Setting next_dagrun for example_params_trigger_ui to None, run_after=None
[2024-01-30T15:35:12.562+0100] {processor.py:183} INFO - Processing /home/ubuntu/.local/lib/python3.10/site-packages/airflow/example_dags/example_params_trigger_ui.py took 0.190 seconds
[2024-01-30T15:36:00.816+0100] {processor.py:161} INFO - Started process (PID=6970) to work on /home/ubuntu/.local/lib/python3.10/site-packages/airflow/example_dags/example_params_trigger_ui.py
[2024-01-30T15:36:00.817+0100] {processor.py:830} INFO - Processing file /home/ubuntu/.local/lib/python3.10/site-packages/airflow/example_dags/example_params_trigger_ui.py for tasks to queue
[2024-01-30T15:36:00.818+0100] {logging_mixin.py:188} INFO - [2024-01-30T15:36:00.818+0100] {dagbag.py:538} INFO - Filling up the DagBag from /home/ubuntu/.local/lib/python3.10/site-packages/airflow/example_dags/example_params_trigger_ui.py
[2024-01-30T15:36:00.834+0100] {processor.py:840} INFO - DAG(s) 'example_params_trigger_ui' retrieved from /home/ubuntu/.local/lib/python3.10/site-packages/airflow/example_dags/example_params_trigger_ui.py
[2024-01-30T15:36:00.882+0100] {logging_mixin.py:188} INFO - [2024-01-30T15:36:00.882+0100] {dag.py:3033} INFO - Sync 1 DAGs
[2024-01-30T15:36:00.896+0100] {logging_mixin.py:188} INFO - [2024-01-30T15:36:00.895+0100] {dag.py:3820} INFO - Setting next_dagrun for example_params_trigger_ui to None, run_after=None
[2024-01-30T15:36:00.925+0100] {processor.py:183} INFO - Processing /home/ubuntu/.local/lib/python3.10/site-packages/airflow/example_dags/example_params_trigger_ui.py took 0.112 seconds
[2024-01-30T15:36:50.767+0100] {processor.py:161} INFO - Started process (PID=7021) to work on /home/ubuntu/.local/lib/python3.10/site-packages/airflow/example_dags/example_params_trigger_ui.py
[2024-01-30T15:36:50.769+0100] {processor.py:830} INFO - Processing file /home/ubuntu/.local/lib/python3.10/site-packages/airflow/example_dags/example_params_trigger_ui.py for tasks to queue
[2024-01-30T15:36:50.770+0100] {logging_mixin.py:188} INFO - [2024-01-30T15:36:50.770+0100] {dagbag.py:538} INFO - Filling up the DagBag from /home/ubuntu/.local/lib/python3.10/site-packages/airflow/example_dags/example_params_trigger_ui.py
[2024-01-30T15:36:50.785+0100] {processor.py:840} INFO - DAG(s) 'example_params_trigger_ui' retrieved from /home/ubuntu/.local/lib/python3.10/site-packages/airflow/example_dags/example_params_trigger_ui.py
[2024-01-30T15:36:50.824+0100] {logging_mixin.py:188} INFO - [2024-01-30T15:36:50.824+0100] {dag.py:3033} INFO - Sync 1 DAGs
[2024-01-30T15:36:50.844+0100] {logging_mixin.py:188} INFO - [2024-01-30T15:36:50.844+0100] {dag.py:3820} INFO - Setting next_dagrun for example_params_trigger_ui to None, run_after=None
[2024-01-30T15:36:50.885+0100] {processor.py:183} INFO - Processing /home/ubuntu/.local/lib/python3.10/site-packages/airflow/example_dags/example_params_trigger_ui.py took 0.122 seconds
[2024-01-30T15:37:45.328+0100] {processor.py:161} INFO - Started process (PID=7079) to work on /home/ubuntu/.local/lib/python3.10/site-packages/airflow/example_dags/example_params_trigger_ui.py
[2024-01-30T15:37:45.332+0100] {processor.py:830} INFO - Processing file /home/ubuntu/.local/lib/python3.10/site-packages/airflow/example_dags/example_params_trigger_ui.py for tasks to queue
[2024-01-30T15:37:45.333+0100] {logging_mixin.py:188} INFO - [2024-01-30T15:37:45.333+0100] {dagbag.py:538} INFO - Filling up the DagBag from /home/ubuntu/.local/lib/python3.10/site-packages/airflow/example_dags/example_params_trigger_ui.py
[2024-01-30T15:37:45.366+0100] {processor.py:840} INFO - DAG(s) 'example_params_trigger_ui' retrieved from /home/ubuntu/.local/lib/python3.10/site-packages/airflow/example_dags/example_params_trigger_ui.py
[2024-01-30T15:37:45.450+0100] {logging_mixin.py:188} INFO - [2024-01-30T15:37:45.449+0100] {dag.py:3033} INFO - Sync 1 DAGs
[2024-01-30T15:37:45.473+0100] {logging_mixin.py:188} INFO - [2024-01-30T15:37:45.473+0100] {dag.py:3820} INFO - Setting next_dagrun for example_params_trigger_ui to None, run_after=None
[2024-01-30T15:37:45.525+0100] {processor.py:183} INFO - Processing /home/ubuntu/.local/lib/python3.10/site-packages/airflow/example_dags/example_params_trigger_ui.py took 0.204 seconds
[2024-01-30T15:38:35.923+0100] {processor.py:161} INFO - Started process (PID=7141) to work on /home/ubuntu/.local/lib/python3.10/site-packages/airflow/example_dags/example_params_trigger_ui.py
[2024-01-30T15:38:35.925+0100] {processor.py:830} INFO - Processing file /home/ubuntu/.local/lib/python3.10/site-packages/airflow/example_dags/example_params_trigger_ui.py for tasks to queue
[2024-01-30T15:38:35.926+0100] {logging_mixin.py:188} INFO - [2024-01-30T15:38:35.926+0100] {dagbag.py:538} INFO - Filling up the DagBag from /home/ubuntu/.local/lib/python3.10/site-packages/airflow/example_dags/example_params_trigger_ui.py
[2024-01-30T15:38:35.942+0100] {processor.py:840} INFO - DAG(s) 'example_params_trigger_ui' retrieved from /home/ubuntu/.local/lib/python3.10/site-packages/airflow/example_dags/example_params_trigger_ui.py
[2024-01-30T15:38:35.989+0100] {logging_mixin.py:188} INFO - [2024-01-30T15:38:35.988+0100] {dag.py:3033} INFO - Sync 1 DAGs
[2024-01-30T15:38:36.003+0100] {logging_mixin.py:188} INFO - [2024-01-30T15:38:36.003+0100] {dag.py:3820} INFO - Setting next_dagrun for example_params_trigger_ui to None, run_after=None
[2024-01-30T15:38:36.032+0100] {processor.py:183} INFO - Processing /home/ubuntu/.local/lib/python3.10/site-packages/airflow/example_dags/example_params_trigger_ui.py took 0.114 seconds
[2024-01-30T15:39:36.954+0100] {processor.py:161} INFO - Started process (PID=7281) to work on /home/ubuntu/.local/lib/python3.10/site-packages/airflow/example_dags/example_params_trigger_ui.py
[2024-01-30T15:39:36.957+0100] {processor.py:830} INFO - Processing file /home/ubuntu/.local/lib/python3.10/site-packages/airflow/example_dags/example_params_trigger_ui.py for tasks to queue
[2024-01-30T15:39:36.959+0100] {logging_mixin.py:188} INFO - [2024-01-30T15:39:36.958+0100] {dagbag.py:538} INFO - Filling up the DagBag from /home/ubuntu/.local/lib/python3.10/site-packages/airflow/example_dags/example_params_trigger_ui.py
[2024-01-30T15:39:36.973+0100] {processor.py:840} INFO - DAG(s) 'example_params_trigger_ui' retrieved from /home/ubuntu/.local/lib/python3.10/site-packages/airflow/example_dags/example_params_trigger_ui.py
[2024-01-30T15:39:37.015+0100] {logging_mixin.py:188} INFO - [2024-01-30T15:39:37.014+0100] {dag.py:3033} INFO - Sync 1 DAGs
[2024-01-30T15:39:37.031+0100] {logging_mixin.py:188} INFO - [2024-01-30T15:39:37.030+0100] {dag.py:3820} INFO - Setting next_dagrun for example_params_trigger_ui to None, run_after=None
[2024-01-30T15:39:37.071+0100] {processor.py:183} INFO - Processing /home/ubuntu/.local/lib/python3.10/site-packages/airflow/example_dags/example_params_trigger_ui.py took 0.121 seconds
[2024-01-30T15:40:36.923+0100] {processor.py:161} INFO - Started process (PID=7339) to work on /home/ubuntu/.local/lib/python3.10/site-packages/airflow/example_dags/example_params_trigger_ui.py
[2024-01-30T15:40:36.927+0100] {processor.py:830} INFO - Processing file /home/ubuntu/.local/lib/python3.10/site-packages/airflow/example_dags/example_params_trigger_ui.py for tasks to queue
[2024-01-30T15:40:36.931+0100] {logging_mixin.py:188} INFO - [2024-01-30T15:40:36.930+0100] {dagbag.py:538} INFO - Filling up the DagBag from /home/ubuntu/.local/lib/python3.10/site-packages/airflow/example_dags/example_params_trigger_ui.py
[2024-01-30T15:40:36.975+0100] {processor.py:840} INFO - DAG(s) 'example_params_trigger_ui' retrieved from /home/ubuntu/.local/lib/python3.10/site-packages/airflow/example_dags/example_params_trigger_ui.py
[2024-01-30T15:40:37.154+0100] {logging_mixin.py:188} INFO - [2024-01-30T15:40:37.150+0100] {dag.py:3033} INFO - Sync 1 DAGs
[2024-01-30T15:40:37.225+0100] {logging_mixin.py:188} INFO - [2024-01-30T15:40:37.225+0100] {dag.py:3820} INFO - Setting next_dagrun for example_params_trigger_ui to None, run_after=None
[2024-01-30T15:40:37.365+0100] {processor.py:183} INFO - Processing /home/ubuntu/.local/lib/python3.10/site-packages/airflow/example_dags/example_params_trigger_ui.py took 0.451 seconds
[2024-01-30T15:41:42.335+0100] {processor.py:161} INFO - Started process (PID=7405) to work on /home/ubuntu/.local/lib/python3.10/site-packages/airflow/example_dags/example_params_trigger_ui.py
[2024-01-30T15:41:42.338+0100] {processor.py:830} INFO - Processing file /home/ubuntu/.local/lib/python3.10/site-packages/airflow/example_dags/example_params_trigger_ui.py for tasks to queue
[2024-01-30T15:41:42.339+0100] {logging_mixin.py:188} INFO - [2024-01-30T15:41:42.339+0100] {dagbag.py:538} INFO - Filling up the DagBag from /home/ubuntu/.local/lib/python3.10/site-packages/airflow/example_dags/example_params_trigger_ui.py
[2024-01-30T15:41:42.368+0100] {processor.py:840} INFO - DAG(s) 'example_params_trigger_ui' retrieved from /home/ubuntu/.local/lib/python3.10/site-packages/airflow/example_dags/example_params_trigger_ui.py
[2024-01-30T15:41:42.439+0100] {logging_mixin.py:188} INFO - [2024-01-30T15:41:42.439+0100] {dag.py:3033} INFO - Sync 1 DAGs
[2024-01-30T15:41:42.455+0100] {logging_mixin.py:188} INFO - [2024-01-30T15:41:42.455+0100] {dag.py:3820} INFO - Setting next_dagrun for example_params_trigger_ui to None, run_after=None
[2024-01-30T15:41:42.496+0100] {processor.py:183} INFO - Processing /home/ubuntu/.local/lib/python3.10/site-packages/airflow/example_dags/example_params_trigger_ui.py took 0.168 seconds
[2024-01-30T15:42:47.138+0100] {processor.py:161} INFO - Started process (PID=7631) to work on /home/ubuntu/.local/lib/python3.10/site-packages/airflow/example_dags/example_params_trigger_ui.py
[2024-01-30T15:42:47.141+0100] {processor.py:830} INFO - Processing file /home/ubuntu/.local/lib/python3.10/site-packages/airflow/example_dags/example_params_trigger_ui.py for tasks to queue
[2024-01-30T15:42:47.143+0100] {logging_mixin.py:188} INFO - [2024-01-30T15:42:47.142+0100] {dagbag.py:538} INFO - Filling up the DagBag from /home/ubuntu/.local/lib/python3.10/site-packages/airflow/example_dags/example_params_trigger_ui.py
[2024-01-30T15:42:47.177+0100] {processor.py:840} INFO - DAG(s) 'example_params_trigger_ui' retrieved from /home/ubuntu/.local/lib/python3.10/site-packages/airflow/example_dags/example_params_trigger_ui.py
[2024-01-30T15:42:47.255+0100] {logging_mixin.py:188} INFO - [2024-01-30T15:42:47.255+0100] {dag.py:3033} INFO - Sync 1 DAGs
[2024-01-30T15:42:47.275+0100] {logging_mixin.py:188} INFO - [2024-01-30T15:42:47.275+0100] {dag.py:3820} INFO - Setting next_dagrun for example_params_trigger_ui to None, run_after=None
[2024-01-30T15:42:47.326+0100] {processor.py:183} INFO - Processing /home/ubuntu/.local/lib/python3.10/site-packages/airflow/example_dags/example_params_trigger_ui.py took 0.193 seconds
[2024-01-30T15:43:43.763+0100] {processor.py:161} INFO - Started process (PID=7899) to work on /home/ubuntu/.local/lib/python3.10/site-packages/airflow/example_dags/example_params_trigger_ui.py
[2024-01-30T15:43:43.767+0100] {processor.py:830} INFO - Processing file /home/ubuntu/.local/lib/python3.10/site-packages/airflow/example_dags/example_params_trigger_ui.py for tasks to queue
[2024-01-30T15:43:43.769+0100] {logging_mixin.py:188} INFO - [2024-01-30T15:43:43.769+0100] {dagbag.py:538} INFO - Filling up the DagBag from /home/ubuntu/.local/lib/python3.10/site-packages/airflow/example_dags/example_params_trigger_ui.py
[2024-01-30T15:43:43.788+0100] {processor.py:840} INFO - DAG(s) 'example_params_trigger_ui' retrieved from /home/ubuntu/.local/lib/python3.10/site-packages/airflow/example_dags/example_params_trigger_ui.py
[2024-01-30T15:43:43.833+0100] {logging_mixin.py:188} INFO - [2024-01-30T15:43:43.833+0100] {dag.py:3033} INFO - Sync 1 DAGs
[2024-01-30T15:43:43.845+0100] {logging_mixin.py:188} INFO - [2024-01-30T15:43:43.845+0100] {dag.py:3820} INFO - Setting next_dagrun for example_params_trigger_ui to None, run_after=None
[2024-01-30T15:43:43.880+0100] {processor.py:183} INFO - Processing /home/ubuntu/.local/lib/python3.10/site-packages/airflow/example_dags/example_params_trigger_ui.py took 0.122 seconds
[2024-01-30T15:44:50.183+0100] {processor.py:161} INFO - Started process (PID=8193) to work on /home/ubuntu/.local/lib/python3.10/site-packages/airflow/example_dags/example_params_trigger_ui.py
[2024-01-30T15:44:50.186+0100] {processor.py:830} INFO - Processing file /home/ubuntu/.local/lib/python3.10/site-packages/airflow/example_dags/example_params_trigger_ui.py for tasks to queue
[2024-01-30T15:44:50.187+0100] {logging_mixin.py:188} INFO - [2024-01-30T15:44:50.186+0100] {dagbag.py:538} INFO - Filling up the DagBag from /home/ubuntu/.local/lib/python3.10/site-packages/airflow/example_dags/example_params_trigger_ui.py
[2024-01-30T15:44:50.216+0100] {processor.py:840} INFO - DAG(s) 'example_params_trigger_ui' retrieved from /home/ubuntu/.local/lib/python3.10/site-packages/airflow/example_dags/example_params_trigger_ui.py
[2024-01-30T15:44:50.388+0100] {logging_mixin.py:188} INFO - [2024-01-30T15:44:50.387+0100] {dag.py:3033} INFO - Sync 1 DAGs
[2024-01-30T15:44:50.475+0100] {logging_mixin.py:188} INFO - [2024-01-30T15:44:50.468+0100] {dag.py:3820} INFO - Setting next_dagrun for example_params_trigger_ui to None, run_after=None
[2024-01-30T15:44:50.629+0100] {processor.py:183} INFO - Processing /home/ubuntu/.local/lib/python3.10/site-packages/airflow/example_dags/example_params_trigger_ui.py took 0.450 seconds
[2024-01-30T15:45:40.932+0100] {processor.py:161} INFO - Started process (PID=8275) to work on /home/ubuntu/.local/lib/python3.10/site-packages/airflow/example_dags/example_params_trigger_ui.py
[2024-01-30T15:45:40.934+0100] {processor.py:830} INFO - Processing file /home/ubuntu/.local/lib/python3.10/site-packages/airflow/example_dags/example_params_trigger_ui.py for tasks to queue
[2024-01-30T15:45:40.935+0100] {logging_mixin.py:188} INFO - [2024-01-30T15:45:40.935+0100] {dagbag.py:538} INFO - Filling up the DagBag from /home/ubuntu/.local/lib/python3.10/site-packages/airflow/example_dags/example_params_trigger_ui.py
[2024-01-30T15:45:40.954+0100] {processor.py:840} INFO - DAG(s) 'example_params_trigger_ui' retrieved from /home/ubuntu/.local/lib/python3.10/site-packages/airflow/example_dags/example_params_trigger_ui.py
[2024-01-30T15:45:40.997+0100] {logging_mixin.py:188} INFO - [2024-01-30T15:45:40.997+0100] {dag.py:3033} INFO - Sync 1 DAGs
[2024-01-30T15:45:41.012+0100] {logging_mixin.py:188} INFO - [2024-01-30T15:45:41.011+0100] {dag.py:3820} INFO - Setting next_dagrun for example_params_trigger_ui to None, run_after=None
[2024-01-30T15:45:41.046+0100] {processor.py:183} INFO - Processing /home/ubuntu/.local/lib/python3.10/site-packages/airflow/example_dags/example_params_trigger_ui.py took 0.117 seconds
[2024-01-30T15:46:40.748+0100] {processor.py:161} INFO - Started process (PID=8338) to work on /home/ubuntu/.local/lib/python3.10/site-packages/airflow/example_dags/example_params_trigger_ui.py
[2024-01-30T15:46:40.750+0100] {processor.py:830} INFO - Processing file /home/ubuntu/.local/lib/python3.10/site-packages/airflow/example_dags/example_params_trigger_ui.py for tasks to queue
[2024-01-30T15:46:40.751+0100] {logging_mixin.py:188} INFO - [2024-01-30T15:46:40.751+0100] {dagbag.py:538} INFO - Filling up the DagBag from /home/ubuntu/.local/lib/python3.10/site-packages/airflow/example_dags/example_params_trigger_ui.py
[2024-01-30T15:46:40.770+0100] {processor.py:840} INFO - DAG(s) 'example_params_trigger_ui' retrieved from /home/ubuntu/.local/lib/python3.10/site-packages/airflow/example_dags/example_params_trigger_ui.py
[2024-01-30T15:46:40.836+0100] {logging_mixin.py:188} INFO - [2024-01-30T15:46:40.836+0100] {dag.py:3033} INFO - Sync 1 DAGs
[2024-01-30T15:46:40.847+0100] {logging_mixin.py:188} INFO - [2024-01-30T15:46:40.847+0100] {dag.py:3820} INFO - Setting next_dagrun for example_params_trigger_ui to None, run_after=None
[2024-01-30T15:46:40.877+0100] {processor.py:183} INFO - Processing /home/ubuntu/.local/lib/python3.10/site-packages/airflow/example_dags/example_params_trigger_ui.py took 0.132 seconds
[2024-01-30T15:47:34.112+0100] {processor.py:161} INFO - Started process (PID=8408) to work on /home/ubuntu/.local/lib/python3.10/site-packages/airflow/example_dags/example_params_trigger_ui.py
[2024-01-30T15:47:34.117+0100] {processor.py:830} INFO - Processing file /home/ubuntu/.local/lib/python3.10/site-packages/airflow/example_dags/example_params_trigger_ui.py for tasks to queue
[2024-01-30T15:47:34.126+0100] {logging_mixin.py:188} INFO - [2024-01-30T15:47:34.123+0100] {dagbag.py:538} INFO - Filling up the DagBag from /home/ubuntu/.local/lib/python3.10/site-packages/airflow/example_dags/example_params_trigger_ui.py
[2024-01-30T15:47:34.181+0100] {processor.py:840} INFO - DAG(s) 'example_params_trigger_ui' retrieved from /home/ubuntu/.local/lib/python3.10/site-packages/airflow/example_dags/example_params_trigger_ui.py
[2024-01-30T15:47:34.363+0100] {logging_mixin.py:188} INFO - [2024-01-30T15:47:34.362+0100] {dag.py:3033} INFO - Sync 1 DAGs
[2024-01-30T15:47:34.409+0100] {logging_mixin.py:188} INFO - [2024-01-30T15:47:34.409+0100] {dag.py:3820} INFO - Setting next_dagrun for example_params_trigger_ui to None, run_after=None
[2024-01-30T15:47:34.503+0100] {processor.py:183} INFO - Processing /home/ubuntu/.local/lib/python3.10/site-packages/airflow/example_dags/example_params_trigger_ui.py took 0.405 seconds
[2024-01-30T15:50:58.515+0100] {processor.py:161} INFO - Started process (PID=9143) to work on /home/ubuntu/.local/lib/python3.10/site-packages/airflow/example_dags/example_params_trigger_ui.py
[2024-01-30T15:50:58.544+0100] {processor.py:830} INFO - Processing file /home/ubuntu/.local/lib/python3.10/site-packages/airflow/example_dags/example_params_trigger_ui.py for tasks to queue
[2024-01-30T15:50:58.549+0100] {logging_mixin.py:188} INFO - [2024-01-30T15:50:58.547+0100] {dagbag.py:538} INFO - Filling up the DagBag from /home/ubuntu/.local/lib/python3.10/site-packages/airflow/example_dags/example_params_trigger_ui.py
[2024-01-30T15:50:59.365+0100] {processor.py:840} INFO - DAG(s) 'example_params_trigger_ui' retrieved from /home/ubuntu/.local/lib/python3.10/site-packages/airflow/example_dags/example_params_trigger_ui.py
[2024-01-30T15:50:59.773+0100] {logging_mixin.py:188} INFO - [2024-01-30T15:50:59.773+0100] {dag.py:3033} INFO - Sync 1 DAGs
[2024-01-30T15:50:59.897+0100] {logging_mixin.py:188} INFO - [2024-01-30T15:50:59.896+0100] {dag.py:3820} INFO - Setting next_dagrun for example_params_trigger_ui to None, run_after=None
[2024-01-30T15:51:00.324+0100] {processor.py:183} INFO - Processing /home/ubuntu/.local/lib/python3.10/site-packages/airflow/example_dags/example_params_trigger_ui.py took 1.816 seconds
[2024-01-30T15:52:45.512+0100] {processor.py:161} INFO - Started process (PID=9508) to work on /home/ubuntu/.local/lib/python3.10/site-packages/airflow/example_dags/example_params_trigger_ui.py
[2024-01-30T15:52:45.547+0100] {processor.py:830} INFO - Processing file /home/ubuntu/.local/lib/python3.10/site-packages/airflow/example_dags/example_params_trigger_ui.py for tasks to queue
[2024-01-30T15:52:45.548+0100] {logging_mixin.py:188} INFO - [2024-01-30T15:52:45.548+0100] {dagbag.py:538} INFO - Filling up the DagBag from /home/ubuntu/.local/lib/python3.10/site-packages/airflow/example_dags/example_params_trigger_ui.py
[2024-01-30T15:52:45.616+0100] {processor.py:840} INFO - DAG(s) 'example_params_trigger_ui' retrieved from /home/ubuntu/.local/lib/python3.10/site-packages/airflow/example_dags/example_params_trigger_ui.py
[2024-01-30T15:52:45.707+0100] {logging_mixin.py:188} INFO - [2024-01-30T15:52:45.706+0100] {dag.py:3033} INFO - Sync 1 DAGs
[2024-01-30T15:52:45.731+0100] {logging_mixin.py:188} INFO - [2024-01-30T15:52:45.731+0100] {dag.py:3820} INFO - Setting next_dagrun for example_params_trigger_ui to None, run_after=None
[2024-01-30T15:52:45.793+0100] {processor.py:183} INFO - Processing /home/ubuntu/.local/lib/python3.10/site-packages/airflow/example_dags/example_params_trigger_ui.py took 0.293 seconds
[2024-01-30T15:54:48.104+0100] {processor.py:161} INFO - Started process (PID=9823) to work on /home/ubuntu/.local/lib/python3.10/site-packages/airflow/example_dags/example_params_trigger_ui.py
[2024-01-30T15:54:48.115+0100] {processor.py:830} INFO - Processing file /home/ubuntu/.local/lib/python3.10/site-packages/airflow/example_dags/example_params_trigger_ui.py for tasks to queue
[2024-01-30T15:54:48.117+0100] {logging_mixin.py:188} INFO - [2024-01-30T15:54:48.116+0100] {dagbag.py:538} INFO - Filling up the DagBag from /home/ubuntu/.local/lib/python3.10/site-packages/airflow/example_dags/example_params_trigger_ui.py
[2024-01-30T15:54:48.230+0100] {processor.py:840} INFO - DAG(s) 'example_params_trigger_ui' retrieved from /home/ubuntu/.local/lib/python3.10/site-packages/airflow/example_dags/example_params_trigger_ui.py
[2024-01-30T15:54:48.597+0100] {logging_mixin.py:188} INFO - [2024-01-30T15:54:48.596+0100] {dag.py:3033} INFO - Sync 1 DAGs
[2024-01-30T15:54:48.644+0100] {logging_mixin.py:188} INFO - [2024-01-30T15:54:48.644+0100] {dag.py:3820} INFO - Setting next_dagrun for example_params_trigger_ui to None, run_after=None
[2024-01-30T15:54:49.226+0100] {processor.py:183} INFO - Processing /home/ubuntu/.local/lib/python3.10/site-packages/airflow/example_dags/example_params_trigger_ui.py took 1.165 seconds
[2024-01-30T15:56:54.524+0100] {processor.py:161} INFO - Started process (PID=9942) to work on /home/ubuntu/.local/lib/python3.10/site-packages/airflow/example_dags/example_params_trigger_ui.py
[2024-01-30T15:56:54.528+0100] {processor.py:830} INFO - Processing file /home/ubuntu/.local/lib/python3.10/site-packages/airflow/example_dags/example_params_trigger_ui.py for tasks to queue
[2024-01-30T15:56:54.531+0100] {logging_mixin.py:188} INFO - [2024-01-30T15:56:54.530+0100] {dagbag.py:538} INFO - Filling up the DagBag from /home/ubuntu/.local/lib/python3.10/site-packages/airflow/example_dags/example_params_trigger_ui.py
[2024-01-30T15:56:54.552+0100] {processor.py:840} INFO - DAG(s) 'example_params_trigger_ui' retrieved from /home/ubuntu/.local/lib/python3.10/site-packages/airflow/example_dags/example_params_trigger_ui.py
[2024-01-30T15:56:54.606+0100] {logging_mixin.py:188} INFO - [2024-01-30T15:56:54.606+0100] {dag.py:3033} INFO - Sync 1 DAGs
[2024-01-30T15:56:54.623+0100] {logging_mixin.py:188} INFO - [2024-01-30T15:56:54.622+0100] {dag.py:3820} INFO - Setting next_dagrun for example_params_trigger_ui to None, run_after=None
[2024-01-30T15:56:54.662+0100] {processor.py:183} INFO - Processing /home/ubuntu/.local/lib/python3.10/site-packages/airflow/example_dags/example_params_trigger_ui.py took 0.142 seconds
[2024-01-30T15:58:36.526+0100] {processor.py:161} INFO - Started process (PID=10047) to work on /home/ubuntu/.local/lib/python3.10/site-packages/airflow/example_dags/example_params_trigger_ui.py
[2024-01-30T15:58:36.529+0100] {processor.py:830} INFO - Processing file /home/ubuntu/.local/lib/python3.10/site-packages/airflow/example_dags/example_params_trigger_ui.py for tasks to queue
[2024-01-30T15:58:36.530+0100] {logging_mixin.py:188} INFO - [2024-01-30T15:58:36.530+0100] {dagbag.py:538} INFO - Filling up the DagBag from /home/ubuntu/.local/lib/python3.10/site-packages/airflow/example_dags/example_params_trigger_ui.py
[2024-01-30T15:58:36.545+0100] {processor.py:840} INFO - DAG(s) 'example_params_trigger_ui' retrieved from /home/ubuntu/.local/lib/python3.10/site-packages/airflow/example_dags/example_params_trigger_ui.py
[2024-01-30T15:58:36.589+0100] {logging_mixin.py:188} INFO - [2024-01-30T15:58:36.589+0100] {dag.py:3033} INFO - Sync 1 DAGs
[2024-01-30T15:58:36.602+0100] {logging_mixin.py:188} INFO - [2024-01-30T15:58:36.601+0100] {dag.py:3820} INFO - Setting next_dagrun for example_params_trigger_ui to None, run_after=None
[2024-01-30T15:58:36.653+0100] {processor.py:183} INFO - Processing /home/ubuntu/.local/lib/python3.10/site-packages/airflow/example_dags/example_params_trigger_ui.py took 0.131 seconds
[2024-01-30T15:59:45.134+0100] {processor.py:161} INFO - Started process (PID=10119) to work on /home/ubuntu/.local/lib/python3.10/site-packages/airflow/example_dags/example_params_trigger_ui.py
[2024-01-30T15:59:45.147+0100] {processor.py:830} INFO - Processing file /home/ubuntu/.local/lib/python3.10/site-packages/airflow/example_dags/example_params_trigger_ui.py for tasks to queue
[2024-01-30T15:59:45.148+0100] {logging_mixin.py:188} INFO - [2024-01-30T15:59:45.148+0100] {dagbag.py:538} INFO - Filling up the DagBag from /home/ubuntu/.local/lib/python3.10/site-packages/airflow/example_dags/example_params_trigger_ui.py
[2024-01-30T15:59:45.166+0100] {processor.py:840} INFO - DAG(s) 'example_params_trigger_ui' retrieved from /home/ubuntu/.local/lib/python3.10/site-packages/airflow/example_dags/example_params_trigger_ui.py
[2024-01-30T15:59:45.207+0100] {logging_mixin.py:188} INFO - [2024-01-30T15:59:45.207+0100] {dag.py:3033} INFO - Sync 1 DAGs
[2024-01-30T15:59:45.226+0100] {logging_mixin.py:188} INFO - [2024-01-30T15:59:45.226+0100] {dag.py:3820} INFO - Setting next_dagrun for example_params_trigger_ui to None, run_after=None
[2024-01-30T15:59:45.261+0100] {processor.py:183} INFO - Processing /home/ubuntu/.local/lib/python3.10/site-packages/airflow/example_dags/example_params_trigger_ui.py took 0.131 seconds
[2024-01-30T16:00:41.992+0100] {processor.py:161} INFO - Started process (PID=10177) to work on /home/ubuntu/.local/lib/python3.10/site-packages/airflow/example_dags/example_params_trigger_ui.py
[2024-01-30T16:00:41.995+0100] {processor.py:830} INFO - Processing file /home/ubuntu/.local/lib/python3.10/site-packages/airflow/example_dags/example_params_trigger_ui.py for tasks to queue
[2024-01-30T16:00:42.003+0100] {logging_mixin.py:188} INFO - [2024-01-30T16:00:41.997+0100] {dagbag.py:538} INFO - Filling up the DagBag from /home/ubuntu/.local/lib/python3.10/site-packages/airflow/example_dags/example_params_trigger_ui.py
[2024-01-30T16:00:42.049+0100] {processor.py:840} INFO - DAG(s) 'example_params_trigger_ui' retrieved from /home/ubuntu/.local/lib/python3.10/site-packages/airflow/example_dags/example_params_trigger_ui.py
[2024-01-30T16:00:42.097+0100] {logging_mixin.py:188} INFO - [2024-01-30T16:00:42.097+0100] {dag.py:3033} INFO - Sync 1 DAGs
[2024-01-30T16:00:42.111+0100] {logging_mixin.py:188} INFO - [2024-01-30T16:00:42.111+0100] {dag.py:3820} INFO - Setting next_dagrun for example_params_trigger_ui to None, run_after=None
[2024-01-30T16:00:42.150+0100] {processor.py:183} INFO - Processing /home/ubuntu/.local/lib/python3.10/site-packages/airflow/example_dags/example_params_trigger_ui.py took 0.165 seconds
[2024-01-30T16:01:35.241+0100] {processor.py:161} INFO - Started process (PID=10232) to work on /home/ubuntu/.local/lib/python3.10/site-packages/airflow/example_dags/example_params_trigger_ui.py
[2024-01-30T16:01:35.243+0100] {processor.py:830} INFO - Processing file /home/ubuntu/.local/lib/python3.10/site-packages/airflow/example_dags/example_params_trigger_ui.py for tasks to queue
[2024-01-30T16:01:35.245+0100] {logging_mixin.py:188} INFO - [2024-01-30T16:01:35.244+0100] {dagbag.py:538} INFO - Filling up the DagBag from /home/ubuntu/.local/lib/python3.10/site-packages/airflow/example_dags/example_params_trigger_ui.py
[2024-01-30T16:01:35.263+0100] {processor.py:840} INFO - DAG(s) 'example_params_trigger_ui' retrieved from /home/ubuntu/.local/lib/python3.10/site-packages/airflow/example_dags/example_params_trigger_ui.py
[2024-01-30T16:01:35.374+0100] {logging_mixin.py:188} INFO - [2024-01-30T16:01:35.374+0100] {dag.py:3033} INFO - Sync 1 DAGs
[2024-01-30T16:01:35.436+0100] {logging_mixin.py:188} INFO - [2024-01-30T16:01:35.435+0100] {dag.py:3820} INFO - Setting next_dagrun for example_params_trigger_ui to None, run_after=None
[2024-01-30T16:01:35.482+0100] {processor.py:183} INFO - Processing /home/ubuntu/.local/lib/python3.10/site-packages/airflow/example_dags/example_params_trigger_ui.py took 0.245 seconds
[2024-01-30T16:03:06.114+0100] {processor.py:161} INFO - Started process (PID=10327) to work on /home/ubuntu/.local/lib/python3.10/site-packages/airflow/example_dags/example_params_trigger_ui.py
[2024-01-30T16:03:06.118+0100] {processor.py:830} INFO - Processing file /home/ubuntu/.local/lib/python3.10/site-packages/airflow/example_dags/example_params_trigger_ui.py for tasks to queue
[2024-01-30T16:03:06.119+0100] {logging_mixin.py:188} INFO - [2024-01-30T16:03:06.118+0100] {dagbag.py:538} INFO - Filling up the DagBag from /home/ubuntu/.local/lib/python3.10/site-packages/airflow/example_dags/example_params_trigger_ui.py
[2024-01-30T16:03:06.137+0100] {processor.py:840} INFO - DAG(s) 'example_params_trigger_ui' retrieved from /home/ubuntu/.local/lib/python3.10/site-packages/airflow/example_dags/example_params_trigger_ui.py
[2024-01-30T16:03:06.185+0100] {logging_mixin.py:188} INFO - [2024-01-30T16:03:06.185+0100] {dag.py:3033} INFO - Sync 1 DAGs
[2024-01-30T16:03:06.213+0100] {logging_mixin.py:188} INFO - [2024-01-30T16:03:06.212+0100] {dag.py:3820} INFO - Setting next_dagrun for example_params_trigger_ui to None, run_after=None
[2024-01-30T16:03:06.263+0100] {processor.py:183} INFO - Processing /home/ubuntu/.local/lib/python3.10/site-packages/airflow/example_dags/example_params_trigger_ui.py took 0.153 seconds
[2024-01-30T16:04:41.066+0100] {processor.py:161} INFO - Started process (PID=10427) to work on /home/ubuntu/.local/lib/python3.10/site-packages/airflow/example_dags/example_params_trigger_ui.py
[2024-01-30T16:04:41.073+0100] {processor.py:830} INFO - Processing file /home/ubuntu/.local/lib/python3.10/site-packages/airflow/example_dags/example_params_trigger_ui.py for tasks to queue
[2024-01-30T16:04:41.074+0100] {logging_mixin.py:188} INFO - [2024-01-30T16:04:41.074+0100] {dagbag.py:538} INFO - Filling up the DagBag from /home/ubuntu/.local/lib/python3.10/site-packages/airflow/example_dags/example_params_trigger_ui.py
[2024-01-30T16:04:41.095+0100] {processor.py:840} INFO - DAG(s) 'example_params_trigger_ui' retrieved from /home/ubuntu/.local/lib/python3.10/site-packages/airflow/example_dags/example_params_trigger_ui.py
[2024-01-30T16:04:41.155+0100] {logging_mixin.py:188} INFO - [2024-01-30T16:04:41.154+0100] {dag.py:3033} INFO - Sync 1 DAGs
[2024-01-30T16:04:41.177+0100] {logging_mixin.py:188} INFO - [2024-01-30T16:04:41.177+0100] {dag.py:3820} INFO - Setting next_dagrun for example_params_trigger_ui to None, run_after=None
[2024-01-30T16:04:41.242+0100] {processor.py:183} INFO - Processing /home/ubuntu/.local/lib/python3.10/site-packages/airflow/example_dags/example_params_trigger_ui.py took 0.179 seconds
[2024-01-30T16:06:20.911+0100] {processor.py:161} INFO - Started process (PID=10511) to work on /home/ubuntu/.local/lib/python3.10/site-packages/airflow/example_dags/example_params_trigger_ui.py
[2024-01-30T16:06:20.949+0100] {processor.py:830} INFO - Processing file /home/ubuntu/.local/lib/python3.10/site-packages/airflow/example_dags/example_params_trigger_ui.py for tasks to queue
[2024-01-30T16:06:20.951+0100] {logging_mixin.py:188} INFO - [2024-01-30T16:06:20.950+0100] {dagbag.py:538} INFO - Filling up the DagBag from /home/ubuntu/.local/lib/python3.10/site-packages/airflow/example_dags/example_params_trigger_ui.py
[2024-01-30T16:06:21.039+0100] {processor.py:840} INFO - DAG(s) 'example_params_trigger_ui' retrieved from /home/ubuntu/.local/lib/python3.10/site-packages/airflow/example_dags/example_params_trigger_ui.py
[2024-01-30T16:06:21.170+0100] {logging_mixin.py:188} INFO - [2024-01-30T16:06:21.170+0100] {dag.py:3033} INFO - Sync 1 DAGs
[2024-01-30T16:06:21.231+0100] {logging_mixin.py:188} INFO - [2024-01-30T16:06:21.230+0100] {dag.py:3820} INFO - Setting next_dagrun for example_params_trigger_ui to None, run_after=None
[2024-01-30T16:06:21.353+0100] {processor.py:183} INFO - Processing /home/ubuntu/.local/lib/python3.10/site-packages/airflow/example_dags/example_params_trigger_ui.py took 0.458 seconds
