[2024-01-30T15:30:08.335+0100] {processor.py:161} INFO - Started process (PID=6608) to work on /home/ubuntu/.local/lib/python3.10/site-packages/airflow/example_dags/example_branch_day_of_week_operator.py
[2024-01-30T15:30:08.339+0100] {processor.py:830} INFO - Processing file /home/ubuntu/.local/lib/python3.10/site-packages/airflow/example_dags/example_branch_day_of_week_operator.py for tasks to queue
[2024-01-30T15:30:08.342+0100] {logging_mixin.py:188} INFO - [2024-01-30T15:30:08.341+0100] {dagbag.py:538} INFO - Filling up the DagBag from /home/ubuntu/.local/lib/python3.10/site-packages/airflow/example_dags/example_branch_day_of_week_operator.py
[2024-01-30T15:30:08.358+0100] {processor.py:840} INFO - DAG(s) 'example_weekday_branch_operator' retrieved from /home/ubuntu/.local/lib/python3.10/site-packages/airflow/example_dags/example_branch_day_of_week_operator.py
[2024-01-30T15:30:08.535+0100] {logging_mixin.py:188} INFO - [2024-01-30T15:30:08.534+0100] {dag.py:3033} INFO - Sync 1 DAGs
[2024-01-30T15:30:08.571+0100] {logging_mixin.py:188} INFO - [2024-01-30T15:30:08.571+0100] {dag.py:3820} INFO - Setting next_dagrun for example_weekday_branch_operator to 2024-01-29T00:00:00+00:00, run_after=2024-01-30T00:00:00+00:00
[2024-01-30T15:30:08.647+0100] {processor.py:183} INFO - Processing /home/ubuntu/.local/lib/python3.10/site-packages/airflow/example_dags/example_branch_day_of_week_operator.py took 0.319 seconds
[2024-01-30T15:31:09.737+0100] {processor.py:161} INFO - Started process (PID=6667) to work on /home/ubuntu/.local/lib/python3.10/site-packages/airflow/example_dags/example_branch_day_of_week_operator.py
[2024-01-30T15:31:09.741+0100] {processor.py:830} INFO - Processing file /home/ubuntu/.local/lib/python3.10/site-packages/airflow/example_dags/example_branch_day_of_week_operator.py for tasks to queue
[2024-01-30T15:31:09.744+0100] {logging_mixin.py:188} INFO - [2024-01-30T15:31:09.743+0100] {dagbag.py:538} INFO - Filling up the DagBag from /home/ubuntu/.local/lib/python3.10/site-packages/airflow/example_dags/example_branch_day_of_week_operator.py
[2024-01-30T15:31:09.758+0100] {processor.py:840} INFO - DAG(s) 'example_weekday_branch_operator' retrieved from /home/ubuntu/.local/lib/python3.10/site-packages/airflow/example_dags/example_branch_day_of_week_operator.py
[2024-01-30T15:31:09.790+0100] {logging_mixin.py:188} INFO - [2024-01-30T15:31:09.789+0100] {dag.py:3033} INFO - Sync 1 DAGs
[2024-01-30T15:31:09.837+0100] {logging_mixin.py:188} INFO - [2024-01-30T15:31:09.836+0100] {dag.py:3820} INFO - Setting next_dagrun for example_weekday_branch_operator to 2024-01-29T00:00:00+00:00, run_after=2024-01-30T00:00:00+00:00
[2024-01-30T15:31:09.896+0100] {processor.py:183} INFO - Processing /home/ubuntu/.local/lib/python3.10/site-packages/airflow/example_dags/example_branch_day_of_week_operator.py took 0.165 seconds
[2024-01-30T15:32:02.236+0100] {processor.py:161} INFO - Started process (PID=6724) to work on /home/ubuntu/.local/lib/python3.10/site-packages/airflow/example_dags/example_branch_day_of_week_operator.py
[2024-01-30T15:32:02.239+0100] {processor.py:830} INFO - Processing file /home/ubuntu/.local/lib/python3.10/site-packages/airflow/example_dags/example_branch_day_of_week_operator.py for tasks to queue
[2024-01-30T15:32:02.240+0100] {logging_mixin.py:188} INFO - [2024-01-30T15:32:02.239+0100] {dagbag.py:538} INFO - Filling up the DagBag from /home/ubuntu/.local/lib/python3.10/site-packages/airflow/example_dags/example_branch_day_of_week_operator.py
[2024-01-30T15:32:02.250+0100] {processor.py:840} INFO - DAG(s) 'example_weekday_branch_operator' retrieved from /home/ubuntu/.local/lib/python3.10/site-packages/airflow/example_dags/example_branch_day_of_week_operator.py
[2024-01-30T15:32:02.269+0100] {logging_mixin.py:188} INFO - [2024-01-30T15:32:02.269+0100] {dag.py:3033} INFO - Sync 1 DAGs
[2024-01-30T15:32:02.292+0100] {logging_mixin.py:188} INFO - [2024-01-30T15:32:02.292+0100] {dag.py:3820} INFO - Setting next_dagrun for example_weekday_branch_operator to 2024-01-29T00:00:00+00:00, run_after=2024-01-30T00:00:00+00:00
[2024-01-30T15:32:02.326+0100] {processor.py:183} INFO - Processing /home/ubuntu/.local/lib/python3.10/site-packages/airflow/example_dags/example_branch_day_of_week_operator.py took 0.093 seconds
[2024-01-30T15:33:08.637+0100] {processor.py:161} INFO - Started process (PID=6792) to work on /home/ubuntu/.local/lib/python3.10/site-packages/airflow/example_dags/example_branch_day_of_week_operator.py
[2024-01-30T15:33:08.639+0100] {processor.py:830} INFO - Processing file /home/ubuntu/.local/lib/python3.10/site-packages/airflow/example_dags/example_branch_day_of_week_operator.py for tasks to queue
[2024-01-30T15:33:08.641+0100] {logging_mixin.py:188} INFO - [2024-01-30T15:33:08.640+0100] {dagbag.py:538} INFO - Filling up the DagBag from /home/ubuntu/.local/lib/python3.10/site-packages/airflow/example_dags/example_branch_day_of_week_operator.py
[2024-01-30T15:33:08.661+0100] {processor.py:840} INFO - DAG(s) 'example_weekday_branch_operator' retrieved from /home/ubuntu/.local/lib/python3.10/site-packages/airflow/example_dags/example_branch_day_of_week_operator.py
[2024-01-30T15:33:08.702+0100] {logging_mixin.py:188} INFO - [2024-01-30T15:33:08.702+0100] {dag.py:3033} INFO - Sync 1 DAGs
[2024-01-30T15:33:08.733+0100] {logging_mixin.py:188} INFO - [2024-01-30T15:33:08.732+0100] {dag.py:3820} INFO - Setting next_dagrun for example_weekday_branch_operator to 2024-01-29T00:00:00+00:00, run_after=2024-01-30T00:00:00+00:00
[2024-01-30T15:33:08.820+0100] {processor.py:183} INFO - Processing /home/ubuntu/.local/lib/python3.10/site-packages/airflow/example_dags/example_branch_day_of_week_operator.py took 0.188 seconds
[2024-01-30T15:34:12.151+0100] {processor.py:161} INFO - Started process (PID=6853) to work on /home/ubuntu/.local/lib/python3.10/site-packages/airflow/example_dags/example_branch_day_of_week_operator.py
[2024-01-30T15:34:12.165+0100] {processor.py:830} INFO - Processing file /home/ubuntu/.local/lib/python3.10/site-packages/airflow/example_dags/example_branch_day_of_week_operator.py for tasks to queue
[2024-01-30T15:34:12.167+0100] {logging_mixin.py:188} INFO - [2024-01-30T15:34:12.166+0100] {dagbag.py:538} INFO - Filling up the DagBag from /home/ubuntu/.local/lib/python3.10/site-packages/airflow/example_dags/example_branch_day_of_week_operator.py
[2024-01-30T15:34:12.184+0100] {processor.py:840} INFO - DAG(s) 'example_weekday_branch_operator' retrieved from /home/ubuntu/.local/lib/python3.10/site-packages/airflow/example_dags/example_branch_day_of_week_operator.py
[2024-01-30T15:34:12.212+0100] {logging_mixin.py:188} INFO - [2024-01-30T15:34:12.212+0100] {dag.py:3033} INFO - Sync 1 DAGs
[2024-01-30T15:34:12.250+0100] {logging_mixin.py:188} INFO - [2024-01-30T15:34:12.250+0100] {dag.py:3820} INFO - Setting next_dagrun for example_weekday_branch_operator to 2024-01-29T00:00:00+00:00, run_after=2024-01-30T00:00:00+00:00
[2024-01-30T15:34:12.315+0100] {processor.py:183} INFO - Processing /home/ubuntu/.local/lib/python3.10/site-packages/airflow/example_dags/example_branch_day_of_week_operator.py took 0.172 seconds
[2024-01-30T15:35:07.449+0100] {processor.py:161} INFO - Started process (PID=6913) to work on /home/ubuntu/.local/lib/python3.10/site-packages/airflow/example_dags/example_branch_day_of_week_operator.py
[2024-01-30T15:35:07.452+0100] {processor.py:830} INFO - Processing file /home/ubuntu/.local/lib/python3.10/site-packages/airflow/example_dags/example_branch_day_of_week_operator.py for tasks to queue
[2024-01-30T15:35:07.454+0100] {logging_mixin.py:188} INFO - [2024-01-30T15:35:07.453+0100] {dagbag.py:538} INFO - Filling up the DagBag from /home/ubuntu/.local/lib/python3.10/site-packages/airflow/example_dags/example_branch_day_of_week_operator.py
[2024-01-30T15:35:07.468+0100] {processor.py:840} INFO - DAG(s) 'example_weekday_branch_operator' retrieved from /home/ubuntu/.local/lib/python3.10/site-packages/airflow/example_dags/example_branch_day_of_week_operator.py
[2024-01-30T15:35:07.488+0100] {logging_mixin.py:188} INFO - [2024-01-30T15:35:07.488+0100] {dag.py:3033} INFO - Sync 1 DAGs
[2024-01-30T15:35:07.509+0100] {logging_mixin.py:188} INFO - [2024-01-30T15:35:07.508+0100] {dag.py:3820} INFO - Setting next_dagrun for example_weekday_branch_operator to 2024-01-29T00:00:00+00:00, run_after=2024-01-30T00:00:00+00:00
[2024-01-30T15:35:07.551+0100] {processor.py:183} INFO - Processing /home/ubuntu/.local/lib/python3.10/site-packages/airflow/example_dags/example_branch_day_of_week_operator.py took 0.107 seconds
[2024-01-30T15:35:56.869+0100] {processor.py:161} INFO - Started process (PID=6966) to work on /home/ubuntu/.local/lib/python3.10/site-packages/airflow/example_dags/example_branch_day_of_week_operator.py
[2024-01-30T15:35:56.871+0100] {processor.py:830} INFO - Processing file /home/ubuntu/.local/lib/python3.10/site-packages/airflow/example_dags/example_branch_day_of_week_operator.py for tasks to queue
[2024-01-30T15:35:56.873+0100] {logging_mixin.py:188} INFO - [2024-01-30T15:35:56.872+0100] {dagbag.py:538} INFO - Filling up the DagBag from /home/ubuntu/.local/lib/python3.10/site-packages/airflow/example_dags/example_branch_day_of_week_operator.py
[2024-01-30T15:35:56.881+0100] {processor.py:840} INFO - DAG(s) 'example_weekday_branch_operator' retrieved from /home/ubuntu/.local/lib/python3.10/site-packages/airflow/example_dags/example_branch_day_of_week_operator.py
[2024-01-30T15:35:56.901+0100] {logging_mixin.py:188} INFO - [2024-01-30T15:35:56.901+0100] {dag.py:3033} INFO - Sync 1 DAGs
[2024-01-30T15:35:56.926+0100] {logging_mixin.py:188} INFO - [2024-01-30T15:35:56.926+0100] {dag.py:3820} INFO - Setting next_dagrun for example_weekday_branch_operator to 2024-01-29T00:00:00+00:00, run_after=2024-01-30T00:00:00+00:00
[2024-01-30T15:35:56.959+0100] {processor.py:183} INFO - Processing /home/ubuntu/.local/lib/python3.10/site-packages/airflow/example_dags/example_branch_day_of_week_operator.py took 0.093 seconds
[2024-01-30T15:36:46.790+0100] {processor.py:161} INFO - Started process (PID=7017) to work on /home/ubuntu/.local/lib/python3.10/site-packages/airflow/example_dags/example_branch_day_of_week_operator.py
[2024-01-30T15:36:46.792+0100] {processor.py:830} INFO - Processing file /home/ubuntu/.local/lib/python3.10/site-packages/airflow/example_dags/example_branch_day_of_week_operator.py for tasks to queue
[2024-01-30T15:36:46.793+0100] {logging_mixin.py:188} INFO - [2024-01-30T15:36:46.793+0100] {dagbag.py:538} INFO - Filling up the DagBag from /home/ubuntu/.local/lib/python3.10/site-packages/airflow/example_dags/example_branch_day_of_week_operator.py
[2024-01-30T15:36:46.802+0100] {processor.py:840} INFO - DAG(s) 'example_weekday_branch_operator' retrieved from /home/ubuntu/.local/lib/python3.10/site-packages/airflow/example_dags/example_branch_day_of_week_operator.py
[2024-01-30T15:36:46.821+0100] {logging_mixin.py:188} INFO - [2024-01-30T15:36:46.821+0100] {dag.py:3033} INFO - Sync 1 DAGs
[2024-01-30T15:36:46.845+0100] {logging_mixin.py:188} INFO - [2024-01-30T15:36:46.845+0100] {dag.py:3820} INFO - Setting next_dagrun for example_weekday_branch_operator to 2024-01-29T00:00:00+00:00, run_after=2024-01-30T00:00:00+00:00
[2024-01-30T15:36:46.876+0100] {processor.py:183} INFO - Processing /home/ubuntu/.local/lib/python3.10/site-packages/airflow/example_dags/example_branch_day_of_week_operator.py took 0.097 seconds
[2024-01-30T15:37:41.317+0100] {processor.py:161} INFO - Started process (PID=7075) to work on /home/ubuntu/.local/lib/python3.10/site-packages/airflow/example_dags/example_branch_day_of_week_operator.py
[2024-01-30T15:37:41.321+0100] {processor.py:830} INFO - Processing file /home/ubuntu/.local/lib/python3.10/site-packages/airflow/example_dags/example_branch_day_of_week_operator.py for tasks to queue
[2024-01-30T15:37:41.322+0100] {logging_mixin.py:188} INFO - [2024-01-30T15:37:41.322+0100] {dagbag.py:538} INFO - Filling up the DagBag from /home/ubuntu/.local/lib/python3.10/site-packages/airflow/example_dags/example_branch_day_of_week_operator.py
[2024-01-30T15:37:41.330+0100] {processor.py:840} INFO - DAG(s) 'example_weekday_branch_operator' retrieved from /home/ubuntu/.local/lib/python3.10/site-packages/airflow/example_dags/example_branch_day_of_week_operator.py
[2024-01-30T15:37:41.349+0100] {logging_mixin.py:188} INFO - [2024-01-30T15:37:41.349+0100] {dag.py:3033} INFO - Sync 1 DAGs
[2024-01-30T15:37:41.375+0100] {logging_mixin.py:188} INFO - [2024-01-30T15:37:41.375+0100] {dag.py:3820} INFO - Setting next_dagrun for example_weekday_branch_operator to 2024-01-29T00:00:00+00:00, run_after=2024-01-30T00:00:00+00:00
[2024-01-30T15:37:41.436+0100] {processor.py:183} INFO - Processing /home/ubuntu/.local/lib/python3.10/site-packages/airflow/example_dags/example_branch_day_of_week_operator.py took 0.122 seconds
[2024-01-30T15:38:31.959+0100] {processor.py:161} INFO - Started process (PID=7135) to work on /home/ubuntu/.local/lib/python3.10/site-packages/airflow/example_dags/example_branch_day_of_week_operator.py
[2024-01-30T15:38:31.961+0100] {processor.py:830} INFO - Processing file /home/ubuntu/.local/lib/python3.10/site-packages/airflow/example_dags/example_branch_day_of_week_operator.py for tasks to queue
[2024-01-30T15:38:31.962+0100] {logging_mixin.py:188} INFO - [2024-01-30T15:38:31.962+0100] {dagbag.py:538} INFO - Filling up the DagBag from /home/ubuntu/.local/lib/python3.10/site-packages/airflow/example_dags/example_branch_day_of_week_operator.py
[2024-01-30T15:38:31.970+0100] {processor.py:840} INFO - DAG(s) 'example_weekday_branch_operator' retrieved from /home/ubuntu/.local/lib/python3.10/site-packages/airflow/example_dags/example_branch_day_of_week_operator.py
[2024-01-30T15:38:31.987+0100] {logging_mixin.py:188} INFO - [2024-01-30T15:38:31.987+0100] {dag.py:3033} INFO - Sync 1 DAGs
[2024-01-30T15:38:32.009+0100] {logging_mixin.py:188} INFO - [2024-01-30T15:38:32.008+0100] {dag.py:3820} INFO - Setting next_dagrun for example_weekday_branch_operator to 2024-01-29T00:00:00+00:00, run_after=2024-01-30T00:00:00+00:00
[2024-01-30T15:38:32.044+0100] {processor.py:183} INFO - Processing /home/ubuntu/.local/lib/python3.10/site-packages/airflow/example_dags/example_branch_day_of_week_operator.py took 0.089 seconds
[2024-01-30T15:39:34.233+0100] {processor.py:161} INFO - Started process (PID=7277) to work on /home/ubuntu/.local/lib/python3.10/site-packages/airflow/example_dags/example_branch_day_of_week_operator.py
[2024-01-30T15:39:34.235+0100] {processor.py:830} INFO - Processing file /home/ubuntu/.local/lib/python3.10/site-packages/airflow/example_dags/example_branch_day_of_week_operator.py for tasks to queue
[2024-01-30T15:39:34.236+0100] {logging_mixin.py:188} INFO - [2024-01-30T15:39:34.235+0100] {dagbag.py:538} INFO - Filling up the DagBag from /home/ubuntu/.local/lib/python3.10/site-packages/airflow/example_dags/example_branch_day_of_week_operator.py
[2024-01-30T15:39:34.245+0100] {processor.py:840} INFO - DAG(s) 'example_weekday_branch_operator' retrieved from /home/ubuntu/.local/lib/python3.10/site-packages/airflow/example_dags/example_branch_day_of_week_operator.py
[2024-01-30T15:39:34.265+0100] {logging_mixin.py:188} INFO - [2024-01-30T15:39:34.265+0100] {dag.py:3033} INFO - Sync 1 DAGs
[2024-01-30T15:39:34.289+0100] {logging_mixin.py:188} INFO - [2024-01-30T15:39:34.288+0100] {dag.py:3820} INFO - Setting next_dagrun for example_weekday_branch_operator to 2024-01-29T00:00:00+00:00, run_after=2024-01-30T00:00:00+00:00
[2024-01-30T15:39:34.318+0100] {processor.py:183} INFO - Processing /home/ubuntu/.local/lib/python3.10/site-packages/airflow/example_dags/example_branch_day_of_week_operator.py took 0.089 seconds
[2024-01-30T15:40:31.494+0100] {processor.py:161} INFO - Started process (PID=7335) to work on /home/ubuntu/.local/lib/python3.10/site-packages/airflow/example_dags/example_branch_day_of_week_operator.py
[2024-01-30T15:40:31.498+0100] {processor.py:830} INFO - Processing file /home/ubuntu/.local/lib/python3.10/site-packages/airflow/example_dags/example_branch_day_of_week_operator.py for tasks to queue
[2024-01-30T15:40:31.500+0100] {logging_mixin.py:188} INFO - [2024-01-30T15:40:31.499+0100] {dagbag.py:538} INFO - Filling up the DagBag from /home/ubuntu/.local/lib/python3.10/site-packages/airflow/example_dags/example_branch_day_of_week_operator.py
[2024-01-30T15:40:31.526+0100] {processor.py:840} INFO - DAG(s) 'example_weekday_branch_operator' retrieved from /home/ubuntu/.local/lib/python3.10/site-packages/airflow/example_dags/example_branch_day_of_week_operator.py
[2024-01-30T15:40:31.569+0100] {logging_mixin.py:188} INFO - [2024-01-30T15:40:31.569+0100] {dag.py:3033} INFO - Sync 1 DAGs
[2024-01-30T15:40:31.620+0100] {logging_mixin.py:188} INFO - [2024-01-30T15:40:31.619+0100] {dag.py:3820} INFO - Setting next_dagrun for example_weekday_branch_operator to 2024-01-29T00:00:00+00:00, run_after=2024-01-30T00:00:00+00:00
[2024-01-30T15:40:31.721+0100] {processor.py:183} INFO - Processing /home/ubuntu/.local/lib/python3.10/site-packages/airflow/example_dags/example_branch_day_of_week_operator.py took 0.235 seconds
[2024-01-30T15:41:38.771+0100] {processor.py:161} INFO - Started process (PID=7401) to work on /home/ubuntu/.local/lib/python3.10/site-packages/airflow/example_dags/example_branch_day_of_week_operator.py
[2024-01-30T15:41:38.773+0100] {processor.py:830} INFO - Processing file /home/ubuntu/.local/lib/python3.10/site-packages/airflow/example_dags/example_branch_day_of_week_operator.py for tasks to queue
[2024-01-30T15:41:38.775+0100] {logging_mixin.py:188} INFO - [2024-01-30T15:41:38.774+0100] {dagbag.py:538} INFO - Filling up the DagBag from /home/ubuntu/.local/lib/python3.10/site-packages/airflow/example_dags/example_branch_day_of_week_operator.py
[2024-01-30T15:41:38.784+0100] {processor.py:840} INFO - DAG(s) 'example_weekday_branch_operator' retrieved from /home/ubuntu/.local/lib/python3.10/site-packages/airflow/example_dags/example_branch_day_of_week_operator.py
[2024-01-30T15:41:38.804+0100] {logging_mixin.py:188} INFO - [2024-01-30T15:41:38.804+0100] {dag.py:3033} INFO - Sync 1 DAGs
[2024-01-30T15:41:38.831+0100] {logging_mixin.py:188} INFO - [2024-01-30T15:41:38.830+0100] {dag.py:3820} INFO - Setting next_dagrun for example_weekday_branch_operator to 2024-01-29T00:00:00+00:00, run_after=2024-01-30T00:00:00+00:00
[2024-01-30T15:41:38.865+0100] {processor.py:183} INFO - Processing /home/ubuntu/.local/lib/python3.10/site-packages/airflow/example_dags/example_branch_day_of_week_operator.py took 0.098 seconds
[2024-01-30T15:42:41.953+0100] {processor.py:161} INFO - Started process (PID=7614) to work on /home/ubuntu/.local/lib/python3.10/site-packages/airflow/example_dags/example_branch_day_of_week_operator.py
[2024-01-30T15:42:41.955+0100] {processor.py:830} INFO - Processing file /home/ubuntu/.local/lib/python3.10/site-packages/airflow/example_dags/example_branch_day_of_week_operator.py for tasks to queue
[2024-01-30T15:42:41.957+0100] {logging_mixin.py:188} INFO - [2024-01-30T15:42:41.956+0100] {dagbag.py:538} INFO - Filling up the DagBag from /home/ubuntu/.local/lib/python3.10/site-packages/airflow/example_dags/example_branch_day_of_week_operator.py
[2024-01-30T15:42:41.966+0100] {processor.py:840} INFO - DAG(s) 'example_weekday_branch_operator' retrieved from /home/ubuntu/.local/lib/python3.10/site-packages/airflow/example_dags/example_branch_day_of_week_operator.py
[2024-01-30T15:42:41.985+0100] {logging_mixin.py:188} INFO - [2024-01-30T15:42:41.985+0100] {dag.py:3033} INFO - Sync 1 DAGs
[2024-01-30T15:42:42.007+0100] {logging_mixin.py:188} INFO - [2024-01-30T15:42:42.007+0100] {dag.py:3820} INFO - Setting next_dagrun for example_weekday_branch_operator to 2024-01-29T00:00:00+00:00, run_after=2024-01-30T00:00:00+00:00
[2024-01-30T15:42:42.048+0100] {processor.py:183} INFO - Processing /home/ubuntu/.local/lib/python3.10/site-packages/airflow/example_dags/example_branch_day_of_week_operator.py took 0.098 seconds
[2024-01-30T15:43:39.042+0100] {processor.py:161} INFO - Started process (PID=7878) to work on /home/ubuntu/.local/lib/python3.10/site-packages/airflow/example_dags/example_branch_day_of_week_operator.py
[2024-01-30T15:43:39.045+0100] {processor.py:830} INFO - Processing file /home/ubuntu/.local/lib/python3.10/site-packages/airflow/example_dags/example_branch_day_of_week_operator.py for tasks to queue
[2024-01-30T15:43:39.047+0100] {logging_mixin.py:188} INFO - [2024-01-30T15:43:39.046+0100] {dagbag.py:538} INFO - Filling up the DagBag from /home/ubuntu/.local/lib/python3.10/site-packages/airflow/example_dags/example_branch_day_of_week_operator.py
[2024-01-30T15:43:39.061+0100] {processor.py:840} INFO - DAG(s) 'example_weekday_branch_operator' retrieved from /home/ubuntu/.local/lib/python3.10/site-packages/airflow/example_dags/example_branch_day_of_week_operator.py
[2024-01-30T15:43:39.090+0100] {logging_mixin.py:188} INFO - [2024-01-30T15:43:39.089+0100] {dag.py:3033} INFO - Sync 1 DAGs
[2024-01-30T15:43:39.128+0100] {logging_mixin.py:188} INFO - [2024-01-30T15:43:39.127+0100] {dag.py:3820} INFO - Setting next_dagrun for example_weekday_branch_operator to 2024-01-29T00:00:00+00:00, run_after=2024-01-30T00:00:00+00:00
[2024-01-30T15:43:39.180+0100] {processor.py:183} INFO - Processing /home/ubuntu/.local/lib/python3.10/site-packages/airflow/example_dags/example_branch_day_of_week_operator.py took 0.143 seconds
[2024-01-30T15:44:45.475+0100] {processor.py:161} INFO - Started process (PID=8174) to work on /home/ubuntu/.local/lib/python3.10/site-packages/airflow/example_dags/example_branch_day_of_week_operator.py
[2024-01-30T15:44:45.482+0100] {processor.py:830} INFO - Processing file /home/ubuntu/.local/lib/python3.10/site-packages/airflow/example_dags/example_branch_day_of_week_operator.py for tasks to queue
[2024-01-30T15:44:45.485+0100] {logging_mixin.py:188} INFO - [2024-01-30T15:44:45.484+0100] {dagbag.py:538} INFO - Filling up the DagBag from /home/ubuntu/.local/lib/python3.10/site-packages/airflow/example_dags/example_branch_day_of_week_operator.py
[2024-01-30T15:44:45.503+0100] {processor.py:840} INFO - DAG(s) 'example_weekday_branch_operator' retrieved from /home/ubuntu/.local/lib/python3.10/site-packages/airflow/example_dags/example_branch_day_of_week_operator.py
[2024-01-30T15:44:45.635+0100] {logging_mixin.py:188} INFO - [2024-01-30T15:44:45.634+0100] {dag.py:3033} INFO - Sync 1 DAGs
[2024-01-30T15:44:45.662+0100] {logging_mixin.py:188} INFO - [2024-01-30T15:44:45.662+0100] {dag.py:3820} INFO - Setting next_dagrun for example_weekday_branch_operator to 2024-01-29T00:00:00+00:00, run_after=2024-01-30T00:00:00+00:00
[2024-01-30T15:44:45.700+0100] {processor.py:183} INFO - Processing /home/ubuntu/.local/lib/python3.10/site-packages/airflow/example_dags/example_branch_day_of_week_operator.py took 0.245 seconds
[2024-01-30T15:45:38.055+0100] {processor.py:161} INFO - Started process (PID=8271) to work on /home/ubuntu/.local/lib/python3.10/site-packages/airflow/example_dags/example_branch_day_of_week_operator.py
[2024-01-30T15:45:38.059+0100] {processor.py:830} INFO - Processing file /home/ubuntu/.local/lib/python3.10/site-packages/airflow/example_dags/example_branch_day_of_week_operator.py for tasks to queue
[2024-01-30T15:45:38.061+0100] {logging_mixin.py:188} INFO - [2024-01-30T15:45:38.060+0100] {dagbag.py:538} INFO - Filling up the DagBag from /home/ubuntu/.local/lib/python3.10/site-packages/airflow/example_dags/example_branch_day_of_week_operator.py
[2024-01-30T15:45:38.071+0100] {processor.py:840} INFO - DAG(s) 'example_weekday_branch_operator' retrieved from /home/ubuntu/.local/lib/python3.10/site-packages/airflow/example_dags/example_branch_day_of_week_operator.py
[2024-01-30T15:45:38.092+0100] {logging_mixin.py:188} INFO - [2024-01-30T15:45:38.091+0100] {dag.py:3033} INFO - Sync 1 DAGs
[2024-01-30T15:45:38.114+0100] {logging_mixin.py:188} INFO - [2024-01-30T15:45:38.114+0100] {dag.py:3820} INFO - Setting next_dagrun for example_weekday_branch_operator to 2024-01-29T00:00:00+00:00, run_after=2024-01-30T00:00:00+00:00
[2024-01-30T15:45:38.148+0100] {processor.py:183} INFO - Processing /home/ubuntu/.local/lib/python3.10/site-packages/airflow/example_dags/example_branch_day_of_week_operator.py took 0.097 seconds
[2024-01-30T15:46:36.220+0100] {processor.py:161} INFO - Started process (PID=8334) to work on /home/ubuntu/.local/lib/python3.10/site-packages/airflow/example_dags/example_branch_day_of_week_operator.py
[2024-01-30T15:46:36.223+0100] {processor.py:830} INFO - Processing file /home/ubuntu/.local/lib/python3.10/site-packages/airflow/example_dags/example_branch_day_of_week_operator.py for tasks to queue
[2024-01-30T15:46:36.226+0100] {logging_mixin.py:188} INFO - [2024-01-30T15:46:36.225+0100] {dagbag.py:538} INFO - Filling up the DagBag from /home/ubuntu/.local/lib/python3.10/site-packages/airflow/example_dags/example_branch_day_of_week_operator.py
[2024-01-30T15:46:36.236+0100] {processor.py:840} INFO - DAG(s) 'example_weekday_branch_operator' retrieved from /home/ubuntu/.local/lib/python3.10/site-packages/airflow/example_dags/example_branch_day_of_week_operator.py
[2024-01-30T15:46:36.253+0100] {logging_mixin.py:188} INFO - [2024-01-30T15:46:36.253+0100] {dag.py:3033} INFO - Sync 1 DAGs
[2024-01-30T15:46:36.272+0100] {logging_mixin.py:188} INFO - [2024-01-30T15:46:36.272+0100] {dag.py:3820} INFO - Setting next_dagrun for example_weekday_branch_operator to 2024-01-29T00:00:00+00:00, run_after=2024-01-30T00:00:00+00:00
[2024-01-30T15:46:36.303+0100] {processor.py:183} INFO - Processing /home/ubuntu/.local/lib/python3.10/site-packages/airflow/example_dags/example_branch_day_of_week_operator.py took 0.089 seconds
[2024-01-30T15:47:25.962+0100] {processor.py:161} INFO - Started process (PID=8392) to work on /home/ubuntu/.local/lib/python3.10/site-packages/airflow/example_dags/example_branch_day_of_week_operator.py
[2024-01-30T15:47:25.973+0100] {processor.py:830} INFO - Processing file /home/ubuntu/.local/lib/python3.10/site-packages/airflow/example_dags/example_branch_day_of_week_operator.py for tasks to queue
[2024-01-30T15:47:25.989+0100] {logging_mixin.py:188} INFO - [2024-01-30T15:47:25.987+0100] {dagbag.py:538} INFO - Filling up the DagBag from /home/ubuntu/.local/lib/python3.10/site-packages/airflow/example_dags/example_branch_day_of_week_operator.py
[2024-01-30T15:47:26.032+0100] {processor.py:840} INFO - DAG(s) 'example_weekday_branch_operator' retrieved from /home/ubuntu/.local/lib/python3.10/site-packages/airflow/example_dags/example_branch_day_of_week_operator.py
[2024-01-30T15:47:26.191+0100] {logging_mixin.py:188} INFO - [2024-01-30T15:47:26.191+0100] {dag.py:3033} INFO - Sync 1 DAGs
[2024-01-30T15:47:26.527+0100] {logging_mixin.py:188} INFO - [2024-01-30T15:47:26.526+0100] {dag.py:3820} INFO - Setting next_dagrun for example_weekday_branch_operator to 2024-01-29T00:00:00+00:00, run_after=2024-01-30T00:00:00+00:00
[2024-01-30T15:47:27.073+0100] {processor.py:183} INFO - Processing /home/ubuntu/.local/lib/python3.10/site-packages/airflow/example_dags/example_branch_day_of_week_operator.py took 1.122 seconds
[2024-01-30T15:50:47.073+0100] {processor.py:161} INFO - Started process (PID=9100) to work on /home/ubuntu/.local/lib/python3.10/site-packages/airflow/example_dags/example_branch_day_of_week_operator.py
[2024-01-30T15:50:47.112+0100] {processor.py:830} INFO - Processing file /home/ubuntu/.local/lib/python3.10/site-packages/airflow/example_dags/example_branch_day_of_week_operator.py for tasks to queue
[2024-01-30T15:50:47.119+0100] {logging_mixin.py:188} INFO - [2024-01-30T15:50:47.113+0100] {dagbag.py:538} INFO - Filling up the DagBag from /home/ubuntu/.local/lib/python3.10/site-packages/airflow/example_dags/example_branch_day_of_week_operator.py
[2024-01-30T15:50:47.174+0100] {processor.py:840} INFO - DAG(s) 'example_weekday_branch_operator' retrieved from /home/ubuntu/.local/lib/python3.10/site-packages/airflow/example_dags/example_branch_day_of_week_operator.py
[2024-01-30T15:50:47.238+0100] {logging_mixin.py:188} INFO - [2024-01-30T15:50:47.237+0100] {dag.py:3033} INFO - Sync 1 DAGs
[2024-01-30T15:50:47.348+0100] {logging_mixin.py:188} INFO - [2024-01-30T15:50:47.348+0100] {dag.py:3820} INFO - Setting next_dagrun for example_weekday_branch_operator to 2024-01-29T00:00:00+00:00, run_after=2024-01-30T00:00:00+00:00
[2024-01-30T15:50:47.646+0100] {processor.py:183} INFO - Processing /home/ubuntu/.local/lib/python3.10/site-packages/airflow/example_dags/example_branch_day_of_week_operator.py took 0.621 seconds
[2024-01-30T15:52:33.412+0100] {processor.py:161} INFO - Started process (PID=9456) to work on /home/ubuntu/.local/lib/python3.10/site-packages/airflow/example_dags/example_branch_day_of_week_operator.py
[2024-01-30T15:52:33.543+0100] {processor.py:830} INFO - Processing file /home/ubuntu/.local/lib/python3.10/site-packages/airflow/example_dags/example_branch_day_of_week_operator.py for tasks to queue
[2024-01-30T15:52:33.550+0100] {logging_mixin.py:188} INFO - [2024-01-30T15:52:33.548+0100] {dagbag.py:538} INFO - Filling up the DagBag from /home/ubuntu/.local/lib/python3.10/site-packages/airflow/example_dags/example_branch_day_of_week_operator.py
[2024-01-30T15:52:33.590+0100] {processor.py:840} INFO - DAG(s) 'example_weekday_branch_operator' retrieved from /home/ubuntu/.local/lib/python3.10/site-packages/airflow/example_dags/example_branch_day_of_week_operator.py
[2024-01-30T15:52:33.940+0100] {logging_mixin.py:188} INFO - [2024-01-30T15:52:33.940+0100] {dag.py:3033} INFO - Sync 1 DAGs
[2024-01-30T15:52:34.175+0100] {logging_mixin.py:188} INFO - [2024-01-30T15:52:34.175+0100] {dag.py:3820} INFO - Setting next_dagrun for example_weekday_branch_operator to 2024-01-29T00:00:00+00:00, run_after=2024-01-30T00:00:00+00:00
[2024-01-30T15:52:35.250+0100] {processor.py:183} INFO - Processing /home/ubuntu/.local/lib/python3.10/site-packages/airflow/example_dags/example_branch_day_of_week_operator.py took 1.892 seconds
[2024-01-30T15:54:40.106+0100] {processor.py:161} INFO - Started process (PID=9817) to work on /home/ubuntu/.local/lib/python3.10/site-packages/airflow/example_dags/example_branch_day_of_week_operator.py
[2024-01-30T15:54:40.159+0100] {processor.py:830} INFO - Processing file /home/ubuntu/.local/lib/python3.10/site-packages/airflow/example_dags/example_branch_day_of_week_operator.py for tasks to queue
[2024-01-30T15:54:40.161+0100] {logging_mixin.py:188} INFO - [2024-01-30T15:54:40.160+0100] {dagbag.py:538} INFO - Filling up the DagBag from /home/ubuntu/.local/lib/python3.10/site-packages/airflow/example_dags/example_branch_day_of_week_operator.py
[2024-01-30T15:54:40.231+0100] {processor.py:840} INFO - DAG(s) 'example_weekday_branch_operator' retrieved from /home/ubuntu/.local/lib/python3.10/site-packages/airflow/example_dags/example_branch_day_of_week_operator.py
[2024-01-30T15:54:40.388+0100] {logging_mixin.py:188} INFO - [2024-01-30T15:54:40.388+0100] {dag.py:3033} INFO - Sync 1 DAGs
[2024-01-30T15:54:40.494+0100] {logging_mixin.py:188} INFO - [2024-01-30T15:54:40.494+0100] {dag.py:3820} INFO - Setting next_dagrun for example_weekday_branch_operator to 2024-01-29T00:00:00+00:00, run_after=2024-01-30T00:00:00+00:00
[2024-01-30T15:54:40.962+0100] {processor.py:183} INFO - Processing /home/ubuntu/.local/lib/python3.10/site-packages/airflow/example_dags/example_branch_day_of_week_operator.py took 0.879 seconds
[2024-01-30T15:55:53.995+0100] {processor.py:161} INFO - Started process (PID=9884) to work on /home/ubuntu/.local/lib/python3.10/site-packages/airflow/example_dags/example_branch_day_of_week_operator.py
[2024-01-30T15:55:54.161+0100] {processor.py:830} INFO - Processing file /home/ubuntu/.local/lib/python3.10/site-packages/airflow/example_dags/example_branch_day_of_week_operator.py for tasks to queue
[2024-01-30T15:55:54.166+0100] {logging_mixin.py:188} INFO - [2024-01-30T15:55:54.166+0100] {dagbag.py:538} INFO - Filling up the DagBag from /home/ubuntu/.local/lib/python3.10/site-packages/airflow/example_dags/example_branch_day_of_week_operator.py
[2024-01-30T15:55:54.293+0100] {processor.py:840} INFO - DAG(s) 'example_weekday_branch_operator' retrieved from /home/ubuntu/.local/lib/python3.10/site-packages/airflow/example_dags/example_branch_day_of_week_operator.py
[2024-01-30T15:55:54.429+0100] {logging_mixin.py:188} INFO - [2024-01-30T15:55:54.429+0100] {dag.py:3033} INFO - Sync 1 DAGs
[2024-01-30T15:55:54.563+0100] {logging_mixin.py:188} INFO - [2024-01-30T15:55:54.563+0100] {dag.py:3820} INFO - Setting next_dagrun for example_weekday_branch_operator to 2024-01-29T00:00:00+00:00, run_after=2024-01-30T00:00:00+00:00
[2024-01-30T15:55:54.720+0100] {processor.py:183} INFO - Processing /home/ubuntu/.local/lib/python3.10/site-packages/airflow/example_dags/example_branch_day_of_week_operator.py took 0.816 seconds
[2024-01-30T15:57:52.530+0100] {processor.py:161} INFO - Started process (PID=10006) to work on /home/ubuntu/.local/lib/python3.10/site-packages/airflow/example_dags/example_branch_day_of_week_operator.py
[2024-01-30T15:57:52.535+0100] {processor.py:830} INFO - Processing file /home/ubuntu/.local/lib/python3.10/site-packages/airflow/example_dags/example_branch_day_of_week_operator.py for tasks to queue
[2024-01-30T15:57:52.537+0100] {logging_mixin.py:188} INFO - [2024-01-30T15:57:52.536+0100] {dagbag.py:538} INFO - Filling up the DagBag from /home/ubuntu/.local/lib/python3.10/site-packages/airflow/example_dags/example_branch_day_of_week_operator.py
[2024-01-30T15:57:52.556+0100] {processor.py:840} INFO - DAG(s) 'example_weekday_branch_operator' retrieved from /home/ubuntu/.local/lib/python3.10/site-packages/airflow/example_dags/example_branch_day_of_week_operator.py
[2024-01-30T15:57:52.604+0100] {logging_mixin.py:188} INFO - [2024-01-30T15:57:52.603+0100] {dag.py:3033} INFO - Sync 1 DAGs
[2024-01-30T15:57:52.774+0100] {logging_mixin.py:188} INFO - [2024-01-30T15:57:52.773+0100] {dag.py:3820} INFO - Setting next_dagrun for example_weekday_branch_operator to 2024-01-29T00:00:00+00:00, run_after=2024-01-30T00:00:00+00:00
[2024-01-30T15:57:53.066+0100] {processor.py:183} INFO - Processing /home/ubuntu/.local/lib/python3.10/site-packages/airflow/example_dags/example_branch_day_of_week_operator.py took 0.539 seconds
[2024-01-30T15:59:39.348+0100] {processor.py:161} INFO - Started process (PID=10113) to work on /home/ubuntu/.local/lib/python3.10/site-packages/airflow/example_dags/example_branch_day_of_week_operator.py
[2024-01-30T15:59:39.352+0100] {processor.py:830} INFO - Processing file /home/ubuntu/.local/lib/python3.10/site-packages/airflow/example_dags/example_branch_day_of_week_operator.py for tasks to queue
[2024-01-30T15:59:39.355+0100] {logging_mixin.py:188} INFO - [2024-01-30T15:59:39.354+0100] {dagbag.py:538} INFO - Filling up the DagBag from /home/ubuntu/.local/lib/python3.10/site-packages/airflow/example_dags/example_branch_day_of_week_operator.py
[2024-01-30T15:59:39.424+0100] {processor.py:840} INFO - DAG(s) 'example_weekday_branch_operator' retrieved from /home/ubuntu/.local/lib/python3.10/site-packages/airflow/example_dags/example_branch_day_of_week_operator.py
[2024-01-30T15:59:39.530+0100] {logging_mixin.py:188} INFO - [2024-01-30T15:59:39.530+0100] {dag.py:3033} INFO - Sync 1 DAGs
[2024-01-30T15:59:39.648+0100] {logging_mixin.py:188} INFO - [2024-01-30T15:59:39.647+0100] {dag.py:3820} INFO - Setting next_dagrun for example_weekday_branch_operator to 2024-01-29T00:00:00+00:00, run_after=2024-01-30T00:00:00+00:00
[2024-01-30T15:59:39.881+0100] {processor.py:183} INFO - Processing /home/ubuntu/.local/lib/python3.10/site-packages/airflow/example_dags/example_branch_day_of_week_operator.py took 0.542 seconds
[2024-01-30T16:00:37.471+0100] {processor.py:161} INFO - Started process (PID=10173) to work on /home/ubuntu/.local/lib/python3.10/site-packages/airflow/example_dags/example_branch_day_of_week_operator.py
[2024-01-30T16:00:37.486+0100] {processor.py:830} INFO - Processing file /home/ubuntu/.local/lib/python3.10/site-packages/airflow/example_dags/example_branch_day_of_week_operator.py for tasks to queue
[2024-01-30T16:00:37.488+0100] {logging_mixin.py:188} INFO - [2024-01-30T16:00:37.488+0100] {dagbag.py:538} INFO - Filling up the DagBag from /home/ubuntu/.local/lib/python3.10/site-packages/airflow/example_dags/example_branch_day_of_week_operator.py
[2024-01-30T16:00:37.502+0100] {processor.py:840} INFO - DAG(s) 'example_weekday_branch_operator' retrieved from /home/ubuntu/.local/lib/python3.10/site-packages/airflow/example_dags/example_branch_day_of_week_operator.py
[2024-01-30T16:00:37.531+0100] {logging_mixin.py:188} INFO - [2024-01-30T16:00:37.530+0100] {dag.py:3033} INFO - Sync 1 DAGs
[2024-01-30T16:00:37.564+0100] {logging_mixin.py:188} INFO - [2024-01-30T16:00:37.564+0100] {dag.py:3820} INFO - Setting next_dagrun for example_weekday_branch_operator to 2024-01-29T00:00:00+00:00, run_after=2024-01-30T00:00:00+00:00
[2024-01-30T16:00:37.597+0100] {processor.py:183} INFO - Processing /home/ubuntu/.local/lib/python3.10/site-packages/airflow/example_dags/example_branch_day_of_week_operator.py took 0.130 seconds
[2024-01-30T16:01:29.869+0100] {processor.py:161} INFO - Started process (PID=10226) to work on /home/ubuntu/.local/lib/python3.10/site-packages/airflow/example_dags/example_branch_day_of_week_operator.py
[2024-01-30T16:01:29.872+0100] {processor.py:830} INFO - Processing file /home/ubuntu/.local/lib/python3.10/site-packages/airflow/example_dags/example_branch_day_of_week_operator.py for tasks to queue
[2024-01-30T16:01:29.879+0100] {logging_mixin.py:188} INFO - [2024-01-30T16:01:29.878+0100] {dagbag.py:538} INFO - Filling up the DagBag from /home/ubuntu/.local/lib/python3.10/site-packages/airflow/example_dags/example_branch_day_of_week_operator.py
[2024-01-30T16:01:29.899+0100] {processor.py:840} INFO - DAG(s) 'example_weekday_branch_operator' retrieved from /home/ubuntu/.local/lib/python3.10/site-packages/airflow/example_dags/example_branch_day_of_week_operator.py
[2024-01-30T16:01:29.935+0100] {logging_mixin.py:188} INFO - [2024-01-30T16:01:29.935+0100] {dag.py:3033} INFO - Sync 1 DAGs
[2024-01-30T16:01:29.991+0100] {logging_mixin.py:188} INFO - [2024-01-30T16:01:29.991+0100] {dag.py:3820} INFO - Setting next_dagrun for example_weekday_branch_operator to 2024-01-29T00:00:00+00:00, run_after=2024-01-30T00:00:00+00:00
[2024-01-30T16:01:30.061+0100] {processor.py:183} INFO - Processing /home/ubuntu/.local/lib/python3.10/site-packages/airflow/example_dags/example_branch_day_of_week_operator.py took 0.198 seconds
[2024-01-30T16:03:00.717+0100] {processor.py:161} INFO - Started process (PID=10323) to work on /home/ubuntu/.local/lib/python3.10/site-packages/airflow/example_dags/example_branch_day_of_week_operator.py
[2024-01-30T16:03:00.720+0100] {processor.py:830} INFO - Processing file /home/ubuntu/.local/lib/python3.10/site-packages/airflow/example_dags/example_branch_day_of_week_operator.py for tasks to queue
[2024-01-30T16:03:00.721+0100] {logging_mixin.py:188} INFO - [2024-01-30T16:03:00.721+0100] {dagbag.py:538} INFO - Filling up the DagBag from /home/ubuntu/.local/lib/python3.10/site-packages/airflow/example_dags/example_branch_day_of_week_operator.py
[2024-01-30T16:03:00.731+0100] {processor.py:840} INFO - DAG(s) 'example_weekday_branch_operator' retrieved from /home/ubuntu/.local/lib/python3.10/site-packages/airflow/example_dags/example_branch_day_of_week_operator.py
[2024-01-30T16:03:00.751+0100] {logging_mixin.py:188} INFO - [2024-01-30T16:03:00.751+0100] {dag.py:3033} INFO - Sync 1 DAGs
[2024-01-30T16:03:00.783+0100] {logging_mixin.py:188} INFO - [2024-01-30T16:03:00.782+0100] {dag.py:3820} INFO - Setting next_dagrun for example_weekday_branch_operator to 2024-01-29T00:00:00+00:00, run_after=2024-01-30T00:00:00+00:00
[2024-01-30T16:03:00.881+0100] {processor.py:183} INFO - Processing /home/ubuntu/.local/lib/python3.10/site-packages/airflow/example_dags/example_branch_day_of_week_operator.py took 0.167 seconds
[2024-01-30T16:04:37.308+0100] {processor.py:161} INFO - Started process (PID=10423) to work on /home/ubuntu/.local/lib/python3.10/site-packages/airflow/example_dags/example_branch_day_of_week_operator.py
[2024-01-30T16:04:37.310+0100] {processor.py:830} INFO - Processing file /home/ubuntu/.local/lib/python3.10/site-packages/airflow/example_dags/example_branch_day_of_week_operator.py for tasks to queue
[2024-01-30T16:04:37.312+0100] {logging_mixin.py:188} INFO - [2024-01-30T16:04:37.311+0100] {dagbag.py:538} INFO - Filling up the DagBag from /home/ubuntu/.local/lib/python3.10/site-packages/airflow/example_dags/example_branch_day_of_week_operator.py
[2024-01-30T16:04:37.321+0100] {processor.py:840} INFO - DAG(s) 'example_weekday_branch_operator' retrieved from /home/ubuntu/.local/lib/python3.10/site-packages/airflow/example_dags/example_branch_day_of_week_operator.py
[2024-01-30T16:04:37.342+0100] {logging_mixin.py:188} INFO - [2024-01-30T16:04:37.342+0100] {dag.py:3033} INFO - Sync 1 DAGs
[2024-01-30T16:04:37.365+0100] {logging_mixin.py:188} INFO - [2024-01-30T16:04:37.365+0100] {dag.py:3820} INFO - Setting next_dagrun for example_weekday_branch_operator to 2024-01-29T00:00:00+00:00, run_after=2024-01-30T00:00:00+00:00
[2024-01-30T16:04:37.421+0100] {processor.py:183} INFO - Processing /home/ubuntu/.local/lib/python3.10/site-packages/airflow/example_dags/example_branch_day_of_week_operator.py took 0.117 seconds
[2024-01-30T16:06:14.553+0100] {processor.py:161} INFO - Started process (PID=10505) to work on /home/ubuntu/.local/lib/python3.10/site-packages/airflow/example_dags/example_branch_day_of_week_operator.py
[2024-01-30T16:06:14.580+0100] {processor.py:830} INFO - Processing file /home/ubuntu/.local/lib/python3.10/site-packages/airflow/example_dags/example_branch_day_of_week_operator.py for tasks to queue
[2024-01-30T16:06:14.592+0100] {logging_mixin.py:188} INFO - [2024-01-30T16:06:14.591+0100] {dagbag.py:538} INFO - Filling up the DagBag from /home/ubuntu/.local/lib/python3.10/site-packages/airflow/example_dags/example_branch_day_of_week_operator.py
[2024-01-30T16:06:14.633+0100] {processor.py:840} INFO - DAG(s) 'example_weekday_branch_operator' retrieved from /home/ubuntu/.local/lib/python3.10/site-packages/airflow/example_dags/example_branch_day_of_week_operator.py
[2024-01-30T16:06:14.938+0100] {logging_mixin.py:188} INFO - [2024-01-30T16:06:14.937+0100] {dag.py:3033} INFO - Sync 1 DAGs
[2024-01-30T16:06:15.407+0100] {logging_mixin.py:188} INFO - [2024-01-30T16:06:15.406+0100] {dag.py:3820} INFO - Setting next_dagrun for example_weekday_branch_operator to 2024-01-29T00:00:00+00:00, run_after=2024-01-30T00:00:00+00:00
[2024-01-30T16:06:15.577+0100] {processor.py:183} INFO - Processing /home/ubuntu/.local/lib/python3.10/site-packages/airflow/example_dags/example_branch_day_of_week_operator.py took 1.037 seconds
