[2024-01-30T15:30:11.400+0100] {processor.py:161} INFO - Started process (PID=6610) to work on /home/ubuntu/.local/lib/python3.10/site-packages/airflow/example_dags/example_branch_python_dop_operator_3.py
[2024-01-30T15:30:11.402+0100] {processor.py:830} INFO - Processing file /home/ubuntu/.local/lib/python3.10/site-packages/airflow/example_dags/example_branch_python_dop_operator_3.py for tasks to queue
[2024-01-30T15:30:11.405+0100] {logging_mixin.py:188} INFO - [2024-01-30T15:30:11.404+0100] {dagbag.py:538} INFO - Filling up the DagBag from /home/ubuntu/.local/lib/python3.10/site-packages/airflow/example_dags/example_branch_python_dop_operator_3.py
[2024-01-30T15:30:11.423+0100] {processor.py:840} INFO - DAG(s) 'example_branch_dop_operator_v3' retrieved from /home/ubuntu/.local/lib/python3.10/site-packages/airflow/example_dags/example_branch_python_dop_operator_3.py
[2024-01-30T15:30:11.591+0100] {logging_mixin.py:188} INFO - [2024-01-30T15:30:11.591+0100] {dag.py:3033} INFO - Sync 1 DAGs
[2024-01-30T15:30:11.623+0100] {logging_mixin.py:188} INFO - [2024-01-30T15:30:11.623+0100] {dag.py:3820} INFO - Setting next_dagrun for example_branch_dop_operator_v3 to 2024-01-30T14:29:00+00:00, run_after=2024-01-30T14:30:00+00:00
[2024-01-30T15:30:11.673+0100] {processor.py:183} INFO - Processing /home/ubuntu/.local/lib/python3.10/site-packages/airflow/example_dags/example_branch_python_dop_operator_3.py took 0.278 seconds
[2024-01-30T15:31:11.608+0100] {processor.py:161} INFO - Started process (PID=6669) to work on /home/ubuntu/.local/lib/python3.10/site-packages/airflow/example_dags/example_branch_python_dop_operator_3.py
[2024-01-30T15:31:11.611+0100] {processor.py:830} INFO - Processing file /home/ubuntu/.local/lib/python3.10/site-packages/airflow/example_dags/example_branch_python_dop_operator_3.py for tasks to queue
[2024-01-30T15:31:11.612+0100] {logging_mixin.py:188} INFO - [2024-01-30T15:31:11.611+0100] {dagbag.py:538} INFO - Filling up the DagBag from /home/ubuntu/.local/lib/python3.10/site-packages/airflow/example_dags/example_branch_python_dop_operator_3.py
[2024-01-30T15:31:11.621+0100] {processor.py:840} INFO - DAG(s) 'example_branch_dop_operator_v3' retrieved from /home/ubuntu/.local/lib/python3.10/site-packages/airflow/example_dags/example_branch_python_dop_operator_3.py
[2024-01-30T15:31:11.640+0100] {logging_mixin.py:188} INFO - [2024-01-30T15:31:11.639+0100] {dag.py:3033} INFO - Sync 1 DAGs
[2024-01-30T15:31:11.663+0100] {logging_mixin.py:188} INFO - [2024-01-30T15:31:11.663+0100] {dag.py:3820} INFO - Setting next_dagrun for example_branch_dop_operator_v3 to 2024-01-30T14:30:00+00:00, run_after=2024-01-30T14:31:00+00:00
[2024-01-30T15:31:11.704+0100] {processor.py:183} INFO - Processing /home/ubuntu/.local/lib/python3.10/site-packages/airflow/example_dags/example_branch_python_dop_operator_3.py took 0.100 seconds
[2024-01-30T15:32:05.216+0100] {processor.py:161} INFO - Started process (PID=6727) to work on /home/ubuntu/.local/lib/python3.10/site-packages/airflow/example_dags/example_branch_python_dop_operator_3.py
[2024-01-30T15:32:05.218+0100] {processor.py:830} INFO - Processing file /home/ubuntu/.local/lib/python3.10/site-packages/airflow/example_dags/example_branch_python_dop_operator_3.py for tasks to queue
[2024-01-30T15:32:05.219+0100] {logging_mixin.py:188} INFO - [2024-01-30T15:32:05.219+0100] {dagbag.py:538} INFO - Filling up the DagBag from /home/ubuntu/.local/lib/python3.10/site-packages/airflow/example_dags/example_branch_python_dop_operator_3.py
[2024-01-30T15:32:05.230+0100] {processor.py:840} INFO - DAG(s) 'example_branch_dop_operator_v3' retrieved from /home/ubuntu/.local/lib/python3.10/site-packages/airflow/example_dags/example_branch_python_dop_operator_3.py
[2024-01-30T15:32:05.248+0100] {logging_mixin.py:188} INFO - [2024-01-30T15:32:05.248+0100] {dag.py:3033} INFO - Sync 1 DAGs
[2024-01-30T15:32:05.276+0100] {logging_mixin.py:188} INFO - [2024-01-30T15:32:05.276+0100] {dag.py:3820} INFO - Setting next_dagrun for example_branch_dop_operator_v3 to 2024-01-30T14:31:00+00:00, run_after=2024-01-30T14:32:00+00:00
[2024-01-30T15:32:05.310+0100] {processor.py:183} INFO - Processing /home/ubuntu/.local/lib/python3.10/site-packages/airflow/example_dags/example_branch_python_dop_operator_3.py took 0.097 seconds
[2024-01-30T15:33:11.265+0100] {processor.py:161} INFO - Started process (PID=6794) to work on /home/ubuntu/.local/lib/python3.10/site-packages/airflow/example_dags/example_branch_python_dop_operator_3.py
[2024-01-30T15:33:11.267+0100] {processor.py:830} INFO - Processing file /home/ubuntu/.local/lib/python3.10/site-packages/airflow/example_dags/example_branch_python_dop_operator_3.py for tasks to queue
[2024-01-30T15:33:11.268+0100] {logging_mixin.py:188} INFO - [2024-01-30T15:33:11.267+0100] {dagbag.py:538} INFO - Filling up the DagBag from /home/ubuntu/.local/lib/python3.10/site-packages/airflow/example_dags/example_branch_python_dop_operator_3.py
[2024-01-30T15:33:11.288+0100] {processor.py:840} INFO - DAG(s) 'example_branch_dop_operator_v3' retrieved from /home/ubuntu/.local/lib/python3.10/site-packages/airflow/example_dags/example_branch_python_dop_operator_3.py
[2024-01-30T15:33:11.306+0100] {logging_mixin.py:188} INFO - [2024-01-30T15:33:11.306+0100] {dag.py:3033} INFO - Sync 1 DAGs
[2024-01-30T15:33:11.335+0100] {logging_mixin.py:188} INFO - [2024-01-30T15:33:11.335+0100] {dag.py:3820} INFO - Setting next_dagrun for example_branch_dop_operator_v3 to 2024-01-30T14:32:00+00:00, run_after=2024-01-30T14:33:00+00:00
[2024-01-30T15:33:11.391+0100] {processor.py:183} INFO - Processing /home/ubuntu/.local/lib/python3.10/site-packages/airflow/example_dags/example_branch_python_dop_operator_3.py took 0.129 seconds
[2024-01-30T15:34:14.791+0100] {processor.py:161} INFO - Started process (PID=6855) to work on /home/ubuntu/.local/lib/python3.10/site-packages/airflow/example_dags/example_branch_python_dop_operator_3.py
[2024-01-30T15:34:14.794+0100] {processor.py:830} INFO - Processing file /home/ubuntu/.local/lib/python3.10/site-packages/airflow/example_dags/example_branch_python_dop_operator_3.py for tasks to queue
[2024-01-30T15:34:14.795+0100] {logging_mixin.py:188} INFO - [2024-01-30T15:34:14.795+0100] {dagbag.py:538} INFO - Filling up the DagBag from /home/ubuntu/.local/lib/python3.10/site-packages/airflow/example_dags/example_branch_python_dop_operator_3.py
[2024-01-30T15:34:14.810+0100] {processor.py:840} INFO - DAG(s) 'example_branch_dop_operator_v3' retrieved from /home/ubuntu/.local/lib/python3.10/site-packages/airflow/example_dags/example_branch_python_dop_operator_3.py
[2024-01-30T15:34:14.836+0100] {logging_mixin.py:188} INFO - [2024-01-30T15:34:14.836+0100] {dag.py:3033} INFO - Sync 1 DAGs
[2024-01-30T15:34:14.876+0100] {logging_mixin.py:188} INFO - [2024-01-30T15:34:14.876+0100] {dag.py:3820} INFO - Setting next_dagrun for example_branch_dop_operator_v3 to 2024-01-30T14:33:00+00:00, run_after=2024-01-30T14:34:00+00:00
[2024-01-30T15:34:14.936+0100] {processor.py:183} INFO - Processing /home/ubuntu/.local/lib/python3.10/site-packages/airflow/example_dags/example_branch_python_dop_operator_3.py took 0.148 seconds
[2024-01-30T15:35:09.888+0100] {processor.py:161} INFO - Started process (PID=6915) to work on /home/ubuntu/.local/lib/python3.10/site-packages/airflow/example_dags/example_branch_python_dop_operator_3.py
[2024-01-30T15:35:09.891+0100] {processor.py:830} INFO - Processing file /home/ubuntu/.local/lib/python3.10/site-packages/airflow/example_dags/example_branch_python_dop_operator_3.py for tasks to queue
[2024-01-30T15:35:09.893+0100] {logging_mixin.py:188} INFO - [2024-01-30T15:35:09.892+0100] {dagbag.py:538} INFO - Filling up the DagBag from /home/ubuntu/.local/lib/python3.10/site-packages/airflow/example_dags/example_branch_python_dop_operator_3.py
[2024-01-30T15:35:09.904+0100] {processor.py:840} INFO - DAG(s) 'example_branch_dop_operator_v3' retrieved from /home/ubuntu/.local/lib/python3.10/site-packages/airflow/example_dags/example_branch_python_dop_operator_3.py
[2024-01-30T15:35:09.926+0100] {logging_mixin.py:188} INFO - [2024-01-30T15:35:09.925+0100] {dag.py:3033} INFO - Sync 1 DAGs
[2024-01-30T15:35:09.966+0100] {logging_mixin.py:188} INFO - [2024-01-30T15:35:09.966+0100] {dag.py:3820} INFO - Setting next_dagrun for example_branch_dop_operator_v3 to 2024-01-30T14:34:00+00:00, run_after=2024-01-30T14:35:00+00:00
[2024-01-30T15:35:10.033+0100] {processor.py:183} INFO - Processing /home/ubuntu/.local/lib/python3.10/site-packages/airflow/example_dags/example_branch_python_dop_operator_3.py took 0.149 seconds
[2024-01-30T15:35:59.287+0100] {processor.py:161} INFO - Started process (PID=6968) to work on /home/ubuntu/.local/lib/python3.10/site-packages/airflow/example_dags/example_branch_python_dop_operator_3.py
[2024-01-30T15:35:59.289+0100] {processor.py:830} INFO - Processing file /home/ubuntu/.local/lib/python3.10/site-packages/airflow/example_dags/example_branch_python_dop_operator_3.py for tasks to queue
[2024-01-30T15:35:59.291+0100] {logging_mixin.py:188} INFO - [2024-01-30T15:35:59.290+0100] {dagbag.py:538} INFO - Filling up the DagBag from /home/ubuntu/.local/lib/python3.10/site-packages/airflow/example_dags/example_branch_python_dop_operator_3.py
[2024-01-30T15:35:59.300+0100] {processor.py:840} INFO - DAG(s) 'example_branch_dop_operator_v3' retrieved from /home/ubuntu/.local/lib/python3.10/site-packages/airflow/example_dags/example_branch_python_dop_operator_3.py
[2024-01-30T15:35:59.320+0100] {logging_mixin.py:188} INFO - [2024-01-30T15:35:59.319+0100] {dag.py:3033} INFO - Sync 1 DAGs
[2024-01-30T15:35:59.346+0100] {logging_mixin.py:188} INFO - [2024-01-30T15:35:59.346+0100] {dag.py:3820} INFO - Setting next_dagrun for example_branch_dop_operator_v3 to 2024-01-30T14:34:00+00:00, run_after=2024-01-30T14:35:00+00:00
[2024-01-30T15:35:59.395+0100] {processor.py:183} INFO - Processing /home/ubuntu/.local/lib/python3.10/site-packages/airflow/example_dags/example_branch_python_dop_operator_3.py took 0.112 seconds
[2024-01-30T15:36:49.112+0100] {processor.py:161} INFO - Started process (PID=7019) to work on /home/ubuntu/.local/lib/python3.10/site-packages/airflow/example_dags/example_branch_python_dop_operator_3.py
[2024-01-30T15:36:49.114+0100] {processor.py:830} INFO - Processing file /home/ubuntu/.local/lib/python3.10/site-packages/airflow/example_dags/example_branch_python_dop_operator_3.py for tasks to queue
[2024-01-30T15:36:49.115+0100] {logging_mixin.py:188} INFO - [2024-01-30T15:36:49.114+0100] {dagbag.py:538} INFO - Filling up the DagBag from /home/ubuntu/.local/lib/python3.10/site-packages/airflow/example_dags/example_branch_python_dop_operator_3.py
[2024-01-30T15:36:49.126+0100] {processor.py:840} INFO - DAG(s) 'example_branch_dop_operator_v3' retrieved from /home/ubuntu/.local/lib/python3.10/site-packages/airflow/example_dags/example_branch_python_dop_operator_3.py
[2024-01-30T15:36:49.145+0100] {logging_mixin.py:188} INFO - [2024-01-30T15:36:49.144+0100] {dag.py:3033} INFO - Sync 1 DAGs
[2024-01-30T15:36:49.174+0100] {logging_mixin.py:188} INFO - [2024-01-30T15:36:49.173+0100] {dag.py:3820} INFO - Setting next_dagrun for example_branch_dop_operator_v3 to 2024-01-30T14:35:00+00:00, run_after=2024-01-30T14:36:00+00:00
[2024-01-30T15:36:49.211+0100] {processor.py:183} INFO - Processing /home/ubuntu/.local/lib/python3.10/site-packages/airflow/example_dags/example_branch_python_dop_operator_3.py took 0.103 seconds
[2024-01-30T15:37:42.968+0100] {processor.py:161} INFO - Started process (PID=7077) to work on /home/ubuntu/.local/lib/python3.10/site-packages/airflow/example_dags/example_branch_python_dop_operator_3.py
[2024-01-30T15:37:42.970+0100] {processor.py:830} INFO - Processing file /home/ubuntu/.local/lib/python3.10/site-packages/airflow/example_dags/example_branch_python_dop_operator_3.py for tasks to queue
[2024-01-30T15:37:42.972+0100] {logging_mixin.py:188} INFO - [2024-01-30T15:37:42.971+0100] {dagbag.py:538} INFO - Filling up the DagBag from /home/ubuntu/.local/lib/python3.10/site-packages/airflow/example_dags/example_branch_python_dop_operator_3.py
[2024-01-30T15:37:42.983+0100] {processor.py:840} INFO - DAG(s) 'example_branch_dop_operator_v3' retrieved from /home/ubuntu/.local/lib/python3.10/site-packages/airflow/example_dags/example_branch_python_dop_operator_3.py
[2024-01-30T15:37:43.004+0100] {logging_mixin.py:188} INFO - [2024-01-30T15:37:43.004+0100] {dag.py:3033} INFO - Sync 1 DAGs
[2024-01-30T15:37:43.032+0100] {logging_mixin.py:188} INFO - [2024-01-30T15:37:43.031+0100] {dag.py:3820} INFO - Setting next_dagrun for example_branch_dop_operator_v3 to 2024-01-30T14:36:00+00:00, run_after=2024-01-30T14:37:00+00:00
[2024-01-30T15:37:43.062+0100] {processor.py:183} INFO - Processing /home/ubuntu/.local/lib/python3.10/site-packages/airflow/example_dags/example_branch_python_dop_operator_3.py took 0.097 seconds
[2024-01-30T15:38:34.045+0100] {processor.py:161} INFO - Started process (PID=7137) to work on /home/ubuntu/.local/lib/python3.10/site-packages/airflow/example_dags/example_branch_python_dop_operator_3.py
[2024-01-30T15:38:34.048+0100] {processor.py:830} INFO - Processing file /home/ubuntu/.local/lib/python3.10/site-packages/airflow/example_dags/example_branch_python_dop_operator_3.py for tasks to queue
[2024-01-30T15:38:34.049+0100] {logging_mixin.py:188} INFO - [2024-01-30T15:38:34.049+0100] {dagbag.py:538} INFO - Filling up the DagBag from /home/ubuntu/.local/lib/python3.10/site-packages/airflow/example_dags/example_branch_python_dop_operator_3.py
[2024-01-30T15:38:34.058+0100] {processor.py:840} INFO - DAG(s) 'example_branch_dop_operator_v3' retrieved from /home/ubuntu/.local/lib/python3.10/site-packages/airflow/example_dags/example_branch_python_dop_operator_3.py
[2024-01-30T15:38:34.076+0100] {logging_mixin.py:188} INFO - [2024-01-30T15:38:34.076+0100] {dag.py:3033} INFO - Sync 1 DAGs
[2024-01-30T15:38:34.097+0100] {logging_mixin.py:188} INFO - [2024-01-30T15:38:34.097+0100] {dag.py:3820} INFO - Setting next_dagrun for example_branch_dop_operator_v3 to 2024-01-30T14:37:00+00:00, run_after=2024-01-30T14:38:00+00:00
[2024-01-30T15:38:34.131+0100] {processor.py:183} INFO - Processing /home/ubuntu/.local/lib/python3.10/site-packages/airflow/example_dags/example_branch_python_dop_operator_3.py took 0.090 seconds
[2024-01-30T15:39:35.798+0100] {processor.py:161} INFO - Started process (PID=7279) to work on /home/ubuntu/.local/lib/python3.10/site-packages/airflow/example_dags/example_branch_python_dop_operator_3.py
[2024-01-30T15:39:35.800+0100] {processor.py:830} INFO - Processing file /home/ubuntu/.local/lib/python3.10/site-packages/airflow/example_dags/example_branch_python_dop_operator_3.py for tasks to queue
[2024-01-30T15:39:35.802+0100] {logging_mixin.py:188} INFO - [2024-01-30T15:39:35.801+0100] {dagbag.py:538} INFO - Filling up the DagBag from /home/ubuntu/.local/lib/python3.10/site-packages/airflow/example_dags/example_branch_python_dop_operator_3.py
[2024-01-30T15:39:35.812+0100] {processor.py:840} INFO - DAG(s) 'example_branch_dop_operator_v3' retrieved from /home/ubuntu/.local/lib/python3.10/site-packages/airflow/example_dags/example_branch_python_dop_operator_3.py
[2024-01-30T15:39:35.830+0100] {logging_mixin.py:188} INFO - [2024-01-30T15:39:35.830+0100] {dag.py:3033} INFO - Sync 1 DAGs
[2024-01-30T15:39:35.857+0100] {logging_mixin.py:188} INFO - [2024-01-30T15:39:35.857+0100] {dag.py:3820} INFO - Setting next_dagrun for example_branch_dop_operator_v3 to 2024-01-30T14:38:00+00:00, run_after=2024-01-30T14:39:00+00:00
[2024-01-30T15:39:35.892+0100] {processor.py:183} INFO - Processing /home/ubuntu/.local/lib/python3.10/site-packages/airflow/example_dags/example_branch_python_dop_operator_3.py took 0.098 seconds
[2024-01-30T15:40:34.231+0100] {processor.py:161} INFO - Started process (PID=7337) to work on /home/ubuntu/.local/lib/python3.10/site-packages/airflow/example_dags/example_branch_python_dop_operator_3.py
[2024-01-30T15:40:34.233+0100] {processor.py:830} INFO - Processing file /home/ubuntu/.local/lib/python3.10/site-packages/airflow/example_dags/example_branch_python_dop_operator_3.py for tasks to queue
[2024-01-30T15:40:34.234+0100] {logging_mixin.py:188} INFO - [2024-01-30T15:40:34.234+0100] {dagbag.py:538} INFO - Filling up the DagBag from /home/ubuntu/.local/lib/python3.10/site-packages/airflow/example_dags/example_branch_python_dop_operator_3.py
[2024-01-30T15:40:34.253+0100] {processor.py:840} INFO - DAG(s) 'example_branch_dop_operator_v3' retrieved from /home/ubuntu/.local/lib/python3.10/site-packages/airflow/example_dags/example_branch_python_dop_operator_3.py
[2024-01-30T15:40:34.283+0100] {logging_mixin.py:188} INFO - [2024-01-30T15:40:34.283+0100] {dag.py:3033} INFO - Sync 1 DAGs
[2024-01-30T15:40:34.332+0100] {logging_mixin.py:188} INFO - [2024-01-30T15:40:34.331+0100] {dag.py:3820} INFO - Setting next_dagrun for example_branch_dop_operator_v3 to 2024-01-30T14:39:00+00:00, run_after=2024-01-30T14:40:00+00:00
[2024-01-30T15:40:34.388+0100] {processor.py:183} INFO - Processing /home/ubuntu/.local/lib/python3.10/site-packages/airflow/example_dags/example_branch_python_dop_operator_3.py took 0.160 seconds
[2024-01-30T15:41:40.361+0100] {processor.py:161} INFO - Started process (PID=7403) to work on /home/ubuntu/.local/lib/python3.10/site-packages/airflow/example_dags/example_branch_python_dop_operator_3.py
[2024-01-30T15:41:40.364+0100] {processor.py:830} INFO - Processing file /home/ubuntu/.local/lib/python3.10/site-packages/airflow/example_dags/example_branch_python_dop_operator_3.py for tasks to queue
[2024-01-30T15:41:40.368+0100] {logging_mixin.py:188} INFO - [2024-01-30T15:41:40.367+0100] {dagbag.py:538} INFO - Filling up the DagBag from /home/ubuntu/.local/lib/python3.10/site-packages/airflow/example_dags/example_branch_python_dop_operator_3.py
[2024-01-30T15:41:40.382+0100] {processor.py:840} INFO - DAG(s) 'example_branch_dop_operator_v3' retrieved from /home/ubuntu/.local/lib/python3.10/site-packages/airflow/example_dags/example_branch_python_dop_operator_3.py
[2024-01-30T15:41:40.408+0100] {logging_mixin.py:188} INFO - [2024-01-30T15:41:40.408+0100] {dag.py:3033} INFO - Sync 1 DAGs
[2024-01-30T15:41:40.443+0100] {logging_mixin.py:188} INFO - [2024-01-30T15:41:40.442+0100] {dag.py:3820} INFO - Setting next_dagrun for example_branch_dop_operator_v3 to 2024-01-30T14:40:00+00:00, run_after=2024-01-30T14:41:00+00:00
[2024-01-30T15:41:40.484+0100] {processor.py:183} INFO - Processing /home/ubuntu/.local/lib/python3.10/site-packages/airflow/example_dags/example_branch_python_dop_operator_3.py took 0.129 seconds
[2024-01-30T15:42:44.563+0100] {processor.py:161} INFO - Started process (PID=7616) to work on /home/ubuntu/.local/lib/python3.10/site-packages/airflow/example_dags/example_branch_python_dop_operator_3.py
[2024-01-30T15:42:44.601+0100] {processor.py:830} INFO - Processing file /home/ubuntu/.local/lib/python3.10/site-packages/airflow/example_dags/example_branch_python_dop_operator_3.py for tasks to queue
[2024-01-30T15:42:44.603+0100] {logging_mixin.py:188} INFO - [2024-01-30T15:42:44.602+0100] {dagbag.py:538} INFO - Filling up the DagBag from /home/ubuntu/.local/lib/python3.10/site-packages/airflow/example_dags/example_branch_python_dop_operator_3.py
[2024-01-30T15:42:44.668+0100] {processor.py:840} INFO - DAG(s) 'example_branch_dop_operator_v3' retrieved from /home/ubuntu/.local/lib/python3.10/site-packages/airflow/example_dags/example_branch_python_dop_operator_3.py
[2024-01-30T15:42:44.768+0100] {logging_mixin.py:188} INFO - [2024-01-30T15:42:44.768+0100] {dag.py:3033} INFO - Sync 1 DAGs
[2024-01-30T15:42:44.924+0100] {logging_mixin.py:188} INFO - [2024-01-30T15:42:44.923+0100] {dag.py:3820} INFO - Setting next_dagrun for example_branch_dop_operator_v3 to 2024-01-30T14:41:00+00:00, run_after=2024-01-30T14:42:00+00:00
[2024-01-30T15:42:44.982+0100] {processor.py:183} INFO - Processing /home/ubuntu/.local/lib/python3.10/site-packages/airflow/example_dags/example_branch_python_dop_operator_3.py took 0.435 seconds
[2024-01-30T15:43:41.147+0100] {processor.py:161} INFO - Started process (PID=7885) to work on /home/ubuntu/.local/lib/python3.10/site-packages/airflow/example_dags/example_branch_python_dop_operator_3.py
[2024-01-30T15:43:41.150+0100] {processor.py:830} INFO - Processing file /home/ubuntu/.local/lib/python3.10/site-packages/airflow/example_dags/example_branch_python_dop_operator_3.py for tasks to queue
[2024-01-30T15:43:41.151+0100] {logging_mixin.py:188} INFO - [2024-01-30T15:43:41.151+0100] {dagbag.py:538} INFO - Filling up the DagBag from /home/ubuntu/.local/lib/python3.10/site-packages/airflow/example_dags/example_branch_python_dop_operator_3.py
[2024-01-30T15:43:41.165+0100] {processor.py:840} INFO - DAG(s) 'example_branch_dop_operator_v3' retrieved from /home/ubuntu/.local/lib/python3.10/site-packages/airflow/example_dags/example_branch_python_dop_operator_3.py
[2024-01-30T15:43:41.185+0100] {logging_mixin.py:188} INFO - [2024-01-30T15:43:41.184+0100] {dag.py:3033} INFO - Sync 1 DAGs
[2024-01-30T15:43:41.212+0100] {logging_mixin.py:188} INFO - [2024-01-30T15:43:41.212+0100] {dag.py:3820} INFO - Setting next_dagrun for example_branch_dop_operator_v3 to 2024-01-30T14:42:00+00:00, run_after=2024-01-30T14:43:00+00:00
[2024-01-30T15:43:41.246+0100] {processor.py:183} INFO - Processing /home/ubuntu/.local/lib/python3.10/site-packages/airflow/example_dags/example_branch_python_dop_operator_3.py took 0.109 seconds
[2024-01-30T15:44:48.142+0100] {processor.py:161} INFO - Started process (PID=8191) to work on /home/ubuntu/.local/lib/python3.10/site-packages/airflow/example_dags/example_branch_python_dop_operator_3.py
[2024-01-30T15:44:48.147+0100] {processor.py:830} INFO - Processing file /home/ubuntu/.local/lib/python3.10/site-packages/airflow/example_dags/example_branch_python_dop_operator_3.py for tasks to queue
[2024-01-30T15:44:48.152+0100] {logging_mixin.py:188} INFO - [2024-01-30T15:44:48.151+0100] {dagbag.py:538} INFO - Filling up the DagBag from /home/ubuntu/.local/lib/python3.10/site-packages/airflow/example_dags/example_branch_python_dop_operator_3.py
[2024-01-30T15:44:48.178+0100] {processor.py:840} INFO - DAG(s) 'example_branch_dop_operator_v3' retrieved from /home/ubuntu/.local/lib/python3.10/site-packages/airflow/example_dags/example_branch_python_dop_operator_3.py
[2024-01-30T15:44:48.214+0100] {logging_mixin.py:188} INFO - [2024-01-30T15:44:48.214+0100] {dag.py:3033} INFO - Sync 1 DAGs
[2024-01-30T15:44:48.269+0100] {logging_mixin.py:188} INFO - [2024-01-30T15:44:48.269+0100] {dag.py:3820} INFO - Setting next_dagrun for example_branch_dop_operator_v3 to 2024-01-30T14:43:00+00:00, run_after=2024-01-30T14:44:00+00:00
[2024-01-30T15:44:48.450+0100] {processor.py:183} INFO - Processing /home/ubuntu/.local/lib/python3.10/site-packages/airflow/example_dags/example_branch_python_dop_operator_3.py took 0.313 seconds
[2024-01-30T15:45:38.536+0100] {processor.py:161} INFO - Started process (PID=8273) to work on /home/ubuntu/.local/lib/python3.10/site-packages/airflow/example_dags/example_branch_python_dop_operator_3.py
[2024-01-30T15:45:38.538+0100] {processor.py:830} INFO - Processing file /home/ubuntu/.local/lib/python3.10/site-packages/airflow/example_dags/example_branch_python_dop_operator_3.py for tasks to queue
[2024-01-30T15:45:38.540+0100] {logging_mixin.py:188} INFO - [2024-01-30T15:45:38.539+0100] {dagbag.py:538} INFO - Filling up the DagBag from /home/ubuntu/.local/lib/python3.10/site-packages/airflow/example_dags/example_branch_python_dop_operator_3.py
[2024-01-30T15:45:38.552+0100] {processor.py:840} INFO - DAG(s) 'example_branch_dop_operator_v3' retrieved from /home/ubuntu/.local/lib/python3.10/site-packages/airflow/example_dags/example_branch_python_dop_operator_3.py
[2024-01-30T15:45:38.571+0100] {logging_mixin.py:188} INFO - [2024-01-30T15:45:38.571+0100] {dag.py:3033} INFO - Sync 1 DAGs
[2024-01-30T15:45:38.600+0100] {logging_mixin.py:188} INFO - [2024-01-30T15:45:38.600+0100] {dag.py:3820} INFO - Setting next_dagrun for example_branch_dop_operator_v3 to 2024-01-30T14:44:00+00:00, run_after=2024-01-30T14:45:00+00:00
[2024-01-30T15:45:38.631+0100] {processor.py:183} INFO - Processing /home/ubuntu/.local/lib/python3.10/site-packages/airflow/example_dags/example_branch_python_dop_operator_3.py took 0.098 seconds
[2024-01-30T15:46:38.455+0100] {processor.py:161} INFO - Started process (PID=8336) to work on /home/ubuntu/.local/lib/python3.10/site-packages/airflow/example_dags/example_branch_python_dop_operator_3.py
[2024-01-30T15:46:38.457+0100] {processor.py:830} INFO - Processing file /home/ubuntu/.local/lib/python3.10/site-packages/airflow/example_dags/example_branch_python_dop_operator_3.py for tasks to queue
[2024-01-30T15:46:38.459+0100] {logging_mixin.py:188} INFO - [2024-01-30T15:46:38.458+0100] {dagbag.py:538} INFO - Filling up the DagBag from /home/ubuntu/.local/lib/python3.10/site-packages/airflow/example_dags/example_branch_python_dop_operator_3.py
[2024-01-30T15:46:38.468+0100] {processor.py:840} INFO - DAG(s) 'example_branch_dop_operator_v3' retrieved from /home/ubuntu/.local/lib/python3.10/site-packages/airflow/example_dags/example_branch_python_dop_operator_3.py
[2024-01-30T15:46:38.484+0100] {logging_mixin.py:188} INFO - [2024-01-30T15:46:38.484+0100] {dag.py:3033} INFO - Sync 1 DAGs
[2024-01-30T15:46:38.511+0100] {logging_mixin.py:188} INFO - [2024-01-30T15:46:38.510+0100] {dag.py:3820} INFO - Setting next_dagrun for example_branch_dop_operator_v3 to 2024-01-30T14:45:00+00:00, run_after=2024-01-30T14:46:00+00:00
[2024-01-30T15:46:38.549+0100] {processor.py:183} INFO - Processing /home/ubuntu/.local/lib/python3.10/site-packages/airflow/example_dags/example_branch_python_dop_operator_3.py took 0.097 seconds
[2024-01-30T15:47:29.993+0100] {processor.py:161} INFO - Started process (PID=8395) to work on /home/ubuntu/.local/lib/python3.10/site-packages/airflow/example_dags/example_branch_python_dop_operator_3.py
[2024-01-30T15:47:30.002+0100] {processor.py:830} INFO - Processing file /home/ubuntu/.local/lib/python3.10/site-packages/airflow/example_dags/example_branch_python_dop_operator_3.py for tasks to queue
[2024-01-30T15:47:30.005+0100] {logging_mixin.py:188} INFO - [2024-01-30T15:47:30.004+0100] {dagbag.py:538} INFO - Filling up the DagBag from /home/ubuntu/.local/lib/python3.10/site-packages/airflow/example_dags/example_branch_python_dop_operator_3.py
[2024-01-30T15:47:30.038+0100] {processor.py:840} INFO - DAG(s) 'example_branch_dop_operator_v3' retrieved from /home/ubuntu/.local/lib/python3.10/site-packages/airflow/example_dags/example_branch_python_dop_operator_3.py
[2024-01-30T15:47:30.137+0100] {logging_mixin.py:188} INFO - [2024-01-30T15:47:30.136+0100] {dag.py:3033} INFO - Sync 1 DAGs
[2024-01-30T15:47:30.442+0100] {logging_mixin.py:188} INFO - [2024-01-30T15:47:30.441+0100] {dag.py:3820} INFO - Setting next_dagrun for example_branch_dop_operator_v3 to 2024-01-30T14:46:00+00:00, run_after=2024-01-30T14:47:00+00:00
[2024-01-30T15:47:30.703+0100] {processor.py:183} INFO - Processing /home/ubuntu/.local/lib/python3.10/site-packages/airflow/example_dags/example_branch_python_dop_operator_3.py took 0.721 seconds
[2024-01-30T15:50:53.272+0100] {processor.py:161} INFO - Started process (PID=9121) to work on /home/ubuntu/.local/lib/python3.10/site-packages/airflow/example_dags/example_branch_python_dop_operator_3.py
[2024-01-30T15:50:53.283+0100] {processor.py:830} INFO - Processing file /home/ubuntu/.local/lib/python3.10/site-packages/airflow/example_dags/example_branch_python_dop_operator_3.py for tasks to queue
[2024-01-30T15:50:53.287+0100] {logging_mixin.py:188} INFO - [2024-01-30T15:50:53.286+0100] {dagbag.py:538} INFO - Filling up the DagBag from /home/ubuntu/.local/lib/python3.10/site-packages/airflow/example_dags/example_branch_python_dop_operator_3.py
[2024-01-30T15:50:53.354+0100] {processor.py:840} INFO - DAG(s) 'example_branch_dop_operator_v3' retrieved from /home/ubuntu/.local/lib/python3.10/site-packages/airflow/example_dags/example_branch_python_dop_operator_3.py
[2024-01-30T15:50:53.500+0100] {logging_mixin.py:188} INFO - [2024-01-30T15:50:53.500+0100] {dag.py:3033} INFO - Sync 1 DAGs
[2024-01-30T15:50:53.891+0100] {logging_mixin.py:188} INFO - [2024-01-30T15:50:53.891+0100] {dag.py:3820} INFO - Setting next_dagrun for example_branch_dop_operator_v3 to 2024-01-30T14:49:00+00:00, run_after=2024-01-30T14:50:00+00:00
[2024-01-30T15:50:54.296+0100] {processor.py:183} INFO - Processing /home/ubuntu/.local/lib/python3.10/site-packages/airflow/example_dags/example_branch_python_dop_operator_3.py took 1.056 seconds
[2024-01-30T15:52:41.900+0100] {processor.py:161} INFO - Started process (PID=9495) to work on /home/ubuntu/.local/lib/python3.10/site-packages/airflow/example_dags/example_branch_python_dop_operator_3.py
[2024-01-30T15:52:41.915+0100] {processor.py:830} INFO - Processing file /home/ubuntu/.local/lib/python3.10/site-packages/airflow/example_dags/example_branch_python_dop_operator_3.py for tasks to queue
[2024-01-30T15:52:41.943+0100] {logging_mixin.py:188} INFO - [2024-01-30T15:52:41.942+0100] {dagbag.py:538} INFO - Filling up the DagBag from /home/ubuntu/.local/lib/python3.10/site-packages/airflow/example_dags/example_branch_python_dop_operator_3.py
[2024-01-30T15:52:42.061+0100] {processor.py:840} INFO - DAG(s) 'example_branch_dop_operator_v3' retrieved from /home/ubuntu/.local/lib/python3.10/site-packages/airflow/example_dags/example_branch_python_dop_operator_3.py
[2024-01-30T15:52:42.260+0100] {logging_mixin.py:188} INFO - [2024-01-30T15:52:42.259+0100] {dag.py:3033} INFO - Sync 1 DAGs
[2024-01-30T15:52:42.440+0100] {logging_mixin.py:188} INFO - [2024-01-30T15:52:42.440+0100] {dag.py:3820} INFO - Setting next_dagrun for example_branch_dop_operator_v3 to 2024-01-30T14:51:00+00:00, run_after=2024-01-30T14:52:00+00:00
[2024-01-30T15:52:42.579+0100] {processor.py:183} INFO - Processing /home/ubuntu/.local/lib/python3.10/site-packages/airflow/example_dags/example_branch_python_dop_operator_3.py took 0.689 seconds
[2024-01-30T15:54:44.287+0100] {processor.py:161} INFO - Started process (PID=9820) to work on /home/ubuntu/.local/lib/python3.10/site-packages/airflow/example_dags/example_branch_python_dop_operator_3.py
[2024-01-30T15:54:44.292+0100] {processor.py:830} INFO - Processing file /home/ubuntu/.local/lib/python3.10/site-packages/airflow/example_dags/example_branch_python_dop_operator_3.py for tasks to queue
[2024-01-30T15:54:44.315+0100] {logging_mixin.py:188} INFO - [2024-01-30T15:54:44.314+0100] {dagbag.py:538} INFO - Filling up the DagBag from /home/ubuntu/.local/lib/python3.10/site-packages/airflow/example_dags/example_branch_python_dop_operator_3.py
[2024-01-30T15:54:44.361+0100] {processor.py:840} INFO - DAG(s) 'example_branch_dop_operator_v3' retrieved from /home/ubuntu/.local/lib/python3.10/site-packages/airflow/example_dags/example_branch_python_dop_operator_3.py
[2024-01-30T15:54:44.439+0100] {logging_mixin.py:188} INFO - [2024-01-30T15:54:44.438+0100] {dag.py:3033} INFO - Sync 1 DAGs
[2024-01-30T15:54:44.580+0100] {logging_mixin.py:188} INFO - [2024-01-30T15:54:44.580+0100] {dag.py:3820} INFO - Setting next_dagrun for example_branch_dop_operator_v3 to 2024-01-30T14:53:00+00:00, run_after=2024-01-30T14:54:00+00:00
[2024-01-30T15:54:44.958+0100] {processor.py:183} INFO - Processing /home/ubuntu/.local/lib/python3.10/site-packages/airflow/example_dags/example_branch_python_dop_operator_3.py took 0.677 seconds
[2024-01-30T15:55:57.643+0100] {processor.py:161} INFO - Started process (PID=9888) to work on /home/ubuntu/.local/lib/python3.10/site-packages/airflow/example_dags/example_branch_python_dop_operator_3.py
[2024-01-30T15:55:57.682+0100] {processor.py:830} INFO - Processing file /home/ubuntu/.local/lib/python3.10/site-packages/airflow/example_dags/example_branch_python_dop_operator_3.py for tasks to queue
[2024-01-30T15:55:57.683+0100] {logging_mixin.py:188} INFO - [2024-01-30T15:55:57.683+0100] {dagbag.py:538} INFO - Filling up the DagBag from /home/ubuntu/.local/lib/python3.10/site-packages/airflow/example_dags/example_branch_python_dop_operator_3.py
[2024-01-30T15:55:57.785+0100] {processor.py:840} INFO - DAG(s) 'example_branch_dop_operator_v3' retrieved from /home/ubuntu/.local/lib/python3.10/site-packages/airflow/example_dags/example_branch_python_dop_operator_3.py
[2024-01-30T15:55:57.918+0100] {logging_mixin.py:188} INFO - [2024-01-30T15:55:57.918+0100] {dag.py:3033} INFO - Sync 1 DAGs
[2024-01-30T15:55:58.093+0100] {logging_mixin.py:188} INFO - [2024-01-30T15:55:58.092+0100] {dag.py:3820} INFO - Setting next_dagrun for example_branch_dop_operator_v3 to 2024-01-30T14:54:00+00:00, run_after=2024-01-30T14:55:00+00:00
[2024-01-30T15:55:58.552+0100] {processor.py:183} INFO - Processing /home/ubuntu/.local/lib/python3.10/site-packages/airflow/example_dags/example_branch_python_dop_operator_3.py took 0.917 seconds
[2024-01-30T15:57:55.272+0100] {processor.py:161} INFO - Started process (PID=10011) to work on /home/ubuntu/.local/lib/python3.10/site-packages/airflow/example_dags/example_branch_python_dop_operator_3.py
[2024-01-30T15:57:55.276+0100] {processor.py:830} INFO - Processing file /home/ubuntu/.local/lib/python3.10/site-packages/airflow/example_dags/example_branch_python_dop_operator_3.py for tasks to queue
[2024-01-30T15:57:55.278+0100] {logging_mixin.py:188} INFO - [2024-01-30T15:57:55.278+0100] {dagbag.py:538} INFO - Filling up the DagBag from /home/ubuntu/.local/lib/python3.10/site-packages/airflow/example_dags/example_branch_python_dop_operator_3.py
[2024-01-30T15:57:55.291+0100] {processor.py:840} INFO - DAG(s) 'example_branch_dop_operator_v3' retrieved from /home/ubuntu/.local/lib/python3.10/site-packages/airflow/example_dags/example_branch_python_dop_operator_3.py
[2024-01-30T15:57:55.318+0100] {logging_mixin.py:188} INFO - [2024-01-30T15:57:55.317+0100] {dag.py:3033} INFO - Sync 1 DAGs
[2024-01-30T15:57:55.353+0100] {logging_mixin.py:188} INFO - [2024-01-30T15:57:55.353+0100] {dag.py:3820} INFO - Setting next_dagrun for example_branch_dop_operator_v3 to 2024-01-30T14:56:00+00:00, run_after=2024-01-30T14:57:00+00:00
[2024-01-30T15:57:55.478+0100] {processor.py:183} INFO - Processing /home/ubuntu/.local/lib/python3.10/site-packages/airflow/example_dags/example_branch_python_dop_operator_3.py took 0.212 seconds
[2024-01-30T15:59:43.025+0100] {processor.py:161} INFO - Started process (PID=10117) to work on /home/ubuntu/.local/lib/python3.10/site-packages/airflow/example_dags/example_branch_python_dop_operator_3.py
[2024-01-30T15:59:43.060+0100] {processor.py:830} INFO - Processing file /home/ubuntu/.local/lib/python3.10/site-packages/airflow/example_dags/example_branch_python_dop_operator_3.py for tasks to queue
[2024-01-30T15:59:43.075+0100] {logging_mixin.py:188} INFO - [2024-01-30T15:59:43.074+0100] {dagbag.py:538} INFO - Filling up the DagBag from /home/ubuntu/.local/lib/python3.10/site-packages/airflow/example_dags/example_branch_python_dop_operator_3.py
[2024-01-30T15:59:43.108+0100] {processor.py:840} INFO - DAG(s) 'example_branch_dop_operator_v3' retrieved from /home/ubuntu/.local/lib/python3.10/site-packages/airflow/example_dags/example_branch_python_dop_operator_3.py
[2024-01-30T15:59:43.140+0100] {logging_mixin.py:188} INFO - [2024-01-30T15:59:43.139+0100] {dag.py:3033} INFO - Sync 1 DAGs
[2024-01-30T15:59:43.172+0100] {logging_mixin.py:188} INFO - [2024-01-30T15:59:43.172+0100] {dag.py:3820} INFO - Setting next_dagrun for example_branch_dop_operator_v3 to 2024-01-30T14:58:00+00:00, run_after=2024-01-30T14:59:00+00:00
[2024-01-30T15:59:43.214+0100] {processor.py:183} INFO - Processing /home/ubuntu/.local/lib/python3.10/site-packages/airflow/example_dags/example_branch_python_dop_operator_3.py took 0.198 seconds
[2024-01-30T16:00:39.523+0100] {processor.py:161} INFO - Started process (PID=10175) to work on /home/ubuntu/.local/lib/python3.10/site-packages/airflow/example_dags/example_branch_python_dop_operator_3.py
[2024-01-30T16:00:39.526+0100] {processor.py:830} INFO - Processing file /home/ubuntu/.local/lib/python3.10/site-packages/airflow/example_dags/example_branch_python_dop_operator_3.py for tasks to queue
[2024-01-30T16:00:39.528+0100] {logging_mixin.py:188} INFO - [2024-01-30T16:00:39.528+0100] {dagbag.py:538} INFO - Filling up the DagBag from /home/ubuntu/.local/lib/python3.10/site-packages/airflow/example_dags/example_branch_python_dop_operator_3.py
[2024-01-30T16:00:39.542+0100] {processor.py:840} INFO - DAG(s) 'example_branch_dop_operator_v3' retrieved from /home/ubuntu/.local/lib/python3.10/site-packages/airflow/example_dags/example_branch_python_dop_operator_3.py
[2024-01-30T16:00:39.566+0100] {logging_mixin.py:188} INFO - [2024-01-30T16:00:39.566+0100] {dag.py:3033} INFO - Sync 1 DAGs
[2024-01-30T16:00:39.597+0100] {logging_mixin.py:188} INFO - [2024-01-30T16:00:39.597+0100] {dag.py:3820} INFO - Setting next_dagrun for example_branch_dop_operator_v3 to 2024-01-30T14:59:00+00:00, run_after=2024-01-30T15:00:00+00:00
[2024-01-30T16:00:39.632+0100] {processor.py:183} INFO - Processing /home/ubuntu/.local/lib/python3.10/site-packages/airflow/example_dags/example_branch_python_dop_operator_3.py took 0.113 seconds
[2024-01-30T16:01:32.731+0100] {processor.py:161} INFO - Started process (PID=10230) to work on /home/ubuntu/.local/lib/python3.10/site-packages/airflow/example_dags/example_branch_python_dop_operator_3.py
[2024-01-30T16:01:32.735+0100] {processor.py:830} INFO - Processing file /home/ubuntu/.local/lib/python3.10/site-packages/airflow/example_dags/example_branch_python_dop_operator_3.py for tasks to queue
[2024-01-30T16:01:32.738+0100] {logging_mixin.py:188} INFO - [2024-01-30T16:01:32.736+0100] {dagbag.py:538} INFO - Filling up the DagBag from /home/ubuntu/.local/lib/python3.10/site-packages/airflow/example_dags/example_branch_python_dop_operator_3.py
[2024-01-30T16:01:32.769+0100] {processor.py:840} INFO - DAG(s) 'example_branch_dop_operator_v3' retrieved from /home/ubuntu/.local/lib/python3.10/site-packages/airflow/example_dags/example_branch_python_dop_operator_3.py
[2024-01-30T16:01:32.817+0100] {logging_mixin.py:188} INFO - [2024-01-30T16:01:32.817+0100] {dag.py:3033} INFO - Sync 1 DAGs
[2024-01-30T16:01:32.876+0100] {logging_mixin.py:188} INFO - [2024-01-30T16:01:32.875+0100] {dag.py:3820} INFO - Setting next_dagrun for example_branch_dop_operator_v3 to 2024-01-30T15:00:00+00:00, run_after=2024-01-30T15:01:00+00:00
[2024-01-30T16:01:32.924+0100] {processor.py:183} INFO - Processing /home/ubuntu/.local/lib/python3.10/site-packages/airflow/example_dags/example_branch_python_dop_operator_3.py took 0.201 seconds
[2024-01-30T16:03:03.662+0100] {processor.py:161} INFO - Started process (PID=10325) to work on /home/ubuntu/.local/lib/python3.10/site-packages/airflow/example_dags/example_branch_python_dop_operator_3.py
[2024-01-30T16:03:03.666+0100] {processor.py:830} INFO - Processing file /home/ubuntu/.local/lib/python3.10/site-packages/airflow/example_dags/example_branch_python_dop_operator_3.py for tasks to queue
[2024-01-30T16:03:03.669+0100] {logging_mixin.py:188} INFO - [2024-01-30T16:03:03.668+0100] {dagbag.py:538} INFO - Filling up the DagBag from /home/ubuntu/.local/lib/python3.10/site-packages/airflow/example_dags/example_branch_python_dop_operator_3.py
[2024-01-30T16:03:03.708+0100] {processor.py:840} INFO - DAG(s) 'example_branch_dop_operator_v3' retrieved from /home/ubuntu/.local/lib/python3.10/site-packages/airflow/example_dags/example_branch_python_dop_operator_3.py
[2024-01-30T16:03:03.782+0100] {logging_mixin.py:188} INFO - [2024-01-30T16:03:03.782+0100] {dag.py:3033} INFO - Sync 1 DAGs
[2024-01-30T16:03:03.868+0100] {logging_mixin.py:188} INFO - [2024-01-30T16:03:03.867+0100] {dag.py:3820} INFO - Setting next_dagrun for example_branch_dop_operator_v3 to 2024-01-30T15:02:00+00:00, run_after=2024-01-30T15:03:00+00:00
[2024-01-30T16:03:03.977+0100] {processor.py:183} INFO - Processing /home/ubuntu/.local/lib/python3.10/site-packages/airflow/example_dags/example_branch_python_dop_operator_3.py took 0.326 seconds
[2024-01-30T16:04:39.274+0100] {processor.py:161} INFO - Started process (PID=10425) to work on /home/ubuntu/.local/lib/python3.10/site-packages/airflow/example_dags/example_branch_python_dop_operator_3.py
[2024-01-30T16:04:39.276+0100] {processor.py:830} INFO - Processing file /home/ubuntu/.local/lib/python3.10/site-packages/airflow/example_dags/example_branch_python_dop_operator_3.py for tasks to queue
[2024-01-30T16:04:39.278+0100] {logging_mixin.py:188} INFO - [2024-01-30T16:04:39.278+0100] {dagbag.py:538} INFO - Filling up the DagBag from /home/ubuntu/.local/lib/python3.10/site-packages/airflow/example_dags/example_branch_python_dop_operator_3.py
[2024-01-30T16:04:39.290+0100] {processor.py:840} INFO - DAG(s) 'example_branch_dop_operator_v3' retrieved from /home/ubuntu/.local/lib/python3.10/site-packages/airflow/example_dags/example_branch_python_dop_operator_3.py
[2024-01-30T16:04:39.311+0100] {logging_mixin.py:188} INFO - [2024-01-30T16:04:39.310+0100] {dag.py:3033} INFO - Sync 1 DAGs
[2024-01-30T16:04:39.336+0100] {logging_mixin.py:188} INFO - [2024-01-30T16:04:39.336+0100] {dag.py:3820} INFO - Setting next_dagrun for example_branch_dop_operator_v3 to 2024-01-30T15:03:00+00:00, run_after=2024-01-30T15:04:00+00:00
[2024-01-30T16:04:39.369+0100] {processor.py:183} INFO - Processing /home/ubuntu/.local/lib/python3.10/site-packages/airflow/example_dags/example_branch_python_dop_operator_3.py took 0.099 seconds
[2024-01-30T16:06:18.070+0100] {processor.py:161} INFO - Started process (PID=10509) to work on /home/ubuntu/.local/lib/python3.10/site-packages/airflow/example_dags/example_branch_python_dop_operator_3.py
[2024-01-30T16:06:18.076+0100] {processor.py:830} INFO - Processing file /home/ubuntu/.local/lib/python3.10/site-packages/airflow/example_dags/example_branch_python_dop_operator_3.py for tasks to queue
[2024-01-30T16:06:18.083+0100] {logging_mixin.py:188} INFO - [2024-01-30T16:06:18.082+0100] {dagbag.py:538} INFO - Filling up the DagBag from /home/ubuntu/.local/lib/python3.10/site-packages/airflow/example_dags/example_branch_python_dop_operator_3.py
[2024-01-30T16:06:18.105+0100] {processor.py:840} INFO - DAG(s) 'example_branch_dop_operator_v3' retrieved from /home/ubuntu/.local/lib/python3.10/site-packages/airflow/example_dags/example_branch_python_dop_operator_3.py
[2024-01-30T16:06:18.145+0100] {logging_mixin.py:188} INFO - [2024-01-30T16:06:18.145+0100] {dag.py:3033} INFO - Sync 1 DAGs
[2024-01-30T16:06:18.199+0100] {logging_mixin.py:188} INFO - [2024-01-30T16:06:18.199+0100] {dag.py:3820} INFO - Setting next_dagrun for example_branch_dop_operator_v3 to 2024-01-30T15:05:00+00:00, run_after=2024-01-30T15:06:00+00:00
[2024-01-30T16:06:18.254+0100] {processor.py:183} INFO - Processing /home/ubuntu/.local/lib/python3.10/site-packages/airflow/example_dags/example_branch_python_dop_operator_3.py took 0.191 seconds
