[2024-01-30T15:29:43.751+0100] {processor.py:161} INFO - Started process (PID=6579) to work on /home/ubuntu/.local/lib/python3.10/site-packages/airflow/example_dags/tutorial_taskflow_api_virtualenv.py
[2024-01-30T15:29:43.760+0100] {processor.py:830} INFO - Processing file /home/ubuntu/.local/lib/python3.10/site-packages/airflow/example_dags/tutorial_taskflow_api_virtualenv.py for tasks to queue
[2024-01-30T15:29:43.766+0100] {logging_mixin.py:188} INFO - [2024-01-30T15:29:43.763+0100] {dagbag.py:538} INFO - Filling up the DagBag from /home/ubuntu/.local/lib/python3.10/site-packages/airflow/example_dags/tutorial_taskflow_api_virtualenv.py
[2024-01-30T15:29:43.838+0100] {processor.py:840} INFO - DAG(s) 'tutorial_taskflow_api_virtualenv' retrieved from /home/ubuntu/.local/lib/python3.10/site-packages/airflow/example_dags/tutorial_taskflow_api_virtualenv.py
[2024-01-30T15:29:44.126+0100] {logging_mixin.py:188} INFO - [2024-01-30T15:29:44.124+0100] {dag.py:3033} INFO - Sync 1 DAGs
[2024-01-30T15:29:44.451+0100] {logging_mixin.py:188} INFO - [2024-01-30T15:29:44.451+0100] {dag.py:3820} INFO - Setting next_dagrun for tutorial_taskflow_api_virtualenv to None, run_after=None
[2024-01-30T15:29:44.534+0100] {processor.py:183} INFO - Processing /home/ubuntu/.local/lib/python3.10/site-packages/airflow/example_dags/tutorial_taskflow_api_virtualenv.py took 0.830 seconds
[2024-01-30T15:30:50.888+0100] {processor.py:161} INFO - Started process (PID=6644) to work on /home/ubuntu/.local/lib/python3.10/site-packages/airflow/example_dags/tutorial_taskflow_api_virtualenv.py
[2024-01-30T15:30:50.890+0100] {processor.py:830} INFO - Processing file /home/ubuntu/.local/lib/python3.10/site-packages/airflow/example_dags/tutorial_taskflow_api_virtualenv.py for tasks to queue
[2024-01-30T15:30:50.892+0100] {logging_mixin.py:188} INFO - [2024-01-30T15:30:50.891+0100] {dagbag.py:538} INFO - Filling up the DagBag from /home/ubuntu/.local/lib/python3.10/site-packages/airflow/example_dags/tutorial_taskflow_api_virtualenv.py
[2024-01-30T15:30:50.900+0100] {processor.py:840} INFO - DAG(s) 'tutorial_taskflow_api_virtualenv' retrieved from /home/ubuntu/.local/lib/python3.10/site-packages/airflow/example_dags/tutorial_taskflow_api_virtualenv.py
[2024-01-30T15:30:50.986+0100] {logging_mixin.py:188} INFO - [2024-01-30T15:30:50.986+0100] {dag.py:3033} INFO - Sync 1 DAGs
[2024-01-30T15:30:50.996+0100] {logging_mixin.py:188} INFO - [2024-01-30T15:30:50.996+0100] {dag.py:3820} INFO - Setting next_dagrun for tutorial_taskflow_api_virtualenv to None, run_after=None
[2024-01-30T15:30:51.037+0100] {processor.py:183} INFO - Processing /home/ubuntu/.local/lib/python3.10/site-packages/airflow/example_dags/tutorial_taskflow_api_virtualenv.py took 0.153 seconds
[2024-01-30T15:31:44.263+0100] {processor.py:161} INFO - Started process (PID=6702) to work on /home/ubuntu/.local/lib/python3.10/site-packages/airflow/example_dags/tutorial_taskflow_api_virtualenv.py
[2024-01-30T15:31:44.268+0100] {processor.py:830} INFO - Processing file /home/ubuntu/.local/lib/python3.10/site-packages/airflow/example_dags/tutorial_taskflow_api_virtualenv.py for tasks to queue
[2024-01-30T15:31:44.270+0100] {logging_mixin.py:188} INFO - [2024-01-30T15:31:44.270+0100] {dagbag.py:538} INFO - Filling up the DagBag from /home/ubuntu/.local/lib/python3.10/site-packages/airflow/example_dags/tutorial_taskflow_api_virtualenv.py
[2024-01-30T15:31:44.279+0100] {processor.py:840} INFO - DAG(s) 'tutorial_taskflow_api_virtualenv' retrieved from /home/ubuntu/.local/lib/python3.10/site-packages/airflow/example_dags/tutorial_taskflow_api_virtualenv.py
[2024-01-30T15:31:44.298+0100] {logging_mixin.py:188} INFO - [2024-01-30T15:31:44.298+0100] {dag.py:3033} INFO - Sync 1 DAGs
[2024-01-30T15:31:44.310+0100] {logging_mixin.py:188} INFO - [2024-01-30T15:31:44.310+0100] {dag.py:3820} INFO - Setting next_dagrun for tutorial_taskflow_api_virtualenv to None, run_after=None
[2024-01-30T15:31:44.340+0100] {processor.py:183} INFO - Processing /home/ubuntu/.local/lib/python3.10/site-packages/airflow/example_dags/tutorial_taskflow_api_virtualenv.py took 0.080 seconds
[2024-01-30T15:32:48.172+0100] {processor.py:161} INFO - Started process (PID=6769) to work on /home/ubuntu/.local/lib/python3.10/site-packages/airflow/example_dags/tutorial_taskflow_api_virtualenv.py
[2024-01-30T15:32:48.176+0100] {processor.py:830} INFO - Processing file /home/ubuntu/.local/lib/python3.10/site-packages/airflow/example_dags/tutorial_taskflow_api_virtualenv.py for tasks to queue
[2024-01-30T15:32:48.178+0100] {logging_mixin.py:188} INFO - [2024-01-30T15:32:48.177+0100] {dagbag.py:538} INFO - Filling up the DagBag from /home/ubuntu/.local/lib/python3.10/site-packages/airflow/example_dags/tutorial_taskflow_api_virtualenv.py
[2024-01-30T15:32:48.193+0100] {processor.py:840} INFO - DAG(s) 'tutorial_taskflow_api_virtualenv' retrieved from /home/ubuntu/.local/lib/python3.10/site-packages/airflow/example_dags/tutorial_taskflow_api_virtualenv.py
[2024-01-30T15:32:48.215+0100] {logging_mixin.py:188} INFO - [2024-01-30T15:32:48.215+0100] {dag.py:3033} INFO - Sync 1 DAGs
[2024-01-30T15:32:48.228+0100] {logging_mixin.py:188} INFO - [2024-01-30T15:32:48.228+0100] {dag.py:3820} INFO - Setting next_dagrun for tutorial_taskflow_api_virtualenv to None, run_after=None
[2024-01-30T15:32:48.290+0100] {processor.py:183} INFO - Processing /home/ubuntu/.local/lib/python3.10/site-packages/airflow/example_dags/tutorial_taskflow_api_virtualenv.py took 0.122 seconds
[2024-01-30T15:33:34.061+0100] {processor.py:161} INFO - Started process (PID=6814) to work on /home/ubuntu/.local/lib/python3.10/site-packages/airflow/example_dags/tutorial_taskflow_api_virtualenv.py
[2024-01-30T15:33:34.064+0100] {processor.py:830} INFO - Processing file /home/ubuntu/.local/lib/python3.10/site-packages/airflow/example_dags/tutorial_taskflow_api_virtualenv.py for tasks to queue
[2024-01-30T15:33:34.065+0100] {logging_mixin.py:188} INFO - [2024-01-30T15:33:34.064+0100] {dagbag.py:538} INFO - Filling up the DagBag from /home/ubuntu/.local/lib/python3.10/site-packages/airflow/example_dags/tutorial_taskflow_api_virtualenv.py
[2024-01-30T15:33:34.074+0100] {processor.py:840} INFO - DAG(s) 'tutorial_taskflow_api_virtualenv' retrieved from /home/ubuntu/.local/lib/python3.10/site-packages/airflow/example_dags/tutorial_taskflow_api_virtualenv.py
[2024-01-30T15:33:34.091+0100] {logging_mixin.py:188} INFO - [2024-01-30T15:33:34.091+0100] {dag.py:3033} INFO - Sync 1 DAGs
[2024-01-30T15:33:34.104+0100] {logging_mixin.py:188} INFO - [2024-01-30T15:33:34.104+0100] {dag.py:3820} INFO - Setting next_dagrun for tutorial_taskflow_api_virtualenv to None, run_after=None
[2024-01-30T15:33:34.134+0100] {processor.py:183} INFO - Processing /home/ubuntu/.local/lib/python3.10/site-packages/airflow/example_dags/tutorial_taskflow_api_virtualenv.py took 0.076 seconds
[2024-01-30T15:34:31.223+0100] {processor.py:161} INFO - Started process (PID=6873) to work on /home/ubuntu/.local/lib/python3.10/site-packages/airflow/example_dags/tutorial_taskflow_api_virtualenv.py
[2024-01-30T15:34:31.225+0100] {processor.py:830} INFO - Processing file /home/ubuntu/.local/lib/python3.10/site-packages/airflow/example_dags/tutorial_taskflow_api_virtualenv.py for tasks to queue
[2024-01-30T15:34:31.227+0100] {logging_mixin.py:188} INFO - [2024-01-30T15:34:31.226+0100] {dagbag.py:538} INFO - Filling up the DagBag from /home/ubuntu/.local/lib/python3.10/site-packages/airflow/example_dags/tutorial_taskflow_api_virtualenv.py
[2024-01-30T15:34:31.241+0100] {processor.py:840} INFO - DAG(s) 'tutorial_taskflow_api_virtualenv' retrieved from /home/ubuntu/.local/lib/python3.10/site-packages/airflow/example_dags/tutorial_taskflow_api_virtualenv.py
[2024-01-30T15:34:31.263+0100] {logging_mixin.py:188} INFO - [2024-01-30T15:34:31.263+0100] {dag.py:3033} INFO - Sync 1 DAGs
[2024-01-30T15:34:31.278+0100] {logging_mixin.py:188} INFO - [2024-01-30T15:34:31.278+0100] {dag.py:3820} INFO - Setting next_dagrun for tutorial_taskflow_api_virtualenv to None, run_after=None
[2024-01-30T15:34:31.309+0100] {processor.py:183} INFO - Processing /home/ubuntu/.local/lib/python3.10/site-packages/airflow/example_dags/tutorial_taskflow_api_virtualenv.py took 0.092 seconds
[2024-01-30T15:35:22.950+0100] {processor.py:161} INFO - Started process (PID=6928) to work on /home/ubuntu/.local/lib/python3.10/site-packages/airflow/example_dags/tutorial_taskflow_api_virtualenv.py
[2024-01-30T15:35:22.952+0100] {processor.py:830} INFO - Processing file /home/ubuntu/.local/lib/python3.10/site-packages/airflow/example_dags/tutorial_taskflow_api_virtualenv.py for tasks to queue
[2024-01-30T15:35:22.954+0100] {logging_mixin.py:188} INFO - [2024-01-30T15:35:22.954+0100] {dagbag.py:538} INFO - Filling up the DagBag from /home/ubuntu/.local/lib/python3.10/site-packages/airflow/example_dags/tutorial_taskflow_api_virtualenv.py
[2024-01-30T15:35:22.962+0100] {processor.py:840} INFO - DAG(s) 'tutorial_taskflow_api_virtualenv' retrieved from /home/ubuntu/.local/lib/python3.10/site-packages/airflow/example_dags/tutorial_taskflow_api_virtualenv.py
[2024-01-30T15:35:22.981+0100] {logging_mixin.py:188} INFO - [2024-01-30T15:35:22.981+0100] {dag.py:3033} INFO - Sync 1 DAGs
[2024-01-30T15:35:22.994+0100] {logging_mixin.py:188} INFO - [2024-01-30T15:35:22.993+0100] {dag.py:3820} INFO - Setting next_dagrun for tutorial_taskflow_api_virtualenv to None, run_after=None
[2024-01-30T15:35:23.031+0100] {processor.py:183} INFO - Processing /home/ubuntu/.local/lib/python3.10/site-packages/airflow/example_dags/tutorial_taskflow_api_virtualenv.py took 0.084 seconds
[2024-01-30T15:36:10.043+0100] {processor.py:161} INFO - Started process (PID=6978) to work on /home/ubuntu/.local/lib/python3.10/site-packages/airflow/example_dags/tutorial_taskflow_api_virtualenv.py
[2024-01-30T15:36:10.046+0100] {processor.py:830} INFO - Processing file /home/ubuntu/.local/lib/python3.10/site-packages/airflow/example_dags/tutorial_taskflow_api_virtualenv.py for tasks to queue
[2024-01-30T15:36:10.048+0100] {logging_mixin.py:188} INFO - [2024-01-30T15:36:10.048+0100] {dagbag.py:538} INFO - Filling up the DagBag from /home/ubuntu/.local/lib/python3.10/site-packages/airflow/example_dags/tutorial_taskflow_api_virtualenv.py
[2024-01-30T15:36:10.062+0100] {processor.py:840} INFO - DAG(s) 'tutorial_taskflow_api_virtualenv' retrieved from /home/ubuntu/.local/lib/python3.10/site-packages/airflow/example_dags/tutorial_taskflow_api_virtualenv.py
[2024-01-30T15:36:10.092+0100] {logging_mixin.py:188} INFO - [2024-01-30T15:36:10.092+0100] {dag.py:3033} INFO - Sync 1 DAGs
[2024-01-30T15:36:10.112+0100] {logging_mixin.py:188} INFO - [2024-01-30T15:36:10.111+0100] {dag.py:3820} INFO - Setting next_dagrun for tutorial_taskflow_api_virtualenv to None, run_after=None
[2024-01-30T15:36:10.158+0100] {processor.py:183} INFO - Processing /home/ubuntu/.local/lib/python3.10/site-packages/airflow/example_dags/tutorial_taskflow_api_virtualenv.py took 0.123 seconds
[2024-01-30T15:37:05.205+0100] {processor.py:161} INFO - Started process (PID=7034) to work on /home/ubuntu/.local/lib/python3.10/site-packages/airflow/example_dags/tutorial_taskflow_api_virtualenv.py
[2024-01-30T15:37:05.209+0100] {processor.py:830} INFO - Processing file /home/ubuntu/.local/lib/python3.10/site-packages/airflow/example_dags/tutorial_taskflow_api_virtualenv.py for tasks to queue
[2024-01-30T15:37:05.211+0100] {logging_mixin.py:188} INFO - [2024-01-30T15:37:05.210+0100] {dagbag.py:538} INFO - Filling up the DagBag from /home/ubuntu/.local/lib/python3.10/site-packages/airflow/example_dags/tutorial_taskflow_api_virtualenv.py
[2024-01-30T15:37:05.228+0100] {processor.py:840} INFO - DAG(s) 'tutorial_taskflow_api_virtualenv' retrieved from /home/ubuntu/.local/lib/python3.10/site-packages/airflow/example_dags/tutorial_taskflow_api_virtualenv.py
[2024-01-30T15:37:05.257+0100] {logging_mixin.py:188} INFO - [2024-01-30T15:37:05.256+0100] {dag.py:3033} INFO - Sync 1 DAGs
[2024-01-30T15:37:05.291+0100] {logging_mixin.py:188} INFO - [2024-01-30T15:37:05.291+0100] {dag.py:3820} INFO - Setting next_dagrun for tutorial_taskflow_api_virtualenv to None, run_after=None
[2024-01-30T15:37:05.379+0100] {processor.py:183} INFO - Processing /home/ubuntu/.local/lib/python3.10/site-packages/airflow/example_dags/tutorial_taskflow_api_virtualenv.py took 0.185 seconds
[2024-01-30T15:37:57.049+0100] {processor.py:161} INFO - Started process (PID=7090) to work on /home/ubuntu/.local/lib/python3.10/site-packages/airflow/example_dags/tutorial_taskflow_api_virtualenv.py
[2024-01-30T15:37:57.051+0100] {processor.py:830} INFO - Processing file /home/ubuntu/.local/lib/python3.10/site-packages/airflow/example_dags/tutorial_taskflow_api_virtualenv.py for tasks to queue
[2024-01-30T15:37:57.052+0100] {logging_mixin.py:188} INFO - [2024-01-30T15:37:57.052+0100] {dagbag.py:538} INFO - Filling up the DagBag from /home/ubuntu/.local/lib/python3.10/site-packages/airflow/example_dags/tutorial_taskflow_api_virtualenv.py
[2024-01-30T15:37:57.061+0100] {processor.py:840} INFO - DAG(s) 'tutorial_taskflow_api_virtualenv' retrieved from /home/ubuntu/.local/lib/python3.10/site-packages/airflow/example_dags/tutorial_taskflow_api_virtualenv.py
[2024-01-30T15:37:57.080+0100] {logging_mixin.py:188} INFO - [2024-01-30T15:37:57.080+0100] {dag.py:3033} INFO - Sync 1 DAGs
[2024-01-30T15:37:57.092+0100] {logging_mixin.py:188} INFO - [2024-01-30T15:37:57.092+0100] {dag.py:3820} INFO - Setting next_dagrun for tutorial_taskflow_api_virtualenv to None, run_after=None
[2024-01-30T15:37:57.130+0100] {processor.py:183} INFO - Processing /home/ubuntu/.local/lib/python3.10/site-packages/airflow/example_dags/tutorial_taskflow_api_virtualenv.py took 0.085 seconds
[2024-01-30T15:38:50.286+0100] {processor.py:161} INFO - Started process (PID=7218) to work on /home/ubuntu/.local/lib/python3.10/site-packages/airflow/example_dags/tutorial_taskflow_api_virtualenv.py
[2024-01-30T15:38:50.289+0100] {processor.py:830} INFO - Processing file /home/ubuntu/.local/lib/python3.10/site-packages/airflow/example_dags/tutorial_taskflow_api_virtualenv.py for tasks to queue
[2024-01-30T15:38:50.291+0100] {logging_mixin.py:188} INFO - [2024-01-30T15:38:50.290+0100] {dagbag.py:538} INFO - Filling up the DagBag from /home/ubuntu/.local/lib/python3.10/site-packages/airflow/example_dags/tutorial_taskflow_api_virtualenv.py
[2024-01-30T15:38:50.304+0100] {processor.py:840} INFO - DAG(s) 'tutorial_taskflow_api_virtualenv' retrieved from /home/ubuntu/.local/lib/python3.10/site-packages/airflow/example_dags/tutorial_taskflow_api_virtualenv.py
[2024-01-30T15:38:50.331+0100] {logging_mixin.py:188} INFO - [2024-01-30T15:38:50.331+0100] {dag.py:3033} INFO - Sync 1 DAGs
[2024-01-30T15:38:50.357+0100] {logging_mixin.py:188} INFO - [2024-01-30T15:38:50.356+0100] {dag.py:3820} INFO - Setting next_dagrun for tutorial_taskflow_api_virtualenv to None, run_after=None
[2024-01-30T15:38:50.398+0100] {processor.py:183} INFO - Processing /home/ubuntu/.local/lib/python3.10/site-packages/airflow/example_dags/tutorial_taskflow_api_virtualenv.py took 0.118 seconds
[2024-01-30T15:39:49.804+0100] {processor.py:161} INFO - Started process (PID=7292) to work on /home/ubuntu/.local/lib/python3.10/site-packages/airflow/example_dags/tutorial_taskflow_api_virtualenv.py
[2024-01-30T15:39:49.807+0100] {processor.py:830} INFO - Processing file /home/ubuntu/.local/lib/python3.10/site-packages/airflow/example_dags/tutorial_taskflow_api_virtualenv.py for tasks to queue
[2024-01-30T15:39:49.809+0100] {logging_mixin.py:188} INFO - [2024-01-30T15:39:49.809+0100] {dagbag.py:538} INFO - Filling up the DagBag from /home/ubuntu/.local/lib/python3.10/site-packages/airflow/example_dags/tutorial_taskflow_api_virtualenv.py
[2024-01-30T15:39:49.818+0100] {processor.py:840} INFO - DAG(s) 'tutorial_taskflow_api_virtualenv' retrieved from /home/ubuntu/.local/lib/python3.10/site-packages/airflow/example_dags/tutorial_taskflow_api_virtualenv.py
[2024-01-30T15:39:49.838+0100] {logging_mixin.py:188} INFO - [2024-01-30T15:39:49.838+0100] {dag.py:3033} INFO - Sync 1 DAGs
[2024-01-30T15:39:49.855+0100] {logging_mixin.py:188} INFO - [2024-01-30T15:39:49.855+0100] {dag.py:3820} INFO - Setting next_dagrun for tutorial_taskflow_api_virtualenv to None, run_after=None
[2024-01-30T15:39:49.892+0100] {processor.py:183} INFO - Processing /home/ubuntu/.local/lib/python3.10/site-packages/airflow/example_dags/tutorial_taskflow_api_virtualenv.py took 0.092 seconds
[2024-01-30T15:40:44.482+0100] {processor.py:161} INFO - Started process (PID=7345) to work on /home/ubuntu/.local/lib/python3.10/site-packages/airflow/example_dags/tutorial_taskflow_api_virtualenv.py
[2024-01-30T15:40:44.485+0100] {processor.py:830} INFO - Processing file /home/ubuntu/.local/lib/python3.10/site-packages/airflow/example_dags/tutorial_taskflow_api_virtualenv.py for tasks to queue
[2024-01-30T15:40:44.486+0100] {logging_mixin.py:188} INFO - [2024-01-30T15:40:44.485+0100] {dagbag.py:538} INFO - Filling up the DagBag from /home/ubuntu/.local/lib/python3.10/site-packages/airflow/example_dags/tutorial_taskflow_api_virtualenv.py
[2024-01-30T15:40:44.494+0100] {processor.py:840} INFO - DAG(s) 'tutorial_taskflow_api_virtualenv' retrieved from /home/ubuntu/.local/lib/python3.10/site-packages/airflow/example_dags/tutorial_taskflow_api_virtualenv.py
[2024-01-30T15:40:44.513+0100] {logging_mixin.py:188} INFO - [2024-01-30T15:40:44.512+0100] {dag.py:3033} INFO - Sync 1 DAGs
[2024-01-30T15:40:44.533+0100] {logging_mixin.py:188} INFO - [2024-01-30T15:40:44.533+0100] {dag.py:3820} INFO - Setting next_dagrun for tutorial_taskflow_api_virtualenv to None, run_after=None
[2024-01-30T15:40:44.582+0100] {processor.py:183} INFO - Processing /home/ubuntu/.local/lib/python3.10/site-packages/airflow/example_dags/tutorial_taskflow_api_virtualenv.py took 0.103 seconds
[2024-01-30T15:41:25.892+0100] {processor.py:161} INFO - Started process (PID=7384) to work on /home/ubuntu/.local/lib/python3.10/site-packages/airflow/example_dags/tutorial_taskflow_api_virtualenv.py
[2024-01-30T15:41:25.895+0100] {processor.py:830} INFO - Processing file /home/ubuntu/.local/lib/python3.10/site-packages/airflow/example_dags/tutorial_taskflow_api_virtualenv.py for tasks to queue
[2024-01-30T15:41:25.898+0100] {logging_mixin.py:188} INFO - [2024-01-30T15:41:25.897+0100] {dagbag.py:538} INFO - Filling up the DagBag from /home/ubuntu/.local/lib/python3.10/site-packages/airflow/example_dags/tutorial_taskflow_api_virtualenv.py
[2024-01-30T15:41:25.915+0100] {processor.py:840} INFO - DAG(s) 'tutorial_taskflow_api_virtualenv' retrieved from /home/ubuntu/.local/lib/python3.10/site-packages/airflow/example_dags/tutorial_taskflow_api_virtualenv.py
[2024-01-30T15:41:25.938+0100] {logging_mixin.py:188} INFO - [2024-01-30T15:41:25.938+0100] {dag.py:3033} INFO - Sync 1 DAGs
[2024-01-30T15:41:25.953+0100] {logging_mixin.py:188} INFO - [2024-01-30T15:41:25.953+0100] {dag.py:3820} INFO - Setting next_dagrun for tutorial_taskflow_api_virtualenv to None, run_after=None
[2024-01-30T15:41:25.987+0100] {processor.py:183} INFO - Processing /home/ubuntu/.local/lib/python3.10/site-packages/airflow/example_dags/tutorial_taskflow_api_virtualenv.py took 0.100 seconds
[2024-01-30T15:42:26.959+0100] {processor.py:161} INFO - Started process (PID=7535) to work on /home/ubuntu/.local/lib/python3.10/site-packages/airflow/example_dags/tutorial_taskflow_api_virtualenv.py
[2024-01-30T15:42:26.962+0100] {processor.py:830} INFO - Processing file /home/ubuntu/.local/lib/python3.10/site-packages/airflow/example_dags/tutorial_taskflow_api_virtualenv.py for tasks to queue
[2024-01-30T15:42:26.964+0100] {logging_mixin.py:188} INFO - [2024-01-30T15:42:26.963+0100] {dagbag.py:538} INFO - Filling up the DagBag from /home/ubuntu/.local/lib/python3.10/site-packages/airflow/example_dags/tutorial_taskflow_api_virtualenv.py
[2024-01-30T15:42:26.977+0100] {processor.py:840} INFO - DAG(s) 'tutorial_taskflow_api_virtualenv' retrieved from /home/ubuntu/.local/lib/python3.10/site-packages/airflow/example_dags/tutorial_taskflow_api_virtualenv.py
[2024-01-30T15:42:27.003+0100] {logging_mixin.py:188} INFO - [2024-01-30T15:42:27.002+0100] {dag.py:3033} INFO - Sync 1 DAGs
[2024-01-30T15:42:27.021+0100] {logging_mixin.py:188} INFO - [2024-01-30T15:42:27.021+0100] {dag.py:3820} INFO - Setting next_dagrun for tutorial_taskflow_api_virtualenv to None, run_after=None
[2024-01-30T15:42:27.069+0100] {processor.py:183} INFO - Processing /home/ubuntu/.local/lib/python3.10/site-packages/airflow/example_dags/tutorial_taskflow_api_virtualenv.py took 0.117 seconds
[2024-01-30T15:43:24.795+0100] {processor.py:161} INFO - Started process (PID=7801) to work on /home/ubuntu/.local/lib/python3.10/site-packages/airflow/example_dags/tutorial_taskflow_api_virtualenv.py
[2024-01-30T15:43:24.798+0100] {processor.py:830} INFO - Processing file /home/ubuntu/.local/lib/python3.10/site-packages/airflow/example_dags/tutorial_taskflow_api_virtualenv.py for tasks to queue
[2024-01-30T15:43:24.801+0100] {logging_mixin.py:188} INFO - [2024-01-30T15:43:24.799+0100] {dagbag.py:538} INFO - Filling up the DagBag from /home/ubuntu/.local/lib/python3.10/site-packages/airflow/example_dags/tutorial_taskflow_api_virtualenv.py
[2024-01-30T15:43:24.835+0100] {processor.py:840} INFO - DAG(s) 'tutorial_taskflow_api_virtualenv' retrieved from /home/ubuntu/.local/lib/python3.10/site-packages/airflow/example_dags/tutorial_taskflow_api_virtualenv.py
[2024-01-30T15:43:24.931+0100] {logging_mixin.py:188} INFO - [2024-01-30T15:43:24.931+0100] {dag.py:3033} INFO - Sync 1 DAGs
[2024-01-30T15:43:24.955+0100] {logging_mixin.py:188} INFO - [2024-01-30T15:43:24.954+0100] {dag.py:3820} INFO - Setting next_dagrun for tutorial_taskflow_api_virtualenv to None, run_after=None
[2024-01-30T15:43:24.996+0100] {processor.py:183} INFO - Processing /home/ubuntu/.local/lib/python3.10/site-packages/airflow/example_dags/tutorial_taskflow_api_virtualenv.py took 0.207 seconds
[2024-01-30T15:44:29.681+0100] {processor.py:161} INFO - Started process (PID=8071) to work on /home/ubuntu/.local/lib/python3.10/site-packages/airflow/example_dags/tutorial_taskflow_api_virtualenv.py
[2024-01-30T15:44:29.689+0100] {processor.py:830} INFO - Processing file /home/ubuntu/.local/lib/python3.10/site-packages/airflow/example_dags/tutorial_taskflow_api_virtualenv.py for tasks to queue
[2024-01-30T15:44:29.691+0100] {logging_mixin.py:188} INFO - [2024-01-30T15:44:29.691+0100] {dagbag.py:538} INFO - Filling up the DagBag from /home/ubuntu/.local/lib/python3.10/site-packages/airflow/example_dags/tutorial_taskflow_api_virtualenv.py
[2024-01-30T15:44:29.704+0100] {processor.py:840} INFO - DAG(s) 'tutorial_taskflow_api_virtualenv' retrieved from /home/ubuntu/.local/lib/python3.10/site-packages/airflow/example_dags/tutorial_taskflow_api_virtualenv.py
[2024-01-30T15:44:29.737+0100] {logging_mixin.py:188} INFO - [2024-01-30T15:44:29.737+0100] {dag.py:3033} INFO - Sync 1 DAGs
[2024-01-30T15:44:29.762+0100] {logging_mixin.py:188} INFO - [2024-01-30T15:44:29.762+0100] {dag.py:3820} INFO - Setting next_dagrun for tutorial_taskflow_api_virtualenv to None, run_after=None
[2024-01-30T15:44:29.816+0100] {processor.py:183} INFO - Processing /home/ubuntu/.local/lib/python3.10/site-packages/airflow/example_dags/tutorial_taskflow_api_virtualenv.py took 0.140 seconds
[2024-01-30T15:45:23.354+0100] {processor.py:161} INFO - Started process (PID=8251) to work on /home/ubuntu/.local/lib/python3.10/site-packages/airflow/example_dags/tutorial_taskflow_api_virtualenv.py
[2024-01-30T15:45:23.356+0100] {processor.py:830} INFO - Processing file /home/ubuntu/.local/lib/python3.10/site-packages/airflow/example_dags/tutorial_taskflow_api_virtualenv.py for tasks to queue
[2024-01-30T15:45:23.357+0100] {logging_mixin.py:188} INFO - [2024-01-30T15:45:23.357+0100] {dagbag.py:538} INFO - Filling up the DagBag from /home/ubuntu/.local/lib/python3.10/site-packages/airflow/example_dags/tutorial_taskflow_api_virtualenv.py
[2024-01-30T15:45:23.367+0100] {processor.py:840} INFO - DAG(s) 'tutorial_taskflow_api_virtualenv' retrieved from /home/ubuntu/.local/lib/python3.10/site-packages/airflow/example_dags/tutorial_taskflow_api_virtualenv.py
[2024-01-30T15:45:23.389+0100] {logging_mixin.py:188} INFO - [2024-01-30T15:45:23.388+0100] {dag.py:3033} INFO - Sync 1 DAGs
[2024-01-30T15:45:23.400+0100] {logging_mixin.py:188} INFO - [2024-01-30T15:45:23.400+0100] {dag.py:3820} INFO - Setting next_dagrun for tutorial_taskflow_api_virtualenv to None, run_after=None
[2024-01-30T15:45:23.440+0100] {processor.py:183} INFO - Processing /home/ubuntu/.local/lib/python3.10/site-packages/airflow/example_dags/tutorial_taskflow_api_virtualenv.py took 0.090 seconds
[2024-01-30T15:46:04.495+0100] {processor.py:161} INFO - Started process (PID=8297) to work on /home/ubuntu/.local/lib/python3.10/site-packages/airflow/example_dags/tutorial_taskflow_api_virtualenv.py
[2024-01-30T15:46:04.501+0100] {processor.py:830} INFO - Processing file /home/ubuntu/.local/lib/python3.10/site-packages/airflow/example_dags/tutorial_taskflow_api_virtualenv.py for tasks to queue
[2024-01-30T15:46:04.503+0100] {logging_mixin.py:188} INFO - [2024-01-30T15:46:04.502+0100] {dagbag.py:538} INFO - Filling up the DagBag from /home/ubuntu/.local/lib/python3.10/site-packages/airflow/example_dags/tutorial_taskflow_api_virtualenv.py
[2024-01-30T15:46:04.514+0100] {processor.py:840} INFO - DAG(s) 'tutorial_taskflow_api_virtualenv' retrieved from /home/ubuntu/.local/lib/python3.10/site-packages/airflow/example_dags/tutorial_taskflow_api_virtualenv.py
[2024-01-30T15:46:04.536+0100] {logging_mixin.py:188} INFO - [2024-01-30T15:46:04.535+0100] {dag.py:3033} INFO - Sync 1 DAGs
[2024-01-30T15:46:04.548+0100] {logging_mixin.py:188} INFO - [2024-01-30T15:46:04.548+0100] {dag.py:3820} INFO - Setting next_dagrun for tutorial_taskflow_api_virtualenv to None, run_after=None
[2024-01-30T15:46:04.582+0100] {processor.py:183} INFO - Processing /home/ubuntu/.local/lib/python3.10/site-packages/airflow/example_dags/tutorial_taskflow_api_virtualenv.py took 0.091 seconds
[2024-01-30T15:46:49.001+0100] {processor.py:161} INFO - Started process (PID=8346) to work on /home/ubuntu/.local/lib/python3.10/site-packages/airflow/example_dags/tutorial_taskflow_api_virtualenv.py
[2024-01-30T15:46:49.003+0100] {processor.py:830} INFO - Processing file /home/ubuntu/.local/lib/python3.10/site-packages/airflow/example_dags/tutorial_taskflow_api_virtualenv.py for tasks to queue
[2024-01-30T15:46:49.005+0100] {logging_mixin.py:188} INFO - [2024-01-30T15:46:49.004+0100] {dagbag.py:538} INFO - Filling up the DagBag from /home/ubuntu/.local/lib/python3.10/site-packages/airflow/example_dags/tutorial_taskflow_api_virtualenv.py
[2024-01-30T15:46:49.013+0100] {processor.py:840} INFO - DAG(s) 'tutorial_taskflow_api_virtualenv' retrieved from /home/ubuntu/.local/lib/python3.10/site-packages/airflow/example_dags/tutorial_taskflow_api_virtualenv.py
[2024-01-30T15:46:49.034+0100] {logging_mixin.py:188} INFO - [2024-01-30T15:46:49.033+0100] {dag.py:3033} INFO - Sync 1 DAGs
[2024-01-30T15:46:49.046+0100] {logging_mixin.py:188} INFO - [2024-01-30T15:46:49.046+0100] {dag.py:3820} INFO - Setting next_dagrun for tutorial_taskflow_api_virtualenv to None, run_after=None
[2024-01-30T15:46:49.083+0100] {processor.py:183} INFO - Processing /home/ubuntu/.local/lib/python3.10/site-packages/airflow/example_dags/tutorial_taskflow_api_virtualenv.py took 0.086 seconds
[2024-01-30T15:47:56.089+0100] {processor.py:161} INFO - Started process (PID=8488) to work on /home/ubuntu/.local/lib/python3.10/site-packages/airflow/example_dags/tutorial_taskflow_api_virtualenv.py
[2024-01-30T15:47:56.165+0100] {processor.py:830} INFO - Processing file /home/ubuntu/.local/lib/python3.10/site-packages/airflow/example_dags/tutorial_taskflow_api_virtualenv.py for tasks to queue
[2024-01-30T15:47:56.173+0100] {logging_mixin.py:188} INFO - [2024-01-30T15:47:56.172+0100] {dagbag.py:538} INFO - Filling up the DagBag from /home/ubuntu/.local/lib/python3.10/site-packages/airflow/example_dags/tutorial_taskflow_api_virtualenv.py
[2024-01-30T15:47:56.267+0100] {processor.py:840} INFO - DAG(s) 'tutorial_taskflow_api_virtualenv' retrieved from /home/ubuntu/.local/lib/python3.10/site-packages/airflow/example_dags/tutorial_taskflow_api_virtualenv.py
[2024-01-30T15:47:56.438+0100] {logging_mixin.py:188} INFO - [2024-01-30T15:47:56.438+0100] {dag.py:3033} INFO - Sync 1 DAGs
[2024-01-30T15:47:56.521+0100] {logging_mixin.py:188} INFO - [2024-01-30T15:47:56.503+0100] {dag.py:3820} INFO - Setting next_dagrun for tutorial_taskflow_api_virtualenv to None, run_after=None
[2024-01-30T15:47:57.111+0100] {processor.py:183} INFO - Processing /home/ubuntu/.local/lib/python3.10/site-packages/airflow/example_dags/tutorial_taskflow_api_virtualenv.py took 1.037 seconds
[2024-01-30T15:49:02.850+0100] {processor.py:161} INFO - Started process (PID=8739) to work on /home/ubuntu/.local/lib/python3.10/site-packages/airflow/example_dags/tutorial_taskflow_api_virtualenv.py
[2024-01-30T15:49:02.877+0100] {processor.py:830} INFO - Processing file /home/ubuntu/.local/lib/python3.10/site-packages/airflow/example_dags/tutorial_taskflow_api_virtualenv.py for tasks to queue
[2024-01-30T15:49:02.882+0100] {logging_mixin.py:188} INFO - [2024-01-30T15:49:02.881+0100] {dagbag.py:538} INFO - Filling up the DagBag from /home/ubuntu/.local/lib/python3.10/site-packages/airflow/example_dags/tutorial_taskflow_api_virtualenv.py
[2024-01-30T15:49:02.941+0100] {processor.py:840} INFO - DAG(s) 'tutorial_taskflow_api_virtualenv' retrieved from /home/ubuntu/.local/lib/python3.10/site-packages/airflow/example_dags/tutorial_taskflow_api_virtualenv.py
[2024-01-30T15:49:03.118+0100] {logging_mixin.py:188} INFO - [2024-01-30T15:49:03.113+0100] {dag.py:3033} INFO - Sync 1 DAGs
[2024-01-30T15:49:03.233+0100] {logging_mixin.py:188} INFO - [2024-01-30T15:49:03.233+0100] {dag.py:3820} INFO - Setting next_dagrun for tutorial_taskflow_api_virtualenv to None, run_after=None
[2024-01-30T15:49:05.435+0100] {processor.py:183} INFO - Processing /home/ubuntu/.local/lib/python3.10/site-packages/airflow/example_dags/tutorial_taskflow_api_virtualenv.py took 2.603 seconds
[2024-01-30T15:51:53.252+0100] {processor.py:161} INFO - Started process (PID=9292) to work on /home/ubuntu/.local/lib/python3.10/site-packages/airflow/example_dags/tutorial_taskflow_api_virtualenv.py
[2024-01-30T15:51:53.277+0100] {processor.py:830} INFO - Processing file /home/ubuntu/.local/lib/python3.10/site-packages/airflow/example_dags/tutorial_taskflow_api_virtualenv.py for tasks to queue
[2024-01-30T15:51:53.279+0100] {logging_mixin.py:188} INFO - [2024-01-30T15:51:53.278+0100] {dagbag.py:538} INFO - Filling up the DagBag from /home/ubuntu/.local/lib/python3.10/site-packages/airflow/example_dags/tutorial_taskflow_api_virtualenv.py
[2024-01-30T15:51:53.291+0100] {processor.py:840} INFO - DAG(s) 'tutorial_taskflow_api_virtualenv' retrieved from /home/ubuntu/.local/lib/python3.10/site-packages/airflow/example_dags/tutorial_taskflow_api_virtualenv.py
[2024-01-30T15:51:53.319+0100] {logging_mixin.py:188} INFO - [2024-01-30T15:51:53.319+0100] {dag.py:3033} INFO - Sync 1 DAGs
[2024-01-30T15:51:53.338+0100] {logging_mixin.py:188} INFO - [2024-01-30T15:51:53.338+0100] {dag.py:3820} INFO - Setting next_dagrun for tutorial_taskflow_api_virtualenv to None, run_after=None
[2024-01-30T15:51:53.595+0100] {processor.py:183} INFO - Processing /home/ubuntu/.local/lib/python3.10/site-packages/airflow/example_dags/tutorial_taskflow_api_virtualenv.py took 0.355 seconds
[2024-01-30T15:53:56.179+0100] {processor.py:161} INFO - Started process (PID=9750) to work on /home/ubuntu/.local/lib/python3.10/site-packages/airflow/example_dags/tutorial_taskflow_api_virtualenv.py
[2024-01-30T15:53:56.240+0100] {processor.py:830} INFO - Processing file /home/ubuntu/.local/lib/python3.10/site-packages/airflow/example_dags/tutorial_taskflow_api_virtualenv.py for tasks to queue
[2024-01-30T15:53:56.242+0100] {logging_mixin.py:188} INFO - [2024-01-30T15:53:56.241+0100] {dagbag.py:538} INFO - Filling up the DagBag from /home/ubuntu/.local/lib/python3.10/site-packages/airflow/example_dags/tutorial_taskflow_api_virtualenv.py
[2024-01-30T15:53:56.451+0100] {processor.py:840} INFO - DAG(s) 'tutorial_taskflow_api_virtualenv' retrieved from /home/ubuntu/.local/lib/python3.10/site-packages/airflow/example_dags/tutorial_taskflow_api_virtualenv.py
[2024-01-30T15:53:56.577+0100] {logging_mixin.py:188} INFO - [2024-01-30T15:53:56.576+0100] {dag.py:3033} INFO - Sync 1 DAGs
[2024-01-30T15:53:56.623+0100] {logging_mixin.py:188} INFO - [2024-01-30T15:53:56.623+0100] {dag.py:3820} INFO - Setting next_dagrun for tutorial_taskflow_api_virtualenv to None, run_after=None
[2024-01-30T15:53:56.896+0100] {processor.py:183} INFO - Processing /home/ubuntu/.local/lib/python3.10/site-packages/airflow/example_dags/tutorial_taskflow_api_virtualenv.py took 0.735 seconds
[2024-01-30T15:55:25.270+0100] {processor.py:161} INFO - Started process (PID=9854) to work on /home/ubuntu/.local/lib/python3.10/site-packages/airflow/example_dags/tutorial_taskflow_api_virtualenv.py
[2024-01-30T15:55:25.296+0100] {processor.py:830} INFO - Processing file /home/ubuntu/.local/lib/python3.10/site-packages/airflow/example_dags/tutorial_taskflow_api_virtualenv.py for tasks to queue
[2024-01-30T15:55:25.301+0100] {logging_mixin.py:188} INFO - [2024-01-30T15:55:25.297+0100] {dagbag.py:538} INFO - Filling up the DagBag from /home/ubuntu/.local/lib/python3.10/site-packages/airflow/example_dags/tutorial_taskflow_api_virtualenv.py
[2024-01-30T15:55:25.349+0100] {processor.py:840} INFO - DAG(s) 'tutorial_taskflow_api_virtualenv' retrieved from /home/ubuntu/.local/lib/python3.10/site-packages/airflow/example_dags/tutorial_taskflow_api_virtualenv.py
[2024-01-30T15:55:25.428+0100] {logging_mixin.py:188} INFO - [2024-01-30T15:55:25.428+0100] {dag.py:3033} INFO - Sync 1 DAGs
[2024-01-30T15:55:25.517+0100] {logging_mixin.py:188} INFO - [2024-01-30T15:55:25.516+0100] {dag.py:3820} INFO - Setting next_dagrun for tutorial_taskflow_api_virtualenv to None, run_after=None
[2024-01-30T15:55:25.853+0100] {processor.py:183} INFO - Processing /home/ubuntu/.local/lib/python3.10/site-packages/airflow/example_dags/tutorial_taskflow_api_virtualenv.py took 0.609 seconds
[2024-01-30T15:56:29.584+0100] {processor.py:161} INFO - Started process (PID=9917) to work on /home/ubuntu/.local/lib/python3.10/site-packages/airflow/example_dags/tutorial_taskflow_api_virtualenv.py
[2024-01-30T15:56:29.625+0100] {processor.py:830} INFO - Processing file /home/ubuntu/.local/lib/python3.10/site-packages/airflow/example_dags/tutorial_taskflow_api_virtualenv.py for tasks to queue
[2024-01-30T15:56:29.626+0100] {logging_mixin.py:188} INFO - [2024-01-30T15:56:29.626+0100] {dagbag.py:538} INFO - Filling up the DagBag from /home/ubuntu/.local/lib/python3.10/site-packages/airflow/example_dags/tutorial_taskflow_api_virtualenv.py
[2024-01-30T15:56:29.699+0100] {processor.py:840} INFO - DAG(s) 'tutorial_taskflow_api_virtualenv' retrieved from /home/ubuntu/.local/lib/python3.10/site-packages/airflow/example_dags/tutorial_taskflow_api_virtualenv.py
[2024-01-30T15:56:29.776+0100] {logging_mixin.py:188} INFO - [2024-01-30T15:56:29.776+0100] {dag.py:3033} INFO - Sync 1 DAGs
[2024-01-30T15:56:29.860+0100] {logging_mixin.py:188} INFO - [2024-01-30T15:56:29.841+0100] {dag.py:3820} INFO - Setting next_dagrun for tutorial_taskflow_api_virtualenv to None, run_after=None
[2024-01-30T15:56:30.192+0100] {processor.py:183} INFO - Processing /home/ubuntu/.local/lib/python3.10/site-packages/airflow/example_dags/tutorial_taskflow_api_virtualenv.py took 0.617 seconds
[2024-01-30T15:57:32.104+0100] {processor.py:161} INFO - Started process (PID=9981) to work on /home/ubuntu/.local/lib/python3.10/site-packages/airflow/example_dags/tutorial_taskflow_api_virtualenv.py
[2024-01-30T15:57:32.106+0100] {processor.py:830} INFO - Processing file /home/ubuntu/.local/lib/python3.10/site-packages/airflow/example_dags/tutorial_taskflow_api_virtualenv.py for tasks to queue
[2024-01-30T15:57:32.107+0100] {logging_mixin.py:188} INFO - [2024-01-30T15:57:32.107+0100] {dagbag.py:538} INFO - Filling up the DagBag from /home/ubuntu/.local/lib/python3.10/site-packages/airflow/example_dags/tutorial_taskflow_api_virtualenv.py
[2024-01-30T15:57:32.116+0100] {processor.py:840} INFO - DAG(s) 'tutorial_taskflow_api_virtualenv' retrieved from /home/ubuntu/.local/lib/python3.10/site-packages/airflow/example_dags/tutorial_taskflow_api_virtualenv.py
[2024-01-30T15:57:32.136+0100] {logging_mixin.py:188} INFO - [2024-01-30T15:57:32.136+0100] {dag.py:3033} INFO - Sync 1 DAGs
[2024-01-30T15:57:32.150+0100] {logging_mixin.py:188} INFO - [2024-01-30T15:57:32.149+0100] {dag.py:3820} INFO - Setting next_dagrun for tutorial_taskflow_api_virtualenv to None, run_after=None
[2024-01-30T15:57:32.196+0100] {processor.py:183} INFO - Processing /home/ubuntu/.local/lib/python3.10/site-packages/airflow/example_dags/tutorial_taskflow_api_virtualenv.py took 0.099 seconds
[2024-01-30T15:58:21.692+0100] {processor.py:161} INFO - Started process (PID=10033) to work on /home/ubuntu/.local/lib/python3.10/site-packages/airflow/example_dags/tutorial_taskflow_api_virtualenv.py
[2024-01-30T15:58:21.706+0100] {processor.py:830} INFO - Processing file /home/ubuntu/.local/lib/python3.10/site-packages/airflow/example_dags/tutorial_taskflow_api_virtualenv.py for tasks to queue
[2024-01-30T15:58:21.708+0100] {logging_mixin.py:188} INFO - [2024-01-30T15:58:21.707+0100] {dagbag.py:538} INFO - Filling up the DagBag from /home/ubuntu/.local/lib/python3.10/site-packages/airflow/example_dags/tutorial_taskflow_api_virtualenv.py
[2024-01-30T15:58:21.716+0100] {processor.py:840} INFO - DAG(s) 'tutorial_taskflow_api_virtualenv' retrieved from /home/ubuntu/.local/lib/python3.10/site-packages/airflow/example_dags/tutorial_taskflow_api_virtualenv.py
[2024-01-30T15:58:21.735+0100] {logging_mixin.py:188} INFO - [2024-01-30T15:58:21.735+0100] {dag.py:3033} INFO - Sync 1 DAGs
[2024-01-30T15:58:21.753+0100] {logging_mixin.py:188} INFO - [2024-01-30T15:58:21.753+0100] {dag.py:3820} INFO - Setting next_dagrun for tutorial_taskflow_api_virtualenv to None, run_after=None
[2024-01-30T15:58:21.784+0100] {processor.py:183} INFO - Processing /home/ubuntu/.local/lib/python3.10/site-packages/airflow/example_dags/tutorial_taskflow_api_virtualenv.py took 0.095 seconds
[2024-01-30T15:59:15.571+0100] {processor.py:161} INFO - Started process (PID=10079) to work on /home/ubuntu/.local/lib/python3.10/site-packages/airflow/example_dags/tutorial_taskflow_api_virtualenv.py
[2024-01-30T15:59:15.574+0100] {processor.py:830} INFO - Processing file /home/ubuntu/.local/lib/python3.10/site-packages/airflow/example_dags/tutorial_taskflow_api_virtualenv.py for tasks to queue
[2024-01-30T15:59:15.576+0100] {logging_mixin.py:188} INFO - [2024-01-30T15:59:15.575+0100] {dagbag.py:538} INFO - Filling up the DagBag from /home/ubuntu/.local/lib/python3.10/site-packages/airflow/example_dags/tutorial_taskflow_api_virtualenv.py
[2024-01-30T15:59:15.587+0100] {processor.py:840} INFO - DAG(s) 'tutorial_taskflow_api_virtualenv' retrieved from /home/ubuntu/.local/lib/python3.10/site-packages/airflow/example_dags/tutorial_taskflow_api_virtualenv.py
[2024-01-30T15:59:15.627+0100] {logging_mixin.py:188} INFO - [2024-01-30T15:59:15.626+0100] {dag.py:3033} INFO - Sync 1 DAGs
[2024-01-30T15:59:15.642+0100] {logging_mixin.py:188} INFO - [2024-01-30T15:59:15.642+0100] {dag.py:3820} INFO - Setting next_dagrun for tutorial_taskflow_api_virtualenv to None, run_after=None
[2024-01-30T15:59:15.690+0100] {processor.py:183} INFO - Processing /home/ubuntu/.local/lib/python3.10/site-packages/airflow/example_dags/tutorial_taskflow_api_virtualenv.py took 0.123 seconds
[2024-01-30T16:00:06.502+0100] {processor.py:161} INFO - Started process (PID=10137) to work on /home/ubuntu/.local/lib/python3.10/site-packages/airflow/example_dags/tutorial_taskflow_api_virtualenv.py
[2024-01-30T16:00:06.504+0100] {processor.py:830} INFO - Processing file /home/ubuntu/.local/lib/python3.10/site-packages/airflow/example_dags/tutorial_taskflow_api_virtualenv.py for tasks to queue
[2024-01-30T16:00:06.506+0100] {logging_mixin.py:188} INFO - [2024-01-30T16:00:06.505+0100] {dagbag.py:538} INFO - Filling up the DagBag from /home/ubuntu/.local/lib/python3.10/site-packages/airflow/example_dags/tutorial_taskflow_api_virtualenv.py
[2024-01-30T16:00:06.516+0100] {processor.py:840} INFO - DAG(s) 'tutorial_taskflow_api_virtualenv' retrieved from /home/ubuntu/.local/lib/python3.10/site-packages/airflow/example_dags/tutorial_taskflow_api_virtualenv.py
[2024-01-30T16:00:06.535+0100] {logging_mixin.py:188} INFO - [2024-01-30T16:00:06.535+0100] {dag.py:3033} INFO - Sync 1 DAGs
[2024-01-30T16:00:06.549+0100] {logging_mixin.py:188} INFO - [2024-01-30T16:00:06.549+0100] {dag.py:3820} INFO - Setting next_dagrun for tutorial_taskflow_api_virtualenv to None, run_after=None
[2024-01-30T16:00:06.584+0100] {processor.py:183} INFO - Processing /home/ubuntu/.local/lib/python3.10/site-packages/airflow/example_dags/tutorial_taskflow_api_virtualenv.py took 0.087 seconds
[2024-01-30T16:01:00.596+0100] {processor.py:161} INFO - Started process (PID=10194) to work on /home/ubuntu/.local/lib/python3.10/site-packages/airflow/example_dags/tutorial_taskflow_api_virtualenv.py
[2024-01-30T16:01:00.599+0100] {processor.py:830} INFO - Processing file /home/ubuntu/.local/lib/python3.10/site-packages/airflow/example_dags/tutorial_taskflow_api_virtualenv.py for tasks to queue
[2024-01-30T16:01:00.602+0100] {logging_mixin.py:188} INFO - [2024-01-30T16:01:00.601+0100] {dagbag.py:538} INFO - Filling up the DagBag from /home/ubuntu/.local/lib/python3.10/site-packages/airflow/example_dags/tutorial_taskflow_api_virtualenv.py
[2024-01-30T16:01:00.611+0100] {processor.py:840} INFO - DAG(s) 'tutorial_taskflow_api_virtualenv' retrieved from /home/ubuntu/.local/lib/python3.10/site-packages/airflow/example_dags/tutorial_taskflow_api_virtualenv.py
[2024-01-30T16:01:00.639+0100] {logging_mixin.py:188} INFO - [2024-01-30T16:01:00.639+0100] {dag.py:3033} INFO - Sync 1 DAGs
[2024-01-30T16:01:00.660+0100] {logging_mixin.py:188} INFO - [2024-01-30T16:01:00.660+0100] {dag.py:3820} INFO - Setting next_dagrun for tutorial_taskflow_api_virtualenv to None, run_after=None
[2024-01-30T16:01:00.711+0100] {processor.py:183} INFO - Processing /home/ubuntu/.local/lib/python3.10/site-packages/airflow/example_dags/tutorial_taskflow_api_virtualenv.py took 0.119 seconds
[2024-01-30T16:01:58.551+0100] {processor.py:161} INFO - Started process (PID=10256) to work on /home/ubuntu/.local/lib/python3.10/site-packages/airflow/example_dags/tutorial_taskflow_api_virtualenv.py
[2024-01-30T16:01:58.583+0100] {processor.py:830} INFO - Processing file /home/ubuntu/.local/lib/python3.10/site-packages/airflow/example_dags/tutorial_taskflow_api_virtualenv.py for tasks to queue
[2024-01-30T16:01:58.584+0100] {logging_mixin.py:188} INFO - [2024-01-30T16:01:58.584+0100] {dagbag.py:538} INFO - Filling up the DagBag from /home/ubuntu/.local/lib/python3.10/site-packages/airflow/example_dags/tutorial_taskflow_api_virtualenv.py
[2024-01-30T16:01:58.630+0100] {processor.py:840} INFO - DAG(s) 'tutorial_taskflow_api_virtualenv' retrieved from /home/ubuntu/.local/lib/python3.10/site-packages/airflow/example_dags/tutorial_taskflow_api_virtualenv.py
[2024-01-30T16:01:58.774+0100] {logging_mixin.py:188} INFO - [2024-01-30T16:01:58.773+0100] {dag.py:3033} INFO - Sync 1 DAGs
[2024-01-30T16:01:58.827+0100] {logging_mixin.py:188} INFO - [2024-01-30T16:01:58.826+0100] {dag.py:3820} INFO - Setting next_dagrun for tutorial_taskflow_api_virtualenv to None, run_after=None
[2024-01-30T16:01:58.860+0100] {processor.py:183} INFO - Processing /home/ubuntu/.local/lib/python3.10/site-packages/airflow/example_dags/tutorial_taskflow_api_virtualenv.py took 0.336 seconds
[2024-01-30T16:02:47.392+0100] {processor.py:161} INFO - Started process (PID=10306) to work on /home/ubuntu/.local/lib/python3.10/site-packages/airflow/example_dags/tutorial_taskflow_api_virtualenv.py
[2024-01-30T16:02:47.407+0100] {processor.py:830} INFO - Processing file /home/ubuntu/.local/lib/python3.10/site-packages/airflow/example_dags/tutorial_taskflow_api_virtualenv.py for tasks to queue
[2024-01-30T16:02:47.409+0100] {logging_mixin.py:188} INFO - [2024-01-30T16:02:47.408+0100] {dagbag.py:538} INFO - Filling up the DagBag from /home/ubuntu/.local/lib/python3.10/site-packages/airflow/example_dags/tutorial_taskflow_api_virtualenv.py
[2024-01-30T16:02:47.427+0100] {processor.py:840} INFO - DAG(s) 'tutorial_taskflow_api_virtualenv' retrieved from /home/ubuntu/.local/lib/python3.10/site-packages/airflow/example_dags/tutorial_taskflow_api_virtualenv.py
[2024-01-30T16:02:47.503+0100] {logging_mixin.py:188} INFO - [2024-01-30T16:02:47.503+0100] {dag.py:3033} INFO - Sync 1 DAGs
[2024-01-30T16:02:47.549+0100] {logging_mixin.py:188} INFO - [2024-01-30T16:02:47.549+0100] {dag.py:3820} INFO - Setting next_dagrun for tutorial_taskflow_api_virtualenv to None, run_after=None
[2024-01-30T16:02:47.818+0100] {processor.py:183} INFO - Processing /home/ubuntu/.local/lib/python3.10/site-packages/airflow/example_dags/tutorial_taskflow_api_virtualenv.py took 0.443 seconds
[2024-01-30T16:03:32.747+0100] {processor.py:161} INFO - Started process (PID=10351) to work on /home/ubuntu/.local/lib/python3.10/site-packages/airflow/example_dags/tutorial_taskflow_api_virtualenv.py
[2024-01-30T16:03:32.867+0100] {processor.py:830} INFO - Processing file /home/ubuntu/.local/lib/python3.10/site-packages/airflow/example_dags/tutorial_taskflow_api_virtualenv.py for tasks to queue
[2024-01-30T16:03:32.899+0100] {logging_mixin.py:188} INFO - [2024-01-30T16:03:32.898+0100] {dagbag.py:538} INFO - Filling up the DagBag from /home/ubuntu/.local/lib/python3.10/site-packages/airflow/example_dags/tutorial_taskflow_api_virtualenv.py
[2024-01-30T16:03:32.927+0100] {processor.py:840} INFO - DAG(s) 'tutorial_taskflow_api_virtualenv' retrieved from /home/ubuntu/.local/lib/python3.10/site-packages/airflow/example_dags/tutorial_taskflow_api_virtualenv.py
[2024-01-30T16:03:33.051+0100] {logging_mixin.py:188} INFO - [2024-01-30T16:03:33.051+0100] {dag.py:3033} INFO - Sync 1 DAGs
[2024-01-30T16:03:33.100+0100] {logging_mixin.py:188} INFO - [2024-01-30T16:03:33.099+0100] {dag.py:3820} INFO - Setting next_dagrun for tutorial_taskflow_api_virtualenv to None, run_after=None
[2024-01-30T16:03:33.246+0100] {processor.py:183} INFO - Processing /home/ubuntu/.local/lib/python3.10/site-packages/airflow/example_dags/tutorial_taskflow_api_virtualenv.py took 0.508 seconds
[2024-01-30T16:04:24.000+0100] {processor.py:161} INFO - Started process (PID=10410) to work on /home/ubuntu/.local/lib/python3.10/site-packages/airflow/example_dags/tutorial_taskflow_api_virtualenv.py
[2024-01-30T16:04:24.003+0100] {processor.py:830} INFO - Processing file /home/ubuntu/.local/lib/python3.10/site-packages/airflow/example_dags/tutorial_taskflow_api_virtualenv.py for tasks to queue
[2024-01-30T16:04:24.006+0100] {logging_mixin.py:188} INFO - [2024-01-30T16:04:24.005+0100] {dagbag.py:538} INFO - Filling up the DagBag from /home/ubuntu/.local/lib/python3.10/site-packages/airflow/example_dags/tutorial_taskflow_api_virtualenv.py
[2024-01-30T16:04:24.020+0100] {processor.py:840} INFO - DAG(s) 'tutorial_taskflow_api_virtualenv' retrieved from /home/ubuntu/.local/lib/python3.10/site-packages/airflow/example_dags/tutorial_taskflow_api_virtualenv.py
[2024-01-30T16:04:24.050+0100] {logging_mixin.py:188} INFO - [2024-01-30T16:04:24.049+0100] {dag.py:3033} INFO - Sync 1 DAGs
[2024-01-30T16:04:24.066+0100] {logging_mixin.py:188} INFO - [2024-01-30T16:04:24.066+0100] {dag.py:3820} INFO - Setting next_dagrun for tutorial_taskflow_api_virtualenv to None, run_after=None
[2024-01-30T16:04:24.100+0100] {processor.py:183} INFO - Processing /home/ubuntu/.local/lib/python3.10/site-packages/airflow/example_dags/tutorial_taskflow_api_virtualenv.py took 0.106 seconds
[2024-01-30T16:05:17.727+0100] {processor.py:161} INFO - Started process (PID=10453) to work on /home/ubuntu/.local/lib/python3.10/site-packages/airflow/example_dags/tutorial_taskflow_api_virtualenv.py
[2024-01-30T16:05:17.731+0100] {processor.py:830} INFO - Processing file /home/ubuntu/.local/lib/python3.10/site-packages/airflow/example_dags/tutorial_taskflow_api_virtualenv.py for tasks to queue
[2024-01-30T16:05:17.733+0100] {logging_mixin.py:188} INFO - [2024-01-30T16:05:17.732+0100] {dagbag.py:538} INFO - Filling up the DagBag from /home/ubuntu/.local/lib/python3.10/site-packages/airflow/example_dags/tutorial_taskflow_api_virtualenv.py
[2024-01-30T16:05:17.801+0100] {processor.py:840} INFO - DAG(s) 'tutorial_taskflow_api_virtualenv' retrieved from /home/ubuntu/.local/lib/python3.10/site-packages/airflow/example_dags/tutorial_taskflow_api_virtualenv.py
[2024-01-30T16:05:17.913+0100] {logging_mixin.py:188} INFO - [2024-01-30T16:05:17.913+0100] {dag.py:3033} INFO - Sync 1 DAGs
[2024-01-30T16:05:18.003+0100] {logging_mixin.py:188} INFO - [2024-01-30T16:05:18.003+0100] {dag.py:3820} INFO - Setting next_dagrun for tutorial_taskflow_api_virtualenv to None, run_after=None
[2024-01-30T16:05:18.214+0100] {processor.py:183} INFO - Processing /home/ubuntu/.local/lib/python3.10/site-packages/airflow/example_dags/tutorial_taskflow_api_virtualenv.py took 0.494 seconds
[2024-01-30T16:06:04.900+0100] {processor.py:161} INFO - Started process (PID=10498) to work on /home/ubuntu/.local/lib/python3.10/site-packages/airflow/example_dags/tutorial_taskflow_api_virtualenv.py
[2024-01-30T16:06:04.923+0100] {processor.py:830} INFO - Processing file /home/ubuntu/.local/lib/python3.10/site-packages/airflow/example_dags/tutorial_taskflow_api_virtualenv.py for tasks to queue
[2024-01-30T16:06:04.926+0100] {logging_mixin.py:188} INFO - [2024-01-30T16:06:04.925+0100] {dagbag.py:538} INFO - Filling up the DagBag from /home/ubuntu/.local/lib/python3.10/site-packages/airflow/example_dags/tutorial_taskflow_api_virtualenv.py
[2024-01-30T16:06:04.950+0100] {processor.py:840} INFO - DAG(s) 'tutorial_taskflow_api_virtualenv' retrieved from /home/ubuntu/.local/lib/python3.10/site-packages/airflow/example_dags/tutorial_taskflow_api_virtualenv.py
[2024-01-30T16:06:04.991+0100] {logging_mixin.py:188} INFO - [2024-01-30T16:06:04.991+0100] {dag.py:3033} INFO - Sync 1 DAGs
[2024-01-30T16:06:05.018+0100] {logging_mixin.py:188} INFO - [2024-01-30T16:06:05.018+0100] {dag.py:3820} INFO - Setting next_dagrun for tutorial_taskflow_api_virtualenv to None, run_after=None
[2024-01-30T16:06:05.075+0100] {processor.py:183} INFO - Processing /home/ubuntu/.local/lib/python3.10/site-packages/airflow/example_dags/tutorial_taskflow_api_virtualenv.py took 0.190 seconds
