[2024-01-30T15:29:47.820+0100] {processor.py:161} INFO - Started process (PID=6582) to work on /home/ubuntu/.local/lib/python3.10/site-packages/airflow/example_dags/tutorial_taskflow_api.py
[2024-01-30T15:29:47.828+0100] {processor.py:830} INFO - Processing file /home/ubuntu/.local/lib/python3.10/site-packages/airflow/example_dags/tutorial_taskflow_api.py for tasks to queue
[2024-01-30T15:29:47.834+0100] {logging_mixin.py:188} INFO - [2024-01-30T15:29:47.829+0100] {dagbag.py:538} INFO - Filling up the DagBag from /home/ubuntu/.local/lib/python3.10/site-packages/airflow/example_dags/tutorial_taskflow_api.py
[2024-01-30T15:29:47.914+0100] {processor.py:840} INFO - DAG(s) 'tutorial_taskflow_api' retrieved from /home/ubuntu/.local/lib/python3.10/site-packages/airflow/example_dags/tutorial_taskflow_api.py
[2024-01-30T15:29:48.014+0100] {logging_mixin.py:188} INFO - [2024-01-30T15:29:48.013+0100] {dag.py:3033} INFO - Sync 1 DAGs
[2024-01-30T15:29:48.091+0100] {logging_mixin.py:188} INFO - [2024-01-30T15:29:48.091+0100] {dag.py:3820} INFO - Setting next_dagrun for tutorial_taskflow_api to None, run_after=None
[2024-01-30T15:29:48.131+0100] {processor.py:183} INFO - Processing /home/ubuntu/.local/lib/python3.10/site-packages/airflow/example_dags/tutorial_taskflow_api.py took 0.347 seconds
[2024-01-30T15:30:53.395+0100] {processor.py:161} INFO - Started process (PID=6646) to work on /home/ubuntu/.local/lib/python3.10/site-packages/airflow/example_dags/tutorial_taskflow_api.py
[2024-01-30T15:30:53.399+0100] {processor.py:830} INFO - Processing file /home/ubuntu/.local/lib/python3.10/site-packages/airflow/example_dags/tutorial_taskflow_api.py for tasks to queue
[2024-01-30T15:30:53.402+0100] {logging_mixin.py:188} INFO - [2024-01-30T15:30:53.402+0100] {dagbag.py:538} INFO - Filling up the DagBag from /home/ubuntu/.local/lib/python3.10/site-packages/airflow/example_dags/tutorial_taskflow_api.py
[2024-01-30T15:30:53.416+0100] {processor.py:840} INFO - DAG(s) 'tutorial_taskflow_api' retrieved from /home/ubuntu/.local/lib/python3.10/site-packages/airflow/example_dags/tutorial_taskflow_api.py
[2024-01-30T15:30:53.535+0100] {logging_mixin.py:188} INFO - [2024-01-30T15:30:53.535+0100] {dag.py:3033} INFO - Sync 1 DAGs
[2024-01-30T15:30:53.547+0100] {logging_mixin.py:188} INFO - [2024-01-30T15:30:53.547+0100] {dag.py:3820} INFO - Setting next_dagrun for tutorial_taskflow_api to None, run_after=None
[2024-01-30T15:30:53.579+0100] {processor.py:183} INFO - Processing /home/ubuntu/.local/lib/python3.10/site-packages/airflow/example_dags/tutorial_taskflow_api.py took 0.190 seconds
[2024-01-30T15:31:46.656+0100] {processor.py:161} INFO - Started process (PID=6704) to work on /home/ubuntu/.local/lib/python3.10/site-packages/airflow/example_dags/tutorial_taskflow_api.py
[2024-01-30T15:31:46.658+0100] {processor.py:830} INFO - Processing file /home/ubuntu/.local/lib/python3.10/site-packages/airflow/example_dags/tutorial_taskflow_api.py for tasks to queue
[2024-01-30T15:31:46.659+0100] {logging_mixin.py:188} INFO - [2024-01-30T15:31:46.659+0100] {dagbag.py:538} INFO - Filling up the DagBag from /home/ubuntu/.local/lib/python3.10/site-packages/airflow/example_dags/tutorial_taskflow_api.py
[2024-01-30T15:31:46.688+0100] {processor.py:840} INFO - DAG(s) 'tutorial_taskflow_api' retrieved from /home/ubuntu/.local/lib/python3.10/site-packages/airflow/example_dags/tutorial_taskflow_api.py
[2024-01-30T15:31:46.713+0100] {logging_mixin.py:188} INFO - [2024-01-30T15:31:46.713+0100] {dag.py:3033} INFO - Sync 1 DAGs
[2024-01-30T15:31:46.725+0100] {logging_mixin.py:188} INFO - [2024-01-30T15:31:46.725+0100] {dag.py:3820} INFO - Setting next_dagrun for tutorial_taskflow_api to None, run_after=None
[2024-01-30T15:31:46.763+0100] {processor.py:183} INFO - Processing /home/ubuntu/.local/lib/python3.10/site-packages/airflow/example_dags/tutorial_taskflow_api.py took 0.110 seconds
[2024-01-30T15:32:50.918+0100] {processor.py:161} INFO - Started process (PID=6771) to work on /home/ubuntu/.local/lib/python3.10/site-packages/airflow/example_dags/tutorial_taskflow_api.py
[2024-01-30T15:32:51.026+0100] {processor.py:830} INFO - Processing file /home/ubuntu/.local/lib/python3.10/site-packages/airflow/example_dags/tutorial_taskflow_api.py for tasks to queue
[2024-01-30T15:32:51.041+0100] {logging_mixin.py:188} INFO - [2024-01-30T15:32:51.027+0100] {dagbag.py:538} INFO - Filling up the DagBag from /home/ubuntu/.local/lib/python3.10/site-packages/airflow/example_dags/tutorial_taskflow_api.py
[2024-01-30T15:32:51.135+0100] {processor.py:840} INFO - DAG(s) 'tutorial_taskflow_api' retrieved from /home/ubuntu/.local/lib/python3.10/site-packages/airflow/example_dags/tutorial_taskflow_api.py
[2024-01-30T15:32:51.167+0100] {logging_mixin.py:188} INFO - [2024-01-30T15:32:51.167+0100] {dag.py:3033} INFO - Sync 1 DAGs
[2024-01-30T15:32:51.191+0100] {logging_mixin.py:188} INFO - [2024-01-30T15:32:51.191+0100] {dag.py:3820} INFO - Setting next_dagrun for tutorial_taskflow_api to None, run_after=None
[2024-01-30T15:32:51.250+0100] {processor.py:183} INFO - Processing /home/ubuntu/.local/lib/python3.10/site-packages/airflow/example_dags/tutorial_taskflow_api.py took 0.337 seconds
[2024-01-30T15:33:35.640+0100] {processor.py:161} INFO - Started process (PID=6816) to work on /home/ubuntu/.local/lib/python3.10/site-packages/airflow/example_dags/tutorial_taskflow_api.py
[2024-01-30T15:33:35.642+0100] {processor.py:830} INFO - Processing file /home/ubuntu/.local/lib/python3.10/site-packages/airflow/example_dags/tutorial_taskflow_api.py for tasks to queue
[2024-01-30T15:33:35.643+0100] {logging_mixin.py:188} INFO - [2024-01-30T15:33:35.642+0100] {dagbag.py:538} INFO - Filling up the DagBag from /home/ubuntu/.local/lib/python3.10/site-packages/airflow/example_dags/tutorial_taskflow_api.py
[2024-01-30T15:33:35.652+0100] {processor.py:840} INFO - DAG(s) 'tutorial_taskflow_api' retrieved from /home/ubuntu/.local/lib/python3.10/site-packages/airflow/example_dags/tutorial_taskflow_api.py
[2024-01-30T15:33:35.670+0100] {logging_mixin.py:188} INFO - [2024-01-30T15:33:35.670+0100] {dag.py:3033} INFO - Sync 1 DAGs
[2024-01-30T15:33:35.683+0100] {logging_mixin.py:188} INFO - [2024-01-30T15:33:35.682+0100] {dag.py:3820} INFO - Setting next_dagrun for tutorial_taskflow_api to None, run_after=None
[2024-01-30T15:33:35.712+0100] {processor.py:183} INFO - Processing /home/ubuntu/.local/lib/python3.10/site-packages/airflow/example_dags/tutorial_taskflow_api.py took 0.076 seconds
[2024-01-30T15:34:33.509+0100] {processor.py:161} INFO - Started process (PID=6875) to work on /home/ubuntu/.local/lib/python3.10/site-packages/airflow/example_dags/tutorial_taskflow_api.py
[2024-01-30T15:34:33.510+0100] {processor.py:830} INFO - Processing file /home/ubuntu/.local/lib/python3.10/site-packages/airflow/example_dags/tutorial_taskflow_api.py for tasks to queue
[2024-01-30T15:34:33.513+0100] {logging_mixin.py:188} INFO - [2024-01-30T15:34:33.511+0100] {dagbag.py:538} INFO - Filling up the DagBag from /home/ubuntu/.local/lib/python3.10/site-packages/airflow/example_dags/tutorial_taskflow_api.py
[2024-01-30T15:34:33.525+0100] {processor.py:840} INFO - DAG(s) 'tutorial_taskflow_api' retrieved from /home/ubuntu/.local/lib/python3.10/site-packages/airflow/example_dags/tutorial_taskflow_api.py
[2024-01-30T15:34:33.549+0100] {logging_mixin.py:188} INFO - [2024-01-30T15:34:33.549+0100] {dag.py:3033} INFO - Sync 1 DAGs
[2024-01-30T15:34:33.571+0100] {logging_mixin.py:188} INFO - [2024-01-30T15:34:33.571+0100] {dag.py:3820} INFO - Setting next_dagrun for tutorial_taskflow_api to None, run_after=None
[2024-01-30T15:34:33.614+0100] {processor.py:183} INFO - Processing /home/ubuntu/.local/lib/python3.10/site-packages/airflow/example_dags/tutorial_taskflow_api.py took 0.111 seconds
[2024-01-30T15:35:25.261+0100] {processor.py:161} INFO - Started process (PID=6930) to work on /home/ubuntu/.local/lib/python3.10/site-packages/airflow/example_dags/tutorial_taskflow_api.py
[2024-01-30T15:35:25.267+0100] {processor.py:830} INFO - Processing file /home/ubuntu/.local/lib/python3.10/site-packages/airflow/example_dags/tutorial_taskflow_api.py for tasks to queue
[2024-01-30T15:35:25.295+0100] {logging_mixin.py:188} INFO - [2024-01-30T15:35:25.286+0100] {dagbag.py:538} INFO - Filling up the DagBag from /home/ubuntu/.local/lib/python3.10/site-packages/airflow/example_dags/tutorial_taskflow_api.py
[2024-01-30T15:35:25.332+0100] {processor.py:840} INFO - DAG(s) 'tutorial_taskflow_api' retrieved from /home/ubuntu/.local/lib/python3.10/site-packages/airflow/example_dags/tutorial_taskflow_api.py
[2024-01-30T15:35:25.364+0100] {logging_mixin.py:188} INFO - [2024-01-30T15:35:25.364+0100] {dag.py:3033} INFO - Sync 1 DAGs
[2024-01-30T15:35:25.378+0100] {logging_mixin.py:188} INFO - [2024-01-30T15:35:25.378+0100] {dag.py:3820} INFO - Setting next_dagrun for tutorial_taskflow_api to None, run_after=None
[2024-01-30T15:35:25.414+0100] {processor.py:183} INFO - Processing /home/ubuntu/.local/lib/python3.10/site-packages/airflow/example_dags/tutorial_taskflow_api.py took 0.158 seconds
[2024-01-30T15:36:12.400+0100] {processor.py:161} INFO - Started process (PID=6980) to work on /home/ubuntu/.local/lib/python3.10/site-packages/airflow/example_dags/tutorial_taskflow_api.py
[2024-01-30T15:36:12.403+0100] {processor.py:830} INFO - Processing file /home/ubuntu/.local/lib/python3.10/site-packages/airflow/example_dags/tutorial_taskflow_api.py for tasks to queue
[2024-01-30T15:36:12.406+0100] {logging_mixin.py:188} INFO - [2024-01-30T15:36:12.405+0100] {dagbag.py:538} INFO - Filling up the DagBag from /home/ubuntu/.local/lib/python3.10/site-packages/airflow/example_dags/tutorial_taskflow_api.py
[2024-01-30T15:36:12.419+0100] {processor.py:840} INFO - DAG(s) 'tutorial_taskflow_api' retrieved from /home/ubuntu/.local/lib/python3.10/site-packages/airflow/example_dags/tutorial_taskflow_api.py
[2024-01-30T15:36:12.440+0100] {logging_mixin.py:188} INFO - [2024-01-30T15:36:12.439+0100] {dag.py:3033} INFO - Sync 1 DAGs
[2024-01-30T15:36:12.454+0100] {logging_mixin.py:188} INFO - [2024-01-30T15:36:12.453+0100] {dag.py:3820} INFO - Setting next_dagrun for tutorial_taskflow_api to None, run_after=None
[2024-01-30T15:36:12.486+0100] {processor.py:183} INFO - Processing /home/ubuntu/.local/lib/python3.10/site-packages/airflow/example_dags/tutorial_taskflow_api.py took 0.090 seconds
[2024-01-30T15:37:07.838+0100] {processor.py:161} INFO - Started process (PID=7036) to work on /home/ubuntu/.local/lib/python3.10/site-packages/airflow/example_dags/tutorial_taskflow_api.py
[2024-01-30T15:37:07.841+0100] {processor.py:830} INFO - Processing file /home/ubuntu/.local/lib/python3.10/site-packages/airflow/example_dags/tutorial_taskflow_api.py for tasks to queue
[2024-01-30T15:37:07.842+0100] {logging_mixin.py:188} INFO - [2024-01-30T15:37:07.842+0100] {dagbag.py:538} INFO - Filling up the DagBag from /home/ubuntu/.local/lib/python3.10/site-packages/airflow/example_dags/tutorial_taskflow_api.py
[2024-01-30T15:37:07.853+0100] {processor.py:840} INFO - DAG(s) 'tutorial_taskflow_api' retrieved from /home/ubuntu/.local/lib/python3.10/site-packages/airflow/example_dags/tutorial_taskflow_api.py
[2024-01-30T15:37:07.879+0100] {logging_mixin.py:188} INFO - [2024-01-30T15:37:07.879+0100] {dag.py:3033} INFO - Sync 1 DAGs
[2024-01-30T15:37:07.897+0100] {logging_mixin.py:188} INFO - [2024-01-30T15:37:07.897+0100] {dag.py:3820} INFO - Setting next_dagrun for tutorial_taskflow_api to None, run_after=None
[2024-01-30T15:37:07.944+0100] {processor.py:183} INFO - Processing /home/ubuntu/.local/lib/python3.10/site-packages/airflow/example_dags/tutorial_taskflow_api.py took 0.113 seconds
[2024-01-30T15:37:59.336+0100] {processor.py:161} INFO - Started process (PID=7092) to work on /home/ubuntu/.local/lib/python3.10/site-packages/airflow/example_dags/tutorial_taskflow_api.py
[2024-01-30T15:37:59.351+0100] {processor.py:830} INFO - Processing file /home/ubuntu/.local/lib/python3.10/site-packages/airflow/example_dags/tutorial_taskflow_api.py for tasks to queue
[2024-01-30T15:37:59.354+0100] {logging_mixin.py:188} INFO - [2024-01-30T15:37:59.352+0100] {dagbag.py:538} INFO - Filling up the DagBag from /home/ubuntu/.local/lib/python3.10/site-packages/airflow/example_dags/tutorial_taskflow_api.py
[2024-01-30T15:37:59.372+0100] {processor.py:840} INFO - DAG(s) 'tutorial_taskflow_api' retrieved from /home/ubuntu/.local/lib/python3.10/site-packages/airflow/example_dags/tutorial_taskflow_api.py
[2024-01-30T15:37:59.426+0100] {logging_mixin.py:188} INFO - [2024-01-30T15:37:59.426+0100] {dag.py:3033} INFO - Sync 1 DAGs
[2024-01-30T15:37:59.449+0100] {logging_mixin.py:188} INFO - [2024-01-30T15:37:59.449+0100] {dag.py:3820} INFO - Setting next_dagrun for tutorial_taskflow_api to None, run_after=None
[2024-01-30T15:37:59.682+0100] {processor.py:183} INFO - Processing /home/ubuntu/.local/lib/python3.10/site-packages/airflow/example_dags/tutorial_taskflow_api.py took 0.370 seconds
[2024-01-30T15:38:53.737+0100] {processor.py:161} INFO - Started process (PID=7225) to work on /home/ubuntu/.local/lib/python3.10/site-packages/airflow/example_dags/tutorial_taskflow_api.py
[2024-01-30T15:38:53.739+0100] {processor.py:830} INFO - Processing file /home/ubuntu/.local/lib/python3.10/site-packages/airflow/example_dags/tutorial_taskflow_api.py for tasks to queue
[2024-01-30T15:38:53.741+0100] {logging_mixin.py:188} INFO - [2024-01-30T15:38:53.741+0100] {dagbag.py:538} INFO - Filling up the DagBag from /home/ubuntu/.local/lib/python3.10/site-packages/airflow/example_dags/tutorial_taskflow_api.py
[2024-01-30T15:38:53.752+0100] {processor.py:840} INFO - DAG(s) 'tutorial_taskflow_api' retrieved from /home/ubuntu/.local/lib/python3.10/site-packages/airflow/example_dags/tutorial_taskflow_api.py
[2024-01-30T15:38:53.771+0100] {logging_mixin.py:188} INFO - [2024-01-30T15:38:53.771+0100] {dag.py:3033} INFO - Sync 1 DAGs
[2024-01-30T15:38:53.790+0100] {logging_mixin.py:188} INFO - [2024-01-30T15:38:53.790+0100] {dag.py:3820} INFO - Setting next_dagrun for tutorial_taskflow_api to None, run_after=None
[2024-01-30T15:38:53.826+0100] {processor.py:183} INFO - Processing /home/ubuntu/.local/lib/python3.10/site-packages/airflow/example_dags/tutorial_taskflow_api.py took 0.093 seconds
[2024-01-30T15:39:51.592+0100] {processor.py:161} INFO - Started process (PID=7294) to work on /home/ubuntu/.local/lib/python3.10/site-packages/airflow/example_dags/tutorial_taskflow_api.py
[2024-01-30T15:39:51.595+0100] {processor.py:830} INFO - Processing file /home/ubuntu/.local/lib/python3.10/site-packages/airflow/example_dags/tutorial_taskflow_api.py for tasks to queue
[2024-01-30T15:39:51.597+0100] {logging_mixin.py:188} INFO - [2024-01-30T15:39:51.597+0100] {dagbag.py:538} INFO - Filling up the DagBag from /home/ubuntu/.local/lib/python3.10/site-packages/airflow/example_dags/tutorial_taskflow_api.py
[2024-01-30T15:39:51.681+0100] {processor.py:840} INFO - DAG(s) 'tutorial_taskflow_api' retrieved from /home/ubuntu/.local/lib/python3.10/site-packages/airflow/example_dags/tutorial_taskflow_api.py
[2024-01-30T15:39:51.707+0100] {logging_mixin.py:188} INFO - [2024-01-30T15:39:51.707+0100] {dag.py:3033} INFO - Sync 1 DAGs
[2024-01-30T15:39:51.720+0100] {logging_mixin.py:188} INFO - [2024-01-30T15:39:51.720+0100] {dag.py:3820} INFO - Setting next_dagrun for tutorial_taskflow_api to None, run_after=None
[2024-01-30T15:39:51.755+0100] {processor.py:183} INFO - Processing /home/ubuntu/.local/lib/python3.10/site-packages/airflow/example_dags/tutorial_taskflow_api.py took 0.168 seconds
[2024-01-30T15:40:46.082+0100] {processor.py:161} INFO - Started process (PID=7347) to work on /home/ubuntu/.local/lib/python3.10/site-packages/airflow/example_dags/tutorial_taskflow_api.py
[2024-01-30T15:40:46.085+0100] {processor.py:830} INFO - Processing file /home/ubuntu/.local/lib/python3.10/site-packages/airflow/example_dags/tutorial_taskflow_api.py for tasks to queue
[2024-01-30T15:40:46.087+0100] {logging_mixin.py:188} INFO - [2024-01-30T15:40:46.086+0100] {dagbag.py:538} INFO - Filling up the DagBag from /home/ubuntu/.local/lib/python3.10/site-packages/airflow/example_dags/tutorial_taskflow_api.py
[2024-01-30T15:40:46.104+0100] {processor.py:840} INFO - DAG(s) 'tutorial_taskflow_api' retrieved from /home/ubuntu/.local/lib/python3.10/site-packages/airflow/example_dags/tutorial_taskflow_api.py
[2024-01-30T15:40:46.191+0100] {logging_mixin.py:188} INFO - [2024-01-30T15:40:46.191+0100] {dag.py:3033} INFO - Sync 1 DAGs
[2024-01-30T15:40:46.217+0100] {logging_mixin.py:188} INFO - [2024-01-30T15:40:46.217+0100] {dag.py:3820} INFO - Setting next_dagrun for tutorial_taskflow_api to None, run_after=None
[2024-01-30T15:40:46.357+0100] {processor.py:183} INFO - Processing /home/ubuntu/.local/lib/python3.10/site-packages/airflow/example_dags/tutorial_taskflow_api.py took 0.279 seconds
[2024-01-30T15:41:28.308+0100] {processor.py:161} INFO - Started process (PID=7386) to work on /home/ubuntu/.local/lib/python3.10/site-packages/airflow/example_dags/tutorial_taskflow_api.py
[2024-01-30T15:41:28.310+0100] {processor.py:830} INFO - Processing file /home/ubuntu/.local/lib/python3.10/site-packages/airflow/example_dags/tutorial_taskflow_api.py for tasks to queue
[2024-01-30T15:41:28.312+0100] {logging_mixin.py:188} INFO - [2024-01-30T15:41:28.311+0100] {dagbag.py:538} INFO - Filling up the DagBag from /home/ubuntu/.local/lib/python3.10/site-packages/airflow/example_dags/tutorial_taskflow_api.py
[2024-01-30T15:41:28.319+0100] {processor.py:840} INFO - DAG(s) 'tutorial_taskflow_api' retrieved from /home/ubuntu/.local/lib/python3.10/site-packages/airflow/example_dags/tutorial_taskflow_api.py
[2024-01-30T15:41:28.338+0100] {logging_mixin.py:188} INFO - [2024-01-30T15:41:28.338+0100] {dag.py:3033} INFO - Sync 1 DAGs
[2024-01-30T15:41:28.351+0100] {logging_mixin.py:188} INFO - [2024-01-30T15:41:28.350+0100] {dag.py:3820} INFO - Setting next_dagrun for tutorial_taskflow_api to None, run_after=None
[2024-01-30T15:41:28.389+0100] {processor.py:183} INFO - Processing /home/ubuntu/.local/lib/python3.10/site-packages/airflow/example_dags/tutorial_taskflow_api.py took 0.084 seconds
[2024-01-30T15:42:29.324+0100] {processor.py:161} INFO - Started process (PID=7546) to work on /home/ubuntu/.local/lib/python3.10/site-packages/airflow/example_dags/tutorial_taskflow_api.py
[2024-01-30T15:42:29.326+0100] {processor.py:830} INFO - Processing file /home/ubuntu/.local/lib/python3.10/site-packages/airflow/example_dags/tutorial_taskflow_api.py for tasks to queue
[2024-01-30T15:42:29.328+0100] {logging_mixin.py:188} INFO - [2024-01-30T15:42:29.327+0100] {dagbag.py:538} INFO - Filling up the DagBag from /home/ubuntu/.local/lib/python3.10/site-packages/airflow/example_dags/tutorial_taskflow_api.py
[2024-01-30T15:42:29.337+0100] {processor.py:840} INFO - DAG(s) 'tutorial_taskflow_api' retrieved from /home/ubuntu/.local/lib/python3.10/site-packages/airflow/example_dags/tutorial_taskflow_api.py
[2024-01-30T15:42:29.361+0100] {logging_mixin.py:188} INFO - [2024-01-30T15:42:29.360+0100] {dag.py:3033} INFO - Sync 1 DAGs
[2024-01-30T15:42:29.373+0100] {logging_mixin.py:188} INFO - [2024-01-30T15:42:29.373+0100] {dag.py:3820} INFO - Setting next_dagrun for tutorial_taskflow_api to None, run_after=None
[2024-01-30T15:42:29.418+0100] {processor.py:183} INFO - Processing /home/ubuntu/.local/lib/python3.10/site-packages/airflow/example_dags/tutorial_taskflow_api.py took 0.099 seconds
[2024-01-30T15:43:27.425+0100] {processor.py:161} INFO - Started process (PID=7806) to work on /home/ubuntu/.local/lib/python3.10/site-packages/airflow/example_dags/tutorial_taskflow_api.py
[2024-01-30T15:43:27.430+0100] {processor.py:830} INFO - Processing file /home/ubuntu/.local/lib/python3.10/site-packages/airflow/example_dags/tutorial_taskflow_api.py for tasks to queue
[2024-01-30T15:43:27.432+0100] {logging_mixin.py:188} INFO - [2024-01-30T15:43:27.431+0100] {dagbag.py:538} INFO - Filling up the DagBag from /home/ubuntu/.local/lib/python3.10/site-packages/airflow/example_dags/tutorial_taskflow_api.py
[2024-01-30T15:43:27.445+0100] {processor.py:840} INFO - DAG(s) 'tutorial_taskflow_api' retrieved from /home/ubuntu/.local/lib/python3.10/site-packages/airflow/example_dags/tutorial_taskflow_api.py
[2024-01-30T15:43:27.475+0100] {logging_mixin.py:188} INFO - [2024-01-30T15:43:27.474+0100] {dag.py:3033} INFO - Sync 1 DAGs
[2024-01-30T15:43:27.492+0100] {logging_mixin.py:188} INFO - [2024-01-30T15:43:27.492+0100] {dag.py:3820} INFO - Setting next_dagrun for tutorial_taskflow_api to None, run_after=None
[2024-01-30T15:43:27.537+0100] {processor.py:183} INFO - Processing /home/ubuntu/.local/lib/python3.10/site-packages/airflow/example_dags/tutorial_taskflow_api.py took 0.117 seconds
[2024-01-30T15:44:31.945+0100] {processor.py:161} INFO - Started process (PID=8084) to work on /home/ubuntu/.local/lib/python3.10/site-packages/airflow/example_dags/tutorial_taskflow_api.py
[2024-01-30T15:44:31.950+0100] {processor.py:830} INFO - Processing file /home/ubuntu/.local/lib/python3.10/site-packages/airflow/example_dags/tutorial_taskflow_api.py for tasks to queue
[2024-01-30T15:44:31.952+0100] {logging_mixin.py:188} INFO - [2024-01-30T15:44:31.951+0100] {dagbag.py:538} INFO - Filling up the DagBag from /home/ubuntu/.local/lib/python3.10/site-packages/airflow/example_dags/tutorial_taskflow_api.py
[2024-01-30T15:44:31.962+0100] {processor.py:840} INFO - DAG(s) 'tutorial_taskflow_api' retrieved from /home/ubuntu/.local/lib/python3.10/site-packages/airflow/example_dags/tutorial_taskflow_api.py
[2024-01-30T15:44:31.981+0100] {logging_mixin.py:188} INFO - [2024-01-30T15:44:31.981+0100] {dag.py:3033} INFO - Sync 1 DAGs
[2024-01-30T15:44:31.994+0100] {logging_mixin.py:188} INFO - [2024-01-30T15:44:31.994+0100] {dag.py:3820} INFO - Setting next_dagrun for tutorial_taskflow_api to None, run_after=None
[2024-01-30T15:44:32.039+0100] {processor.py:183} INFO - Processing /home/ubuntu/.local/lib/python3.10/site-packages/airflow/example_dags/tutorial_taskflow_api.py took 0.098 seconds
[2024-01-30T15:45:25.841+0100] {processor.py:161} INFO - Started process (PID=8253) to work on /home/ubuntu/.local/lib/python3.10/site-packages/airflow/example_dags/tutorial_taskflow_api.py
[2024-01-30T15:45:25.844+0100] {processor.py:830} INFO - Processing file /home/ubuntu/.local/lib/python3.10/site-packages/airflow/example_dags/tutorial_taskflow_api.py for tasks to queue
[2024-01-30T15:45:25.845+0100] {logging_mixin.py:188} INFO - [2024-01-30T15:45:25.845+0100] {dagbag.py:538} INFO - Filling up the DagBag from /home/ubuntu/.local/lib/python3.10/site-packages/airflow/example_dags/tutorial_taskflow_api.py
[2024-01-30T15:45:25.852+0100] {processor.py:840} INFO - DAG(s) 'tutorial_taskflow_api' retrieved from /home/ubuntu/.local/lib/python3.10/site-packages/airflow/example_dags/tutorial_taskflow_api.py
[2024-01-30T15:45:25.870+0100] {logging_mixin.py:188} INFO - [2024-01-30T15:45:25.870+0100] {dag.py:3033} INFO - Sync 1 DAGs
[2024-01-30T15:45:25.885+0100] {logging_mixin.py:188} INFO - [2024-01-30T15:45:25.884+0100] {dag.py:3820} INFO - Setting next_dagrun for tutorial_taskflow_api to None, run_after=None
[2024-01-30T15:45:25.919+0100] {processor.py:183} INFO - Processing /home/ubuntu/.local/lib/python3.10/site-packages/airflow/example_dags/tutorial_taskflow_api.py took 0.081 seconds
[2024-01-30T15:46:06.906+0100] {processor.py:161} INFO - Started process (PID=8299) to work on /home/ubuntu/.local/lib/python3.10/site-packages/airflow/example_dags/tutorial_taskflow_api.py
[2024-01-30T15:46:06.907+0100] {processor.py:830} INFO - Processing file /home/ubuntu/.local/lib/python3.10/site-packages/airflow/example_dags/tutorial_taskflow_api.py for tasks to queue
[2024-01-30T15:46:06.909+0100] {logging_mixin.py:188} INFO - [2024-01-30T15:46:06.908+0100] {dagbag.py:538} INFO - Filling up the DagBag from /home/ubuntu/.local/lib/python3.10/site-packages/airflow/example_dags/tutorial_taskflow_api.py
[2024-01-30T15:46:06.917+0100] {processor.py:840} INFO - DAG(s) 'tutorial_taskflow_api' retrieved from /home/ubuntu/.local/lib/python3.10/site-packages/airflow/example_dags/tutorial_taskflow_api.py
[2024-01-30T15:46:06.935+0100] {logging_mixin.py:188} INFO - [2024-01-30T15:46:06.935+0100] {dag.py:3033} INFO - Sync 1 DAGs
[2024-01-30T15:46:06.949+0100] {logging_mixin.py:188} INFO - [2024-01-30T15:46:06.948+0100] {dag.py:3820} INFO - Setting next_dagrun for tutorial_taskflow_api to None, run_after=None
[2024-01-30T15:46:06.979+0100] {processor.py:183} INFO - Processing /home/ubuntu/.local/lib/python3.10/site-packages/airflow/example_dags/tutorial_taskflow_api.py took 0.078 seconds
[2024-01-30T15:46:51.381+0100] {processor.py:161} INFO - Started process (PID=8348) to work on /home/ubuntu/.local/lib/python3.10/site-packages/airflow/example_dags/tutorial_taskflow_api.py
[2024-01-30T15:46:51.384+0100] {processor.py:830} INFO - Processing file /home/ubuntu/.local/lib/python3.10/site-packages/airflow/example_dags/tutorial_taskflow_api.py for tasks to queue
[2024-01-30T15:46:51.386+0100] {logging_mixin.py:188} INFO - [2024-01-30T15:46:51.385+0100] {dagbag.py:538} INFO - Filling up the DagBag from /home/ubuntu/.local/lib/python3.10/site-packages/airflow/example_dags/tutorial_taskflow_api.py
[2024-01-30T15:46:51.393+0100] {processor.py:840} INFO - DAG(s) 'tutorial_taskflow_api' retrieved from /home/ubuntu/.local/lib/python3.10/site-packages/airflow/example_dags/tutorial_taskflow_api.py
[2024-01-30T15:46:51.420+0100] {logging_mixin.py:188} INFO - [2024-01-30T15:46:51.420+0100] {dag.py:3033} INFO - Sync 1 DAGs
[2024-01-30T15:46:51.438+0100] {logging_mixin.py:188} INFO - [2024-01-30T15:46:51.438+0100] {dag.py:3820} INFO - Setting next_dagrun for tutorial_taskflow_api to None, run_after=None
[2024-01-30T15:46:51.475+0100] {processor.py:183} INFO - Processing /home/ubuntu/.local/lib/python3.10/site-packages/airflow/example_dags/tutorial_taskflow_api.py took 0.098 seconds
[2024-01-30T15:48:03.449+0100] {processor.py:161} INFO - Started process (PID=8500) to work on /home/ubuntu/.local/lib/python3.10/site-packages/airflow/example_dags/tutorial_taskflow_api.py
[2024-01-30T15:48:03.485+0100] {processor.py:830} INFO - Processing file /home/ubuntu/.local/lib/python3.10/site-packages/airflow/example_dags/tutorial_taskflow_api.py for tasks to queue
[2024-01-30T15:48:03.487+0100] {logging_mixin.py:188} INFO - [2024-01-30T15:48:03.486+0100] {dagbag.py:538} INFO - Filling up the DagBag from /home/ubuntu/.local/lib/python3.10/site-packages/airflow/example_dags/tutorial_taskflow_api.py
[2024-01-30T15:48:03.543+0100] {processor.py:840} INFO - DAG(s) 'tutorial_taskflow_api' retrieved from /home/ubuntu/.local/lib/python3.10/site-packages/airflow/example_dags/tutorial_taskflow_api.py
[2024-01-30T15:48:03.598+0100] {logging_mixin.py:188} INFO - [2024-01-30T15:48:03.597+0100] {dag.py:3033} INFO - Sync 1 DAGs
[2024-01-30T15:48:03.676+0100] {logging_mixin.py:188} INFO - [2024-01-30T15:48:03.675+0100] {dag.py:3820} INFO - Setting next_dagrun for tutorial_taskflow_api to None, run_after=None
[2024-01-30T15:48:04.125+0100] {processor.py:183} INFO - Processing /home/ubuntu/.local/lib/python3.10/site-packages/airflow/example_dags/tutorial_taskflow_api.py took 0.680 seconds
[2024-01-30T15:49:10.596+0100] {processor.py:161} INFO - Started process (PID=8767) to work on /home/ubuntu/.local/lib/python3.10/site-packages/airflow/example_dags/tutorial_taskflow_api.py
[2024-01-30T15:49:10.635+0100] {processor.py:830} INFO - Processing file /home/ubuntu/.local/lib/python3.10/site-packages/airflow/example_dags/tutorial_taskflow_api.py for tasks to queue
[2024-01-30T15:49:10.636+0100] {logging_mixin.py:188} INFO - [2024-01-30T15:49:10.636+0100] {dagbag.py:538} INFO - Filling up the DagBag from /home/ubuntu/.local/lib/python3.10/site-packages/airflow/example_dags/tutorial_taskflow_api.py
[2024-01-30T15:49:10.689+0100] {processor.py:840} INFO - DAG(s) 'tutorial_taskflow_api' retrieved from /home/ubuntu/.local/lib/python3.10/site-packages/airflow/example_dags/tutorial_taskflow_api.py
[2024-01-30T15:49:10.797+0100] {logging_mixin.py:188} INFO - [2024-01-30T15:49:10.797+0100] {dag.py:3033} INFO - Sync 1 DAGs
[2024-01-30T15:49:10.858+0100] {logging_mixin.py:188} INFO - [2024-01-30T15:49:10.850+0100] {dag.py:3820} INFO - Setting next_dagrun for tutorial_taskflow_api to None, run_after=None
[2024-01-30T15:49:11.280+0100] {processor.py:183} INFO - Processing /home/ubuntu/.local/lib/python3.10/site-packages/airflow/example_dags/tutorial_taskflow_api.py took 0.709 seconds
[2024-01-30T15:51:56.674+0100] {processor.py:161} INFO - Started process (PID=9311) to work on /home/ubuntu/.local/lib/python3.10/site-packages/airflow/example_dags/tutorial_taskflow_api.py
[2024-01-30T15:51:56.693+0100] {processor.py:830} INFO - Processing file /home/ubuntu/.local/lib/python3.10/site-packages/airflow/example_dags/tutorial_taskflow_api.py for tasks to queue
[2024-01-30T15:51:56.695+0100] {logging_mixin.py:188} INFO - [2024-01-30T15:51:56.694+0100] {dagbag.py:538} INFO - Filling up the DagBag from /home/ubuntu/.local/lib/python3.10/site-packages/airflow/example_dags/tutorial_taskflow_api.py
[2024-01-30T15:51:56.706+0100] {processor.py:840} INFO - DAG(s) 'tutorial_taskflow_api' retrieved from /home/ubuntu/.local/lib/python3.10/site-packages/airflow/example_dags/tutorial_taskflow_api.py
[2024-01-30T15:51:56.731+0100] {logging_mixin.py:188} INFO - [2024-01-30T15:51:56.731+0100] {dag.py:3033} INFO - Sync 1 DAGs
[2024-01-30T15:51:56.751+0100] {logging_mixin.py:188} INFO - [2024-01-30T15:51:56.751+0100] {dag.py:3820} INFO - Setting next_dagrun for tutorial_taskflow_api to None, run_after=None
[2024-01-30T15:51:56.830+0100] {processor.py:183} INFO - Processing /home/ubuntu/.local/lib/python3.10/site-packages/airflow/example_dags/tutorial_taskflow_api.py took 0.161 seconds
[2024-01-30T15:54:00.501+0100] {processor.py:161} INFO - Started process (PID=9764) to work on /home/ubuntu/.local/lib/python3.10/site-packages/airflow/example_dags/tutorial_taskflow_api.py
[2024-01-30T15:54:00.531+0100] {processor.py:830} INFO - Processing file /home/ubuntu/.local/lib/python3.10/site-packages/airflow/example_dags/tutorial_taskflow_api.py for tasks to queue
[2024-01-30T15:54:00.555+0100] {logging_mixin.py:188} INFO - [2024-01-30T15:54:00.532+0100] {dagbag.py:538} INFO - Filling up the DagBag from /home/ubuntu/.local/lib/python3.10/site-packages/airflow/example_dags/tutorial_taskflow_api.py
[2024-01-30T15:54:00.588+0100] {processor.py:840} INFO - DAG(s) 'tutorial_taskflow_api' retrieved from /home/ubuntu/.local/lib/python3.10/site-packages/airflow/example_dags/tutorial_taskflow_api.py
[2024-01-30T15:54:00.827+0100] {logging_mixin.py:188} INFO - [2024-01-30T15:54:00.827+0100] {dag.py:3033} INFO - Sync 1 DAGs
[2024-01-30T15:54:00.967+0100] {logging_mixin.py:188} INFO - [2024-01-30T15:54:00.967+0100] {dag.py:3820} INFO - Setting next_dagrun for tutorial_taskflow_api to None, run_after=None
[2024-01-30T15:54:01.262+0100] {processor.py:183} INFO - Processing /home/ubuntu/.local/lib/python3.10/site-packages/airflow/example_dags/tutorial_taskflow_api.py took 0.775 seconds
[2024-01-30T15:55:29.283+0100] {processor.py:161} INFO - Started process (PID=9859) to work on /home/ubuntu/.local/lib/python3.10/site-packages/airflow/example_dags/tutorial_taskflow_api.py
[2024-01-30T15:55:29.321+0100] {processor.py:830} INFO - Processing file /home/ubuntu/.local/lib/python3.10/site-packages/airflow/example_dags/tutorial_taskflow_api.py for tasks to queue
[2024-01-30T15:55:29.342+0100] {logging_mixin.py:188} INFO - [2024-01-30T15:55:29.330+0100] {dagbag.py:538} INFO - Filling up the DagBag from /home/ubuntu/.local/lib/python3.10/site-packages/airflow/example_dags/tutorial_taskflow_api.py
[2024-01-30T15:55:29.404+0100] {processor.py:840} INFO - DAG(s) 'tutorial_taskflow_api' retrieved from /home/ubuntu/.local/lib/python3.10/site-packages/airflow/example_dags/tutorial_taskflow_api.py
[2024-01-30T15:55:29.536+0100] {logging_mixin.py:188} INFO - [2024-01-30T15:55:29.536+0100] {dag.py:3033} INFO - Sync 1 DAGs
[2024-01-30T15:55:29.604+0100] {logging_mixin.py:188} INFO - [2024-01-30T15:55:29.603+0100] {dag.py:3820} INFO - Setting next_dagrun for tutorial_taskflow_api to None, run_after=None
[2024-01-30T15:55:29.931+0100] {processor.py:183} INFO - Processing /home/ubuntu/.local/lib/python3.10/site-packages/airflow/example_dags/tutorial_taskflow_api.py took 0.670 seconds
[2024-01-30T15:56:33.760+0100] {processor.py:161} INFO - Started process (PID=9922) to work on /home/ubuntu/.local/lib/python3.10/site-packages/airflow/example_dags/tutorial_taskflow_api.py
[2024-01-30T15:56:33.796+0100] {processor.py:830} INFO - Processing file /home/ubuntu/.local/lib/python3.10/site-packages/airflow/example_dags/tutorial_taskflow_api.py for tasks to queue
[2024-01-30T15:56:33.815+0100] {logging_mixin.py:188} INFO - [2024-01-30T15:56:33.801+0100] {dagbag.py:538} INFO - Filling up the DagBag from /home/ubuntu/.local/lib/python3.10/site-packages/airflow/example_dags/tutorial_taskflow_api.py
[2024-01-30T15:56:33.840+0100] {processor.py:840} INFO - DAG(s) 'tutorial_taskflow_api' retrieved from /home/ubuntu/.local/lib/python3.10/site-packages/airflow/example_dags/tutorial_taskflow_api.py
[2024-01-30T15:56:33.905+0100] {logging_mixin.py:188} INFO - [2024-01-30T15:56:33.904+0100] {dag.py:3033} INFO - Sync 1 DAGs
[2024-01-30T15:56:33.999+0100] {logging_mixin.py:188} INFO - [2024-01-30T15:56:33.998+0100] {dag.py:3820} INFO - Setting next_dagrun for tutorial_taskflow_api to None, run_after=None
[2024-01-30T15:56:34.199+0100] {processor.py:183} INFO - Processing /home/ubuntu/.local/lib/python3.10/site-packages/airflow/example_dags/tutorial_taskflow_api.py took 0.465 seconds
[2024-01-30T15:57:35.239+0100] {processor.py:161} INFO - Started process (PID=9985) to work on /home/ubuntu/.local/lib/python3.10/site-packages/airflow/example_dags/tutorial_taskflow_api.py
[2024-01-30T15:57:35.242+0100] {processor.py:830} INFO - Processing file /home/ubuntu/.local/lib/python3.10/site-packages/airflow/example_dags/tutorial_taskflow_api.py for tasks to queue
[2024-01-30T15:57:35.244+0100] {logging_mixin.py:188} INFO - [2024-01-30T15:57:35.243+0100] {dagbag.py:538} INFO - Filling up the DagBag from /home/ubuntu/.local/lib/python3.10/site-packages/airflow/example_dags/tutorial_taskflow_api.py
[2024-01-30T15:57:35.256+0100] {processor.py:840} INFO - DAG(s) 'tutorial_taskflow_api' retrieved from /home/ubuntu/.local/lib/python3.10/site-packages/airflow/example_dags/tutorial_taskflow_api.py
[2024-01-30T15:57:35.290+0100] {logging_mixin.py:188} INFO - [2024-01-30T15:57:35.289+0100] {dag.py:3033} INFO - Sync 1 DAGs
[2024-01-30T15:57:35.304+0100] {logging_mixin.py:188} INFO - [2024-01-30T15:57:35.304+0100] {dag.py:3820} INFO - Setting next_dagrun for tutorial_taskflow_api to None, run_after=None
[2024-01-30T15:57:35.419+0100] {processor.py:183} INFO - Processing /home/ubuntu/.local/lib/python3.10/site-packages/airflow/example_dags/tutorial_taskflow_api.py took 0.186 seconds
[2024-01-30T15:58:23.738+0100] {processor.py:161} INFO - Started process (PID=10035) to work on /home/ubuntu/.local/lib/python3.10/site-packages/airflow/example_dags/tutorial_taskflow_api.py
[2024-01-30T15:58:23.742+0100] {processor.py:830} INFO - Processing file /home/ubuntu/.local/lib/python3.10/site-packages/airflow/example_dags/tutorial_taskflow_api.py for tasks to queue
[2024-01-30T15:58:23.749+0100] {logging_mixin.py:188} INFO - [2024-01-30T15:58:23.748+0100] {dagbag.py:538} INFO - Filling up the DagBag from /home/ubuntu/.local/lib/python3.10/site-packages/airflow/example_dags/tutorial_taskflow_api.py
[2024-01-30T15:58:23.771+0100] {processor.py:840} INFO - DAG(s) 'tutorial_taskflow_api' retrieved from /home/ubuntu/.local/lib/python3.10/site-packages/airflow/example_dags/tutorial_taskflow_api.py
[2024-01-30T15:58:23.859+0100] {logging_mixin.py:188} INFO - [2024-01-30T15:58:23.859+0100] {dag.py:3033} INFO - Sync 1 DAGs
[2024-01-30T15:58:23.919+0100] {logging_mixin.py:188} INFO - [2024-01-30T15:58:23.918+0100] {dag.py:3820} INFO - Setting next_dagrun for tutorial_taskflow_api to None, run_after=None
[2024-01-30T15:58:24.263+0100] {processor.py:183} INFO - Processing /home/ubuntu/.local/lib/python3.10/site-packages/airflow/example_dags/tutorial_taskflow_api.py took 0.533 seconds
[2024-01-30T15:59:18.389+0100] {processor.py:161} INFO - Started process (PID=10081) to work on /home/ubuntu/.local/lib/python3.10/site-packages/airflow/example_dags/tutorial_taskflow_api.py
[2024-01-30T15:59:18.412+0100] {processor.py:830} INFO - Processing file /home/ubuntu/.local/lib/python3.10/site-packages/airflow/example_dags/tutorial_taskflow_api.py for tasks to queue
[2024-01-30T15:59:18.418+0100] {logging_mixin.py:188} INFO - [2024-01-30T15:59:18.413+0100] {dagbag.py:538} INFO - Filling up the DagBag from /home/ubuntu/.local/lib/python3.10/site-packages/airflow/example_dags/tutorial_taskflow_api.py
[2024-01-30T15:59:18.473+0100] {processor.py:840} INFO - DAG(s) 'tutorial_taskflow_api' retrieved from /home/ubuntu/.local/lib/python3.10/site-packages/airflow/example_dags/tutorial_taskflow_api.py
[2024-01-30T15:59:18.531+0100] {logging_mixin.py:188} INFO - [2024-01-30T15:59:18.531+0100] {dag.py:3033} INFO - Sync 1 DAGs
[2024-01-30T15:59:18.591+0100] {logging_mixin.py:188} INFO - [2024-01-30T15:59:18.591+0100] {dag.py:3820} INFO - Setting next_dagrun for tutorial_taskflow_api to None, run_after=None
[2024-01-30T15:59:18.899+0100] {processor.py:183} INFO - Processing /home/ubuntu/.local/lib/python3.10/site-packages/airflow/example_dags/tutorial_taskflow_api.py took 0.591 seconds
[2024-01-30T16:00:08.077+0100] {processor.py:161} INFO - Started process (PID=10139) to work on /home/ubuntu/.local/lib/python3.10/site-packages/airflow/example_dags/tutorial_taskflow_api.py
[2024-01-30T16:00:08.079+0100] {processor.py:830} INFO - Processing file /home/ubuntu/.local/lib/python3.10/site-packages/airflow/example_dags/tutorial_taskflow_api.py for tasks to queue
[2024-01-30T16:00:08.080+0100] {logging_mixin.py:188} INFO - [2024-01-30T16:00:08.080+0100] {dagbag.py:538} INFO - Filling up the DagBag from /home/ubuntu/.local/lib/python3.10/site-packages/airflow/example_dags/tutorial_taskflow_api.py
[2024-01-30T16:00:08.092+0100] {processor.py:840} INFO - DAG(s) 'tutorial_taskflow_api' retrieved from /home/ubuntu/.local/lib/python3.10/site-packages/airflow/example_dags/tutorial_taskflow_api.py
[2024-01-30T16:00:08.115+0100] {logging_mixin.py:188} INFO - [2024-01-30T16:00:08.114+0100] {dag.py:3033} INFO - Sync 1 DAGs
[2024-01-30T16:00:08.128+0100] {logging_mixin.py:188} INFO - [2024-01-30T16:00:08.128+0100] {dag.py:3820} INFO - Setting next_dagrun for tutorial_taskflow_api to None, run_after=None
[2024-01-30T16:00:08.160+0100] {processor.py:183} INFO - Processing /home/ubuntu/.local/lib/python3.10/site-packages/airflow/example_dags/tutorial_taskflow_api.py took 0.087 seconds
[2024-01-30T16:01:03.344+0100] {processor.py:161} INFO - Started process (PID=10197) to work on /home/ubuntu/.local/lib/python3.10/site-packages/airflow/example_dags/tutorial_taskflow_api.py
[2024-01-30T16:01:03.346+0100] {processor.py:830} INFO - Processing file /home/ubuntu/.local/lib/python3.10/site-packages/airflow/example_dags/tutorial_taskflow_api.py for tasks to queue
[2024-01-30T16:01:03.348+0100] {logging_mixin.py:188} INFO - [2024-01-30T16:01:03.347+0100] {dagbag.py:538} INFO - Filling up the DagBag from /home/ubuntu/.local/lib/python3.10/site-packages/airflow/example_dags/tutorial_taskflow_api.py
[2024-01-30T16:01:03.355+0100] {processor.py:840} INFO - DAG(s) 'tutorial_taskflow_api' retrieved from /home/ubuntu/.local/lib/python3.10/site-packages/airflow/example_dags/tutorial_taskflow_api.py
[2024-01-30T16:01:03.374+0100] {logging_mixin.py:188} INFO - [2024-01-30T16:01:03.374+0100] {dag.py:3033} INFO - Sync 1 DAGs
[2024-01-30T16:01:03.387+0100] {logging_mixin.py:188} INFO - [2024-01-30T16:01:03.387+0100] {dag.py:3820} INFO - Setting next_dagrun for tutorial_taskflow_api to None, run_after=None
[2024-01-30T16:01:03.430+0100] {processor.py:183} INFO - Processing /home/ubuntu/.local/lib/python3.10/site-packages/airflow/example_dags/tutorial_taskflow_api.py took 0.090 seconds
[2024-01-30T16:02:00.553+0100] {processor.py:161} INFO - Started process (PID=10258) to work on /home/ubuntu/.local/lib/python3.10/site-packages/airflow/example_dags/tutorial_taskflow_api.py
[2024-01-30T16:02:00.555+0100] {processor.py:830} INFO - Processing file /home/ubuntu/.local/lib/python3.10/site-packages/airflow/example_dags/tutorial_taskflow_api.py for tasks to queue
[2024-01-30T16:02:00.558+0100] {logging_mixin.py:188} INFO - [2024-01-30T16:02:00.557+0100] {dagbag.py:538} INFO - Filling up the DagBag from /home/ubuntu/.local/lib/python3.10/site-packages/airflow/example_dags/tutorial_taskflow_api.py
[2024-01-30T16:02:00.571+0100] {processor.py:840} INFO - DAG(s) 'tutorial_taskflow_api' retrieved from /home/ubuntu/.local/lib/python3.10/site-packages/airflow/example_dags/tutorial_taskflow_api.py
[2024-01-30T16:02:00.598+0100] {logging_mixin.py:188} INFO - [2024-01-30T16:02:00.598+0100] {dag.py:3033} INFO - Sync 1 DAGs
[2024-01-30T16:02:00.617+0100] {logging_mixin.py:188} INFO - [2024-01-30T16:02:00.617+0100] {dag.py:3820} INFO - Setting next_dagrun for tutorial_taskflow_api to None, run_after=None
[2024-01-30T16:02:00.708+0100] {processor.py:183} INFO - Processing /home/ubuntu/.local/lib/python3.10/site-packages/airflow/example_dags/tutorial_taskflow_api.py took 0.164 seconds
[2024-01-30T16:02:49.739+0100] {processor.py:161} INFO - Started process (PID=10308) to work on /home/ubuntu/.local/lib/python3.10/site-packages/airflow/example_dags/tutorial_taskflow_api.py
[2024-01-30T16:02:49.770+0100] {processor.py:830} INFO - Processing file /home/ubuntu/.local/lib/python3.10/site-packages/airflow/example_dags/tutorial_taskflow_api.py for tasks to queue
[2024-01-30T16:02:49.787+0100] {logging_mixin.py:188} INFO - [2024-01-30T16:02:49.786+0100] {dagbag.py:538} INFO - Filling up the DagBag from /home/ubuntu/.local/lib/python3.10/site-packages/airflow/example_dags/tutorial_taskflow_api.py
[2024-01-30T16:02:49.813+0100] {processor.py:840} INFO - DAG(s) 'tutorial_taskflow_api' retrieved from /home/ubuntu/.local/lib/python3.10/site-packages/airflow/example_dags/tutorial_taskflow_api.py
[2024-01-30T16:02:49.912+0100] {logging_mixin.py:188} INFO - [2024-01-30T16:02:49.912+0100] {dag.py:3033} INFO - Sync 1 DAGs
[2024-01-30T16:02:50.002+0100] {logging_mixin.py:188} INFO - [2024-01-30T16:02:49.993+0100] {dag.py:3820} INFO - Setting next_dagrun for tutorial_taskflow_api to None, run_after=None
[2024-01-30T16:02:50.332+0100] {processor.py:183} INFO - Processing /home/ubuntu/.local/lib/python3.10/site-packages/airflow/example_dags/tutorial_taskflow_api.py took 0.634 seconds
[2024-01-30T16:03:36.204+0100] {processor.py:161} INFO - Started process (PID=10355) to work on /home/ubuntu/.local/lib/python3.10/site-packages/airflow/example_dags/tutorial_taskflow_api.py
[2024-01-30T16:03:36.210+0100] {processor.py:830} INFO - Processing file /home/ubuntu/.local/lib/python3.10/site-packages/airflow/example_dags/tutorial_taskflow_api.py for tasks to queue
[2024-01-30T16:03:36.212+0100] {logging_mixin.py:188} INFO - [2024-01-30T16:03:36.211+0100] {dagbag.py:538} INFO - Filling up the DagBag from /home/ubuntu/.local/lib/python3.10/site-packages/airflow/example_dags/tutorial_taskflow_api.py
[2024-01-30T16:03:36.270+0100] {processor.py:840} INFO - DAG(s) 'tutorial_taskflow_api' retrieved from /home/ubuntu/.local/lib/python3.10/site-packages/airflow/example_dags/tutorial_taskflow_api.py
[2024-01-30T16:03:36.393+0100] {logging_mixin.py:188} INFO - [2024-01-30T16:03:36.393+0100] {dag.py:3033} INFO - Sync 1 DAGs
[2024-01-30T16:03:36.445+0100] {logging_mixin.py:188} INFO - [2024-01-30T16:03:36.445+0100] {dag.py:3820} INFO - Setting next_dagrun for tutorial_taskflow_api to None, run_after=None
[2024-01-30T16:03:36.578+0100] {processor.py:183} INFO - Processing /home/ubuntu/.local/lib/python3.10/site-packages/airflow/example_dags/tutorial_taskflow_api.py took 0.454 seconds
[2024-01-30T16:04:26.667+0100] {processor.py:161} INFO - Started process (PID=10412) to work on /home/ubuntu/.local/lib/python3.10/site-packages/airflow/example_dags/tutorial_taskflow_api.py
[2024-01-30T16:04:26.670+0100] {processor.py:830} INFO - Processing file /home/ubuntu/.local/lib/python3.10/site-packages/airflow/example_dags/tutorial_taskflow_api.py for tasks to queue
[2024-01-30T16:04:26.673+0100] {logging_mixin.py:188} INFO - [2024-01-30T16:04:26.672+0100] {dagbag.py:538} INFO - Filling up the DagBag from /home/ubuntu/.local/lib/python3.10/site-packages/airflow/example_dags/tutorial_taskflow_api.py
[2024-01-30T16:04:26.687+0100] {processor.py:840} INFO - DAG(s) 'tutorial_taskflow_api' retrieved from /home/ubuntu/.local/lib/python3.10/site-packages/airflow/example_dags/tutorial_taskflow_api.py
[2024-01-30T16:04:26.716+0100] {logging_mixin.py:188} INFO - [2024-01-30T16:04:26.715+0100] {dag.py:3033} INFO - Sync 1 DAGs
[2024-01-30T16:04:26.734+0100] {logging_mixin.py:188} INFO - [2024-01-30T16:04:26.734+0100] {dag.py:3820} INFO - Setting next_dagrun for tutorial_taskflow_api to None, run_after=None
[2024-01-30T16:04:26.777+0100] {processor.py:183} INFO - Processing /home/ubuntu/.local/lib/python3.10/site-packages/airflow/example_dags/tutorial_taskflow_api.py took 0.116 seconds
[2024-01-30T16:05:20.398+0100] {processor.py:161} INFO - Started process (PID=10456) to work on /home/ubuntu/.local/lib/python3.10/site-packages/airflow/example_dags/tutorial_taskflow_api.py
[2024-01-30T16:05:20.419+0100] {processor.py:830} INFO - Processing file /home/ubuntu/.local/lib/python3.10/site-packages/airflow/example_dags/tutorial_taskflow_api.py for tasks to queue
[2024-01-30T16:05:20.422+0100] {logging_mixin.py:188} INFO - [2024-01-30T16:05:20.421+0100] {dagbag.py:538} INFO - Filling up the DagBag from /home/ubuntu/.local/lib/python3.10/site-packages/airflow/example_dags/tutorial_taskflow_api.py
[2024-01-30T16:05:20.457+0100] {processor.py:840} INFO - DAG(s) 'tutorial_taskflow_api' retrieved from /home/ubuntu/.local/lib/python3.10/site-packages/airflow/example_dags/tutorial_taskflow_api.py
[2024-01-30T16:05:20.770+0100] {logging_mixin.py:188} INFO - [2024-01-30T16:05:20.769+0100] {dag.py:3033} INFO - Sync 1 DAGs
[2024-01-30T16:05:20.913+0100] {logging_mixin.py:188} INFO - [2024-01-30T16:05:20.906+0100] {dag.py:3820} INFO - Setting next_dagrun for tutorial_taskflow_api to None, run_after=None
[2024-01-30T16:05:21.114+0100] {processor.py:183} INFO - Processing /home/ubuntu/.local/lib/python3.10/site-packages/airflow/example_dags/tutorial_taskflow_api.py took 0.742 seconds
[2024-01-30T16:06:07.680+0100] {processor.py:161} INFO - Started process (PID=10500) to work on /home/ubuntu/.local/lib/python3.10/site-packages/airflow/example_dags/tutorial_taskflow_api.py
[2024-01-30T16:06:07.683+0100] {processor.py:830} INFO - Processing file /home/ubuntu/.local/lib/python3.10/site-packages/airflow/example_dags/tutorial_taskflow_api.py for tasks to queue
[2024-01-30T16:06:07.685+0100] {logging_mixin.py:188} INFO - [2024-01-30T16:06:07.685+0100] {dagbag.py:538} INFO - Filling up the DagBag from /home/ubuntu/.local/lib/python3.10/site-packages/airflow/example_dags/tutorial_taskflow_api.py
[2024-01-30T16:06:07.693+0100] {processor.py:840} INFO - DAG(s) 'tutorial_taskflow_api' retrieved from /home/ubuntu/.local/lib/python3.10/site-packages/airflow/example_dags/tutorial_taskflow_api.py
[2024-01-30T16:06:07.712+0100] {logging_mixin.py:188} INFO - [2024-01-30T16:06:07.712+0100] {dag.py:3033} INFO - Sync 1 DAGs
[2024-01-30T16:06:07.725+0100] {logging_mixin.py:188} INFO - [2024-01-30T16:06:07.724+0100] {dag.py:3820} INFO - Setting next_dagrun for tutorial_taskflow_api to None, run_after=None
[2024-01-30T16:06:07.904+0100] {processor.py:183} INFO - Processing /home/ubuntu/.local/lib/python3.10/site-packages/airflow/example_dags/tutorial_taskflow_api.py took 0.227 seconds
