[2024-02-02T16:06:41.564+0100] {taskinstance.py:1957} INFO - Dependencies all met for dep_context=non-requeueable deps ti=<TaskInstance: MyDag.spark_job scheduled__2022-01-02T00:00:00+00:00 [queued]>
[2024-02-02T16:06:41.608+0100] {taskinstance.py:1957} INFO - Dependencies all met for dep_context=requeueable deps ti=<TaskInstance: MyDag.spark_job scheduled__2022-01-02T00:00:00+00:00 [queued]>
[2024-02-02T16:06:41.609+0100] {taskinstance.py:2171} INFO - Starting attempt 1 of 2
[2024-02-02T16:06:41.989+0100] {taskinstance.py:2192} INFO - Executing <Task(SparkSubmitOperator): spark_job> on 2022-01-02 00:00:00+00:00
[2024-02-02T16:06:42.098+0100] {standard_task_runner.py:60} INFO - Started process 6510 to run task
[2024-02-02T16:06:42.135+0100] {standard_task_runner.py:87} INFO - Running: ['airflow', 'tasks', 'run', 'MyDag', 'spark_job', 'scheduled__2022-01-02T00:00:00+00:00', '--job-id', '27', '--raw', '--subdir', 'DAGS_FOLDER/FilmDag.py', '--cfg-path', '/tmp/tmp_zbsp4mt']
[2024-02-02T16:06:42.153+0100] {standard_task_runner.py:88} INFO - Job 27: Subtask spark_job
[2024-02-02T16:06:42.551+0100] {task_command.py:423} INFO - Running <TaskInstance: MyDag.spark_job scheduled__2022-01-02T00:00:00+00:00 [running]> on host ubuntu.ubuntu.virtualbox.org
[2024-02-02T16:06:43.642+0100] {taskinstance.py:2481} INFO - Exporting env vars: AIRFLOW_CTX_DAG_OWNER='airflow' AIRFLOW_CTX_DAG_ID='MyDag' AIRFLOW_CTX_TASK_ID='spark_job' AIRFLOW_CTX_EXECUTION_DATE='2022-01-02T00:00:00+00:00' AIRFLOW_CTX_TRY_NUMBER='1' AIRFLOW_CTX_DAG_RUN_ID='scheduled__2022-01-02T00:00:00+00:00'
[2024-02-02T16:06:43.724+0100] {base.py:83} INFO - Using connection ID 'spark_default' for task execution.
[2024-02-02T16:06:43.765+0100] {spark_submit.py:401} INFO - Spark-Submit cmd: spark-submit --master local[*] --num-executors 2 --total-executor-cores 2 --executor-cores 1 --executor-memory 2g --name arrow-spark --class main.scala.chapter2.MovieAnalysis --verbose --queue root.default /home/ubuntu/Downloads/mnmcount/scala/target/scala-2.12/main-scala-mnmc_2.12-1.0.jar
[2024-02-02T16:07:46.126+0100] {spark_submit.py:571} INFO - Using properties file: null
[2024-02-02T16:07:47.870+0100] {spark_submit.py:571} INFO - 24/02/02 16:07:47 WARN Utils: Your hostname, ubuntu resolves to a loopback address: 127.0.1.1; using 10.0.2.15 instead (on interface enp0s3)
[2024-02-02T16:07:47.877+0100] {spark_submit.py:571} INFO - 24/02/02 16:07:47 WARN Utils: Set SPARK_LOCAL_IP if you need to bind to another address
[2024-02-02T16:07:48.805+0100] {spark_submit.py:571} INFO - Parsed arguments:
[2024-02-02T16:07:48.805+0100] {spark_submit.py:571} INFO - master                  local[*]
[2024-02-02T16:07:48.806+0100] {spark_submit.py:571} INFO - deployMode              null
[2024-02-02T16:07:48.806+0100] {spark_submit.py:571} INFO - executorMemory          2g
[2024-02-02T16:07:48.806+0100] {spark_submit.py:571} INFO - executorCores           1
[2024-02-02T16:07:48.823+0100] {spark_submit.py:571} INFO - totalExecutorCores      2
[2024-02-02T16:07:48.823+0100] {spark_submit.py:571} INFO - propertiesFile          null
[2024-02-02T16:07:48.823+0100] {spark_submit.py:571} INFO - driverMemory            null
[2024-02-02T16:07:48.824+0100] {spark_submit.py:571} INFO - driverCores             null
[2024-02-02T16:07:48.824+0100] {spark_submit.py:571} INFO - driverExtraClassPath    null
[2024-02-02T16:07:48.824+0100] {spark_submit.py:571} INFO - driverExtraLibraryPath  null
[2024-02-02T16:07:48.824+0100] {spark_submit.py:571} INFO - driverExtraJavaOptions  null
[2024-02-02T16:07:48.824+0100] {spark_submit.py:571} INFO - supervise               false
[2024-02-02T16:07:48.824+0100] {spark_submit.py:571} INFO - queue                   root.default
[2024-02-02T16:07:48.824+0100] {spark_submit.py:571} INFO - numExecutors            2
[2024-02-02T16:07:48.824+0100] {spark_submit.py:571} INFO - files                   null
[2024-02-02T16:07:48.825+0100] {spark_submit.py:571} INFO - pyFiles                 null
[2024-02-02T16:07:48.829+0100] {spark_submit.py:571} INFO - archives                null
[2024-02-02T16:07:48.829+0100] {spark_submit.py:571} INFO - mainClass               main.scala.chapter2.MovieAnalysis
[2024-02-02T16:07:48.829+0100] {spark_submit.py:571} INFO - primaryResource         file:/home/ubuntu/Downloads/mnmcount/scala/target/scala-2.12/main-scala-mnmc_2.12-1.0.jar
[2024-02-02T16:07:48.829+0100] {spark_submit.py:571} INFO - name                    arrow-spark
[2024-02-02T16:07:48.829+0100] {spark_submit.py:571} INFO - childArgs               []
[2024-02-02T16:07:48.829+0100] {spark_submit.py:571} INFO - jars                    null
[2024-02-02T16:07:48.829+0100] {spark_submit.py:571} INFO - packages                null
[2024-02-02T16:07:48.830+0100] {spark_submit.py:571} INFO - packagesExclusions      null
[2024-02-02T16:07:48.830+0100] {spark_submit.py:571} INFO - repositories            null
[2024-02-02T16:07:48.830+0100] {spark_submit.py:571} INFO - verbose                 true
[2024-02-02T16:07:48.830+0100] {spark_submit.py:571} INFO - 
[2024-02-02T16:07:48.830+0100] {spark_submit.py:571} INFO - Spark properties used, including those specified through
[2024-02-02T16:07:48.830+0100] {spark_submit.py:571} INFO - --conf and those from the properties file null:
[2024-02-02T16:07:48.830+0100] {spark_submit.py:571} INFO - 
[2024-02-02T16:07:48.830+0100] {spark_submit.py:571} INFO - 
[2024-02-02T16:07:48.830+0100] {spark_submit.py:571} INFO - 
[2024-02-02T16:07:56.043+0100] {spark_submit.py:571} INFO - Main class:
[2024-02-02T16:07:56.044+0100] {spark_submit.py:571} INFO - main.scala.chapter2.MovieAnalysis
[2024-02-02T16:07:56.050+0100] {spark_submit.py:571} INFO - Arguments:
[2024-02-02T16:07:56.050+0100] {spark_submit.py:571} INFO - 
[2024-02-02T16:07:56.070+0100] {spark_submit.py:571} INFO - Spark config:
[2024-02-02T16:07:56.070+0100] {spark_submit.py:571} INFO - (spark.app.name,arrow-spark)
[2024-02-02T16:07:56.071+0100] {spark_submit.py:571} INFO - (spark.app.submitTime,1706886475763)
[2024-02-02T16:07:56.071+0100] {spark_submit.py:571} INFO - (spark.jars,file:/home/ubuntu/Downloads/mnmcount/scala/target/scala-2.12/main-scala-mnmc_2.12-1.0.jar)
[2024-02-02T16:07:56.071+0100] {spark_submit.py:571} INFO - (spark.master,local[*])
[2024-02-02T16:07:56.072+0100] {spark_submit.py:571} INFO - (spark.submit.deployMode,client)
[2024-02-02T16:07:56.072+0100] {spark_submit.py:571} INFO - (spark.submit.pyFiles,)
[2024-02-02T16:07:56.073+0100] {spark_submit.py:571} INFO - Classpath elements:
[2024-02-02T16:07:56.073+0100] {spark_submit.py:571} INFO - file:/home/ubuntu/Downloads/mnmcount/scala/target/scala-2.12/main-scala-mnmc_2.12-1.0.jar
[2024-02-02T16:07:56.075+0100] {spark_submit.py:571} INFO - 
[2024-02-02T16:07:56.075+0100] {spark_submit.py:571} INFO - 
[2024-02-02T16:07:56.092+0100] {spark_submit.py:571} INFO - Error: Failed to load class main.scala.chapter2.MovieAnalysis.
[2024-02-02T16:07:56.449+0100] {spark_submit.py:571} INFO - 24/02/02 16:07:56 INFO ShutdownHookManager: Shutdown hook called
[2024-02-02T16:07:56.614+0100] {spark_submit.py:571} INFO - 24/02/02 16:07:56 INFO ShutdownHookManager: Deleting directory /tmp/spark-f9989ad6-a250-4f9c-a114-7f376a0df0f3
[2024-02-02T16:07:57.233+0100] {taskinstance.py:2699} ERROR - Task failed with exception
Traceback (most recent call last):
  File "/home/ubuntu/.local/lib/python3.10/site-packages/airflow/models/taskinstance.py", line 433, in _execute_task
    result = execute_callable(context=context, **execute_callable_kwargs)
  File "/home/ubuntu/.local/lib/python3.10/site-packages/airflow/providers/apache/spark/operators/spark_submit.py", line 174, in execute
    self._hook.submit(self._application)
  File "/home/ubuntu/.local/lib/python3.10/site-packages/airflow/providers/apache/spark/hooks/spark_submit.py", line 502, in submit
    raise AirflowException(
airflow.exceptions.AirflowException: Cannot execute: spark-submit --master local[*] --num-executors 2 --total-executor-cores 2 --executor-cores 1 --executor-memory 2g --name arrow-spark --class main.scala.chapter2.MovieAnalysis --verbose --queue root.default /home/ubuntu/Downloads/mnmcount/scala/target/scala-2.12/main-scala-mnmc_2.12-1.0.jar. Error code is: 101.
[2024-02-02T16:07:57.328+0100] {taskinstance.py:1138} INFO - Marking task as UP_FOR_RETRY. dag_id=MyDag, task_id=spark_job, execution_date=20220102T000000, start_date=20240202T150641, end_date=20240202T150757
[2024-02-02T16:07:57.434+0100] {standard_task_runner.py:107} ERROR - Failed to execute job 27 for task spark_job (Cannot execute: spark-submit --master local[*] --num-executors 2 --total-executor-cores 2 --executor-cores 1 --executor-memory 2g --name arrow-spark --class main.scala.chapter2.MovieAnalysis --verbose --queue root.default /home/ubuntu/Downloads/mnmcount/scala/target/scala-2.12/main-scala-mnmc_2.12-1.0.jar. Error code is: 101.; 6510)
[2024-02-02T16:07:57.461+0100] {local_task_job_runner.py:234} INFO - Task exited with return code 1
[2024-02-02T16:07:57.528+0100] {taskinstance.py:3281} INFO - 0 downstream tasks scheduled from follow-on schedule check
