[2024-01-29T19:54:10.821+0100] {processor.py:161} INFO - Started process (PID=7827) to work on /home/ubuntu/.local/lib/python3.10/site-packages/airflow/example_dags/plugins/event_listener.py
[2024-01-29T19:54:10.822+0100] {processor.py:830} INFO - Processing file /home/ubuntu/.local/lib/python3.10/site-packages/airflow/example_dags/plugins/event_listener.py for tasks to queue
[2024-01-29T19:54:10.823+0100] {logging_mixin.py:188} INFO - [2024-01-29T19:54:10.823+0100] {dagbag.py:538} INFO - Filling up the DagBag from /home/ubuntu/.local/lib/python3.10/site-packages/airflow/example_dags/plugins/event_listener.py
[2024-01-29T19:54:10.826+0100] {processor.py:842} WARNING - No viable dags retrieved from /home/ubuntu/.local/lib/python3.10/site-packages/airflow/example_dags/plugins/event_listener.py
[2024-01-29T19:54:10.848+0100] {processor.py:183} INFO - Processing /home/ubuntu/.local/lib/python3.10/site-packages/airflow/example_dags/plugins/event_listener.py took 0.031 seconds
[2024-01-29T19:55:32.974+0100] {processor.py:161} INFO - Started process (PID=7941) to work on /home/ubuntu/.local/lib/python3.10/site-packages/airflow/example_dags/plugins/event_listener.py
[2024-01-29T19:55:32.979+0100] {processor.py:830} INFO - Processing file /home/ubuntu/.local/lib/python3.10/site-packages/airflow/example_dags/plugins/event_listener.py for tasks to queue
[2024-01-29T19:55:32.981+0100] {logging_mixin.py:188} INFO - [2024-01-29T19:55:32.980+0100] {dagbag.py:538} INFO - Filling up the DagBag from /home/ubuntu/.local/lib/python3.10/site-packages/airflow/example_dags/plugins/event_listener.py
[2024-01-29T19:55:32.986+0100] {processor.py:842} WARNING - No viable dags retrieved from /home/ubuntu/.local/lib/python3.10/site-packages/airflow/example_dags/plugins/event_listener.py
[2024-01-29T19:55:33.005+0100] {processor.py:183} INFO - Processing /home/ubuntu/.local/lib/python3.10/site-packages/airflow/example_dags/plugins/event_listener.py took 0.035 seconds
[2024-01-29T19:56:53.321+0100] {processor.py:161} INFO - Started process (PID=8018) to work on /home/ubuntu/.local/lib/python3.10/site-packages/airflow/example_dags/plugins/event_listener.py
[2024-01-29T19:56:53.323+0100] {processor.py:830} INFO - Processing file /home/ubuntu/.local/lib/python3.10/site-packages/airflow/example_dags/plugins/event_listener.py for tasks to queue
[2024-01-29T19:56:53.324+0100] {logging_mixin.py:188} INFO - [2024-01-29T19:56:53.324+0100] {dagbag.py:538} INFO - Filling up the DagBag from /home/ubuntu/.local/lib/python3.10/site-packages/airflow/example_dags/plugins/event_listener.py
[2024-01-29T19:56:53.326+0100] {processor.py:842} WARNING - No viable dags retrieved from /home/ubuntu/.local/lib/python3.10/site-packages/airflow/example_dags/plugins/event_listener.py
[2024-01-29T19:56:53.339+0100] {processor.py:183} INFO - Processing /home/ubuntu/.local/lib/python3.10/site-packages/airflow/example_dags/plugins/event_listener.py took 0.023 seconds
[2024-01-29T19:57:49.041+0100] {processor.py:161} INFO - Started process (PID=8075) to work on /home/ubuntu/.local/lib/python3.10/site-packages/airflow/example_dags/plugins/event_listener.py
[2024-01-29T19:57:49.043+0100] {processor.py:830} INFO - Processing file /home/ubuntu/.local/lib/python3.10/site-packages/airflow/example_dags/plugins/event_listener.py for tasks to queue
[2024-01-29T19:57:49.044+0100] {logging_mixin.py:188} INFO - [2024-01-29T19:57:49.044+0100] {dagbag.py:538} INFO - Filling up the DagBag from /home/ubuntu/.local/lib/python3.10/site-packages/airflow/example_dags/plugins/event_listener.py
[2024-01-29T19:57:49.046+0100] {processor.py:842} WARNING - No viable dags retrieved from /home/ubuntu/.local/lib/python3.10/site-packages/airflow/example_dags/plugins/event_listener.py
[2024-01-29T19:57:49.059+0100] {processor.py:183} INFO - Processing /home/ubuntu/.local/lib/python3.10/site-packages/airflow/example_dags/plugins/event_listener.py took 0.022 seconds
[2024-01-29T19:58:40.175+0100] {processor.py:161} INFO - Started process (PID=8132) to work on /home/ubuntu/.local/lib/python3.10/site-packages/airflow/example_dags/plugins/event_listener.py
[2024-01-29T19:58:40.177+0100] {processor.py:830} INFO - Processing file /home/ubuntu/.local/lib/python3.10/site-packages/airflow/example_dags/plugins/event_listener.py for tasks to queue
[2024-01-29T19:58:40.178+0100] {logging_mixin.py:188} INFO - [2024-01-29T19:58:40.178+0100] {dagbag.py:538} INFO - Filling up the DagBag from /home/ubuntu/.local/lib/python3.10/site-packages/airflow/example_dags/plugins/event_listener.py
[2024-01-29T19:58:40.181+0100] {processor.py:842} WARNING - No viable dags retrieved from /home/ubuntu/.local/lib/python3.10/site-packages/airflow/example_dags/plugins/event_listener.py
[2024-01-29T19:58:40.193+0100] {processor.py:183} INFO - Processing /home/ubuntu/.local/lib/python3.10/site-packages/airflow/example_dags/plugins/event_listener.py took 0.022 seconds
[2024-01-29T19:59:21.287+0100] {processor.py:161} INFO - Started process (PID=8182) to work on /home/ubuntu/.local/lib/python3.10/site-packages/airflow/example_dags/plugins/event_listener.py
[2024-01-29T19:59:21.289+0100] {processor.py:830} INFO - Processing file /home/ubuntu/.local/lib/python3.10/site-packages/airflow/example_dags/plugins/event_listener.py for tasks to queue
[2024-01-29T19:59:21.291+0100] {logging_mixin.py:188} INFO - [2024-01-29T19:59:21.290+0100] {dagbag.py:538} INFO - Filling up the DagBag from /home/ubuntu/.local/lib/python3.10/site-packages/airflow/example_dags/plugins/event_listener.py
[2024-01-29T19:59:21.295+0100] {processor.py:842} WARNING - No viable dags retrieved from /home/ubuntu/.local/lib/python3.10/site-packages/airflow/example_dags/plugins/event_listener.py
[2024-01-29T19:59:21.310+0100] {processor.py:183} INFO - Processing /home/ubuntu/.local/lib/python3.10/site-packages/airflow/example_dags/plugins/event_listener.py took 0.029 seconds
[2024-01-29T20:00:41.610+0100] {processor.py:161} INFO - Started process (PID=8259) to work on /home/ubuntu/.local/lib/python3.10/site-packages/airflow/example_dags/plugins/event_listener.py
[2024-01-29T20:00:41.612+0100] {processor.py:830} INFO - Processing file /home/ubuntu/.local/lib/python3.10/site-packages/airflow/example_dags/plugins/event_listener.py for tasks to queue
[2024-01-29T20:00:41.613+0100] {logging_mixin.py:188} INFO - [2024-01-29T20:00:41.613+0100] {dagbag.py:538} INFO - Filling up the DagBag from /home/ubuntu/.local/lib/python3.10/site-packages/airflow/example_dags/plugins/event_listener.py
[2024-01-29T20:00:41.616+0100] {processor.py:842} WARNING - No viable dags retrieved from /home/ubuntu/.local/lib/python3.10/site-packages/airflow/example_dags/plugins/event_listener.py
[2024-01-29T20:00:41.626+0100] {processor.py:183} INFO - Processing /home/ubuntu/.local/lib/python3.10/site-packages/airflow/example_dags/plugins/event_listener.py took 0.018 seconds
[2024-01-29T20:01:33.275+0100] {processor.py:161} INFO - Started process (PID=8316) to work on /home/ubuntu/.local/lib/python3.10/site-packages/airflow/example_dags/plugins/event_listener.py
[2024-01-29T20:01:33.277+0100] {processor.py:830} INFO - Processing file /home/ubuntu/.local/lib/python3.10/site-packages/airflow/example_dags/plugins/event_listener.py for tasks to queue
[2024-01-29T20:01:33.278+0100] {logging_mixin.py:188} INFO - [2024-01-29T20:01:33.278+0100] {dagbag.py:538} INFO - Filling up the DagBag from /home/ubuntu/.local/lib/python3.10/site-packages/airflow/example_dags/plugins/event_listener.py
[2024-01-29T20:01:33.282+0100] {processor.py:842} WARNING - No viable dags retrieved from /home/ubuntu/.local/lib/python3.10/site-packages/airflow/example_dags/plugins/event_listener.py
[2024-01-29T20:01:33.295+0100] {processor.py:183} INFO - Processing /home/ubuntu/.local/lib/python3.10/site-packages/airflow/example_dags/plugins/event_listener.py took 0.023 seconds
[2024-01-29T20:02:18.118+0100] {processor.py:161} INFO - Started process (PID=8367) to work on /home/ubuntu/.local/lib/python3.10/site-packages/airflow/example_dags/plugins/event_listener.py
[2024-01-29T20:02:18.120+0100] {processor.py:830} INFO - Processing file /home/ubuntu/.local/lib/python3.10/site-packages/airflow/example_dags/plugins/event_listener.py for tasks to queue
[2024-01-29T20:02:18.122+0100] {logging_mixin.py:188} INFO - [2024-01-29T20:02:18.121+0100] {dagbag.py:538} INFO - Filling up the DagBag from /home/ubuntu/.local/lib/python3.10/site-packages/airflow/example_dags/plugins/event_listener.py
[2024-01-29T20:02:18.125+0100] {processor.py:842} WARNING - No viable dags retrieved from /home/ubuntu/.local/lib/python3.10/site-packages/airflow/example_dags/plugins/event_listener.py
[2024-01-29T20:02:18.139+0100] {processor.py:183} INFO - Processing /home/ubuntu/.local/lib/python3.10/site-packages/airflow/example_dags/plugins/event_listener.py took 0.026 seconds
[2024-01-29T20:03:24.420+0100] {processor.py:161} INFO - Started process (PID=8473) to work on /home/ubuntu/.local/lib/python3.10/site-packages/airflow/example_dags/plugins/event_listener.py
[2024-01-29T20:03:24.423+0100] {processor.py:830} INFO - Processing file /home/ubuntu/.local/lib/python3.10/site-packages/airflow/example_dags/plugins/event_listener.py for tasks to queue
[2024-01-29T20:03:24.424+0100] {logging_mixin.py:188} INFO - [2024-01-29T20:03:24.424+0100] {dagbag.py:538} INFO - Filling up the DagBag from /home/ubuntu/.local/lib/python3.10/site-packages/airflow/example_dags/plugins/event_listener.py
[2024-01-29T20:03:24.437+0100] {processor.py:842} WARNING - No viable dags retrieved from /home/ubuntu/.local/lib/python3.10/site-packages/airflow/example_dags/plugins/event_listener.py
[2024-01-29T20:03:24.451+0100] {processor.py:183} INFO - Processing /home/ubuntu/.local/lib/python3.10/site-packages/airflow/example_dags/plugins/event_listener.py took 0.034 seconds
[2024-01-29T20:04:09.350+0100] {processor.py:161} INFO - Started process (PID=8530) to work on /home/ubuntu/.local/lib/python3.10/site-packages/airflow/example_dags/plugins/event_listener.py
[2024-01-29T20:04:09.353+0100] {processor.py:830} INFO - Processing file /home/ubuntu/.local/lib/python3.10/site-packages/airflow/example_dags/plugins/event_listener.py for tasks to queue
[2024-01-29T20:04:09.354+0100] {logging_mixin.py:188} INFO - [2024-01-29T20:04:09.353+0100] {dagbag.py:538} INFO - Filling up the DagBag from /home/ubuntu/.local/lib/python3.10/site-packages/airflow/example_dags/plugins/event_listener.py
[2024-01-29T20:04:09.356+0100] {processor.py:842} WARNING - No viable dags retrieved from /home/ubuntu/.local/lib/python3.10/site-packages/airflow/example_dags/plugins/event_listener.py
[2024-01-29T20:04:09.368+0100] {processor.py:183} INFO - Processing /home/ubuntu/.local/lib/python3.10/site-packages/airflow/example_dags/plugins/event_listener.py took 0.022 seconds
[2024-01-29T20:05:04.926+0100] {processor.py:161} INFO - Started process (PID=8591) to work on /home/ubuntu/.local/lib/python3.10/site-packages/airflow/example_dags/plugins/event_listener.py
[2024-01-29T20:05:04.955+0100] {processor.py:830} INFO - Processing file /home/ubuntu/.local/lib/python3.10/site-packages/airflow/example_dags/plugins/event_listener.py for tasks to queue
[2024-01-29T20:05:04.963+0100] {logging_mixin.py:188} INFO - [2024-01-29T20:05:04.956+0100] {dagbag.py:538} INFO - Filling up the DagBag from /home/ubuntu/.local/lib/python3.10/site-packages/airflow/example_dags/plugins/event_listener.py
[2024-01-29T20:05:04.981+0100] {processor.py:842} WARNING - No viable dags retrieved from /home/ubuntu/.local/lib/python3.10/site-packages/airflow/example_dags/plugins/event_listener.py
[2024-01-29T20:05:05.036+0100] {processor.py:183} INFO - Processing /home/ubuntu/.local/lib/python3.10/site-packages/airflow/example_dags/plugins/event_listener.py took 0.122 seconds
[2024-01-29T20:06:18.440+0100] {processor.py:161} INFO - Started process (PID=8667) to work on /home/ubuntu/.local/lib/python3.10/site-packages/airflow/example_dags/plugins/event_listener.py
[2024-01-29T20:06:18.465+0100] {processor.py:830} INFO - Processing file /home/ubuntu/.local/lib/python3.10/site-packages/airflow/example_dags/plugins/event_listener.py for tasks to queue
[2024-01-29T20:06:18.466+0100] {logging_mixin.py:188} INFO - [2024-01-29T20:06:18.465+0100] {dagbag.py:538} INFO - Filling up the DagBag from /home/ubuntu/.local/lib/python3.10/site-packages/airflow/example_dags/plugins/event_listener.py
[2024-01-29T20:06:18.503+0100] {processor.py:842} WARNING - No viable dags retrieved from /home/ubuntu/.local/lib/python3.10/site-packages/airflow/example_dags/plugins/event_listener.py
[2024-01-29T20:06:18.732+0100] {processor.py:183} INFO - Processing /home/ubuntu/.local/lib/python3.10/site-packages/airflow/example_dags/plugins/event_listener.py took 0.305 seconds
[2024-01-29T20:07:08.525+0100] {processor.py:161} INFO - Started process (PID=8713) to work on /home/ubuntu/.local/lib/python3.10/site-packages/airflow/example_dags/plugins/event_listener.py
[2024-01-29T20:07:08.526+0100] {processor.py:830} INFO - Processing file /home/ubuntu/.local/lib/python3.10/site-packages/airflow/example_dags/plugins/event_listener.py for tasks to queue
[2024-01-29T20:07:08.527+0100] {logging_mixin.py:188} INFO - [2024-01-29T20:07:08.527+0100] {dagbag.py:538} INFO - Filling up the DagBag from /home/ubuntu/.local/lib/python3.10/site-packages/airflow/example_dags/plugins/event_listener.py
[2024-01-29T20:07:08.531+0100] {processor.py:842} WARNING - No viable dags retrieved from /home/ubuntu/.local/lib/python3.10/site-packages/airflow/example_dags/plugins/event_listener.py
[2024-01-29T20:07:08.544+0100] {processor.py:183} INFO - Processing /home/ubuntu/.local/lib/python3.10/site-packages/airflow/example_dags/plugins/event_listener.py took 0.023 seconds
[2024-01-29T20:08:10.946+0100] {processor.py:161} INFO - Started process (PID=8784) to work on /home/ubuntu/.local/lib/python3.10/site-packages/airflow/example_dags/plugins/event_listener.py
[2024-01-29T20:08:10.954+0100] {processor.py:830} INFO - Processing file /home/ubuntu/.local/lib/python3.10/site-packages/airflow/example_dags/plugins/event_listener.py for tasks to queue
[2024-01-29T20:08:10.955+0100] {logging_mixin.py:188} INFO - [2024-01-29T20:08:10.955+0100] {dagbag.py:538} INFO - Filling up the DagBag from /home/ubuntu/.local/lib/python3.10/site-packages/airflow/example_dags/plugins/event_listener.py
[2024-01-29T20:08:10.957+0100] {processor.py:842} WARNING - No viable dags retrieved from /home/ubuntu/.local/lib/python3.10/site-packages/airflow/example_dags/plugins/event_listener.py
[2024-01-29T20:08:10.968+0100] {processor.py:183} INFO - Processing /home/ubuntu/.local/lib/python3.10/site-packages/airflow/example_dags/plugins/event_listener.py took 0.025 seconds
[2024-01-29T20:09:00.173+0100] {processor.py:161} INFO - Started process (PID=8842) to work on /home/ubuntu/.local/lib/python3.10/site-packages/airflow/example_dags/plugins/event_listener.py
[2024-01-29T20:09:00.174+0100] {processor.py:830} INFO - Processing file /home/ubuntu/.local/lib/python3.10/site-packages/airflow/example_dags/plugins/event_listener.py for tasks to queue
[2024-01-29T20:09:00.175+0100] {logging_mixin.py:188} INFO - [2024-01-29T20:09:00.175+0100] {dagbag.py:538} INFO - Filling up the DagBag from /home/ubuntu/.local/lib/python3.10/site-packages/airflow/example_dags/plugins/event_listener.py
[2024-01-29T20:09:00.178+0100] {processor.py:842} WARNING - No viable dags retrieved from /home/ubuntu/.local/lib/python3.10/site-packages/airflow/example_dags/plugins/event_listener.py
[2024-01-29T20:09:00.199+0100] {processor.py:183} INFO - Processing /home/ubuntu/.local/lib/python3.10/site-packages/airflow/example_dags/plugins/event_listener.py took 0.030 seconds
[2024-01-29T20:09:43.853+0100] {processor.py:161} INFO - Started process (PID=8898) to work on /home/ubuntu/.local/lib/python3.10/site-packages/airflow/example_dags/plugins/event_listener.py
[2024-01-29T20:09:43.921+0100] {processor.py:830} INFO - Processing file /home/ubuntu/.local/lib/python3.10/site-packages/airflow/example_dags/plugins/event_listener.py for tasks to queue
[2024-01-29T20:09:43.931+0100] {logging_mixin.py:188} INFO - [2024-01-29T20:09:43.930+0100] {dagbag.py:538} INFO - Filling up the DagBag from /home/ubuntu/.local/lib/python3.10/site-packages/airflow/example_dags/plugins/event_listener.py
[2024-01-29T20:09:43.948+0100] {processor.py:842} WARNING - No viable dags retrieved from /home/ubuntu/.local/lib/python3.10/site-packages/airflow/example_dags/plugins/event_listener.py
[2024-01-29T20:09:44.019+0100] {processor.py:183} INFO - Processing /home/ubuntu/.local/lib/python3.10/site-packages/airflow/example_dags/plugins/event_listener.py took 0.183 seconds
[2024-01-29T20:10:34.034+0100] {processor.py:161} INFO - Started process (PID=8956) to work on /home/ubuntu/.local/lib/python3.10/site-packages/airflow/example_dags/plugins/event_listener.py
[2024-01-29T20:10:34.036+0100] {processor.py:830} INFO - Processing file /home/ubuntu/.local/lib/python3.10/site-packages/airflow/example_dags/plugins/event_listener.py for tasks to queue
[2024-01-29T20:10:34.038+0100] {logging_mixin.py:188} INFO - [2024-01-29T20:10:34.037+0100] {dagbag.py:538} INFO - Filling up the DagBag from /home/ubuntu/.local/lib/python3.10/site-packages/airflow/example_dags/plugins/event_listener.py
[2024-01-29T20:10:34.040+0100] {processor.py:842} WARNING - No viable dags retrieved from /home/ubuntu/.local/lib/python3.10/site-packages/airflow/example_dags/plugins/event_listener.py
[2024-01-29T20:10:34.053+0100] {processor.py:183} INFO - Processing /home/ubuntu/.local/lib/python3.10/site-packages/airflow/example_dags/plugins/event_listener.py took 0.023 seconds
[2024-01-29T20:11:23.588+0100] {processor.py:161} INFO - Started process (PID=9016) to work on /home/ubuntu/.local/lib/python3.10/site-packages/airflow/example_dags/plugins/event_listener.py
[2024-01-29T20:11:23.591+0100] {processor.py:830} INFO - Processing file /home/ubuntu/.local/lib/python3.10/site-packages/airflow/example_dags/plugins/event_listener.py for tasks to queue
[2024-01-29T20:11:23.593+0100] {logging_mixin.py:188} INFO - [2024-01-29T20:11:23.592+0100] {dagbag.py:538} INFO - Filling up the DagBag from /home/ubuntu/.local/lib/python3.10/site-packages/airflow/example_dags/plugins/event_listener.py
[2024-01-29T20:11:23.596+0100] {processor.py:842} WARNING - No viable dags retrieved from /home/ubuntu/.local/lib/python3.10/site-packages/airflow/example_dags/plugins/event_listener.py
[2024-01-29T20:11:23.610+0100] {processor.py:183} INFO - Processing /home/ubuntu/.local/lib/python3.10/site-packages/airflow/example_dags/plugins/event_listener.py took 0.027 seconds
[2024-01-29T20:12:19.688+0100] {processor.py:161} INFO - Started process (PID=9090) to work on /home/ubuntu/.local/lib/python3.10/site-packages/airflow/example_dags/plugins/event_listener.py
[2024-01-29T20:12:19.690+0100] {processor.py:830} INFO - Processing file /home/ubuntu/.local/lib/python3.10/site-packages/airflow/example_dags/plugins/event_listener.py for tasks to queue
[2024-01-29T20:12:19.691+0100] {logging_mixin.py:188} INFO - [2024-01-29T20:12:19.691+0100] {dagbag.py:538} INFO - Filling up the DagBag from /home/ubuntu/.local/lib/python3.10/site-packages/airflow/example_dags/plugins/event_listener.py
[2024-01-29T20:12:19.694+0100] {processor.py:842} WARNING - No viable dags retrieved from /home/ubuntu/.local/lib/python3.10/site-packages/airflow/example_dags/plugins/event_listener.py
[2024-01-29T20:12:19.707+0100] {processor.py:183} INFO - Processing /home/ubuntu/.local/lib/python3.10/site-packages/airflow/example_dags/plugins/event_listener.py took 0.022 seconds
[2024-01-29T20:13:45.070+0100] {processor.py:161} INFO - Started process (PID=9216) to work on /home/ubuntu/.local/lib/python3.10/site-packages/airflow/example_dags/plugins/event_listener.py
[2024-01-29T20:13:45.076+0100] {processor.py:830} INFO - Processing file /home/ubuntu/.local/lib/python3.10/site-packages/airflow/example_dags/plugins/event_listener.py for tasks to queue
[2024-01-29T20:13:45.079+0100] {logging_mixin.py:188} INFO - [2024-01-29T20:13:45.078+0100] {dagbag.py:538} INFO - Filling up the DagBag from /home/ubuntu/.local/lib/python3.10/site-packages/airflow/example_dags/plugins/event_listener.py
[2024-01-29T20:13:45.086+0100] {processor.py:842} WARNING - No viable dags retrieved from /home/ubuntu/.local/lib/python3.10/site-packages/airflow/example_dags/plugins/event_listener.py
[2024-01-29T20:13:45.503+0100] {processor.py:183} INFO - Processing /home/ubuntu/.local/lib/python3.10/site-packages/airflow/example_dags/plugins/event_listener.py took 0.440 seconds
[2024-01-29T20:14:45.304+0100] {processor.py:161} INFO - Started process (PID=9282) to work on /home/ubuntu/.local/lib/python3.10/site-packages/airflow/example_dags/plugins/event_listener.py
[2024-01-29T20:14:45.306+0100] {processor.py:830} INFO - Processing file /home/ubuntu/.local/lib/python3.10/site-packages/airflow/example_dags/plugins/event_listener.py for tasks to queue
[2024-01-29T20:14:45.307+0100] {logging_mixin.py:188} INFO - [2024-01-29T20:14:45.307+0100] {dagbag.py:538} INFO - Filling up the DagBag from /home/ubuntu/.local/lib/python3.10/site-packages/airflow/example_dags/plugins/event_listener.py
[2024-01-29T20:14:45.309+0100] {processor.py:842} WARNING - No viable dags retrieved from /home/ubuntu/.local/lib/python3.10/site-packages/airflow/example_dags/plugins/event_listener.py
[2024-01-29T20:14:45.321+0100] {processor.py:183} INFO - Processing /home/ubuntu/.local/lib/python3.10/site-packages/airflow/example_dags/plugins/event_listener.py took 0.021 seconds
[2024-01-29T20:15:30.852+0100] {processor.py:161} INFO - Started process (PID=9329) to work on /home/ubuntu/.local/lib/python3.10/site-packages/airflow/example_dags/plugins/event_listener.py
[2024-01-29T20:15:30.854+0100] {processor.py:830} INFO - Processing file /home/ubuntu/.local/lib/python3.10/site-packages/airflow/example_dags/plugins/event_listener.py for tasks to queue
[2024-01-29T20:15:30.855+0100] {logging_mixin.py:188} INFO - [2024-01-29T20:15:30.855+0100] {dagbag.py:538} INFO - Filling up the DagBag from /home/ubuntu/.local/lib/python3.10/site-packages/airflow/example_dags/plugins/event_listener.py
[2024-01-29T20:15:30.857+0100] {processor.py:842} WARNING - No viable dags retrieved from /home/ubuntu/.local/lib/python3.10/site-packages/airflow/example_dags/plugins/event_listener.py
[2024-01-29T20:15:30.869+0100] {processor.py:183} INFO - Processing /home/ubuntu/.local/lib/python3.10/site-packages/airflow/example_dags/plugins/event_listener.py took 0.020 seconds
[2024-01-29T20:16:16.507+0100] {processor.py:161} INFO - Started process (PID=9381) to work on /home/ubuntu/.local/lib/python3.10/site-packages/airflow/example_dags/plugins/event_listener.py
[2024-01-29T20:16:16.509+0100] {processor.py:830} INFO - Processing file /home/ubuntu/.local/lib/python3.10/site-packages/airflow/example_dags/plugins/event_listener.py for tasks to queue
[2024-01-29T20:16:16.510+0100] {logging_mixin.py:188} INFO - [2024-01-29T20:16:16.510+0100] {dagbag.py:538} INFO - Filling up the DagBag from /home/ubuntu/.local/lib/python3.10/site-packages/airflow/example_dags/plugins/event_listener.py
[2024-01-29T20:16:16.516+0100] {processor.py:842} WARNING - No viable dags retrieved from /home/ubuntu/.local/lib/python3.10/site-packages/airflow/example_dags/plugins/event_listener.py
[2024-01-29T20:16:16.540+0100] {processor.py:183} INFO - Processing /home/ubuntu/.local/lib/python3.10/site-packages/airflow/example_dags/plugins/event_listener.py took 0.038 seconds
[2024-01-29T20:17:04.378+0100] {processor.py:161} INFO - Started process (PID=9436) to work on /home/ubuntu/.local/lib/python3.10/site-packages/airflow/example_dags/plugins/event_listener.py
[2024-01-29T20:17:04.380+0100] {processor.py:830} INFO - Processing file /home/ubuntu/.local/lib/python3.10/site-packages/airflow/example_dags/plugins/event_listener.py for tasks to queue
[2024-01-29T20:17:04.382+0100] {logging_mixin.py:188} INFO - [2024-01-29T20:17:04.381+0100] {dagbag.py:538} INFO - Filling up the DagBag from /home/ubuntu/.local/lib/python3.10/site-packages/airflow/example_dags/plugins/event_listener.py
[2024-01-29T20:17:04.386+0100] {processor.py:842} WARNING - No viable dags retrieved from /home/ubuntu/.local/lib/python3.10/site-packages/airflow/example_dags/plugins/event_listener.py
[2024-01-29T20:17:04.404+0100] {processor.py:183} INFO - Processing /home/ubuntu/.local/lib/python3.10/site-packages/airflow/example_dags/plugins/event_listener.py took 0.031 seconds
[2024-01-29T20:17:51.890+0100] {processor.py:161} INFO - Started process (PID=9490) to work on /home/ubuntu/.local/lib/python3.10/site-packages/airflow/example_dags/plugins/event_listener.py
[2024-01-29T20:17:51.892+0100] {processor.py:830} INFO - Processing file /home/ubuntu/.local/lib/python3.10/site-packages/airflow/example_dags/plugins/event_listener.py for tasks to queue
[2024-01-29T20:17:51.893+0100] {logging_mixin.py:188} INFO - [2024-01-29T20:17:51.892+0100] {dagbag.py:538} INFO - Filling up the DagBag from /home/ubuntu/.local/lib/python3.10/site-packages/airflow/example_dags/plugins/event_listener.py
[2024-01-29T20:17:51.895+0100] {processor.py:842} WARNING - No viable dags retrieved from /home/ubuntu/.local/lib/python3.10/site-packages/airflow/example_dags/plugins/event_listener.py
[2024-01-29T20:17:51.910+0100] {processor.py:183} INFO - Processing /home/ubuntu/.local/lib/python3.10/site-packages/airflow/example_dags/plugins/event_listener.py took 0.024 seconds
[2024-01-29T20:18:37.558+0100] {processor.py:161} INFO - Started process (PID=9540) to work on /home/ubuntu/.local/lib/python3.10/site-packages/airflow/example_dags/plugins/event_listener.py
[2024-01-29T20:18:37.560+0100] {processor.py:830} INFO - Processing file /home/ubuntu/.local/lib/python3.10/site-packages/airflow/example_dags/plugins/event_listener.py for tasks to queue
[2024-01-29T20:18:37.561+0100] {logging_mixin.py:188} INFO - [2024-01-29T20:18:37.561+0100] {dagbag.py:538} INFO - Filling up the DagBag from /home/ubuntu/.local/lib/python3.10/site-packages/airflow/example_dags/plugins/event_listener.py
[2024-01-29T20:18:37.565+0100] {processor.py:842} WARNING - No viable dags retrieved from /home/ubuntu/.local/lib/python3.10/site-packages/airflow/example_dags/plugins/event_listener.py
[2024-01-29T20:18:37.582+0100] {processor.py:183} INFO - Processing /home/ubuntu/.local/lib/python3.10/site-packages/airflow/example_dags/plugins/event_listener.py took 0.030 seconds
[2024-01-29T20:19:21.093+0100] {processor.py:161} INFO - Started process (PID=9605) to work on /home/ubuntu/.local/lib/python3.10/site-packages/airflow/example_dags/plugins/event_listener.py
[2024-01-29T20:19:21.095+0100] {processor.py:830} INFO - Processing file /home/ubuntu/.local/lib/python3.10/site-packages/airflow/example_dags/plugins/event_listener.py for tasks to queue
[2024-01-29T20:19:21.096+0100] {logging_mixin.py:188} INFO - [2024-01-29T20:19:21.096+0100] {dagbag.py:538} INFO - Filling up the DagBag from /home/ubuntu/.local/lib/python3.10/site-packages/airflow/example_dags/plugins/event_listener.py
[2024-01-29T20:19:21.098+0100] {processor.py:842} WARNING - No viable dags retrieved from /home/ubuntu/.local/lib/python3.10/site-packages/airflow/example_dags/plugins/event_listener.py
[2024-01-29T20:19:21.108+0100] {processor.py:183} INFO - Processing /home/ubuntu/.local/lib/python3.10/site-packages/airflow/example_dags/plugins/event_listener.py took 0.019 seconds
[2024-01-29T20:20:05.398+0100] {processor.py:161} INFO - Started process (PID=9659) to work on /home/ubuntu/.local/lib/python3.10/site-packages/airflow/example_dags/plugins/event_listener.py
[2024-01-29T20:20:05.400+0100] {processor.py:830} INFO - Processing file /home/ubuntu/.local/lib/python3.10/site-packages/airflow/example_dags/plugins/event_listener.py for tasks to queue
[2024-01-29T20:20:05.403+0100] {logging_mixin.py:188} INFO - [2024-01-29T20:20:05.402+0100] {dagbag.py:538} INFO - Filling up the DagBag from /home/ubuntu/.local/lib/python3.10/site-packages/airflow/example_dags/plugins/event_listener.py
[2024-01-29T20:20:05.406+0100] {processor.py:842} WARNING - No viable dags retrieved from /home/ubuntu/.local/lib/python3.10/site-packages/airflow/example_dags/plugins/event_listener.py
[2024-01-29T20:20:05.422+0100] {processor.py:183} INFO - Processing /home/ubuntu/.local/lib/python3.10/site-packages/airflow/example_dags/plugins/event_listener.py took 0.029 seconds
[2024-01-29T20:20:46.414+0100] {processor.py:161} INFO - Started process (PID=9706) to work on /home/ubuntu/.local/lib/python3.10/site-packages/airflow/example_dags/plugins/event_listener.py
[2024-01-29T20:20:46.416+0100] {processor.py:830} INFO - Processing file /home/ubuntu/.local/lib/python3.10/site-packages/airflow/example_dags/plugins/event_listener.py for tasks to queue
[2024-01-29T20:20:46.417+0100] {logging_mixin.py:188} INFO - [2024-01-29T20:20:46.417+0100] {dagbag.py:538} INFO - Filling up the DagBag from /home/ubuntu/.local/lib/python3.10/site-packages/airflow/example_dags/plugins/event_listener.py
[2024-01-29T20:20:46.420+0100] {processor.py:842} WARNING - No viable dags retrieved from /home/ubuntu/.local/lib/python3.10/site-packages/airflow/example_dags/plugins/event_listener.py
[2024-01-29T20:20:46.430+0100] {processor.py:183} INFO - Processing /home/ubuntu/.local/lib/python3.10/site-packages/airflow/example_dags/plugins/event_listener.py took 0.019 seconds
