[2024-02-06T19:06:23.998+0100] {taskinstance.py:1957} INFO - Dependencies all met for dep_context=non-requeueable deps ti=<TaskInstance: MyDag.ingest_data_task scheduled__2024-01-08T00:00:00+00:00 [queued]>
[2024-02-06T19:06:24.004+0100] {taskinstance.py:1957} INFO - Dependencies all met for dep_context=requeueable deps ti=<TaskInstance: MyDag.ingest_data_task scheduled__2024-01-08T00:00:00+00:00 [queued]>
[2024-02-06T19:06:24.004+0100] {taskinstance.py:2171} INFO - Starting attempt 1 of 2
[2024-02-06T19:06:24.029+0100] {taskinstance.py:2192} INFO - Executing <Task(PythonOperator): ingest_data_task> on 2024-01-08 00:00:00+00:00
[2024-02-06T19:06:24.037+0100] {standard_task_runner.py:60} INFO - Started process 7048 to run task
[2024-02-06T19:06:24.045+0100] {standard_task_runner.py:87} INFO - Running: ['airflow', 'tasks', 'run', 'MyDag', 'ingest_data_task', 'scheduled__2024-01-08T00:00:00+00:00', '--job-id', '69', '--raw', '--subdir', 'DAGS_FOLDER/FilmDag.py', '--cfg-path', '/tmp/tmpjtbng8as']
[2024-02-06T19:06:24.048+0100] {standard_task_runner.py:88} INFO - Job 69: Subtask ingest_data_task
[2024-02-06T19:06:24.095+0100] {task_command.py:423} INFO - Running <TaskInstance: MyDag.ingest_data_task scheduled__2024-01-08T00:00:00+00:00 [running]> on host ubuntu.ubuntu.virtualbox.org
[2024-02-06T19:06:24.174+0100] {taskinstance.py:2481} INFO - Exporting env vars: AIRFLOW_CTX_DAG_OWNER='airflow' AIRFLOW_CTX_DAG_ID='MyDag' AIRFLOW_CTX_TASK_ID='ingest_data_task' AIRFLOW_CTX_EXECUTION_DATE='2024-01-08T00:00:00+00:00' AIRFLOW_CTX_TRY_NUMBER='1' AIRFLOW_CTX_DAG_RUN_ID='scheduled__2024-01-08T00:00:00+00:00'
[2024-02-06T19:07:55.897+0100] {logging_mixin.py:188} INFO - Erreur de requête: 400
[2024-02-06T19:07:55.898+0100] {logging_mixin.py:188} INFO - {"success":false,"status_code":22,"status_message":"Invalid page: Pages start at 1 and max at 500. They are expected to be an integer."}
[2024-02-06T19:07:55.902+0100] {taskinstance.py:2699} ERROR - Task failed with exception
Traceback (most recent call last):
  File "/home/ubuntu/.local/lib/python3.10/site-packages/airflow/models/taskinstance.py", line 433, in _execute_task
    result = execute_callable(context=context, **execute_callable_kwargs)
  File "/home/ubuntu/.local/lib/python3.10/site-packages/airflow/operators/python.py", line 199, in execute
    return_value = self.execute_callable()
  File "/home/ubuntu/.local/lib/python3.10/site-packages/airflow/operators/python.py", line 216, in execute_callable
    return self.python_callable(*self.op_args, **self.op_kwargs)
  File "/home/ubuntu/airflow/dags/program.py", line 76, in ingest_data
    movies_data()
  File "/home/ubuntu/airflow/dags/program.py", line 58, in movies_data
    with open(popular_movies_json_file_path, 'w', encoding='utf-8') as json_file:
FileNotFoundError: [Errno 2] No such file or directory: '/user/datalakefilm/films/all_popular_movies.json'
[2024-02-06T19:07:55.908+0100] {taskinstance.py:1138} INFO - Marking task as UP_FOR_RETRY. dag_id=MyDag, task_id=ingest_data_task, execution_date=20240108T000000, start_date=20240206T180623, end_date=20240206T180755
[2024-02-06T19:07:55.927+0100] {standard_task_runner.py:107} ERROR - Failed to execute job 69 for task ingest_data_task ([Errno 2] No such file or directory: '/user/datalakefilm/films/all_popular_movies.json'; 7048)
[2024-02-06T19:07:55.951+0100] {local_task_job_runner.py:234} INFO - Task exited with return code 1
[2024-02-06T19:07:55.963+0100] {taskinstance.py:3281} INFO - 0 downstream tasks scheduled from follow-on schedule check
