[2024-02-02T16:01:01.172+0100] {processor.py:161} INFO - Started process (PID=4199) to work on /home/ubuntu/airflow/dags/FilmDag.py
[2024-02-02T16:01:01.183+0100] {processor.py:830} INFO - Processing file /home/ubuntu/airflow/dags/FilmDag.py for tasks to queue
[2024-02-02T16:01:01.192+0100] {logging_mixin.py:188} INFO - [2024-02-02T16:01:01.188+0100] {dagbag.py:538} INFO - Filling up the DagBag from /home/ubuntu/airflow/dags/FilmDag.py
[2024-02-02T16:01:01.439+0100] {processor.py:840} INFO - DAG(s) 'MyDag' retrieved from /home/ubuntu/airflow/dags/FilmDag.py
[2024-02-02T16:01:01.530+0100] {logging_mixin.py:188} INFO - [2024-02-02T16:01:01.529+0100] {dag.py:3033} INFO - Sync 1 DAGs
[2024-02-02T16:01:01.619+0100] {logging_mixin.py:188} INFO - [2024-02-02T16:01:01.619+0100] {dag.py:3820} INFO - Setting next_dagrun for MyDag to 2024-01-02T00:00:00+00:00, run_after=2024-01-03T00:00:00+00:00
[2024-02-02T16:01:01.723+0100] {processor.py:183} INFO - Processing /home/ubuntu/airflow/dags/FilmDag.py took 0.591 seconds
[2024-02-02T16:27:25.694+0100] {processor.py:161} INFO - Started process (PID=11751) to work on /home/ubuntu/airflow/dags/FilmDag.py
[2024-02-02T16:27:25.714+0100] {processor.py:830} INFO - Processing file /home/ubuntu/airflow/dags/FilmDag.py for tasks to queue
[2024-02-02T16:27:25.770+0100] {logging_mixin.py:188} INFO - [2024-02-02T16:27:25.738+0100] {dagbag.py:538} INFO - Filling up the DagBag from /home/ubuntu/airflow/dags/FilmDag.py
[2024-02-02T16:27:26.132+0100] {processor.py:840} INFO - DAG(s) 'MyDag' retrieved from /home/ubuntu/airflow/dags/FilmDag.py
[2024-02-02T16:27:28.074+0100] {logging_mixin.py:188} INFO - [2024-02-02T16:27:28.074+0100] {dag.py:3033} INFO - Sync 1 DAGs
[2024-02-02T16:27:28.267+0100] {logging_mixin.py:188} INFO - [2024-02-02T16:27:28.265+0100] {dag.py:3820} INFO - Setting next_dagrun for MyDag to 2024-01-03T00:00:00+00:00, run_after=2024-01-04T00:00:00+00:00
[2024-02-02T16:27:28.363+0100] {processor.py:183} INFO - Processing /home/ubuntu/airflow/dags/FilmDag.py took 2.690 seconds
[2024-02-02T16:34:22.838+0100] {processor.py:161} INFO - Started process (PID=12030) to work on /home/ubuntu/airflow/dags/FilmDag.py
[2024-02-02T16:34:22.841+0100] {processor.py:830} INFO - Processing file /home/ubuntu/airflow/dags/FilmDag.py for tasks to queue
[2024-02-02T16:34:22.843+0100] {logging_mixin.py:188} INFO - [2024-02-02T16:34:22.842+0100] {dagbag.py:538} INFO - Filling up the DagBag from /home/ubuntu/airflow/dags/FilmDag.py
[2024-02-02T16:34:22.851+0100] {processor.py:840} INFO - DAG(s) 'MyDag' retrieved from /home/ubuntu/airflow/dags/FilmDag.py
[2024-02-02T16:34:22.889+0100] {logging_mixin.py:188} INFO - [2024-02-02T16:34:22.889+0100] {dag.py:3033} INFO - Sync 1 DAGs
[2024-02-02T16:34:22.987+0100] {logging_mixin.py:188} INFO - [2024-02-02T16:34:22.986+0100] {dag.py:3820} INFO - Setting next_dagrun for MyDag to 2024-01-04T00:00:00+00:00, run_after=2024-01-05T00:00:00+00:00
[2024-02-02T16:34:23.060+0100] {processor.py:183} INFO - Processing /home/ubuntu/airflow/dags/FilmDag.py took 0.228 seconds
[2024-02-02T16:41:02.060+0100] {processor.py:161} INFO - Started process (PID=12300) to work on /home/ubuntu/airflow/dags/FilmDag.py
[2024-02-02T16:41:02.066+0100] {processor.py:830} INFO - Processing file /home/ubuntu/airflow/dags/FilmDag.py for tasks to queue
[2024-02-02T16:41:02.069+0100] {logging_mixin.py:188} INFO - [2024-02-02T16:41:02.068+0100] {dagbag.py:538} INFO - Filling up the DagBag from /home/ubuntu/airflow/dags/FilmDag.py
[2024-02-02T16:41:02.088+0100] {processor.py:840} INFO - DAG(s) 'MyDag' retrieved from /home/ubuntu/airflow/dags/FilmDag.py
[2024-02-02T16:41:02.154+0100] {logging_mixin.py:188} INFO - [2024-02-02T16:41:02.153+0100] {dag.py:3033} INFO - Sync 1 DAGs
[2024-02-02T16:41:02.206+0100] {logging_mixin.py:188} INFO - [2024-02-02T16:41:02.205+0100] {dag.py:3820} INFO - Setting next_dagrun for MyDag to 2024-01-05T00:00:00+00:00, run_after=2024-01-06T00:00:00+00:00
[2024-02-02T16:41:02.252+0100] {processor.py:183} INFO - Processing /home/ubuntu/airflow/dags/FilmDag.py took 0.201 seconds
