[2024-02-06T18:44:09.102+0100] {taskinstance.py:1957} INFO - Dependencies all met for dep_context=non-requeueable deps ti=<TaskInstance: MyDag.spark_job scheduled__2024-01-05T00:00:00+00:00 [queued]>
[2024-02-06T18:44:09.232+0100] {taskinstance.py:1957} INFO - Dependencies all met for dep_context=requeueable deps ti=<TaskInstance: MyDag.spark_job scheduled__2024-01-05T00:00:00+00:00 [queued]>
[2024-02-06T18:44:09.256+0100] {taskinstance.py:2171} INFO - Starting attempt 2 of 2
[2024-02-06T18:44:09.710+0100] {taskinstance.py:2192} INFO - Executing <Task(SparkSubmitOperator): spark_job> on 2024-01-05 00:00:00+00:00
[2024-02-06T18:44:09.814+0100] {standard_task_runner.py:60} INFO - Started process 4927 to run task
[2024-02-06T18:44:09.849+0100] {standard_task_runner.py:87} INFO - Running: ['airflow', 'tasks', 'run', 'MyDag', 'spark_job', 'scheduled__2024-01-05T00:00:00+00:00', '--job-id', '57', '--raw', '--subdir', 'DAGS_FOLDER/FilmDag.py', '--cfg-path', '/tmp/tmpyfbmg9fc']
[2024-02-06T18:44:09.895+0100] {standard_task_runner.py:88} INFO - Job 57: Subtask spark_job
[2024-02-06T18:44:10.800+0100] {task_command.py:423} INFO - Running <TaskInstance: MyDag.spark_job scheduled__2024-01-05T00:00:00+00:00 [running]> on host ubuntu.ubuntu.virtualbox.org
[2024-02-06T18:44:11.498+0100] {taskinstance.py:2481} INFO - Exporting env vars: AIRFLOW_CTX_DAG_OWNER='airflow' AIRFLOW_CTX_DAG_ID='MyDag' AIRFLOW_CTX_TASK_ID='spark_job' AIRFLOW_CTX_EXECUTION_DATE='2024-01-05T00:00:00+00:00' AIRFLOW_CTX_TRY_NUMBER='2' AIRFLOW_CTX_DAG_RUN_ID='scheduled__2024-01-05T00:00:00+00:00'
[2024-02-06T18:44:11.573+0100] {base.py:83} INFO - Using connection ID 'spark_default' for task execution.
[2024-02-06T18:44:11.579+0100] {spark_submit.py:401} INFO - Spark-Submit cmd: spark-submit --master local[*] --num-executors 2 --total-executor-cores 2 --executor-cores 1 --executor-memory 2g --name arrow-spark --class main.scala.chapter2.MovieAnalysis --verbose --queue root.default /home/ubuntu/Downloads/mnmcount/scala/target/scala-2.12/main-scala-mnmc_2.12-1.0.jar
[2024-02-06T18:44:41.069+0100] {spark_submit.py:571} INFO - Using properties file: null
[2024-02-06T18:44:42.049+0100] {spark_submit.py:571} INFO - 24/02/06 18:44:42 WARN Utils: Your hostname, ubuntu resolves to a loopback address: 127.0.1.1; using 10.0.2.15 instead (on interface enp0s3)
[2024-02-06T18:44:42.071+0100] {spark_submit.py:571} INFO - 24/02/06 18:44:42 WARN Utils: Set SPARK_LOCAL_IP if you need to bind to another address
[2024-02-06T18:44:43.217+0100] {spark_submit.py:571} INFO - Parsed arguments:
[2024-02-06T18:44:43.218+0100] {spark_submit.py:571} INFO - master                  local[*]
[2024-02-06T18:44:43.218+0100] {spark_submit.py:571} INFO - deployMode              null
[2024-02-06T18:44:43.219+0100] {spark_submit.py:571} INFO - executorMemory          2g
[2024-02-06T18:44:43.219+0100] {spark_submit.py:571} INFO - executorCores           1
[2024-02-06T18:44:43.220+0100] {spark_submit.py:571} INFO - totalExecutorCores      2
[2024-02-06T18:44:43.221+0100] {spark_submit.py:571} INFO - propertiesFile          null
[2024-02-06T18:44:43.225+0100] {spark_submit.py:571} INFO - driverMemory            null
[2024-02-06T18:44:43.226+0100] {spark_submit.py:571} INFO - driverCores             null
[2024-02-06T18:44:43.226+0100] {spark_submit.py:571} INFO - driverExtraClassPath    null
[2024-02-06T18:44:43.227+0100] {spark_submit.py:571} INFO - driverExtraLibraryPath  null
[2024-02-06T18:44:43.228+0100] {spark_submit.py:571} INFO - driverExtraJavaOptions  null
[2024-02-06T18:44:43.228+0100] {spark_submit.py:571} INFO - supervise               false
[2024-02-06T18:44:43.229+0100] {spark_submit.py:571} INFO - queue                   root.default
[2024-02-06T18:44:43.229+0100] {spark_submit.py:571} INFO - numExecutors            2
[2024-02-06T18:44:43.229+0100] {spark_submit.py:571} INFO - files                   null
[2024-02-06T18:44:43.229+0100] {spark_submit.py:571} INFO - pyFiles                 null
[2024-02-06T18:44:43.230+0100] {spark_submit.py:571} INFO - archives                null
[2024-02-06T18:44:43.230+0100] {spark_submit.py:571} INFO - mainClass               main.scala.chapter2.MovieAnalysis
[2024-02-06T18:44:43.230+0100] {spark_submit.py:571} INFO - primaryResource         file:/home/ubuntu/Downloads/mnmcount/scala/target/scala-2.12/main-scala-mnmc_2.12-1.0.jar
[2024-02-06T18:44:43.243+0100] {spark_submit.py:571} INFO - name                    arrow-spark
[2024-02-06T18:44:43.243+0100] {spark_submit.py:571} INFO - childArgs               []
[2024-02-06T18:44:43.244+0100] {spark_submit.py:571} INFO - jars                    null
[2024-02-06T18:44:43.244+0100] {spark_submit.py:571} INFO - packages                null
[2024-02-06T18:44:43.244+0100] {spark_submit.py:571} INFO - packagesExclusions      null
[2024-02-06T18:44:43.244+0100] {spark_submit.py:571} INFO - repositories            null
[2024-02-06T18:44:43.244+0100] {spark_submit.py:571} INFO - verbose                 true
[2024-02-06T18:44:43.244+0100] {spark_submit.py:571} INFO - 
[2024-02-06T18:44:43.244+0100] {spark_submit.py:571} INFO - Spark properties used, including those specified through
[2024-02-06T18:44:43.245+0100] {spark_submit.py:571} INFO - --conf and those from the properties file null:
[2024-02-06T18:44:43.271+0100] {spark_submit.py:571} INFO - 
[2024-02-06T18:44:43.272+0100] {spark_submit.py:571} INFO - 
[2024-02-06T18:44:43.272+0100] {spark_submit.py:571} INFO - 
[2024-02-06T18:44:48.802+0100] {spark_submit.py:571} INFO - Main class:
[2024-02-06T18:44:48.803+0100] {spark_submit.py:571} INFO - main.scala.chapter2.MovieAnalysis
[2024-02-06T18:44:48.817+0100] {spark_submit.py:571} INFO - Arguments:
[2024-02-06T18:44:48.818+0100] {spark_submit.py:571} INFO - 
[2024-02-06T18:44:48.844+0100] {spark_submit.py:571} INFO - Spark config:
[2024-02-06T18:44:48.852+0100] {spark_submit.py:571} INFO - (spark.app.name,arrow-spark)
[2024-02-06T18:44:48.852+0100] {spark_submit.py:571} INFO - (spark.app.submitTime,1707241488623)
[2024-02-06T18:44:48.852+0100] {spark_submit.py:571} INFO - (spark.jars,file:/home/ubuntu/Downloads/mnmcount/scala/target/scala-2.12/main-scala-mnmc_2.12-1.0.jar)
[2024-02-06T18:44:48.852+0100] {spark_submit.py:571} INFO - (spark.master,local[*])
[2024-02-06T18:44:48.852+0100] {spark_submit.py:571} INFO - (spark.submit.deployMode,client)
[2024-02-06T18:44:48.853+0100] {spark_submit.py:571} INFO - (spark.submit.pyFiles,)
[2024-02-06T18:44:48.866+0100] {spark_submit.py:571} INFO - Classpath elements:
[2024-02-06T18:44:48.866+0100] {spark_submit.py:571} INFO - file:/home/ubuntu/Downloads/mnmcount/scala/target/scala-2.12/main-scala-mnmc_2.12-1.0.jar
[2024-02-06T18:44:48.929+0100] {spark_submit.py:571} INFO - 
[2024-02-06T18:44:48.929+0100] {spark_submit.py:571} INFO - 
[2024-02-06T18:44:48.962+0100] {spark_submit.py:571} INFO - Error: Failed to load class main.scala.chapter2.MovieAnalysis.
[2024-02-06T18:44:49.642+0100] {spark_submit.py:571} INFO - 24/02/06 18:44:49 INFO ShutdownHookManager: Shutdown hook called
[2024-02-06T18:44:49.667+0100] {spark_submit.py:571} INFO - 24/02/06 18:44:49 INFO ShutdownHookManager: Deleting directory /tmp/spark-bf2d3b14-e803-4b3f-8b8b-dc809a4ee4ed
[2024-02-06T18:44:50.372+0100] {taskinstance.py:2699} ERROR - Task failed with exception
Traceback (most recent call last):
  File "/home/ubuntu/.local/lib/python3.10/site-packages/airflow/models/taskinstance.py", line 433, in _execute_task
    result = execute_callable(context=context, **execute_callable_kwargs)
  File "/home/ubuntu/.local/lib/python3.10/site-packages/airflow/providers/apache/spark/operators/spark_submit.py", line 174, in execute
    self._hook.submit(self._application)
  File "/home/ubuntu/.local/lib/python3.10/site-packages/airflow/providers/apache/spark/hooks/spark_submit.py", line 502, in submit
    raise AirflowException(
airflow.exceptions.AirflowException: Cannot execute: spark-submit --master local[*] --num-executors 2 --total-executor-cores 2 --executor-cores 1 --executor-memory 2g --name arrow-spark --class main.scala.chapter2.MovieAnalysis --verbose --queue root.default /home/ubuntu/Downloads/mnmcount/scala/target/scala-2.12/main-scala-mnmc_2.12-1.0.jar. Error code is: 101.
[2024-02-06T18:44:50.404+0100] {taskinstance.py:1138} INFO - Marking task as FAILED. dag_id=MyDag, task_id=spark_job, execution_date=20240105T000000, start_date=20240206T174409, end_date=20240206T174450
[2024-02-06T18:44:50.705+0100] {standard_task_runner.py:107} ERROR - Failed to execute job 57 for task spark_job (Cannot execute: spark-submit --master local[*] --num-executors 2 --total-executor-cores 2 --executor-cores 1 --executor-memory 2g --name arrow-spark --class main.scala.chapter2.MovieAnalysis --verbose --queue root.default /home/ubuntu/Downloads/mnmcount/scala/target/scala-2.12/main-scala-mnmc_2.12-1.0.jar. Error code is: 101.; 4927)
[2024-02-06T18:44:50.779+0100] {local_task_job_runner.py:234} INFO - Task exited with return code 1
[2024-02-06T18:44:50.937+0100] {taskinstance.py:3281} INFO - 0 downstream tasks scheduled from follow-on schedule check
