[2024-02-06T18:37:20.342+0100] {processor.py:161} INFO - Started process (PID=4755) to work on /home/ubuntu/airflow/dags/FilmDag.py
[2024-02-06T18:37:20.358+0100] {processor.py:830} INFO - Processing file /home/ubuntu/airflow/dags/FilmDag.py for tasks to queue
[2024-02-06T18:37:20.365+0100] {logging_mixin.py:188} INFO - [2024-02-06T18:37:20.362+0100] {dagbag.py:538} INFO - Filling up the DagBag from /home/ubuntu/airflow/dags/FilmDag.py
[2024-02-06T18:37:20.462+0100] {processor.py:840} INFO - DAG(s) 'MyDag' retrieved from /home/ubuntu/airflow/dags/FilmDag.py
[2024-02-06T18:37:20.530+0100] {logging_mixin.py:188} INFO - [2024-02-06T18:37:20.530+0100] {dag.py:3033} INFO - Sync 1 DAGs
[2024-02-06T18:37:20.606+0100] {logging_mixin.py:188} INFO - [2024-02-06T18:37:20.606+0100] {dag.py:3820} INFO - Setting next_dagrun for MyDag to 2024-01-06T00:00:00+00:00, run_after=2024-01-07T00:00:00+00:00
[2024-02-06T18:37:20.694+0100] {processor.py:183} INFO - Processing /home/ubuntu/airflow/dags/FilmDag.py took 0.423 seconds
[2024-02-06T18:49:47.830+0100] {processor.py:161} INFO - Started process (PID=5069) to work on /home/ubuntu/airflow/dags/FilmDag.py
[2024-02-06T18:49:47.833+0100] {processor.py:830} INFO - Processing file /home/ubuntu/airflow/dags/FilmDag.py for tasks to queue
[2024-02-06T18:49:47.835+0100] {logging_mixin.py:188} INFO - [2024-02-06T18:49:47.834+0100] {dagbag.py:538} INFO - Filling up the DagBag from /home/ubuntu/airflow/dags/FilmDag.py
[2024-02-06T18:49:47.856+0100] {processor.py:840} INFO - DAG(s) 'MyDag' retrieved from /home/ubuntu/airflow/dags/FilmDag.py
[2024-02-06T18:49:47.875+0100] {logging_mixin.py:188} INFO - [2024-02-06T18:49:47.874+0100] {dag.py:3033} INFO - Sync 1 DAGs
[2024-02-06T18:49:47.910+0100] {logging_mixin.py:188} INFO - [2024-02-06T18:49:47.910+0100] {dag.py:3820} INFO - Setting next_dagrun for MyDag to 2024-01-07T00:00:00+00:00, run_after=2024-01-08T00:00:00+00:00
[2024-02-06T18:49:47.957+0100] {processor.py:183} INFO - Processing /home/ubuntu/airflow/dags/FilmDag.py took 0.134 seconds
[2024-02-06T19:03:37.880+0100] {processor.py:161} INFO - Started process (PID=6883) to work on /home/ubuntu/airflow/dags/FilmDag.py
[2024-02-06T19:03:37.883+0100] {processor.py:830} INFO - Processing file /home/ubuntu/airflow/dags/FilmDag.py for tasks to queue
[2024-02-06T19:03:37.884+0100] {logging_mixin.py:188} INFO - [2024-02-06T19:03:37.883+0100] {dagbag.py:538} INFO - Filling up the DagBag from /home/ubuntu/airflow/dags/FilmDag.py
[2024-02-06T19:03:37.890+0100] {processor.py:840} INFO - DAG(s) 'MyDag' retrieved from /home/ubuntu/airflow/dags/FilmDag.py
[2024-02-06T19:03:37.994+0100] {logging_mixin.py:188} INFO - [2024-02-06T19:03:37.993+0100] {dag.py:3033} INFO - Sync 1 DAGs
[2024-02-06T19:03:38.016+0100] {logging_mixin.py:188} INFO - [2024-02-06T19:03:38.016+0100] {dag.py:3820} INFO - Setting next_dagrun for MyDag to 2024-01-08T00:00:00+00:00, run_after=2024-01-09T00:00:00+00:00
[2024-02-06T19:03:38.065+0100] {processor.py:183} INFO - Processing /home/ubuntu/airflow/dags/FilmDag.py took 0.188 seconds
[2024-02-06T19:07:56.951+0100] {processor.py:161} INFO - Started process (PID=7166) to work on /home/ubuntu/airflow/dags/FilmDag.py
[2024-02-06T19:07:56.954+0100] {processor.py:830} INFO - Processing file /home/ubuntu/airflow/dags/FilmDag.py for tasks to queue
[2024-02-06T19:07:56.956+0100] {logging_mixin.py:188} INFO - [2024-02-06T19:07:56.955+0100] {dagbag.py:538} INFO - Filling up the DagBag from /home/ubuntu/airflow/dags/FilmDag.py
[2024-02-06T19:07:56.965+0100] {processor.py:840} INFO - DAG(s) 'MyDag' retrieved from /home/ubuntu/airflow/dags/FilmDag.py
[2024-02-06T19:07:56.989+0100] {logging_mixin.py:188} INFO - [2024-02-06T19:07:56.989+0100] {dag.py:3033} INFO - Sync 1 DAGs
[2024-02-06T19:07:57.010+0100] {logging_mixin.py:188} INFO - [2024-02-06T19:07:57.010+0100] {dag.py:3820} INFO - Setting next_dagrun for MyDag to 2024-01-09T00:00:00+00:00, run_after=2024-01-10T00:00:00+00:00
[2024-02-06T19:07:57.041+0100] {processor.py:183} INFO - Processing /home/ubuntu/airflow/dags/FilmDag.py took 0.095 seconds
[2024-02-06T19:12:49.970+0100] {processor.py:161} INFO - Started process (PID=7589) to work on /home/ubuntu/airflow/dags/FilmDag.py
[2024-02-06T19:12:49.993+0100] {processor.py:830} INFO - Processing file /home/ubuntu/airflow/dags/FilmDag.py for tasks to queue
[2024-02-06T19:12:49.994+0100] {logging_mixin.py:188} INFO - [2024-02-06T19:12:49.994+0100] {dagbag.py:538} INFO - Filling up the DagBag from /home/ubuntu/airflow/dags/FilmDag.py
[2024-02-06T19:12:50.051+0100] {processor.py:840} INFO - DAG(s) 'MyDag' retrieved from /home/ubuntu/airflow/dags/FilmDag.py
[2024-02-06T19:12:50.096+0100] {logging_mixin.py:188} INFO - [2024-02-06T19:12:50.095+0100] {dag.py:3033} INFO - Sync 1 DAGs
[2024-02-06T19:12:50.118+0100] {logging_mixin.py:188} INFO - [2024-02-06T19:12:50.118+0100] {dag.py:3820} INFO - Setting next_dagrun for MyDag to 2024-01-10T00:00:00+00:00, run_after=2024-01-11T00:00:00+00:00
[2024-02-06T19:12:50.147+0100] {processor.py:183} INFO - Processing /home/ubuntu/airflow/dags/FilmDag.py took 0.184 seconds
[2024-02-06T19:16:16.143+0100] {processor.py:161} INFO - Started process (PID=7917) to work on /home/ubuntu/airflow/dags/FilmDag.py
[2024-02-06T19:16:16.146+0100] {processor.py:830} INFO - Processing file /home/ubuntu/airflow/dags/FilmDag.py for tasks to queue
[2024-02-06T19:16:16.147+0100] {logging_mixin.py:188} INFO - [2024-02-06T19:16:16.147+0100] {dagbag.py:538} INFO - Filling up the DagBag from /home/ubuntu/airflow/dags/FilmDag.py
[2024-02-06T19:16:16.157+0100] {processor.py:840} INFO - DAG(s) 'MyDag' retrieved from /home/ubuntu/airflow/dags/FilmDag.py
[2024-02-06T19:16:16.182+0100] {logging_mixin.py:188} INFO - [2024-02-06T19:16:16.182+0100] {dag.py:3033} INFO - Sync 1 DAGs
[2024-02-06T19:16:16.200+0100] {logging_mixin.py:188} INFO - [2024-02-06T19:16:16.200+0100] {dag.py:3820} INFO - Setting next_dagrun for MyDag to 2024-01-11T00:00:00+00:00, run_after=2024-01-12T00:00:00+00:00
[2024-02-06T19:16:16.231+0100] {processor.py:183} INFO - Processing /home/ubuntu/airflow/dags/FilmDag.py took 0.091 seconds
[2024-02-06T19:22:15.094+0100] {processor.py:161} INFO - Started process (PID=8461) to work on /home/ubuntu/airflow/dags/FilmDag.py
[2024-02-06T19:22:15.096+0100] {processor.py:830} INFO - Processing file /home/ubuntu/airflow/dags/FilmDag.py for tasks to queue
[2024-02-06T19:22:15.097+0100] {logging_mixin.py:188} INFO - [2024-02-06T19:22:15.097+0100] {dagbag.py:538} INFO - Filling up the DagBag from /home/ubuntu/airflow/dags/FilmDag.py
[2024-02-06T19:22:15.104+0100] {processor.py:840} INFO - DAG(s) 'MyDag' retrieved from /home/ubuntu/airflow/dags/FilmDag.py
[2024-02-06T19:22:15.151+0100] {logging_mixin.py:188} INFO - [2024-02-06T19:22:15.151+0100] {dag.py:3033} INFO - Sync 1 DAGs
[2024-02-06T19:22:15.180+0100] {logging_mixin.py:188} INFO - [2024-02-06T19:22:15.179+0100] {dag.py:3820} INFO - Setting next_dagrun for MyDag to 2024-01-12T00:00:00+00:00, run_after=2024-01-13T00:00:00+00:00
[2024-02-06T19:22:15.216+0100] {processor.py:183} INFO - Processing /home/ubuntu/airflow/dags/FilmDag.py took 0.126 seconds
[2024-02-06T19:26:29.390+0100] {processor.py:161} INFO - Started process (PID=8790) to work on /home/ubuntu/airflow/dags/FilmDag.py
[2024-02-06T19:26:29.393+0100] {processor.py:830} INFO - Processing file /home/ubuntu/airflow/dags/FilmDag.py for tasks to queue
[2024-02-06T19:26:29.394+0100] {logging_mixin.py:188} INFO - [2024-02-06T19:26:29.393+0100] {dagbag.py:538} INFO - Filling up the DagBag from /home/ubuntu/airflow/dags/FilmDag.py
[2024-02-06T19:26:29.401+0100] {processor.py:840} INFO - DAG(s) 'MyDag' retrieved from /home/ubuntu/airflow/dags/FilmDag.py
[2024-02-06T19:26:29.434+0100] {logging_mixin.py:188} INFO - [2024-02-06T19:26:29.434+0100] {dag.py:3033} INFO - Sync 1 DAGs
[2024-02-06T19:26:29.460+0100] {logging_mixin.py:188} INFO - [2024-02-06T19:26:29.460+0100] {dag.py:3820} INFO - Setting next_dagrun for MyDag to 2024-01-13T00:00:00+00:00, run_after=2024-01-14T00:00:00+00:00
[2024-02-06T19:26:29.492+0100] {processor.py:183} INFO - Processing /home/ubuntu/airflow/dags/FilmDag.py took 0.105 seconds
[2024-02-06T19:27:57.181+0100] {processor.py:161} INFO - Started process (PID=8896) to work on /home/ubuntu/airflow/dags/FilmDag.py
[2024-02-06T19:27:57.183+0100] {processor.py:830} INFO - Processing file /home/ubuntu/airflow/dags/FilmDag.py for tasks to queue
[2024-02-06T19:27:57.185+0100] {logging_mixin.py:188} INFO - [2024-02-06T19:27:57.185+0100] {dagbag.py:538} INFO - Filling up the DagBag from /home/ubuntu/airflow/dags/FilmDag.py
[2024-02-06T19:27:57.192+0100] {processor.py:840} INFO - DAG(s) 'MyDag' retrieved from /home/ubuntu/airflow/dags/FilmDag.py
[2024-02-06T19:27:57.216+0100] {logging_mixin.py:188} INFO - [2024-02-06T19:27:57.216+0100] {dag.py:3033} INFO - Sync 1 DAGs
[2024-02-06T19:27:57.235+0100] {logging_mixin.py:188} INFO - [2024-02-06T19:27:57.235+0100] {dag.py:3820} INFO - Setting next_dagrun for MyDag to 2024-01-14T00:00:00+00:00, run_after=2024-01-15T00:00:00+00:00
[2024-02-06T19:27:57.264+0100] {processor.py:183} INFO - Processing /home/ubuntu/airflow/dags/FilmDag.py took 0.087 seconds
[2024-02-06T19:31:07.362+0100] {processor.py:161} INFO - Started process (PID=9082) to work on /home/ubuntu/airflow/dags/FilmDag.py
[2024-02-06T19:31:07.366+0100] {processor.py:830} INFO - Processing file /home/ubuntu/airflow/dags/FilmDag.py for tasks to queue
[2024-02-06T19:31:07.368+0100] {logging_mixin.py:188} INFO - [2024-02-06T19:31:07.367+0100] {dagbag.py:538} INFO - Filling up the DagBag from /home/ubuntu/airflow/dags/FilmDag.py
[2024-02-06T19:31:07.384+0100] {processor.py:840} INFO - DAG(s) 'MyDag' retrieved from /home/ubuntu/airflow/dags/FilmDag.py
[2024-02-06T19:31:07.454+0100] {logging_mixin.py:188} INFO - [2024-02-06T19:31:07.454+0100] {dag.py:3033} INFO - Sync 1 DAGs
[2024-02-06T19:31:07.502+0100] {logging_mixin.py:188} INFO - [2024-02-06T19:31:07.501+0100] {dag.py:3820} INFO - Setting next_dagrun for MyDag to 2024-01-15T00:00:00+00:00, run_after=2024-01-16T00:00:00+00:00
[2024-02-06T19:31:07.658+0100] {processor.py:183} INFO - Processing /home/ubuntu/airflow/dags/FilmDag.py took 0.303 seconds
[2024-02-06T19:32:38.947+0100] {processor.py:161} INFO - Started process (PID=9238) to work on /home/ubuntu/airflow/dags/FilmDag.py
[2024-02-06T19:32:38.950+0100] {processor.py:830} INFO - Processing file /home/ubuntu/airflow/dags/FilmDag.py for tasks to queue
[2024-02-06T19:32:38.951+0100] {logging_mixin.py:188} INFO - [2024-02-06T19:32:38.950+0100] {dagbag.py:538} INFO - Filling up the DagBag from /home/ubuntu/airflow/dags/FilmDag.py
[2024-02-06T19:32:38.959+0100] {processor.py:840} INFO - DAG(s) 'MyDag' retrieved from /home/ubuntu/airflow/dags/FilmDag.py
[2024-02-06T19:32:38.985+0100] {logging_mixin.py:188} INFO - [2024-02-06T19:32:38.985+0100] {dag.py:3033} INFO - Sync 1 DAGs
[2024-02-06T19:32:39.005+0100] {logging_mixin.py:188} INFO - [2024-02-06T19:32:39.005+0100] {dag.py:3820} INFO - Setting next_dagrun for MyDag to 2024-01-16T00:00:00+00:00, run_after=2024-01-17T00:00:00+00:00
[2024-02-06T19:32:39.037+0100] {processor.py:183} INFO - Processing /home/ubuntu/airflow/dags/FilmDag.py took 0.094 seconds
[2024-02-06T19:35:51.670+0100] {processor.py:161} INFO - Started process (PID=9499) to work on /home/ubuntu/airflow/dags/FilmDag.py
[2024-02-06T19:35:51.673+0100] {processor.py:830} INFO - Processing file /home/ubuntu/airflow/dags/FilmDag.py for tasks to queue
[2024-02-06T19:35:51.674+0100] {logging_mixin.py:188} INFO - [2024-02-06T19:35:51.673+0100] {dagbag.py:538} INFO - Filling up the DagBag from /home/ubuntu/airflow/dags/FilmDag.py
[2024-02-06T19:35:51.681+0100] {processor.py:840} INFO - DAG(s) 'MyDag' retrieved from /home/ubuntu/airflow/dags/FilmDag.py
[2024-02-06T19:35:51.708+0100] {logging_mixin.py:188} INFO - [2024-02-06T19:35:51.707+0100] {dag.py:3033} INFO - Sync 1 DAGs
[2024-02-06T19:35:51.730+0100] {logging_mixin.py:188} INFO - [2024-02-06T19:35:51.730+0100] {dag.py:3820} INFO - Setting next_dagrun for MyDag to 2024-01-17T00:00:00+00:00, run_after=2024-01-18T00:00:00+00:00
[2024-02-06T19:35:51.762+0100] {processor.py:183} INFO - Processing /home/ubuntu/airflow/dags/FilmDag.py took 0.097 seconds
