[2024-02-02T16:40:52.381+0100] {taskinstance.py:1957} INFO - Dependencies all met for dep_context=non-requeueable deps ti=<TaskInstance: MyDag.spark_job manual__2024-01-30T15:11:45.749518+00:00 [queued]>
[2024-02-02T16:40:52.391+0100] {taskinstance.py:1957} INFO - Dependencies all met for dep_context=requeueable deps ti=<TaskInstance: MyDag.spark_job manual__2024-01-30T15:11:45.749518+00:00 [queued]>
[2024-02-02T16:40:52.391+0100] {taskinstance.py:2171} INFO - Starting attempt 2 of 2
[2024-02-02T16:40:52.417+0100] {taskinstance.py:2192} INFO - Executing <Task(SparkSubmitOperator): spark_job> on 2024-01-30 15:11:45.749518+00:00
[2024-02-02T16:40:52.426+0100] {standard_task_runner.py:60} INFO - Started process 12252 to run task
[2024-02-02T16:40:52.432+0100] {standard_task_runner.py:87} INFO - Running: ['airflow', 'tasks', 'run', 'MyDag', 'spark_job', 'manual__2024-01-30T15:11:45.749518+00:00', '--job-id', '47', '--raw', '--subdir', 'DAGS_FOLDER/FilmDag.py', '--cfg-path', '/tmp/tmpcfbqrbxb']
[2024-02-02T16:40:52.436+0100] {standard_task_runner.py:88} INFO - Job 47: Subtask spark_job
[2024-02-02T16:40:52.495+0100] {task_command.py:423} INFO - Running <TaskInstance: MyDag.spark_job manual__2024-01-30T15:11:45.749518+00:00 [running]> on host ubuntu.ubuntu.virtualbox.org
[2024-02-02T16:40:52.615+0100] {taskinstance.py:2481} INFO - Exporting env vars: AIRFLOW_CTX_DAG_OWNER='airflow' AIRFLOW_CTX_DAG_ID='MyDag' AIRFLOW_CTX_TASK_ID='spark_job' AIRFLOW_CTX_EXECUTION_DATE='2024-01-30T15:11:45.749518+00:00' AIRFLOW_CTX_TRY_NUMBER='2' AIRFLOW_CTX_DAG_RUN_ID='manual__2024-01-30T15:11:45.749518+00:00'
[2024-02-02T16:40:52.628+0100] {base.py:83} INFO - Using connection ID 'spark_default' for task execution.
[2024-02-02T16:40:52.630+0100] {spark_submit.py:401} INFO - Spark-Submit cmd: spark-submit --master local[*] --num-executors 2 --total-executor-cores 2 --executor-cores 1 --executor-memory 2g --name arrow-spark --class main.scala.chapter2.MovieAnalysis --verbose --queue root.default /home/ubuntu/Downloads/mnmcount/scala/target/scala-2.12/main-scala-mnmc_2.12-1.0.jar
[2024-02-02T16:40:58.173+0100] {spark_submit.py:571} INFO - Using properties file: null
[2024-02-02T16:40:58.610+0100] {spark_submit.py:571} INFO - 24/02/02 16:40:58 WARN Utils: Your hostname, ubuntu resolves to a loopback address: 127.0.1.1; using 10.0.2.15 instead (on interface enp0s3)
[2024-02-02T16:40:58.620+0100] {spark_submit.py:571} INFO - 24/02/02 16:40:58 WARN Utils: Set SPARK_LOCAL_IP if you need to bind to another address
[2024-02-02T16:40:58.817+0100] {spark_submit.py:571} INFO - Parsed arguments:
[2024-02-02T16:40:58.819+0100] {spark_submit.py:571} INFO - master                  local[*]
[2024-02-02T16:40:58.819+0100] {spark_submit.py:571} INFO - deployMode              null
[2024-02-02T16:40:58.820+0100] {spark_submit.py:571} INFO - executorMemory          2g
[2024-02-02T16:40:58.821+0100] {spark_submit.py:571} INFO - executorCores           1
[2024-02-02T16:40:58.824+0100] {spark_submit.py:571} INFO - totalExecutorCores      2
[2024-02-02T16:40:58.824+0100] {spark_submit.py:571} INFO - propertiesFile          null
[2024-02-02T16:40:58.825+0100] {spark_submit.py:571} INFO - driverMemory            null
[2024-02-02T16:40:58.825+0100] {spark_submit.py:571} INFO - driverCores             null
[2024-02-02T16:40:58.825+0100] {spark_submit.py:571} INFO - driverExtraClassPath    null
[2024-02-02T16:40:58.826+0100] {spark_submit.py:571} INFO - driverExtraLibraryPath  null
[2024-02-02T16:40:58.839+0100] {spark_submit.py:571} INFO - driverExtraJavaOptions  null
[2024-02-02T16:40:58.840+0100] {spark_submit.py:571} INFO - supervise               false
[2024-02-02T16:40:58.840+0100] {spark_submit.py:571} INFO - queue                   root.default
[2024-02-02T16:40:58.840+0100] {spark_submit.py:571} INFO - numExecutors            2
[2024-02-02T16:40:58.840+0100] {spark_submit.py:571} INFO - files                   null
[2024-02-02T16:40:58.841+0100] {spark_submit.py:571} INFO - pyFiles                 null
[2024-02-02T16:40:58.841+0100] {spark_submit.py:571} INFO - archives                null
[2024-02-02T16:40:58.841+0100] {spark_submit.py:571} INFO - mainClass               main.scala.chapter2.MovieAnalysis
[2024-02-02T16:40:58.841+0100] {spark_submit.py:571} INFO - primaryResource         file:/home/ubuntu/Downloads/mnmcount/scala/target/scala-2.12/main-scala-mnmc_2.12-1.0.jar
[2024-02-02T16:40:58.842+0100] {spark_submit.py:571} INFO - name                    arrow-spark
[2024-02-02T16:40:58.842+0100] {spark_submit.py:571} INFO - childArgs               []
[2024-02-02T16:40:58.842+0100] {spark_submit.py:571} INFO - jars                    null
[2024-02-02T16:40:58.842+0100] {spark_submit.py:571} INFO - packages                null
[2024-02-02T16:40:58.842+0100] {spark_submit.py:571} INFO - packagesExclusions      null
[2024-02-02T16:40:58.843+0100] {spark_submit.py:571} INFO - repositories            null
[2024-02-02T16:40:58.843+0100] {spark_submit.py:571} INFO - verbose                 true
[2024-02-02T16:40:58.843+0100] {spark_submit.py:571} INFO - 
[2024-02-02T16:40:58.843+0100] {spark_submit.py:571} INFO - Spark properties used, including those specified through
[2024-02-02T16:40:58.843+0100] {spark_submit.py:571} INFO - --conf and those from the properties file null:
[2024-02-02T16:40:58.844+0100] {spark_submit.py:571} INFO - 
[2024-02-02T16:40:58.844+0100] {spark_submit.py:571} INFO - 
[2024-02-02T16:40:58.844+0100] {spark_submit.py:571} INFO - 
[2024-02-02T16:40:59.981+0100] {spark_submit.py:571} INFO - Main class:
[2024-02-02T16:40:59.982+0100] {spark_submit.py:571} INFO - main.scala.chapter2.MovieAnalysis
[2024-02-02T16:40:59.985+0100] {spark_submit.py:571} INFO - Arguments:
[2024-02-02T16:40:59.986+0100] {spark_submit.py:571} INFO - 
[2024-02-02T16:41:00.015+0100] {spark_submit.py:571} INFO - Spark config:
[2024-02-02T16:41:00.016+0100] {spark_submit.py:571} INFO - (spark.app.name,arrow-spark)
[2024-02-02T16:41:00.016+0100] {spark_submit.py:571} INFO - (spark.app.submitTime,1706888459920)
[2024-02-02T16:41:00.017+0100] {spark_submit.py:571} INFO - (spark.jars,file:/home/ubuntu/Downloads/mnmcount/scala/target/scala-2.12/main-scala-mnmc_2.12-1.0.jar)
[2024-02-02T16:41:00.018+0100] {spark_submit.py:571} INFO - (spark.master,local[*])
[2024-02-02T16:41:00.019+0100] {spark_submit.py:571} INFO - (spark.submit.deployMode,client)
[2024-02-02T16:41:00.020+0100] {spark_submit.py:571} INFO - (spark.submit.pyFiles,)
[2024-02-02T16:41:00.020+0100] {spark_submit.py:571} INFO - Classpath elements:
[2024-02-02T16:41:00.021+0100] {spark_submit.py:571} INFO - file:/home/ubuntu/Downloads/mnmcount/scala/target/scala-2.12/main-scala-mnmc_2.12-1.0.jar
[2024-02-02T16:41:00.021+0100] {spark_submit.py:571} INFO - 
[2024-02-02T16:41:00.022+0100] {spark_submit.py:571} INFO - 
[2024-02-02T16:41:00.030+0100] {spark_submit.py:571} INFO - Error: Failed to load class main.scala.chapter2.MovieAnalysis.
[2024-02-02T16:41:00.102+0100] {spark_submit.py:571} INFO - 24/02/02 16:41:00 INFO ShutdownHookManager: Shutdown hook called
[2024-02-02T16:41:00.107+0100] {spark_submit.py:571} INFO - 24/02/02 16:41:00 INFO ShutdownHookManager: Deleting directory /tmp/spark-00af2635-68da-4a53-88a5-30ae36741c44
[2024-02-02T16:41:00.269+0100] {taskinstance.py:2699} ERROR - Task failed with exception
Traceback (most recent call last):
  File "/home/ubuntu/.local/lib/python3.10/site-packages/airflow/models/taskinstance.py", line 433, in _execute_task
    result = execute_callable(context=context, **execute_callable_kwargs)
  File "/home/ubuntu/.local/lib/python3.10/site-packages/airflow/providers/apache/spark/operators/spark_submit.py", line 174, in execute
    self._hook.submit(self._application)
  File "/home/ubuntu/.local/lib/python3.10/site-packages/airflow/providers/apache/spark/hooks/spark_submit.py", line 502, in submit
    raise AirflowException(
airflow.exceptions.AirflowException: Cannot execute: spark-submit --master local[*] --num-executors 2 --total-executor-cores 2 --executor-cores 1 --executor-memory 2g --name arrow-spark --class main.scala.chapter2.MovieAnalysis --verbose --queue root.default /home/ubuntu/Downloads/mnmcount/scala/target/scala-2.12/main-scala-mnmc_2.12-1.0.jar. Error code is: 101.
[2024-02-02T16:41:00.280+0100] {taskinstance.py:1138} INFO - Marking task as FAILED. dag_id=MyDag, task_id=spark_job, execution_date=20240130T151145, start_date=20240202T154052, end_date=20240202T154100
[2024-02-02T16:41:00.335+0100] {standard_task_runner.py:107} ERROR - Failed to execute job 47 for task spark_job (Cannot execute: spark-submit --master local[*] --num-executors 2 --total-executor-cores 2 --executor-cores 1 --executor-memory 2g --name arrow-spark --class main.scala.chapter2.MovieAnalysis --verbose --queue root.default /home/ubuntu/Downloads/mnmcount/scala/target/scala-2.12/main-scala-mnmc_2.12-1.0.jar. Error code is: 101.; 12252)
[2024-02-02T16:41:00.356+0100] {local_task_job_runner.py:234} INFO - Task exited with return code 1
[2024-02-02T16:41:00.379+0100] {taskinstance.py:3281} INFO - 0 downstream tasks scheduled from follow-on schedule check
