[2024-02-02T16:38:37.720+0100] {taskinstance.py:1957} INFO - Dependencies all met for dep_context=non-requeueable deps ti=<TaskInstance: MyDag.spark_job scheduled__2024-01-03T00:00:00+00:00 [queued]>
[2024-02-02T16:38:37.728+0100] {taskinstance.py:1957} INFO - Dependencies all met for dep_context=requeueable deps ti=<TaskInstance: MyDag.spark_job scheduled__2024-01-03T00:00:00+00:00 [queued]>
[2024-02-02T16:38:37.728+0100] {taskinstance.py:2171} INFO - Starting attempt 2 of 2
[2024-02-02T16:38:37.763+0100] {taskinstance.py:2192} INFO - Executing <Task(SparkSubmitOperator): spark_job> on 2024-01-03 00:00:00+00:00
[2024-02-02T16:38:37.773+0100] {standard_task_runner.py:60} INFO - Started process 12127 to run task
[2024-02-02T16:38:37.780+0100] {standard_task_runner.py:87} INFO - Running: ['airflow', 'tasks', 'run', 'MyDag', 'spark_job', 'scheduled__2024-01-03T00:00:00+00:00', '--job-id', '44', '--raw', '--subdir', 'DAGS_FOLDER/FilmDag.py', '--cfg-path', '/tmp/tmp71u6zuy_']
[2024-02-02T16:38:37.784+0100] {standard_task_runner.py:88} INFO - Job 44: Subtask spark_job
[2024-02-02T16:38:37.854+0100] {task_command.py:423} INFO - Running <TaskInstance: MyDag.spark_job scheduled__2024-01-03T00:00:00+00:00 [running]> on host ubuntu.ubuntu.virtualbox.org
[2024-02-02T16:38:37.959+0100] {taskinstance.py:2481} INFO - Exporting env vars: AIRFLOW_CTX_DAG_OWNER='airflow' AIRFLOW_CTX_DAG_ID='MyDag' AIRFLOW_CTX_TASK_ID='spark_job' AIRFLOW_CTX_EXECUTION_DATE='2024-01-03T00:00:00+00:00' AIRFLOW_CTX_TRY_NUMBER='2' AIRFLOW_CTX_DAG_RUN_ID='scheduled__2024-01-03T00:00:00+00:00'
[2024-02-02T16:38:37.969+0100] {base.py:83} INFO - Using connection ID 'spark_default' for task execution.
[2024-02-02T16:38:37.971+0100] {spark_submit.py:401} INFO - Spark-Submit cmd: spark-submit --master local[*] --num-executors 2 --total-executor-cores 2 --executor-cores 1 --executor-memory 2g --name arrow-spark --class main.scala.chapter2.MovieAnalysis --verbose --queue root.default /home/ubuntu/Downloads/mnmcount/scala/target/scala-2.12/main-scala-mnmc_2.12-1.0.jar
[2024-02-02T16:38:41.798+0100] {spark_submit.py:571} INFO - Using properties file: null
[2024-02-02T16:38:42.127+0100] {spark_submit.py:571} INFO - 24/02/02 16:38:42 WARN Utils: Your hostname, ubuntu resolves to a loopback address: 127.0.1.1; using 10.0.2.15 instead (on interface enp0s3)
[2024-02-02T16:38:42.137+0100] {spark_submit.py:571} INFO - 24/02/02 16:38:42 WARN Utils: Set SPARK_LOCAL_IP if you need to bind to another address
[2024-02-02T16:38:42.299+0100] {spark_submit.py:571} INFO - Parsed arguments:
[2024-02-02T16:38:42.299+0100] {spark_submit.py:571} INFO - master                  local[*]
[2024-02-02T16:38:42.299+0100] {spark_submit.py:571} INFO - deployMode              null
[2024-02-02T16:38:42.300+0100] {spark_submit.py:571} INFO - executorMemory          2g
[2024-02-02T16:38:42.300+0100] {spark_submit.py:571} INFO - executorCores           1
[2024-02-02T16:38:42.300+0100] {spark_submit.py:571} INFO - totalExecutorCores      2
[2024-02-02T16:38:42.300+0100] {spark_submit.py:571} INFO - propertiesFile          null
[2024-02-02T16:38:42.300+0100] {spark_submit.py:571} INFO - driverMemory            null
[2024-02-02T16:38:42.300+0100] {spark_submit.py:571} INFO - driverCores             null
[2024-02-02T16:38:42.300+0100] {spark_submit.py:571} INFO - driverExtraClassPath    null
[2024-02-02T16:38:42.300+0100] {spark_submit.py:571} INFO - driverExtraLibraryPath  null
[2024-02-02T16:38:42.300+0100] {spark_submit.py:571} INFO - driverExtraJavaOptions  null
[2024-02-02T16:38:42.300+0100] {spark_submit.py:571} INFO - supervise               false
[2024-02-02T16:38:42.301+0100] {spark_submit.py:571} INFO - queue                   root.default
[2024-02-02T16:38:42.301+0100] {spark_submit.py:571} INFO - numExecutors            2
[2024-02-02T16:38:42.301+0100] {spark_submit.py:571} INFO - files                   null
[2024-02-02T16:38:42.301+0100] {spark_submit.py:571} INFO - pyFiles                 null
[2024-02-02T16:38:42.301+0100] {spark_submit.py:571} INFO - archives                null
[2024-02-02T16:38:42.301+0100] {spark_submit.py:571} INFO - mainClass               main.scala.chapter2.MovieAnalysis
[2024-02-02T16:38:42.301+0100] {spark_submit.py:571} INFO - primaryResource         file:/home/ubuntu/Downloads/mnmcount/scala/target/scala-2.12/main-scala-mnmc_2.12-1.0.jar
[2024-02-02T16:38:42.301+0100] {spark_submit.py:571} INFO - name                    arrow-spark
[2024-02-02T16:38:42.301+0100] {spark_submit.py:571} INFO - childArgs               []
[2024-02-02T16:38:42.302+0100] {spark_submit.py:571} INFO - jars                    null
[2024-02-02T16:38:42.302+0100] {spark_submit.py:571} INFO - packages                null
[2024-02-02T16:38:42.302+0100] {spark_submit.py:571} INFO - packagesExclusions      null
[2024-02-02T16:38:42.302+0100] {spark_submit.py:571} INFO - repositories            null
[2024-02-02T16:38:42.302+0100] {spark_submit.py:571} INFO - verbose                 true
[2024-02-02T16:38:42.302+0100] {spark_submit.py:571} INFO - 
[2024-02-02T16:38:42.302+0100] {spark_submit.py:571} INFO - Spark properties used, including those specified through
[2024-02-02T16:38:42.302+0100] {spark_submit.py:571} INFO - --conf and those from the properties file null:
[2024-02-02T16:38:42.302+0100] {spark_submit.py:571} INFO - 
[2024-02-02T16:38:42.303+0100] {spark_submit.py:571} INFO - 
[2024-02-02T16:38:42.303+0100] {spark_submit.py:571} INFO - 
[2024-02-02T16:38:43.245+0100] {spark_submit.py:571} INFO - Main class:
[2024-02-02T16:38:43.246+0100] {spark_submit.py:571} INFO - main.scala.chapter2.MovieAnalysis
[2024-02-02T16:38:43.248+0100] {spark_submit.py:571} INFO - Arguments:
[2024-02-02T16:38:43.248+0100] {spark_submit.py:571} INFO - 
[2024-02-02T16:38:43.258+0100] {spark_submit.py:571} INFO - Spark config:
[2024-02-02T16:38:43.259+0100] {spark_submit.py:571} INFO - (spark.app.name,arrow-spark)
[2024-02-02T16:38:43.259+0100] {spark_submit.py:571} INFO - (spark.app.submitTime,1706888323181)
[2024-02-02T16:38:43.260+0100] {spark_submit.py:571} INFO - (spark.jars,file:/home/ubuntu/Downloads/mnmcount/scala/target/scala-2.12/main-scala-mnmc_2.12-1.0.jar)
[2024-02-02T16:38:43.260+0100] {spark_submit.py:571} INFO - (spark.master,local[*])
[2024-02-02T16:38:43.262+0100] {spark_submit.py:571} INFO - (spark.submit.deployMode,client)
[2024-02-02T16:38:43.263+0100] {spark_submit.py:571} INFO - (spark.submit.pyFiles,)
[2024-02-02T16:38:43.264+0100] {spark_submit.py:571} INFO - Classpath elements:
[2024-02-02T16:38:43.264+0100] {spark_submit.py:571} INFO - file:/home/ubuntu/Downloads/mnmcount/scala/target/scala-2.12/main-scala-mnmc_2.12-1.0.jar
[2024-02-02T16:38:43.264+0100] {spark_submit.py:571} INFO - 
[2024-02-02T16:38:43.265+0100] {spark_submit.py:571} INFO - 
[2024-02-02T16:38:43.269+0100] {spark_submit.py:571} INFO - Error: Failed to load class main.scala.chapter2.MovieAnalysis.
[2024-02-02T16:38:43.321+0100] {spark_submit.py:571} INFO - 24/02/02 16:38:43 INFO ShutdownHookManager: Shutdown hook called
[2024-02-02T16:38:43.329+0100] {spark_submit.py:571} INFO - 24/02/02 16:38:43 INFO ShutdownHookManager: Deleting directory /tmp/spark-28df1153-464f-44f7-a06b-c848361adf41
[2024-02-02T16:38:43.411+0100] {taskinstance.py:2699} ERROR - Task failed with exception
Traceback (most recent call last):
  File "/home/ubuntu/.local/lib/python3.10/site-packages/airflow/models/taskinstance.py", line 433, in _execute_task
    result = execute_callable(context=context, **execute_callable_kwargs)
  File "/home/ubuntu/.local/lib/python3.10/site-packages/airflow/providers/apache/spark/operators/spark_submit.py", line 174, in execute
    self._hook.submit(self._application)
  File "/home/ubuntu/.local/lib/python3.10/site-packages/airflow/providers/apache/spark/hooks/spark_submit.py", line 502, in submit
    raise AirflowException(
airflow.exceptions.AirflowException: Cannot execute: spark-submit --master local[*] --num-executors 2 --total-executor-cores 2 --executor-cores 1 --executor-memory 2g --name arrow-spark --class main.scala.chapter2.MovieAnalysis --verbose --queue root.default /home/ubuntu/Downloads/mnmcount/scala/target/scala-2.12/main-scala-mnmc_2.12-1.0.jar. Error code is: 101.
[2024-02-02T16:38:43.416+0100] {taskinstance.py:1138} INFO - Marking task as FAILED. dag_id=MyDag, task_id=spark_job, execution_date=20240103T000000, start_date=20240202T153837, end_date=20240202T153843
[2024-02-02T16:38:43.446+0100] {standard_task_runner.py:107} ERROR - Failed to execute job 44 for task spark_job (Cannot execute: spark-submit --master local[*] --num-executors 2 --total-executor-cores 2 --executor-cores 1 --executor-memory 2g --name arrow-spark --class main.scala.chapter2.MovieAnalysis --verbose --queue root.default /home/ubuntu/Downloads/mnmcount/scala/target/scala-2.12/main-scala-mnmc_2.12-1.0.jar. Error code is: 101.; 12127)
[2024-02-02T16:38:43.482+0100] {local_task_job_runner.py:234} INFO - Task exited with return code 1
[2024-02-02T16:38:43.494+0100] {taskinstance.py:3281} INFO - 0 downstream tasks scheduled from follow-on schedule check
